[2024-01-17T15:13:08.835+0000] {processor.py:161} INFO - Started process (PID=73) to work on /home/airflow/.local/lib/python3.8/site-packages/airflow/example_dags/example_xcomargs.py
[2024-01-17T15:13:08.836+0000] {processor.py:830} INFO - Processing file /home/airflow/.local/lib/python3.8/site-packages/airflow/example_dags/example_xcomargs.py for tasks to queue
[2024-01-17T15:13:08.840+0000] {logging_mixin.py:188} INFO - [2024-01-17T15:13:08.839+0000] {dagbag.py:538} INFO - Filling up the DagBag from /home/airflow/.local/lib/python3.8/site-packages/airflow/example_dags/example_xcomargs.py
[2024-01-17T15:13:08.958+0000] {processor.py:840} INFO - DAG(s) 'example_xcom_args', 'example_xcom_args_with_operators' retrieved from /home/airflow/.local/lib/python3.8/site-packages/airflow/example_dags/example_xcomargs.py
[2024-01-17T15:13:09.636+0000] {logging_mixin.py:188} INFO - [2024-01-17T15:13:09.636+0000] {dag.py:3033} INFO - Sync 2 DAGs
[2024-01-17T15:13:09.697+0000] {logging_mixin.py:188} INFO - [2024-01-17T15:13:09.696+0000] {dag.py:3820} INFO - Setting next_dagrun for example_xcom_args to None, run_after=None
[2024-01-17T15:13:09.724+0000] {logging_mixin.py:188} INFO - [2024-01-17T15:13:09.724+0000] {dag.py:3820} INFO - Setting next_dagrun for example_xcom_args_with_operators to None, run_after=None
[2024-01-17T15:13:09.858+0000] {processor.py:183} INFO - Processing /home/airflow/.local/lib/python3.8/site-packages/airflow/example_dags/example_xcomargs.py took 1.027 seconds
[2024-01-17T15:13:40.373+0000] {processor.py:161} INFO - Started process (PID=128) to work on /home/airflow/.local/lib/python3.8/site-packages/airflow/example_dags/example_xcomargs.py
[2024-01-17T15:13:40.378+0000] {processor.py:830} INFO - Processing file /home/airflow/.local/lib/python3.8/site-packages/airflow/example_dags/example_xcomargs.py for tasks to queue
[2024-01-17T15:13:40.382+0000] {logging_mixin.py:188} INFO - [2024-01-17T15:13:40.381+0000] {dagbag.py:538} INFO - Filling up the DagBag from /home/airflow/.local/lib/python3.8/site-packages/airflow/example_dags/example_xcomargs.py
[2024-01-17T15:13:40.452+0000] {processor.py:840} INFO - DAG(s) 'example_xcom_args', 'example_xcom_args_with_operators' retrieved from /home/airflow/.local/lib/python3.8/site-packages/airflow/example_dags/example_xcomargs.py
[2024-01-17T15:13:40.499+0000] {logging_mixin.py:188} INFO - [2024-01-17T15:13:40.498+0000] {dag.py:3033} INFO - Sync 2 DAGs
[2024-01-17T15:13:40.570+0000] {logging_mixin.py:188} INFO - [2024-01-17T15:13:40.570+0000] {dag.py:3820} INFO - Setting next_dagrun for example_xcom_args to None, run_after=None
[2024-01-17T15:13:40.575+0000] {logging_mixin.py:188} INFO - [2024-01-17T15:13:40.575+0000] {dag.py:3820} INFO - Setting next_dagrun for example_xcom_args_with_operators to None, run_after=None
[2024-01-17T15:13:40.701+0000] {processor.py:183} INFO - Processing /home/airflow/.local/lib/python3.8/site-packages/airflow/example_dags/example_xcomargs.py took 0.338 seconds
[2024-01-17T15:14:10.773+0000] {processor.py:161} INFO - Started process (PID=183) to work on /home/airflow/.local/lib/python3.8/site-packages/airflow/example_dags/example_xcomargs.py
[2024-01-17T15:14:10.775+0000] {processor.py:830} INFO - Processing file /home/airflow/.local/lib/python3.8/site-packages/airflow/example_dags/example_xcomargs.py for tasks to queue
[2024-01-17T15:14:10.780+0000] {logging_mixin.py:188} INFO - [2024-01-17T15:14:10.779+0000] {dagbag.py:538} INFO - Filling up the DagBag from /home/airflow/.local/lib/python3.8/site-packages/airflow/example_dags/example_xcomargs.py
[2024-01-17T15:14:10.797+0000] {processor.py:840} INFO - DAG(s) 'example_xcom_args', 'example_xcom_args_with_operators' retrieved from /home/airflow/.local/lib/python3.8/site-packages/airflow/example_dags/example_xcomargs.py
[2024-01-17T15:14:11.050+0000] {logging_mixin.py:188} INFO - [2024-01-17T15:14:11.050+0000] {dag.py:3033} INFO - Sync 2 DAGs
[2024-01-17T15:14:11.069+0000] {logging_mixin.py:188} INFO - [2024-01-17T15:14:11.069+0000] {dag.py:3820} INFO - Setting next_dagrun for example_xcom_args to None, run_after=None
[2024-01-17T15:14:11.073+0000] {logging_mixin.py:188} INFO - [2024-01-17T15:14:11.073+0000] {dag.py:3820} INFO - Setting next_dagrun for example_xcom_args_with_operators to None, run_after=None
[2024-01-17T15:14:11.096+0000] {processor.py:183} INFO - Processing /home/airflow/.local/lib/python3.8/site-packages/airflow/example_dags/example_xcomargs.py took 0.332 seconds
[2024-01-17T15:14:41.974+0000] {processor.py:161} INFO - Started process (PID=237) to work on /home/airflow/.local/lib/python3.8/site-packages/airflow/example_dags/example_xcomargs.py
[2024-01-17T15:14:41.975+0000] {processor.py:830} INFO - Processing file /home/airflow/.local/lib/python3.8/site-packages/airflow/example_dags/example_xcomargs.py for tasks to queue
[2024-01-17T15:14:41.979+0000] {logging_mixin.py:188} INFO - [2024-01-17T15:14:41.979+0000] {dagbag.py:538} INFO - Filling up the DagBag from /home/airflow/.local/lib/python3.8/site-packages/airflow/example_dags/example_xcomargs.py
[2024-01-17T15:14:41.998+0000] {processor.py:840} INFO - DAG(s) 'example_xcom_args_with_operators', 'example_xcom_args' retrieved from /home/airflow/.local/lib/python3.8/site-packages/airflow/example_dags/example_xcomargs.py
[2024-01-17T15:14:42.063+0000] {logging_mixin.py:188} INFO - [2024-01-17T15:14:42.063+0000] {dag.py:3033} INFO - Sync 2 DAGs
[2024-01-17T15:14:42.088+0000] {logging_mixin.py:188} INFO - [2024-01-17T15:14:42.087+0000] {dag.py:3820} INFO - Setting next_dagrun for example_xcom_args to None, run_after=None
[2024-01-17T15:14:42.094+0000] {logging_mixin.py:188} INFO - [2024-01-17T15:14:42.093+0000] {dag.py:3820} INFO - Setting next_dagrun for example_xcom_args_with_operators to None, run_after=None
[2024-01-17T15:14:42.130+0000] {processor.py:183} INFO - Processing /home/airflow/.local/lib/python3.8/site-packages/airflow/example_dags/example_xcomargs.py took 0.162 seconds
[2024-01-17T15:15:12.641+0000] {processor.py:161} INFO - Started process (PID=292) to work on /home/airflow/.local/lib/python3.8/site-packages/airflow/example_dags/example_xcomargs.py
[2024-01-17T15:15:12.644+0000] {processor.py:830} INFO - Processing file /home/airflow/.local/lib/python3.8/site-packages/airflow/example_dags/example_xcomargs.py for tasks to queue
[2024-01-17T15:15:12.649+0000] {logging_mixin.py:188} INFO - [2024-01-17T15:15:12.648+0000] {dagbag.py:538} INFO - Filling up the DagBag from /home/airflow/.local/lib/python3.8/site-packages/airflow/example_dags/example_xcomargs.py
[2024-01-17T15:15:12.671+0000] {processor.py:840} INFO - DAG(s) 'example_xcom_args_with_operators', 'example_xcom_args' retrieved from /home/airflow/.local/lib/python3.8/site-packages/airflow/example_dags/example_xcomargs.py
[2024-01-17T15:15:12.718+0000] {logging_mixin.py:188} INFO - [2024-01-17T15:15:12.717+0000] {dag.py:3033} INFO - Sync 2 DAGs
[2024-01-17T15:15:12.745+0000] {logging_mixin.py:188} INFO - [2024-01-17T15:15:12.744+0000] {dag.py:3820} INFO - Setting next_dagrun for example_xcom_args to None, run_after=None
[2024-01-17T15:15:12.752+0000] {logging_mixin.py:188} INFO - [2024-01-17T15:15:12.752+0000] {dag.py:3820} INFO - Setting next_dagrun for example_xcom_args_with_operators to None, run_after=None
[2024-01-17T15:15:12.835+0000] {processor.py:183} INFO - Processing /home/airflow/.local/lib/python3.8/site-packages/airflow/example_dags/example_xcomargs.py took 0.201 seconds
[2024-01-17T15:15:43.593+0000] {processor.py:161} INFO - Started process (PID=346) to work on /home/airflow/.local/lib/python3.8/site-packages/airflow/example_dags/example_xcomargs.py
[2024-01-17T15:15:43.595+0000] {processor.py:830} INFO - Processing file /home/airflow/.local/lib/python3.8/site-packages/airflow/example_dags/example_xcomargs.py for tasks to queue
[2024-01-17T15:15:43.599+0000] {logging_mixin.py:188} INFO - [2024-01-17T15:15:43.598+0000] {dagbag.py:538} INFO - Filling up the DagBag from /home/airflow/.local/lib/python3.8/site-packages/airflow/example_dags/example_xcomargs.py
[2024-01-17T15:15:43.614+0000] {processor.py:840} INFO - DAG(s) 'example_xcom_args', 'example_xcom_args_with_operators' retrieved from /home/airflow/.local/lib/python3.8/site-packages/airflow/example_dags/example_xcomargs.py
[2024-01-17T15:15:43.657+0000] {logging_mixin.py:188} INFO - [2024-01-17T15:15:43.657+0000] {dag.py:3033} INFO - Sync 2 DAGs
[2024-01-17T15:15:43.677+0000] {logging_mixin.py:188} INFO - [2024-01-17T15:15:43.677+0000] {dag.py:3820} INFO - Setting next_dagrun for example_xcom_args to None, run_after=None
[2024-01-17T15:15:43.683+0000] {logging_mixin.py:188} INFO - [2024-01-17T15:15:43.682+0000] {dag.py:3820} INFO - Setting next_dagrun for example_xcom_args_with_operators to None, run_after=None
[2024-01-17T15:15:43.717+0000] {processor.py:183} INFO - Processing /home/airflow/.local/lib/python3.8/site-packages/airflow/example_dags/example_xcomargs.py took 0.132 seconds
[2024-01-17T15:16:13.902+0000] {processor.py:161} INFO - Started process (PID=401) to work on /home/airflow/.local/lib/python3.8/site-packages/airflow/example_dags/example_xcomargs.py
[2024-01-17T15:16:13.908+0000] {processor.py:830} INFO - Processing file /home/airflow/.local/lib/python3.8/site-packages/airflow/example_dags/example_xcomargs.py for tasks to queue
[2024-01-17T15:16:13.912+0000] {logging_mixin.py:188} INFO - [2024-01-17T15:16:13.911+0000] {dagbag.py:538} INFO - Filling up the DagBag from /home/airflow/.local/lib/python3.8/site-packages/airflow/example_dags/example_xcomargs.py
[2024-01-17T15:16:13.928+0000] {processor.py:840} INFO - DAG(s) 'example_xcom_args_with_operators', 'example_xcom_args' retrieved from /home/airflow/.local/lib/python3.8/site-packages/airflow/example_dags/example_xcomargs.py
[2024-01-17T15:16:13.967+0000] {logging_mixin.py:188} INFO - [2024-01-17T15:16:13.966+0000] {dag.py:3033} INFO - Sync 2 DAGs
[2024-01-17T15:16:13.990+0000] {logging_mixin.py:188} INFO - [2024-01-17T15:16:13.990+0000] {dag.py:3820} INFO - Setting next_dagrun for example_xcom_args to None, run_after=None
[2024-01-17T15:16:13.997+0000] {logging_mixin.py:188} INFO - [2024-01-17T15:16:13.997+0000] {dag.py:3820} INFO - Setting next_dagrun for example_xcom_args_with_operators to None, run_after=None
[2024-01-17T15:16:14.027+0000] {processor.py:183} INFO - Processing /home/airflow/.local/lib/python3.8/site-packages/airflow/example_dags/example_xcomargs.py took 0.135 seconds
[2024-01-17T15:16:44.236+0000] {processor.py:161} INFO - Started process (PID=456) to work on /home/airflow/.local/lib/python3.8/site-packages/airflow/example_dags/example_xcomargs.py
[2024-01-17T15:16:44.239+0000] {processor.py:830} INFO - Processing file /home/airflow/.local/lib/python3.8/site-packages/airflow/example_dags/example_xcomargs.py for tasks to queue
[2024-01-17T15:16:44.254+0000] {logging_mixin.py:188} INFO - [2024-01-17T15:16:44.251+0000] {dagbag.py:538} INFO - Filling up the DagBag from /home/airflow/.local/lib/python3.8/site-packages/airflow/example_dags/example_xcomargs.py
[2024-01-17T15:16:44.321+0000] {processor.py:840} INFO - DAG(s) 'example_xcom_args', 'example_xcom_args_with_operators' retrieved from /home/airflow/.local/lib/python3.8/site-packages/airflow/example_dags/example_xcomargs.py
[2024-01-17T15:16:44.458+0000] {logging_mixin.py:188} INFO - [2024-01-17T15:16:44.458+0000] {dag.py:3033} INFO - Sync 2 DAGs
[2024-01-17T15:16:44.480+0000] {logging_mixin.py:188} INFO - [2024-01-17T15:16:44.479+0000] {dag.py:3820} INFO - Setting next_dagrun for example_xcom_args to None, run_after=None
[2024-01-17T15:16:44.486+0000] {logging_mixin.py:188} INFO - [2024-01-17T15:16:44.486+0000] {dag.py:3820} INFO - Setting next_dagrun for example_xcom_args_with_operators to None, run_after=None
[2024-01-17T15:16:44.549+0000] {processor.py:183} INFO - Processing /home/airflow/.local/lib/python3.8/site-packages/airflow/example_dags/example_xcomargs.py took 0.331 seconds
[2024-01-17T15:17:15.622+0000] {processor.py:161} INFO - Started process (PID=516) to work on /home/airflow/.local/lib/python3.8/site-packages/airflow/example_dags/example_xcomargs.py
[2024-01-17T15:17:15.626+0000] {processor.py:830} INFO - Processing file /home/airflow/.local/lib/python3.8/site-packages/airflow/example_dags/example_xcomargs.py for tasks to queue
[2024-01-17T15:17:15.639+0000] {logging_mixin.py:188} INFO - [2024-01-17T15:17:15.638+0000] {dagbag.py:538} INFO - Filling up the DagBag from /home/airflow/.local/lib/python3.8/site-packages/airflow/example_dags/example_xcomargs.py
[2024-01-17T15:17:15.654+0000] {processor.py:840} INFO - DAG(s) 'example_xcom_args_with_operators', 'example_xcom_args' retrieved from /home/airflow/.local/lib/python3.8/site-packages/airflow/example_dags/example_xcomargs.py
[2024-01-17T15:17:15.706+0000] {logging_mixin.py:188} INFO - [2024-01-17T15:17:15.705+0000] {dag.py:3033} INFO - Sync 2 DAGs
[2024-01-17T15:17:15.742+0000] {logging_mixin.py:188} INFO - [2024-01-17T15:17:15.742+0000] {dag.py:3820} INFO - Setting next_dagrun for example_xcom_args to None, run_after=None
[2024-01-17T15:17:15.749+0000] {logging_mixin.py:188} INFO - [2024-01-17T15:17:15.749+0000] {dag.py:3820} INFO - Setting next_dagrun for example_xcom_args_with_operators to None, run_after=None
[2024-01-17T15:17:15.794+0000] {processor.py:183} INFO - Processing /home/airflow/.local/lib/python3.8/site-packages/airflow/example_dags/example_xcomargs.py took 0.188 seconds
[2024-01-17T15:17:46.795+0000] {processor.py:161} INFO - Started process (PID=571) to work on /home/airflow/.local/lib/python3.8/site-packages/airflow/example_dags/example_xcomargs.py
[2024-01-17T15:17:46.796+0000] {processor.py:830} INFO - Processing file /home/airflow/.local/lib/python3.8/site-packages/airflow/example_dags/example_xcomargs.py for tasks to queue
[2024-01-17T15:17:46.799+0000] {logging_mixin.py:188} INFO - [2024-01-17T15:17:46.799+0000] {dagbag.py:538} INFO - Filling up the DagBag from /home/airflow/.local/lib/python3.8/site-packages/airflow/example_dags/example_xcomargs.py
[2024-01-17T15:17:46.817+0000] {processor.py:840} INFO - DAG(s) 'example_xcom_args_with_operators', 'example_xcom_args' retrieved from /home/airflow/.local/lib/python3.8/site-packages/airflow/example_dags/example_xcomargs.py
[2024-01-17T15:17:46.852+0000] {logging_mixin.py:188} INFO - [2024-01-17T15:17:46.852+0000] {dag.py:3033} INFO - Sync 2 DAGs
[2024-01-17T15:17:46.872+0000] {logging_mixin.py:188} INFO - [2024-01-17T15:17:46.872+0000] {dag.py:3820} INFO - Setting next_dagrun for example_xcom_args to None, run_after=None
[2024-01-17T15:17:46.878+0000] {logging_mixin.py:188} INFO - [2024-01-17T15:17:46.878+0000] {dag.py:3820} INFO - Setting next_dagrun for example_xcom_args_with_operators to None, run_after=None
[2024-01-17T15:17:46.904+0000] {processor.py:183} INFO - Processing /home/airflow/.local/lib/python3.8/site-packages/airflow/example_dags/example_xcomargs.py took 0.116 seconds
[2024-01-17T15:18:17.712+0000] {processor.py:161} INFO - Started process (PID=626) to work on /home/airflow/.local/lib/python3.8/site-packages/airflow/example_dags/example_xcomargs.py
[2024-01-17T15:18:17.713+0000] {processor.py:830} INFO - Processing file /home/airflow/.local/lib/python3.8/site-packages/airflow/example_dags/example_xcomargs.py for tasks to queue
[2024-01-17T15:18:17.717+0000] {logging_mixin.py:188} INFO - [2024-01-17T15:18:17.716+0000] {dagbag.py:538} INFO - Filling up the DagBag from /home/airflow/.local/lib/python3.8/site-packages/airflow/example_dags/example_xcomargs.py
[2024-01-17T15:18:17.727+0000] {processor.py:840} INFO - DAG(s) 'example_xcom_args', 'example_xcom_args_with_operators' retrieved from /home/airflow/.local/lib/python3.8/site-packages/airflow/example_dags/example_xcomargs.py
[2024-01-17T15:18:17.770+0000] {logging_mixin.py:188} INFO - [2024-01-17T15:18:17.770+0000] {dag.py:3033} INFO - Sync 2 DAGs
[2024-01-17T15:18:17.788+0000] {logging_mixin.py:188} INFO - [2024-01-17T15:18:17.788+0000] {dag.py:3820} INFO - Setting next_dagrun for example_xcom_args to None, run_after=None
[2024-01-17T15:18:17.793+0000] {logging_mixin.py:188} INFO - [2024-01-17T15:18:17.793+0000] {dag.py:3820} INFO - Setting next_dagrun for example_xcom_args_with_operators to None, run_after=None
[2024-01-17T15:18:17.822+0000] {processor.py:183} INFO - Processing /home/airflow/.local/lib/python3.8/site-packages/airflow/example_dags/example_xcomargs.py took 0.117 seconds
[2024-01-17T15:18:48.390+0000] {processor.py:161} INFO - Started process (PID=681) to work on /home/airflow/.local/lib/python3.8/site-packages/airflow/example_dags/example_xcomargs.py
[2024-01-17T15:18:48.391+0000] {processor.py:830} INFO - Processing file /home/airflow/.local/lib/python3.8/site-packages/airflow/example_dags/example_xcomargs.py for tasks to queue
[2024-01-17T15:18:48.395+0000] {logging_mixin.py:188} INFO - [2024-01-17T15:18:48.394+0000] {dagbag.py:538} INFO - Filling up the DagBag from /home/airflow/.local/lib/python3.8/site-packages/airflow/example_dags/example_xcomargs.py
[2024-01-17T15:18:48.415+0000] {processor.py:840} INFO - DAG(s) 'example_xcom_args', 'example_xcom_args_with_operators' retrieved from /home/airflow/.local/lib/python3.8/site-packages/airflow/example_dags/example_xcomargs.py
[2024-01-17T15:18:48.474+0000] {logging_mixin.py:188} INFO - [2024-01-17T15:18:48.474+0000] {dag.py:3033} INFO - Sync 2 DAGs
[2024-01-17T15:18:48.496+0000] {logging_mixin.py:188} INFO - [2024-01-17T15:18:48.495+0000] {dag.py:3820} INFO - Setting next_dagrun for example_xcom_args to None, run_after=None
[2024-01-17T15:18:48.501+0000] {logging_mixin.py:188} INFO - [2024-01-17T15:18:48.501+0000] {dag.py:3820} INFO - Setting next_dagrun for example_xcom_args_with_operators to None, run_after=None
[2024-01-17T15:18:48.604+0000] {processor.py:183} INFO - Processing /home/airflow/.local/lib/python3.8/site-packages/airflow/example_dags/example_xcomargs.py took 0.220 seconds
[2024-01-17T15:19:19.302+0000] {processor.py:161} INFO - Started process (PID=736) to work on /home/airflow/.local/lib/python3.8/site-packages/airflow/example_dags/example_xcomargs.py
[2024-01-17T15:19:19.303+0000] {processor.py:830} INFO - Processing file /home/airflow/.local/lib/python3.8/site-packages/airflow/example_dags/example_xcomargs.py for tasks to queue
[2024-01-17T15:19:19.306+0000] {logging_mixin.py:188} INFO - [2024-01-17T15:19:19.306+0000] {dagbag.py:538} INFO - Filling up the DagBag from /home/airflow/.local/lib/python3.8/site-packages/airflow/example_dags/example_xcomargs.py
[2024-01-17T15:19:19.325+0000] {processor.py:840} INFO - DAG(s) 'example_xcom_args_with_operators', 'example_xcom_args' retrieved from /home/airflow/.local/lib/python3.8/site-packages/airflow/example_dags/example_xcomargs.py
[2024-01-17T15:19:19.404+0000] {logging_mixin.py:188} INFO - [2024-01-17T15:19:19.404+0000] {dag.py:3033} INFO - Sync 2 DAGs
[2024-01-17T15:19:19.487+0000] {logging_mixin.py:188} INFO - [2024-01-17T15:19:19.486+0000] {dag.py:3820} INFO - Setting next_dagrun for example_xcom_args to None, run_after=None
[2024-01-17T15:19:19.510+0000] {logging_mixin.py:188} INFO - [2024-01-17T15:19:19.509+0000] {dag.py:3820} INFO - Setting next_dagrun for example_xcom_args_with_operators to None, run_after=None
[2024-01-17T15:19:19.634+0000] {processor.py:183} INFO - Processing /home/airflow/.local/lib/python3.8/site-packages/airflow/example_dags/example_xcomargs.py took 0.337 seconds
[2024-01-17T15:19:49.727+0000] {processor.py:161} INFO - Started process (PID=791) to work on /home/airflow/.local/lib/python3.8/site-packages/airflow/example_dags/example_xcomargs.py
[2024-01-17T15:19:49.728+0000] {processor.py:830} INFO - Processing file /home/airflow/.local/lib/python3.8/site-packages/airflow/example_dags/example_xcomargs.py for tasks to queue
[2024-01-17T15:19:49.732+0000] {logging_mixin.py:188} INFO - [2024-01-17T15:19:49.732+0000] {dagbag.py:538} INFO - Filling up the DagBag from /home/airflow/.local/lib/python3.8/site-packages/airflow/example_dags/example_xcomargs.py
[2024-01-17T15:19:49.758+0000] {processor.py:840} INFO - DAG(s) 'example_xcom_args_with_operators', 'example_xcom_args' retrieved from /home/airflow/.local/lib/python3.8/site-packages/airflow/example_dags/example_xcomargs.py
[2024-01-17T15:19:49.846+0000] {logging_mixin.py:188} INFO - [2024-01-17T15:19:49.846+0000] {dag.py:3033} INFO - Sync 2 DAGs
[2024-01-17T15:19:49.876+0000] {logging_mixin.py:188} INFO - [2024-01-17T15:19:49.874+0000] {dag.py:3820} INFO - Setting next_dagrun for example_xcom_args to None, run_after=None
[2024-01-17T15:19:49.889+0000] {logging_mixin.py:188} INFO - [2024-01-17T15:19:49.888+0000] {dag.py:3820} INFO - Setting next_dagrun for example_xcom_args_with_operators to None, run_after=None
[2024-01-17T15:19:49.934+0000] {processor.py:183} INFO - Processing /home/airflow/.local/lib/python3.8/site-packages/airflow/example_dags/example_xcomargs.py took 0.216 seconds
[2024-01-17T15:20:20.254+0000] {processor.py:161} INFO - Started process (PID=845) to work on /home/airflow/.local/lib/python3.8/site-packages/airflow/example_dags/example_xcomargs.py
[2024-01-17T15:20:20.257+0000] {processor.py:830} INFO - Processing file /home/airflow/.local/lib/python3.8/site-packages/airflow/example_dags/example_xcomargs.py for tasks to queue
[2024-01-17T15:20:20.260+0000] {logging_mixin.py:188} INFO - [2024-01-17T15:20:20.260+0000] {dagbag.py:538} INFO - Filling up the DagBag from /home/airflow/.local/lib/python3.8/site-packages/airflow/example_dags/example_xcomargs.py
[2024-01-17T15:20:20.271+0000] {processor.py:840} INFO - DAG(s) 'example_xcom_args_with_operators', 'example_xcom_args' retrieved from /home/airflow/.local/lib/python3.8/site-packages/airflow/example_dags/example_xcomargs.py
[2024-01-17T15:20:20.304+0000] {logging_mixin.py:188} INFO - [2024-01-17T15:20:20.303+0000] {dag.py:3033} INFO - Sync 2 DAGs
[2024-01-17T15:20:20.319+0000] {logging_mixin.py:188} INFO - [2024-01-17T15:20:20.319+0000] {dag.py:3820} INFO - Setting next_dagrun for example_xcom_args to None, run_after=None
[2024-01-17T15:20:20.324+0000] {logging_mixin.py:188} INFO - [2024-01-17T15:20:20.324+0000] {dag.py:3820} INFO - Setting next_dagrun for example_xcom_args_with_operators to None, run_after=None
[2024-01-17T15:20:20.346+0000] {processor.py:183} INFO - Processing /home/airflow/.local/lib/python3.8/site-packages/airflow/example_dags/example_xcomargs.py took 0.096 seconds
[2024-01-17T15:20:51.078+0000] {processor.py:161} INFO - Started process (PID=900) to work on /home/airflow/.local/lib/python3.8/site-packages/airflow/example_dags/example_xcomargs.py
[2024-01-17T15:20:51.079+0000] {processor.py:830} INFO - Processing file /home/airflow/.local/lib/python3.8/site-packages/airflow/example_dags/example_xcomargs.py for tasks to queue
[2024-01-17T15:20:51.081+0000] {logging_mixin.py:188} INFO - [2024-01-17T15:20:51.081+0000] {dagbag.py:538} INFO - Filling up the DagBag from /home/airflow/.local/lib/python3.8/site-packages/airflow/example_dags/example_xcomargs.py
[2024-01-17T15:20:51.090+0000] {processor.py:840} INFO - DAG(s) 'example_xcom_args', 'example_xcom_args_with_operators' retrieved from /home/airflow/.local/lib/python3.8/site-packages/airflow/example_dags/example_xcomargs.py
[2024-01-17T15:20:51.118+0000] {logging_mixin.py:188} INFO - [2024-01-17T15:20:51.118+0000] {dag.py:3033} INFO - Sync 2 DAGs
[2024-01-17T15:20:51.133+0000] {logging_mixin.py:188} INFO - [2024-01-17T15:20:51.132+0000] {dag.py:3820} INFO - Setting next_dagrun for example_xcom_args to None, run_after=None
[2024-01-17T15:20:51.136+0000] {logging_mixin.py:188} INFO - [2024-01-17T15:20:51.136+0000] {dag.py:3820} INFO - Setting next_dagrun for example_xcom_args_with_operators to None, run_after=None
[2024-01-17T15:20:51.155+0000] {processor.py:183} INFO - Processing /home/airflow/.local/lib/python3.8/site-packages/airflow/example_dags/example_xcomargs.py took 0.080 seconds
[2024-01-17T15:21:21.536+0000] {processor.py:161} INFO - Started process (PID=954) to work on /home/airflow/.local/lib/python3.8/site-packages/airflow/example_dags/example_xcomargs.py
[2024-01-17T15:21:21.540+0000] {processor.py:830} INFO - Processing file /home/airflow/.local/lib/python3.8/site-packages/airflow/example_dags/example_xcomargs.py for tasks to queue
[2024-01-17T15:21:21.550+0000] {logging_mixin.py:188} INFO - [2024-01-17T15:21:21.549+0000] {dagbag.py:538} INFO - Filling up the DagBag from /home/airflow/.local/lib/python3.8/site-packages/airflow/example_dags/example_xcomargs.py
[2024-01-17T15:21:21.625+0000] {processor.py:840} INFO - DAG(s) 'example_xcom_args_with_operators', 'example_xcom_args' retrieved from /home/airflow/.local/lib/python3.8/site-packages/airflow/example_dags/example_xcomargs.py
[2024-01-17T15:21:21.745+0000] {logging_mixin.py:188} INFO - [2024-01-17T15:21:21.745+0000] {dag.py:3033} INFO - Sync 2 DAGs
[2024-01-17T15:21:21.775+0000] {logging_mixin.py:188} INFO - [2024-01-17T15:21:21.775+0000] {dag.py:3820} INFO - Setting next_dagrun for example_xcom_args to None, run_after=None
[2024-01-17T15:21:21.782+0000] {logging_mixin.py:188} INFO - [2024-01-17T15:21:21.781+0000] {dag.py:3820} INFO - Setting next_dagrun for example_xcom_args_with_operators to None, run_after=None
[2024-01-17T15:21:21.819+0000] {processor.py:183} INFO - Processing /home/airflow/.local/lib/python3.8/site-packages/airflow/example_dags/example_xcomargs.py took 0.301 seconds
[2024-01-17T15:21:52.370+0000] {processor.py:161} INFO - Started process (PID=1008) to work on /home/airflow/.local/lib/python3.8/site-packages/airflow/example_dags/example_xcomargs.py
[2024-01-17T15:21:52.371+0000] {processor.py:830} INFO - Processing file /home/airflow/.local/lib/python3.8/site-packages/airflow/example_dags/example_xcomargs.py for tasks to queue
[2024-01-17T15:21:52.374+0000] {logging_mixin.py:188} INFO - [2024-01-17T15:21:52.374+0000] {dagbag.py:538} INFO - Filling up the DagBag from /home/airflow/.local/lib/python3.8/site-packages/airflow/example_dags/example_xcomargs.py
[2024-01-17T15:21:52.393+0000] {processor.py:840} INFO - DAG(s) 'example_xcom_args_with_operators', 'example_xcom_args' retrieved from /home/airflow/.local/lib/python3.8/site-packages/airflow/example_dags/example_xcomargs.py
[2024-01-17T15:21:52.436+0000] {logging_mixin.py:188} INFO - [2024-01-17T15:21:52.436+0000] {dag.py:3033} INFO - Sync 2 DAGs
[2024-01-17T15:21:52.465+0000] {logging_mixin.py:188} INFO - [2024-01-17T15:21:52.465+0000] {dag.py:3820} INFO - Setting next_dagrun for example_xcom_args to None, run_after=None
[2024-01-17T15:21:52.471+0000] {logging_mixin.py:188} INFO - [2024-01-17T15:21:52.470+0000] {dag.py:3820} INFO - Setting next_dagrun for example_xcom_args_with_operators to None, run_after=None
[2024-01-17T15:21:52.498+0000] {processor.py:183} INFO - Processing /home/airflow/.local/lib/python3.8/site-packages/airflow/example_dags/example_xcomargs.py took 0.133 seconds
[2024-01-17T15:25:16.336+0000] {processor.py:161} INFO - Started process (PID=65) to work on /home/airflow/.local/lib/python3.8/site-packages/airflow/example_dags/example_xcomargs.py
[2024-01-17T15:25:16.409+0000] {processor.py:830} INFO - Processing file /home/airflow/.local/lib/python3.8/site-packages/airflow/example_dags/example_xcomargs.py for tasks to queue
[2024-01-17T15:25:16.412+0000] {logging_mixin.py:188} INFO - [2024-01-17T15:25:16.412+0000] {dagbag.py:538} INFO - Filling up the DagBag from /home/airflow/.local/lib/python3.8/site-packages/airflow/example_dags/example_xcomargs.py
[2024-01-17T15:25:16.475+0000] {processor.py:840} INFO - DAG(s) 'example_xcom_args_with_operators', 'example_xcom_args' retrieved from /home/airflow/.local/lib/python3.8/site-packages/airflow/example_dags/example_xcomargs.py
[2024-01-17T15:25:16.610+0000] {logging_mixin.py:188} INFO - [2024-01-17T15:25:16.610+0000] {dag.py:3033} INFO - Sync 2 DAGs
[2024-01-17T15:25:16.656+0000] {logging_mixin.py:188} INFO - [2024-01-17T15:25:16.651+0000] {dag.py:3820} INFO - Setting next_dagrun for example_xcom_args to None, run_after=None
[2024-01-17T15:25:16.687+0000] {logging_mixin.py:188} INFO - [2024-01-17T15:25:16.687+0000] {dag.py:3820} INFO - Setting next_dagrun for example_xcom_args_with_operators to None, run_after=None
[2024-01-17T15:25:16.808+0000] {processor.py:183} INFO - Processing /home/airflow/.local/lib/python3.8/site-packages/airflow/example_dags/example_xcomargs.py took 0.478 seconds
[2024-01-17T15:25:47.468+0000] {processor.py:161} INFO - Started process (PID=120) to work on /home/airflow/.local/lib/python3.8/site-packages/airflow/example_dags/example_xcomargs.py
[2024-01-17T15:25:47.474+0000] {processor.py:830} INFO - Processing file /home/airflow/.local/lib/python3.8/site-packages/airflow/example_dags/example_xcomargs.py for tasks to queue
[2024-01-17T15:25:47.485+0000] {logging_mixin.py:188} INFO - [2024-01-17T15:25:47.485+0000] {dagbag.py:538} INFO - Filling up the DagBag from /home/airflow/.local/lib/python3.8/site-packages/airflow/example_dags/example_xcomargs.py
[2024-01-17T15:25:47.542+0000] {processor.py:840} INFO - DAG(s) 'example_xcom_args_with_operators', 'example_xcom_args' retrieved from /home/airflow/.local/lib/python3.8/site-packages/airflow/example_dags/example_xcomargs.py
[2024-01-17T15:25:47.663+0000] {logging_mixin.py:188} INFO - [2024-01-17T15:25:47.663+0000] {dag.py:3033} INFO - Sync 2 DAGs
[2024-01-17T15:25:47.718+0000] {logging_mixin.py:188} INFO - [2024-01-17T15:25:47.718+0000] {dag.py:3820} INFO - Setting next_dagrun for example_xcom_args to None, run_after=None
[2024-01-17T15:25:47.741+0000] {logging_mixin.py:188} INFO - [2024-01-17T15:25:47.741+0000] {dag.py:3820} INFO - Setting next_dagrun for example_xcom_args_with_operators to None, run_after=None
[2024-01-17T15:25:47.829+0000] {processor.py:183} INFO - Processing /home/airflow/.local/lib/python3.8/site-packages/airflow/example_dags/example_xcomargs.py took 0.367 seconds
[2024-01-17T15:26:18.374+0000] {processor.py:161} INFO - Started process (PID=176) to work on /home/airflow/.local/lib/python3.8/site-packages/airflow/example_dags/example_xcomargs.py
[2024-01-17T15:26:18.375+0000] {processor.py:830} INFO - Processing file /home/airflow/.local/lib/python3.8/site-packages/airflow/example_dags/example_xcomargs.py for tasks to queue
[2024-01-17T15:26:18.378+0000] {logging_mixin.py:188} INFO - [2024-01-17T15:26:18.378+0000] {dagbag.py:538} INFO - Filling up the DagBag from /home/airflow/.local/lib/python3.8/site-packages/airflow/example_dags/example_xcomargs.py
[2024-01-17T15:26:18.395+0000] {processor.py:840} INFO - DAG(s) 'example_xcom_args', 'example_xcom_args_with_operators' retrieved from /home/airflow/.local/lib/python3.8/site-packages/airflow/example_dags/example_xcomargs.py
[2024-01-17T15:26:18.492+0000] {logging_mixin.py:188} INFO - [2024-01-17T15:26:18.492+0000] {dag.py:3033} INFO - Sync 2 DAGs
[2024-01-17T15:26:18.543+0000] {logging_mixin.py:188} INFO - [2024-01-17T15:26:18.543+0000] {dag.py:3820} INFO - Setting next_dagrun for example_xcom_args to None, run_after=None
[2024-01-17T15:26:18.561+0000] {logging_mixin.py:188} INFO - [2024-01-17T15:26:18.561+0000] {dag.py:3820} INFO - Setting next_dagrun for example_xcom_args_with_operators to None, run_after=None
[2024-01-17T15:26:18.635+0000] {processor.py:183} INFO - Processing /home/airflow/.local/lib/python3.8/site-packages/airflow/example_dags/example_xcomargs.py took 0.266 seconds
[2024-01-17T15:26:49.184+0000] {processor.py:161} INFO - Started process (PID=232) to work on /home/airflow/.local/lib/python3.8/site-packages/airflow/example_dags/example_xcomargs.py
[2024-01-17T15:26:49.216+0000] {processor.py:830} INFO - Processing file /home/airflow/.local/lib/python3.8/site-packages/airflow/example_dags/example_xcomargs.py for tasks to queue
[2024-01-17T15:26:49.218+0000] {logging_mixin.py:188} INFO - [2024-01-17T15:26:49.218+0000] {dagbag.py:538} INFO - Filling up the DagBag from /home/airflow/.local/lib/python3.8/site-packages/airflow/example_dags/example_xcomargs.py
[2024-01-17T15:26:49.235+0000] {processor.py:840} INFO - DAG(s) 'example_xcom_args', 'example_xcom_args_with_operators' retrieved from /home/airflow/.local/lib/python3.8/site-packages/airflow/example_dags/example_xcomargs.py
[2024-01-17T15:26:49.353+0000] {logging_mixin.py:188} INFO - [2024-01-17T15:26:49.343+0000] {dag.py:3033} INFO - Sync 2 DAGs
[2024-01-17T15:26:49.394+0000] {logging_mixin.py:188} INFO - [2024-01-17T15:26:49.394+0000] {dag.py:3820} INFO - Setting next_dagrun for example_xcom_args to None, run_after=None
[2024-01-17T15:26:49.405+0000] {logging_mixin.py:188} INFO - [2024-01-17T15:26:49.405+0000] {dag.py:3820} INFO - Setting next_dagrun for example_xcom_args_with_operators to None, run_after=None
[2024-01-17T15:26:49.501+0000] {processor.py:183} INFO - Processing /home/airflow/.local/lib/python3.8/site-packages/airflow/example_dags/example_xcomargs.py took 0.321 seconds
[2024-01-17T15:27:20.115+0000] {processor.py:161} INFO - Started process (PID=288) to work on /home/airflow/.local/lib/python3.8/site-packages/airflow/example_dags/example_xcomargs.py
[2024-01-17T15:27:20.117+0000] {processor.py:830} INFO - Processing file /home/airflow/.local/lib/python3.8/site-packages/airflow/example_dags/example_xcomargs.py for tasks to queue
[2024-01-17T15:27:20.124+0000] {logging_mixin.py:188} INFO - [2024-01-17T15:27:20.119+0000] {dagbag.py:538} INFO - Filling up the DagBag from /home/airflow/.local/lib/python3.8/site-packages/airflow/example_dags/example_xcomargs.py
[2024-01-17T15:27:20.190+0000] {processor.py:840} INFO - DAG(s) 'example_xcom_args_with_operators', 'example_xcom_args' retrieved from /home/airflow/.local/lib/python3.8/site-packages/airflow/example_dags/example_xcomargs.py
[2024-01-17T15:27:20.294+0000] {logging_mixin.py:188} INFO - [2024-01-17T15:27:20.294+0000] {dag.py:3033} INFO - Sync 2 DAGs
[2024-01-17T15:27:20.341+0000] {logging_mixin.py:188} INFO - [2024-01-17T15:27:20.341+0000] {dag.py:3820} INFO - Setting next_dagrun for example_xcom_args to None, run_after=None
[2024-01-17T15:27:20.349+0000] {logging_mixin.py:188} INFO - [2024-01-17T15:27:20.348+0000] {dag.py:3820} INFO - Setting next_dagrun for example_xcom_args_with_operators to None, run_after=None
[2024-01-17T15:27:20.446+0000] {processor.py:183} INFO - Processing /home/airflow/.local/lib/python3.8/site-packages/airflow/example_dags/example_xcomargs.py took 0.346 seconds
[2024-01-17T15:27:53.670+0000] {processor.py:161} INFO - Started process (PID=343) to work on /home/airflow/.local/lib/python3.8/site-packages/airflow/example_dags/example_xcomargs.py
[2024-01-17T15:27:53.717+0000] {processor.py:830} INFO - Processing file /home/airflow/.local/lib/python3.8/site-packages/airflow/example_dags/example_xcomargs.py for tasks to queue
[2024-01-17T15:27:53.719+0000] {logging_mixin.py:188} INFO - [2024-01-17T15:27:53.719+0000] {dagbag.py:538} INFO - Filling up the DagBag from /home/airflow/.local/lib/python3.8/site-packages/airflow/example_dags/example_xcomargs.py
[2024-01-17T15:27:53.737+0000] {processor.py:840} INFO - DAG(s) 'example_xcom_args', 'example_xcom_args_with_operators' retrieved from /home/airflow/.local/lib/python3.8/site-packages/airflow/example_dags/example_xcomargs.py
[2024-01-17T15:27:53.785+0000] {logging_mixin.py:188} INFO - [2024-01-17T15:27:53.784+0000] {dag.py:3033} INFO - Sync 2 DAGs
[2024-01-17T15:27:53.814+0000] {logging_mixin.py:188} INFO - [2024-01-17T15:27:53.814+0000] {dag.py:3820} INFO - Setting next_dagrun for example_xcom_args to None, run_after=None
[2024-01-17T15:27:53.824+0000] {logging_mixin.py:188} INFO - [2024-01-17T15:27:53.823+0000] {dag.py:3820} INFO - Setting next_dagrun for example_xcom_args_with_operators to None, run_after=None
[2024-01-17T15:27:53.947+0000] {processor.py:183} INFO - Processing /home/airflow/.local/lib/python3.8/site-packages/airflow/example_dags/example_xcomargs.py took 0.284 seconds
[2024-01-17T15:28:35.327+0000] {processor.py:161} INFO - Started process (PID=404) to work on /home/airflow/.local/lib/python3.8/site-packages/airflow/example_dags/example_xcomargs.py
[2024-01-17T15:28:35.338+0000] {processor.py:830} INFO - Processing file /home/airflow/.local/lib/python3.8/site-packages/airflow/example_dags/example_xcomargs.py for tasks to queue
[2024-01-17T15:28:35.346+0000] {logging_mixin.py:188} INFO - [2024-01-17T15:28:35.346+0000] {dagbag.py:538} INFO - Filling up the DagBag from /home/airflow/.local/lib/python3.8/site-packages/airflow/example_dags/example_xcomargs.py
[2024-01-17T15:28:35.366+0000] {processor.py:840} INFO - DAG(s) 'example_xcom_args', 'example_xcom_args_with_operators' retrieved from /home/airflow/.local/lib/python3.8/site-packages/airflow/example_dags/example_xcomargs.py
[2024-01-17T15:28:35.384+0000] {logging_mixin.py:188} INFO - [2024-01-17T15:28:35.384+0000] {dag.py:3033} INFO - Sync 2 DAGs
[2024-01-17T15:28:35.416+0000] {logging_mixin.py:188} INFO - [2024-01-17T15:28:35.416+0000] {dag.py:3820} INFO - Setting next_dagrun for example_xcom_args to None, run_after=None
[2024-01-17T15:28:35.424+0000] {logging_mixin.py:188} INFO - [2024-01-17T15:28:35.424+0000] {dag.py:3820} INFO - Setting next_dagrun for example_xcom_args_with_operators to None, run_after=None
[2024-01-17T15:28:35.502+0000] {processor.py:183} INFO - Processing /home/airflow/.local/lib/python3.8/site-packages/airflow/example_dags/example_xcomargs.py took 0.180 seconds
[2024-01-17T15:29:06.711+0000] {processor.py:161} INFO - Started process (PID=460) to work on /home/airflow/.local/lib/python3.8/site-packages/airflow/example_dags/example_xcomargs.py
[2024-01-17T15:29:06.713+0000] {processor.py:830} INFO - Processing file /home/airflow/.local/lib/python3.8/site-packages/airflow/example_dags/example_xcomargs.py for tasks to queue
[2024-01-17T15:29:06.715+0000] {logging_mixin.py:188} INFO - [2024-01-17T15:29:06.715+0000] {dagbag.py:538} INFO - Filling up the DagBag from /home/airflow/.local/lib/python3.8/site-packages/airflow/example_dags/example_xcomargs.py
[2024-01-17T15:29:06.728+0000] {processor.py:840} INFO - DAG(s) 'example_xcom_args', 'example_xcom_args_with_operators' retrieved from /home/airflow/.local/lib/python3.8/site-packages/airflow/example_dags/example_xcomargs.py
[2024-01-17T15:29:06.927+0000] {logging_mixin.py:188} INFO - [2024-01-17T15:29:06.927+0000] {dag.py:3033} INFO - Sync 2 DAGs
[2024-01-17T15:29:06.947+0000] {logging_mixin.py:188} INFO - [2024-01-17T15:29:06.947+0000] {dag.py:3820} INFO - Setting next_dagrun for example_xcom_args to None, run_after=None
[2024-01-17T15:29:06.952+0000] {logging_mixin.py:188} INFO - [2024-01-17T15:29:06.952+0000] {dag.py:3820} INFO - Setting next_dagrun for example_xcom_args_with_operators to None, run_after=None
[2024-01-17T15:29:06.982+0000] {processor.py:183} INFO - Processing /home/airflow/.local/lib/python3.8/site-packages/airflow/example_dags/example_xcomargs.py took 0.276 seconds
[2024-01-17T15:30:01.688+0000] {processor.py:161} INFO - Started process (PID=528) to work on /home/airflow/.local/lib/python3.8/site-packages/airflow/example_dags/example_xcomargs.py
[2024-01-17T15:30:01.692+0000] {processor.py:830} INFO - Processing file /home/airflow/.local/lib/python3.8/site-packages/airflow/example_dags/example_xcomargs.py for tasks to queue
[2024-01-17T15:30:01.696+0000] {logging_mixin.py:188} INFO - [2024-01-17T15:30:01.695+0000] {dagbag.py:538} INFO - Filling up the DagBag from /home/airflow/.local/lib/python3.8/site-packages/airflow/example_dags/example_xcomargs.py
[2024-01-17T15:30:01.708+0000] {processor.py:840} INFO - DAG(s) 'example_xcom_args_with_operators', 'example_xcom_args' retrieved from /home/airflow/.local/lib/python3.8/site-packages/airflow/example_dags/example_xcomargs.py
[2024-01-17T15:30:01.745+0000] {logging_mixin.py:188} INFO - [2024-01-17T15:30:01.745+0000] {dag.py:3033} INFO - Sync 2 DAGs
[2024-01-17T15:30:01.768+0000] {logging_mixin.py:188} INFO - [2024-01-17T15:30:01.768+0000] {dag.py:3820} INFO - Setting next_dagrun for example_xcom_args to None, run_after=None
[2024-01-17T15:30:01.777+0000] {logging_mixin.py:188} INFO - [2024-01-17T15:30:01.776+0000] {dag.py:3820} INFO - Setting next_dagrun for example_xcom_args_with_operators to None, run_after=None
[2024-01-17T15:30:01.806+0000] {processor.py:183} INFO - Processing /home/airflow/.local/lib/python3.8/site-packages/airflow/example_dags/example_xcomargs.py took 0.122 seconds
[2024-01-17T15:30:33.842+0000] {processor.py:161} INFO - Started process (PID=583) to work on /home/airflow/.local/lib/python3.8/site-packages/airflow/example_dags/example_xcomargs.py
[2024-01-17T15:30:33.852+0000] {processor.py:830} INFO - Processing file /home/airflow/.local/lib/python3.8/site-packages/airflow/example_dags/example_xcomargs.py for tasks to queue
[2024-01-17T15:30:33.855+0000] {logging_mixin.py:188} INFO - [2024-01-17T15:30:33.854+0000] {dagbag.py:538} INFO - Filling up the DagBag from /home/airflow/.local/lib/python3.8/site-packages/airflow/example_dags/example_xcomargs.py
[2024-01-17T15:30:33.887+0000] {processor.py:840} INFO - DAG(s) 'example_xcom_args', 'example_xcom_args_with_operators' retrieved from /home/airflow/.local/lib/python3.8/site-packages/airflow/example_dags/example_xcomargs.py
[2024-01-17T15:30:34.039+0000] {logging_mixin.py:188} INFO - [2024-01-17T15:30:34.039+0000] {dag.py:3033} INFO - Sync 2 DAGs
[2024-01-17T15:30:34.124+0000] {logging_mixin.py:188} INFO - [2024-01-17T15:30:34.124+0000] {dag.py:3820} INFO - Setting next_dagrun for example_xcom_args to None, run_after=None
[2024-01-17T15:30:34.147+0000] {logging_mixin.py:188} INFO - [2024-01-17T15:30:34.146+0000] {dag.py:3820} INFO - Setting next_dagrun for example_xcom_args_with_operators to None, run_after=None
[2024-01-17T15:30:34.294+0000] {processor.py:183} INFO - Processing /home/airflow/.local/lib/python3.8/site-packages/airflow/example_dags/example_xcomargs.py took 0.471 seconds
[2024-01-17T15:31:05.081+0000] {processor.py:161} INFO - Started process (PID=639) to work on /home/airflow/.local/lib/python3.8/site-packages/airflow/example_dags/example_xcomargs.py
[2024-01-17T15:31:05.082+0000] {processor.py:830} INFO - Processing file /home/airflow/.local/lib/python3.8/site-packages/airflow/example_dags/example_xcomargs.py for tasks to queue
[2024-01-17T15:31:05.085+0000] {logging_mixin.py:188} INFO - [2024-01-17T15:31:05.085+0000] {dagbag.py:538} INFO - Filling up the DagBag from /home/airflow/.local/lib/python3.8/site-packages/airflow/example_dags/example_xcomargs.py
[2024-01-17T15:31:05.095+0000] {processor.py:840} INFO - DAG(s) 'example_xcom_args_with_operators', 'example_xcom_args' retrieved from /home/airflow/.local/lib/python3.8/site-packages/airflow/example_dags/example_xcomargs.py
[2024-01-17T15:31:05.126+0000] {logging_mixin.py:188} INFO - [2024-01-17T15:31:05.126+0000] {dag.py:3033} INFO - Sync 2 DAGs
[2024-01-17T15:31:05.143+0000] {logging_mixin.py:188} INFO - [2024-01-17T15:31:05.143+0000] {dag.py:3820} INFO - Setting next_dagrun for example_xcom_args to None, run_after=None
[2024-01-17T15:31:05.147+0000] {logging_mixin.py:188} INFO - [2024-01-17T15:31:05.147+0000] {dag.py:3820} INFO - Setting next_dagrun for example_xcom_args_with_operators to None, run_after=None
[2024-01-17T15:31:05.168+0000] {processor.py:183} INFO - Processing /home/airflow/.local/lib/python3.8/site-packages/airflow/example_dags/example_xcomargs.py took 0.093 seconds
[2024-01-17T15:31:35.672+0000] {processor.py:161} INFO - Started process (PID=694) to work on /home/airflow/.local/lib/python3.8/site-packages/airflow/example_dags/example_xcomargs.py
[2024-01-17T15:31:35.674+0000] {processor.py:830} INFO - Processing file /home/airflow/.local/lib/python3.8/site-packages/airflow/example_dags/example_xcomargs.py for tasks to queue
[2024-01-17T15:31:35.678+0000] {logging_mixin.py:188} INFO - [2024-01-17T15:31:35.678+0000] {dagbag.py:538} INFO - Filling up the DagBag from /home/airflow/.local/lib/python3.8/site-packages/airflow/example_dags/example_xcomargs.py
[2024-01-17T15:31:35.690+0000] {processor.py:840} INFO - DAG(s) 'example_xcom_args', 'example_xcom_args_with_operators' retrieved from /home/airflow/.local/lib/python3.8/site-packages/airflow/example_dags/example_xcomargs.py
[2024-01-17T15:31:35.722+0000] {logging_mixin.py:188} INFO - [2024-01-17T15:31:35.722+0000] {dag.py:3033} INFO - Sync 2 DAGs
[2024-01-17T15:31:35.739+0000] {logging_mixin.py:188} INFO - [2024-01-17T15:31:35.738+0000] {dag.py:3820} INFO - Setting next_dagrun for example_xcom_args to None, run_after=None
[2024-01-17T15:31:35.743+0000] {logging_mixin.py:188} INFO - [2024-01-17T15:31:35.743+0000] {dag.py:3820} INFO - Setting next_dagrun for example_xcom_args_with_operators to None, run_after=None
[2024-01-17T15:31:35.765+0000] {processor.py:183} INFO - Processing /home/airflow/.local/lib/python3.8/site-packages/airflow/example_dags/example_xcomargs.py took 0.099 seconds
[2024-01-17T15:32:05.809+0000] {processor.py:161} INFO - Started process (PID=749) to work on /home/airflow/.local/lib/python3.8/site-packages/airflow/example_dags/example_xcomargs.py
[2024-01-17T15:32:05.810+0000] {processor.py:830} INFO - Processing file /home/airflow/.local/lib/python3.8/site-packages/airflow/example_dags/example_xcomargs.py for tasks to queue
[2024-01-17T15:32:05.816+0000] {logging_mixin.py:188} INFO - [2024-01-17T15:32:05.815+0000] {dagbag.py:538} INFO - Filling up the DagBag from /home/airflow/.local/lib/python3.8/site-packages/airflow/example_dags/example_xcomargs.py
[2024-01-17T15:32:05.829+0000] {processor.py:840} INFO - DAG(s) 'example_xcom_args', 'example_xcom_args_with_operators' retrieved from /home/airflow/.local/lib/python3.8/site-packages/airflow/example_dags/example_xcomargs.py
[2024-01-17T15:32:05.885+0000] {logging_mixin.py:188} INFO - [2024-01-17T15:32:05.885+0000] {dag.py:3033} INFO - Sync 2 DAGs
[2024-01-17T15:32:05.916+0000] {logging_mixin.py:188} INFO - [2024-01-17T15:32:05.915+0000] {dag.py:3820} INFO - Setting next_dagrun for example_xcom_args to None, run_after=None
[2024-01-17T15:32:05.924+0000] {logging_mixin.py:188} INFO - [2024-01-17T15:32:05.923+0000] {dag.py:3820} INFO - Setting next_dagrun for example_xcom_args_with_operators to None, run_after=None
[2024-01-17T15:32:05.970+0000] {processor.py:183} INFO - Processing /home/airflow/.local/lib/python3.8/site-packages/airflow/example_dags/example_xcomargs.py took 0.166 seconds
[2024-01-17T15:32:36.415+0000] {processor.py:161} INFO - Started process (PID=805) to work on /home/airflow/.local/lib/python3.8/site-packages/airflow/example_dags/example_xcomargs.py
[2024-01-17T15:32:36.444+0000] {processor.py:830} INFO - Processing file /home/airflow/.local/lib/python3.8/site-packages/airflow/example_dags/example_xcomargs.py for tasks to queue
[2024-01-17T15:32:36.448+0000] {logging_mixin.py:188} INFO - [2024-01-17T15:32:36.447+0000] {dagbag.py:538} INFO - Filling up the DagBag from /home/airflow/.local/lib/python3.8/site-packages/airflow/example_dags/example_xcomargs.py
[2024-01-17T15:32:36.498+0000] {processor.py:840} INFO - DAG(s) 'example_xcom_args', 'example_xcom_args_with_operators' retrieved from /home/airflow/.local/lib/python3.8/site-packages/airflow/example_dags/example_xcomargs.py
[2024-01-17T15:32:36.624+0000] {logging_mixin.py:188} INFO - [2024-01-17T15:32:36.623+0000] {dag.py:3033} INFO - Sync 2 DAGs
[2024-01-17T15:32:36.659+0000] {logging_mixin.py:188} INFO - [2024-01-17T15:32:36.659+0000] {dag.py:3820} INFO - Setting next_dagrun for example_xcom_args to None, run_after=None
[2024-01-17T15:32:36.666+0000] {logging_mixin.py:188} INFO - [2024-01-17T15:32:36.666+0000] {dag.py:3820} INFO - Setting next_dagrun for example_xcom_args_with_operators to None, run_after=None
[2024-01-17T15:32:36.776+0000] {processor.py:183} INFO - Processing /home/airflow/.local/lib/python3.8/site-packages/airflow/example_dags/example_xcomargs.py took 0.401 seconds
