[2024-01-17T15:13:14.125+0000] {processor.py:161} INFO - Started process (PID=92) to work on /home/airflow/.local/lib/python3.8/site-packages/airflow/example_dags/example_external_task_marker_dag.py
[2024-01-17T15:13:14.127+0000] {processor.py:830} INFO - Processing file /home/airflow/.local/lib/python3.8/site-packages/airflow/example_dags/example_external_task_marker_dag.py for tasks to queue
[2024-01-17T15:13:14.130+0000] {logging_mixin.py:188} INFO - [2024-01-17T15:13:14.130+0000] {dagbag.py:538} INFO - Filling up the DagBag from /home/airflow/.local/lib/python3.8/site-packages/airflow/example_dags/example_external_task_marker_dag.py
[2024-01-17T15:13:14.142+0000] {processor.py:840} INFO - DAG(s) 'example_external_task_marker_parent', 'example_external_task_marker_child' retrieved from /home/airflow/.local/lib/python3.8/site-packages/airflow/example_dags/example_external_task_marker_dag.py
[2024-01-17T15:13:14.490+0000] {logging_mixin.py:188} INFO - [2024-01-17T15:13:14.490+0000] {dag.py:3033} INFO - Sync 2 DAGs
[2024-01-17T15:13:14.511+0000] {logging_mixin.py:188} INFO - [2024-01-17T15:13:14.511+0000] {dag.py:3820} INFO - Setting next_dagrun for example_external_task_marker_child to None, run_after=None
[2024-01-17T15:13:14.516+0000] {logging_mixin.py:188} INFO - [2024-01-17T15:13:14.515+0000] {dag.py:3820} INFO - Setting next_dagrun for example_external_task_marker_parent to None, run_after=None
[2024-01-17T15:13:14.592+0000] {processor.py:183} INFO - Processing /home/airflow/.local/lib/python3.8/site-packages/airflow/example_dags/example_external_task_marker_dag.py took 0.473 seconds
[2024-01-17T15:13:44.981+0000] {processor.py:161} INFO - Started process (PID=147) to work on /home/airflow/.local/lib/python3.8/site-packages/airflow/example_dags/example_external_task_marker_dag.py
[2024-01-17T15:13:45.011+0000] {processor.py:830} INFO - Processing file /home/airflow/.local/lib/python3.8/site-packages/airflow/example_dags/example_external_task_marker_dag.py for tasks to queue
[2024-01-17T15:13:45.015+0000] {logging_mixin.py:188} INFO - [2024-01-17T15:13:45.015+0000] {dagbag.py:538} INFO - Filling up the DagBag from /home/airflow/.local/lib/python3.8/site-packages/airflow/example_dags/example_external_task_marker_dag.py
[2024-01-17T15:13:45.025+0000] {processor.py:840} INFO - DAG(s) 'example_external_task_marker_child', 'example_external_task_marker_parent' retrieved from /home/airflow/.local/lib/python3.8/site-packages/airflow/example_dags/example_external_task_marker_dag.py
[2024-01-17T15:13:45.100+0000] {logging_mixin.py:188} INFO - [2024-01-17T15:13:45.100+0000] {dag.py:3033} INFO - Sync 2 DAGs
[2024-01-17T15:13:45.137+0000] {logging_mixin.py:188} INFO - [2024-01-17T15:13:45.137+0000] {dag.py:3820} INFO - Setting next_dagrun for example_external_task_marker_child to None, run_after=None
[2024-01-17T15:13:45.149+0000] {logging_mixin.py:188} INFO - [2024-01-17T15:13:45.149+0000] {dag.py:3820} INFO - Setting next_dagrun for example_external_task_marker_parent to None, run_after=None
[2024-01-17T15:13:45.208+0000] {processor.py:183} INFO - Processing /home/airflow/.local/lib/python3.8/site-packages/airflow/example_dags/example_external_task_marker_dag.py took 0.234 seconds
[2024-01-17T15:14:16.035+0000] {processor.py:161} INFO - Started process (PID=201) to work on /home/airflow/.local/lib/python3.8/site-packages/airflow/example_dags/example_external_task_marker_dag.py
[2024-01-17T15:14:16.036+0000] {processor.py:830} INFO - Processing file /home/airflow/.local/lib/python3.8/site-packages/airflow/example_dags/example_external_task_marker_dag.py for tasks to queue
[2024-01-17T15:14:16.050+0000] {logging_mixin.py:188} INFO - [2024-01-17T15:14:16.038+0000] {dagbag.py:538} INFO - Filling up the DagBag from /home/airflow/.local/lib/python3.8/site-packages/airflow/example_dags/example_external_task_marker_dag.py
[2024-01-17T15:14:16.075+0000] {processor.py:840} INFO - DAG(s) 'example_external_task_marker_child', 'example_external_task_marker_parent' retrieved from /home/airflow/.local/lib/python3.8/site-packages/airflow/example_dags/example_external_task_marker_dag.py
[2024-01-17T15:14:16.435+0000] {logging_mixin.py:188} INFO - [2024-01-17T15:14:16.435+0000] {dag.py:3033} INFO - Sync 2 DAGs
[2024-01-17T15:14:16.491+0000] {logging_mixin.py:188} INFO - [2024-01-17T15:14:16.490+0000] {dag.py:3820} INFO - Setting next_dagrun for example_external_task_marker_child to None, run_after=None
[2024-01-17T15:14:16.496+0000] {logging_mixin.py:188} INFO - [2024-01-17T15:14:16.496+0000] {dag.py:3820} INFO - Setting next_dagrun for example_external_task_marker_parent to None, run_after=None
[2024-01-17T15:14:16.532+0000] {processor.py:183} INFO - Processing /home/airflow/.local/lib/python3.8/site-packages/airflow/example_dags/example_external_task_marker_dag.py took 0.502 seconds
[2024-01-17T15:14:47.090+0000] {processor.py:161} INFO - Started process (PID=256) to work on /home/airflow/.local/lib/python3.8/site-packages/airflow/example_dags/example_external_task_marker_dag.py
[2024-01-17T15:14:47.108+0000] {processor.py:830} INFO - Processing file /home/airflow/.local/lib/python3.8/site-packages/airflow/example_dags/example_external_task_marker_dag.py for tasks to queue
[2024-01-17T15:14:47.111+0000] {logging_mixin.py:188} INFO - [2024-01-17T15:14:47.110+0000] {dagbag.py:538} INFO - Filling up the DagBag from /home/airflow/.local/lib/python3.8/site-packages/airflow/example_dags/example_external_task_marker_dag.py
[2024-01-17T15:14:47.127+0000] {processor.py:840} INFO - DAG(s) 'example_external_task_marker_parent', 'example_external_task_marker_child' retrieved from /home/airflow/.local/lib/python3.8/site-packages/airflow/example_dags/example_external_task_marker_dag.py
[2024-01-17T15:14:47.212+0000] {logging_mixin.py:188} INFO - [2024-01-17T15:14:47.212+0000] {dag.py:3033} INFO - Sync 2 DAGs
[2024-01-17T15:14:47.250+0000] {logging_mixin.py:188} INFO - [2024-01-17T15:14:47.250+0000] {dag.py:3820} INFO - Setting next_dagrun for example_external_task_marker_child to None, run_after=None
[2024-01-17T15:14:47.261+0000] {logging_mixin.py:188} INFO - [2024-01-17T15:14:47.261+0000] {dag.py:3820} INFO - Setting next_dagrun for example_external_task_marker_parent to None, run_after=None
[2024-01-17T15:14:47.296+0000] {processor.py:183} INFO - Processing /home/airflow/.local/lib/python3.8/site-packages/airflow/example_dags/example_external_task_marker_dag.py took 0.210 seconds
[2024-01-17T15:15:18.003+0000] {processor.py:161} INFO - Started process (PID=310) to work on /home/airflow/.local/lib/python3.8/site-packages/airflow/example_dags/example_external_task_marker_dag.py
[2024-01-17T15:15:18.004+0000] {processor.py:830} INFO - Processing file /home/airflow/.local/lib/python3.8/site-packages/airflow/example_dags/example_external_task_marker_dag.py for tasks to queue
[2024-01-17T15:15:18.008+0000] {logging_mixin.py:188} INFO - [2024-01-17T15:15:18.007+0000] {dagbag.py:538} INFO - Filling up the DagBag from /home/airflow/.local/lib/python3.8/site-packages/airflow/example_dags/example_external_task_marker_dag.py
[2024-01-17T15:15:18.017+0000] {processor.py:840} INFO - DAG(s) 'example_external_task_marker_parent', 'example_external_task_marker_child' retrieved from /home/airflow/.local/lib/python3.8/site-packages/airflow/example_dags/example_external_task_marker_dag.py
[2024-01-17T15:15:18.049+0000] {logging_mixin.py:188} INFO - [2024-01-17T15:15:18.048+0000] {dag.py:3033} INFO - Sync 2 DAGs
[2024-01-17T15:15:18.074+0000] {logging_mixin.py:188} INFO - [2024-01-17T15:15:18.074+0000] {dag.py:3820} INFO - Setting next_dagrun for example_external_task_marker_child to None, run_after=None
[2024-01-17T15:15:18.117+0000] {logging_mixin.py:188} INFO - [2024-01-17T15:15:18.117+0000] {dag.py:3820} INFO - Setting next_dagrun for example_external_task_marker_parent to None, run_after=None
[2024-01-17T15:15:18.246+0000] {processor.py:183} INFO - Processing /home/airflow/.local/lib/python3.8/site-packages/airflow/example_dags/example_external_task_marker_dag.py took 0.249 seconds
[2024-01-17T15:15:48.447+0000] {processor.py:161} INFO - Started process (PID=365) to work on /home/airflow/.local/lib/python3.8/site-packages/airflow/example_dags/example_external_task_marker_dag.py
[2024-01-17T15:15:48.448+0000] {processor.py:830} INFO - Processing file /home/airflow/.local/lib/python3.8/site-packages/airflow/example_dags/example_external_task_marker_dag.py for tasks to queue
[2024-01-17T15:15:48.452+0000] {logging_mixin.py:188} INFO - [2024-01-17T15:15:48.451+0000] {dagbag.py:538} INFO - Filling up the DagBag from /home/airflow/.local/lib/python3.8/site-packages/airflow/example_dags/example_external_task_marker_dag.py
[2024-01-17T15:15:48.461+0000] {processor.py:840} INFO - DAG(s) 'example_external_task_marker_parent', 'example_external_task_marker_child' retrieved from /home/airflow/.local/lib/python3.8/site-packages/airflow/example_dags/example_external_task_marker_dag.py
[2024-01-17T15:15:48.502+0000] {logging_mixin.py:188} INFO - [2024-01-17T15:15:48.501+0000] {dag.py:3033} INFO - Sync 2 DAGs
[2024-01-17T15:15:48.531+0000] {logging_mixin.py:188} INFO - [2024-01-17T15:15:48.531+0000] {dag.py:3820} INFO - Setting next_dagrun for example_external_task_marker_child to None, run_after=None
[2024-01-17T15:15:48.535+0000] {logging_mixin.py:188} INFO - [2024-01-17T15:15:48.535+0000] {dag.py:3820} INFO - Setting next_dagrun for example_external_task_marker_parent to None, run_after=None
[2024-01-17T15:15:48.617+0000] {processor.py:183} INFO - Processing /home/airflow/.local/lib/python3.8/site-packages/airflow/example_dags/example_external_task_marker_dag.py took 0.176 seconds
[2024-01-17T15:16:18.931+0000] {processor.py:161} INFO - Started process (PID=420) to work on /home/airflow/.local/lib/python3.8/site-packages/airflow/example_dags/example_external_task_marker_dag.py
[2024-01-17T15:16:18.932+0000] {processor.py:830} INFO - Processing file /home/airflow/.local/lib/python3.8/site-packages/airflow/example_dags/example_external_task_marker_dag.py for tasks to queue
[2024-01-17T15:16:18.934+0000] {logging_mixin.py:188} INFO - [2024-01-17T15:16:18.934+0000] {dagbag.py:538} INFO - Filling up the DagBag from /home/airflow/.local/lib/python3.8/site-packages/airflow/example_dags/example_external_task_marker_dag.py
[2024-01-17T15:16:18.944+0000] {processor.py:840} INFO - DAG(s) 'example_external_task_marker_child', 'example_external_task_marker_parent' retrieved from /home/airflow/.local/lib/python3.8/site-packages/airflow/example_dags/example_external_task_marker_dag.py
[2024-01-17T15:16:18.972+0000] {logging_mixin.py:188} INFO - [2024-01-17T15:16:18.972+0000] {dag.py:3033} INFO - Sync 2 DAGs
[2024-01-17T15:16:18.989+0000] {logging_mixin.py:188} INFO - [2024-01-17T15:16:18.989+0000] {dag.py:3820} INFO - Setting next_dagrun for example_external_task_marker_child to None, run_after=None
[2024-01-17T15:16:18.996+0000] {logging_mixin.py:188} INFO - [2024-01-17T15:16:18.995+0000] {dag.py:3820} INFO - Setting next_dagrun for example_external_task_marker_parent to None, run_after=None
[2024-01-17T15:16:19.018+0000] {processor.py:183} INFO - Processing /home/airflow/.local/lib/python3.8/site-packages/airflow/example_dags/example_external_task_marker_dag.py took 0.091 seconds
[2024-01-17T15:16:49.514+0000] {processor.py:161} INFO - Started process (PID=474) to work on /home/airflow/.local/lib/python3.8/site-packages/airflow/example_dags/example_external_task_marker_dag.py
[2024-01-17T15:16:49.516+0000] {processor.py:830} INFO - Processing file /home/airflow/.local/lib/python3.8/site-packages/airflow/example_dags/example_external_task_marker_dag.py for tasks to queue
[2024-01-17T15:16:49.519+0000] {logging_mixin.py:188} INFO - [2024-01-17T15:16:49.518+0000] {dagbag.py:538} INFO - Filling up the DagBag from /home/airflow/.local/lib/python3.8/site-packages/airflow/example_dags/example_external_task_marker_dag.py
[2024-01-17T15:16:49.529+0000] {processor.py:840} INFO - DAG(s) 'example_external_task_marker_parent', 'example_external_task_marker_child' retrieved from /home/airflow/.local/lib/python3.8/site-packages/airflow/example_dags/example_external_task_marker_dag.py
[2024-01-17T15:16:49.565+0000] {logging_mixin.py:188} INFO - [2024-01-17T15:16:49.564+0000] {dag.py:3033} INFO - Sync 2 DAGs
[2024-01-17T15:16:49.584+0000] {logging_mixin.py:188} INFO - [2024-01-17T15:16:49.584+0000] {dag.py:3820} INFO - Setting next_dagrun for example_external_task_marker_child to None, run_after=None
[2024-01-17T15:16:49.589+0000] {logging_mixin.py:188} INFO - [2024-01-17T15:16:49.589+0000] {dag.py:3820} INFO - Setting next_dagrun for example_external_task_marker_parent to None, run_after=None
[2024-01-17T15:16:49.611+0000] {processor.py:183} INFO - Processing /home/airflow/.local/lib/python3.8/site-packages/airflow/example_dags/example_external_task_marker_dag.py took 0.103 seconds
[2024-01-17T15:17:20.081+0000] {processor.py:161} INFO - Started process (PID=529) to work on /home/airflow/.local/lib/python3.8/site-packages/airflow/example_dags/example_external_task_marker_dag.py
[2024-01-17T15:17:20.082+0000] {processor.py:830} INFO - Processing file /home/airflow/.local/lib/python3.8/site-packages/airflow/example_dags/example_external_task_marker_dag.py for tasks to queue
[2024-01-17T15:17:20.085+0000] {logging_mixin.py:188} INFO - [2024-01-17T15:17:20.084+0000] {dagbag.py:538} INFO - Filling up the DagBag from /home/airflow/.local/lib/python3.8/site-packages/airflow/example_dags/example_external_task_marker_dag.py
[2024-01-17T15:17:20.102+0000] {processor.py:840} INFO - DAG(s) 'example_external_task_marker_parent', 'example_external_task_marker_child' retrieved from /home/airflow/.local/lib/python3.8/site-packages/airflow/example_dags/example_external_task_marker_dag.py
[2024-01-17T15:17:20.150+0000] {logging_mixin.py:188} INFO - [2024-01-17T15:17:20.149+0000] {dag.py:3033} INFO - Sync 2 DAGs
[2024-01-17T15:17:20.173+0000] {logging_mixin.py:188} INFO - [2024-01-17T15:17:20.173+0000] {dag.py:3820} INFO - Setting next_dagrun for example_external_task_marker_child to None, run_after=None
[2024-01-17T15:17:20.179+0000] {logging_mixin.py:188} INFO - [2024-01-17T15:17:20.179+0000] {dag.py:3820} INFO - Setting next_dagrun for example_external_task_marker_parent to None, run_after=None
[2024-01-17T15:17:20.223+0000] {processor.py:183} INFO - Processing /home/airflow/.local/lib/python3.8/site-packages/airflow/example_dags/example_external_task_marker_dag.py took 0.147 seconds
[2024-01-17T15:17:50.718+0000] {processor.py:161} INFO - Started process (PID=584) to work on /home/airflow/.local/lib/python3.8/site-packages/airflow/example_dags/example_external_task_marker_dag.py
[2024-01-17T15:17:50.720+0000] {processor.py:830} INFO - Processing file /home/airflow/.local/lib/python3.8/site-packages/airflow/example_dags/example_external_task_marker_dag.py for tasks to queue
[2024-01-17T15:17:50.725+0000] {logging_mixin.py:188} INFO - [2024-01-17T15:17:50.725+0000] {dagbag.py:538} INFO - Filling up the DagBag from /home/airflow/.local/lib/python3.8/site-packages/airflow/example_dags/example_external_task_marker_dag.py
[2024-01-17T15:17:50.738+0000] {processor.py:840} INFO - DAG(s) 'example_external_task_marker_parent', 'example_external_task_marker_child' retrieved from /home/airflow/.local/lib/python3.8/site-packages/airflow/example_dags/example_external_task_marker_dag.py
[2024-01-17T15:17:50.776+0000] {logging_mixin.py:188} INFO - [2024-01-17T15:17:50.776+0000] {dag.py:3033} INFO - Sync 2 DAGs
[2024-01-17T15:17:50.800+0000] {logging_mixin.py:188} INFO - [2024-01-17T15:17:50.800+0000] {dag.py:3820} INFO - Setting next_dagrun for example_external_task_marker_child to None, run_after=None
[2024-01-17T15:17:50.807+0000] {logging_mixin.py:188} INFO - [2024-01-17T15:17:50.806+0000] {dag.py:3820} INFO - Setting next_dagrun for example_external_task_marker_parent to None, run_after=None
[2024-01-17T15:17:50.836+0000] {processor.py:183} INFO - Processing /home/airflow/.local/lib/python3.8/site-packages/airflow/example_dags/example_external_task_marker_dag.py took 0.124 seconds
[2024-01-17T15:18:21.639+0000] {processor.py:161} INFO - Started process (PID=639) to work on /home/airflow/.local/lib/python3.8/site-packages/airflow/example_dags/example_external_task_marker_dag.py
[2024-01-17T15:18:21.640+0000] {processor.py:830} INFO - Processing file /home/airflow/.local/lib/python3.8/site-packages/airflow/example_dags/example_external_task_marker_dag.py for tasks to queue
[2024-01-17T15:18:21.643+0000] {logging_mixin.py:188} INFO - [2024-01-17T15:18:21.643+0000] {dagbag.py:538} INFO - Filling up the DagBag from /home/airflow/.local/lib/python3.8/site-packages/airflow/example_dags/example_external_task_marker_dag.py
[2024-01-17T15:18:21.653+0000] {processor.py:840} INFO - DAG(s) 'example_external_task_marker_child', 'example_external_task_marker_parent' retrieved from /home/airflow/.local/lib/python3.8/site-packages/airflow/example_dags/example_external_task_marker_dag.py
[2024-01-17T15:18:21.682+0000] {logging_mixin.py:188} INFO - [2024-01-17T15:18:21.682+0000] {dag.py:3033} INFO - Sync 2 DAGs
[2024-01-17T15:18:21.701+0000] {logging_mixin.py:188} INFO - [2024-01-17T15:18:21.701+0000] {dag.py:3820} INFO - Setting next_dagrun for example_external_task_marker_child to None, run_after=None
[2024-01-17T15:18:21.705+0000] {logging_mixin.py:188} INFO - [2024-01-17T15:18:21.705+0000] {dag.py:3820} INFO - Setting next_dagrun for example_external_task_marker_parent to None, run_after=None
[2024-01-17T15:18:21.731+0000] {processor.py:183} INFO - Processing /home/airflow/.local/lib/python3.8/site-packages/airflow/example_dags/example_external_task_marker_dag.py took 0.098 seconds
[2024-01-17T15:18:52.685+0000] {processor.py:161} INFO - Started process (PID=694) to work on /home/airflow/.local/lib/python3.8/site-packages/airflow/example_dags/example_external_task_marker_dag.py
[2024-01-17T15:18:52.687+0000] {processor.py:830} INFO - Processing file /home/airflow/.local/lib/python3.8/site-packages/airflow/example_dags/example_external_task_marker_dag.py for tasks to queue
[2024-01-17T15:18:52.691+0000] {logging_mixin.py:188} INFO - [2024-01-17T15:18:52.690+0000] {dagbag.py:538} INFO - Filling up the DagBag from /home/airflow/.local/lib/python3.8/site-packages/airflow/example_dags/example_external_task_marker_dag.py
[2024-01-17T15:18:52.702+0000] {processor.py:840} INFO - DAG(s) 'example_external_task_marker_child', 'example_external_task_marker_parent' retrieved from /home/airflow/.local/lib/python3.8/site-packages/airflow/example_dags/example_external_task_marker_dag.py
[2024-01-17T15:18:52.733+0000] {logging_mixin.py:188} INFO - [2024-01-17T15:18:52.733+0000] {dag.py:3033} INFO - Sync 2 DAGs
[2024-01-17T15:18:52.752+0000] {logging_mixin.py:188} INFO - [2024-01-17T15:18:52.751+0000] {dag.py:3820} INFO - Setting next_dagrun for example_external_task_marker_child to None, run_after=None
[2024-01-17T15:18:52.756+0000] {logging_mixin.py:188} INFO - [2024-01-17T15:18:52.756+0000] {dag.py:3820} INFO - Setting next_dagrun for example_external_task_marker_parent to None, run_after=None
[2024-01-17T15:18:52.883+0000] {processor.py:183} INFO - Processing /home/airflow/.local/lib/python3.8/site-packages/airflow/example_dags/example_external_task_marker_dag.py took 0.203 seconds
[2024-01-17T15:19:23.926+0000] {processor.py:161} INFO - Started process (PID=749) to work on /home/airflow/.local/lib/python3.8/site-packages/airflow/example_dags/example_external_task_marker_dag.py
[2024-01-17T15:19:23.928+0000] {processor.py:830} INFO - Processing file /home/airflow/.local/lib/python3.8/site-packages/airflow/example_dags/example_external_task_marker_dag.py for tasks to queue
[2024-01-17T15:19:23.931+0000] {logging_mixin.py:188} INFO - [2024-01-17T15:19:23.930+0000] {dagbag.py:538} INFO - Filling up the DagBag from /home/airflow/.local/lib/python3.8/site-packages/airflow/example_dags/example_external_task_marker_dag.py
[2024-01-17T15:19:23.942+0000] {processor.py:840} INFO - DAG(s) 'example_external_task_marker_parent', 'example_external_task_marker_child' retrieved from /home/airflow/.local/lib/python3.8/site-packages/airflow/example_dags/example_external_task_marker_dag.py
[2024-01-17T15:19:24.028+0000] {logging_mixin.py:188} INFO - [2024-01-17T15:19:24.028+0000] {dag.py:3033} INFO - Sync 2 DAGs
[2024-01-17T15:19:24.091+0000] {logging_mixin.py:188} INFO - [2024-01-17T15:19:24.091+0000] {dag.py:3820} INFO - Setting next_dagrun for example_external_task_marker_child to None, run_after=None
[2024-01-17T15:19:24.101+0000] {logging_mixin.py:188} INFO - [2024-01-17T15:19:24.100+0000] {dag.py:3820} INFO - Setting next_dagrun for example_external_task_marker_parent to None, run_after=None
[2024-01-17T15:19:24.157+0000] {processor.py:183} INFO - Processing /home/airflow/.local/lib/python3.8/site-packages/airflow/example_dags/example_external_task_marker_dag.py took 0.236 seconds
[2024-01-17T15:19:55.039+0000] {processor.py:161} INFO - Started process (PID=805) to work on /home/airflow/.local/lib/python3.8/site-packages/airflow/example_dags/example_external_task_marker_dag.py
[2024-01-17T15:19:55.040+0000] {processor.py:830} INFO - Processing file /home/airflow/.local/lib/python3.8/site-packages/airflow/example_dags/example_external_task_marker_dag.py for tasks to queue
[2024-01-17T15:19:55.043+0000] {logging_mixin.py:188} INFO - [2024-01-17T15:19:55.042+0000] {dagbag.py:538} INFO - Filling up the DagBag from /home/airflow/.local/lib/python3.8/site-packages/airflow/example_dags/example_external_task_marker_dag.py
[2024-01-17T15:19:55.053+0000] {processor.py:840} INFO - DAG(s) 'example_external_task_marker_parent', 'example_external_task_marker_child' retrieved from /home/airflow/.local/lib/python3.8/site-packages/airflow/example_dags/example_external_task_marker_dag.py
[2024-01-17T15:19:55.095+0000] {logging_mixin.py:188} INFO - [2024-01-17T15:19:55.095+0000] {dag.py:3033} INFO - Sync 2 DAGs
[2024-01-17T15:19:55.116+0000] {logging_mixin.py:188} INFO - [2024-01-17T15:19:55.115+0000] {dag.py:3820} INFO - Setting next_dagrun for example_external_task_marker_child to None, run_after=None
[2024-01-17T15:19:55.121+0000] {logging_mixin.py:188} INFO - [2024-01-17T15:19:55.121+0000] {dag.py:3820} INFO - Setting next_dagrun for example_external_task_marker_parent to None, run_after=None
[2024-01-17T15:19:55.144+0000] {processor.py:183} INFO - Processing /home/airflow/.local/lib/python3.8/site-packages/airflow/example_dags/example_external_task_marker_dag.py took 0.109 seconds
[2024-01-17T15:20:26.743+0000] {processor.py:161} INFO - Started process (PID=861) to work on /home/airflow/.local/lib/python3.8/site-packages/airflow/example_dags/example_external_task_marker_dag.py
[2024-01-17T15:20:26.745+0000] {processor.py:830} INFO - Processing file /home/airflow/.local/lib/python3.8/site-packages/airflow/example_dags/example_external_task_marker_dag.py for tasks to queue
[2024-01-17T15:20:26.748+0000] {logging_mixin.py:188} INFO - [2024-01-17T15:20:26.748+0000] {dagbag.py:538} INFO - Filling up the DagBag from /home/airflow/.local/lib/python3.8/site-packages/airflow/example_dags/example_external_task_marker_dag.py
[2024-01-17T15:20:26.759+0000] {processor.py:840} INFO - DAG(s) 'example_external_task_marker_parent', 'example_external_task_marker_child' retrieved from /home/airflow/.local/lib/python3.8/site-packages/airflow/example_dags/example_external_task_marker_dag.py
[2024-01-17T15:20:26.829+0000] {logging_mixin.py:188} INFO - [2024-01-17T15:20:26.828+0000] {dag.py:3033} INFO - Sync 2 DAGs
[2024-01-17T15:20:26.856+0000] {logging_mixin.py:188} INFO - [2024-01-17T15:20:26.856+0000] {dag.py:3820} INFO - Setting next_dagrun for example_external_task_marker_child to None, run_after=None
[2024-01-17T15:20:26.861+0000] {logging_mixin.py:188} INFO - [2024-01-17T15:20:26.861+0000] {dag.py:3820} INFO - Setting next_dagrun for example_external_task_marker_parent to None, run_after=None
[2024-01-17T15:20:26.889+0000] {processor.py:183} INFO - Processing /home/airflow/.local/lib/python3.8/site-packages/airflow/example_dags/example_external_task_marker_dag.py took 0.151 seconds
[2024-01-17T15:20:57.795+0000] {processor.py:161} INFO - Started process (PID=917) to work on /home/airflow/.local/lib/python3.8/site-packages/airflow/example_dags/example_external_task_marker_dag.py
[2024-01-17T15:20:57.797+0000] {processor.py:830} INFO - Processing file /home/airflow/.local/lib/python3.8/site-packages/airflow/example_dags/example_external_task_marker_dag.py for tasks to queue
[2024-01-17T15:20:57.800+0000] {logging_mixin.py:188} INFO - [2024-01-17T15:20:57.799+0000] {dagbag.py:538} INFO - Filling up the DagBag from /home/airflow/.local/lib/python3.8/site-packages/airflow/example_dags/example_external_task_marker_dag.py
[2024-01-17T15:20:57.808+0000] {processor.py:840} INFO - DAG(s) 'example_external_task_marker_child', 'example_external_task_marker_parent' retrieved from /home/airflow/.local/lib/python3.8/site-packages/airflow/example_dags/example_external_task_marker_dag.py
[2024-01-17T15:20:57.842+0000] {logging_mixin.py:188} INFO - [2024-01-17T15:20:57.842+0000] {dag.py:3033} INFO - Sync 2 DAGs
[2024-01-17T15:20:57.862+0000] {logging_mixin.py:188} INFO - [2024-01-17T15:20:57.862+0000] {dag.py:3820} INFO - Setting next_dagrun for example_external_task_marker_child to None, run_after=None
[2024-01-17T15:20:57.868+0000] {logging_mixin.py:188} INFO - [2024-01-17T15:20:57.868+0000] {dag.py:3820} INFO - Setting next_dagrun for example_external_task_marker_parent to None, run_after=None
[2024-01-17T15:20:57.894+0000] {processor.py:183} INFO - Processing /home/airflow/.local/lib/python3.8/site-packages/airflow/example_dags/example_external_task_marker_dag.py took 0.103 seconds
[2024-01-17T15:21:28.537+0000] {processor.py:161} INFO - Started process (PID=971) to work on /home/airflow/.local/lib/python3.8/site-packages/airflow/example_dags/example_external_task_marker_dag.py
[2024-01-17T15:21:28.538+0000] {processor.py:830} INFO - Processing file /home/airflow/.local/lib/python3.8/site-packages/airflow/example_dags/example_external_task_marker_dag.py for tasks to queue
[2024-01-17T15:21:28.541+0000] {logging_mixin.py:188} INFO - [2024-01-17T15:21:28.541+0000] {dagbag.py:538} INFO - Filling up the DagBag from /home/airflow/.local/lib/python3.8/site-packages/airflow/example_dags/example_external_task_marker_dag.py
[2024-01-17T15:21:28.549+0000] {processor.py:840} INFO - DAG(s) 'example_external_task_marker_child', 'example_external_task_marker_parent' retrieved from /home/airflow/.local/lib/python3.8/site-packages/airflow/example_dags/example_external_task_marker_dag.py
[2024-01-17T15:21:28.590+0000] {logging_mixin.py:188} INFO - [2024-01-17T15:21:28.590+0000] {dag.py:3033} INFO - Sync 2 DAGs
[2024-01-17T15:21:28.611+0000] {logging_mixin.py:188} INFO - [2024-01-17T15:21:28.610+0000] {dag.py:3820} INFO - Setting next_dagrun for example_external_task_marker_child to None, run_after=None
[2024-01-17T15:21:28.615+0000] {logging_mixin.py:188} INFO - [2024-01-17T15:21:28.615+0000] {dag.py:3820} INFO - Setting next_dagrun for example_external_task_marker_parent to None, run_after=None
[2024-01-17T15:21:28.635+0000] {processor.py:183} INFO - Processing /home/airflow/.local/lib/python3.8/site-packages/airflow/example_dags/example_external_task_marker_dag.py took 0.102 seconds
[2024-01-17T15:21:59.570+0000] {processor.py:161} INFO - Started process (PID=1025) to work on /home/airflow/.local/lib/python3.8/site-packages/airflow/example_dags/example_external_task_marker_dag.py
[2024-01-17T15:21:59.571+0000] {processor.py:830} INFO - Processing file /home/airflow/.local/lib/python3.8/site-packages/airflow/example_dags/example_external_task_marker_dag.py for tasks to queue
[2024-01-17T15:21:59.574+0000] {logging_mixin.py:188} INFO - [2024-01-17T15:21:59.573+0000] {dagbag.py:538} INFO - Filling up the DagBag from /home/airflow/.local/lib/python3.8/site-packages/airflow/example_dags/example_external_task_marker_dag.py
[2024-01-17T15:21:59.583+0000] {processor.py:840} INFO - DAG(s) 'example_external_task_marker_child', 'example_external_task_marker_parent' retrieved from /home/airflow/.local/lib/python3.8/site-packages/airflow/example_dags/example_external_task_marker_dag.py
[2024-01-17T15:21:59.654+0000] {logging_mixin.py:188} INFO - [2024-01-17T15:21:59.653+0000] {dag.py:3033} INFO - Sync 2 DAGs
[2024-01-17T15:21:59.677+0000] {logging_mixin.py:188} INFO - [2024-01-17T15:21:59.676+0000] {dag.py:3820} INFO - Setting next_dagrun for example_external_task_marker_child to None, run_after=None
[2024-01-17T15:21:59.684+0000] {logging_mixin.py:188} INFO - [2024-01-17T15:21:59.683+0000] {dag.py:3820} INFO - Setting next_dagrun for example_external_task_marker_parent to None, run_after=None
[2024-01-17T15:21:59.758+0000] {processor.py:183} INFO - Processing /home/airflow/.local/lib/python3.8/site-packages/airflow/example_dags/example_external_task_marker_dag.py took 0.192 seconds
[2024-01-17T15:25:19.502+0000] {processor.py:161} INFO - Started process (PID=78) to work on /home/airflow/.local/lib/python3.8/site-packages/airflow/example_dags/example_external_task_marker_dag.py
[2024-01-17T15:25:19.561+0000] {processor.py:830} INFO - Processing file /home/airflow/.local/lib/python3.8/site-packages/airflow/example_dags/example_external_task_marker_dag.py for tasks to queue
[2024-01-17T15:25:19.565+0000] {logging_mixin.py:188} INFO - [2024-01-17T15:25:19.564+0000] {dagbag.py:538} INFO - Filling up the DagBag from /home/airflow/.local/lib/python3.8/site-packages/airflow/example_dags/example_external_task_marker_dag.py
[2024-01-17T15:25:19.585+0000] {processor.py:840} INFO - DAG(s) 'example_external_task_marker_parent', 'example_external_task_marker_child' retrieved from /home/airflow/.local/lib/python3.8/site-packages/airflow/example_dags/example_external_task_marker_dag.py
[2024-01-17T15:25:19.746+0000] {logging_mixin.py:188} INFO - [2024-01-17T15:25:19.745+0000] {dag.py:3033} INFO - Sync 2 DAGs
[2024-01-17T15:25:19.776+0000] {logging_mixin.py:188} INFO - [2024-01-17T15:25:19.776+0000] {dag.py:3820} INFO - Setting next_dagrun for example_external_task_marker_child to None, run_after=None
[2024-01-17T15:25:19.784+0000] {logging_mixin.py:188} INFO - [2024-01-17T15:25:19.783+0000] {dag.py:3820} INFO - Setting next_dagrun for example_external_task_marker_parent to None, run_after=None
[2024-01-17T15:25:19.890+0000] {processor.py:183} INFO - Processing /home/airflow/.local/lib/python3.8/site-packages/airflow/example_dags/example_external_task_marker_dag.py took 0.398 seconds
[2024-01-17T15:25:50.296+0000] {processor.py:161} INFO - Started process (PID=133) to work on /home/airflow/.local/lib/python3.8/site-packages/airflow/example_dags/example_external_task_marker_dag.py
[2024-01-17T15:25:50.310+0000] {processor.py:830} INFO - Processing file /home/airflow/.local/lib/python3.8/site-packages/airflow/example_dags/example_external_task_marker_dag.py for tasks to queue
[2024-01-17T15:25:50.313+0000] {logging_mixin.py:188} INFO - [2024-01-17T15:25:50.312+0000] {dagbag.py:538} INFO - Filling up the DagBag from /home/airflow/.local/lib/python3.8/site-packages/airflow/example_dags/example_external_task_marker_dag.py
[2024-01-17T15:25:50.322+0000] {processor.py:840} INFO - DAG(s) 'example_external_task_marker_parent', 'example_external_task_marker_child' retrieved from /home/airflow/.local/lib/python3.8/site-packages/airflow/example_dags/example_external_task_marker_dag.py
[2024-01-17T15:25:50.374+0000] {logging_mixin.py:188} INFO - [2024-01-17T15:25:50.374+0000] {dag.py:3033} INFO - Sync 2 DAGs
[2024-01-17T15:25:50.409+0000] {logging_mixin.py:188} INFO - [2024-01-17T15:25:50.409+0000] {dag.py:3820} INFO - Setting next_dagrun for example_external_task_marker_child to None, run_after=None
[2024-01-17T15:25:50.419+0000] {logging_mixin.py:188} INFO - [2024-01-17T15:25:50.419+0000] {dag.py:3820} INFO - Setting next_dagrun for example_external_task_marker_parent to None, run_after=None
[2024-01-17T15:25:50.489+0000] {processor.py:183} INFO - Processing /home/airflow/.local/lib/python3.8/site-packages/airflow/example_dags/example_external_task_marker_dag.py took 0.202 seconds
[2024-01-17T15:26:21.892+0000] {processor.py:161} INFO - Started process (PID=189) to work on /home/airflow/.local/lib/python3.8/site-packages/airflow/example_dags/example_external_task_marker_dag.py
[2024-01-17T15:26:21.896+0000] {processor.py:830} INFO - Processing file /home/airflow/.local/lib/python3.8/site-packages/airflow/example_dags/example_external_task_marker_dag.py for tasks to queue
[2024-01-17T15:26:21.899+0000] {logging_mixin.py:188} INFO - [2024-01-17T15:26:21.898+0000] {dagbag.py:538} INFO - Filling up the DagBag from /home/airflow/.local/lib/python3.8/site-packages/airflow/example_dags/example_external_task_marker_dag.py
[2024-01-17T15:26:21.909+0000] {processor.py:840} INFO - DAG(s) 'example_external_task_marker_child', 'example_external_task_marker_parent' retrieved from /home/airflow/.local/lib/python3.8/site-packages/airflow/example_dags/example_external_task_marker_dag.py
[2024-01-17T15:26:21.958+0000] {logging_mixin.py:188} INFO - [2024-01-17T15:26:21.958+0000] {dag.py:3033} INFO - Sync 2 DAGs
[2024-01-17T15:26:21.985+0000] {logging_mixin.py:188} INFO - [2024-01-17T15:26:21.985+0000] {dag.py:3820} INFO - Setting next_dagrun for example_external_task_marker_child to None, run_after=None
[2024-01-17T15:26:21.991+0000] {logging_mixin.py:188} INFO - [2024-01-17T15:26:21.990+0000] {dag.py:3820} INFO - Setting next_dagrun for example_external_task_marker_parent to None, run_after=None
[2024-01-17T15:26:22.042+0000] {processor.py:183} INFO - Processing /home/airflow/.local/lib/python3.8/site-packages/airflow/example_dags/example_external_task_marker_dag.py took 0.163 seconds
[2024-01-17T15:26:52.144+0000] {processor.py:161} INFO - Started process (PID=244) to work on /home/airflow/.local/lib/python3.8/site-packages/airflow/example_dags/example_external_task_marker_dag.py
[2024-01-17T15:26:52.152+0000] {processor.py:830} INFO - Processing file /home/airflow/.local/lib/python3.8/site-packages/airflow/example_dags/example_external_task_marker_dag.py for tasks to queue
[2024-01-17T15:26:52.156+0000] {logging_mixin.py:188} INFO - [2024-01-17T15:26:52.155+0000] {dagbag.py:538} INFO - Filling up the DagBag from /home/airflow/.local/lib/python3.8/site-packages/airflow/example_dags/example_external_task_marker_dag.py
[2024-01-17T15:26:52.206+0000] {processor.py:840} INFO - DAG(s) 'example_external_task_marker_parent', 'example_external_task_marker_child' retrieved from /home/airflow/.local/lib/python3.8/site-packages/airflow/example_dags/example_external_task_marker_dag.py
[2024-01-17T15:26:52.318+0000] {logging_mixin.py:188} INFO - [2024-01-17T15:26:52.316+0000] {dag.py:3033} INFO - Sync 2 DAGs
[2024-01-17T15:26:52.413+0000] {logging_mixin.py:188} INFO - [2024-01-17T15:26:52.413+0000] {dag.py:3820} INFO - Setting next_dagrun for example_external_task_marker_child to None, run_after=None
[2024-01-17T15:26:52.422+0000] {logging_mixin.py:188} INFO - [2024-01-17T15:26:52.422+0000] {dag.py:3820} INFO - Setting next_dagrun for example_external_task_marker_parent to None, run_after=None
[2024-01-17T15:26:52.496+0000] {processor.py:183} INFO - Processing /home/airflow/.local/lib/python3.8/site-packages/airflow/example_dags/example_external_task_marker_dag.py took 0.378 seconds
[2024-01-17T15:27:23.041+0000] {processor.py:161} INFO - Started process (PID=300) to work on /home/airflow/.local/lib/python3.8/site-packages/airflow/example_dags/example_external_task_marker_dag.py
[2024-01-17T15:27:23.069+0000] {processor.py:830} INFO - Processing file /home/airflow/.local/lib/python3.8/site-packages/airflow/example_dags/example_external_task_marker_dag.py for tasks to queue
[2024-01-17T15:27:23.075+0000] {logging_mixin.py:188} INFO - [2024-01-17T15:27:23.075+0000] {dagbag.py:538} INFO - Filling up the DagBag from /home/airflow/.local/lib/python3.8/site-packages/airflow/example_dags/example_external_task_marker_dag.py
[2024-01-17T15:27:23.087+0000] {processor.py:840} INFO - DAG(s) 'example_external_task_marker_parent', 'example_external_task_marker_child' retrieved from /home/airflow/.local/lib/python3.8/site-packages/airflow/example_dags/example_external_task_marker_dag.py
[2024-01-17T15:27:23.192+0000] {logging_mixin.py:188} INFO - [2024-01-17T15:27:23.191+0000] {dag.py:3033} INFO - Sync 2 DAGs
[2024-01-17T15:27:23.230+0000] {logging_mixin.py:188} INFO - [2024-01-17T15:27:23.229+0000] {dag.py:3820} INFO - Setting next_dagrun for example_external_task_marker_child to None, run_after=None
[2024-01-17T15:27:23.267+0000] {logging_mixin.py:188} INFO - [2024-01-17T15:27:23.266+0000] {dag.py:3820} INFO - Setting next_dagrun for example_external_task_marker_parent to None, run_after=None
[2024-01-17T15:27:24.627+0000] {processor.py:183} INFO - Processing /home/airflow/.local/lib/python3.8/site-packages/airflow/example_dags/example_external_task_marker_dag.py took 1.611 seconds
[2024-01-17T15:28:00.645+0000] {processor.py:161} INFO - Started process (PID=356) to work on /home/airflow/.local/lib/python3.8/site-packages/airflow/example_dags/example_external_task_marker_dag.py
[2024-01-17T15:28:00.659+0000] {processor.py:830} INFO - Processing file /home/airflow/.local/lib/python3.8/site-packages/airflow/example_dags/example_external_task_marker_dag.py for tasks to queue
[2024-01-17T15:28:00.665+0000] {logging_mixin.py:188} INFO - [2024-01-17T15:28:00.663+0000] {dagbag.py:538} INFO - Filling up the DagBag from /home/airflow/.local/lib/python3.8/site-packages/airflow/example_dags/example_external_task_marker_dag.py
[2024-01-17T15:28:00.679+0000] {processor.py:840} INFO - DAG(s) 'example_external_task_marker_parent', 'example_external_task_marker_child' retrieved from /home/airflow/.local/lib/python3.8/site-packages/airflow/example_dags/example_external_task_marker_dag.py
[2024-01-17T15:28:00.812+0000] {logging_mixin.py:188} INFO - [2024-01-17T15:28:00.812+0000] {dag.py:3033} INFO - Sync 2 DAGs
[2024-01-17T15:28:00.880+0000] {logging_mixin.py:188} INFO - [2024-01-17T15:28:00.880+0000] {dag.py:3820} INFO - Setting next_dagrun for example_external_task_marker_child to None, run_after=None
[2024-01-17T15:28:00.901+0000] {logging_mixin.py:188} INFO - [2024-01-17T15:28:00.900+0000] {dag.py:3820} INFO - Setting next_dagrun for example_external_task_marker_parent to None, run_after=None
[2024-01-17T15:28:00.963+0000] {processor.py:183} INFO - Processing /home/airflow/.local/lib/python3.8/site-packages/airflow/example_dags/example_external_task_marker_dag.py took 0.367 seconds
[2024-01-17T15:28:37.287+0000] {processor.py:161} INFO - Started process (PID=417) to work on /home/airflow/.local/lib/python3.8/site-packages/airflow/example_dags/example_external_task_marker_dag.py
[2024-01-17T15:28:37.304+0000] {processor.py:830} INFO - Processing file /home/airflow/.local/lib/python3.8/site-packages/airflow/example_dags/example_external_task_marker_dag.py for tasks to queue
[2024-01-17T15:28:37.309+0000] {logging_mixin.py:188} INFO - [2024-01-17T15:28:37.307+0000] {dagbag.py:538} INFO - Filling up the DagBag from /home/airflow/.local/lib/python3.8/site-packages/airflow/example_dags/example_external_task_marker_dag.py
[2024-01-17T15:28:37.331+0000] {processor.py:840} INFO - DAG(s) 'example_external_task_marker_parent', 'example_external_task_marker_child' retrieved from /home/airflow/.local/lib/python3.8/site-packages/airflow/example_dags/example_external_task_marker_dag.py
[2024-01-17T15:28:37.367+0000] {logging_mixin.py:188} INFO - [2024-01-17T15:28:37.366+0000] {dag.py:3033} INFO - Sync 2 DAGs
[2024-01-17T15:28:37.412+0000] {logging_mixin.py:188} INFO - [2024-01-17T15:28:37.412+0000] {dag.py:3820} INFO - Setting next_dagrun for example_external_task_marker_child to None, run_after=None
[2024-01-17T15:28:37.418+0000] {logging_mixin.py:188} INFO - [2024-01-17T15:28:37.418+0000] {dag.py:3820} INFO - Setting next_dagrun for example_external_task_marker_parent to None, run_after=None
[2024-01-17T15:28:37.480+0000] {processor.py:183} INFO - Processing /home/airflow/.local/lib/python3.8/site-packages/airflow/example_dags/example_external_task_marker_dag.py took 0.198 seconds
[2024-01-17T15:29:09.087+0000] {processor.py:161} INFO - Started process (PID=473) to work on /home/airflow/.local/lib/python3.8/site-packages/airflow/example_dags/example_external_task_marker_dag.py
[2024-01-17T15:29:09.089+0000] {processor.py:830} INFO - Processing file /home/airflow/.local/lib/python3.8/site-packages/airflow/example_dags/example_external_task_marker_dag.py for tasks to queue
[2024-01-17T15:29:09.092+0000] {logging_mixin.py:188} INFO - [2024-01-17T15:29:09.092+0000] {dagbag.py:538} INFO - Filling up the DagBag from /home/airflow/.local/lib/python3.8/site-packages/airflow/example_dags/example_external_task_marker_dag.py
[2024-01-17T15:29:09.102+0000] {processor.py:840} INFO - DAG(s) 'example_external_task_marker_parent', 'example_external_task_marker_child' retrieved from /home/airflow/.local/lib/python3.8/site-packages/airflow/example_dags/example_external_task_marker_dag.py
[2024-01-17T15:29:09.372+0000] {logging_mixin.py:188} INFO - [2024-01-17T15:29:09.371+0000] {dag.py:3033} INFO - Sync 2 DAGs
[2024-01-17T15:29:09.398+0000] {logging_mixin.py:188} INFO - [2024-01-17T15:29:09.398+0000] {dag.py:3820} INFO - Setting next_dagrun for example_external_task_marker_child to None, run_after=None
[2024-01-17T15:29:09.409+0000] {logging_mixin.py:188} INFO - [2024-01-17T15:29:09.409+0000] {dag.py:3820} INFO - Setting next_dagrun for example_external_task_marker_parent to None, run_after=None
[2024-01-17T15:29:09.507+0000] {processor.py:183} INFO - Processing /home/airflow/.local/lib/python3.8/site-packages/airflow/example_dags/example_external_task_marker_dag.py took 0.424 seconds
[2024-01-17T15:30:03.259+0000] {processor.py:161} INFO - Started process (PID=541) to work on /home/airflow/.local/lib/python3.8/site-packages/airflow/example_dags/example_external_task_marker_dag.py
[2024-01-17T15:30:03.260+0000] {processor.py:830} INFO - Processing file /home/airflow/.local/lib/python3.8/site-packages/airflow/example_dags/example_external_task_marker_dag.py for tasks to queue
[2024-01-17T15:30:03.263+0000] {logging_mixin.py:188} INFO - [2024-01-17T15:30:03.263+0000] {dagbag.py:538} INFO - Filling up the DagBag from /home/airflow/.local/lib/python3.8/site-packages/airflow/example_dags/example_external_task_marker_dag.py
[2024-01-17T15:30:03.274+0000] {processor.py:840} INFO - DAG(s) 'example_external_task_marker_parent', 'example_external_task_marker_child' retrieved from /home/airflow/.local/lib/python3.8/site-packages/airflow/example_dags/example_external_task_marker_dag.py
[2024-01-17T15:30:03.324+0000] {logging_mixin.py:188} INFO - [2024-01-17T15:30:03.324+0000] {dag.py:3033} INFO - Sync 2 DAGs
[2024-01-17T15:30:03.351+0000] {logging_mixin.py:188} INFO - [2024-01-17T15:30:03.350+0000] {dag.py:3820} INFO - Setting next_dagrun for example_external_task_marker_child to None, run_after=None
[2024-01-17T15:30:03.357+0000] {logging_mixin.py:188} INFO - [2024-01-17T15:30:03.356+0000] {dag.py:3820} INFO - Setting next_dagrun for example_external_task_marker_parent to None, run_after=None
[2024-01-17T15:30:03.394+0000] {processor.py:183} INFO - Processing /home/airflow/.local/lib/python3.8/site-packages/airflow/example_dags/example_external_task_marker_dag.py took 0.141 seconds
[2024-01-17T15:30:36.391+0000] {processor.py:161} INFO - Started process (PID=596) to work on /home/airflow/.local/lib/python3.8/site-packages/airflow/example_dags/example_external_task_marker_dag.py
[2024-01-17T15:30:36.396+0000] {processor.py:830} INFO - Processing file /home/airflow/.local/lib/python3.8/site-packages/airflow/example_dags/example_external_task_marker_dag.py for tasks to queue
[2024-01-17T15:30:36.401+0000] {logging_mixin.py:188} INFO - [2024-01-17T15:30:36.400+0000] {dagbag.py:538} INFO - Filling up the DagBag from /home/airflow/.local/lib/python3.8/site-packages/airflow/example_dags/example_external_task_marker_dag.py
[2024-01-17T15:30:36.443+0000] {processor.py:840} INFO - DAG(s) 'example_external_task_marker_parent', 'example_external_task_marker_child' retrieved from /home/airflow/.local/lib/python3.8/site-packages/airflow/example_dags/example_external_task_marker_dag.py
[2024-01-17T15:30:36.536+0000] {logging_mixin.py:188} INFO - [2024-01-17T15:30:36.536+0000] {dag.py:3033} INFO - Sync 2 DAGs
[2024-01-17T15:30:36.592+0000] {logging_mixin.py:188} INFO - [2024-01-17T15:30:36.591+0000] {dag.py:3820} INFO - Setting next_dagrun for example_external_task_marker_child to None, run_after=None
[2024-01-17T15:30:36.609+0000] {logging_mixin.py:188} INFO - [2024-01-17T15:30:36.608+0000] {dag.py:3820} INFO - Setting next_dagrun for example_external_task_marker_parent to None, run_after=None
[2024-01-17T15:30:36.704+0000] {processor.py:183} INFO - Processing /home/airflow/.local/lib/python3.8/site-packages/airflow/example_dags/example_external_task_marker_dag.py took 0.319 seconds
[2024-01-17T15:31:07.484+0000] {processor.py:161} INFO - Started process (PID=652) to work on /home/airflow/.local/lib/python3.8/site-packages/airflow/example_dags/example_external_task_marker_dag.py
[2024-01-17T15:31:07.489+0000] {processor.py:830} INFO - Processing file /home/airflow/.local/lib/python3.8/site-packages/airflow/example_dags/example_external_task_marker_dag.py for tasks to queue
[2024-01-17T15:31:07.493+0000] {logging_mixin.py:188} INFO - [2024-01-17T15:31:07.492+0000] {dagbag.py:538} INFO - Filling up the DagBag from /home/airflow/.local/lib/python3.8/site-packages/airflow/example_dags/example_external_task_marker_dag.py
[2024-01-17T15:31:07.512+0000] {processor.py:840} INFO - DAG(s) 'example_external_task_marker_parent', 'example_external_task_marker_child' retrieved from /home/airflow/.local/lib/python3.8/site-packages/airflow/example_dags/example_external_task_marker_dag.py
[2024-01-17T15:31:07.653+0000] {logging_mixin.py:188} INFO - [2024-01-17T15:31:07.652+0000] {dag.py:3033} INFO - Sync 2 DAGs
[2024-01-17T15:31:07.679+0000] {logging_mixin.py:188} INFO - [2024-01-17T15:31:07.679+0000] {dag.py:3820} INFO - Setting next_dagrun for example_external_task_marker_child to None, run_after=None
[2024-01-17T15:31:07.685+0000] {logging_mixin.py:188} INFO - [2024-01-17T15:31:07.685+0000] {dag.py:3820} INFO - Setting next_dagrun for example_external_task_marker_parent to None, run_after=None
[2024-01-17T15:31:07.709+0000] {processor.py:183} INFO - Processing /home/airflow/.local/lib/python3.8/site-packages/airflow/example_dags/example_external_task_marker_dag.py took 0.239 seconds
[2024-01-17T15:31:38.473+0000] {processor.py:161} INFO - Started process (PID=707) to work on /home/airflow/.local/lib/python3.8/site-packages/airflow/example_dags/example_external_task_marker_dag.py
[2024-01-17T15:31:38.474+0000] {processor.py:830} INFO - Processing file /home/airflow/.local/lib/python3.8/site-packages/airflow/example_dags/example_external_task_marker_dag.py for tasks to queue
[2024-01-17T15:31:38.477+0000] {logging_mixin.py:188} INFO - [2024-01-17T15:31:38.477+0000] {dagbag.py:538} INFO - Filling up the DagBag from /home/airflow/.local/lib/python3.8/site-packages/airflow/example_dags/example_external_task_marker_dag.py
[2024-01-17T15:31:38.485+0000] {processor.py:840} INFO - DAG(s) 'example_external_task_marker_parent', 'example_external_task_marker_child' retrieved from /home/airflow/.local/lib/python3.8/site-packages/airflow/example_dags/example_external_task_marker_dag.py
[2024-01-17T15:31:38.522+0000] {logging_mixin.py:188} INFO - [2024-01-17T15:31:38.522+0000] {dag.py:3033} INFO - Sync 2 DAGs
[2024-01-17T15:31:38.544+0000] {logging_mixin.py:188} INFO - [2024-01-17T15:31:38.544+0000] {dag.py:3820} INFO - Setting next_dagrun for example_external_task_marker_child to None, run_after=None
[2024-01-17T15:31:38.551+0000] {logging_mixin.py:188} INFO - [2024-01-17T15:31:38.551+0000] {dag.py:3820} INFO - Setting next_dagrun for example_external_task_marker_parent to None, run_after=None
[2024-01-17T15:31:38.577+0000] {processor.py:183} INFO - Processing /home/airflow/.local/lib/python3.8/site-packages/airflow/example_dags/example_external_task_marker_dag.py took 0.108 seconds
[2024-01-17T15:32:09.314+0000] {processor.py:161} INFO - Started process (PID=762) to work on /home/airflow/.local/lib/python3.8/site-packages/airflow/example_dags/example_external_task_marker_dag.py
[2024-01-17T15:32:09.315+0000] {processor.py:830} INFO - Processing file /home/airflow/.local/lib/python3.8/site-packages/airflow/example_dags/example_external_task_marker_dag.py for tasks to queue
[2024-01-17T15:32:09.318+0000] {logging_mixin.py:188} INFO - [2024-01-17T15:32:09.317+0000] {dagbag.py:538} INFO - Filling up the DagBag from /home/airflow/.local/lib/python3.8/site-packages/airflow/example_dags/example_external_task_marker_dag.py
[2024-01-17T15:32:09.325+0000] {processor.py:840} INFO - DAG(s) 'example_external_task_marker_child', 'example_external_task_marker_parent' retrieved from /home/airflow/.local/lib/python3.8/site-packages/airflow/example_dags/example_external_task_marker_dag.py
[2024-01-17T15:32:09.355+0000] {logging_mixin.py:188} INFO - [2024-01-17T15:32:09.355+0000] {dag.py:3033} INFO - Sync 2 DAGs
[2024-01-17T15:32:09.375+0000] {logging_mixin.py:188} INFO - [2024-01-17T15:32:09.375+0000] {dag.py:3820} INFO - Setting next_dagrun for example_external_task_marker_child to None, run_after=None
[2024-01-17T15:32:09.381+0000] {logging_mixin.py:188} INFO - [2024-01-17T15:32:09.380+0000] {dag.py:3820} INFO - Setting next_dagrun for example_external_task_marker_parent to None, run_after=None
[2024-01-17T15:32:09.407+0000] {processor.py:183} INFO - Processing /home/airflow/.local/lib/python3.8/site-packages/airflow/example_dags/example_external_task_marker_dag.py took 0.098 seconds
