[2024-01-17T15:12:42.126+0000] {processor.py:161} INFO - Started process (PID=49) to work on /home/airflow/.local/lib/python3.8/site-packages/airflow/example_dags/example_dag_decorator.py
[2024-01-17T15:12:42.126+0000] {processor.py:830} INFO - Processing file /home/airflow/.local/lib/python3.8/site-packages/airflow/example_dags/example_dag_decorator.py for tasks to queue
[2024-01-17T15:12:42.137+0000] {logging_mixin.py:188} INFO - [2024-01-17T15:12:42.137+0000] {dagbag.py:538} INFO - Filling up the DagBag from /home/airflow/.local/lib/python3.8/site-packages/airflow/example_dags/example_dag_decorator.py
[2024-01-17T15:12:42.997+0000] {processor.py:840} INFO - DAG(s) 'example_dag_decorator' retrieved from /home/airflow/.local/lib/python3.8/site-packages/airflow/example_dags/example_dag_decorator.py
[2024-01-17T15:12:53.417+0000] {logging_mixin.py:188} INFO - [2024-01-17T15:12:53.417+0000] {dag.py:3033} INFO - Sync 1 DAGs
[2024-01-17T15:12:53.495+0000] {logging_mixin.py:188} INFO - [2024-01-17T15:12:53.495+0000] {dag.py:3820} INFO - Setting next_dagrun for example_dag_decorator to None, run_after=None
[2024-01-17T15:12:53.706+0000] {processor.py:183} INFO - Processing /home/airflow/.local/lib/python3.8/site-packages/airflow/example_dags/example_dag_decorator.py took 11.585 seconds
[2024-01-17T15:13:23.995+0000] {processor.py:161} INFO - Started process (PID=105) to work on /home/airflow/.local/lib/python3.8/site-packages/airflow/example_dags/example_dag_decorator.py
[2024-01-17T15:13:24.011+0000] {processor.py:830} INFO - Processing file /home/airflow/.local/lib/python3.8/site-packages/airflow/example_dags/example_dag_decorator.py for tasks to queue
[2024-01-17T15:13:24.015+0000] {logging_mixin.py:188} INFO - [2024-01-17T15:13:24.014+0000] {dagbag.py:538} INFO - Filling up the DagBag from /home/airflow/.local/lib/python3.8/site-packages/airflow/example_dags/example_dag_decorator.py
[2024-01-17T15:13:24.850+0000] {processor.py:840} INFO - DAG(s) 'example_dag_decorator' retrieved from /home/airflow/.local/lib/python3.8/site-packages/airflow/example_dags/example_dag_decorator.py
[2024-01-17T15:13:24.876+0000] {logging_mixin.py:188} INFO - [2024-01-17T15:13:24.875+0000] {dag.py:3033} INFO - Sync 1 DAGs
[2024-01-17T15:13:24.901+0000] {logging_mixin.py:188} INFO - [2024-01-17T15:13:24.901+0000] {dag.py:3820} INFO - Setting next_dagrun for example_dag_decorator to None, run_after=None
[2024-01-17T15:13:24.941+0000] {processor.py:183} INFO - Processing /home/airflow/.local/lib/python3.8/site-packages/airflow/example_dags/example_dag_decorator.py took 0.955 seconds
[2024-01-17T15:13:55.268+0000] {processor.py:161} INFO - Started process (PID=160) to work on /home/airflow/.local/lib/python3.8/site-packages/airflow/example_dags/example_dag_decorator.py
[2024-01-17T15:13:55.269+0000] {processor.py:830} INFO - Processing file /home/airflow/.local/lib/python3.8/site-packages/airflow/example_dags/example_dag_decorator.py for tasks to queue
[2024-01-17T15:13:55.273+0000] {logging_mixin.py:188} INFO - [2024-01-17T15:13:55.273+0000] {dagbag.py:538} INFO - Filling up the DagBag from /home/airflow/.local/lib/python3.8/site-packages/airflow/example_dags/example_dag_decorator.py
[2024-01-17T15:13:55.457+0000] {processor.py:840} INFO - DAG(s) 'example_dag_decorator' retrieved from /home/airflow/.local/lib/python3.8/site-packages/airflow/example_dags/example_dag_decorator.py
[2024-01-17T15:13:55.634+0000] {logging_mixin.py:188} INFO - [2024-01-17T15:13:55.634+0000] {dag.py:3033} INFO - Sync 1 DAGs
[2024-01-17T15:13:55.660+0000] {logging_mixin.py:188} INFO - [2024-01-17T15:13:55.659+0000] {dag.py:3820} INFO - Setting next_dagrun for example_dag_decorator to None, run_after=None
[2024-01-17T15:13:55.725+0000] {processor.py:183} INFO - Processing /home/airflow/.local/lib/python3.8/site-packages/airflow/example_dags/example_dag_decorator.py took 0.463 seconds
[2024-01-17T15:14:26.332+0000] {processor.py:161} INFO - Started process (PID=214) to work on /home/airflow/.local/lib/python3.8/site-packages/airflow/example_dags/example_dag_decorator.py
[2024-01-17T15:14:26.333+0000] {processor.py:830} INFO - Processing file /home/airflow/.local/lib/python3.8/site-packages/airflow/example_dags/example_dag_decorator.py for tasks to queue
[2024-01-17T15:14:26.339+0000] {logging_mixin.py:188} INFO - [2024-01-17T15:14:26.338+0000] {dagbag.py:538} INFO - Filling up the DagBag from /home/airflow/.local/lib/python3.8/site-packages/airflow/example_dags/example_dag_decorator.py
[2024-01-17T15:14:26.731+0000] {processor.py:840} INFO - DAG(s) 'example_dag_decorator' retrieved from /home/airflow/.local/lib/python3.8/site-packages/airflow/example_dags/example_dag_decorator.py
[2024-01-17T15:14:27.050+0000] {logging_mixin.py:188} INFO - [2024-01-17T15:14:27.049+0000] {dag.py:3033} INFO - Sync 1 DAGs
[2024-01-17T15:14:27.071+0000] {logging_mixin.py:188} INFO - [2024-01-17T15:14:27.071+0000] {dag.py:3820} INFO - Setting next_dagrun for example_dag_decorator to None, run_after=None
[2024-01-17T15:14:27.118+0000] {processor.py:183} INFO - Processing /home/airflow/.local/lib/python3.8/site-packages/airflow/example_dags/example_dag_decorator.py took 0.792 seconds
[2024-01-17T15:14:57.217+0000] {processor.py:161} INFO - Started process (PID=270) to work on /home/airflow/.local/lib/python3.8/site-packages/airflow/example_dags/example_dag_decorator.py
[2024-01-17T15:14:57.218+0000] {processor.py:830} INFO - Processing file /home/airflow/.local/lib/python3.8/site-packages/airflow/example_dags/example_dag_decorator.py for tasks to queue
[2024-01-17T15:14:57.222+0000] {logging_mixin.py:188} INFO - [2024-01-17T15:14:57.221+0000] {dagbag.py:538} INFO - Filling up the DagBag from /home/airflow/.local/lib/python3.8/site-packages/airflow/example_dags/example_dag_decorator.py
[2024-01-17T15:14:57.731+0000] {processor.py:840} INFO - DAG(s) 'example_dag_decorator' retrieved from /home/airflow/.local/lib/python3.8/site-packages/airflow/example_dags/example_dag_decorator.py
[2024-01-17T15:14:57.973+0000] {logging_mixin.py:188} INFO - [2024-01-17T15:14:57.972+0000] {dag.py:3033} INFO - Sync 1 DAGs
[2024-01-17T15:14:58.003+0000] {logging_mixin.py:188} INFO - [2024-01-17T15:14:58.002+0000] {dag.py:3820} INFO - Setting next_dagrun for example_dag_decorator to None, run_after=None
[2024-01-17T15:14:58.054+0000] {processor.py:183} INFO - Processing /home/airflow/.local/lib/python3.8/site-packages/airflow/example_dags/example_dag_decorator.py took 0.845 seconds
[2024-01-17T15:15:28.750+0000] {processor.py:161} INFO - Started process (PID=324) to work on /home/airflow/.local/lib/python3.8/site-packages/airflow/example_dags/example_dag_decorator.py
[2024-01-17T15:15:28.761+0000] {processor.py:830} INFO - Processing file /home/airflow/.local/lib/python3.8/site-packages/airflow/example_dags/example_dag_decorator.py for tasks to queue
[2024-01-17T15:15:28.765+0000] {logging_mixin.py:188} INFO - [2024-01-17T15:15:28.764+0000] {dagbag.py:538} INFO - Filling up the DagBag from /home/airflow/.local/lib/python3.8/site-packages/airflow/example_dags/example_dag_decorator.py
[2024-01-17T15:15:29.178+0000] {processor.py:840} INFO - DAG(s) 'example_dag_decorator' retrieved from /home/airflow/.local/lib/python3.8/site-packages/airflow/example_dags/example_dag_decorator.py
[2024-01-17T15:15:29.400+0000] {logging_mixin.py:188} INFO - [2024-01-17T15:15:29.399+0000] {dag.py:3033} INFO - Sync 1 DAGs
[2024-01-17T15:15:29.418+0000] {logging_mixin.py:188} INFO - [2024-01-17T15:15:29.418+0000] {dag.py:3820} INFO - Setting next_dagrun for example_dag_decorator to None, run_after=None
[2024-01-17T15:15:29.510+0000] {processor.py:183} INFO - Processing /home/airflow/.local/lib/python3.8/site-packages/airflow/example_dags/example_dag_decorator.py took 0.765 seconds
[2024-01-17T15:15:59.701+0000] {processor.py:161} INFO - Started process (PID=378) to work on /home/airflow/.local/lib/python3.8/site-packages/airflow/example_dags/example_dag_decorator.py
[2024-01-17T15:15:59.705+0000] {processor.py:830} INFO - Processing file /home/airflow/.local/lib/python3.8/site-packages/airflow/example_dags/example_dag_decorator.py for tasks to queue
[2024-01-17T15:15:59.707+0000] {logging_mixin.py:188} INFO - [2024-01-17T15:15:59.707+0000] {dagbag.py:538} INFO - Filling up the DagBag from /home/airflow/.local/lib/python3.8/site-packages/airflow/example_dags/example_dag_decorator.py
[2024-01-17T15:15:59.869+0000] {processor.py:840} INFO - DAG(s) 'example_dag_decorator' retrieved from /home/airflow/.local/lib/python3.8/site-packages/airflow/example_dags/example_dag_decorator.py
[2024-01-17T15:16:00.160+0000] {logging_mixin.py:188} INFO - [2024-01-17T15:16:00.160+0000] {dag.py:3033} INFO - Sync 1 DAGs
[2024-01-17T15:16:00.176+0000] {logging_mixin.py:188} INFO - [2024-01-17T15:16:00.176+0000] {dag.py:3820} INFO - Setting next_dagrun for example_dag_decorator to None, run_after=None
[2024-01-17T15:16:00.217+0000] {processor.py:183} INFO - Processing /home/airflow/.local/lib/python3.8/site-packages/airflow/example_dags/example_dag_decorator.py took 0.519 seconds
[2024-01-17T15:16:30.742+0000] {processor.py:161} INFO - Started process (PID=432) to work on /home/airflow/.local/lib/python3.8/site-packages/airflow/example_dags/example_dag_decorator.py
[2024-01-17T15:16:30.743+0000] {processor.py:830} INFO - Processing file /home/airflow/.local/lib/python3.8/site-packages/airflow/example_dags/example_dag_decorator.py for tasks to queue
[2024-01-17T15:16:30.745+0000] {logging_mixin.py:188} INFO - [2024-01-17T15:16:30.745+0000] {dagbag.py:538} INFO - Filling up the DagBag from /home/airflow/.local/lib/python3.8/site-packages/airflow/example_dags/example_dag_decorator.py
[2024-01-17T15:16:30.907+0000] {processor.py:840} INFO - DAG(s) 'example_dag_decorator' retrieved from /home/airflow/.local/lib/python3.8/site-packages/airflow/example_dags/example_dag_decorator.py
[2024-01-17T15:16:31.075+0000] {logging_mixin.py:188} INFO - [2024-01-17T15:16:31.075+0000] {dag.py:3033} INFO - Sync 1 DAGs
[2024-01-17T15:16:31.093+0000] {logging_mixin.py:188} INFO - [2024-01-17T15:16:31.093+0000] {dag.py:3820} INFO - Setting next_dagrun for example_dag_decorator to None, run_after=None
[2024-01-17T15:16:31.137+0000] {processor.py:183} INFO - Processing /home/airflow/.local/lib/python3.8/site-packages/airflow/example_dags/example_dag_decorator.py took 0.399 seconds
[2024-01-17T15:17:01.486+0000] {processor.py:161} INFO - Started process (PID=486) to work on /home/airflow/.local/lib/python3.8/site-packages/airflow/example_dags/example_dag_decorator.py
[2024-01-17T15:17:01.490+0000] {processor.py:830} INFO - Processing file /home/airflow/.local/lib/python3.8/site-packages/airflow/example_dags/example_dag_decorator.py for tasks to queue
[2024-01-17T15:17:01.502+0000] {logging_mixin.py:188} INFO - [2024-01-17T15:17:01.501+0000] {dagbag.py:538} INFO - Filling up the DagBag from /home/airflow/.local/lib/python3.8/site-packages/airflow/example_dags/example_dag_decorator.py
[2024-01-17T15:17:01.734+0000] {processor.py:840} INFO - DAG(s) 'example_dag_decorator' retrieved from /home/airflow/.local/lib/python3.8/site-packages/airflow/example_dags/example_dag_decorator.py
[2024-01-17T15:17:01.769+0000] {logging_mixin.py:188} INFO - [2024-01-17T15:17:01.769+0000] {dag.py:3033} INFO - Sync 1 DAGs
[2024-01-17T15:17:01.788+0000] {logging_mixin.py:188} INFO - [2024-01-17T15:17:01.788+0000] {dag.py:3820} INFO - Setting next_dagrun for example_dag_decorator to None, run_after=None
[2024-01-17T15:17:01.815+0000] {processor.py:183} INFO - Processing /home/airflow/.local/lib/python3.8/site-packages/airflow/example_dags/example_dag_decorator.py took 0.349 seconds
[2024-01-17T15:17:32.149+0000] {processor.py:161} INFO - Started process (PID=541) to work on /home/airflow/.local/lib/python3.8/site-packages/airflow/example_dags/example_dag_decorator.py
[2024-01-17T15:17:32.150+0000] {processor.py:830} INFO - Processing file /home/airflow/.local/lib/python3.8/site-packages/airflow/example_dags/example_dag_decorator.py for tasks to queue
[2024-01-17T15:17:32.153+0000] {logging_mixin.py:188} INFO - [2024-01-17T15:17:32.153+0000] {dagbag.py:538} INFO - Filling up the DagBag from /home/airflow/.local/lib/python3.8/site-packages/airflow/example_dags/example_dag_decorator.py
[2024-01-17T15:17:32.337+0000] {processor.py:840} INFO - DAG(s) 'example_dag_decorator' retrieved from /home/airflow/.local/lib/python3.8/site-packages/airflow/example_dags/example_dag_decorator.py
[2024-01-17T15:17:32.490+0000] {logging_mixin.py:188} INFO - [2024-01-17T15:17:32.489+0000] {dag.py:3033} INFO - Sync 1 DAGs
[2024-01-17T15:17:32.501+0000] {logging_mixin.py:188} INFO - [2024-01-17T15:17:32.501+0000] {dag.py:3820} INFO - Setting next_dagrun for example_dag_decorator to None, run_after=None
[2024-01-17T15:17:32.531+0000] {processor.py:183} INFO - Processing /home/airflow/.local/lib/python3.8/site-packages/airflow/example_dags/example_dag_decorator.py took 0.387 seconds
[2024-01-17T15:18:02.862+0000] {processor.py:161} INFO - Started process (PID=596) to work on /home/airflow/.local/lib/python3.8/site-packages/airflow/example_dags/example_dag_decorator.py
[2024-01-17T15:18:02.865+0000] {processor.py:830} INFO - Processing file /home/airflow/.local/lib/python3.8/site-packages/airflow/example_dags/example_dag_decorator.py for tasks to queue
[2024-01-17T15:18:02.873+0000] {logging_mixin.py:188} INFO - [2024-01-17T15:18:02.872+0000] {dagbag.py:538} INFO - Filling up the DagBag from /home/airflow/.local/lib/python3.8/site-packages/airflow/example_dags/example_dag_decorator.py
[2024-01-17T15:18:03.066+0000] {processor.py:840} INFO - DAG(s) 'example_dag_decorator' retrieved from /home/airflow/.local/lib/python3.8/site-packages/airflow/example_dags/example_dag_decorator.py
[2024-01-17T15:18:03.287+0000] {logging_mixin.py:188} INFO - [2024-01-17T15:18:03.287+0000] {dag.py:3033} INFO - Sync 1 DAGs
[2024-01-17T15:18:03.299+0000] {logging_mixin.py:188} INFO - [2024-01-17T15:18:03.298+0000] {dag.py:3820} INFO - Setting next_dagrun for example_dag_decorator to None, run_after=None
[2024-01-17T15:18:03.322+0000] {processor.py:183} INFO - Processing /home/airflow/.local/lib/python3.8/site-packages/airflow/example_dags/example_dag_decorator.py took 0.480 seconds
[2024-01-17T15:18:33.449+0000] {processor.py:161} INFO - Started process (PID=651) to work on /home/airflow/.local/lib/python3.8/site-packages/airflow/example_dags/example_dag_decorator.py
[2024-01-17T15:18:33.453+0000] {processor.py:830} INFO - Processing file /home/airflow/.local/lib/python3.8/site-packages/airflow/example_dags/example_dag_decorator.py for tasks to queue
[2024-01-17T15:18:33.456+0000] {logging_mixin.py:188} INFO - [2024-01-17T15:18:33.456+0000] {dagbag.py:538} INFO - Filling up the DagBag from /home/airflow/.local/lib/python3.8/site-packages/airflow/example_dags/example_dag_decorator.py
[2024-01-17T15:18:33.604+0000] {processor.py:840} INFO - DAG(s) 'example_dag_decorator' retrieved from /home/airflow/.local/lib/python3.8/site-packages/airflow/example_dags/example_dag_decorator.py
[2024-01-17T15:18:33.894+0000] {logging_mixin.py:188} INFO - [2024-01-17T15:18:33.894+0000] {dag.py:3033} INFO - Sync 1 DAGs
[2024-01-17T15:18:33.907+0000] {logging_mixin.py:188} INFO - [2024-01-17T15:18:33.907+0000] {dag.py:3820} INFO - Setting next_dagrun for example_dag_decorator to None, run_after=None
[2024-01-17T15:18:33.940+0000] {processor.py:183} INFO - Processing /home/airflow/.local/lib/python3.8/site-packages/airflow/example_dags/example_dag_decorator.py took 0.499 seconds
[2024-01-17T15:19:04.131+0000] {processor.py:161} INFO - Started process (PID=708) to work on /home/airflow/.local/lib/python3.8/site-packages/airflow/example_dags/example_dag_decorator.py
[2024-01-17T15:19:04.181+0000] {processor.py:830} INFO - Processing file /home/airflow/.local/lib/python3.8/site-packages/airflow/example_dags/example_dag_decorator.py for tasks to queue
[2024-01-17T15:19:04.202+0000] {logging_mixin.py:188} INFO - [2024-01-17T15:19:04.200+0000] {dagbag.py:538} INFO - Filling up the DagBag from /home/airflow/.local/lib/python3.8/site-packages/airflow/example_dags/example_dag_decorator.py
[2024-01-17T15:19:04.818+0000] {processor.py:840} INFO - DAG(s) 'example_dag_decorator' retrieved from /home/airflow/.local/lib/python3.8/site-packages/airflow/example_dags/example_dag_decorator.py
[2024-01-17T15:19:05.631+0000] {logging_mixin.py:188} INFO - [2024-01-17T15:19:05.622+0000] {dag.py:3033} INFO - Sync 1 DAGs
[2024-01-17T15:19:05.668+0000] {logging_mixin.py:188} INFO - [2024-01-17T15:19:05.667+0000] {dag.py:3820} INFO - Setting next_dagrun for example_dag_decorator to None, run_after=None
[2024-01-17T15:19:05.771+0000] {processor.py:183} INFO - Processing /home/airflow/.local/lib/python3.8/site-packages/airflow/example_dags/example_dag_decorator.py took 1.644 seconds
[2024-01-17T15:19:36.146+0000] {processor.py:161} INFO - Started process (PID=763) to work on /home/airflow/.local/lib/python3.8/site-packages/airflow/example_dags/example_dag_decorator.py
[2024-01-17T15:19:36.148+0000] {processor.py:830} INFO - Processing file /home/airflow/.local/lib/python3.8/site-packages/airflow/example_dags/example_dag_decorator.py for tasks to queue
[2024-01-17T15:19:36.152+0000] {logging_mixin.py:188} INFO - [2024-01-17T15:19:36.151+0000] {dagbag.py:538} INFO - Filling up the DagBag from /home/airflow/.local/lib/python3.8/site-packages/airflow/example_dags/example_dag_decorator.py
[2024-01-17T15:19:36.412+0000] {processor.py:840} INFO - DAG(s) 'example_dag_decorator' retrieved from /home/airflow/.local/lib/python3.8/site-packages/airflow/example_dags/example_dag_decorator.py
[2024-01-17T15:19:36.768+0000] {logging_mixin.py:188} INFO - [2024-01-17T15:19:36.767+0000] {dag.py:3033} INFO - Sync 1 DAGs
[2024-01-17T15:19:36.782+0000] {logging_mixin.py:188} INFO - [2024-01-17T15:19:36.782+0000] {dag.py:3820} INFO - Setting next_dagrun for example_dag_decorator to None, run_after=None
[2024-01-17T15:19:36.816+0000] {processor.py:183} INFO - Processing /home/airflow/.local/lib/python3.8/site-packages/airflow/example_dags/example_dag_decorator.py took 0.678 seconds
[2024-01-17T15:20:06.951+0000] {processor.py:161} INFO - Started process (PID=818) to work on /home/airflow/.local/lib/python3.8/site-packages/airflow/example_dags/example_dag_decorator.py
[2024-01-17T15:20:06.954+0000] {processor.py:830} INFO - Processing file /home/airflow/.local/lib/python3.8/site-packages/airflow/example_dags/example_dag_decorator.py for tasks to queue
[2024-01-17T15:20:06.961+0000] {logging_mixin.py:188} INFO - [2024-01-17T15:20:06.960+0000] {dagbag.py:538} INFO - Filling up the DagBag from /home/airflow/.local/lib/python3.8/site-packages/airflow/example_dags/example_dag_decorator.py
[2024-01-17T15:20:07.173+0000] {processor.py:840} INFO - DAG(s) 'example_dag_decorator' retrieved from /home/airflow/.local/lib/python3.8/site-packages/airflow/example_dags/example_dag_decorator.py
[2024-01-17T15:20:07.351+0000] {logging_mixin.py:188} INFO - [2024-01-17T15:20:07.351+0000] {dag.py:3033} INFO - Sync 1 DAGs
[2024-01-17T15:20:07.365+0000] {logging_mixin.py:188} INFO - [2024-01-17T15:20:07.364+0000] {dag.py:3820} INFO - Setting next_dagrun for example_dag_decorator to None, run_after=None
[2024-01-17T15:20:07.526+0000] {processor.py:183} INFO - Processing /home/airflow/.local/lib/python3.8/site-packages/airflow/example_dags/example_dag_decorator.py took 0.589 seconds
[2024-01-17T15:20:37.660+0000] {processor.py:161} INFO - Started process (PID=872) to work on /home/airflow/.local/lib/python3.8/site-packages/airflow/example_dags/example_dag_decorator.py
[2024-01-17T15:20:37.661+0000] {processor.py:830} INFO - Processing file /home/airflow/.local/lib/python3.8/site-packages/airflow/example_dags/example_dag_decorator.py for tasks to queue
[2024-01-17T15:20:37.663+0000] {logging_mixin.py:188} INFO - [2024-01-17T15:20:37.662+0000] {dagbag.py:538} INFO - Filling up the DagBag from /home/airflow/.local/lib/python3.8/site-packages/airflow/example_dags/example_dag_decorator.py
[2024-01-17T15:20:37.802+0000] {processor.py:840} INFO - DAG(s) 'example_dag_decorator' retrieved from /home/airflow/.local/lib/python3.8/site-packages/airflow/example_dags/example_dag_decorator.py
[2024-01-17T15:20:38.118+0000] {logging_mixin.py:188} INFO - [2024-01-17T15:20:38.118+0000] {dag.py:3033} INFO - Sync 1 DAGs
[2024-01-17T15:20:38.134+0000] {logging_mixin.py:188} INFO - [2024-01-17T15:20:38.134+0000] {dag.py:3820} INFO - Setting next_dagrun for example_dag_decorator to None, run_after=None
[2024-01-17T15:20:38.162+0000] {processor.py:183} INFO - Processing /home/airflow/.local/lib/python3.8/site-packages/airflow/example_dags/example_dag_decorator.py took 0.507 seconds
[2024-01-17T15:21:08.505+0000] {processor.py:161} INFO - Started process (PID=927) to work on /home/airflow/.local/lib/python3.8/site-packages/airflow/example_dags/example_dag_decorator.py
[2024-01-17T15:21:08.509+0000] {processor.py:830} INFO - Processing file /home/airflow/.local/lib/python3.8/site-packages/airflow/example_dags/example_dag_decorator.py for tasks to queue
[2024-01-17T15:21:08.517+0000] {logging_mixin.py:188} INFO - [2024-01-17T15:21:08.516+0000] {dagbag.py:538} INFO - Filling up the DagBag from /home/airflow/.local/lib/python3.8/site-packages/airflow/example_dags/example_dag_decorator.py
[2024-01-17T15:21:08.740+0000] {processor.py:840} INFO - DAG(s) 'example_dag_decorator' retrieved from /home/airflow/.local/lib/python3.8/site-packages/airflow/example_dags/example_dag_decorator.py
[2024-01-17T15:21:09.071+0000] {logging_mixin.py:188} INFO - [2024-01-17T15:21:09.071+0000] {dag.py:3033} INFO - Sync 1 DAGs
[2024-01-17T15:21:09.088+0000] {logging_mixin.py:188} INFO - [2024-01-17T15:21:09.088+0000] {dag.py:3820} INFO - Setting next_dagrun for example_dag_decorator to None, run_after=None
[2024-01-17T15:21:09.112+0000] {processor.py:183} INFO - Processing /home/airflow/.local/lib/python3.8/site-packages/airflow/example_dags/example_dag_decorator.py took 0.622 seconds
[2024-01-17T15:21:39.376+0000] {processor.py:161} INFO - Started process (PID=981) to work on /home/airflow/.local/lib/python3.8/site-packages/airflow/example_dags/example_dag_decorator.py
[2024-01-17T15:21:39.378+0000] {processor.py:830} INFO - Processing file /home/airflow/.local/lib/python3.8/site-packages/airflow/example_dags/example_dag_decorator.py for tasks to queue
[2024-01-17T15:21:39.385+0000] {logging_mixin.py:188} INFO - [2024-01-17T15:21:39.384+0000] {dagbag.py:538} INFO - Filling up the DagBag from /home/airflow/.local/lib/python3.8/site-packages/airflow/example_dags/example_dag_decorator.py
[2024-01-17T15:21:39.671+0000] {processor.py:840} INFO - DAG(s) 'example_dag_decorator' retrieved from /home/airflow/.local/lib/python3.8/site-packages/airflow/example_dags/example_dag_decorator.py
[2024-01-17T15:21:40.238+0000] {logging_mixin.py:188} INFO - [2024-01-17T15:21:40.236+0000] {dag.py:3033} INFO - Sync 1 DAGs
[2024-01-17T15:21:40.254+0000] {logging_mixin.py:188} INFO - [2024-01-17T15:21:40.254+0000] {dag.py:3820} INFO - Setting next_dagrun for example_dag_decorator to None, run_after=None
[2024-01-17T15:21:40.280+0000] {processor.py:183} INFO - Processing /home/airflow/.local/lib/python3.8/site-packages/airflow/example_dags/example_dag_decorator.py took 0.910 seconds
[2024-01-17T15:22:11.120+0000] {processor.py:161} INFO - Started process (PID=1035) to work on /home/airflow/.local/lib/python3.8/site-packages/airflow/example_dags/example_dag_decorator.py
[2024-01-17T15:22:11.122+0000] {processor.py:830} INFO - Processing file /home/airflow/.local/lib/python3.8/site-packages/airflow/example_dags/example_dag_decorator.py for tasks to queue
[2024-01-17T15:22:11.124+0000] {logging_mixin.py:188} INFO - [2024-01-17T15:22:11.123+0000] {dagbag.py:538} INFO - Filling up the DagBag from /home/airflow/.local/lib/python3.8/site-packages/airflow/example_dags/example_dag_decorator.py
[2024-01-17T15:22:11.629+0000] {processor.py:840} INFO - DAG(s) 'example_dag_decorator' retrieved from /home/airflow/.local/lib/python3.8/site-packages/airflow/example_dags/example_dag_decorator.py
[2024-01-17T15:22:12.735+0000] {logging_mixin.py:188} INFO - [2024-01-17T15:22:12.728+0000] {dag.py:3033} INFO - Sync 1 DAGs
[2024-01-17T15:22:12.803+0000] {logging_mixin.py:188} INFO - [2024-01-17T15:22:12.802+0000] {dag.py:3820} INFO - Setting next_dagrun for example_dag_decorator to None, run_after=None
[2024-01-17T15:22:12.951+0000] {processor.py:183} INFO - Processing /home/airflow/.local/lib/python3.8/site-packages/airflow/example_dags/example_dag_decorator.py took 1.836 seconds
[2024-01-17T15:25:05.490+0000] {processor.py:161} INFO - Started process (PID=41) to work on /home/airflow/.local/lib/python3.8/site-packages/airflow/example_dags/example_dag_decorator.py
[2024-01-17T15:25:05.545+0000] {processor.py:830} INFO - Processing file /home/airflow/.local/lib/python3.8/site-packages/airflow/example_dags/example_dag_decorator.py for tasks to queue
[2024-01-17T15:25:05.548+0000] {logging_mixin.py:188} INFO - [2024-01-17T15:25:05.547+0000] {dagbag.py:538} INFO - Filling up the DagBag from /home/airflow/.local/lib/python3.8/site-packages/airflow/example_dags/example_dag_decorator.py
[2024-01-17T15:25:11.250+0000] {processor.py:840} INFO - DAG(s) 'example_dag_decorator' retrieved from /home/airflow/.local/lib/python3.8/site-packages/airflow/example_dags/example_dag_decorator.py
[2024-01-17T15:25:11.501+0000] {logging_mixin.py:188} INFO - [2024-01-17T15:25:11.500+0000] {dag.py:3033} INFO - Sync 1 DAGs
[2024-01-17T15:25:11.519+0000] {logging_mixin.py:188} INFO - [2024-01-17T15:25:11.518+0000] {dag.py:3820} INFO - Setting next_dagrun for example_dag_decorator to None, run_after=None
[2024-01-17T15:25:11.646+0000] {processor.py:183} INFO - Processing /home/airflow/.local/lib/python3.8/site-packages/airflow/example_dags/example_dag_decorator.py took 6.160 seconds
[2024-01-17T15:25:41.781+0000] {processor.py:161} INFO - Started process (PID=98) to work on /home/airflow/.local/lib/python3.8/site-packages/airflow/example_dags/example_dag_decorator.py
[2024-01-17T15:25:42.016+0000] {processor.py:830} INFO - Processing file /home/airflow/.local/lib/python3.8/site-packages/airflow/example_dags/example_dag_decorator.py for tasks to queue
[2024-01-17T15:25:42.019+0000] {logging_mixin.py:188} INFO - [2024-01-17T15:25:42.018+0000] {dagbag.py:538} INFO - Filling up the DagBag from /home/airflow/.local/lib/python3.8/site-packages/airflow/example_dags/example_dag_decorator.py
[2024-01-17T15:25:42.328+0000] {processor.py:840} INFO - DAG(s) 'example_dag_decorator' retrieved from /home/airflow/.local/lib/python3.8/site-packages/airflow/example_dags/example_dag_decorator.py
[2024-01-17T15:25:42.638+0000] {logging_mixin.py:188} INFO - [2024-01-17T15:25:42.637+0000] {dag.py:3033} INFO - Sync 1 DAGs
[2024-01-17T15:25:42.675+0000] {logging_mixin.py:188} INFO - [2024-01-17T15:25:42.675+0000] {dag.py:3820} INFO - Setting next_dagrun for example_dag_decorator to None, run_after=None
[2024-01-17T15:25:42.774+0000] {processor.py:183} INFO - Processing /home/airflow/.local/lib/python3.8/site-packages/airflow/example_dags/example_dag_decorator.py took 0.999 seconds
[2024-01-17T15:26:13.003+0000] {processor.py:161} INFO - Started process (PID=154) to work on /home/airflow/.local/lib/python3.8/site-packages/airflow/example_dags/example_dag_decorator.py
[2024-01-17T15:26:13.014+0000] {processor.py:830} INFO - Processing file /home/airflow/.local/lib/python3.8/site-packages/airflow/example_dags/example_dag_decorator.py for tasks to queue
[2024-01-17T15:26:13.025+0000] {logging_mixin.py:188} INFO - [2024-01-17T15:26:13.018+0000] {dagbag.py:538} INFO - Filling up the DagBag from /home/airflow/.local/lib/python3.8/site-packages/airflow/example_dags/example_dag_decorator.py
[2024-01-17T15:26:13.337+0000] {processor.py:840} INFO - DAG(s) 'example_dag_decorator' retrieved from /home/airflow/.local/lib/python3.8/site-packages/airflow/example_dags/example_dag_decorator.py
[2024-01-17T15:26:13.701+0000] {logging_mixin.py:188} INFO - [2024-01-17T15:26:13.700+0000] {dag.py:3033} INFO - Sync 1 DAGs
[2024-01-17T15:26:13.720+0000] {logging_mixin.py:188} INFO - [2024-01-17T15:26:13.720+0000] {dag.py:3820} INFO - Setting next_dagrun for example_dag_decorator to None, run_after=None
[2024-01-17T15:26:13.800+0000] {processor.py:183} INFO - Processing /home/airflow/.local/lib/python3.8/site-packages/airflow/example_dags/example_dag_decorator.py took 0.807 seconds
[2024-01-17T15:26:44.095+0000] {processor.py:161} INFO - Started process (PID=212) to work on /home/airflow/.local/lib/python3.8/site-packages/airflow/example_dags/example_dag_decorator.py
[2024-01-17T15:26:44.110+0000] {processor.py:830} INFO - Processing file /home/airflow/.local/lib/python3.8/site-packages/airflow/example_dags/example_dag_decorator.py for tasks to queue
[2024-01-17T15:26:44.113+0000] {logging_mixin.py:188} INFO - [2024-01-17T15:26:44.113+0000] {dagbag.py:538} INFO - Filling up the DagBag from /home/airflow/.local/lib/python3.8/site-packages/airflow/example_dags/example_dag_decorator.py
[2024-01-17T15:26:44.477+0000] {processor.py:840} INFO - DAG(s) 'example_dag_decorator' retrieved from /home/airflow/.local/lib/python3.8/site-packages/airflow/example_dags/example_dag_decorator.py
[2024-01-17T15:26:45.088+0000] {logging_mixin.py:188} INFO - [2024-01-17T15:26:45.087+0000] {dag.py:3033} INFO - Sync 1 DAGs
[2024-01-17T15:26:45.113+0000] {logging_mixin.py:188} INFO - [2024-01-17T15:26:45.113+0000] {dag.py:3820} INFO - Setting next_dagrun for example_dag_decorator to None, run_after=None
[2024-01-17T15:26:45.237+0000] {processor.py:183} INFO - Processing /home/airflow/.local/lib/python3.8/site-packages/airflow/example_dags/example_dag_decorator.py took 1.147 seconds
[2024-01-17T15:27:15.608+0000] {processor.py:161} INFO - Started process (PID=271) to work on /home/airflow/.local/lib/python3.8/site-packages/airflow/example_dags/example_dag_decorator.py
[2024-01-17T15:27:15.611+0000] {processor.py:830} INFO - Processing file /home/airflow/.local/lib/python3.8/site-packages/airflow/example_dags/example_dag_decorator.py for tasks to queue
[2024-01-17T15:27:15.620+0000] {logging_mixin.py:188} INFO - [2024-01-17T15:27:15.619+0000] {dagbag.py:538} INFO - Filling up the DagBag from /home/airflow/.local/lib/python3.8/site-packages/airflow/example_dags/example_dag_decorator.py
[2024-01-17T15:27:15.909+0000] {processor.py:840} INFO - DAG(s) 'example_dag_decorator' retrieved from /home/airflow/.local/lib/python3.8/site-packages/airflow/example_dags/example_dag_decorator.py
[2024-01-17T15:27:16.280+0000] {logging_mixin.py:188} INFO - [2024-01-17T15:27:16.279+0000] {dag.py:3033} INFO - Sync 1 DAGs
[2024-01-17T15:27:16.311+0000] {logging_mixin.py:188} INFO - [2024-01-17T15:27:16.311+0000] {dag.py:3820} INFO - Setting next_dagrun for example_dag_decorator to None, run_after=None
[2024-01-17T15:27:16.418+0000] {processor.py:183} INFO - Processing /home/airflow/.local/lib/python3.8/site-packages/airflow/example_dags/example_dag_decorator.py took 0.830 seconds
[2024-01-17T15:27:47.741+0000] {processor.py:161} INFO - Started process (PID=324) to work on /home/airflow/.local/lib/python3.8/site-packages/airflow/example_dags/example_dag_decorator.py
[2024-01-17T15:27:47.764+0000] {processor.py:830} INFO - Processing file /home/airflow/.local/lib/python3.8/site-packages/airflow/example_dags/example_dag_decorator.py for tasks to queue
[2024-01-17T15:27:47.777+0000] {logging_mixin.py:188} INFO - [2024-01-17T15:27:47.776+0000] {dagbag.py:538} INFO - Filling up the DagBag from /home/airflow/.local/lib/python3.8/site-packages/airflow/example_dags/example_dag_decorator.py
[2024-01-17T15:27:48.379+0000] {processor.py:840} INFO - DAG(s) 'example_dag_decorator' retrieved from /home/airflow/.local/lib/python3.8/site-packages/airflow/example_dags/example_dag_decorator.py
[2024-01-17T15:27:48.767+0000] {logging_mixin.py:188} INFO - [2024-01-17T15:27:48.767+0000] {dag.py:3033} INFO - Sync 1 DAGs
[2024-01-17T15:27:48.787+0000] {logging_mixin.py:188} INFO - [2024-01-17T15:27:48.787+0000] {dag.py:3820} INFO - Setting next_dagrun for example_dag_decorator to None, run_after=None
[2024-01-17T15:27:49.975+0000] {processor.py:183} INFO - Processing /home/airflow/.local/lib/python3.8/site-packages/airflow/example_dags/example_dag_decorator.py took 2.248 seconds
[2024-01-17T15:28:20.126+0000] {processor.py:161} INFO - Started process (PID=380) to work on /home/airflow/.local/lib/python3.8/site-packages/airflow/example_dags/example_dag_decorator.py
[2024-01-17T15:28:20.984+0000] {processor.py:830} INFO - Processing file /home/airflow/.local/lib/python3.8/site-packages/airflow/example_dags/example_dag_decorator.py for tasks to queue
[2024-01-17T15:28:20.987+0000] {logging_mixin.py:188} INFO - [2024-01-17T15:28:20.987+0000] {dagbag.py:538} INFO - Filling up the DagBag from /home/airflow/.local/lib/python3.8/site-packages/airflow/example_dags/example_dag_decorator.py
[2024-01-17T15:28:30.588+0000] {processor.py:840} INFO - DAG(s) 'example_dag_decorator' retrieved from /home/airflow/.local/lib/python3.8/site-packages/airflow/example_dags/example_dag_decorator.py
[2024-01-17T15:28:30.625+0000] {logging_mixin.py:188} INFO - [2024-01-17T15:28:30.624+0000] {dag.py:3033} INFO - Sync 1 DAGs
[2024-01-17T15:28:30.646+0000] {logging_mixin.py:188} INFO - [2024-01-17T15:28:30.646+0000] {dag.py:3820} INFO - Setting next_dagrun for example_dag_decorator to None, run_after=None
[2024-01-17T15:28:31.638+0000] {processor.py:183} INFO - Processing /home/airflow/.local/lib/python3.8/site-packages/airflow/example_dags/example_dag_decorator.py took 11.523 seconds
[2024-01-17T15:29:02.489+0000] {processor.py:161} INFO - Started process (PID=436) to work on /home/airflow/.local/lib/python3.8/site-packages/airflow/example_dags/example_dag_decorator.py
[2024-01-17T15:29:02.490+0000] {processor.py:830} INFO - Processing file /home/airflow/.local/lib/python3.8/site-packages/airflow/example_dags/example_dag_decorator.py for tasks to queue
[2024-01-17T15:29:02.493+0000] {logging_mixin.py:188} INFO - [2024-01-17T15:29:02.492+0000] {dagbag.py:538} INFO - Filling up the DagBag from /home/airflow/.local/lib/python3.8/site-packages/airflow/example_dags/example_dag_decorator.py
[2024-01-17T15:29:02.783+0000] {processor.py:840} INFO - DAG(s) 'example_dag_decorator' retrieved from /home/airflow/.local/lib/python3.8/site-packages/airflow/example_dags/example_dag_decorator.py
[2024-01-17T15:29:03.063+0000] {logging_mixin.py:188} INFO - [2024-01-17T15:29:03.063+0000] {dag.py:3033} INFO - Sync 1 DAGs
[2024-01-17T15:29:03.149+0000] {logging_mixin.py:188} INFO - [2024-01-17T15:29:03.148+0000] {dag.py:3820} INFO - Setting next_dagrun for example_dag_decorator to None, run_after=None
[2024-01-17T15:29:03.253+0000] {processor.py:183} INFO - Processing /home/airflow/.local/lib/python3.8/site-packages/airflow/example_dags/example_dag_decorator.py took 0.768 seconds
[2024-01-17T15:29:48.146+0000] {processor.py:161} INFO - Started process (PID=492) to work on /home/airflow/.local/lib/python3.8/site-packages/airflow/example_dags/example_dag_decorator.py
[2024-01-17T15:29:48.148+0000] {processor.py:830} INFO - Processing file /home/airflow/.local/lib/python3.8/site-packages/airflow/example_dags/example_dag_decorator.py for tasks to queue
[2024-01-17T15:29:48.173+0000] {logging_mixin.py:188} INFO - [2024-01-17T15:29:48.151+0000] {dagbag.py:538} INFO - Filling up the DagBag from /home/airflow/.local/lib/python3.8/site-packages/airflow/example_dags/example_dag_decorator.py
[2024-01-17T15:29:49.037+0000] {processor.py:840} INFO - DAG(s) 'example_dag_decorator' retrieved from /home/airflow/.local/lib/python3.8/site-packages/airflow/example_dags/example_dag_decorator.py
[2024-01-17T15:29:57.718+0000] {logging_mixin.py:188} INFO - [2024-01-17T15:29:57.718+0000] {dag.py:3033} INFO - Sync 1 DAGs
[2024-01-17T15:29:57.759+0000] {logging_mixin.py:188} INFO - [2024-01-17T15:29:57.759+0000] {dag.py:3820} INFO - Setting next_dagrun for example_dag_decorator to None, run_after=None
[2024-01-17T15:29:57.823+0000] {processor.py:183} INFO - Processing /home/airflow/.local/lib/python3.8/site-packages/airflow/example_dags/example_dag_decorator.py took 9.682 seconds
[2024-01-17T15:30:28.301+0000] {processor.py:161} INFO - Started process (PID=558) to work on /home/airflow/.local/lib/python3.8/site-packages/airflow/example_dags/example_dag_decorator.py
[2024-01-17T15:30:28.302+0000] {processor.py:830} INFO - Processing file /home/airflow/.local/lib/python3.8/site-packages/airflow/example_dags/example_dag_decorator.py for tasks to queue
[2024-01-17T15:30:28.304+0000] {logging_mixin.py:188} INFO - [2024-01-17T15:30:28.303+0000] {dagbag.py:538} INFO - Filling up the DagBag from /home/airflow/.local/lib/python3.8/site-packages/airflow/example_dags/example_dag_decorator.py
[2024-01-17T15:30:28.520+0000] {processor.py:840} INFO - DAG(s) 'example_dag_decorator' retrieved from /home/airflow/.local/lib/python3.8/site-packages/airflow/example_dags/example_dag_decorator.py
[2024-01-17T15:30:28.949+0000] {logging_mixin.py:188} INFO - [2024-01-17T15:30:28.949+0000] {dag.py:3033} INFO - Sync 1 DAGs
[2024-01-17T15:30:28.983+0000] {logging_mixin.py:188} INFO - [2024-01-17T15:30:28.979+0000] {dag.py:3820} INFO - Setting next_dagrun for example_dag_decorator to None, run_after=None
[2024-01-17T15:30:29.042+0000] {processor.py:183} INFO - Processing /home/airflow/.local/lib/python3.8/site-packages/airflow/example_dags/example_dag_decorator.py took 0.745 seconds
[2024-01-17T15:31:00.045+0000] {processor.py:161} INFO - Started process (PID=618) to work on /home/airflow/.local/lib/python3.8/site-packages/airflow/example_dags/example_dag_decorator.py
[2024-01-17T15:31:00.046+0000] {processor.py:830} INFO - Processing file /home/airflow/.local/lib/python3.8/site-packages/airflow/example_dags/example_dag_decorator.py for tasks to queue
[2024-01-17T15:31:00.049+0000] {logging_mixin.py:188} INFO - [2024-01-17T15:31:00.049+0000] {dagbag.py:538} INFO - Filling up the DagBag from /home/airflow/.local/lib/python3.8/site-packages/airflow/example_dags/example_dag_decorator.py
[2024-01-17T15:31:00.316+0000] {processor.py:840} INFO - DAG(s) 'example_dag_decorator' retrieved from /home/airflow/.local/lib/python3.8/site-packages/airflow/example_dags/example_dag_decorator.py
[2024-01-17T15:31:00.560+0000] {logging_mixin.py:188} INFO - [2024-01-17T15:31:00.560+0000] {dag.py:3033} INFO - Sync 1 DAGs
[2024-01-17T15:31:00.582+0000] {logging_mixin.py:188} INFO - [2024-01-17T15:31:00.581+0000] {dag.py:3820} INFO - Setting next_dagrun for example_dag_decorator to None, run_after=None
[2024-01-17T15:31:00.625+0000] {processor.py:183} INFO - Processing /home/airflow/.local/lib/python3.8/site-packages/airflow/example_dags/example_dag_decorator.py took 0.585 seconds
[2024-01-17T15:31:30.775+0000] {processor.py:161} INFO - Started process (PID=674) to work on /home/airflow/.local/lib/python3.8/site-packages/airflow/example_dags/example_dag_decorator.py
[2024-01-17T15:31:30.776+0000] {processor.py:830} INFO - Processing file /home/airflow/.local/lib/python3.8/site-packages/airflow/example_dags/example_dag_decorator.py for tasks to queue
[2024-01-17T15:31:30.779+0000] {logging_mixin.py:188} INFO - [2024-01-17T15:31:30.779+0000] {dagbag.py:538} INFO - Filling up the DagBag from /home/airflow/.local/lib/python3.8/site-packages/airflow/example_dags/example_dag_decorator.py
[2024-01-17T15:31:30.963+0000] {processor.py:840} INFO - DAG(s) 'example_dag_decorator' retrieved from /home/airflow/.local/lib/python3.8/site-packages/airflow/example_dags/example_dag_decorator.py
[2024-01-17T15:31:31.144+0000] {logging_mixin.py:188} INFO - [2024-01-17T15:31:31.144+0000] {dag.py:3033} INFO - Sync 1 DAGs
[2024-01-17T15:31:31.158+0000] {logging_mixin.py:188} INFO - [2024-01-17T15:31:31.158+0000] {dag.py:3820} INFO - Setting next_dagrun for example_dag_decorator to None, run_after=None
[2024-01-17T15:31:31.179+0000] {processor.py:183} INFO - Processing /home/airflow/.local/lib/python3.8/site-packages/airflow/example_dags/example_dag_decorator.py took 0.409 seconds
[2024-01-17T15:32:01.705+0000] {processor.py:161} INFO - Started process (PID=728) to work on /home/airflow/.local/lib/python3.8/site-packages/airflow/example_dags/example_dag_decorator.py
[2024-01-17T15:32:01.707+0000] {processor.py:830} INFO - Processing file /home/airflow/.local/lib/python3.8/site-packages/airflow/example_dags/example_dag_decorator.py for tasks to queue
[2024-01-17T15:32:01.714+0000] {logging_mixin.py:188} INFO - [2024-01-17T15:32:01.713+0000] {dagbag.py:538} INFO - Filling up the DagBag from /home/airflow/.local/lib/python3.8/site-packages/airflow/example_dags/example_dag_decorator.py
[2024-01-17T15:32:01.923+0000] {processor.py:840} INFO - DAG(s) 'example_dag_decorator' retrieved from /home/airflow/.local/lib/python3.8/site-packages/airflow/example_dags/example_dag_decorator.py
[2024-01-17T15:32:02.171+0000] {logging_mixin.py:188} INFO - [2024-01-17T15:32:02.171+0000] {dag.py:3033} INFO - Sync 1 DAGs
[2024-01-17T15:32:02.185+0000] {logging_mixin.py:188} INFO - [2024-01-17T15:32:02.184+0000] {dag.py:3820} INFO - Setting next_dagrun for example_dag_decorator to None, run_after=None
[2024-01-17T15:32:02.206+0000] {processor.py:183} INFO - Processing /home/airflow/.local/lib/python3.8/site-packages/airflow/example_dags/example_dag_decorator.py took 0.511 seconds
[2024-01-17T15:32:32.609+0000] {processor.py:161} INFO - Started process (PID=784) to work on /home/airflow/.local/lib/python3.8/site-packages/airflow/example_dags/example_dag_decorator.py
[2024-01-17T15:32:32.611+0000] {processor.py:830} INFO - Processing file /home/airflow/.local/lib/python3.8/site-packages/airflow/example_dags/example_dag_decorator.py for tasks to queue
[2024-01-17T15:32:32.615+0000] {logging_mixin.py:188} INFO - [2024-01-17T15:32:32.614+0000] {dagbag.py:538} INFO - Filling up the DagBag from /home/airflow/.local/lib/python3.8/site-packages/airflow/example_dags/example_dag_decorator.py
[2024-01-17T15:32:32.920+0000] {processor.py:840} INFO - DAG(s) 'example_dag_decorator' retrieved from /home/airflow/.local/lib/python3.8/site-packages/airflow/example_dags/example_dag_decorator.py
[2024-01-17T15:32:33.174+0000] {logging_mixin.py:188} INFO - [2024-01-17T15:32:33.173+0000] {dag.py:3033} INFO - Sync 1 DAGs
[2024-01-17T15:32:33.187+0000] {logging_mixin.py:188} INFO - [2024-01-17T15:32:33.187+0000] {dag.py:3820} INFO - Setting next_dagrun for example_dag_decorator to None, run_after=None
[2024-01-17T15:32:33.214+0000] {processor.py:183} INFO - Processing /home/airflow/.local/lib/python3.8/site-packages/airflow/example_dags/example_dag_decorator.py took 0.611 seconds
