[2024-01-17T15:12:25.908+0000] {processor.py:161} INFO - Started process (PID=37) to work on /home/airflow/.local/lib/python3.8/site-packages/airflow/example_dags/example_params_trigger_ui.py
[2024-01-17T15:12:25.910+0000] {processor.py:830} INFO - Processing file /home/airflow/.local/lib/python3.8/site-packages/airflow/example_dags/example_params_trigger_ui.py for tasks to queue
[2024-01-17T15:12:25.955+0000] {logging_mixin.py:188} INFO - [2024-01-17T15:12:25.953+0000] {dagbag.py:538} INFO - Filling up the DagBag from /home/airflow/.local/lib/python3.8/site-packages/airflow/example_dags/example_params_trigger_ui.py
[2024-01-17T15:12:26.077+0000] {processor.py:840} INFO - DAG(s) 'example_params_trigger_ui' retrieved from /home/airflow/.local/lib/python3.8/site-packages/airflow/example_dags/example_params_trigger_ui.py
[2024-01-17T15:12:26.869+0000] {logging_mixin.py:188} INFO - [2024-01-17T15:12:26.868+0000] {dag.py:3033} INFO - Sync 1 DAGs
[2024-01-17T15:12:26.887+0000] {logging_mixin.py:188} INFO - [2024-01-17T15:12:26.887+0000] {dag.py:3820} INFO - Setting next_dagrun for example_params_trigger_ui to None, run_after=None
[2024-01-17T15:12:26.993+0000] {processor.py:183} INFO - Processing /home/airflow/.local/lib/python3.8/site-packages/airflow/example_dags/example_params_trigger_ui.py took 1.097 seconds
[2024-01-17T15:13:15.866+0000] {processor.py:161} INFO - Started process (PID=99) to work on /home/airflow/.local/lib/python3.8/site-packages/airflow/example_dags/example_params_trigger_ui.py
[2024-01-17T15:13:15.915+0000] {processor.py:830} INFO - Processing file /home/airflow/.local/lib/python3.8/site-packages/airflow/example_dags/example_params_trigger_ui.py for tasks to queue
[2024-01-17T15:13:15.928+0000] {logging_mixin.py:188} INFO - [2024-01-17T15:13:15.924+0000] {dagbag.py:538} INFO - Filling up the DagBag from /home/airflow/.local/lib/python3.8/site-packages/airflow/example_dags/example_params_trigger_ui.py
[2024-01-17T15:13:16.112+0000] {processor.py:840} INFO - DAG(s) 'example_params_trigger_ui' retrieved from /home/airflow/.local/lib/python3.8/site-packages/airflow/example_dags/example_params_trigger_ui.py
[2024-01-17T15:13:16.212+0000] {logging_mixin.py:188} INFO - [2024-01-17T15:13:16.211+0000] {dag.py:3033} INFO - Sync 1 DAGs
[2024-01-17T15:13:16.246+0000] {logging_mixin.py:188} INFO - [2024-01-17T15:13:16.246+0000] {dag.py:3820} INFO - Setting next_dagrun for example_params_trigger_ui to None, run_after=None
[2024-01-17T15:13:16.370+0000] {processor.py:183} INFO - Processing /home/airflow/.local/lib/python3.8/site-packages/airflow/example_dags/example_params_trigger_ui.py took 0.508 seconds
[2024-01-17T15:13:46.545+0000] {processor.py:161} INFO - Started process (PID=152) to work on /home/airflow/.local/lib/python3.8/site-packages/airflow/example_dags/example_params_trigger_ui.py
[2024-01-17T15:13:46.547+0000] {processor.py:830} INFO - Processing file /home/airflow/.local/lib/python3.8/site-packages/airflow/example_dags/example_params_trigger_ui.py for tasks to queue
[2024-01-17T15:13:46.549+0000] {logging_mixin.py:188} INFO - [2024-01-17T15:13:46.549+0000] {dagbag.py:538} INFO - Filling up the DagBag from /home/airflow/.local/lib/python3.8/site-packages/airflow/example_dags/example_params_trigger_ui.py
[2024-01-17T15:13:46.565+0000] {processor.py:840} INFO - DAG(s) 'example_params_trigger_ui' retrieved from /home/airflow/.local/lib/python3.8/site-packages/airflow/example_dags/example_params_trigger_ui.py
[2024-01-17T15:13:46.577+0000] {logging_mixin.py:188} INFO - [2024-01-17T15:13:46.577+0000] {dag.py:3033} INFO - Sync 1 DAGs
[2024-01-17T15:13:46.594+0000] {logging_mixin.py:188} INFO - [2024-01-17T15:13:46.594+0000] {dag.py:3820} INFO - Setting next_dagrun for example_params_trigger_ui to None, run_after=None
[2024-01-17T15:13:46.746+0000] {processor.py:183} INFO - Processing /home/airflow/.local/lib/python3.8/site-packages/airflow/example_dags/example_params_trigger_ui.py took 0.206 seconds
[2024-01-17T15:14:17.696+0000] {processor.py:161} INFO - Started process (PID=206) to work on /home/airflow/.local/lib/python3.8/site-packages/airflow/example_dags/example_params_trigger_ui.py
[2024-01-17T15:14:17.697+0000] {processor.py:830} INFO - Processing file /home/airflow/.local/lib/python3.8/site-packages/airflow/example_dags/example_params_trigger_ui.py for tasks to queue
[2024-01-17T15:14:17.712+0000] {logging_mixin.py:188} INFO - [2024-01-17T15:14:17.711+0000] {dagbag.py:538} INFO - Filling up the DagBag from /home/airflow/.local/lib/python3.8/site-packages/airflow/example_dags/example_params_trigger_ui.py
[2024-01-17T15:14:17.744+0000] {processor.py:840} INFO - DAG(s) 'example_params_trigger_ui' retrieved from /home/airflow/.local/lib/python3.8/site-packages/airflow/example_dags/example_params_trigger_ui.py
[2024-01-17T15:14:18.216+0000] {logging_mixin.py:188} INFO - [2024-01-17T15:14:18.216+0000] {dag.py:3033} INFO - Sync 1 DAGs
[2024-01-17T15:14:18.254+0000] {logging_mixin.py:188} INFO - [2024-01-17T15:14:18.253+0000] {dag.py:3820} INFO - Setting next_dagrun for example_params_trigger_ui to None, run_after=None
[2024-01-17T15:14:18.348+0000] {processor.py:183} INFO - Processing /home/airflow/.local/lib/python3.8/site-packages/airflow/example_dags/example_params_trigger_ui.py took 0.670 seconds
[2024-01-17T15:14:48.493+0000] {processor.py:161} INFO - Started process (PID=261) to work on /home/airflow/.local/lib/python3.8/site-packages/airflow/example_dags/example_params_trigger_ui.py
[2024-01-17T15:14:48.495+0000] {processor.py:830} INFO - Processing file /home/airflow/.local/lib/python3.8/site-packages/airflow/example_dags/example_params_trigger_ui.py for tasks to queue
[2024-01-17T15:14:48.497+0000] {logging_mixin.py:188} INFO - [2024-01-17T15:14:48.497+0000] {dagbag.py:538} INFO - Filling up the DagBag from /home/airflow/.local/lib/python3.8/site-packages/airflow/example_dags/example_params_trigger_ui.py
[2024-01-17T15:14:48.518+0000] {processor.py:840} INFO - DAG(s) 'example_params_trigger_ui' retrieved from /home/airflow/.local/lib/python3.8/site-packages/airflow/example_dags/example_params_trigger_ui.py
[2024-01-17T15:14:48.623+0000] {logging_mixin.py:188} INFO - [2024-01-17T15:14:48.622+0000] {dag.py:3033} INFO - Sync 1 DAGs
[2024-01-17T15:14:48.644+0000] {logging_mixin.py:188} INFO - [2024-01-17T15:14:48.644+0000] {dag.py:3820} INFO - Setting next_dagrun for example_params_trigger_ui to None, run_after=None
[2024-01-17T15:14:48.682+0000] {processor.py:183} INFO - Processing /home/airflow/.local/lib/python3.8/site-packages/airflow/example_dags/example_params_trigger_ui.py took 0.194 seconds
[2024-01-17T15:15:18.729+0000] {processor.py:161} INFO - Started process (PID=315) to work on /home/airflow/.local/lib/python3.8/site-packages/airflow/example_dags/example_params_trigger_ui.py
[2024-01-17T15:15:18.730+0000] {processor.py:830} INFO - Processing file /home/airflow/.local/lib/python3.8/site-packages/airflow/example_dags/example_params_trigger_ui.py for tasks to queue
[2024-01-17T15:15:18.732+0000] {logging_mixin.py:188} INFO - [2024-01-17T15:15:18.732+0000] {dagbag.py:538} INFO - Filling up the DagBag from /home/airflow/.local/lib/python3.8/site-packages/airflow/example_dags/example_params_trigger_ui.py
[2024-01-17T15:15:18.757+0000] {processor.py:840} INFO - DAG(s) 'example_params_trigger_ui' retrieved from /home/airflow/.local/lib/python3.8/site-packages/airflow/example_dags/example_params_trigger_ui.py
[2024-01-17T15:15:18.830+0000] {logging_mixin.py:188} INFO - [2024-01-17T15:15:18.829+0000] {dag.py:3033} INFO - Sync 1 DAGs
[2024-01-17T15:15:18.846+0000] {logging_mixin.py:188} INFO - [2024-01-17T15:15:18.846+0000] {dag.py:3820} INFO - Setting next_dagrun for example_params_trigger_ui to None, run_after=None
[2024-01-17T15:15:18.907+0000] {processor.py:183} INFO - Processing /home/airflow/.local/lib/python3.8/site-packages/airflow/example_dags/example_params_trigger_ui.py took 0.182 seconds
[2024-01-17T15:15:49.904+0000] {processor.py:161} INFO - Started process (PID=370) to work on /home/airflow/.local/lib/python3.8/site-packages/airflow/example_dags/example_params_trigger_ui.py
[2024-01-17T15:15:49.905+0000] {processor.py:830} INFO - Processing file /home/airflow/.local/lib/python3.8/site-packages/airflow/example_dags/example_params_trigger_ui.py for tasks to queue
[2024-01-17T15:15:49.907+0000] {logging_mixin.py:188} INFO - [2024-01-17T15:15:49.906+0000] {dagbag.py:538} INFO - Filling up the DagBag from /home/airflow/.local/lib/python3.8/site-packages/airflow/example_dags/example_params_trigger_ui.py
[2024-01-17T15:15:49.924+0000] {processor.py:840} INFO - DAG(s) 'example_params_trigger_ui' retrieved from /home/airflow/.local/lib/python3.8/site-packages/airflow/example_dags/example_params_trigger_ui.py
[2024-01-17T15:15:50.004+0000] {logging_mixin.py:188} INFO - [2024-01-17T15:15:50.004+0000] {dag.py:3033} INFO - Sync 1 DAGs
[2024-01-17T15:15:50.018+0000] {logging_mixin.py:188} INFO - [2024-01-17T15:15:50.018+0000] {dag.py:3820} INFO - Setting next_dagrun for example_params_trigger_ui to None, run_after=None
[2024-01-17T15:15:50.044+0000] {processor.py:183} INFO - Processing /home/airflow/.local/lib/python3.8/site-packages/airflow/example_dags/example_params_trigger_ui.py took 0.144 seconds
[2024-01-17T15:16:20.224+0000] {processor.py:161} INFO - Started process (PID=425) to work on /home/airflow/.local/lib/python3.8/site-packages/airflow/example_dags/example_params_trigger_ui.py
[2024-01-17T15:16:20.225+0000] {processor.py:830} INFO - Processing file /home/airflow/.local/lib/python3.8/site-packages/airflow/example_dags/example_params_trigger_ui.py for tasks to queue
[2024-01-17T15:16:20.228+0000] {logging_mixin.py:188} INFO - [2024-01-17T15:16:20.227+0000] {dagbag.py:538} INFO - Filling up the DagBag from /home/airflow/.local/lib/python3.8/site-packages/airflow/example_dags/example_params_trigger_ui.py
[2024-01-17T15:16:20.249+0000] {processor.py:840} INFO - DAG(s) 'example_params_trigger_ui' retrieved from /home/airflow/.local/lib/python3.8/site-packages/airflow/example_dags/example_params_trigger_ui.py
[2024-01-17T15:16:20.336+0000] {logging_mixin.py:188} INFO - [2024-01-17T15:16:20.336+0000] {dag.py:3033} INFO - Sync 1 DAGs
[2024-01-17T15:16:20.353+0000] {logging_mixin.py:188} INFO - [2024-01-17T15:16:20.352+0000] {dag.py:3820} INFO - Setting next_dagrun for example_params_trigger_ui to None, run_after=None
[2024-01-17T15:16:20.374+0000] {processor.py:183} INFO - Processing /home/airflow/.local/lib/python3.8/site-packages/airflow/example_dags/example_params_trigger_ui.py took 0.154 seconds
[2024-01-17T15:16:50.861+0000] {processor.py:161} INFO - Started process (PID=479) to work on /home/airflow/.local/lib/python3.8/site-packages/airflow/example_dags/example_params_trigger_ui.py
[2024-01-17T15:16:50.866+0000] {processor.py:830} INFO - Processing file /home/airflow/.local/lib/python3.8/site-packages/airflow/example_dags/example_params_trigger_ui.py for tasks to queue
[2024-01-17T15:16:50.877+0000] {logging_mixin.py:188} INFO - [2024-01-17T15:16:50.876+0000] {dagbag.py:538} INFO - Filling up the DagBag from /home/airflow/.local/lib/python3.8/site-packages/airflow/example_dags/example_params_trigger_ui.py
[2024-01-17T15:16:50.930+0000] {processor.py:840} INFO - DAG(s) 'example_params_trigger_ui' retrieved from /home/airflow/.local/lib/python3.8/site-packages/airflow/example_dags/example_params_trigger_ui.py
[2024-01-17T15:16:51.007+0000] {logging_mixin.py:188} INFO - [2024-01-17T15:16:51.006+0000] {dag.py:3033} INFO - Sync 1 DAGs
[2024-01-17T15:16:51.021+0000] {logging_mixin.py:188} INFO - [2024-01-17T15:16:51.021+0000] {dag.py:3820} INFO - Setting next_dagrun for example_params_trigger_ui to None, run_after=None
[2024-01-17T15:16:51.045+0000] {processor.py:183} INFO - Processing /home/airflow/.local/lib/python3.8/site-packages/airflow/example_dags/example_params_trigger_ui.py took 0.209 seconds
[2024-01-17T15:17:21.443+0000] {processor.py:161} INFO - Started process (PID=534) to work on /home/airflow/.local/lib/python3.8/site-packages/airflow/example_dags/example_params_trigger_ui.py
[2024-01-17T15:17:21.456+0000] {processor.py:830} INFO - Processing file /home/airflow/.local/lib/python3.8/site-packages/airflow/example_dags/example_params_trigger_ui.py for tasks to queue
[2024-01-17T15:17:21.459+0000] {logging_mixin.py:188} INFO - [2024-01-17T15:17:21.458+0000] {dagbag.py:538} INFO - Filling up the DagBag from /home/airflow/.local/lib/python3.8/site-packages/airflow/example_dags/example_params_trigger_ui.py
[2024-01-17T15:17:21.498+0000] {processor.py:840} INFO - DAG(s) 'example_params_trigger_ui' retrieved from /home/airflow/.local/lib/python3.8/site-packages/airflow/example_dags/example_params_trigger_ui.py
[2024-01-17T15:17:21.781+0000] {logging_mixin.py:188} INFO - [2024-01-17T15:17:21.781+0000] {dag.py:3033} INFO - Sync 1 DAGs
[2024-01-17T15:17:21.814+0000] {logging_mixin.py:188} INFO - [2024-01-17T15:17:21.813+0000] {dag.py:3820} INFO - Setting next_dagrun for example_params_trigger_ui to None, run_after=None
[2024-01-17T15:17:21.893+0000] {processor.py:183} INFO - Processing /home/airflow/.local/lib/python3.8/site-packages/airflow/example_dags/example_params_trigger_ui.py took 0.455 seconds
[2024-01-17T15:17:52.002+0000] {processor.py:161} INFO - Started process (PID=589) to work on /home/airflow/.local/lib/python3.8/site-packages/airflow/example_dags/example_params_trigger_ui.py
[2024-01-17T15:17:52.007+0000] {processor.py:830} INFO - Processing file /home/airflow/.local/lib/python3.8/site-packages/airflow/example_dags/example_params_trigger_ui.py for tasks to queue
[2024-01-17T15:17:52.014+0000] {logging_mixin.py:188} INFO - [2024-01-17T15:17:52.013+0000] {dagbag.py:538} INFO - Filling up the DagBag from /home/airflow/.local/lib/python3.8/site-packages/airflow/example_dags/example_params_trigger_ui.py
[2024-01-17T15:17:52.050+0000] {processor.py:840} INFO - DAG(s) 'example_params_trigger_ui' retrieved from /home/airflow/.local/lib/python3.8/site-packages/airflow/example_dags/example_params_trigger_ui.py
[2024-01-17T15:17:52.211+0000] {logging_mixin.py:188} INFO - [2024-01-17T15:17:52.211+0000] {dag.py:3033} INFO - Sync 1 DAGs
[2024-01-17T15:17:52.240+0000] {logging_mixin.py:188} INFO - [2024-01-17T15:17:52.239+0000] {dag.py:3820} INFO - Setting next_dagrun for example_params_trigger_ui to None, run_after=None
[2024-01-17T15:17:52.281+0000] {processor.py:183} INFO - Processing /home/airflow/.local/lib/python3.8/site-packages/airflow/example_dags/example_params_trigger_ui.py took 0.284 seconds
[2024-01-17T15:18:22.909+0000] {processor.py:161} INFO - Started process (PID=644) to work on /home/airflow/.local/lib/python3.8/site-packages/airflow/example_dags/example_params_trigger_ui.py
[2024-01-17T15:18:22.910+0000] {processor.py:830} INFO - Processing file /home/airflow/.local/lib/python3.8/site-packages/airflow/example_dags/example_params_trigger_ui.py for tasks to queue
[2024-01-17T15:18:22.912+0000] {logging_mixin.py:188} INFO - [2024-01-17T15:18:22.911+0000] {dagbag.py:538} INFO - Filling up the DagBag from /home/airflow/.local/lib/python3.8/site-packages/airflow/example_dags/example_params_trigger_ui.py
[2024-01-17T15:18:22.926+0000] {processor.py:840} INFO - DAG(s) 'example_params_trigger_ui' retrieved from /home/airflow/.local/lib/python3.8/site-packages/airflow/example_dags/example_params_trigger_ui.py
[2024-01-17T15:18:22.988+0000] {logging_mixin.py:188} INFO - [2024-01-17T15:18:22.988+0000] {dag.py:3033} INFO - Sync 1 DAGs
[2024-01-17T15:18:23.010+0000] {logging_mixin.py:188} INFO - [2024-01-17T15:18:23.010+0000] {dag.py:3820} INFO - Setting next_dagrun for example_params_trigger_ui to None, run_after=None
[2024-01-17T15:18:23.031+0000] {processor.py:183} INFO - Processing /home/airflow/.local/lib/python3.8/site-packages/airflow/example_dags/example_params_trigger_ui.py took 0.126 seconds
[2024-01-17T15:18:53.166+0000] {processor.py:161} INFO - Started process (PID=699) to work on /home/airflow/.local/lib/python3.8/site-packages/airflow/example_dags/example_params_trigger_ui.py
[2024-01-17T15:18:53.167+0000] {processor.py:830} INFO - Processing file /home/airflow/.local/lib/python3.8/site-packages/airflow/example_dags/example_params_trigger_ui.py for tasks to queue
[2024-01-17T15:18:53.169+0000] {logging_mixin.py:188} INFO - [2024-01-17T15:18:53.169+0000] {dagbag.py:538} INFO - Filling up the DagBag from /home/airflow/.local/lib/python3.8/site-packages/airflow/example_dags/example_params_trigger_ui.py
[2024-01-17T15:18:53.190+0000] {processor.py:840} INFO - DAG(s) 'example_params_trigger_ui' retrieved from /home/airflow/.local/lib/python3.8/site-packages/airflow/example_dags/example_params_trigger_ui.py
[2024-01-17T15:18:53.278+0000] {logging_mixin.py:188} INFO - [2024-01-17T15:18:53.278+0000] {dag.py:3033} INFO - Sync 1 DAGs
[2024-01-17T15:18:53.292+0000] {logging_mixin.py:188} INFO - [2024-01-17T15:18:53.292+0000] {dag.py:3820} INFO - Setting next_dagrun for example_params_trigger_ui to None, run_after=None
[2024-01-17T15:18:53.353+0000] {processor.py:183} INFO - Processing /home/airflow/.local/lib/python3.8/site-packages/airflow/example_dags/example_params_trigger_ui.py took 0.192 seconds
[2024-01-17T15:19:24.314+0000] {processor.py:161} INFO - Started process (PID=754) to work on /home/airflow/.local/lib/python3.8/site-packages/airflow/example_dags/example_params_trigger_ui.py
[2024-01-17T15:19:24.315+0000] {processor.py:830} INFO - Processing file /home/airflow/.local/lib/python3.8/site-packages/airflow/example_dags/example_params_trigger_ui.py for tasks to queue
[2024-01-17T15:19:24.317+0000] {logging_mixin.py:188} INFO - [2024-01-17T15:19:24.317+0000] {dagbag.py:538} INFO - Filling up the DagBag from /home/airflow/.local/lib/python3.8/site-packages/airflow/example_dags/example_params_trigger_ui.py
[2024-01-17T15:19:24.343+0000] {processor.py:840} INFO - DAG(s) 'example_params_trigger_ui' retrieved from /home/airflow/.local/lib/python3.8/site-packages/airflow/example_dags/example_params_trigger_ui.py
[2024-01-17T15:19:24.459+0000] {logging_mixin.py:188} INFO - [2024-01-17T15:19:24.459+0000] {dag.py:3033} INFO - Sync 1 DAGs
[2024-01-17T15:19:24.489+0000] {logging_mixin.py:188} INFO - [2024-01-17T15:19:24.489+0000] {dag.py:3820} INFO - Setting next_dagrun for example_params_trigger_ui to None, run_after=None
[2024-01-17T15:19:24.523+0000] {processor.py:183} INFO - Processing /home/airflow/.local/lib/python3.8/site-packages/airflow/example_dags/example_params_trigger_ui.py took 0.214 seconds
[2024-01-17T15:19:54.697+0000] {processor.py:161} INFO - Started process (PID=801) to work on /home/airflow/.local/lib/python3.8/site-packages/airflow/example_dags/example_params_trigger_ui.py
[2024-01-17T15:19:54.706+0000] {processor.py:830} INFO - Processing file /home/airflow/.local/lib/python3.8/site-packages/airflow/example_dags/example_params_trigger_ui.py for tasks to queue
[2024-01-17T15:19:54.725+0000] {logging_mixin.py:188} INFO - [2024-01-17T15:19:54.724+0000] {dagbag.py:538} INFO - Filling up the DagBag from /home/airflow/.local/lib/python3.8/site-packages/airflow/example_dags/example_params_trigger_ui.py
[2024-01-17T15:19:54.764+0000] {processor.py:840} INFO - DAG(s) 'example_params_trigger_ui' retrieved from /home/airflow/.local/lib/python3.8/site-packages/airflow/example_dags/example_params_trigger_ui.py
[2024-01-17T15:19:54.849+0000] {logging_mixin.py:188} INFO - [2024-01-17T15:19:54.849+0000] {dag.py:3033} INFO - Sync 1 DAGs
[2024-01-17T15:19:54.866+0000] {logging_mixin.py:188} INFO - [2024-01-17T15:19:54.866+0000] {dag.py:3820} INFO - Setting next_dagrun for example_params_trigger_ui to None, run_after=None
[2024-01-17T15:19:54.890+0000] {processor.py:183} INFO - Processing /home/airflow/.local/lib/python3.8/site-packages/airflow/example_dags/example_params_trigger_ui.py took 0.210 seconds
[2024-01-17T15:20:25.875+0000] {processor.py:161} INFO - Started process (PID=855) to work on /home/airflow/.local/lib/python3.8/site-packages/airflow/example_dags/example_params_trigger_ui.py
[2024-01-17T15:20:25.876+0000] {processor.py:830} INFO - Processing file /home/airflow/.local/lib/python3.8/site-packages/airflow/example_dags/example_params_trigger_ui.py for tasks to queue
[2024-01-17T15:20:25.879+0000] {logging_mixin.py:188} INFO - [2024-01-17T15:20:25.879+0000] {dagbag.py:538} INFO - Filling up the DagBag from /home/airflow/.local/lib/python3.8/site-packages/airflow/example_dags/example_params_trigger_ui.py
[2024-01-17T15:20:25.923+0000] {processor.py:840} INFO - DAG(s) 'example_params_trigger_ui' retrieved from /home/airflow/.local/lib/python3.8/site-packages/airflow/example_dags/example_params_trigger_ui.py
[2024-01-17T15:20:26.199+0000] {logging_mixin.py:188} INFO - [2024-01-17T15:20:26.199+0000] {dag.py:3033} INFO - Sync 1 DAGs
[2024-01-17T15:20:26.224+0000] {logging_mixin.py:188} INFO - [2024-01-17T15:20:26.224+0000] {dag.py:3820} INFO - Setting next_dagrun for example_params_trigger_ui to None, run_after=None
[2024-01-17T15:20:26.263+0000] {processor.py:183} INFO - Processing /home/airflow/.local/lib/python3.8/site-packages/airflow/example_dags/example_params_trigger_ui.py took 0.396 seconds
[2024-01-17T15:20:56.377+0000] {processor.py:161} INFO - Started process (PID=911) to work on /home/airflow/.local/lib/python3.8/site-packages/airflow/example_dags/example_params_trigger_ui.py
[2024-01-17T15:20:56.378+0000] {processor.py:830} INFO - Processing file /home/airflow/.local/lib/python3.8/site-packages/airflow/example_dags/example_params_trigger_ui.py for tasks to queue
[2024-01-17T15:20:56.381+0000] {logging_mixin.py:188} INFO - [2024-01-17T15:20:56.380+0000] {dagbag.py:538} INFO - Filling up the DagBag from /home/airflow/.local/lib/python3.8/site-packages/airflow/example_dags/example_params_trigger_ui.py
[2024-01-17T15:20:56.397+0000] {processor.py:840} INFO - DAG(s) 'example_params_trigger_ui' retrieved from /home/airflow/.local/lib/python3.8/site-packages/airflow/example_dags/example_params_trigger_ui.py
[2024-01-17T15:20:56.492+0000] {logging_mixin.py:188} INFO - [2024-01-17T15:20:56.491+0000] {dag.py:3033} INFO - Sync 1 DAGs
[2024-01-17T15:20:56.517+0000] {logging_mixin.py:188} INFO - [2024-01-17T15:20:56.517+0000] {dag.py:3820} INFO - Setting next_dagrun for example_params_trigger_ui to None, run_after=None
[2024-01-17T15:20:56.550+0000] {processor.py:183} INFO - Processing /home/airflow/.local/lib/python3.8/site-packages/airflow/example_dags/example_params_trigger_ui.py took 0.177 seconds
[2024-01-17T15:21:26.716+0000] {processor.py:161} INFO - Started process (PID=964) to work on /home/airflow/.local/lib/python3.8/site-packages/airflow/example_dags/example_params_trigger_ui.py
[2024-01-17T15:21:26.721+0000] {processor.py:830} INFO - Processing file /home/airflow/.local/lib/python3.8/site-packages/airflow/example_dags/example_params_trigger_ui.py for tasks to queue
[2024-01-17T15:21:26.733+0000] {logging_mixin.py:188} INFO - [2024-01-17T15:21:26.731+0000] {dagbag.py:538} INFO - Filling up the DagBag from /home/airflow/.local/lib/python3.8/site-packages/airflow/example_dags/example_params_trigger_ui.py
[2024-01-17T15:21:26.800+0000] {processor.py:840} INFO - DAG(s) 'example_params_trigger_ui' retrieved from /home/airflow/.local/lib/python3.8/site-packages/airflow/example_dags/example_params_trigger_ui.py
[2024-01-17T15:21:26.968+0000] {logging_mixin.py:188} INFO - [2024-01-17T15:21:26.968+0000] {dag.py:3033} INFO - Sync 1 DAGs
[2024-01-17T15:21:26.996+0000] {logging_mixin.py:188} INFO - [2024-01-17T15:21:26.996+0000] {dag.py:3820} INFO - Setting next_dagrun for example_params_trigger_ui to None, run_after=None
[2024-01-17T15:21:27.033+0000] {processor.py:183} INFO - Processing /home/airflow/.local/lib/python3.8/site-packages/airflow/example_dags/example_params_trigger_ui.py took 0.336 seconds
[2024-01-17T15:21:57.506+0000] {processor.py:161} INFO - Started process (PID=1018) to work on /home/airflow/.local/lib/python3.8/site-packages/airflow/example_dags/example_params_trigger_ui.py
[2024-01-17T15:21:57.509+0000] {processor.py:830} INFO - Processing file /home/airflow/.local/lib/python3.8/site-packages/airflow/example_dags/example_params_trigger_ui.py for tasks to queue
[2024-01-17T15:21:57.513+0000] {logging_mixin.py:188} INFO - [2024-01-17T15:21:57.513+0000] {dagbag.py:538} INFO - Filling up the DagBag from /home/airflow/.local/lib/python3.8/site-packages/airflow/example_dags/example_params_trigger_ui.py
[2024-01-17T15:21:57.545+0000] {processor.py:840} INFO - DAG(s) 'example_params_trigger_ui' retrieved from /home/airflow/.local/lib/python3.8/site-packages/airflow/example_dags/example_params_trigger_ui.py
[2024-01-17T15:21:57.674+0000] {logging_mixin.py:188} INFO - [2024-01-17T15:21:57.674+0000] {dag.py:3033} INFO - Sync 1 DAGs
[2024-01-17T15:21:57.696+0000] {logging_mixin.py:188} INFO - [2024-01-17T15:21:57.696+0000] {dag.py:3820} INFO - Setting next_dagrun for example_params_trigger_ui to None, run_after=None
[2024-01-17T15:21:57.806+0000] {processor.py:183} INFO - Processing /home/airflow/.local/lib/python3.8/site-packages/airflow/example_dags/example_params_trigger_ui.py took 0.313 seconds
[2024-01-17T15:25:01.621+0000] {processor.py:161} INFO - Started process (PID=36) to work on /home/airflow/.local/lib/python3.8/site-packages/airflow/example_dags/example_params_trigger_ui.py
[2024-01-17T15:25:01.722+0000] {processor.py:830} INFO - Processing file /home/airflow/.local/lib/python3.8/site-packages/airflow/example_dags/example_params_trigger_ui.py for tasks to queue
[2024-01-17T15:25:01.724+0000] {logging_mixin.py:188} INFO - [2024-01-17T15:25:01.723+0000] {dagbag.py:538} INFO - Filling up the DagBag from /home/airflow/.local/lib/python3.8/site-packages/airflow/example_dags/example_params_trigger_ui.py
[2024-01-17T15:25:01.953+0000] {processor.py:840} INFO - DAG(s) 'example_params_trigger_ui' retrieved from /home/airflow/.local/lib/python3.8/site-packages/airflow/example_dags/example_params_trigger_ui.py
[2024-01-17T15:25:02.339+0000] {logging_mixin.py:188} INFO - [2024-01-17T15:25:02.339+0000] {dag.py:3033} INFO - Sync 1 DAGs
[2024-01-17T15:25:02.365+0000] {logging_mixin.py:188} INFO - [2024-01-17T15:25:02.364+0000] {dag.py:3820} INFO - Setting next_dagrun for example_params_trigger_ui to None, run_after=None
[2024-01-17T15:25:02.528+0000] {processor.py:183} INFO - Processing /home/airflow/.local/lib/python3.8/site-packages/airflow/example_dags/example_params_trigger_ui.py took 0.916 seconds
[2024-01-17T15:25:32.852+0000] {processor.py:161} INFO - Started process (PID=90) to work on /home/airflow/.local/lib/python3.8/site-packages/airflow/example_dags/example_params_trigger_ui.py
[2024-01-17T15:25:32.853+0000] {processor.py:830} INFO - Processing file /home/airflow/.local/lib/python3.8/site-packages/airflow/example_dags/example_params_trigger_ui.py for tasks to queue
[2024-01-17T15:25:32.855+0000] {logging_mixin.py:188} INFO - [2024-01-17T15:25:32.854+0000] {dagbag.py:538} INFO - Filling up the DagBag from /home/airflow/.local/lib/python3.8/site-packages/airflow/example_dags/example_params_trigger_ui.py
[2024-01-17T15:25:32.874+0000] {processor.py:840} INFO - DAG(s) 'example_params_trigger_ui' retrieved from /home/airflow/.local/lib/python3.8/site-packages/airflow/example_dags/example_params_trigger_ui.py
[2024-01-17T15:25:32.980+0000] {logging_mixin.py:188} INFO - [2024-01-17T15:25:32.980+0000] {dag.py:3033} INFO - Sync 1 DAGs
[2024-01-17T15:25:33.006+0000] {logging_mixin.py:188} INFO - [2024-01-17T15:25:33.006+0000] {dag.py:3820} INFO - Setting next_dagrun for example_params_trigger_ui to None, run_after=None
[2024-01-17T15:25:33.090+0000] {processor.py:183} INFO - Processing /home/airflow/.local/lib/python3.8/site-packages/airflow/example_dags/example_params_trigger_ui.py took 0.242 seconds
[2024-01-17T15:26:03.823+0000] {processor.py:161} INFO - Started process (PID=146) to work on /home/airflow/.local/lib/python3.8/site-packages/airflow/example_dags/example_params_trigger_ui.py
[2024-01-17T15:26:03.830+0000] {processor.py:830} INFO - Processing file /home/airflow/.local/lib/python3.8/site-packages/airflow/example_dags/example_params_trigger_ui.py for tasks to queue
[2024-01-17T15:26:03.836+0000] {logging_mixin.py:188} INFO - [2024-01-17T15:26:03.835+0000] {dagbag.py:538} INFO - Filling up the DagBag from /home/airflow/.local/lib/python3.8/site-packages/airflow/example_dags/example_params_trigger_ui.py
[2024-01-17T15:26:03.878+0000] {processor.py:840} INFO - DAG(s) 'example_params_trigger_ui' retrieved from /home/airflow/.local/lib/python3.8/site-packages/airflow/example_dags/example_params_trigger_ui.py
[2024-01-17T15:26:04.101+0000] {logging_mixin.py:188} INFO - [2024-01-17T15:26:04.100+0000] {dag.py:3033} INFO - Sync 1 DAGs
[2024-01-17T15:26:04.131+0000] {logging_mixin.py:188} INFO - [2024-01-17T15:26:04.130+0000] {dag.py:3820} INFO - Setting next_dagrun for example_params_trigger_ui to None, run_after=None
[2024-01-17T15:26:04.266+0000] {processor.py:183} INFO - Processing /home/airflow/.local/lib/python3.8/site-packages/airflow/example_dags/example_params_trigger_ui.py took 0.449 seconds
[2024-01-17T15:26:34.745+0000] {processor.py:161} INFO - Started process (PID=202) to work on /home/airflow/.local/lib/python3.8/site-packages/airflow/example_dags/example_params_trigger_ui.py
[2024-01-17T15:26:34.747+0000] {processor.py:830} INFO - Processing file /home/airflow/.local/lib/python3.8/site-packages/airflow/example_dags/example_params_trigger_ui.py for tasks to queue
[2024-01-17T15:26:34.750+0000] {logging_mixin.py:188} INFO - [2024-01-17T15:26:34.749+0000] {dagbag.py:538} INFO - Filling up the DagBag from /home/airflow/.local/lib/python3.8/site-packages/airflow/example_dags/example_params_trigger_ui.py
[2024-01-17T15:26:34.770+0000] {processor.py:840} INFO - DAG(s) 'example_params_trigger_ui' retrieved from /home/airflow/.local/lib/python3.8/site-packages/airflow/example_dags/example_params_trigger_ui.py
[2024-01-17T15:26:35.109+0000] {logging_mixin.py:188} INFO - [2024-01-17T15:26:35.108+0000] {dag.py:3033} INFO - Sync 1 DAGs
[2024-01-17T15:26:35.161+0000] {logging_mixin.py:188} INFO - [2024-01-17T15:26:35.161+0000] {dag.py:3820} INFO - Setting next_dagrun for example_params_trigger_ui to None, run_after=None
[2024-01-17T15:26:35.219+0000] {processor.py:183} INFO - Processing /home/airflow/.local/lib/python3.8/site-packages/airflow/example_dags/example_params_trigger_ui.py took 0.480 seconds
[2024-01-17T15:27:05.448+0000] {processor.py:161} INFO - Started process (PID=258) to work on /home/airflow/.local/lib/python3.8/site-packages/airflow/example_dags/example_params_trigger_ui.py
[2024-01-17T15:27:05.456+0000] {processor.py:830} INFO - Processing file /home/airflow/.local/lib/python3.8/site-packages/airflow/example_dags/example_params_trigger_ui.py for tasks to queue
[2024-01-17T15:27:05.465+0000] {logging_mixin.py:188} INFO - [2024-01-17T15:27:05.465+0000] {dagbag.py:538} INFO - Filling up the DagBag from /home/airflow/.local/lib/python3.8/site-packages/airflow/example_dags/example_params_trigger_ui.py
[2024-01-17T15:27:05.582+0000] {processor.py:840} INFO - DAG(s) 'example_params_trigger_ui' retrieved from /home/airflow/.local/lib/python3.8/site-packages/airflow/example_dags/example_params_trigger_ui.py
[2024-01-17T15:27:05.887+0000] {logging_mixin.py:188} INFO - [2024-01-17T15:27:05.887+0000] {dag.py:3033} INFO - Sync 1 DAGs
[2024-01-17T15:27:05.931+0000] {logging_mixin.py:188} INFO - [2024-01-17T15:27:05.931+0000] {dag.py:3820} INFO - Setting next_dagrun for example_params_trigger_ui to None, run_after=None
[2024-01-17T15:27:05.979+0000] {processor.py:183} INFO - Processing /home/airflow/.local/lib/python3.8/site-packages/airflow/example_dags/example_params_trigger_ui.py took 0.543 seconds
[2024-01-17T15:27:36.411+0000] {processor.py:161} INFO - Started process (PID=313) to work on /home/airflow/.local/lib/python3.8/site-packages/airflow/example_dags/example_params_trigger_ui.py
[2024-01-17T15:27:36.423+0000] {processor.py:830} INFO - Processing file /home/airflow/.local/lib/python3.8/site-packages/airflow/example_dags/example_params_trigger_ui.py for tasks to queue
[2024-01-17T15:27:36.426+0000] {logging_mixin.py:188} INFO - [2024-01-17T15:27:36.426+0000] {dagbag.py:538} INFO - Filling up the DagBag from /home/airflow/.local/lib/python3.8/site-packages/airflow/example_dags/example_params_trigger_ui.py
[2024-01-17T15:27:36.509+0000] {processor.py:840} INFO - DAG(s) 'example_params_trigger_ui' retrieved from /home/airflow/.local/lib/python3.8/site-packages/airflow/example_dags/example_params_trigger_ui.py
[2024-01-17T15:27:36.757+0000] {logging_mixin.py:188} INFO - [2024-01-17T15:27:36.752+0000] {dag.py:3033} INFO - Sync 1 DAGs
[2024-01-17T15:27:36.795+0000] {logging_mixin.py:188} INFO - [2024-01-17T15:27:36.795+0000] {dag.py:3820} INFO - Setting next_dagrun for example_params_trigger_ui to None, run_after=None
[2024-01-17T15:27:36.910+0000] {processor.py:183} INFO - Processing /home/airflow/.local/lib/python3.8/site-packages/airflow/example_dags/example_params_trigger_ui.py took 0.504 seconds
[2024-01-17T15:28:07.275+0000] {processor.py:161} INFO - Started process (PID=368) to work on /home/airflow/.local/lib/python3.8/site-packages/airflow/example_dags/example_params_trigger_ui.py
[2024-01-17T15:28:07.293+0000] {processor.py:830} INFO - Processing file /home/airflow/.local/lib/python3.8/site-packages/airflow/example_dags/example_params_trigger_ui.py for tasks to queue
[2024-01-17T15:28:07.296+0000] {logging_mixin.py:188} INFO - [2024-01-17T15:28:07.296+0000] {dagbag.py:538} INFO - Filling up the DagBag from /home/airflow/.local/lib/python3.8/site-packages/airflow/example_dags/example_params_trigger_ui.py
[2024-01-17T15:28:07.343+0000] {processor.py:840} INFO - DAG(s) 'example_params_trigger_ui' retrieved from /home/airflow/.local/lib/python3.8/site-packages/airflow/example_dags/example_params_trigger_ui.py
[2024-01-17T15:28:07.613+0000] {logging_mixin.py:188} INFO - [2024-01-17T15:28:07.612+0000] {dag.py:3033} INFO - Sync 1 DAGs
[2024-01-17T15:28:07.679+0000] {logging_mixin.py:188} INFO - [2024-01-17T15:28:07.679+0000] {dag.py:3820} INFO - Setting next_dagrun for example_params_trigger_ui to None, run_after=None
[2024-01-17T15:28:07.808+0000] {processor.py:183} INFO - Processing /home/airflow/.local/lib/python3.8/site-packages/airflow/example_dags/example_params_trigger_ui.py took 0.538 seconds
[2024-01-17T15:28:38.802+0000] {processor.py:161} INFO - Started process (PID=423) to work on /home/airflow/.local/lib/python3.8/site-packages/airflow/example_dags/example_params_trigger_ui.py
[2024-01-17T15:28:38.813+0000] {processor.py:830} INFO - Processing file /home/airflow/.local/lib/python3.8/site-packages/airflow/example_dags/example_params_trigger_ui.py for tasks to queue
[2024-01-17T15:28:38.816+0000] {logging_mixin.py:188} INFO - [2024-01-17T15:28:38.816+0000] {dagbag.py:538} INFO - Filling up the DagBag from /home/airflow/.local/lib/python3.8/site-packages/airflow/example_dags/example_params_trigger_ui.py
[2024-01-17T15:28:38.857+0000] {processor.py:840} INFO - DAG(s) 'example_params_trigger_ui' retrieved from /home/airflow/.local/lib/python3.8/site-packages/airflow/example_dags/example_params_trigger_ui.py
[2024-01-17T15:28:38.896+0000] {logging_mixin.py:188} INFO - [2024-01-17T15:28:38.896+0000] {dag.py:3033} INFO - Sync 1 DAGs
[2024-01-17T15:28:38.929+0000] {logging_mixin.py:188} INFO - [2024-01-17T15:28:38.929+0000] {dag.py:3820} INFO - Setting next_dagrun for example_params_trigger_ui to None, run_after=None
[2024-01-17T15:28:38.966+0000] {processor.py:183} INFO - Processing /home/airflow/.local/lib/python3.8/site-packages/airflow/example_dags/example_params_trigger_ui.py took 0.180 seconds
[2024-01-17T15:29:09.838+0000] {processor.py:161} INFO - Started process (PID=479) to work on /home/airflow/.local/lib/python3.8/site-packages/airflow/example_dags/example_params_trigger_ui.py
[2024-01-17T15:29:09.840+0000] {processor.py:830} INFO - Processing file /home/airflow/.local/lib/python3.8/site-packages/airflow/example_dags/example_params_trigger_ui.py for tasks to queue
[2024-01-17T15:29:09.843+0000] {logging_mixin.py:188} INFO - [2024-01-17T15:29:09.842+0000] {dagbag.py:538} INFO - Filling up the DagBag from /home/airflow/.local/lib/python3.8/site-packages/airflow/example_dags/example_params_trigger_ui.py
[2024-01-17T15:29:09.871+0000] {processor.py:840} INFO - DAG(s) 'example_params_trigger_ui' retrieved from /home/airflow/.local/lib/python3.8/site-packages/airflow/example_dags/example_params_trigger_ui.py
[2024-01-17T15:29:10.117+0000] {logging_mixin.py:188} INFO - [2024-01-17T15:29:10.117+0000] {dag.py:3033} INFO - Sync 1 DAGs
[2024-01-17T15:29:10.136+0000] {logging_mixin.py:188} INFO - [2024-01-17T15:29:10.135+0000] {dag.py:3820} INFO - Setting next_dagrun for example_params_trigger_ui to None, run_after=None
[2024-01-17T15:29:10.171+0000] {processor.py:183} INFO - Processing /home/airflow/.local/lib/python3.8/site-packages/airflow/example_dags/example_params_trigger_ui.py took 0.339 seconds
[2024-01-17T15:29:57.644+0000] {processor.py:161} INFO - Started process (PID=503) to work on /home/airflow/.local/lib/python3.8/site-packages/airflow/example_dags/example_params_trigger_ui.py
[2024-01-17T15:29:57.650+0000] {processor.py:830} INFO - Processing file /home/airflow/.local/lib/python3.8/site-packages/airflow/example_dags/example_params_trigger_ui.py for tasks to queue
[2024-01-17T15:29:57.655+0000] {logging_mixin.py:188} INFO - [2024-01-17T15:29:57.654+0000] {dagbag.py:538} INFO - Filling up the DagBag from /home/airflow/.local/lib/python3.8/site-packages/airflow/example_dags/example_params_trigger_ui.py
[2024-01-17T15:29:57.733+0000] {processor.py:840} INFO - DAG(s) 'example_params_trigger_ui' retrieved from /home/airflow/.local/lib/python3.8/site-packages/airflow/example_dags/example_params_trigger_ui.py
[2024-01-17T15:29:57.838+0000] {logging_mixin.py:188} INFO - [2024-01-17T15:29:57.838+0000] {dag.py:3033} INFO - Sync 1 DAGs
[2024-01-17T15:29:57.873+0000] {logging_mixin.py:188} INFO - [2024-01-17T15:29:57.872+0000] {dag.py:3820} INFO - Setting next_dagrun for example_params_trigger_ui to None, run_after=None
[2024-01-17T15:29:57.917+0000] {processor.py:183} INFO - Processing /home/airflow/.local/lib/python3.8/site-packages/airflow/example_dags/example_params_trigger_ui.py took 0.301 seconds
[2024-01-17T15:30:28.184+0000] {processor.py:161} INFO - Started process (PID=557) to work on /home/airflow/.local/lib/python3.8/site-packages/airflow/example_dags/example_params_trigger_ui.py
[2024-01-17T15:30:28.187+0000] {processor.py:830} INFO - Processing file /home/airflow/.local/lib/python3.8/site-packages/airflow/example_dags/example_params_trigger_ui.py for tasks to queue
[2024-01-17T15:30:28.192+0000] {logging_mixin.py:188} INFO - [2024-01-17T15:30:28.191+0000] {dagbag.py:538} INFO - Filling up the DagBag from /home/airflow/.local/lib/python3.8/site-packages/airflow/example_dags/example_params_trigger_ui.py
[2024-01-17T15:30:28.223+0000] {processor.py:840} INFO - DAG(s) 'example_params_trigger_ui' retrieved from /home/airflow/.local/lib/python3.8/site-packages/airflow/example_dags/example_params_trigger_ui.py
[2024-01-17T15:30:28.298+0000] {logging_mixin.py:188} INFO - [2024-01-17T15:30:28.298+0000] {dag.py:3033} INFO - Sync 1 DAGs
[2024-01-17T15:30:28.314+0000] {logging_mixin.py:188} INFO - [2024-01-17T15:30:28.314+0000] {dag.py:3820} INFO - Setting next_dagrun for example_params_trigger_ui to None, run_after=None
[2024-01-17T15:30:28.353+0000] {processor.py:183} INFO - Processing /home/airflow/.local/lib/python3.8/site-packages/airflow/example_dags/example_params_trigger_ui.py took 0.178 seconds
[2024-01-17T15:30:58.564+0000] {processor.py:161} INFO - Started process (PID=613) to work on /home/airflow/.local/lib/python3.8/site-packages/airflow/example_dags/example_params_trigger_ui.py
[2024-01-17T15:30:58.566+0000] {processor.py:830} INFO - Processing file /home/airflow/.local/lib/python3.8/site-packages/airflow/example_dags/example_params_trigger_ui.py for tasks to queue
[2024-01-17T15:30:58.569+0000] {logging_mixin.py:188} INFO - [2024-01-17T15:30:58.569+0000] {dagbag.py:538} INFO - Filling up the DagBag from /home/airflow/.local/lib/python3.8/site-packages/airflow/example_dags/example_params_trigger_ui.py
[2024-01-17T15:30:58.598+0000] {processor.py:840} INFO - DAG(s) 'example_params_trigger_ui' retrieved from /home/airflow/.local/lib/python3.8/site-packages/airflow/example_dags/example_params_trigger_ui.py
[2024-01-17T15:30:58.692+0000] {logging_mixin.py:188} INFO - [2024-01-17T15:30:58.691+0000] {dag.py:3033} INFO - Sync 1 DAGs
[2024-01-17T15:30:58.713+0000] {logging_mixin.py:188} INFO - [2024-01-17T15:30:58.712+0000] {dag.py:3820} INFO - Setting next_dagrun for example_params_trigger_ui to None, run_after=None
[2024-01-17T15:30:58.743+0000] {processor.py:183} INFO - Processing /home/airflow/.local/lib/python3.8/site-packages/airflow/example_dags/example_params_trigger_ui.py took 0.190 seconds
[2024-01-17T15:31:29.191+0000] {processor.py:161} INFO - Started process (PID=668) to work on /home/airflow/.local/lib/python3.8/site-packages/airflow/example_dags/example_params_trigger_ui.py
[2024-01-17T15:31:29.192+0000] {processor.py:830} INFO - Processing file /home/airflow/.local/lib/python3.8/site-packages/airflow/example_dags/example_params_trigger_ui.py for tasks to queue
[2024-01-17T15:31:29.194+0000] {logging_mixin.py:188} INFO - [2024-01-17T15:31:29.194+0000] {dagbag.py:538} INFO - Filling up the DagBag from /home/airflow/.local/lib/python3.8/site-packages/airflow/example_dags/example_params_trigger_ui.py
[2024-01-17T15:31:29.217+0000] {processor.py:840} INFO - DAG(s) 'example_params_trigger_ui' retrieved from /home/airflow/.local/lib/python3.8/site-packages/airflow/example_dags/example_params_trigger_ui.py
[2024-01-17T15:31:29.296+0000] {logging_mixin.py:188} INFO - [2024-01-17T15:31:29.296+0000] {dag.py:3033} INFO - Sync 1 DAGs
[2024-01-17T15:31:29.314+0000] {logging_mixin.py:188} INFO - [2024-01-17T15:31:29.314+0000] {dag.py:3820} INFO - Setting next_dagrun for example_params_trigger_ui to None, run_after=None
[2024-01-17T15:31:29.436+0000] {processor.py:183} INFO - Processing /home/airflow/.local/lib/python3.8/site-packages/airflow/example_dags/example_params_trigger_ui.py took 0.250 seconds
[2024-01-17T15:32:00.167+0000] {processor.py:161} INFO - Started process (PID=723) to work on /home/airflow/.local/lib/python3.8/site-packages/airflow/example_dags/example_params_trigger_ui.py
[2024-01-17T15:32:00.168+0000] {processor.py:830} INFO - Processing file /home/airflow/.local/lib/python3.8/site-packages/airflow/example_dags/example_params_trigger_ui.py for tasks to queue
[2024-01-17T15:32:00.170+0000] {logging_mixin.py:188} INFO - [2024-01-17T15:32:00.170+0000] {dagbag.py:538} INFO - Filling up the DagBag from /home/airflow/.local/lib/python3.8/site-packages/airflow/example_dags/example_params_trigger_ui.py
[2024-01-17T15:32:00.191+0000] {processor.py:840} INFO - DAG(s) 'example_params_trigger_ui' retrieved from /home/airflow/.local/lib/python3.8/site-packages/airflow/example_dags/example_params_trigger_ui.py
[2024-01-17T15:32:00.329+0000] {logging_mixin.py:188} INFO - [2024-01-17T15:32:00.329+0000] {dag.py:3033} INFO - Sync 1 DAGs
[2024-01-17T15:32:00.365+0000] {logging_mixin.py:188} INFO - [2024-01-17T15:32:00.365+0000] {dag.py:3820} INFO - Setting next_dagrun for example_params_trigger_ui to None, run_after=None
[2024-01-17T15:32:00.417+0000] {processor.py:183} INFO - Processing /home/airflow/.local/lib/python3.8/site-packages/airflow/example_dags/example_params_trigger_ui.py took 0.253 seconds
[2024-01-17T15:32:31.098+0000] {processor.py:161} INFO - Started process (PID=779) to work on /home/airflow/.local/lib/python3.8/site-packages/airflow/example_dags/example_params_trigger_ui.py
[2024-01-17T15:32:31.100+0000] {processor.py:830} INFO - Processing file /home/airflow/.local/lib/python3.8/site-packages/airflow/example_dags/example_params_trigger_ui.py for tasks to queue
[2024-01-17T15:32:31.105+0000] {logging_mixin.py:188} INFO - [2024-01-17T15:32:31.105+0000] {dagbag.py:538} INFO - Filling up the DagBag from /home/airflow/.local/lib/python3.8/site-packages/airflow/example_dags/example_params_trigger_ui.py
[2024-01-17T15:32:31.134+0000] {processor.py:840} INFO - DAG(s) 'example_params_trigger_ui' retrieved from /home/airflow/.local/lib/python3.8/site-packages/airflow/example_dags/example_params_trigger_ui.py
[2024-01-17T15:32:31.212+0000] {logging_mixin.py:188} INFO - [2024-01-17T15:32:31.211+0000] {dag.py:3033} INFO - Sync 1 DAGs
[2024-01-17T15:32:31.229+0000] {logging_mixin.py:188} INFO - [2024-01-17T15:32:31.228+0000] {dag.py:3820} INFO - Setting next_dagrun for example_params_trigger_ui to None, run_after=None
[2024-01-17T15:32:31.328+0000] {processor.py:183} INFO - Processing /home/airflow/.local/lib/python3.8/site-packages/airflow/example_dags/example_params_trigger_ui.py took 0.246 seconds
