[2024-01-17T15:12:42.158+0000] {processor.py:161} INFO - Started process (PID=50) to work on /home/airflow/.local/lib/python3.8/site-packages/airflow/example_dags/example_trigger_target_dag.py
[2024-01-17T15:12:42.161+0000] {processor.py:830} INFO - Processing file /home/airflow/.local/lib/python3.8/site-packages/airflow/example_dags/example_trigger_target_dag.py for tasks to queue
[2024-01-17T15:12:42.167+0000] {logging_mixin.py:188} INFO - [2024-01-17T15:12:42.166+0000] {dagbag.py:538} INFO - Filling up the DagBag from /home/airflow/.local/lib/python3.8/site-packages/airflow/example_dags/example_trigger_target_dag.py
[2024-01-17T15:12:42.176+0000] {processor.py:840} INFO - DAG(s) 'example_trigger_target_dag' retrieved from /home/airflow/.local/lib/python3.8/site-packages/airflow/example_dags/example_trigger_target_dag.py
[2024-01-17T15:12:42.656+0000] {logging_mixin.py:188} INFO - [2024-01-17T15:12:42.655+0000] {dag.py:3033} INFO - Sync 1 DAGs
[2024-01-17T15:12:42.720+0000] {logging_mixin.py:188} INFO - [2024-01-17T15:12:42.720+0000] {dag.py:3820} INFO - Setting next_dagrun for example_trigger_target_dag to None, run_after=None
[2024-01-17T15:12:42.837+0000] {processor.py:183} INFO - Processing /home/airflow/.local/lib/python3.8/site-packages/airflow/example_dags/example_trigger_target_dag.py took 0.699 seconds
[2024-01-17T15:13:17.969+0000] {processor.py:161} INFO - Started process (PID=104) to work on /home/airflow/.local/lib/python3.8/site-packages/airflow/example_dags/example_trigger_target_dag.py
[2024-01-17T15:13:17.970+0000] {processor.py:830} INFO - Processing file /home/airflow/.local/lib/python3.8/site-packages/airflow/example_dags/example_trigger_target_dag.py for tasks to queue
[2024-01-17T15:13:17.991+0000] {logging_mixin.py:188} INFO - [2024-01-17T15:13:17.990+0000] {dagbag.py:538} INFO - Filling up the DagBag from /home/airflow/.local/lib/python3.8/site-packages/airflow/example_dags/example_trigger_target_dag.py
[2024-01-17T15:13:18.015+0000] {processor.py:840} INFO - DAG(s) 'example_trigger_target_dag' retrieved from /home/airflow/.local/lib/python3.8/site-packages/airflow/example_dags/example_trigger_target_dag.py
[2024-01-17T15:13:18.089+0000] {logging_mixin.py:188} INFO - [2024-01-17T15:13:18.089+0000] {dag.py:3033} INFO - Sync 1 DAGs
[2024-01-17T15:13:18.138+0000] {logging_mixin.py:188} INFO - [2024-01-17T15:13:18.138+0000] {dag.py:3820} INFO - Setting next_dagrun for example_trigger_target_dag to None, run_after=None
[2024-01-17T15:13:18.213+0000] {processor.py:183} INFO - Processing /home/airflow/.local/lib/python3.8/site-packages/airflow/example_dags/example_trigger_target_dag.py took 0.260 seconds
[2024-01-17T15:13:48.301+0000] {processor.py:161} INFO - Started process (PID=157) to work on /home/airflow/.local/lib/python3.8/site-packages/airflow/example_dags/example_trigger_target_dag.py
[2024-01-17T15:13:48.305+0000] {processor.py:830} INFO - Processing file /home/airflow/.local/lib/python3.8/site-packages/airflow/example_dags/example_trigger_target_dag.py for tasks to queue
[2024-01-17T15:13:48.312+0000] {logging_mixin.py:188} INFO - [2024-01-17T15:13:48.311+0000] {dagbag.py:538} INFO - Filling up the DagBag from /home/airflow/.local/lib/python3.8/site-packages/airflow/example_dags/example_trigger_target_dag.py
[2024-01-17T15:13:48.332+0000] {processor.py:840} INFO - DAG(s) 'example_trigger_target_dag' retrieved from /home/airflow/.local/lib/python3.8/site-packages/airflow/example_dags/example_trigger_target_dag.py
[2024-01-17T15:13:48.354+0000] {logging_mixin.py:188} INFO - [2024-01-17T15:13:48.353+0000] {dag.py:3033} INFO - Sync 1 DAGs
[2024-01-17T15:13:48.372+0000] {logging_mixin.py:188} INFO - [2024-01-17T15:13:48.371+0000] {dag.py:3820} INFO - Setting next_dagrun for example_trigger_target_dag to None, run_after=None
[2024-01-17T15:13:48.466+0000] {processor.py:183} INFO - Processing /home/airflow/.local/lib/python3.8/site-packages/airflow/example_dags/example_trigger_target_dag.py took 0.178 seconds
[2024-01-17T15:14:20.664+0000] {processor.py:161} INFO - Started process (PID=211) to work on /home/airflow/.local/lib/python3.8/site-packages/airflow/example_dags/example_trigger_target_dag.py
[2024-01-17T15:14:20.669+0000] {processor.py:830} INFO - Processing file /home/airflow/.local/lib/python3.8/site-packages/airflow/example_dags/example_trigger_target_dag.py for tasks to queue
[2024-01-17T15:14:20.673+0000] {logging_mixin.py:188} INFO - [2024-01-17T15:14:20.673+0000] {dagbag.py:538} INFO - Filling up the DagBag from /home/airflow/.local/lib/python3.8/site-packages/airflow/example_dags/example_trigger_target_dag.py
[2024-01-17T15:14:20.687+0000] {processor.py:840} INFO - DAG(s) 'example_trigger_target_dag' retrieved from /home/airflow/.local/lib/python3.8/site-packages/airflow/example_dags/example_trigger_target_dag.py
[2024-01-17T15:14:21.089+0000] {logging_mixin.py:188} INFO - [2024-01-17T15:14:21.089+0000] {dag.py:3033} INFO - Sync 1 DAGs
[2024-01-17T15:14:21.126+0000] {logging_mixin.py:188} INFO - [2024-01-17T15:14:21.126+0000] {dag.py:3820} INFO - Setting next_dagrun for example_trigger_target_dag to None, run_after=None
[2024-01-17T15:14:21.182+0000] {processor.py:183} INFO - Processing /home/airflow/.local/lib/python3.8/site-packages/airflow/example_dags/example_trigger_target_dag.py took 0.523 seconds
[2024-01-17T15:14:51.757+0000] {processor.py:161} INFO - Started process (PID=266) to work on /home/airflow/.local/lib/python3.8/site-packages/airflow/example_dags/example_trigger_target_dag.py
[2024-01-17T15:14:51.760+0000] {processor.py:830} INFO - Processing file /home/airflow/.local/lib/python3.8/site-packages/airflow/example_dags/example_trigger_target_dag.py for tasks to queue
[2024-01-17T15:14:51.762+0000] {logging_mixin.py:188} INFO - [2024-01-17T15:14:51.762+0000] {dagbag.py:538} INFO - Filling up the DagBag from /home/airflow/.local/lib/python3.8/site-packages/airflow/example_dags/example_trigger_target_dag.py
[2024-01-17T15:14:51.771+0000] {processor.py:840} INFO - DAG(s) 'example_trigger_target_dag' retrieved from /home/airflow/.local/lib/python3.8/site-packages/airflow/example_dags/example_trigger_target_dag.py
[2024-01-17T15:14:51.808+0000] {logging_mixin.py:188} INFO - [2024-01-17T15:14:51.807+0000] {dag.py:3033} INFO - Sync 1 DAGs
[2024-01-17T15:14:51.831+0000] {logging_mixin.py:188} INFO - [2024-01-17T15:14:51.831+0000] {dag.py:3820} INFO - Setting next_dagrun for example_trigger_target_dag to None, run_after=None
[2024-01-17T15:14:51.856+0000] {processor.py:183} INFO - Processing /home/airflow/.local/lib/python3.8/site-packages/airflow/example_dags/example_trigger_target_dag.py took 0.103 seconds
[2024-01-17T15:15:22.351+0000] {processor.py:161} INFO - Started process (PID=320) to work on /home/airflow/.local/lib/python3.8/site-packages/airflow/example_dags/example_trigger_target_dag.py
[2024-01-17T15:15:22.352+0000] {processor.py:830} INFO - Processing file /home/airflow/.local/lib/python3.8/site-packages/airflow/example_dags/example_trigger_target_dag.py for tasks to queue
[2024-01-17T15:15:22.356+0000] {logging_mixin.py:188} INFO - [2024-01-17T15:15:22.356+0000] {dagbag.py:538} INFO - Filling up the DagBag from /home/airflow/.local/lib/python3.8/site-packages/airflow/example_dags/example_trigger_target_dag.py
[2024-01-17T15:15:22.366+0000] {processor.py:840} INFO - DAG(s) 'example_trigger_target_dag' retrieved from /home/airflow/.local/lib/python3.8/site-packages/airflow/example_dags/example_trigger_target_dag.py
[2024-01-17T15:15:22.396+0000] {logging_mixin.py:188} INFO - [2024-01-17T15:15:22.396+0000] {dag.py:3033} INFO - Sync 1 DAGs
[2024-01-17T15:15:22.416+0000] {logging_mixin.py:188} INFO - [2024-01-17T15:15:22.416+0000] {dag.py:3820} INFO - Setting next_dagrun for example_trigger_target_dag to None, run_after=None
[2024-01-17T15:15:22.542+0000] {processor.py:183} INFO - Processing /home/airflow/.local/lib/python3.8/site-packages/airflow/example_dags/example_trigger_target_dag.py took 0.200 seconds
[2024-01-17T15:15:53.293+0000] {processor.py:161} INFO - Started process (PID=375) to work on /home/airflow/.local/lib/python3.8/site-packages/airflow/example_dags/example_trigger_target_dag.py
[2024-01-17T15:15:53.295+0000] {processor.py:830} INFO - Processing file /home/airflow/.local/lib/python3.8/site-packages/airflow/example_dags/example_trigger_target_dag.py for tasks to queue
[2024-01-17T15:15:53.298+0000] {logging_mixin.py:188} INFO - [2024-01-17T15:15:53.298+0000] {dagbag.py:538} INFO - Filling up the DagBag from /home/airflow/.local/lib/python3.8/site-packages/airflow/example_dags/example_trigger_target_dag.py
[2024-01-17T15:15:53.309+0000] {processor.py:840} INFO - DAG(s) 'example_trigger_target_dag' retrieved from /home/airflow/.local/lib/python3.8/site-packages/airflow/example_dags/example_trigger_target_dag.py
[2024-01-17T15:15:53.344+0000] {logging_mixin.py:188} INFO - [2024-01-17T15:15:53.344+0000] {dag.py:3033} INFO - Sync 1 DAGs
[2024-01-17T15:15:53.367+0000] {logging_mixin.py:188} INFO - [2024-01-17T15:15:53.367+0000] {dag.py:3820} INFO - Setting next_dagrun for example_trigger_target_dag to None, run_after=None
[2024-01-17T15:15:53.400+0000] {processor.py:183} INFO - Processing /home/airflow/.local/lib/python3.8/site-packages/airflow/example_dags/example_trigger_target_dag.py took 0.114 seconds
[2024-01-17T15:16:23.515+0000] {processor.py:161} INFO - Started process (PID=430) to work on /home/airflow/.local/lib/python3.8/site-packages/airflow/example_dags/example_trigger_target_dag.py
[2024-01-17T15:16:23.516+0000] {processor.py:830} INFO - Processing file /home/airflow/.local/lib/python3.8/site-packages/airflow/example_dags/example_trigger_target_dag.py for tasks to queue
[2024-01-17T15:16:23.518+0000] {logging_mixin.py:188} INFO - [2024-01-17T15:16:23.518+0000] {dagbag.py:538} INFO - Filling up the DagBag from /home/airflow/.local/lib/python3.8/site-packages/airflow/example_dags/example_trigger_target_dag.py
[2024-01-17T15:16:23.526+0000] {processor.py:840} INFO - DAG(s) 'example_trigger_target_dag' retrieved from /home/airflow/.local/lib/python3.8/site-packages/airflow/example_dags/example_trigger_target_dag.py
[2024-01-17T15:16:23.551+0000] {logging_mixin.py:188} INFO - [2024-01-17T15:16:23.551+0000] {dag.py:3033} INFO - Sync 1 DAGs
[2024-01-17T15:16:23.570+0000] {logging_mixin.py:188} INFO - [2024-01-17T15:16:23.570+0000] {dag.py:3820} INFO - Setting next_dagrun for example_trigger_target_dag to None, run_after=None
[2024-01-17T15:16:23.594+0000] {processor.py:183} INFO - Processing /home/airflow/.local/lib/python3.8/site-packages/airflow/example_dags/example_trigger_target_dag.py took 0.084 seconds
[2024-01-17T15:16:54.213+0000] {processor.py:161} INFO - Started process (PID=484) to work on /home/airflow/.local/lib/python3.8/site-packages/airflow/example_dags/example_trigger_target_dag.py
[2024-01-17T15:16:54.214+0000] {processor.py:830} INFO - Processing file /home/airflow/.local/lib/python3.8/site-packages/airflow/example_dags/example_trigger_target_dag.py for tasks to queue
[2024-01-17T15:16:54.217+0000] {logging_mixin.py:188} INFO - [2024-01-17T15:16:54.217+0000] {dagbag.py:538} INFO - Filling up the DagBag from /home/airflow/.local/lib/python3.8/site-packages/airflow/example_dags/example_trigger_target_dag.py
[2024-01-17T15:16:54.225+0000] {processor.py:840} INFO - DAG(s) 'example_trigger_target_dag' retrieved from /home/airflow/.local/lib/python3.8/site-packages/airflow/example_dags/example_trigger_target_dag.py
[2024-01-17T15:16:54.257+0000] {logging_mixin.py:188} INFO - [2024-01-17T15:16:54.257+0000] {dag.py:3033} INFO - Sync 1 DAGs
[2024-01-17T15:16:54.289+0000] {logging_mixin.py:188} INFO - [2024-01-17T15:16:54.288+0000] {dag.py:3820} INFO - Setting next_dagrun for example_trigger_target_dag to None, run_after=None
[2024-01-17T15:16:54.313+0000] {processor.py:183} INFO - Processing /home/airflow/.local/lib/python3.8/site-packages/airflow/example_dags/example_trigger_target_dag.py took 0.105 seconds
[2024-01-17T15:17:24.885+0000] {processor.py:161} INFO - Started process (PID=539) to work on /home/airflow/.local/lib/python3.8/site-packages/airflow/example_dags/example_trigger_target_dag.py
[2024-01-17T15:17:24.885+0000] {processor.py:830} INFO - Processing file /home/airflow/.local/lib/python3.8/site-packages/airflow/example_dags/example_trigger_target_dag.py for tasks to queue
[2024-01-17T15:17:24.888+0000] {logging_mixin.py:188} INFO - [2024-01-17T15:17:24.887+0000] {dagbag.py:538} INFO - Filling up the DagBag from /home/airflow/.local/lib/python3.8/site-packages/airflow/example_dags/example_trigger_target_dag.py
[2024-01-17T15:17:24.895+0000] {processor.py:840} INFO - DAG(s) 'example_trigger_target_dag' retrieved from /home/airflow/.local/lib/python3.8/site-packages/airflow/example_dags/example_trigger_target_dag.py
[2024-01-17T15:17:24.921+0000] {logging_mixin.py:188} INFO - [2024-01-17T15:17:24.921+0000] {dag.py:3033} INFO - Sync 1 DAGs
[2024-01-17T15:17:24.937+0000] {logging_mixin.py:188} INFO - [2024-01-17T15:17:24.936+0000] {dag.py:3820} INFO - Setting next_dagrun for example_trigger_target_dag to None, run_after=None
[2024-01-17T15:17:24.967+0000] {processor.py:183} INFO - Processing /home/airflow/.local/lib/python3.8/site-packages/airflow/example_dags/example_trigger_target_dag.py took 0.086 seconds
[2024-01-17T15:17:55.438+0000] {processor.py:161} INFO - Started process (PID=594) to work on /home/airflow/.local/lib/python3.8/site-packages/airflow/example_dags/example_trigger_target_dag.py
[2024-01-17T15:17:55.439+0000] {processor.py:830} INFO - Processing file /home/airflow/.local/lib/python3.8/site-packages/airflow/example_dags/example_trigger_target_dag.py for tasks to queue
[2024-01-17T15:17:55.444+0000] {logging_mixin.py:188} INFO - [2024-01-17T15:17:55.443+0000] {dagbag.py:538} INFO - Filling up the DagBag from /home/airflow/.local/lib/python3.8/site-packages/airflow/example_dags/example_trigger_target_dag.py
[2024-01-17T15:17:55.457+0000] {processor.py:840} INFO - DAG(s) 'example_trigger_target_dag' retrieved from /home/airflow/.local/lib/python3.8/site-packages/airflow/example_dags/example_trigger_target_dag.py
[2024-01-17T15:17:55.535+0000] {logging_mixin.py:188} INFO - [2024-01-17T15:17:55.534+0000] {dag.py:3033} INFO - Sync 1 DAGs
[2024-01-17T15:17:55.558+0000] {logging_mixin.py:188} INFO - [2024-01-17T15:17:55.558+0000] {dag.py:3820} INFO - Setting next_dagrun for example_trigger_target_dag to None, run_after=None
[2024-01-17T15:17:55.619+0000] {processor.py:183} INFO - Processing /home/airflow/.local/lib/python3.8/site-packages/airflow/example_dags/example_trigger_target_dag.py took 0.188 seconds
[2024-01-17T15:18:26.245+0000] {processor.py:161} INFO - Started process (PID=649) to work on /home/airflow/.local/lib/python3.8/site-packages/airflow/example_dags/example_trigger_target_dag.py
[2024-01-17T15:18:26.246+0000] {processor.py:830} INFO - Processing file /home/airflow/.local/lib/python3.8/site-packages/airflow/example_dags/example_trigger_target_dag.py for tasks to queue
[2024-01-17T15:18:26.248+0000] {logging_mixin.py:188} INFO - [2024-01-17T15:18:26.248+0000] {dagbag.py:538} INFO - Filling up the DagBag from /home/airflow/.local/lib/python3.8/site-packages/airflow/example_dags/example_trigger_target_dag.py
[2024-01-17T15:18:26.258+0000] {processor.py:840} INFO - DAG(s) 'example_trigger_target_dag' retrieved from /home/airflow/.local/lib/python3.8/site-packages/airflow/example_dags/example_trigger_target_dag.py
[2024-01-17T15:18:26.290+0000] {logging_mixin.py:188} INFO - [2024-01-17T15:18:26.290+0000] {dag.py:3033} INFO - Sync 1 DAGs
[2024-01-17T15:18:26.312+0000] {logging_mixin.py:188} INFO - [2024-01-17T15:18:26.312+0000] {dag.py:3820} INFO - Setting next_dagrun for example_trigger_target_dag to None, run_after=None
[2024-01-17T15:18:26.335+0000] {processor.py:183} INFO - Processing /home/airflow/.local/lib/python3.8/site-packages/airflow/example_dags/example_trigger_target_dag.py took 0.094 seconds
[2024-01-17T15:18:56.384+0000] {processor.py:161} INFO - Started process (PID=704) to work on /home/airflow/.local/lib/python3.8/site-packages/airflow/example_dags/example_trigger_target_dag.py
[2024-01-17T15:18:56.386+0000] {processor.py:830} INFO - Processing file /home/airflow/.local/lib/python3.8/site-packages/airflow/example_dags/example_trigger_target_dag.py for tasks to queue
[2024-01-17T15:18:56.393+0000] {logging_mixin.py:188} INFO - [2024-01-17T15:18:56.392+0000] {dagbag.py:538} INFO - Filling up the DagBag from /home/airflow/.local/lib/python3.8/site-packages/airflow/example_dags/example_trigger_target_dag.py
[2024-01-17T15:18:56.418+0000] {processor.py:840} INFO - DAG(s) 'example_trigger_target_dag' retrieved from /home/airflow/.local/lib/python3.8/site-packages/airflow/example_dags/example_trigger_target_dag.py
[2024-01-17T15:18:56.472+0000] {logging_mixin.py:188} INFO - [2024-01-17T15:18:56.472+0000] {dag.py:3033} INFO - Sync 1 DAGs
[2024-01-17T15:18:56.508+0000] {logging_mixin.py:188} INFO - [2024-01-17T15:18:56.507+0000] {dag.py:3820} INFO - Setting next_dagrun for example_trigger_target_dag to None, run_after=None
[2024-01-17T15:18:56.578+0000] {processor.py:183} INFO - Processing /home/airflow/.local/lib/python3.8/site-packages/airflow/example_dags/example_trigger_target_dag.py took 0.205 seconds
[2024-01-17T15:19:26.829+0000] {processor.py:161} INFO - Started process (PID=759) to work on /home/airflow/.local/lib/python3.8/site-packages/airflow/example_dags/example_trigger_target_dag.py
[2024-01-17T15:19:26.832+0000] {processor.py:830} INFO - Processing file /home/airflow/.local/lib/python3.8/site-packages/airflow/example_dags/example_trigger_target_dag.py for tasks to queue
[2024-01-17T15:19:26.839+0000] {logging_mixin.py:188} INFO - [2024-01-17T15:19:26.834+0000] {dagbag.py:538} INFO - Filling up the DagBag from /home/airflow/.local/lib/python3.8/site-packages/airflow/example_dags/example_trigger_target_dag.py
[2024-01-17T15:19:26.850+0000] {processor.py:840} INFO - DAG(s) 'example_trigger_target_dag' retrieved from /home/airflow/.local/lib/python3.8/site-packages/airflow/example_dags/example_trigger_target_dag.py
[2024-01-17T15:19:26.885+0000] {logging_mixin.py:188} INFO - [2024-01-17T15:19:26.885+0000] {dag.py:3033} INFO - Sync 1 DAGs
[2024-01-17T15:19:26.916+0000] {logging_mixin.py:188} INFO - [2024-01-17T15:19:26.915+0000] {dag.py:3820} INFO - Setting next_dagrun for example_trigger_target_dag to None, run_after=None
[2024-01-17T15:19:26.949+0000] {processor.py:183} INFO - Processing /home/airflow/.local/lib/python3.8/site-packages/airflow/example_dags/example_trigger_target_dag.py took 0.124 seconds
[2024-01-17T15:19:57.482+0000] {processor.py:161} INFO - Started process (PID=814) to work on /home/airflow/.local/lib/python3.8/site-packages/airflow/example_dags/example_trigger_target_dag.py
[2024-01-17T15:19:57.483+0000] {processor.py:830} INFO - Processing file /home/airflow/.local/lib/python3.8/site-packages/airflow/example_dags/example_trigger_target_dag.py for tasks to queue
[2024-01-17T15:19:57.486+0000] {logging_mixin.py:188} INFO - [2024-01-17T15:19:57.486+0000] {dagbag.py:538} INFO - Filling up the DagBag from /home/airflow/.local/lib/python3.8/site-packages/airflow/example_dags/example_trigger_target_dag.py
[2024-01-17T15:19:57.495+0000] {processor.py:840} INFO - DAG(s) 'example_trigger_target_dag' retrieved from /home/airflow/.local/lib/python3.8/site-packages/airflow/example_dags/example_trigger_target_dag.py
[2024-01-17T15:19:57.538+0000] {logging_mixin.py:188} INFO - [2024-01-17T15:19:57.537+0000] {dag.py:3033} INFO - Sync 1 DAGs
[2024-01-17T15:19:57.569+0000] {logging_mixin.py:188} INFO - [2024-01-17T15:19:57.568+0000] {dag.py:3820} INFO - Setting next_dagrun for example_trigger_target_dag to None, run_after=None
[2024-01-17T15:19:57.608+0000] {processor.py:183} INFO - Processing /home/airflow/.local/lib/python3.8/site-packages/airflow/example_dags/example_trigger_target_dag.py took 0.132 seconds
[2024-01-17T15:20:28.072+0000] {processor.py:161} INFO - Started process (PID=868) to work on /home/airflow/.local/lib/python3.8/site-packages/airflow/example_dags/example_trigger_target_dag.py
[2024-01-17T15:20:28.075+0000] {processor.py:830} INFO - Processing file /home/airflow/.local/lib/python3.8/site-packages/airflow/example_dags/example_trigger_target_dag.py for tasks to queue
[2024-01-17T15:20:28.078+0000] {logging_mixin.py:188} INFO - [2024-01-17T15:20:28.078+0000] {dagbag.py:538} INFO - Filling up the DagBag from /home/airflow/.local/lib/python3.8/site-packages/airflow/example_dags/example_trigger_target_dag.py
[2024-01-17T15:20:28.090+0000] {processor.py:840} INFO - DAG(s) 'example_trigger_target_dag' retrieved from /home/airflow/.local/lib/python3.8/site-packages/airflow/example_dags/example_trigger_target_dag.py
[2024-01-17T15:20:28.121+0000] {logging_mixin.py:188} INFO - [2024-01-17T15:20:28.121+0000] {dag.py:3033} INFO - Sync 1 DAGs
[2024-01-17T15:20:28.144+0000] {logging_mixin.py:188} INFO - [2024-01-17T15:20:28.143+0000] {dag.py:3820} INFO - Setting next_dagrun for example_trigger_target_dag to None, run_after=None
[2024-01-17T15:20:28.178+0000] {processor.py:183} INFO - Processing /home/airflow/.local/lib/python3.8/site-packages/airflow/example_dags/example_trigger_target_dag.py took 0.112 seconds
[2024-01-17T15:20:59.093+0000] {processor.py:161} INFO - Started process (PID=923) to work on /home/airflow/.local/lib/python3.8/site-packages/airflow/example_dags/example_trigger_target_dag.py
[2024-01-17T15:20:59.094+0000] {processor.py:830} INFO - Processing file /home/airflow/.local/lib/python3.8/site-packages/airflow/example_dags/example_trigger_target_dag.py for tasks to queue
[2024-01-17T15:20:59.097+0000] {logging_mixin.py:188} INFO - [2024-01-17T15:20:59.097+0000] {dagbag.py:538} INFO - Filling up the DagBag from /home/airflow/.local/lib/python3.8/site-packages/airflow/example_dags/example_trigger_target_dag.py
[2024-01-17T15:20:59.108+0000] {processor.py:840} INFO - DAG(s) 'example_trigger_target_dag' retrieved from /home/airflow/.local/lib/python3.8/site-packages/airflow/example_dags/example_trigger_target_dag.py
[2024-01-17T15:20:59.160+0000] {logging_mixin.py:188} INFO - [2024-01-17T15:20:59.160+0000] {dag.py:3033} INFO - Sync 1 DAGs
[2024-01-17T15:20:59.204+0000] {logging_mixin.py:188} INFO - [2024-01-17T15:20:59.203+0000] {dag.py:3820} INFO - Setting next_dagrun for example_trigger_target_dag to None, run_after=None
[2024-01-17T15:20:59.241+0000] {processor.py:183} INFO - Processing /home/airflow/.local/lib/python3.8/site-packages/airflow/example_dags/example_trigger_target_dag.py took 0.153 seconds
[2024-01-17T15:21:29.777+0000] {processor.py:161} INFO - Started process (PID=977) to work on /home/airflow/.local/lib/python3.8/site-packages/airflow/example_dags/example_trigger_target_dag.py
[2024-01-17T15:21:29.779+0000] {processor.py:830} INFO - Processing file /home/airflow/.local/lib/python3.8/site-packages/airflow/example_dags/example_trigger_target_dag.py for tasks to queue
[2024-01-17T15:21:29.782+0000] {logging_mixin.py:188} INFO - [2024-01-17T15:21:29.782+0000] {dagbag.py:538} INFO - Filling up the DagBag from /home/airflow/.local/lib/python3.8/site-packages/airflow/example_dags/example_trigger_target_dag.py
[2024-01-17T15:21:29.790+0000] {processor.py:840} INFO - DAG(s) 'example_trigger_target_dag' retrieved from /home/airflow/.local/lib/python3.8/site-packages/airflow/example_dags/example_trigger_target_dag.py
[2024-01-17T15:21:29.828+0000] {logging_mixin.py:188} INFO - [2024-01-17T15:21:29.827+0000] {dag.py:3033} INFO - Sync 1 DAGs
[2024-01-17T15:21:29.860+0000] {logging_mixin.py:188} INFO - [2024-01-17T15:21:29.860+0000] {dag.py:3820} INFO - Setting next_dagrun for example_trigger_target_dag to None, run_after=None
[2024-01-17T15:21:29.891+0000] {processor.py:183} INFO - Processing /home/airflow/.local/lib/python3.8/site-packages/airflow/example_dags/example_trigger_target_dag.py took 0.120 seconds
[2024-01-17T15:22:00.299+0000] {processor.py:161} INFO - Started process (PID=1031) to work on /home/airflow/.local/lib/python3.8/site-packages/airflow/example_dags/example_trigger_target_dag.py
[2024-01-17T15:22:00.341+0000] {processor.py:830} INFO - Processing file /home/airflow/.local/lib/python3.8/site-packages/airflow/example_dags/example_trigger_target_dag.py for tasks to queue
[2024-01-17T15:22:00.345+0000] {logging_mixin.py:188} INFO - [2024-01-17T15:22:00.344+0000] {dagbag.py:538} INFO - Filling up the DagBag from /home/airflow/.local/lib/python3.8/site-packages/airflow/example_dags/example_trigger_target_dag.py
[2024-01-17T15:22:00.389+0000] {processor.py:840} INFO - DAG(s) 'example_trigger_target_dag' retrieved from /home/airflow/.local/lib/python3.8/site-packages/airflow/example_dags/example_trigger_target_dag.py
[2024-01-17T15:22:00.545+0000] {logging_mixin.py:188} INFO - [2024-01-17T15:22:00.545+0000] {dag.py:3033} INFO - Sync 1 DAGs
[2024-01-17T15:22:00.585+0000] {logging_mixin.py:188} INFO - [2024-01-17T15:22:00.585+0000] {dag.py:3820} INFO - Setting next_dagrun for example_trigger_target_dag to None, run_after=None
[2024-01-17T15:22:00.736+0000] {processor.py:183} INFO - Processing /home/airflow/.local/lib/python3.8/site-packages/airflow/example_dags/example_trigger_target_dag.py took 0.449 seconds
[2024-01-17T15:25:05.932+0000] {processor.py:161} INFO - Started process (PID=42) to work on /home/airflow/.local/lib/python3.8/site-packages/airflow/example_dags/example_trigger_target_dag.py
[2024-01-17T15:25:06.018+0000] {processor.py:830} INFO - Processing file /home/airflow/.local/lib/python3.8/site-packages/airflow/example_dags/example_trigger_target_dag.py for tasks to queue
[2024-01-17T15:25:06.021+0000] {logging_mixin.py:188} INFO - [2024-01-17T15:25:06.021+0000] {dagbag.py:538} INFO - Filling up the DagBag from /home/airflow/.local/lib/python3.8/site-packages/airflow/example_dags/example_trigger_target_dag.py
[2024-01-17T15:25:06.056+0000] {processor.py:840} INFO - DAG(s) 'example_trigger_target_dag' retrieved from /home/airflow/.local/lib/python3.8/site-packages/airflow/example_dags/example_trigger_target_dag.py
[2024-01-17T15:25:06.157+0000] {logging_mixin.py:188} INFO - [2024-01-17T15:25:06.157+0000] {dag.py:3033} INFO - Sync 1 DAGs
[2024-01-17T15:25:06.293+0000] {logging_mixin.py:188} INFO - [2024-01-17T15:25:06.292+0000] {dag.py:3820} INFO - Setting next_dagrun for example_trigger_target_dag to None, run_after=None
[2024-01-17T15:25:06.447+0000] {processor.py:183} INFO - Processing /home/airflow/.local/lib/python3.8/site-packages/airflow/example_dags/example_trigger_target_dag.py took 0.560 seconds
[2024-01-17T15:25:36.561+0000] {processor.py:161} INFO - Started process (PID=96) to work on /home/airflow/.local/lib/python3.8/site-packages/airflow/example_dags/example_trigger_target_dag.py
[2024-01-17T15:25:36.591+0000] {processor.py:830} INFO - Processing file /home/airflow/.local/lib/python3.8/site-packages/airflow/example_dags/example_trigger_target_dag.py for tasks to queue
[2024-01-17T15:25:36.595+0000] {logging_mixin.py:188} INFO - [2024-01-17T15:25:36.594+0000] {dagbag.py:538} INFO - Filling up the DagBag from /home/airflow/.local/lib/python3.8/site-packages/airflow/example_dags/example_trigger_target_dag.py
[2024-01-17T15:25:36.605+0000] {processor.py:840} INFO - DAG(s) 'example_trigger_target_dag' retrieved from /home/airflow/.local/lib/python3.8/site-packages/airflow/example_dags/example_trigger_target_dag.py
[2024-01-17T15:25:36.640+0000] {logging_mixin.py:188} INFO - [2024-01-17T15:25:36.640+0000] {dag.py:3033} INFO - Sync 1 DAGs
[2024-01-17T15:25:36.681+0000] {logging_mixin.py:188} INFO - [2024-01-17T15:25:36.681+0000] {dag.py:3820} INFO - Setting next_dagrun for example_trigger_target_dag to None, run_after=None
[2024-01-17T15:25:36.804+0000] {processor.py:183} INFO - Processing /home/airflow/.local/lib/python3.8/site-packages/airflow/example_dags/example_trigger_target_dag.py took 0.247 seconds
[2024-01-17T15:26:07.327+0000] {processor.py:161} INFO - Started process (PID=152) to work on /home/airflow/.local/lib/python3.8/site-packages/airflow/example_dags/example_trigger_target_dag.py
[2024-01-17T15:26:07.346+0000] {processor.py:830} INFO - Processing file /home/airflow/.local/lib/python3.8/site-packages/airflow/example_dags/example_trigger_target_dag.py for tasks to queue
[2024-01-17T15:26:07.351+0000] {logging_mixin.py:188} INFO - [2024-01-17T15:26:07.350+0000] {dagbag.py:538} INFO - Filling up the DagBag from /home/airflow/.local/lib/python3.8/site-packages/airflow/example_dags/example_trigger_target_dag.py
[2024-01-17T15:26:07.362+0000] {processor.py:840} INFO - DAG(s) 'example_trigger_target_dag' retrieved from /home/airflow/.local/lib/python3.8/site-packages/airflow/example_dags/example_trigger_target_dag.py
[2024-01-17T15:26:07.468+0000] {logging_mixin.py:188} INFO - [2024-01-17T15:26:07.468+0000] {dag.py:3033} INFO - Sync 1 DAGs
[2024-01-17T15:26:07.515+0000] {logging_mixin.py:188} INFO - [2024-01-17T15:26:07.514+0000] {dag.py:3820} INFO - Setting next_dagrun for example_trigger_target_dag to None, run_after=None
[2024-01-17T15:26:07.617+0000] {processor.py:183} INFO - Processing /home/airflow/.local/lib/python3.8/site-packages/airflow/example_dags/example_trigger_target_dag.py took 0.299 seconds
[2024-01-17T15:26:37.887+0000] {processor.py:161} INFO - Started process (PID=208) to work on /home/airflow/.local/lib/python3.8/site-packages/airflow/example_dags/example_trigger_target_dag.py
[2024-01-17T15:26:37.898+0000] {processor.py:830} INFO - Processing file /home/airflow/.local/lib/python3.8/site-packages/airflow/example_dags/example_trigger_target_dag.py for tasks to queue
[2024-01-17T15:26:37.901+0000] {logging_mixin.py:188} INFO - [2024-01-17T15:26:37.901+0000] {dagbag.py:538} INFO - Filling up the DagBag from /home/airflow/.local/lib/python3.8/site-packages/airflow/example_dags/example_trigger_target_dag.py
[2024-01-17T15:26:37.923+0000] {processor.py:840} INFO - DAG(s) 'example_trigger_target_dag' retrieved from /home/airflow/.local/lib/python3.8/site-packages/airflow/example_dags/example_trigger_target_dag.py
[2024-01-17T15:26:38.021+0000] {logging_mixin.py:188} INFO - [2024-01-17T15:26:38.020+0000] {dag.py:3033} INFO - Sync 1 DAGs
[2024-01-17T15:26:38.059+0000] {logging_mixin.py:188} INFO - [2024-01-17T15:26:38.058+0000] {dag.py:3820} INFO - Setting next_dagrun for example_trigger_target_dag to None, run_after=None
[2024-01-17T15:26:38.115+0000] {processor.py:183} INFO - Processing /home/airflow/.local/lib/python3.8/site-packages/airflow/example_dags/example_trigger_target_dag.py took 0.233 seconds
[2024-01-17T15:27:08.835+0000] {processor.py:161} INFO - Started process (PID=264) to work on /home/airflow/.local/lib/python3.8/site-packages/airflow/example_dags/example_trigger_target_dag.py
[2024-01-17T15:27:08.868+0000] {processor.py:830} INFO - Processing file /home/airflow/.local/lib/python3.8/site-packages/airflow/example_dags/example_trigger_target_dag.py for tasks to queue
[2024-01-17T15:27:08.871+0000] {logging_mixin.py:188} INFO - [2024-01-17T15:27:08.871+0000] {dagbag.py:538} INFO - Filling up the DagBag from /home/airflow/.local/lib/python3.8/site-packages/airflow/example_dags/example_trigger_target_dag.py
[2024-01-17T15:27:08.927+0000] {processor.py:840} INFO - DAG(s) 'example_trigger_target_dag' retrieved from /home/airflow/.local/lib/python3.8/site-packages/airflow/example_dags/example_trigger_target_dag.py
[2024-01-17T15:27:09.100+0000] {logging_mixin.py:188} INFO - [2024-01-17T15:27:09.100+0000] {dag.py:3033} INFO - Sync 1 DAGs
[2024-01-17T15:27:09.183+0000] {logging_mixin.py:188} INFO - [2024-01-17T15:27:09.183+0000] {dag.py:3820} INFO - Setting next_dagrun for example_trigger_target_dag to None, run_after=None
[2024-01-17T15:27:09.237+0000] {processor.py:183} INFO - Processing /home/airflow/.local/lib/python3.8/site-packages/airflow/example_dags/example_trigger_target_dag.py took 0.415 seconds
[2024-01-17T15:27:39.618+0000] {processor.py:161} INFO - Started process (PID=319) to work on /home/airflow/.local/lib/python3.8/site-packages/airflow/example_dags/example_trigger_target_dag.py
[2024-01-17T15:27:39.650+0000] {processor.py:830} INFO - Processing file /home/airflow/.local/lib/python3.8/site-packages/airflow/example_dags/example_trigger_target_dag.py for tasks to queue
[2024-01-17T15:27:39.654+0000] {logging_mixin.py:188} INFO - [2024-01-17T15:27:39.654+0000] {dagbag.py:538} INFO - Filling up the DagBag from /home/airflow/.local/lib/python3.8/site-packages/airflow/example_dags/example_trigger_target_dag.py
[2024-01-17T15:27:39.669+0000] {processor.py:840} INFO - DAG(s) 'example_trigger_target_dag' retrieved from /home/airflow/.local/lib/python3.8/site-packages/airflow/example_dags/example_trigger_target_dag.py
[2024-01-17T15:27:39.749+0000] {logging_mixin.py:188} INFO - [2024-01-17T15:27:39.748+0000] {dag.py:3033} INFO - Sync 1 DAGs
[2024-01-17T15:27:39.818+0000] {logging_mixin.py:188} INFO - [2024-01-17T15:27:39.817+0000] {dag.py:3820} INFO - Setting next_dagrun for example_trigger_target_dag to None, run_after=None
[2024-01-17T15:27:39.891+0000] {processor.py:183} INFO - Processing /home/airflow/.local/lib/python3.8/site-packages/airflow/example_dags/example_trigger_target_dag.py took 0.285 seconds
[2024-01-17T15:28:10.056+0000] {processor.py:161} INFO - Started process (PID=374) to work on /home/airflow/.local/lib/python3.8/site-packages/airflow/example_dags/example_trigger_target_dag.py
[2024-01-17T15:28:10.110+0000] {processor.py:830} INFO - Processing file /home/airflow/.local/lib/python3.8/site-packages/airflow/example_dags/example_trigger_target_dag.py for tasks to queue
[2024-01-17T15:28:10.113+0000] {logging_mixin.py:188} INFO - [2024-01-17T15:28:10.113+0000] {dagbag.py:538} INFO - Filling up the DagBag from /home/airflow/.local/lib/python3.8/site-packages/airflow/example_dags/example_trigger_target_dag.py
[2024-01-17T15:28:10.128+0000] {processor.py:840} INFO - DAG(s) 'example_trigger_target_dag' retrieved from /home/airflow/.local/lib/python3.8/site-packages/airflow/example_dags/example_trigger_target_dag.py
[2024-01-17T15:28:10.169+0000] {logging_mixin.py:188} INFO - [2024-01-17T15:28:10.168+0000] {dag.py:3033} INFO - Sync 1 DAGs
[2024-01-17T15:28:10.201+0000] {logging_mixin.py:188} INFO - [2024-01-17T15:28:10.201+0000] {dag.py:3820} INFO - Setting next_dagrun for example_trigger_target_dag to None, run_after=None
[2024-01-17T15:28:10.277+0000] {processor.py:183} INFO - Processing /home/airflow/.local/lib/python3.8/site-packages/airflow/example_dags/example_trigger_target_dag.py took 0.228 seconds
[2024-01-17T15:28:41.393+0000] {processor.py:161} INFO - Started process (PID=430) to work on /home/airflow/.local/lib/python3.8/site-packages/airflow/example_dags/example_trigger_target_dag.py
[2024-01-17T15:28:41.396+0000] {processor.py:830} INFO - Processing file /home/airflow/.local/lib/python3.8/site-packages/airflow/example_dags/example_trigger_target_dag.py for tasks to queue
[2024-01-17T15:28:41.399+0000] {logging_mixin.py:188} INFO - [2024-01-17T15:28:41.399+0000] {dagbag.py:538} INFO - Filling up the DagBag from /home/airflow/.local/lib/python3.8/site-packages/airflow/example_dags/example_trigger_target_dag.py
[2024-01-17T15:28:41.427+0000] {processor.py:840} INFO - DAG(s) 'example_trigger_target_dag' retrieved from /home/airflow/.local/lib/python3.8/site-packages/airflow/example_dags/example_trigger_target_dag.py
[2024-01-17T15:28:41.446+0000] {logging_mixin.py:188} INFO - [2024-01-17T15:28:41.446+0000] {dag.py:3033} INFO - Sync 1 DAGs
[2024-01-17T15:28:41.500+0000] {logging_mixin.py:188} INFO - [2024-01-17T15:28:41.500+0000] {dag.py:3820} INFO - Setting next_dagrun for example_trigger_target_dag to None, run_after=None
[2024-01-17T15:28:41.573+0000] {processor.py:183} INFO - Processing /home/airflow/.local/lib/python3.8/site-packages/airflow/example_dags/example_trigger_target_dag.py took 0.207 seconds
[2024-01-17T15:29:11.746+0000] {processor.py:161} INFO - Started process (PID=486) to work on /home/airflow/.local/lib/python3.8/site-packages/airflow/example_dags/example_trigger_target_dag.py
[2024-01-17T15:29:11.747+0000] {processor.py:830} INFO - Processing file /home/airflow/.local/lib/python3.8/site-packages/airflow/example_dags/example_trigger_target_dag.py for tasks to queue
[2024-01-17T15:29:11.750+0000] {logging_mixin.py:188} INFO - [2024-01-17T15:29:11.750+0000] {dagbag.py:538} INFO - Filling up the DagBag from /home/airflow/.local/lib/python3.8/site-packages/airflow/example_dags/example_trigger_target_dag.py
[2024-01-17T15:29:11.758+0000] {processor.py:840} INFO - DAG(s) 'example_trigger_target_dag' retrieved from /home/airflow/.local/lib/python3.8/site-packages/airflow/example_dags/example_trigger_target_dag.py
[2024-01-17T15:29:11.883+0000] {logging_mixin.py:188} INFO - [2024-01-17T15:29:11.883+0000] {dag.py:3033} INFO - Sync 1 DAGs
[2024-01-17T15:29:11.898+0000] {logging_mixin.py:188} INFO - [2024-01-17T15:29:11.897+0000] {dag.py:3820} INFO - Setting next_dagrun for example_trigger_target_dag to None, run_after=None
[2024-01-17T15:29:11.921+0000] {processor.py:183} INFO - Processing /home/airflow/.local/lib/python3.8/site-packages/airflow/example_dags/example_trigger_target_dag.py took 0.180 seconds
[2024-01-17T15:29:58.788+0000] {processor.py:161} INFO - Started process (PID=508) to work on /home/airflow/.local/lib/python3.8/site-packages/airflow/example_dags/example_trigger_target_dag.py
[2024-01-17T15:29:58.793+0000] {processor.py:830} INFO - Processing file /home/airflow/.local/lib/python3.8/site-packages/airflow/example_dags/example_trigger_target_dag.py for tasks to queue
[2024-01-17T15:29:58.807+0000] {logging_mixin.py:188} INFO - [2024-01-17T15:29:58.806+0000] {dagbag.py:538} INFO - Filling up the DagBag from /home/airflow/.local/lib/python3.8/site-packages/airflow/example_dags/example_trigger_target_dag.py
[2024-01-17T15:29:58.860+0000] {processor.py:840} INFO - DAG(s) 'example_trigger_target_dag' retrieved from /home/airflow/.local/lib/python3.8/site-packages/airflow/example_dags/example_trigger_target_dag.py
[2024-01-17T15:29:58.940+0000] {logging_mixin.py:188} INFO - [2024-01-17T15:29:58.940+0000] {dag.py:3033} INFO - Sync 1 DAGs
[2024-01-17T15:29:58.976+0000] {logging_mixin.py:188} INFO - [2024-01-17T15:29:58.976+0000] {dag.py:3820} INFO - Setting next_dagrun for example_trigger_target_dag to None, run_after=None
[2024-01-17T15:29:59.025+0000] {processor.py:183} INFO - Processing /home/airflow/.local/lib/python3.8/site-packages/airflow/example_dags/example_trigger_target_dag.py took 0.252 seconds
[2024-01-17T15:30:29.077+0000] {processor.py:161} INFO - Started process (PID=562) to work on /home/airflow/.local/lib/python3.8/site-packages/airflow/example_dags/example_trigger_target_dag.py
[2024-01-17T15:30:29.078+0000] {processor.py:830} INFO - Processing file /home/airflow/.local/lib/python3.8/site-packages/airflow/example_dags/example_trigger_target_dag.py for tasks to queue
[2024-01-17T15:30:29.080+0000] {logging_mixin.py:188} INFO - [2024-01-17T15:30:29.080+0000] {dagbag.py:538} INFO - Filling up the DagBag from /home/airflow/.local/lib/python3.8/site-packages/airflow/example_dags/example_trigger_target_dag.py
[2024-01-17T15:30:29.088+0000] {processor.py:840} INFO - DAG(s) 'example_trigger_target_dag' retrieved from /home/airflow/.local/lib/python3.8/site-packages/airflow/example_dags/example_trigger_target_dag.py
[2024-01-17T15:30:29.117+0000] {logging_mixin.py:188} INFO - [2024-01-17T15:30:29.116+0000] {dag.py:3033} INFO - Sync 1 DAGs
[2024-01-17T15:30:29.139+0000] {logging_mixin.py:188} INFO - [2024-01-17T15:30:29.138+0000] {dag.py:3820} INFO - Setting next_dagrun for example_trigger_target_dag to None, run_after=None
[2024-01-17T15:30:29.191+0000] {processor.py:183} INFO - Processing /home/airflow/.local/lib/python3.8/site-packages/airflow/example_dags/example_trigger_target_dag.py took 0.119 seconds
[2024-01-17T15:31:00.205+0000] {processor.py:161} INFO - Started process (PID=619) to work on /home/airflow/.local/lib/python3.8/site-packages/airflow/example_dags/example_trigger_target_dag.py
[2024-01-17T15:31:00.214+0000] {processor.py:830} INFO - Processing file /home/airflow/.local/lib/python3.8/site-packages/airflow/example_dags/example_trigger_target_dag.py for tasks to queue
[2024-01-17T15:31:00.217+0000] {logging_mixin.py:188} INFO - [2024-01-17T15:31:00.216+0000] {dagbag.py:538} INFO - Filling up the DagBag from /home/airflow/.local/lib/python3.8/site-packages/airflow/example_dags/example_trigger_target_dag.py
[2024-01-17T15:31:00.231+0000] {processor.py:840} INFO - DAG(s) 'example_trigger_target_dag' retrieved from /home/airflow/.local/lib/python3.8/site-packages/airflow/example_dags/example_trigger_target_dag.py
[2024-01-17T15:31:00.272+0000] {logging_mixin.py:188} INFO - [2024-01-17T15:31:00.272+0000] {dag.py:3033} INFO - Sync 1 DAGs
[2024-01-17T15:31:00.294+0000] {logging_mixin.py:188} INFO - [2024-01-17T15:31:00.294+0000] {dag.py:3820} INFO - Setting next_dagrun for example_trigger_target_dag to None, run_after=None
[2024-01-17T15:31:00.334+0000] {processor.py:183} INFO - Processing /home/airflow/.local/lib/python3.8/site-packages/airflow/example_dags/example_trigger_target_dag.py took 0.134 seconds
[2024-01-17T15:31:30.702+0000] {processor.py:161} INFO - Started process (PID=673) to work on /home/airflow/.local/lib/python3.8/site-packages/airflow/example_dags/example_trigger_target_dag.py
[2024-01-17T15:31:30.703+0000] {processor.py:830} INFO - Processing file /home/airflow/.local/lib/python3.8/site-packages/airflow/example_dags/example_trigger_target_dag.py for tasks to queue
[2024-01-17T15:31:30.705+0000] {logging_mixin.py:188} INFO - [2024-01-17T15:31:30.705+0000] {dagbag.py:538} INFO - Filling up the DagBag from /home/airflow/.local/lib/python3.8/site-packages/airflow/example_dags/example_trigger_target_dag.py
[2024-01-17T15:31:30.711+0000] {processor.py:840} INFO - DAG(s) 'example_trigger_target_dag' retrieved from /home/airflow/.local/lib/python3.8/site-packages/airflow/example_dags/example_trigger_target_dag.py
[2024-01-17T15:31:30.733+0000] {logging_mixin.py:188} INFO - [2024-01-17T15:31:30.733+0000] {dag.py:3033} INFO - Sync 1 DAGs
[2024-01-17T15:31:30.748+0000] {logging_mixin.py:188} INFO - [2024-01-17T15:31:30.748+0000] {dag.py:3820} INFO - Setting next_dagrun for example_trigger_target_dag to None, run_after=None
[2024-01-17T15:31:30.772+0000] {processor.py:183} INFO - Processing /home/airflow/.local/lib/python3.8/site-packages/airflow/example_dags/example_trigger_target_dag.py took 0.074 seconds
