[2024-01-17T15:13:13.417+0000] {processor.py:161} INFO - Started process (PID=91) to work on /home/airflow/.local/lib/python3.8/site-packages/airflow/example_dags/example_python_decorator.py
[2024-01-17T15:13:13.425+0000] {processor.py:830} INFO - Processing file /home/airflow/.local/lib/python3.8/site-packages/airflow/example_dags/example_python_decorator.py for tasks to queue
[2024-01-17T15:13:13.437+0000] {logging_mixin.py:188} INFO - [2024-01-17T15:13:13.436+0000] {dagbag.py:538} INFO - Filling up the DagBag from /home/airflow/.local/lib/python3.8/site-packages/airflow/example_dags/example_python_decorator.py
[2024-01-17T15:13:13.527+0000] {processor.py:840} INFO - DAG(s) 'example_python_decorator' retrieved from /home/airflow/.local/lib/python3.8/site-packages/airflow/example_dags/example_python_decorator.py
[2024-01-17T15:13:14.016+0000] {logging_mixin.py:188} INFO - [2024-01-17T15:13:13.999+0000] {dag.py:3033} INFO - Sync 1 DAGs
[2024-01-17T15:13:14.046+0000] {logging_mixin.py:188} INFO - [2024-01-17T15:13:14.046+0000] {dag.py:3820} INFO - Setting next_dagrun for example_python_decorator to None, run_after=None
[2024-01-17T15:13:14.161+0000] {processor.py:183} INFO - Processing /home/airflow/.local/lib/python3.8/site-packages/airflow/example_dags/example_python_decorator.py took 0.759 seconds
[2024-01-17T15:13:44.752+0000] {processor.py:161} INFO - Started process (PID=146) to work on /home/airflow/.local/lib/python3.8/site-packages/airflow/example_dags/example_python_decorator.py
[2024-01-17T15:13:44.754+0000] {processor.py:830} INFO - Processing file /home/airflow/.local/lib/python3.8/site-packages/airflow/example_dags/example_python_decorator.py for tasks to queue
[2024-01-17T15:13:44.757+0000] {logging_mixin.py:188} INFO - [2024-01-17T15:13:44.757+0000] {dagbag.py:538} INFO - Filling up the DagBag from /home/airflow/.local/lib/python3.8/site-packages/airflow/example_dags/example_python_decorator.py
[2024-01-17T15:13:44.771+0000] {processor.py:840} INFO - DAG(s) 'example_python_decorator' retrieved from /home/airflow/.local/lib/python3.8/site-packages/airflow/example_dags/example_python_decorator.py
[2024-01-17T15:13:44.785+0000] {logging_mixin.py:188} INFO - [2024-01-17T15:13:44.785+0000] {dag.py:3033} INFO - Sync 1 DAGs
[2024-01-17T15:13:44.803+0000] {logging_mixin.py:188} INFO - [2024-01-17T15:13:44.803+0000] {dag.py:3820} INFO - Setting next_dagrun for example_python_decorator to None, run_after=None
[2024-01-17T15:13:44.946+0000] {processor.py:183} INFO - Processing /home/airflow/.local/lib/python3.8/site-packages/airflow/example_dags/example_python_decorator.py took 0.200 seconds
[2024-01-17T15:14:15.716+0000] {processor.py:161} INFO - Started process (PID=200) to work on /home/airflow/.local/lib/python3.8/site-packages/airflow/example_dags/example_python_decorator.py
[2024-01-17T15:14:15.718+0000] {processor.py:830} INFO - Processing file /home/airflow/.local/lib/python3.8/site-packages/airflow/example_dags/example_python_decorator.py for tasks to queue
[2024-01-17T15:14:15.721+0000] {logging_mixin.py:188} INFO - [2024-01-17T15:14:15.720+0000] {dagbag.py:538} INFO - Filling up the DagBag from /home/airflow/.local/lib/python3.8/site-packages/airflow/example_dags/example_python_decorator.py
[2024-01-17T15:14:15.747+0000] {processor.py:840} INFO - DAG(s) 'example_python_decorator' retrieved from /home/airflow/.local/lib/python3.8/site-packages/airflow/example_dags/example_python_decorator.py
[2024-01-17T15:14:16.008+0000] {logging_mixin.py:188} INFO - [2024-01-17T15:14:16.008+0000] {dag.py:3033} INFO - Sync 1 DAGs
[2024-01-17T15:14:16.088+0000] {logging_mixin.py:188} INFO - [2024-01-17T15:14:16.087+0000] {dag.py:3820} INFO - Setting next_dagrun for example_python_decorator to None, run_after=None
[2024-01-17T15:14:16.247+0000] {processor.py:183} INFO - Processing /home/airflow/.local/lib/python3.8/site-packages/airflow/example_dags/example_python_decorator.py took 0.535 seconds
[2024-01-17T15:14:47.062+0000] {processor.py:161} INFO - Started process (PID=255) to work on /home/airflow/.local/lib/python3.8/site-packages/airflow/example_dags/example_python_decorator.py
[2024-01-17T15:14:47.065+0000] {processor.py:830} INFO - Processing file /home/airflow/.local/lib/python3.8/site-packages/airflow/example_dags/example_python_decorator.py for tasks to queue
[2024-01-17T15:14:47.068+0000] {logging_mixin.py:188} INFO - [2024-01-17T15:14:47.067+0000] {dagbag.py:538} INFO - Filling up the DagBag from /home/airflow/.local/lib/python3.8/site-packages/airflow/example_dags/example_python_decorator.py
[2024-01-17T15:14:47.136+0000] {processor.py:840} INFO - DAG(s) 'example_python_decorator' retrieved from /home/airflow/.local/lib/python3.8/site-packages/airflow/example_dags/example_python_decorator.py
[2024-01-17T15:14:47.227+0000] {logging_mixin.py:188} INFO - [2024-01-17T15:14:47.226+0000] {dag.py:3033} INFO - Sync 1 DAGs
[2024-01-17T15:14:47.275+0000] {logging_mixin.py:188} INFO - [2024-01-17T15:14:47.275+0000] {dag.py:3820} INFO - Setting next_dagrun for example_python_decorator to None, run_after=None
[2024-01-17T15:14:47.305+0000] {processor.py:183} INFO - Processing /home/airflow/.local/lib/python3.8/site-packages/airflow/example_dags/example_python_decorator.py took 0.248 seconds
[2024-01-17T15:15:17.992+0000] {processor.py:161} INFO - Started process (PID=309) to work on /home/airflow/.local/lib/python3.8/site-packages/airflow/example_dags/example_python_decorator.py
[2024-01-17T15:15:17.993+0000] {processor.py:830} INFO - Processing file /home/airflow/.local/lib/python3.8/site-packages/airflow/example_dags/example_python_decorator.py for tasks to queue
[2024-01-17T15:15:17.997+0000] {logging_mixin.py:188} INFO - [2024-01-17T15:15:17.996+0000] {dagbag.py:538} INFO - Filling up the DagBag from /home/airflow/.local/lib/python3.8/site-packages/airflow/example_dags/example_python_decorator.py
[2024-01-17T15:15:18.016+0000] {processor.py:840} INFO - DAG(s) 'example_python_decorator' retrieved from /home/airflow/.local/lib/python3.8/site-packages/airflow/example_dags/example_python_decorator.py
[2024-01-17T15:15:18.048+0000] {logging_mixin.py:188} INFO - [2024-01-17T15:15:18.047+0000] {dag.py:3033} INFO - Sync 1 DAGs
[2024-01-17T15:15:18.074+0000] {logging_mixin.py:188} INFO - [2024-01-17T15:15:18.073+0000] {dag.py:3820} INFO - Setting next_dagrun for example_python_decorator to None, run_after=None
[2024-01-17T15:15:18.179+0000] {processor.py:183} INFO - Processing /home/airflow/.local/lib/python3.8/site-packages/airflow/example_dags/example_python_decorator.py took 0.192 seconds
[2024-01-17T15:15:48.434+0000] {processor.py:161} INFO - Started process (PID=364) to work on /home/airflow/.local/lib/python3.8/site-packages/airflow/example_dags/example_python_decorator.py
[2024-01-17T15:15:48.435+0000] {processor.py:830} INFO - Processing file /home/airflow/.local/lib/python3.8/site-packages/airflow/example_dags/example_python_decorator.py for tasks to queue
[2024-01-17T15:15:48.439+0000] {logging_mixin.py:188} INFO - [2024-01-17T15:15:48.439+0000] {dagbag.py:538} INFO - Filling up the DagBag from /home/airflow/.local/lib/python3.8/site-packages/airflow/example_dags/example_python_decorator.py
[2024-01-17T15:15:48.459+0000] {processor.py:840} INFO - DAG(s) 'example_python_decorator' retrieved from /home/airflow/.local/lib/python3.8/site-packages/airflow/example_dags/example_python_decorator.py
[2024-01-17T15:15:48.491+0000] {logging_mixin.py:188} INFO - [2024-01-17T15:15:48.491+0000] {dag.py:3033} INFO - Sync 1 DAGs
[2024-01-17T15:15:48.516+0000] {logging_mixin.py:188} INFO - [2024-01-17T15:15:48.516+0000] {dag.py:3820} INFO - Setting next_dagrun for example_python_decorator to None, run_after=None
[2024-01-17T15:15:48.579+0000] {processor.py:183} INFO - Processing /home/airflow/.local/lib/python3.8/site-packages/airflow/example_dags/example_python_decorator.py took 0.152 seconds
[2024-01-17T15:16:18.922+0000] {processor.py:161} INFO - Started process (PID=419) to work on /home/airflow/.local/lib/python3.8/site-packages/airflow/example_dags/example_python_decorator.py
[2024-01-17T15:16:18.924+0000] {processor.py:830} INFO - Processing file /home/airflow/.local/lib/python3.8/site-packages/airflow/example_dags/example_python_decorator.py for tasks to queue
[2024-01-17T15:16:18.926+0000] {logging_mixin.py:188} INFO - [2024-01-17T15:16:18.926+0000] {dagbag.py:538} INFO - Filling up the DagBag from /home/airflow/.local/lib/python3.8/site-packages/airflow/example_dags/example_python_decorator.py
[2024-01-17T15:16:18.939+0000] {processor.py:840} INFO - DAG(s) 'example_python_decorator' retrieved from /home/airflow/.local/lib/python3.8/site-packages/airflow/example_dags/example_python_decorator.py
[2024-01-17T15:16:18.968+0000] {logging_mixin.py:188} INFO - [2024-01-17T15:16:18.968+0000] {dag.py:3033} INFO - Sync 1 DAGs
[2024-01-17T15:16:18.985+0000] {logging_mixin.py:188} INFO - [2024-01-17T15:16:18.985+0000] {dag.py:3820} INFO - Setting next_dagrun for example_python_decorator to None, run_after=None
[2024-01-17T15:16:19.011+0000] {processor.py:183} INFO - Processing /home/airflow/.local/lib/python3.8/site-packages/airflow/example_dags/example_python_decorator.py took 0.094 seconds
[2024-01-17T15:16:49.501+0000] {processor.py:161} INFO - Started process (PID=473) to work on /home/airflow/.local/lib/python3.8/site-packages/airflow/example_dags/example_python_decorator.py
[2024-01-17T15:16:49.502+0000] {processor.py:830} INFO - Processing file /home/airflow/.local/lib/python3.8/site-packages/airflow/example_dags/example_python_decorator.py for tasks to queue
[2024-01-17T15:16:49.506+0000] {logging_mixin.py:188} INFO - [2024-01-17T15:16:49.505+0000] {dagbag.py:538} INFO - Filling up the DagBag from /home/airflow/.local/lib/python3.8/site-packages/airflow/example_dags/example_python_decorator.py
[2024-01-17T15:16:49.527+0000] {processor.py:840} INFO - DAG(s) 'example_python_decorator' retrieved from /home/airflow/.local/lib/python3.8/site-packages/airflow/example_dags/example_python_decorator.py
[2024-01-17T15:16:49.562+0000] {logging_mixin.py:188} INFO - [2024-01-17T15:16:49.561+0000] {dag.py:3033} INFO - Sync 1 DAGs
[2024-01-17T15:16:49.580+0000] {logging_mixin.py:188} INFO - [2024-01-17T15:16:49.580+0000] {dag.py:3820} INFO - Setting next_dagrun for example_python_decorator to None, run_after=None
[2024-01-17T15:16:49.606+0000] {processor.py:183} INFO - Processing /home/airflow/.local/lib/python3.8/site-packages/airflow/example_dags/example_python_decorator.py took 0.111 seconds
[2024-01-17T15:17:20.089+0000] {processor.py:161} INFO - Started process (PID=528) to work on /home/airflow/.local/lib/python3.8/site-packages/airflow/example_dags/example_python_decorator.py
[2024-01-17T15:17:20.090+0000] {processor.py:830} INFO - Processing file /home/airflow/.local/lib/python3.8/site-packages/airflow/example_dags/example_python_decorator.py for tasks to queue
[2024-01-17T15:17:20.092+0000] {logging_mixin.py:188} INFO - [2024-01-17T15:17:20.092+0000] {dagbag.py:538} INFO - Filling up the DagBag from /home/airflow/.local/lib/python3.8/site-packages/airflow/example_dags/example_python_decorator.py
[2024-01-17T15:17:20.109+0000] {processor.py:840} INFO - DAG(s) 'example_python_decorator' retrieved from /home/airflow/.local/lib/python3.8/site-packages/airflow/example_dags/example_python_decorator.py
[2024-01-17T15:17:20.189+0000] {logging_mixin.py:188} INFO - [2024-01-17T15:17:20.189+0000] {dag.py:3033} INFO - Sync 1 DAGs
[2024-01-17T15:17:20.215+0000] {logging_mixin.py:188} INFO - [2024-01-17T15:17:20.214+0000] {dag.py:3820} INFO - Setting next_dagrun for example_python_decorator to None, run_after=None
[2024-01-17T15:17:20.251+0000] {processor.py:183} INFO - Processing /home/airflow/.local/lib/python3.8/site-packages/airflow/example_dags/example_python_decorator.py took 0.173 seconds
[2024-01-17T15:17:50.709+0000] {processor.py:161} INFO - Started process (PID=583) to work on /home/airflow/.local/lib/python3.8/site-packages/airflow/example_dags/example_python_decorator.py
[2024-01-17T15:17:50.710+0000] {processor.py:830} INFO - Processing file /home/airflow/.local/lib/python3.8/site-packages/airflow/example_dags/example_python_decorator.py for tasks to queue
[2024-01-17T15:17:50.714+0000] {logging_mixin.py:188} INFO - [2024-01-17T15:17:50.714+0000] {dagbag.py:538} INFO - Filling up the DagBag from /home/airflow/.local/lib/python3.8/site-packages/airflow/example_dags/example_python_decorator.py
[2024-01-17T15:17:50.736+0000] {processor.py:840} INFO - DAG(s) 'example_python_decorator' retrieved from /home/airflow/.local/lib/python3.8/site-packages/airflow/example_dags/example_python_decorator.py
[2024-01-17T15:17:50.784+0000] {logging_mixin.py:188} INFO - [2024-01-17T15:17:50.784+0000] {dag.py:3033} INFO - Sync 1 DAGs
[2024-01-17T15:17:50.815+0000] {logging_mixin.py:188} INFO - [2024-01-17T15:17:50.814+0000] {dag.py:3820} INFO - Setting next_dagrun for example_python_decorator to None, run_after=None
[2024-01-17T15:17:50.852+0000] {processor.py:183} INFO - Processing /home/airflow/.local/lib/python3.8/site-packages/airflow/example_dags/example_python_decorator.py took 0.151 seconds
[2024-01-17T15:18:21.629+0000] {processor.py:161} INFO - Started process (PID=638) to work on /home/airflow/.local/lib/python3.8/site-packages/airflow/example_dags/example_python_decorator.py
[2024-01-17T15:18:21.631+0000] {processor.py:830} INFO - Processing file /home/airflow/.local/lib/python3.8/site-packages/airflow/example_dags/example_python_decorator.py for tasks to queue
[2024-01-17T15:18:21.634+0000] {logging_mixin.py:188} INFO - [2024-01-17T15:18:21.634+0000] {dagbag.py:538} INFO - Filling up the DagBag from /home/airflow/.local/lib/python3.8/site-packages/airflow/example_dags/example_python_decorator.py
[2024-01-17T15:18:21.654+0000] {processor.py:840} INFO - DAG(s) 'example_python_decorator' retrieved from /home/airflow/.local/lib/python3.8/site-packages/airflow/example_dags/example_python_decorator.py
[2024-01-17T15:18:21.679+0000] {logging_mixin.py:188} INFO - [2024-01-17T15:18:21.679+0000] {dag.py:3033} INFO - Sync 1 DAGs
[2024-01-17T15:18:21.698+0000] {logging_mixin.py:188} INFO - [2024-01-17T15:18:21.698+0000] {dag.py:3820} INFO - Setting next_dagrun for example_python_decorator to None, run_after=None
[2024-01-17T15:18:21.721+0000] {processor.py:183} INFO - Processing /home/airflow/.local/lib/python3.8/site-packages/airflow/example_dags/example_python_decorator.py took 0.101 seconds
[2024-01-17T15:18:52.647+0000] {processor.py:161} INFO - Started process (PID=693) to work on /home/airflow/.local/lib/python3.8/site-packages/airflow/example_dags/example_python_decorator.py
[2024-01-17T15:18:52.650+0000] {processor.py:830} INFO - Processing file /home/airflow/.local/lib/python3.8/site-packages/airflow/example_dags/example_python_decorator.py for tasks to queue
[2024-01-17T15:18:52.655+0000] {logging_mixin.py:188} INFO - [2024-01-17T15:18:52.655+0000] {dagbag.py:538} INFO - Filling up the DagBag from /home/airflow/.local/lib/python3.8/site-packages/airflow/example_dags/example_python_decorator.py
[2024-01-17T15:18:52.680+0000] {processor.py:840} INFO - DAG(s) 'example_python_decorator' retrieved from /home/airflow/.local/lib/python3.8/site-packages/airflow/example_dags/example_python_decorator.py
[2024-01-17T15:18:52.712+0000] {logging_mixin.py:188} INFO - [2024-01-17T15:18:52.712+0000] {dag.py:3033} INFO - Sync 1 DAGs
[2024-01-17T15:18:52.733+0000] {logging_mixin.py:188} INFO - [2024-01-17T15:18:52.733+0000] {dag.py:3820} INFO - Setting next_dagrun for example_python_decorator to None, run_after=None
[2024-01-17T15:18:52.826+0000] {processor.py:183} INFO - Processing /home/airflow/.local/lib/python3.8/site-packages/airflow/example_dags/example_python_decorator.py took 0.194 seconds
[2024-01-17T15:19:23.785+0000] {processor.py:161} INFO - Started process (PID=748) to work on /home/airflow/.local/lib/python3.8/site-packages/airflow/example_dags/example_python_decorator.py
[2024-01-17T15:19:23.787+0000] {processor.py:830} INFO - Processing file /home/airflow/.local/lib/python3.8/site-packages/airflow/example_dags/example_python_decorator.py for tasks to queue
[2024-01-17T15:19:23.790+0000] {logging_mixin.py:188} INFO - [2024-01-17T15:19:23.789+0000] {dagbag.py:538} INFO - Filling up the DagBag from /home/airflow/.local/lib/python3.8/site-packages/airflow/example_dags/example_python_decorator.py
[2024-01-17T15:19:23.807+0000] {processor.py:840} INFO - DAG(s) 'example_python_decorator' retrieved from /home/airflow/.local/lib/python3.8/site-packages/airflow/example_dags/example_python_decorator.py
[2024-01-17T15:19:23.844+0000] {logging_mixin.py:188} INFO - [2024-01-17T15:19:23.844+0000] {dag.py:3033} INFO - Sync 1 DAGs
[2024-01-17T15:19:23.866+0000] {logging_mixin.py:188} INFO - [2024-01-17T15:19:23.866+0000] {dag.py:3820} INFO - Setting next_dagrun for example_python_decorator to None, run_after=None
[2024-01-17T15:19:23.895+0000] {processor.py:183} INFO - Processing /home/airflow/.local/lib/python3.8/site-packages/airflow/example_dags/example_python_decorator.py took 0.114 seconds
[2024-01-17T15:19:54.934+0000] {processor.py:161} INFO - Started process (PID=804) to work on /home/airflow/.local/lib/python3.8/site-packages/airflow/example_dags/example_python_decorator.py
[2024-01-17T15:19:54.935+0000] {processor.py:830} INFO - Processing file /home/airflow/.local/lib/python3.8/site-packages/airflow/example_dags/example_python_decorator.py for tasks to queue
[2024-01-17T15:19:54.937+0000] {logging_mixin.py:188} INFO - [2024-01-17T15:19:54.936+0000] {dagbag.py:538} INFO - Filling up the DagBag from /home/airflow/.local/lib/python3.8/site-packages/airflow/example_dags/example_python_decorator.py
[2024-01-17T15:19:54.950+0000] {processor.py:840} INFO - DAG(s) 'example_python_decorator' retrieved from /home/airflow/.local/lib/python3.8/site-packages/airflow/example_dags/example_python_decorator.py
[2024-01-17T15:19:54.975+0000] {logging_mixin.py:188} INFO - [2024-01-17T15:19:54.974+0000] {dag.py:3033} INFO - Sync 1 DAGs
[2024-01-17T15:19:54.989+0000] {logging_mixin.py:188} INFO - [2024-01-17T15:19:54.989+0000] {dag.py:3820} INFO - Setting next_dagrun for example_python_decorator to None, run_after=None
[2024-01-17T15:19:55.015+0000] {processor.py:183} INFO - Processing /home/airflow/.local/lib/python3.8/site-packages/airflow/example_dags/example_python_decorator.py took 0.084 seconds
[2024-01-17T15:20:26.541+0000] {processor.py:161} INFO - Started process (PID=860) to work on /home/airflow/.local/lib/python3.8/site-packages/airflow/example_dags/example_python_decorator.py
[2024-01-17T15:20:26.543+0000] {processor.py:830} INFO - Processing file /home/airflow/.local/lib/python3.8/site-packages/airflow/example_dags/example_python_decorator.py for tasks to queue
[2024-01-17T15:20:26.546+0000] {logging_mixin.py:188} INFO - [2024-01-17T15:20:26.545+0000] {dagbag.py:538} INFO - Filling up the DagBag from /home/airflow/.local/lib/python3.8/site-packages/airflow/example_dags/example_python_decorator.py
[2024-01-17T15:20:26.562+0000] {processor.py:840} INFO - DAG(s) 'example_python_decorator' retrieved from /home/airflow/.local/lib/python3.8/site-packages/airflow/example_dags/example_python_decorator.py
[2024-01-17T15:20:26.683+0000] {logging_mixin.py:188} INFO - [2024-01-17T15:20:26.683+0000] {dag.py:3033} INFO - Sync 1 DAGs
[2024-01-17T15:20:26.737+0000] {logging_mixin.py:188} INFO - [2024-01-17T15:20:26.736+0000] {dag.py:3820} INFO - Setting next_dagrun for example_python_decorator to None, run_after=None
[2024-01-17T15:20:26.771+0000] {processor.py:183} INFO - Processing /home/airflow/.local/lib/python3.8/site-packages/airflow/example_dags/example_python_decorator.py took 0.234 seconds
[2024-01-17T15:20:57.772+0000] {processor.py:161} INFO - Started process (PID=916) to work on /home/airflow/.local/lib/python3.8/site-packages/airflow/example_dags/example_python_decorator.py
[2024-01-17T15:20:57.774+0000] {processor.py:830} INFO - Processing file /home/airflow/.local/lib/python3.8/site-packages/airflow/example_dags/example_python_decorator.py for tasks to queue
[2024-01-17T15:20:57.777+0000] {logging_mixin.py:188} INFO - [2024-01-17T15:20:57.776+0000] {dagbag.py:538} INFO - Filling up the DagBag from /home/airflow/.local/lib/python3.8/site-packages/airflow/example_dags/example_python_decorator.py
[2024-01-17T15:20:57.792+0000] {processor.py:840} INFO - DAG(s) 'example_python_decorator' retrieved from /home/airflow/.local/lib/python3.8/site-packages/airflow/example_dags/example_python_decorator.py
[2024-01-17T15:20:57.827+0000] {logging_mixin.py:188} INFO - [2024-01-17T15:20:57.826+0000] {dag.py:3033} INFO - Sync 1 DAGs
[2024-01-17T15:20:57.850+0000] {logging_mixin.py:188} INFO - [2024-01-17T15:20:57.849+0000] {dag.py:3820} INFO - Setting next_dagrun for example_python_decorator to None, run_after=None
[2024-01-17T15:20:57.877+0000] {processor.py:183} INFO - Processing /home/airflow/.local/lib/python3.8/site-packages/airflow/example_dags/example_python_decorator.py took 0.110 seconds
[2024-01-17T15:21:28.422+0000] {processor.py:161} INFO - Started process (PID=970) to work on /home/airflow/.local/lib/python3.8/site-packages/airflow/example_dags/example_python_decorator.py
[2024-01-17T15:21:28.423+0000] {processor.py:830} INFO - Processing file /home/airflow/.local/lib/python3.8/site-packages/airflow/example_dags/example_python_decorator.py for tasks to queue
[2024-01-17T15:21:28.425+0000] {logging_mixin.py:188} INFO - [2024-01-17T15:21:28.425+0000] {dagbag.py:538} INFO - Filling up the DagBag from /home/airflow/.local/lib/python3.8/site-packages/airflow/example_dags/example_python_decorator.py
[2024-01-17T15:21:28.437+0000] {processor.py:840} INFO - DAG(s) 'example_python_decorator' retrieved from /home/airflow/.local/lib/python3.8/site-packages/airflow/example_dags/example_python_decorator.py
[2024-01-17T15:21:28.465+0000] {logging_mixin.py:188} INFO - [2024-01-17T15:21:28.464+0000] {dag.py:3033} INFO - Sync 1 DAGs
[2024-01-17T15:21:28.484+0000] {logging_mixin.py:188} INFO - [2024-01-17T15:21:28.484+0000] {dag.py:3820} INFO - Setting next_dagrun for example_python_decorator to None, run_after=None
[2024-01-17T15:21:28.513+0000] {processor.py:183} INFO - Processing /home/airflow/.local/lib/python3.8/site-packages/airflow/example_dags/example_python_decorator.py took 0.094 seconds
[2024-01-17T15:21:59.453+0000] {processor.py:161} INFO - Started process (PID=1024) to work on /home/airflow/.local/lib/python3.8/site-packages/airflow/example_dags/example_python_decorator.py
[2024-01-17T15:21:59.491+0000] {processor.py:830} INFO - Processing file /home/airflow/.local/lib/python3.8/site-packages/airflow/example_dags/example_python_decorator.py for tasks to queue
[2024-01-17T15:21:59.505+0000] {logging_mixin.py:188} INFO - [2024-01-17T15:21:59.504+0000] {dagbag.py:538} INFO - Filling up the DagBag from /home/airflow/.local/lib/python3.8/site-packages/airflow/example_dags/example_python_decorator.py
[2024-01-17T15:21:59.536+0000] {processor.py:840} INFO - DAG(s) 'example_python_decorator' retrieved from /home/airflow/.local/lib/python3.8/site-packages/airflow/example_dags/example_python_decorator.py
[2024-01-17T15:21:59.581+0000] {logging_mixin.py:188} INFO - [2024-01-17T15:21:59.581+0000] {dag.py:3033} INFO - Sync 1 DAGs
[2024-01-17T15:21:59.605+0000] {logging_mixin.py:188} INFO - [2024-01-17T15:21:59.605+0000] {dag.py:3820} INFO - Setting next_dagrun for example_python_decorator to None, run_after=None
[2024-01-17T15:21:59.688+0000] {processor.py:183} INFO - Processing /home/airflow/.local/lib/python3.8/site-packages/airflow/example_dags/example_python_decorator.py took 0.240 seconds
[2024-01-17T15:25:19.362+0000] {processor.py:161} INFO - Started process (PID=77) to work on /home/airflow/.local/lib/python3.8/site-packages/airflow/example_dags/example_python_decorator.py
[2024-01-17T15:25:19.363+0000] {processor.py:830} INFO - Processing file /home/airflow/.local/lib/python3.8/site-packages/airflow/example_dags/example_python_decorator.py for tasks to queue
[2024-01-17T15:25:19.366+0000] {logging_mixin.py:188} INFO - [2024-01-17T15:25:19.366+0000] {dagbag.py:538} INFO - Filling up the DagBag from /home/airflow/.local/lib/python3.8/site-packages/airflow/example_dags/example_python_decorator.py
[2024-01-17T15:25:19.389+0000] {processor.py:840} INFO - DAG(s) 'example_python_decorator' retrieved from /home/airflow/.local/lib/python3.8/site-packages/airflow/example_dags/example_python_decorator.py
[2024-01-17T15:25:19.436+0000] {logging_mixin.py:188} INFO - [2024-01-17T15:25:19.435+0000] {dag.py:3033} INFO - Sync 1 DAGs
[2024-01-17T15:25:19.478+0000] {logging_mixin.py:188} INFO - [2024-01-17T15:25:19.478+0000] {dag.py:3820} INFO - Setting next_dagrun for example_python_decorator to None, run_after=None
[2024-01-17T15:25:19.609+0000] {processor.py:183} INFO - Processing /home/airflow/.local/lib/python3.8/site-packages/airflow/example_dags/example_python_decorator.py took 0.253 seconds
[2024-01-17T15:25:50.015+0000] {processor.py:161} INFO - Started process (PID=132) to work on /home/airflow/.local/lib/python3.8/site-packages/airflow/example_dags/example_python_decorator.py
[2024-01-17T15:25:50.017+0000] {processor.py:830} INFO - Processing file /home/airflow/.local/lib/python3.8/site-packages/airflow/example_dags/example_python_decorator.py for tasks to queue
[2024-01-17T15:25:50.020+0000] {logging_mixin.py:188} INFO - [2024-01-17T15:25:50.020+0000] {dagbag.py:538} INFO - Filling up the DagBag from /home/airflow/.local/lib/python3.8/site-packages/airflow/example_dags/example_python_decorator.py
[2024-01-17T15:25:50.044+0000] {processor.py:840} INFO - DAG(s) 'example_python_decorator' retrieved from /home/airflow/.local/lib/python3.8/site-packages/airflow/example_dags/example_python_decorator.py
[2024-01-17T15:25:50.105+0000] {logging_mixin.py:188} INFO - [2024-01-17T15:25:50.105+0000] {dag.py:3033} INFO - Sync 1 DAGs
[2024-01-17T15:25:50.157+0000] {logging_mixin.py:188} INFO - [2024-01-17T15:25:50.156+0000] {dag.py:3820} INFO - Setting next_dagrun for example_python_decorator to None, run_after=None
[2024-01-17T15:25:50.244+0000] {processor.py:183} INFO - Processing /home/airflow/.local/lib/python3.8/site-packages/airflow/example_dags/example_python_decorator.py took 0.234 seconds
[2024-01-17T15:26:21.811+0000] {processor.py:161} INFO - Started process (PID=188) to work on /home/airflow/.local/lib/python3.8/site-packages/airflow/example_dags/example_python_decorator.py
[2024-01-17T15:26:21.828+0000] {processor.py:830} INFO - Processing file /home/airflow/.local/lib/python3.8/site-packages/airflow/example_dags/example_python_decorator.py for tasks to queue
[2024-01-17T15:26:21.831+0000] {logging_mixin.py:188} INFO - [2024-01-17T15:26:21.831+0000] {dagbag.py:538} INFO - Filling up the DagBag from /home/airflow/.local/lib/python3.8/site-packages/airflow/example_dags/example_python_decorator.py
[2024-01-17T15:26:21.895+0000] {processor.py:840} INFO - DAG(s) 'example_python_decorator' retrieved from /home/airflow/.local/lib/python3.8/site-packages/airflow/example_dags/example_python_decorator.py
[2024-01-17T15:26:22.082+0000] {logging_mixin.py:188} INFO - [2024-01-17T15:26:22.082+0000] {dag.py:3033} INFO - Sync 1 DAGs
[2024-01-17T15:26:22.184+0000] {logging_mixin.py:188} INFO - [2024-01-17T15:26:22.167+0000] {dag.py:3820} INFO - Setting next_dagrun for example_python_decorator to None, run_after=None
[2024-01-17T15:26:22.291+0000] {processor.py:183} INFO - Processing /home/airflow/.local/lib/python3.8/site-packages/airflow/example_dags/example_python_decorator.py took 0.501 seconds
[2024-01-17T15:26:52.524+0000] {processor.py:161} INFO - Started process (PID=245) to work on /home/airflow/.local/lib/python3.8/site-packages/airflow/example_dags/example_python_decorator.py
[2024-01-17T15:26:52.532+0000] {processor.py:830} INFO - Processing file /home/airflow/.local/lib/python3.8/site-packages/airflow/example_dags/example_python_decorator.py for tasks to queue
[2024-01-17T15:26:52.535+0000] {logging_mixin.py:188} INFO - [2024-01-17T15:26:52.534+0000] {dagbag.py:538} INFO - Filling up the DagBag from /home/airflow/.local/lib/python3.8/site-packages/airflow/example_dags/example_python_decorator.py
[2024-01-17T15:26:52.573+0000] {processor.py:840} INFO - DAG(s) 'example_python_decorator' retrieved from /home/airflow/.local/lib/python3.8/site-packages/airflow/example_dags/example_python_decorator.py
[2024-01-17T15:26:52.665+0000] {logging_mixin.py:188} INFO - [2024-01-17T15:26:52.665+0000] {dag.py:3033} INFO - Sync 1 DAGs
[2024-01-17T15:26:52.725+0000] {logging_mixin.py:188} INFO - [2024-01-17T15:26:52.725+0000] {dag.py:3820} INFO - Setting next_dagrun for example_python_decorator to None, run_after=None
[2024-01-17T15:26:53.608+0000] {processor.py:183} INFO - Processing /home/airflow/.local/lib/python3.8/site-packages/airflow/example_dags/example_python_decorator.py took 1.114 seconds
[2024-01-17T15:27:25.735+0000] {processor.py:161} INFO - Started process (PID=302) to work on /home/airflow/.local/lib/python3.8/site-packages/airflow/example_dags/example_python_decorator.py
[2024-01-17T15:27:25.797+0000] {processor.py:830} INFO - Processing file /home/airflow/.local/lib/python3.8/site-packages/airflow/example_dags/example_python_decorator.py for tasks to queue
[2024-01-17T15:27:25.800+0000] {logging_mixin.py:188} INFO - [2024-01-17T15:27:25.799+0000] {dagbag.py:538} INFO - Filling up the DagBag from /home/airflow/.local/lib/python3.8/site-packages/airflow/example_dags/example_python_decorator.py
[2024-01-17T15:27:25.817+0000] {processor.py:840} INFO - DAG(s) 'example_python_decorator' retrieved from /home/airflow/.local/lib/python3.8/site-packages/airflow/example_dags/example_python_decorator.py
[2024-01-17T15:27:25.863+0000] {logging_mixin.py:188} INFO - [2024-01-17T15:27:25.863+0000] {dag.py:3033} INFO - Sync 1 DAGs
[2024-01-17T15:27:25.883+0000] {logging_mixin.py:188} INFO - [2024-01-17T15:27:25.883+0000] {dag.py:3820} INFO - Setting next_dagrun for example_python_decorator to None, run_after=None
[2024-01-17T15:27:26.189+0000] {processor.py:183} INFO - Processing /home/airflow/.local/lib/python3.8/site-packages/airflow/example_dags/example_python_decorator.py took 0.458 seconds
[2024-01-17T15:27:58.516+0000] {processor.py:161} INFO - Started process (PID=355) to work on /home/airflow/.local/lib/python3.8/site-packages/airflow/example_dags/example_python_decorator.py
[2024-01-17T15:27:58.530+0000] {processor.py:830} INFO - Processing file /home/airflow/.local/lib/python3.8/site-packages/airflow/example_dags/example_python_decorator.py for tasks to queue
[2024-01-17T15:27:58.535+0000] {logging_mixin.py:188} INFO - [2024-01-17T15:27:58.534+0000] {dagbag.py:538} INFO - Filling up the DagBag from /home/airflow/.local/lib/python3.8/site-packages/airflow/example_dags/example_python_decorator.py
[2024-01-17T15:27:58.559+0000] {processor.py:840} INFO - DAG(s) 'example_python_decorator' retrieved from /home/airflow/.local/lib/python3.8/site-packages/airflow/example_dags/example_python_decorator.py
[2024-01-17T15:27:58.600+0000] {logging_mixin.py:188} INFO - [2024-01-17T15:27:58.600+0000] {dag.py:3033} INFO - Sync 1 DAGs
[2024-01-17T15:27:58.629+0000] {logging_mixin.py:188} INFO - [2024-01-17T15:27:58.629+0000] {dag.py:3820} INFO - Setting next_dagrun for example_python_decorator to None, run_after=None
[2024-01-17T15:27:59.790+0000] {processor.py:183} INFO - Processing /home/airflow/.local/lib/python3.8/site-packages/airflow/example_dags/example_python_decorator.py took 1.291 seconds
[2024-01-17T15:28:37.114+0000] {processor.py:161} INFO - Started process (PID=416) to work on /home/airflow/.local/lib/python3.8/site-packages/airflow/example_dags/example_python_decorator.py
[2024-01-17T15:28:37.116+0000] {processor.py:830} INFO - Processing file /home/airflow/.local/lib/python3.8/site-packages/airflow/example_dags/example_python_decorator.py for tasks to queue
[2024-01-17T15:28:37.120+0000] {logging_mixin.py:188} INFO - [2024-01-17T15:28:37.119+0000] {dagbag.py:538} INFO - Filling up the DagBag from /home/airflow/.local/lib/python3.8/site-packages/airflow/example_dags/example_python_decorator.py
[2024-01-17T15:28:37.138+0000] {processor.py:840} INFO - DAG(s) 'example_python_decorator' retrieved from /home/airflow/.local/lib/python3.8/site-packages/airflow/example_dags/example_python_decorator.py
[2024-01-17T15:28:37.158+0000] {logging_mixin.py:188} INFO - [2024-01-17T15:28:37.157+0000] {dag.py:3033} INFO - Sync 1 DAGs
[2024-01-17T15:28:37.188+0000] {logging_mixin.py:188} INFO - [2024-01-17T15:28:37.187+0000] {dag.py:3820} INFO - Setting next_dagrun for example_python_decorator to None, run_after=None
[2024-01-17T15:28:37.223+0000] {processor.py:183} INFO - Processing /home/airflow/.local/lib/python3.8/site-packages/airflow/example_dags/example_python_decorator.py took 0.116 seconds
[2024-01-17T15:29:08.995+0000] {processor.py:161} INFO - Started process (PID=472) to work on /home/airflow/.local/lib/python3.8/site-packages/airflow/example_dags/example_python_decorator.py
[2024-01-17T15:29:08.997+0000] {processor.py:830} INFO - Processing file /home/airflow/.local/lib/python3.8/site-packages/airflow/example_dags/example_python_decorator.py for tasks to queue
[2024-01-17T15:29:08.999+0000] {logging_mixin.py:188} INFO - [2024-01-17T15:29:08.999+0000] {dagbag.py:538} INFO - Filling up the DagBag from /home/airflow/.local/lib/python3.8/site-packages/airflow/example_dags/example_python_decorator.py
[2024-01-17T15:29:09.016+0000] {processor.py:840} INFO - DAG(s) 'example_python_decorator' retrieved from /home/airflow/.local/lib/python3.8/site-packages/airflow/example_dags/example_python_decorator.py
[2024-01-17T15:29:09.242+0000] {logging_mixin.py:188} INFO - [2024-01-17T15:29:09.242+0000] {dag.py:3033} INFO - Sync 1 DAGs
[2024-01-17T15:29:09.271+0000] {logging_mixin.py:188} INFO - [2024-01-17T15:29:09.271+0000] {dag.py:3820} INFO - Setting next_dagrun for example_python_decorator to None, run_after=None
[2024-01-17T15:29:09.333+0000] {processor.py:183} INFO - Processing /home/airflow/.local/lib/python3.8/site-packages/airflow/example_dags/example_python_decorator.py took 0.342 seconds
[2024-01-17T15:30:03.146+0000] {processor.py:161} INFO - Started process (PID=540) to work on /home/airflow/.local/lib/python3.8/site-packages/airflow/example_dags/example_python_decorator.py
[2024-01-17T15:30:03.147+0000] {processor.py:830} INFO - Processing file /home/airflow/.local/lib/python3.8/site-packages/airflow/example_dags/example_python_decorator.py for tasks to queue
[2024-01-17T15:30:03.155+0000] {logging_mixin.py:188} INFO - [2024-01-17T15:30:03.152+0000] {dagbag.py:538} INFO - Filling up the DagBag from /home/airflow/.local/lib/python3.8/site-packages/airflow/example_dags/example_python_decorator.py
[2024-01-17T15:30:03.188+0000] {processor.py:840} INFO - DAG(s) 'example_python_decorator' retrieved from /home/airflow/.local/lib/python3.8/site-packages/airflow/example_dags/example_python_decorator.py
[2024-01-17T15:30:03.237+0000] {logging_mixin.py:188} INFO - [2024-01-17T15:30:03.237+0000] {dag.py:3033} INFO - Sync 1 DAGs
[2024-01-17T15:30:03.264+0000] {logging_mixin.py:188} INFO - [2024-01-17T15:30:03.263+0000] {dag.py:3820} INFO - Setting next_dagrun for example_python_decorator to None, run_after=None
[2024-01-17T15:30:03.308+0000] {processor.py:183} INFO - Processing /home/airflow/.local/lib/python3.8/site-packages/airflow/example_dags/example_python_decorator.py took 0.168 seconds
[2024-01-17T15:30:36.325+0000] {processor.py:161} INFO - Started process (PID=595) to work on /home/airflow/.local/lib/python3.8/site-packages/airflow/example_dags/example_python_decorator.py
[2024-01-17T15:30:36.327+0000] {processor.py:830} INFO - Processing file /home/airflow/.local/lib/python3.8/site-packages/airflow/example_dags/example_python_decorator.py for tasks to queue
[2024-01-17T15:30:36.330+0000] {logging_mixin.py:188} INFO - [2024-01-17T15:30:36.330+0000] {dagbag.py:538} INFO - Filling up the DagBag from /home/airflow/.local/lib/python3.8/site-packages/airflow/example_dags/example_python_decorator.py
[2024-01-17T15:30:36.361+0000] {processor.py:840} INFO - DAG(s) 'example_python_decorator' retrieved from /home/airflow/.local/lib/python3.8/site-packages/airflow/example_dags/example_python_decorator.py
[2024-01-17T15:30:36.472+0000] {logging_mixin.py:188} INFO - [2024-01-17T15:30:36.472+0000] {dag.py:3033} INFO - Sync 1 DAGs
[2024-01-17T15:30:36.524+0000] {logging_mixin.py:188} INFO - [2024-01-17T15:30:36.523+0000] {dag.py:3820} INFO - Setting next_dagrun for example_python_decorator to None, run_after=None
[2024-01-17T15:30:36.643+0000] {processor.py:183} INFO - Processing /home/airflow/.local/lib/python3.8/site-packages/airflow/example_dags/example_python_decorator.py took 0.322 seconds
[2024-01-17T15:31:07.461+0000] {processor.py:161} INFO - Started process (PID=651) to work on /home/airflow/.local/lib/python3.8/site-packages/airflow/example_dags/example_python_decorator.py
[2024-01-17T15:31:07.462+0000] {processor.py:830} INFO - Processing file /home/airflow/.local/lib/python3.8/site-packages/airflow/example_dags/example_python_decorator.py for tasks to queue
[2024-01-17T15:31:07.465+0000] {logging_mixin.py:188} INFO - [2024-01-17T15:31:07.465+0000] {dagbag.py:538} INFO - Filling up the DagBag from /home/airflow/.local/lib/python3.8/site-packages/airflow/example_dags/example_python_decorator.py
[2024-01-17T15:31:07.499+0000] {processor.py:840} INFO - DAG(s) 'example_python_decorator' retrieved from /home/airflow/.local/lib/python3.8/site-packages/airflow/example_dags/example_python_decorator.py
[2024-01-17T15:31:07.635+0000] {logging_mixin.py:188} INFO - [2024-01-17T15:31:07.634+0000] {dag.py:3033} INFO - Sync 1 DAGs
[2024-01-17T15:31:07.656+0000] {logging_mixin.py:188} INFO - [2024-01-17T15:31:07.656+0000] {dag.py:3820} INFO - Setting next_dagrun for example_python_decorator to None, run_after=None
[2024-01-17T15:31:07.704+0000] {processor.py:183} INFO - Processing /home/airflow/.local/lib/python3.8/site-packages/airflow/example_dags/example_python_decorator.py took 0.250 seconds
[2024-01-17T15:31:38.467+0000] {processor.py:161} INFO - Started process (PID=706) to work on /home/airflow/.local/lib/python3.8/site-packages/airflow/example_dags/example_python_decorator.py
[2024-01-17T15:31:38.468+0000] {processor.py:830} INFO - Processing file /home/airflow/.local/lib/python3.8/site-packages/airflow/example_dags/example_python_decorator.py for tasks to queue
[2024-01-17T15:31:38.470+0000] {logging_mixin.py:188} INFO - [2024-01-17T15:31:38.469+0000] {dagbag.py:538} INFO - Filling up the DagBag from /home/airflow/.local/lib/python3.8/site-packages/airflow/example_dags/example_python_decorator.py
[2024-01-17T15:31:38.481+0000] {processor.py:840} INFO - DAG(s) 'example_python_decorator' retrieved from /home/airflow/.local/lib/python3.8/site-packages/airflow/example_dags/example_python_decorator.py
[2024-01-17T15:31:38.516+0000] {logging_mixin.py:188} INFO - [2024-01-17T15:31:38.516+0000] {dag.py:3033} INFO - Sync 1 DAGs
[2024-01-17T15:31:38.536+0000] {logging_mixin.py:188} INFO - [2024-01-17T15:31:38.535+0000] {dag.py:3820} INFO - Setting next_dagrun for example_python_decorator to None, run_after=None
[2024-01-17T15:31:38.573+0000] {processor.py:183} INFO - Processing /home/airflow/.local/lib/python3.8/site-packages/airflow/example_dags/example_python_decorator.py took 0.112 seconds
[2024-01-17T15:32:09.305+0000] {processor.py:161} INFO - Started process (PID=761) to work on /home/airflow/.local/lib/python3.8/site-packages/airflow/example_dags/example_python_decorator.py
[2024-01-17T15:32:09.306+0000] {processor.py:830} INFO - Processing file /home/airflow/.local/lib/python3.8/site-packages/airflow/example_dags/example_python_decorator.py for tasks to queue
[2024-01-17T15:32:09.310+0000] {logging_mixin.py:188} INFO - [2024-01-17T15:32:09.309+0000] {dagbag.py:538} INFO - Filling up the DagBag from /home/airflow/.local/lib/python3.8/site-packages/airflow/example_dags/example_python_decorator.py
[2024-01-17T15:32:09.323+0000] {processor.py:840} INFO - DAG(s) 'example_python_decorator' retrieved from /home/airflow/.local/lib/python3.8/site-packages/airflow/example_dags/example_python_decorator.py
[2024-01-17T15:32:09.350+0000] {logging_mixin.py:188} INFO - [2024-01-17T15:32:09.350+0000] {dag.py:3033} INFO - Sync 1 DAGs
[2024-01-17T15:32:09.368+0000] {logging_mixin.py:188} INFO - [2024-01-17T15:32:09.368+0000] {dag.py:3820} INFO - Setting next_dagrun for example_python_decorator to None, run_after=None
[2024-01-17T15:32:09.393+0000] {processor.py:183} INFO - Processing /home/airflow/.local/lib/python3.8/site-packages/airflow/example_dags/example_python_decorator.py took 0.093 seconds
