[2024-01-17T15:13:05.702+0000] {processor.py:161} INFO - Started process (PID=64) to work on /home/airflow/.local/lib/python3.8/site-packages/airflow/example_dags/example_local_kubernetes_executor.py
[2024-01-17T15:13:05.703+0000] {processor.py:830} INFO - Processing file /home/airflow/.local/lib/python3.8/site-packages/airflow/example_dags/example_local_kubernetes_executor.py for tasks to queue
[2024-01-17T15:13:05.706+0000] {logging_mixin.py:188} INFO - [2024-01-17T15:13:05.705+0000] {dagbag.py:538} INFO - Filling up the DagBag from /home/airflow/.local/lib/python3.8/site-packages/airflow/example_dags/example_local_kubernetes_executor.py
[2024-01-17T15:13:05.747+0000] {processor.py:840} INFO - DAG(s) 'example_local_kubernetes_executor' retrieved from /home/airflow/.local/lib/python3.8/site-packages/airflow/example_dags/example_local_kubernetes_executor.py
[2024-01-17T15:13:06.167+0000] {logging_mixin.py:188} INFO - [2024-01-17T15:13:06.166+0000] {dag.py:3033} INFO - Sync 1 DAGs
[2024-01-17T15:13:06.197+0000] {logging_mixin.py:188} INFO - [2024-01-17T15:13:06.196+0000] {dag.py:3820} INFO - Setting next_dagrun for example_local_kubernetes_executor to None, run_after=None
[2024-01-17T15:13:06.364+0000] {processor.py:183} INFO - Processing /home/airflow/.local/lib/python3.8/site-packages/airflow/example_dags/example_local_kubernetes_executor.py took 0.675 seconds
[2024-01-17T15:13:36.759+0000] {processor.py:161} INFO - Started process (PID=119) to work on /home/airflow/.local/lib/python3.8/site-packages/airflow/example_dags/example_local_kubernetes_executor.py
[2024-01-17T15:13:36.761+0000] {processor.py:830} INFO - Processing file /home/airflow/.local/lib/python3.8/site-packages/airflow/example_dags/example_local_kubernetes_executor.py for tasks to queue
[2024-01-17T15:13:36.767+0000] {logging_mixin.py:188} INFO - [2024-01-17T15:13:36.767+0000] {dagbag.py:538} INFO - Filling up the DagBag from /home/airflow/.local/lib/python3.8/site-packages/airflow/example_dags/example_local_kubernetes_executor.py
[2024-01-17T15:13:36.794+0000] {processor.py:840} INFO - DAG(s) 'example_local_kubernetes_executor' retrieved from /home/airflow/.local/lib/python3.8/site-packages/airflow/example_dags/example_local_kubernetes_executor.py
[2024-01-17T15:13:36.840+0000] {logging_mixin.py:188} INFO - [2024-01-17T15:13:36.840+0000] {dag.py:3033} INFO - Sync 1 DAGs
[2024-01-17T15:13:36.903+0000] {logging_mixin.py:188} INFO - [2024-01-17T15:13:36.903+0000] {dag.py:3820} INFO - Setting next_dagrun for example_local_kubernetes_executor to None, run_after=None
[2024-01-17T15:13:37.001+0000] {processor.py:183} INFO - Processing /home/airflow/.local/lib/python3.8/site-packages/airflow/example_dags/example_local_kubernetes_executor.py took 0.253 seconds
[2024-01-17T15:14:07.522+0000] {processor.py:161} INFO - Started process (PID=174) to work on /home/airflow/.local/lib/python3.8/site-packages/airflow/example_dags/example_local_kubernetes_executor.py
[2024-01-17T15:14:07.523+0000] {processor.py:830} INFO - Processing file /home/airflow/.local/lib/python3.8/site-packages/airflow/example_dags/example_local_kubernetes_executor.py for tasks to queue
[2024-01-17T15:14:07.526+0000] {logging_mixin.py:188} INFO - [2024-01-17T15:14:07.525+0000] {dagbag.py:538} INFO - Filling up the DagBag from /home/airflow/.local/lib/python3.8/site-packages/airflow/example_dags/example_local_kubernetes_executor.py
[2024-01-17T15:14:07.533+0000] {processor.py:840} INFO - DAG(s) 'example_local_kubernetes_executor' retrieved from /home/airflow/.local/lib/python3.8/site-packages/airflow/example_dags/example_local_kubernetes_executor.py
[2024-01-17T15:14:07.674+0000] {logging_mixin.py:188} INFO - [2024-01-17T15:14:07.673+0000] {dag.py:3033} INFO - Sync 1 DAGs
[2024-01-17T15:14:07.685+0000] {logging_mixin.py:188} INFO - [2024-01-17T15:14:07.685+0000] {dag.py:3820} INFO - Setting next_dagrun for example_local_kubernetes_executor to None, run_after=None
[2024-01-17T15:14:07.707+0000] {processor.py:183} INFO - Processing /home/airflow/.local/lib/python3.8/site-packages/airflow/example_dags/example_local_kubernetes_executor.py took 0.188 seconds
[2024-01-17T15:14:38.185+0000] {processor.py:161} INFO - Started process (PID=228) to work on /home/airflow/.local/lib/python3.8/site-packages/airflow/example_dags/example_local_kubernetes_executor.py
[2024-01-17T15:14:38.186+0000] {processor.py:830} INFO - Processing file /home/airflow/.local/lib/python3.8/site-packages/airflow/example_dags/example_local_kubernetes_executor.py for tasks to queue
[2024-01-17T15:14:38.188+0000] {logging_mixin.py:188} INFO - [2024-01-17T15:14:38.188+0000] {dagbag.py:538} INFO - Filling up the DagBag from /home/airflow/.local/lib/python3.8/site-packages/airflow/example_dags/example_local_kubernetes_executor.py
[2024-01-17T15:14:38.197+0000] {processor.py:840} INFO - DAG(s) 'example_local_kubernetes_executor' retrieved from /home/airflow/.local/lib/python3.8/site-packages/airflow/example_dags/example_local_kubernetes_executor.py
[2024-01-17T15:14:38.239+0000] {logging_mixin.py:188} INFO - [2024-01-17T15:14:38.239+0000] {dag.py:3033} INFO - Sync 1 DAGs
[2024-01-17T15:14:38.254+0000] {logging_mixin.py:188} INFO - [2024-01-17T15:14:38.253+0000] {dag.py:3820} INFO - Setting next_dagrun for example_local_kubernetes_executor to None, run_after=None
[2024-01-17T15:14:38.277+0000] {processor.py:183} INFO - Processing /home/airflow/.local/lib/python3.8/site-packages/airflow/example_dags/example_local_kubernetes_executor.py took 0.097 seconds
[2024-01-17T15:15:08.474+0000] {processor.py:161} INFO - Started process (PID=283) to work on /home/airflow/.local/lib/python3.8/site-packages/airflow/example_dags/example_local_kubernetes_executor.py
[2024-01-17T15:15:08.475+0000] {processor.py:830} INFO - Processing file /home/airflow/.local/lib/python3.8/site-packages/airflow/example_dags/example_local_kubernetes_executor.py for tasks to queue
[2024-01-17T15:15:08.479+0000] {logging_mixin.py:188} INFO - [2024-01-17T15:15:08.479+0000] {dagbag.py:538} INFO - Filling up the DagBag from /home/airflow/.local/lib/python3.8/site-packages/airflow/example_dags/example_local_kubernetes_executor.py
[2024-01-17T15:15:08.492+0000] {processor.py:840} INFO - DAG(s) 'example_local_kubernetes_executor' retrieved from /home/airflow/.local/lib/python3.8/site-packages/airflow/example_dags/example_local_kubernetes_executor.py
[2024-01-17T15:15:08.561+0000] {logging_mixin.py:188} INFO - [2024-01-17T15:15:08.561+0000] {dag.py:3033} INFO - Sync 1 DAGs
[2024-01-17T15:15:08.587+0000] {logging_mixin.py:188} INFO - [2024-01-17T15:15:08.586+0000] {dag.py:3820} INFO - Setting next_dagrun for example_local_kubernetes_executor to None, run_after=None
[2024-01-17T15:15:08.628+0000] {processor.py:183} INFO - Processing /home/airflow/.local/lib/python3.8/site-packages/airflow/example_dags/example_local_kubernetes_executor.py took 0.161 seconds
[2024-01-17T15:15:39.603+0000] {processor.py:161} INFO - Started process (PID=337) to work on /home/airflow/.local/lib/python3.8/site-packages/airflow/example_dags/example_local_kubernetes_executor.py
[2024-01-17T15:15:39.605+0000] {processor.py:830} INFO - Processing file /home/airflow/.local/lib/python3.8/site-packages/airflow/example_dags/example_local_kubernetes_executor.py for tasks to queue
[2024-01-17T15:15:39.609+0000] {logging_mixin.py:188} INFO - [2024-01-17T15:15:39.608+0000] {dagbag.py:538} INFO - Filling up the DagBag from /home/airflow/.local/lib/python3.8/site-packages/airflow/example_dags/example_local_kubernetes_executor.py
[2024-01-17T15:15:39.620+0000] {processor.py:840} INFO - DAG(s) 'example_local_kubernetes_executor' retrieved from /home/airflow/.local/lib/python3.8/site-packages/airflow/example_dags/example_local_kubernetes_executor.py
[2024-01-17T15:15:39.664+0000] {logging_mixin.py:188} INFO - [2024-01-17T15:15:39.664+0000] {dag.py:3033} INFO - Sync 1 DAGs
[2024-01-17T15:15:39.683+0000] {logging_mixin.py:188} INFO - [2024-01-17T15:15:39.683+0000] {dag.py:3820} INFO - Setting next_dagrun for example_local_kubernetes_executor to None, run_after=None
[2024-01-17T15:15:39.745+0000] {processor.py:183} INFO - Processing /home/airflow/.local/lib/python3.8/site-packages/airflow/example_dags/example_local_kubernetes_executor.py took 0.151 seconds
[2024-01-17T15:16:09.942+0000] {processor.py:161} INFO - Started process (PID=392) to work on /home/airflow/.local/lib/python3.8/site-packages/airflow/example_dags/example_local_kubernetes_executor.py
[2024-01-17T15:16:09.944+0000] {processor.py:830} INFO - Processing file /home/airflow/.local/lib/python3.8/site-packages/airflow/example_dags/example_local_kubernetes_executor.py for tasks to queue
[2024-01-17T15:16:09.947+0000] {logging_mixin.py:188} INFO - [2024-01-17T15:16:09.946+0000] {dagbag.py:538} INFO - Filling up the DagBag from /home/airflow/.local/lib/python3.8/site-packages/airflow/example_dags/example_local_kubernetes_executor.py
[2024-01-17T15:16:09.957+0000] {processor.py:840} INFO - DAG(s) 'example_local_kubernetes_executor' retrieved from /home/airflow/.local/lib/python3.8/site-packages/airflow/example_dags/example_local_kubernetes_executor.py
[2024-01-17T15:16:10.015+0000] {logging_mixin.py:188} INFO - [2024-01-17T15:16:10.014+0000] {dag.py:3033} INFO - Sync 1 DAGs
[2024-01-17T15:16:10.069+0000] {logging_mixin.py:188} INFO - [2024-01-17T15:16:10.068+0000] {dag.py:3820} INFO - Setting next_dagrun for example_local_kubernetes_executor to None, run_after=None
[2024-01-17T15:16:10.129+0000] {processor.py:183} INFO - Processing /home/airflow/.local/lib/python3.8/site-packages/airflow/example_dags/example_local_kubernetes_executor.py took 0.191 seconds
[2024-01-17T15:16:40.350+0000] {processor.py:161} INFO - Started process (PID=448) to work on /home/airflow/.local/lib/python3.8/site-packages/airflow/example_dags/example_local_kubernetes_executor.py
[2024-01-17T15:16:40.351+0000] {processor.py:830} INFO - Processing file /home/airflow/.local/lib/python3.8/site-packages/airflow/example_dags/example_local_kubernetes_executor.py for tasks to queue
[2024-01-17T15:16:40.354+0000] {logging_mixin.py:188} INFO - [2024-01-17T15:16:40.353+0000] {dagbag.py:538} INFO - Filling up the DagBag from /home/airflow/.local/lib/python3.8/site-packages/airflow/example_dags/example_local_kubernetes_executor.py
[2024-01-17T15:16:40.365+0000] {processor.py:840} INFO - DAG(s) 'example_local_kubernetes_executor' retrieved from /home/airflow/.local/lib/python3.8/site-packages/airflow/example_dags/example_local_kubernetes_executor.py
[2024-01-17T15:16:40.433+0000] {logging_mixin.py:188} INFO - [2024-01-17T15:16:40.433+0000] {dag.py:3033} INFO - Sync 1 DAGs
[2024-01-17T15:16:40.463+0000] {logging_mixin.py:188} INFO - [2024-01-17T15:16:40.462+0000] {dag.py:3820} INFO - Setting next_dagrun for example_local_kubernetes_executor to None, run_after=None
[2024-01-17T15:16:40.498+0000] {processor.py:183} INFO - Processing /home/airflow/.local/lib/python3.8/site-packages/airflow/example_dags/example_local_kubernetes_executor.py took 0.153 seconds
[2024-01-17T15:17:10.816+0000] {processor.py:161} INFO - Started process (PID=502) to work on /home/airflow/.local/lib/python3.8/site-packages/airflow/example_dags/example_local_kubernetes_executor.py
[2024-01-17T15:17:10.818+0000] {processor.py:830} INFO - Processing file /home/airflow/.local/lib/python3.8/site-packages/airflow/example_dags/example_local_kubernetes_executor.py for tasks to queue
[2024-01-17T15:17:10.821+0000] {logging_mixin.py:188} INFO - [2024-01-17T15:17:10.820+0000] {dagbag.py:538} INFO - Filling up the DagBag from /home/airflow/.local/lib/python3.8/site-packages/airflow/example_dags/example_local_kubernetes_executor.py
[2024-01-17T15:17:10.829+0000] {processor.py:840} INFO - DAG(s) 'example_local_kubernetes_executor' retrieved from /home/airflow/.local/lib/python3.8/site-packages/airflow/example_dags/example_local_kubernetes_executor.py
[2024-01-17T15:17:10.879+0000] {logging_mixin.py:188} INFO - [2024-01-17T15:17:10.879+0000] {dag.py:3033} INFO - Sync 1 DAGs
[2024-01-17T15:17:10.922+0000] {logging_mixin.py:188} INFO - [2024-01-17T15:17:10.922+0000] {dag.py:3820} INFO - Setting next_dagrun for example_local_kubernetes_executor to None, run_after=None
[2024-01-17T15:17:10.996+0000] {processor.py:183} INFO - Processing /home/airflow/.local/lib/python3.8/site-packages/airflow/example_dags/example_local_kubernetes_executor.py took 0.185 seconds
[2024-01-17T15:17:41.059+0000] {processor.py:161} INFO - Started process (PID=557) to work on /home/airflow/.local/lib/python3.8/site-packages/airflow/example_dags/example_local_kubernetes_executor.py
[2024-01-17T15:17:41.060+0000] {processor.py:830} INFO - Processing file /home/airflow/.local/lib/python3.8/site-packages/airflow/example_dags/example_local_kubernetes_executor.py for tasks to queue
[2024-01-17T15:17:41.062+0000] {logging_mixin.py:188} INFO - [2024-01-17T15:17:41.062+0000] {dagbag.py:538} INFO - Filling up the DagBag from /home/airflow/.local/lib/python3.8/site-packages/airflow/example_dags/example_local_kubernetes_executor.py
[2024-01-17T15:17:41.069+0000] {processor.py:840} INFO - DAG(s) 'example_local_kubernetes_executor' retrieved from /home/airflow/.local/lib/python3.8/site-packages/airflow/example_dags/example_local_kubernetes_executor.py
[2024-01-17T15:17:41.110+0000] {logging_mixin.py:188} INFO - [2024-01-17T15:17:41.109+0000] {dag.py:3033} INFO - Sync 1 DAGs
[2024-01-17T15:17:41.125+0000] {logging_mixin.py:188} INFO - [2024-01-17T15:17:41.125+0000] {dag.py:3820} INFO - Setting next_dagrun for example_local_kubernetes_executor to None, run_after=None
[2024-01-17T15:17:41.147+0000] {processor.py:183} INFO - Processing /home/airflow/.local/lib/python3.8/site-packages/airflow/example_dags/example_local_kubernetes_executor.py took 0.091 seconds
[2024-01-17T15:18:11.193+0000] {processor.py:161} INFO - Started process (PID=612) to work on /home/airflow/.local/lib/python3.8/site-packages/airflow/example_dags/example_local_kubernetes_executor.py
[2024-01-17T15:18:11.194+0000] {processor.py:830} INFO - Processing file /home/airflow/.local/lib/python3.8/site-packages/airflow/example_dags/example_local_kubernetes_executor.py for tasks to queue
[2024-01-17T15:18:11.196+0000] {logging_mixin.py:188} INFO - [2024-01-17T15:18:11.196+0000] {dagbag.py:538} INFO - Filling up the DagBag from /home/airflow/.local/lib/python3.8/site-packages/airflow/example_dags/example_local_kubernetes_executor.py
[2024-01-17T15:18:11.205+0000] {processor.py:840} INFO - DAG(s) 'example_local_kubernetes_executor' retrieved from /home/airflow/.local/lib/python3.8/site-packages/airflow/example_dags/example_local_kubernetes_executor.py
[2024-01-17T15:18:11.242+0000] {logging_mixin.py:188} INFO - [2024-01-17T15:18:11.242+0000] {dag.py:3033} INFO - Sync 1 DAGs
[2024-01-17T15:18:11.257+0000] {logging_mixin.py:188} INFO - [2024-01-17T15:18:11.257+0000] {dag.py:3820} INFO - Setting next_dagrun for example_local_kubernetes_executor to None, run_after=None
[2024-01-17T15:18:11.278+0000] {processor.py:183} INFO - Processing /home/airflow/.local/lib/python3.8/site-packages/airflow/example_dags/example_local_kubernetes_executor.py took 0.090 seconds
[2024-01-17T15:18:41.621+0000] {processor.py:161} INFO - Started process (PID=667) to work on /home/airflow/.local/lib/python3.8/site-packages/airflow/example_dags/example_local_kubernetes_executor.py
[2024-01-17T15:18:41.622+0000] {processor.py:830} INFO - Processing file /home/airflow/.local/lib/python3.8/site-packages/airflow/example_dags/example_local_kubernetes_executor.py for tasks to queue
[2024-01-17T15:18:41.624+0000] {logging_mixin.py:188} INFO - [2024-01-17T15:18:41.624+0000] {dagbag.py:538} INFO - Filling up the DagBag from /home/airflow/.local/lib/python3.8/site-packages/airflow/example_dags/example_local_kubernetes_executor.py
[2024-01-17T15:18:41.633+0000] {processor.py:840} INFO - DAG(s) 'example_local_kubernetes_executor' retrieved from /home/airflow/.local/lib/python3.8/site-packages/airflow/example_dags/example_local_kubernetes_executor.py
[2024-01-17T15:18:41.680+0000] {logging_mixin.py:188} INFO - [2024-01-17T15:18:41.679+0000] {dag.py:3033} INFO - Sync 1 DAGs
[2024-01-17T15:18:41.697+0000] {logging_mixin.py:188} INFO - [2024-01-17T15:18:41.697+0000] {dag.py:3820} INFO - Setting next_dagrun for example_local_kubernetes_executor to None, run_after=None
[2024-01-17T15:18:41.809+0000] {processor.py:183} INFO - Processing /home/airflow/.local/lib/python3.8/site-packages/airflow/example_dags/example_local_kubernetes_executor.py took 0.193 seconds
[2024-01-17T15:19:14.137+0000] {processor.py:161} INFO - Started process (PID=721) to work on /home/airflow/.local/lib/python3.8/site-packages/airflow/example_dags/example_local_kubernetes_executor.py
[2024-01-17T15:19:14.141+0000] {processor.py:830} INFO - Processing file /home/airflow/.local/lib/python3.8/site-packages/airflow/example_dags/example_local_kubernetes_executor.py for tasks to queue
[2024-01-17T15:19:14.149+0000] {logging_mixin.py:188} INFO - [2024-01-17T15:19:14.145+0000] {dagbag.py:538} INFO - Filling up the DagBag from /home/airflow/.local/lib/python3.8/site-packages/airflow/example_dags/example_local_kubernetes_executor.py
[2024-01-17T15:19:14.183+0000] {processor.py:840} INFO - DAG(s) 'example_local_kubernetes_executor' retrieved from /home/airflow/.local/lib/python3.8/site-packages/airflow/example_dags/example_local_kubernetes_executor.py
[2024-01-17T15:19:14.546+0000] {logging_mixin.py:188} INFO - [2024-01-17T15:19:14.515+0000] {dag.py:3033} INFO - Sync 1 DAGs
[2024-01-17T15:19:14.593+0000] {logging_mixin.py:188} INFO - [2024-01-17T15:19:14.593+0000] {dag.py:3820} INFO - Setting next_dagrun for example_local_kubernetes_executor to None, run_after=None
[2024-01-17T15:19:14.759+0000] {processor.py:183} INFO - Processing /home/airflow/.local/lib/python3.8/site-packages/airflow/example_dags/example_local_kubernetes_executor.py took 0.653 seconds
[2024-01-17T15:19:45.509+0000] {processor.py:161} INFO - Started process (PID=776) to work on /home/airflow/.local/lib/python3.8/site-packages/airflow/example_dags/example_local_kubernetes_executor.py
[2024-01-17T15:19:45.525+0000] {processor.py:830} INFO - Processing file /home/airflow/.local/lib/python3.8/site-packages/airflow/example_dags/example_local_kubernetes_executor.py for tasks to queue
[2024-01-17T15:19:45.533+0000] {logging_mixin.py:188} INFO - [2024-01-17T15:19:45.532+0000] {dagbag.py:538} INFO - Filling up the DagBag from /home/airflow/.local/lib/python3.8/site-packages/airflow/example_dags/example_local_kubernetes_executor.py
[2024-01-17T15:19:45.554+0000] {processor.py:840} INFO - DAG(s) 'example_local_kubernetes_executor' retrieved from /home/airflow/.local/lib/python3.8/site-packages/airflow/example_dags/example_local_kubernetes_executor.py
[2024-01-17T15:19:45.623+0000] {logging_mixin.py:188} INFO - [2024-01-17T15:19:45.623+0000] {dag.py:3033} INFO - Sync 1 DAGs
[2024-01-17T15:19:45.646+0000] {logging_mixin.py:188} INFO - [2024-01-17T15:19:45.646+0000] {dag.py:3820} INFO - Setting next_dagrun for example_local_kubernetes_executor to None, run_after=None
[2024-01-17T15:19:45.710+0000] {processor.py:183} INFO - Processing /home/airflow/.local/lib/python3.8/site-packages/airflow/example_dags/example_local_kubernetes_executor.py took 0.223 seconds
[2024-01-17T15:20:15.894+0000] {processor.py:161} INFO - Started process (PID=831) to work on /home/airflow/.local/lib/python3.8/site-packages/airflow/example_dags/example_local_kubernetes_executor.py
[2024-01-17T15:20:15.898+0000] {processor.py:830} INFO - Processing file /home/airflow/.local/lib/python3.8/site-packages/airflow/example_dags/example_local_kubernetes_executor.py for tasks to queue
[2024-01-17T15:20:15.907+0000] {logging_mixin.py:188} INFO - [2024-01-17T15:20:15.906+0000] {dagbag.py:538} INFO - Filling up the DagBag from /home/airflow/.local/lib/python3.8/site-packages/airflow/example_dags/example_local_kubernetes_executor.py
[2024-01-17T15:20:15.935+0000] {processor.py:840} INFO - DAG(s) 'example_local_kubernetes_executor' retrieved from /home/airflow/.local/lib/python3.8/site-packages/airflow/example_dags/example_local_kubernetes_executor.py
[2024-01-17T15:20:15.988+0000] {logging_mixin.py:188} INFO - [2024-01-17T15:20:15.988+0000] {dag.py:3033} INFO - Sync 1 DAGs
[2024-01-17T15:20:16.004+0000] {logging_mixin.py:188} INFO - [2024-01-17T15:20:16.004+0000] {dag.py:3820} INFO - Setting next_dagrun for example_local_kubernetes_executor to None, run_after=None
[2024-01-17T15:20:16.026+0000] {processor.py:183} INFO - Processing /home/airflow/.local/lib/python3.8/site-packages/airflow/example_dags/example_local_kubernetes_executor.py took 0.151 seconds
[2024-01-17T15:20:46.114+0000] {processor.py:161} INFO - Started process (PID=885) to work on /home/airflow/.local/lib/python3.8/site-packages/airflow/example_dags/example_local_kubernetes_executor.py
[2024-01-17T15:20:46.115+0000] {processor.py:830} INFO - Processing file /home/airflow/.local/lib/python3.8/site-packages/airflow/example_dags/example_local_kubernetes_executor.py for tasks to queue
[2024-01-17T15:20:46.118+0000] {logging_mixin.py:188} INFO - [2024-01-17T15:20:46.118+0000] {dagbag.py:538} INFO - Filling up the DagBag from /home/airflow/.local/lib/python3.8/site-packages/airflow/example_dags/example_local_kubernetes_executor.py
[2024-01-17T15:20:46.126+0000] {processor.py:840} INFO - DAG(s) 'example_local_kubernetes_executor' retrieved from /home/airflow/.local/lib/python3.8/site-packages/airflow/example_dags/example_local_kubernetes_executor.py
[2024-01-17T15:20:46.165+0000] {logging_mixin.py:188} INFO - [2024-01-17T15:20:46.164+0000] {dag.py:3033} INFO - Sync 1 DAGs
[2024-01-17T15:20:46.180+0000] {logging_mixin.py:188} INFO - [2024-01-17T15:20:46.180+0000] {dag.py:3820} INFO - Setting next_dagrun for example_local_kubernetes_executor to None, run_after=None
[2024-01-17T15:20:46.200+0000] {processor.py:183} INFO - Processing /home/airflow/.local/lib/python3.8/site-packages/airflow/example_dags/example_local_kubernetes_executor.py took 0.089 seconds
[2024-01-17T15:21:16.661+0000] {processor.py:161} INFO - Started process (PID=940) to work on /home/airflow/.local/lib/python3.8/site-packages/airflow/example_dags/example_local_kubernetes_executor.py
[2024-01-17T15:21:16.663+0000] {processor.py:830} INFO - Processing file /home/airflow/.local/lib/python3.8/site-packages/airflow/example_dags/example_local_kubernetes_executor.py for tasks to queue
[2024-01-17T15:21:16.665+0000] {logging_mixin.py:188} INFO - [2024-01-17T15:21:16.665+0000] {dagbag.py:538} INFO - Filling up the DagBag from /home/airflow/.local/lib/python3.8/site-packages/airflow/example_dags/example_local_kubernetes_executor.py
[2024-01-17T15:21:16.678+0000] {processor.py:840} INFO - DAG(s) 'example_local_kubernetes_executor' retrieved from /home/airflow/.local/lib/python3.8/site-packages/airflow/example_dags/example_local_kubernetes_executor.py
[2024-01-17T15:21:16.738+0000] {logging_mixin.py:188} INFO - [2024-01-17T15:21:16.737+0000] {dag.py:3033} INFO - Sync 1 DAGs
[2024-01-17T15:21:16.755+0000] {logging_mixin.py:188} INFO - [2024-01-17T15:21:16.755+0000] {dag.py:3820} INFO - Setting next_dagrun for example_local_kubernetes_executor to None, run_after=None
[2024-01-17T15:21:16.780+0000] {processor.py:183} INFO - Processing /home/airflow/.local/lib/python3.8/site-packages/airflow/example_dags/example_local_kubernetes_executor.py took 0.124 seconds
[2024-01-17T15:21:47.205+0000] {processor.py:161} INFO - Started process (PID=994) to work on /home/airflow/.local/lib/python3.8/site-packages/airflow/example_dags/example_local_kubernetes_executor.py
[2024-01-17T15:21:47.206+0000] {processor.py:830} INFO - Processing file /home/airflow/.local/lib/python3.8/site-packages/airflow/example_dags/example_local_kubernetes_executor.py for tasks to queue
[2024-01-17T15:21:47.210+0000] {logging_mixin.py:188} INFO - [2024-01-17T15:21:47.209+0000] {dagbag.py:538} INFO - Filling up the DagBag from /home/airflow/.local/lib/python3.8/site-packages/airflow/example_dags/example_local_kubernetes_executor.py
[2024-01-17T15:21:47.222+0000] {processor.py:840} INFO - DAG(s) 'example_local_kubernetes_executor' retrieved from /home/airflow/.local/lib/python3.8/site-packages/airflow/example_dags/example_local_kubernetes_executor.py
[2024-01-17T15:21:47.297+0000] {logging_mixin.py:188} INFO - [2024-01-17T15:21:47.296+0000] {dag.py:3033} INFO - Sync 1 DAGs
[2024-01-17T15:21:47.341+0000] {logging_mixin.py:188} INFO - [2024-01-17T15:21:47.340+0000] {dag.py:3820} INFO - Setting next_dagrun for example_local_kubernetes_executor to None, run_after=None
[2024-01-17T15:21:47.385+0000] {processor.py:183} INFO - Processing /home/airflow/.local/lib/python3.8/site-packages/airflow/example_dags/example_local_kubernetes_executor.py took 0.186 seconds
[2024-01-17T15:22:17.850+0000] {processor.py:161} INFO - Started process (PID=1046) to work on /home/airflow/.local/lib/python3.8/site-packages/airflow/example_dags/example_local_kubernetes_executor.py
[2024-01-17T15:22:17.853+0000] {processor.py:830} INFO - Processing file /home/airflow/.local/lib/python3.8/site-packages/airflow/example_dags/example_local_kubernetes_executor.py for tasks to queue
[2024-01-17T15:22:17.859+0000] {logging_mixin.py:188} INFO - [2024-01-17T15:22:17.857+0000] {dagbag.py:538} INFO - Filling up the DagBag from /home/airflow/.local/lib/python3.8/site-packages/airflow/example_dags/example_local_kubernetes_executor.py
[2024-01-17T15:22:17.915+0000] {processor.py:840} INFO - DAG(s) 'example_local_kubernetes_executor' retrieved from /home/airflow/.local/lib/python3.8/site-packages/airflow/example_dags/example_local_kubernetes_executor.py
[2024-01-17T15:22:18.571+0000] {logging_mixin.py:188} INFO - [2024-01-17T15:22:18.570+0000] {dag.py:3033} INFO - Sync 1 DAGs
[2024-01-17T15:22:18.689+0000] {logging_mixin.py:188} INFO - [2024-01-17T15:22:18.677+0000] {dag.py:3820} INFO - Setting next_dagrun for example_local_kubernetes_executor to None, run_after=None
[2024-01-17T15:22:19.273+0000] {processor.py:183} INFO - Processing /home/airflow/.local/lib/python3.8/site-packages/airflow/example_dags/example_local_kubernetes_executor.py took 1.432 seconds
[2024-01-17T15:25:14.171+0000] {processor.py:161} INFO - Started process (PID=56) to work on /home/airflow/.local/lib/python3.8/site-packages/airflow/example_dags/example_local_kubernetes_executor.py
[2024-01-17T15:25:14.176+0000] {processor.py:830} INFO - Processing file /home/airflow/.local/lib/python3.8/site-packages/airflow/example_dags/example_local_kubernetes_executor.py for tasks to queue
[2024-01-17T15:25:14.180+0000] {logging_mixin.py:188} INFO - [2024-01-17T15:25:14.179+0000] {dagbag.py:538} INFO - Filling up the DagBag from /home/airflow/.local/lib/python3.8/site-packages/airflow/example_dags/example_local_kubernetes_executor.py
[2024-01-17T15:25:14.202+0000] {processor.py:840} INFO - DAG(s) 'example_local_kubernetes_executor' retrieved from /home/airflow/.local/lib/python3.8/site-packages/airflow/example_dags/example_local_kubernetes_executor.py
[2024-01-17T15:25:14.385+0000] {logging_mixin.py:188} INFO - [2024-01-17T15:25:14.384+0000] {dag.py:3033} INFO - Sync 1 DAGs
[2024-01-17T15:25:14.442+0000] {logging_mixin.py:188} INFO - [2024-01-17T15:25:14.441+0000] {dag.py:3820} INFO - Setting next_dagrun for example_local_kubernetes_executor to None, run_after=None
[2024-01-17T15:25:14.581+0000] {processor.py:183} INFO - Processing /home/airflow/.local/lib/python3.8/site-packages/airflow/example_dags/example_local_kubernetes_executor.py took 0.421 seconds
[2024-01-17T15:25:45.122+0000] {processor.py:161} INFO - Started process (PID=111) to work on /home/airflow/.local/lib/python3.8/site-packages/airflow/example_dags/example_local_kubernetes_executor.py
[2024-01-17T15:25:45.129+0000] {processor.py:830} INFO - Processing file /home/airflow/.local/lib/python3.8/site-packages/airflow/example_dags/example_local_kubernetes_executor.py for tasks to queue
[2024-01-17T15:25:45.131+0000] {logging_mixin.py:188} INFO - [2024-01-17T15:25:45.131+0000] {dagbag.py:538} INFO - Filling up the DagBag from /home/airflow/.local/lib/python3.8/site-packages/airflow/example_dags/example_local_kubernetes_executor.py
[2024-01-17T15:25:45.156+0000] {processor.py:840} INFO - DAG(s) 'example_local_kubernetes_executor' retrieved from /home/airflow/.local/lib/python3.8/site-packages/airflow/example_dags/example_local_kubernetes_executor.py
[2024-01-17T15:25:45.320+0000] {logging_mixin.py:188} INFO - [2024-01-17T15:25:45.319+0000] {dag.py:3033} INFO - Sync 1 DAGs
[2024-01-17T15:25:45.348+0000] {logging_mixin.py:188} INFO - [2024-01-17T15:25:45.348+0000] {dag.py:3820} INFO - Setting next_dagrun for example_local_kubernetes_executor to None, run_after=None
[2024-01-17T15:25:45.432+0000] {processor.py:183} INFO - Processing /home/airflow/.local/lib/python3.8/site-packages/airflow/example_dags/example_local_kubernetes_executor.py took 0.330 seconds
[2024-01-17T15:26:15.997+0000] {processor.py:161} INFO - Started process (PID=167) to work on /home/airflow/.local/lib/python3.8/site-packages/airflow/example_dags/example_local_kubernetes_executor.py
[2024-01-17T15:26:15.999+0000] {processor.py:830} INFO - Processing file /home/airflow/.local/lib/python3.8/site-packages/airflow/example_dags/example_local_kubernetes_executor.py for tasks to queue
[2024-01-17T15:26:16.008+0000] {logging_mixin.py:188} INFO - [2024-01-17T15:26:16.002+0000] {dagbag.py:538} INFO - Filling up the DagBag from /home/airflow/.local/lib/python3.8/site-packages/airflow/example_dags/example_local_kubernetes_executor.py
[2024-01-17T15:26:16.027+0000] {processor.py:840} INFO - DAG(s) 'example_local_kubernetes_executor' retrieved from /home/airflow/.local/lib/python3.8/site-packages/airflow/example_dags/example_local_kubernetes_executor.py
[2024-01-17T15:26:16.256+0000] {logging_mixin.py:188} INFO - [2024-01-17T15:26:16.255+0000] {dag.py:3033} INFO - Sync 1 DAGs
[2024-01-17T15:26:16.356+0000] {logging_mixin.py:188} INFO - [2024-01-17T15:26:16.356+0000] {dag.py:3820} INFO - Setting next_dagrun for example_local_kubernetes_executor to None, run_after=None
[2024-01-17T15:26:16.525+0000] {processor.py:183} INFO - Processing /home/airflow/.local/lib/python3.8/site-packages/airflow/example_dags/example_local_kubernetes_executor.py took 0.538 seconds
[2024-01-17T15:26:47.175+0000] {processor.py:161} INFO - Started process (PID=223) to work on /home/airflow/.local/lib/python3.8/site-packages/airflow/example_dags/example_local_kubernetes_executor.py
[2024-01-17T15:26:47.180+0000] {processor.py:830} INFO - Processing file /home/airflow/.local/lib/python3.8/site-packages/airflow/example_dags/example_local_kubernetes_executor.py for tasks to queue
[2024-01-17T15:26:47.182+0000] {logging_mixin.py:188} INFO - [2024-01-17T15:26:47.182+0000] {dagbag.py:538} INFO - Filling up the DagBag from /home/airflow/.local/lib/python3.8/site-packages/airflow/example_dags/example_local_kubernetes_executor.py
[2024-01-17T15:26:47.214+0000] {processor.py:840} INFO - DAG(s) 'example_local_kubernetes_executor' retrieved from /home/airflow/.local/lib/python3.8/site-packages/airflow/example_dags/example_local_kubernetes_executor.py
[2024-01-17T15:26:47.371+0000] {logging_mixin.py:188} INFO - [2024-01-17T15:26:47.371+0000] {dag.py:3033} INFO - Sync 1 DAGs
[2024-01-17T15:26:47.408+0000] {logging_mixin.py:188} INFO - [2024-01-17T15:26:47.407+0000] {dag.py:3820} INFO - Setting next_dagrun for example_local_kubernetes_executor to None, run_after=None
[2024-01-17T15:26:47.545+0000] {processor.py:183} INFO - Processing /home/airflow/.local/lib/python3.8/site-packages/airflow/example_dags/example_local_kubernetes_executor.py took 0.377 seconds
[2024-01-17T15:27:17.673+0000] {processor.py:161} INFO - Started process (PID=279) to work on /home/airflow/.local/lib/python3.8/site-packages/airflow/example_dags/example_local_kubernetes_executor.py
[2024-01-17T15:27:17.700+0000] {processor.py:830} INFO - Processing file /home/airflow/.local/lib/python3.8/site-packages/airflow/example_dags/example_local_kubernetes_executor.py for tasks to queue
[2024-01-17T15:27:17.703+0000] {logging_mixin.py:188} INFO - [2024-01-17T15:27:17.702+0000] {dagbag.py:538} INFO - Filling up the DagBag from /home/airflow/.local/lib/python3.8/site-packages/airflow/example_dags/example_local_kubernetes_executor.py
[2024-01-17T15:27:17.731+0000] {processor.py:840} INFO - DAG(s) 'example_local_kubernetes_executor' retrieved from /home/airflow/.local/lib/python3.8/site-packages/airflow/example_dags/example_local_kubernetes_executor.py
[2024-01-17T15:27:17.890+0000] {logging_mixin.py:188} INFO - [2024-01-17T15:27:17.890+0000] {dag.py:3033} INFO - Sync 1 DAGs
[2024-01-17T15:27:17.949+0000] {logging_mixin.py:188} INFO - [2024-01-17T15:27:17.948+0000] {dag.py:3820} INFO - Setting next_dagrun for example_local_kubernetes_executor to None, run_after=None
[2024-01-17T15:27:18.107+0000] {processor.py:183} INFO - Processing /home/airflow/.local/lib/python3.8/site-packages/airflow/example_dags/example_local_kubernetes_executor.py took 0.447 seconds
[2024-01-17T15:27:52.429+0000] {processor.py:161} INFO - Started process (PID=334) to work on /home/airflow/.local/lib/python3.8/site-packages/airflow/example_dags/example_local_kubernetes_executor.py
[2024-01-17T15:27:52.449+0000] {processor.py:830} INFO - Processing file /home/airflow/.local/lib/python3.8/site-packages/airflow/example_dags/example_local_kubernetes_executor.py for tasks to queue
[2024-01-17T15:27:52.452+0000] {logging_mixin.py:188} INFO - [2024-01-17T15:27:52.452+0000] {dagbag.py:538} INFO - Filling up the DagBag from /home/airflow/.local/lib/python3.8/site-packages/airflow/example_dags/example_local_kubernetes_executor.py
[2024-01-17T15:27:52.485+0000] {processor.py:840} INFO - DAG(s) 'example_local_kubernetes_executor' retrieved from /home/airflow/.local/lib/python3.8/site-packages/airflow/example_dags/example_local_kubernetes_executor.py
[2024-01-17T15:27:52.602+0000] {logging_mixin.py:188} INFO - [2024-01-17T15:27:52.602+0000] {dag.py:3033} INFO - Sync 1 DAGs
[2024-01-17T15:27:52.624+0000] {logging_mixin.py:188} INFO - [2024-01-17T15:27:52.624+0000] {dag.py:3820} INFO - Setting next_dagrun for example_local_kubernetes_executor to None, run_after=None
[2024-01-17T15:27:52.670+0000] {processor.py:183} INFO - Processing /home/airflow/.local/lib/python3.8/site-packages/airflow/example_dags/example_local_kubernetes_executor.py took 0.245 seconds
[2024-01-17T15:28:33.905+0000] {processor.py:161} INFO - Started process (PID=389) to work on /home/airflow/.local/lib/python3.8/site-packages/airflow/example_dags/example_local_kubernetes_executor.py
[2024-01-17T15:28:33.906+0000] {processor.py:830} INFO - Processing file /home/airflow/.local/lib/python3.8/site-packages/airflow/example_dags/example_local_kubernetes_executor.py for tasks to queue
[2024-01-17T15:28:33.909+0000] {logging_mixin.py:188} INFO - [2024-01-17T15:28:33.909+0000] {dagbag.py:538} INFO - Filling up the DagBag from /home/airflow/.local/lib/python3.8/site-packages/airflow/example_dags/example_local_kubernetes_executor.py
[2024-01-17T15:28:33.938+0000] {processor.py:840} INFO - DAG(s) 'example_local_kubernetes_executor' retrieved from /home/airflow/.local/lib/python3.8/site-packages/airflow/example_dags/example_local_kubernetes_executor.py
[2024-01-17T15:28:33.966+0000] {logging_mixin.py:188} INFO - [2024-01-17T15:28:33.966+0000] {dag.py:3033} INFO - Sync 1 DAGs
[2024-01-17T15:28:34.037+0000] {logging_mixin.py:188} INFO - [2024-01-17T15:28:34.036+0000] {dag.py:3820} INFO - Setting next_dagrun for example_local_kubernetes_executor to None, run_after=None
[2024-01-17T15:28:34.131+0000] {processor.py:183} INFO - Processing /home/airflow/.local/lib/python3.8/site-packages/airflow/example_dags/example_local_kubernetes_executor.py took 0.235 seconds
[2024-01-17T15:29:04.680+0000] {processor.py:161} INFO - Started process (PID=445) to work on /home/airflow/.local/lib/python3.8/site-packages/airflow/example_dags/example_local_kubernetes_executor.py
[2024-01-17T15:29:04.694+0000] {processor.py:830} INFO - Processing file /home/airflow/.local/lib/python3.8/site-packages/airflow/example_dags/example_local_kubernetes_executor.py for tasks to queue
[2024-01-17T15:29:04.698+0000] {logging_mixin.py:188} INFO - [2024-01-17T15:29:04.698+0000] {dagbag.py:538} INFO - Filling up the DagBag from /home/airflow/.local/lib/python3.8/site-packages/airflow/example_dags/example_local_kubernetes_executor.py
[2024-01-17T15:29:04.790+0000] {processor.py:840} INFO - DAG(s) 'example_local_kubernetes_executor' retrieved from /home/airflow/.local/lib/python3.8/site-packages/airflow/example_dags/example_local_kubernetes_executor.py
[2024-01-17T15:29:05.315+0000] {logging_mixin.py:188} INFO - [2024-01-17T15:29:05.314+0000] {dag.py:3033} INFO - Sync 1 DAGs
[2024-01-17T15:29:05.337+0000] {logging_mixin.py:188} INFO - [2024-01-17T15:29:05.337+0000] {dag.py:3820} INFO - Setting next_dagrun for example_local_kubernetes_executor to None, run_after=None
[2024-01-17T15:29:05.386+0000] {processor.py:183} INFO - Processing /home/airflow/.local/lib/python3.8/site-packages/airflow/example_dags/example_local_kubernetes_executor.py took 0.731 seconds
[2024-01-17T15:30:00.839+0000] {processor.py:161} INFO - Started process (PID=519) to work on /home/airflow/.local/lib/python3.8/site-packages/airflow/example_dags/example_local_kubernetes_executor.py
[2024-01-17T15:30:00.844+0000] {processor.py:830} INFO - Processing file /home/airflow/.local/lib/python3.8/site-packages/airflow/example_dags/example_local_kubernetes_executor.py for tasks to queue
[2024-01-17T15:30:00.851+0000] {logging_mixin.py:188} INFO - [2024-01-17T15:30:00.850+0000] {dagbag.py:538} INFO - Filling up the DagBag from /home/airflow/.local/lib/python3.8/site-packages/airflow/example_dags/example_local_kubernetes_executor.py
[2024-01-17T15:30:00.905+0000] {processor.py:840} INFO - DAG(s) 'example_local_kubernetes_executor' retrieved from /home/airflow/.local/lib/python3.8/site-packages/airflow/example_dags/example_local_kubernetes_executor.py
[2024-01-17T15:30:00.990+0000] {logging_mixin.py:188} INFO - [2024-01-17T15:30:00.990+0000] {dag.py:3033} INFO - Sync 1 DAGs
[2024-01-17T15:30:01.011+0000] {logging_mixin.py:188} INFO - [2024-01-17T15:30:01.010+0000] {dag.py:3820} INFO - Setting next_dagrun for example_local_kubernetes_executor to None, run_after=None
[2024-01-17T15:30:01.077+0000] {processor.py:183} INFO - Processing /home/airflow/.local/lib/python3.8/site-packages/airflow/example_dags/example_local_kubernetes_executor.py took 0.243 seconds
[2024-01-17T15:30:31.912+0000] {processor.py:161} INFO - Started process (PID=574) to work on /home/airflow/.local/lib/python3.8/site-packages/airflow/example_dags/example_local_kubernetes_executor.py
[2024-01-17T15:30:31.913+0000] {processor.py:830} INFO - Processing file /home/airflow/.local/lib/python3.8/site-packages/airflow/example_dags/example_local_kubernetes_executor.py for tasks to queue
[2024-01-17T15:30:31.926+0000] {logging_mixin.py:188} INFO - [2024-01-17T15:30:31.915+0000] {dagbag.py:538} INFO - Filling up the DagBag from /home/airflow/.local/lib/python3.8/site-packages/airflow/example_dags/example_local_kubernetes_executor.py
[2024-01-17T15:30:31.953+0000] {processor.py:840} INFO - DAG(s) 'example_local_kubernetes_executor' retrieved from /home/airflow/.local/lib/python3.8/site-packages/airflow/example_dags/example_local_kubernetes_executor.py
[2024-01-17T15:30:32.110+0000] {logging_mixin.py:188} INFO - [2024-01-17T15:30:32.110+0000] {dag.py:3033} INFO - Sync 1 DAGs
[2024-01-17T15:30:32.159+0000] {logging_mixin.py:188} INFO - [2024-01-17T15:30:32.159+0000] {dag.py:3820} INFO - Setting next_dagrun for example_local_kubernetes_executor to None, run_after=None
[2024-01-17T15:30:32.260+0000] {processor.py:183} INFO - Processing /home/airflow/.local/lib/python3.8/site-packages/airflow/example_dags/example_local_kubernetes_executor.py took 0.369 seconds
[2024-01-17T15:31:02.486+0000] {processor.py:161} INFO - Started process (PID=630) to work on /home/airflow/.local/lib/python3.8/site-packages/airflow/example_dags/example_local_kubernetes_executor.py
[2024-01-17T15:31:02.489+0000] {processor.py:830} INFO - Processing file /home/airflow/.local/lib/python3.8/site-packages/airflow/example_dags/example_local_kubernetes_executor.py for tasks to queue
[2024-01-17T15:31:02.493+0000] {logging_mixin.py:188} INFO - [2024-01-17T15:31:02.492+0000] {dagbag.py:538} INFO - Filling up the DagBag from /home/airflow/.local/lib/python3.8/site-packages/airflow/example_dags/example_local_kubernetes_executor.py
[2024-01-17T15:31:02.505+0000] {processor.py:840} INFO - DAG(s) 'example_local_kubernetes_executor' retrieved from /home/airflow/.local/lib/python3.8/site-packages/airflow/example_dags/example_local_kubernetes_executor.py
[2024-01-17T15:31:02.566+0000] {logging_mixin.py:188} INFO - [2024-01-17T15:31:02.566+0000] {dag.py:3033} INFO - Sync 1 DAGs
[2024-01-17T15:31:02.587+0000] {logging_mixin.py:188} INFO - [2024-01-17T15:31:02.587+0000] {dag.py:3820} INFO - Setting next_dagrun for example_local_kubernetes_executor to None, run_after=None
[2024-01-17T15:31:02.622+0000] {processor.py:183} INFO - Processing /home/airflow/.local/lib/python3.8/site-packages/airflow/example_dags/example_local_kubernetes_executor.py took 0.141 seconds
[2024-01-17T15:31:32.825+0000] {processor.py:161} INFO - Started process (PID=685) to work on /home/airflow/.local/lib/python3.8/site-packages/airflow/example_dags/example_local_kubernetes_executor.py
[2024-01-17T15:31:32.826+0000] {processor.py:830} INFO - Processing file /home/airflow/.local/lib/python3.8/site-packages/airflow/example_dags/example_local_kubernetes_executor.py for tasks to queue
[2024-01-17T15:31:32.829+0000] {logging_mixin.py:188} INFO - [2024-01-17T15:31:32.828+0000] {dagbag.py:538} INFO - Filling up the DagBag from /home/airflow/.local/lib/python3.8/site-packages/airflow/example_dags/example_local_kubernetes_executor.py
[2024-01-17T15:31:32.837+0000] {processor.py:840} INFO - DAG(s) 'example_local_kubernetes_executor' retrieved from /home/airflow/.local/lib/python3.8/site-packages/airflow/example_dags/example_local_kubernetes_executor.py
[2024-01-17T15:31:32.885+0000] {logging_mixin.py:188} INFO - [2024-01-17T15:31:32.885+0000] {dag.py:3033} INFO - Sync 1 DAGs
[2024-01-17T15:31:32.908+0000] {logging_mixin.py:188} INFO - [2024-01-17T15:31:32.907+0000] {dag.py:3820} INFO - Setting next_dagrun for example_local_kubernetes_executor to None, run_after=None
[2024-01-17T15:31:32.931+0000] {processor.py:183} INFO - Processing /home/airflow/.local/lib/python3.8/site-packages/airflow/example_dags/example_local_kubernetes_executor.py took 0.110 seconds
[2024-01-17T15:32:03.962+0000] {processor.py:161} INFO - Started process (PID=740) to work on /home/airflow/.local/lib/python3.8/site-packages/airflow/example_dags/example_local_kubernetes_executor.py
[2024-01-17T15:32:03.963+0000] {processor.py:830} INFO - Processing file /home/airflow/.local/lib/python3.8/site-packages/airflow/example_dags/example_local_kubernetes_executor.py for tasks to queue
[2024-01-17T15:32:03.969+0000] {logging_mixin.py:188} INFO - [2024-01-17T15:32:03.968+0000] {dagbag.py:538} INFO - Filling up the DagBag from /home/airflow/.local/lib/python3.8/site-packages/airflow/example_dags/example_local_kubernetes_executor.py
[2024-01-17T15:32:03.981+0000] {processor.py:840} INFO - DAG(s) 'example_local_kubernetes_executor' retrieved from /home/airflow/.local/lib/python3.8/site-packages/airflow/example_dags/example_local_kubernetes_executor.py
[2024-01-17T15:32:04.043+0000] {logging_mixin.py:188} INFO - [2024-01-17T15:32:04.042+0000] {dag.py:3033} INFO - Sync 1 DAGs
[2024-01-17T15:32:04.063+0000] {logging_mixin.py:188} INFO - [2024-01-17T15:32:04.063+0000] {dag.py:3820} INFO - Setting next_dagrun for example_local_kubernetes_executor to None, run_after=None
[2024-01-17T15:32:04.093+0000] {processor.py:183} INFO - Processing /home/airflow/.local/lib/python3.8/site-packages/airflow/example_dags/example_local_kubernetes_executor.py took 0.139 seconds
[2024-01-17T15:32:34.349+0000] {processor.py:161} INFO - Started process (PID=796) to work on /home/airflow/.local/lib/python3.8/site-packages/airflow/example_dags/example_local_kubernetes_executor.py
[2024-01-17T15:32:34.351+0000] {processor.py:830} INFO - Processing file /home/airflow/.local/lib/python3.8/site-packages/airflow/example_dags/example_local_kubernetes_executor.py for tasks to queue
[2024-01-17T15:32:34.353+0000] {logging_mixin.py:188} INFO - [2024-01-17T15:32:34.353+0000] {dagbag.py:538} INFO - Filling up the DagBag from /home/airflow/.local/lib/python3.8/site-packages/airflow/example_dags/example_local_kubernetes_executor.py
[2024-01-17T15:32:34.364+0000] {processor.py:840} INFO - DAG(s) 'example_local_kubernetes_executor' retrieved from /home/airflow/.local/lib/python3.8/site-packages/airflow/example_dags/example_local_kubernetes_executor.py
[2024-01-17T15:32:34.413+0000] {logging_mixin.py:188} INFO - [2024-01-17T15:32:34.413+0000] {dag.py:3033} INFO - Sync 1 DAGs
[2024-01-17T15:32:34.426+0000] {logging_mixin.py:188} INFO - [2024-01-17T15:32:34.426+0000] {dag.py:3820} INFO - Setting next_dagrun for example_local_kubernetes_executor to None, run_after=None
[2024-01-17T15:32:34.491+0000] {processor.py:183} INFO - Processing /home/airflow/.local/lib/python3.8/site-packages/airflow/example_dags/example_local_kubernetes_executor.py took 0.147 seconds
