[2024-01-17T15:13:11.139+0000] {processor.py:161} INFO - Started process (PID=78) to work on /home/airflow/.local/lib/python3.8/site-packages/airflow/example_dags/example_branch_labels.py
[2024-01-17T15:13:11.141+0000] {processor.py:830} INFO - Processing file /home/airflow/.local/lib/python3.8/site-packages/airflow/example_dags/example_branch_labels.py for tasks to queue
[2024-01-17T15:13:11.144+0000] {logging_mixin.py:188} INFO - [2024-01-17T15:13:11.144+0000] {dagbag.py:538} INFO - Filling up the DagBag from /home/airflow/.local/lib/python3.8/site-packages/airflow/example_dags/example_branch_labels.py
[2024-01-17T15:13:11.161+0000] {processor.py:840} INFO - DAG(s) 'example_branch_labels' retrieved from /home/airflow/.local/lib/python3.8/site-packages/airflow/example_dags/example_branch_labels.py
[2024-01-17T15:13:11.356+0000] {logging_mixin.py:188} INFO - [2024-01-17T15:13:11.355+0000] {dag.py:3033} INFO - Sync 1 DAGs
[2024-01-17T15:13:11.398+0000] {logging_mixin.py:188} INFO - [2024-01-17T15:13:11.398+0000] {dag.py:3820} INFO - Setting next_dagrun for example_branch_labels to 2024-01-16T00:00:00+00:00, run_after=2024-01-17T00:00:00+00:00
[2024-01-17T15:13:11.491+0000] {processor.py:183} INFO - Processing /home/airflow/.local/lib/python3.8/site-packages/airflow/example_dags/example_branch_labels.py took 0.357 seconds
[2024-01-17T15:13:42.452+0000] {processor.py:161} INFO - Started process (PID=133) to work on /home/airflow/.local/lib/python3.8/site-packages/airflow/example_dags/example_branch_labels.py
[2024-01-17T15:13:42.466+0000] {processor.py:830} INFO - Processing file /home/airflow/.local/lib/python3.8/site-packages/airflow/example_dags/example_branch_labels.py for tasks to queue
[2024-01-17T15:13:42.475+0000] {logging_mixin.py:188} INFO - [2024-01-17T15:13:42.474+0000] {dagbag.py:538} INFO - Filling up the DagBag from /home/airflow/.local/lib/python3.8/site-packages/airflow/example_dags/example_branch_labels.py
[2024-01-17T15:13:42.520+0000] {processor.py:840} INFO - DAG(s) 'example_branch_labels' retrieved from /home/airflow/.local/lib/python3.8/site-packages/airflow/example_dags/example_branch_labels.py
[2024-01-17T15:13:42.537+0000] {logging_mixin.py:188} INFO - [2024-01-17T15:13:42.536+0000] {dag.py:3033} INFO - Sync 1 DAGs
[2024-01-17T15:13:42.601+0000] {logging_mixin.py:188} INFO - [2024-01-17T15:13:42.601+0000] {dag.py:3820} INFO - Setting next_dagrun for example_branch_labels to 2024-01-16T00:00:00+00:00, run_after=2024-01-17T00:00:00+00:00
[2024-01-17T15:13:42.761+0000] {processor.py:183} INFO - Processing /home/airflow/.local/lib/python3.8/site-packages/airflow/example_dags/example_branch_labels.py took 0.321 seconds
[2024-01-17T15:14:13.592+0000] {processor.py:161} INFO - Started process (PID=193) to work on /home/airflow/.local/lib/python3.8/site-packages/airflow/example_dags/example_branch_labels.py
[2024-01-17T15:14:13.593+0000] {processor.py:830} INFO - Processing file /home/airflow/.local/lib/python3.8/site-packages/airflow/example_dags/example_branch_labels.py for tasks to queue
[2024-01-17T15:14:13.596+0000] {logging_mixin.py:188} INFO - [2024-01-17T15:14:13.596+0000] {dagbag.py:538} INFO - Filling up the DagBag from /home/airflow/.local/lib/python3.8/site-packages/airflow/example_dags/example_branch_labels.py
[2024-01-17T15:14:13.605+0000] {processor.py:840} INFO - DAG(s) 'example_branch_labels' retrieved from /home/airflow/.local/lib/python3.8/site-packages/airflow/example_dags/example_branch_labels.py
[2024-01-17T15:14:13.812+0000] {logging_mixin.py:188} INFO - [2024-01-17T15:14:13.811+0000] {dag.py:3033} INFO - Sync 1 DAGs
[2024-01-17T15:14:13.852+0000] {logging_mixin.py:188} INFO - [2024-01-17T15:14:13.852+0000] {dag.py:3820} INFO - Setting next_dagrun for example_branch_labels to 2024-01-16T00:00:00+00:00, run_after=2024-01-17T00:00:00+00:00
[2024-01-17T15:14:13.887+0000] {processor.py:183} INFO - Processing /home/airflow/.local/lib/python3.8/site-packages/airflow/example_dags/example_branch_labels.py took 0.298 seconds
[2024-01-17T15:14:44.522+0000] {processor.py:161} INFO - Started process (PID=248) to work on /home/airflow/.local/lib/python3.8/site-packages/airflow/example_dags/example_branch_labels.py
[2024-01-17T15:14:44.523+0000] {processor.py:830} INFO - Processing file /home/airflow/.local/lib/python3.8/site-packages/airflow/example_dags/example_branch_labels.py for tasks to queue
[2024-01-17T15:14:44.526+0000] {logging_mixin.py:188} INFO - [2024-01-17T15:14:44.526+0000] {dagbag.py:538} INFO - Filling up the DagBag from /home/airflow/.local/lib/python3.8/site-packages/airflow/example_dags/example_branch_labels.py
[2024-01-17T15:14:44.540+0000] {processor.py:840} INFO - DAG(s) 'example_branch_labels' retrieved from /home/airflow/.local/lib/python3.8/site-packages/airflow/example_dags/example_branch_labels.py
[2024-01-17T15:14:44.570+0000] {logging_mixin.py:188} INFO - [2024-01-17T15:14:44.569+0000] {dag.py:3033} INFO - Sync 1 DAGs
[2024-01-17T15:14:44.615+0000] {logging_mixin.py:188} INFO - [2024-01-17T15:14:44.614+0000] {dag.py:3820} INFO - Setting next_dagrun for example_branch_labels to 2024-01-16T00:00:00+00:00, run_after=2024-01-17T00:00:00+00:00
[2024-01-17T15:14:44.638+0000] {processor.py:183} INFO - Processing /home/airflow/.local/lib/python3.8/site-packages/airflow/example_dags/example_branch_labels.py took 0.121 seconds
[2024-01-17T15:15:15.252+0000] {processor.py:161} INFO - Started process (PID=302) to work on /home/airflow/.local/lib/python3.8/site-packages/airflow/example_dags/example_branch_labels.py
[2024-01-17T15:15:15.260+0000] {processor.py:830} INFO - Processing file /home/airflow/.local/lib/python3.8/site-packages/airflow/example_dags/example_branch_labels.py for tasks to queue
[2024-01-17T15:15:15.264+0000] {logging_mixin.py:188} INFO - [2024-01-17T15:15:15.263+0000] {dagbag.py:538} INFO - Filling up the DagBag from /home/airflow/.local/lib/python3.8/site-packages/airflow/example_dags/example_branch_labels.py
[2024-01-17T15:15:15.285+0000] {processor.py:840} INFO - DAG(s) 'example_branch_labels' retrieved from /home/airflow/.local/lib/python3.8/site-packages/airflow/example_dags/example_branch_labels.py
[2024-01-17T15:15:15.317+0000] {logging_mixin.py:188} INFO - [2024-01-17T15:15:15.317+0000] {dag.py:3033} INFO - Sync 1 DAGs
[2024-01-17T15:15:15.358+0000] {logging_mixin.py:188} INFO - [2024-01-17T15:15:15.357+0000] {dag.py:3820} INFO - Setting next_dagrun for example_branch_labels to 2024-01-16T00:00:00+00:00, run_after=2024-01-17T00:00:00+00:00
[2024-01-17T15:15:15.386+0000] {processor.py:183} INFO - Processing /home/airflow/.local/lib/python3.8/site-packages/airflow/example_dags/example_branch_labels.py took 0.149 seconds
[2024-01-17T15:15:45.500+0000] {processor.py:161} INFO - Started process (PID=357) to work on /home/airflow/.local/lib/python3.8/site-packages/airflow/example_dags/example_branch_labels.py
[2024-01-17T15:15:45.501+0000] {processor.py:830} INFO - Processing file /home/airflow/.local/lib/python3.8/site-packages/airflow/example_dags/example_branch_labels.py for tasks to queue
[2024-01-17T15:15:45.503+0000] {logging_mixin.py:188} INFO - [2024-01-17T15:15:45.503+0000] {dagbag.py:538} INFO - Filling up the DagBag from /home/airflow/.local/lib/python3.8/site-packages/airflow/example_dags/example_branch_labels.py
[2024-01-17T15:15:45.513+0000] {processor.py:840} INFO - DAG(s) 'example_branch_labels' retrieved from /home/airflow/.local/lib/python3.8/site-packages/airflow/example_dags/example_branch_labels.py
[2024-01-17T15:15:45.540+0000] {logging_mixin.py:188} INFO - [2024-01-17T15:15:45.540+0000] {dag.py:3033} INFO - Sync 1 DAGs
[2024-01-17T15:15:45.576+0000] {logging_mixin.py:188} INFO - [2024-01-17T15:15:45.575+0000] {dag.py:3820} INFO - Setting next_dagrun for example_branch_labels to 2024-01-16T00:00:00+00:00, run_after=2024-01-17T00:00:00+00:00
[2024-01-17T15:15:45.845+0000] {processor.py:183} INFO - Processing /home/airflow/.local/lib/python3.8/site-packages/airflow/example_dags/example_branch_labels.py took 0.349 seconds
[2024-01-17T15:16:16.331+0000] {processor.py:161} INFO - Started process (PID=412) to work on /home/airflow/.local/lib/python3.8/site-packages/airflow/example_dags/example_branch_labels.py
[2024-01-17T15:16:16.333+0000] {processor.py:830} INFO - Processing file /home/airflow/.local/lib/python3.8/site-packages/airflow/example_dags/example_branch_labels.py for tasks to queue
[2024-01-17T15:16:16.337+0000] {logging_mixin.py:188} INFO - [2024-01-17T15:16:16.336+0000] {dagbag.py:538} INFO - Filling up the DagBag from /home/airflow/.local/lib/python3.8/site-packages/airflow/example_dags/example_branch_labels.py
[2024-01-17T15:16:16.353+0000] {processor.py:840} INFO - DAG(s) 'example_branch_labels' retrieved from /home/airflow/.local/lib/python3.8/site-packages/airflow/example_dags/example_branch_labels.py
[2024-01-17T15:16:16.388+0000] {logging_mixin.py:188} INFO - [2024-01-17T15:16:16.387+0000] {dag.py:3033} INFO - Sync 1 DAGs
[2024-01-17T15:16:16.423+0000] {logging_mixin.py:188} INFO - [2024-01-17T15:16:16.423+0000] {dag.py:3820} INFO - Setting next_dagrun for example_branch_labels to 2024-01-16T00:00:00+00:00, run_after=2024-01-17T00:00:00+00:00
[2024-01-17T15:16:16.452+0000] {processor.py:183} INFO - Processing /home/airflow/.local/lib/python3.8/site-packages/airflow/example_dags/example_branch_labels.py took 0.125 seconds
[2024-01-17T15:16:47.069+0000] {processor.py:161} INFO - Started process (PID=466) to work on /home/airflow/.local/lib/python3.8/site-packages/airflow/example_dags/example_branch_labels.py
[2024-01-17T15:16:47.070+0000] {processor.py:830} INFO - Processing file /home/airflow/.local/lib/python3.8/site-packages/airflow/example_dags/example_branch_labels.py for tasks to queue
[2024-01-17T15:16:47.072+0000] {logging_mixin.py:188} INFO - [2024-01-17T15:16:47.071+0000] {dagbag.py:538} INFO - Filling up the DagBag from /home/airflow/.local/lib/python3.8/site-packages/airflow/example_dags/example_branch_labels.py
[2024-01-17T15:16:47.081+0000] {processor.py:840} INFO - DAG(s) 'example_branch_labels' retrieved from /home/airflow/.local/lib/python3.8/site-packages/airflow/example_dags/example_branch_labels.py
[2024-01-17T15:16:47.110+0000] {logging_mixin.py:188} INFO - [2024-01-17T15:16:47.110+0000] {dag.py:3033} INFO - Sync 1 DAGs
[2024-01-17T15:16:47.138+0000] {logging_mixin.py:188} INFO - [2024-01-17T15:16:47.138+0000] {dag.py:3820} INFO - Setting next_dagrun for example_branch_labels to 2024-01-16T00:00:00+00:00, run_after=2024-01-17T00:00:00+00:00
[2024-01-17T15:16:47.161+0000] {processor.py:183} INFO - Processing /home/airflow/.local/lib/python3.8/site-packages/airflow/example_dags/example_branch_labels.py took 0.096 seconds
[2024-01-17T15:17:18.290+0000] {processor.py:161} INFO - Started process (PID=521) to work on /home/airflow/.local/lib/python3.8/site-packages/airflow/example_dags/example_branch_labels.py
[2024-01-17T15:17:18.292+0000] {processor.py:830} INFO - Processing file /home/airflow/.local/lib/python3.8/site-packages/airflow/example_dags/example_branch_labels.py for tasks to queue
[2024-01-17T15:17:18.294+0000] {logging_mixin.py:188} INFO - [2024-01-17T15:17:18.294+0000] {dagbag.py:538} INFO - Filling up the DagBag from /home/airflow/.local/lib/python3.8/site-packages/airflow/example_dags/example_branch_labels.py
[2024-01-17T15:17:18.309+0000] {processor.py:840} INFO - DAG(s) 'example_branch_labels' retrieved from /home/airflow/.local/lib/python3.8/site-packages/airflow/example_dags/example_branch_labels.py
[2024-01-17T15:17:18.350+0000] {logging_mixin.py:188} INFO - [2024-01-17T15:17:18.349+0000] {dag.py:3033} INFO - Sync 1 DAGs
[2024-01-17T15:17:18.391+0000] {logging_mixin.py:188} INFO - [2024-01-17T15:17:18.391+0000] {dag.py:3820} INFO - Setting next_dagrun for example_branch_labels to 2024-01-16T00:00:00+00:00, run_after=2024-01-17T00:00:00+00:00
[2024-01-17T15:17:18.436+0000] {processor.py:183} INFO - Processing /home/airflow/.local/lib/python3.8/site-packages/airflow/example_dags/example_branch_labels.py took 0.152 seconds
[2024-01-17T15:17:49.114+0000] {processor.py:161} INFO - Started process (PID=576) to work on /home/airflow/.local/lib/python3.8/site-packages/airflow/example_dags/example_branch_labels.py
[2024-01-17T15:17:49.114+0000] {processor.py:830} INFO - Processing file /home/airflow/.local/lib/python3.8/site-packages/airflow/example_dags/example_branch_labels.py for tasks to queue
[2024-01-17T15:17:49.116+0000] {logging_mixin.py:188} INFO - [2024-01-17T15:17:49.116+0000] {dagbag.py:538} INFO - Filling up the DagBag from /home/airflow/.local/lib/python3.8/site-packages/airflow/example_dags/example_branch_labels.py
[2024-01-17T15:17:49.125+0000] {processor.py:840} INFO - DAG(s) 'example_branch_labels' retrieved from /home/airflow/.local/lib/python3.8/site-packages/airflow/example_dags/example_branch_labels.py
[2024-01-17T15:17:49.151+0000] {logging_mixin.py:188} INFO - [2024-01-17T15:17:49.151+0000] {dag.py:3033} INFO - Sync 1 DAGs
[2024-01-17T15:17:49.187+0000] {logging_mixin.py:188} INFO - [2024-01-17T15:17:49.186+0000] {dag.py:3820} INFO - Setting next_dagrun for example_branch_labels to 2024-01-16T00:00:00+00:00, run_after=2024-01-17T00:00:00+00:00
[2024-01-17T15:17:49.210+0000] {processor.py:183} INFO - Processing /home/airflow/.local/lib/python3.8/site-packages/airflow/example_dags/example_branch_labels.py took 0.100 seconds
[2024-01-17T15:18:20.038+0000] {processor.py:161} INFO - Started process (PID=631) to work on /home/airflow/.local/lib/python3.8/site-packages/airflow/example_dags/example_branch_labels.py
[2024-01-17T15:18:20.039+0000] {processor.py:830} INFO - Processing file /home/airflow/.local/lib/python3.8/site-packages/airflow/example_dags/example_branch_labels.py for tasks to queue
[2024-01-17T15:18:20.041+0000] {logging_mixin.py:188} INFO - [2024-01-17T15:18:20.041+0000] {dagbag.py:538} INFO - Filling up the DagBag from /home/airflow/.local/lib/python3.8/site-packages/airflow/example_dags/example_branch_labels.py
[2024-01-17T15:18:20.055+0000] {processor.py:840} INFO - DAG(s) 'example_branch_labels' retrieved from /home/airflow/.local/lib/python3.8/site-packages/airflow/example_dags/example_branch_labels.py
[2024-01-17T15:18:20.085+0000] {logging_mixin.py:188} INFO - [2024-01-17T15:18:20.084+0000] {dag.py:3033} INFO - Sync 1 DAGs
[2024-01-17T15:18:20.115+0000] {logging_mixin.py:188} INFO - [2024-01-17T15:18:20.115+0000] {dag.py:3820} INFO - Setting next_dagrun for example_branch_labels to 2024-01-16T00:00:00+00:00, run_after=2024-01-17T00:00:00+00:00
[2024-01-17T15:18:20.140+0000] {processor.py:183} INFO - Processing /home/airflow/.local/lib/python3.8/site-packages/airflow/example_dags/example_branch_labels.py took 0.105 seconds
[2024-01-17T15:18:51.345+0000] {processor.py:161} INFO - Started process (PID=686) to work on /home/airflow/.local/lib/python3.8/site-packages/airflow/example_dags/example_branch_labels.py
[2024-01-17T15:18:51.350+0000] {processor.py:830} INFO - Processing file /home/airflow/.local/lib/python3.8/site-packages/airflow/example_dags/example_branch_labels.py for tasks to queue
[2024-01-17T15:18:51.361+0000] {logging_mixin.py:188} INFO - [2024-01-17T15:18:51.359+0000] {dagbag.py:538} INFO - Filling up the DagBag from /home/airflow/.local/lib/python3.8/site-packages/airflow/example_dags/example_branch_labels.py
[2024-01-17T15:18:51.412+0000] {processor.py:840} INFO - DAG(s) 'example_branch_labels' retrieved from /home/airflow/.local/lib/python3.8/site-packages/airflow/example_dags/example_branch_labels.py
[2024-01-17T15:18:51.469+0000] {logging_mixin.py:188} INFO - [2024-01-17T15:18:51.468+0000] {dag.py:3033} INFO - Sync 1 DAGs
[2024-01-17T15:18:51.496+0000] {logging_mixin.py:188} INFO - [2024-01-17T15:18:51.495+0000] {dag.py:3820} INFO - Setting next_dagrun for example_branch_labels to 2024-01-16T00:00:00+00:00, run_after=2024-01-17T00:00:00+00:00
[2024-01-17T15:18:51.599+0000] {processor.py:183} INFO - Processing /home/airflow/.local/lib/python3.8/site-packages/airflow/example_dags/example_branch_labels.py took 0.274 seconds
[2024-01-17T15:19:22.383+0000] {processor.py:161} INFO - Started process (PID=741) to work on /home/airflow/.local/lib/python3.8/site-packages/airflow/example_dags/example_branch_labels.py
[2024-01-17T15:19:22.417+0000] {processor.py:830} INFO - Processing file /home/airflow/.local/lib/python3.8/site-packages/airflow/example_dags/example_branch_labels.py for tasks to queue
[2024-01-17T15:19:22.429+0000] {logging_mixin.py:188} INFO - [2024-01-17T15:19:22.428+0000] {dagbag.py:538} INFO - Filling up the DagBag from /home/airflow/.local/lib/python3.8/site-packages/airflow/example_dags/example_branch_labels.py
[2024-01-17T15:19:22.496+0000] {processor.py:840} INFO - DAG(s) 'example_branch_labels' retrieved from /home/airflow/.local/lib/python3.8/site-packages/airflow/example_dags/example_branch_labels.py
[2024-01-17T15:19:22.549+0000] {logging_mixin.py:188} INFO - [2024-01-17T15:19:22.548+0000] {dag.py:3033} INFO - Sync 1 DAGs
[2024-01-17T15:19:22.598+0000] {logging_mixin.py:188} INFO - [2024-01-17T15:19:22.598+0000] {dag.py:3820} INFO - Setting next_dagrun for example_branch_labels to 2024-01-16T00:00:00+00:00, run_after=2024-01-17T00:00:00+00:00
[2024-01-17T15:19:22.698+0000] {processor.py:183} INFO - Processing /home/airflow/.local/lib/python3.8/site-packages/airflow/example_dags/example_branch_labels.py took 0.320 seconds
[2024-01-17T15:19:53.252+0000] {processor.py:161} INFO - Started process (PID=796) to work on /home/airflow/.local/lib/python3.8/site-packages/airflow/example_dags/example_branch_labels.py
[2024-01-17T15:19:53.254+0000] {processor.py:830} INFO - Processing file /home/airflow/.local/lib/python3.8/site-packages/airflow/example_dags/example_branch_labels.py for tasks to queue
[2024-01-17T15:19:53.256+0000] {logging_mixin.py:188} INFO - [2024-01-17T15:19:53.256+0000] {dagbag.py:538} INFO - Filling up the DagBag from /home/airflow/.local/lib/python3.8/site-packages/airflow/example_dags/example_branch_labels.py
[2024-01-17T15:19:53.268+0000] {processor.py:840} INFO - DAG(s) 'example_branch_labels' retrieved from /home/airflow/.local/lib/python3.8/site-packages/airflow/example_dags/example_branch_labels.py
[2024-01-17T15:19:53.303+0000] {logging_mixin.py:188} INFO - [2024-01-17T15:19:53.302+0000] {dag.py:3033} INFO - Sync 1 DAGs
[2024-01-17T15:19:53.333+0000] {logging_mixin.py:188} INFO - [2024-01-17T15:19:53.332+0000] {dag.py:3820} INFO - Setting next_dagrun for example_branch_labels to 2024-01-16T00:00:00+00:00, run_after=2024-01-17T00:00:00+00:00
[2024-01-17T15:19:53.391+0000] {processor.py:183} INFO - Processing /home/airflow/.local/lib/python3.8/site-packages/airflow/example_dags/example_branch_labels.py took 0.143 seconds
[2024-01-17T15:20:23.918+0000] {processor.py:161} INFO - Started process (PID=850) to work on /home/airflow/.local/lib/python3.8/site-packages/airflow/example_dags/example_branch_labels.py
[2024-01-17T15:20:23.927+0000] {processor.py:830} INFO - Processing file /home/airflow/.local/lib/python3.8/site-packages/airflow/example_dags/example_branch_labels.py for tasks to queue
[2024-01-17T15:20:23.931+0000] {logging_mixin.py:188} INFO - [2024-01-17T15:20:23.931+0000] {dagbag.py:538} INFO - Filling up the DagBag from /home/airflow/.local/lib/python3.8/site-packages/airflow/example_dags/example_branch_labels.py
[2024-01-17T15:20:23.957+0000] {processor.py:840} INFO - DAG(s) 'example_branch_labels' retrieved from /home/airflow/.local/lib/python3.8/site-packages/airflow/example_dags/example_branch_labels.py
[2024-01-17T15:20:24.012+0000] {logging_mixin.py:188} INFO - [2024-01-17T15:20:24.011+0000] {dag.py:3033} INFO - Sync 1 DAGs
[2024-01-17T15:20:24.107+0000] {logging_mixin.py:188} INFO - [2024-01-17T15:20:24.106+0000] {dag.py:3820} INFO - Setting next_dagrun for example_branch_labels to 2024-01-16T00:00:00+00:00, run_after=2024-01-17T00:00:00+00:00
[2024-01-17T15:20:24.185+0000] {processor.py:183} INFO - Processing /home/airflow/.local/lib/python3.8/site-packages/airflow/example_dags/example_branch_labels.py took 0.274 seconds
[2024-01-17T15:20:54.567+0000] {processor.py:161} INFO - Started process (PID=905) to work on /home/airflow/.local/lib/python3.8/site-packages/airflow/example_dags/example_branch_labels.py
[2024-01-17T15:20:54.568+0000] {processor.py:830} INFO - Processing file /home/airflow/.local/lib/python3.8/site-packages/airflow/example_dags/example_branch_labels.py for tasks to queue
[2024-01-17T15:20:54.571+0000] {logging_mixin.py:188} INFO - [2024-01-17T15:20:54.571+0000] {dagbag.py:538} INFO - Filling up the DagBag from /home/airflow/.local/lib/python3.8/site-packages/airflow/example_dags/example_branch_labels.py
[2024-01-17T15:20:54.583+0000] {processor.py:840} INFO - DAG(s) 'example_branch_labels' retrieved from /home/airflow/.local/lib/python3.8/site-packages/airflow/example_dags/example_branch_labels.py
[2024-01-17T15:20:54.631+0000] {logging_mixin.py:188} INFO - [2024-01-17T15:20:54.630+0000] {dag.py:3033} INFO - Sync 1 DAGs
[2024-01-17T15:20:54.678+0000] {logging_mixin.py:188} INFO - [2024-01-17T15:20:54.677+0000] {dag.py:3820} INFO - Setting next_dagrun for example_branch_labels to 2024-01-16T00:00:00+00:00, run_after=2024-01-17T00:00:00+00:00
[2024-01-17T15:20:54.716+0000] {processor.py:183} INFO - Processing /home/airflow/.local/lib/python3.8/site-packages/airflow/example_dags/example_branch_labels.py took 0.152 seconds
[2024-01-17T15:21:25.274+0000] {processor.py:161} INFO - Started process (PID=959) to work on /home/airflow/.local/lib/python3.8/site-packages/airflow/example_dags/example_branch_labels.py
[2024-01-17T15:21:25.276+0000] {processor.py:830} INFO - Processing file /home/airflow/.local/lib/python3.8/site-packages/airflow/example_dags/example_branch_labels.py for tasks to queue
[2024-01-17T15:21:25.281+0000] {logging_mixin.py:188} INFO - [2024-01-17T15:21:25.280+0000] {dagbag.py:538} INFO - Filling up the DagBag from /home/airflow/.local/lib/python3.8/site-packages/airflow/example_dags/example_branch_labels.py
[2024-01-17T15:21:25.296+0000] {processor.py:840} INFO - DAG(s) 'example_branch_labels' retrieved from /home/airflow/.local/lib/python3.8/site-packages/airflow/example_dags/example_branch_labels.py
[2024-01-17T15:21:25.333+0000] {logging_mixin.py:188} INFO - [2024-01-17T15:21:25.332+0000] {dag.py:3033} INFO - Sync 1 DAGs
[2024-01-17T15:21:25.373+0000] {logging_mixin.py:188} INFO - [2024-01-17T15:21:25.372+0000] {dag.py:3820} INFO - Setting next_dagrun for example_branch_labels to 2024-01-16T00:00:00+00:00, run_after=2024-01-17T00:00:00+00:00
[2024-01-17T15:21:25.401+0000] {processor.py:183} INFO - Processing /home/airflow/.local/lib/python3.8/site-packages/airflow/example_dags/example_branch_labels.py took 0.131 seconds
[2024-01-17T15:21:55.888+0000] {processor.py:161} INFO - Started process (PID=1013) to work on /home/airflow/.local/lib/python3.8/site-packages/airflow/example_dags/example_branch_labels.py
[2024-01-17T15:21:55.889+0000] {processor.py:830} INFO - Processing file /home/airflow/.local/lib/python3.8/site-packages/airflow/example_dags/example_branch_labels.py for tasks to queue
[2024-01-17T15:21:55.891+0000] {logging_mixin.py:188} INFO - [2024-01-17T15:21:55.891+0000] {dagbag.py:538} INFO - Filling up the DagBag from /home/airflow/.local/lib/python3.8/site-packages/airflow/example_dags/example_branch_labels.py
[2024-01-17T15:21:55.904+0000] {processor.py:840} INFO - DAG(s) 'example_branch_labels' retrieved from /home/airflow/.local/lib/python3.8/site-packages/airflow/example_dags/example_branch_labels.py
[2024-01-17T15:21:55.934+0000] {logging_mixin.py:188} INFO - [2024-01-17T15:21:55.934+0000] {dag.py:3033} INFO - Sync 1 DAGs
[2024-01-17T15:21:55.968+0000] {logging_mixin.py:188} INFO - [2024-01-17T15:21:55.967+0000] {dag.py:3820} INFO - Setting next_dagrun for example_branch_labels to 2024-01-16T00:00:00+00:00, run_after=2024-01-17T00:00:00+00:00
[2024-01-17T15:21:56.061+0000] {processor.py:183} INFO - Processing /home/airflow/.local/lib/python3.8/site-packages/airflow/example_dags/example_branch_labels.py took 0.177 seconds
[2024-01-17T15:25:17.486+0000] {processor.py:161} INFO - Started process (PID=70) to work on /home/airflow/.local/lib/python3.8/site-packages/airflow/example_dags/example_branch_labels.py
[2024-01-17T15:25:17.532+0000] {processor.py:830} INFO - Processing file /home/airflow/.local/lib/python3.8/site-packages/airflow/example_dags/example_branch_labels.py for tasks to queue
[2024-01-17T15:25:17.536+0000] {logging_mixin.py:188} INFO - [2024-01-17T15:25:17.535+0000] {dagbag.py:538} INFO - Filling up the DagBag from /home/airflow/.local/lib/python3.8/site-packages/airflow/example_dags/example_branch_labels.py
[2024-01-17T15:25:17.550+0000] {processor.py:840} INFO - DAG(s) 'example_branch_labels' retrieved from /home/airflow/.local/lib/python3.8/site-packages/airflow/example_dags/example_branch_labels.py
[2024-01-17T15:25:17.674+0000] {logging_mixin.py:188} INFO - [2024-01-17T15:25:17.674+0000] {dag.py:3033} INFO - Sync 1 DAGs
[2024-01-17T15:25:17.784+0000] {logging_mixin.py:188} INFO - [2024-01-17T15:25:17.784+0000] {dag.py:3820} INFO - Setting next_dagrun for example_branch_labels to 2024-01-16T00:00:00+00:00, run_after=2024-01-17T00:00:00+00:00
[2024-01-17T15:25:17.896+0000] {processor.py:183} INFO - Processing /home/airflow/.local/lib/python3.8/site-packages/airflow/example_dags/example_branch_labels.py took 0.415 seconds
[2024-01-17T15:25:48.591+0000] {processor.py:161} INFO - Started process (PID=125) to work on /home/airflow/.local/lib/python3.8/site-packages/airflow/example_dags/example_branch_labels.py
[2024-01-17T15:25:48.614+0000] {processor.py:830} INFO - Processing file /home/airflow/.local/lib/python3.8/site-packages/airflow/example_dags/example_branch_labels.py for tasks to queue
[2024-01-17T15:25:48.618+0000] {logging_mixin.py:188} INFO - [2024-01-17T15:25:48.617+0000] {dagbag.py:538} INFO - Filling up the DagBag from /home/airflow/.local/lib/python3.8/site-packages/airflow/example_dags/example_branch_labels.py
[2024-01-17T15:25:48.633+0000] {processor.py:840} INFO - DAG(s) 'example_branch_labels' retrieved from /home/airflow/.local/lib/python3.8/site-packages/airflow/example_dags/example_branch_labels.py
[2024-01-17T15:25:48.725+0000] {logging_mixin.py:188} INFO - [2024-01-17T15:25:48.724+0000] {dag.py:3033} INFO - Sync 1 DAGs
[2024-01-17T15:25:48.837+0000] {logging_mixin.py:188} INFO - [2024-01-17T15:25:48.835+0000] {dag.py:3820} INFO - Setting next_dagrun for example_branch_labels to 2024-01-16T00:00:00+00:00, run_after=2024-01-17T00:00:00+00:00
[2024-01-17T15:25:48.995+0000] {processor.py:183} INFO - Processing /home/airflow/.local/lib/python3.8/site-packages/airflow/example_dags/example_branch_labels.py took 0.409 seconds
[2024-01-17T15:26:19.707+0000] {processor.py:161} INFO - Started process (PID=181) to work on /home/airflow/.local/lib/python3.8/site-packages/airflow/example_dags/example_branch_labels.py
[2024-01-17T15:26:19.716+0000] {processor.py:830} INFO - Processing file /home/airflow/.local/lib/python3.8/site-packages/airflow/example_dags/example_branch_labels.py for tasks to queue
[2024-01-17T15:26:19.719+0000] {logging_mixin.py:188} INFO - [2024-01-17T15:26:19.719+0000] {dagbag.py:538} INFO - Filling up the DagBag from /home/airflow/.local/lib/python3.8/site-packages/airflow/example_dags/example_branch_labels.py
[2024-01-17T15:26:19.759+0000] {processor.py:840} INFO - DAG(s) 'example_branch_labels' retrieved from /home/airflow/.local/lib/python3.8/site-packages/airflow/example_dags/example_branch_labels.py
[2024-01-17T15:26:19.886+0000] {logging_mixin.py:188} INFO - [2024-01-17T15:26:19.886+0000] {dag.py:3033} INFO - Sync 1 DAGs
[2024-01-17T15:26:20.014+0000] {logging_mixin.py:188} INFO - [2024-01-17T15:26:20.013+0000] {dag.py:3820} INFO - Setting next_dagrun for example_branch_labels to 2024-01-16T00:00:00+00:00, run_after=2024-01-17T00:00:00+00:00
[2024-01-17T15:26:20.112+0000] {processor.py:183} INFO - Processing /home/airflow/.local/lib/python3.8/site-packages/airflow/example_dags/example_branch_labels.py took 0.428 seconds
[2024-01-17T15:26:50.465+0000] {processor.py:161} INFO - Started process (PID=237) to work on /home/airflow/.local/lib/python3.8/site-packages/airflow/example_dags/example_branch_labels.py
[2024-01-17T15:26:50.474+0000] {processor.py:830} INFO - Processing file /home/airflow/.local/lib/python3.8/site-packages/airflow/example_dags/example_branch_labels.py for tasks to queue
[2024-01-17T15:26:50.478+0000] {logging_mixin.py:188} INFO - [2024-01-17T15:26:50.477+0000] {dagbag.py:538} INFO - Filling up the DagBag from /home/airflow/.local/lib/python3.8/site-packages/airflow/example_dags/example_branch_labels.py
[2024-01-17T15:26:50.537+0000] {processor.py:840} INFO - DAG(s) 'example_branch_labels' retrieved from /home/airflow/.local/lib/python3.8/site-packages/airflow/example_dags/example_branch_labels.py
[2024-01-17T15:26:50.628+0000] {logging_mixin.py:188} INFO - [2024-01-17T15:26:50.619+0000] {dag.py:3033} INFO - Sync 1 DAGs
[2024-01-17T15:26:50.808+0000] {logging_mixin.py:188} INFO - [2024-01-17T15:26:50.799+0000] {dag.py:3820} INFO - Setting next_dagrun for example_branch_labels to 2024-01-16T00:00:00+00:00, run_after=2024-01-17T00:00:00+00:00
[2024-01-17T15:26:50.882+0000] {processor.py:183} INFO - Processing /home/airflow/.local/lib/python3.8/site-packages/airflow/example_dags/example_branch_labels.py took 0.435 seconds
[2024-01-17T15:27:21.015+0000] {processor.py:161} INFO - Started process (PID=293) to work on /home/airflow/.local/lib/python3.8/site-packages/airflow/example_dags/example_branch_labels.py
[2024-01-17T15:27:21.028+0000] {processor.py:830} INFO - Processing file /home/airflow/.local/lib/python3.8/site-packages/airflow/example_dags/example_branch_labels.py for tasks to queue
[2024-01-17T15:27:21.031+0000] {logging_mixin.py:188} INFO - [2024-01-17T15:27:21.031+0000] {dagbag.py:538} INFO - Filling up the DagBag from /home/airflow/.local/lib/python3.8/site-packages/airflow/example_dags/example_branch_labels.py
[2024-01-17T15:27:21.063+0000] {processor.py:840} INFO - DAG(s) 'example_branch_labels' retrieved from /home/airflow/.local/lib/python3.8/site-packages/airflow/example_dags/example_branch_labels.py
[2024-01-17T15:27:21.153+0000] {logging_mixin.py:188} INFO - [2024-01-17T15:27:21.152+0000] {dag.py:3033} INFO - Sync 1 DAGs
[2024-01-17T15:27:21.276+0000] {logging_mixin.py:188} INFO - [2024-01-17T15:27:21.275+0000] {dag.py:3820} INFO - Setting next_dagrun for example_branch_labels to 2024-01-16T00:00:00+00:00, run_after=2024-01-17T00:00:00+00:00
[2024-01-17T15:27:21.384+0000] {processor.py:183} INFO - Processing /home/airflow/.local/lib/python3.8/site-packages/airflow/example_dags/example_branch_labels.py took 0.378 seconds
[2024-01-17T15:27:54.446+0000] {processor.py:161} INFO - Started process (PID=348) to work on /home/airflow/.local/lib/python3.8/site-packages/airflow/example_dags/example_branch_labels.py
[2024-01-17T15:27:54.469+0000] {processor.py:830} INFO - Processing file /home/airflow/.local/lib/python3.8/site-packages/airflow/example_dags/example_branch_labels.py for tasks to queue
[2024-01-17T15:27:54.475+0000] {logging_mixin.py:188} INFO - [2024-01-17T15:27:54.474+0000] {dagbag.py:538} INFO - Filling up the DagBag from /home/airflow/.local/lib/python3.8/site-packages/airflow/example_dags/example_branch_labels.py
[2024-01-17T15:27:54.504+0000] {processor.py:840} INFO - DAG(s) 'example_branch_labels' retrieved from /home/airflow/.local/lib/python3.8/site-packages/airflow/example_dags/example_branch_labels.py
[2024-01-17T15:27:54.560+0000] {logging_mixin.py:188} INFO - [2024-01-17T15:27:54.560+0000] {dag.py:3033} INFO - Sync 1 DAGs
[2024-01-17T15:27:54.676+0000] {logging_mixin.py:188} INFO - [2024-01-17T15:27:54.676+0000] {dag.py:3820} INFO - Setting next_dagrun for example_branch_labels to 2024-01-16T00:00:00+00:00, run_after=2024-01-17T00:00:00+00:00
[2024-01-17T15:27:54.837+0000] {processor.py:183} INFO - Processing /home/airflow/.local/lib/python3.8/site-packages/airflow/example_dags/example_branch_labels.py took 0.405 seconds
[2024-01-17T15:28:36.051+0000] {processor.py:161} INFO - Started process (PID=409) to work on /home/airflow/.local/lib/python3.8/site-packages/airflow/example_dags/example_branch_labels.py
[2024-01-17T15:28:36.052+0000] {processor.py:830} INFO - Processing file /home/airflow/.local/lib/python3.8/site-packages/airflow/example_dags/example_branch_labels.py for tasks to queue
[2024-01-17T15:28:36.055+0000] {logging_mixin.py:188} INFO - [2024-01-17T15:28:36.055+0000] {dagbag.py:538} INFO - Filling up the DagBag from /home/airflow/.local/lib/python3.8/site-packages/airflow/example_dags/example_branch_labels.py
[2024-01-17T15:28:36.070+0000] {processor.py:840} INFO - DAG(s) 'example_branch_labels' retrieved from /home/airflow/.local/lib/python3.8/site-packages/airflow/example_dags/example_branch_labels.py
[2024-01-17T15:28:36.087+0000] {logging_mixin.py:188} INFO - [2024-01-17T15:28:36.087+0000] {dag.py:3033} INFO - Sync 1 DAGs
[2024-01-17T15:28:36.158+0000] {logging_mixin.py:188} INFO - [2024-01-17T15:28:36.158+0000] {dag.py:3820} INFO - Setting next_dagrun for example_branch_labels to 2024-01-16T00:00:00+00:00, run_after=2024-01-17T00:00:00+00:00
[2024-01-17T15:28:36.241+0000] {processor.py:183} INFO - Processing /home/airflow/.local/lib/python3.8/site-packages/airflow/example_dags/example_branch_labels.py took 0.195 seconds
[2024-01-17T15:29:07.472+0000] {processor.py:161} INFO - Started process (PID=465) to work on /home/airflow/.local/lib/python3.8/site-packages/airflow/example_dags/example_branch_labels.py
[2024-01-17T15:29:07.473+0000] {processor.py:830} INFO - Processing file /home/airflow/.local/lib/python3.8/site-packages/airflow/example_dags/example_branch_labels.py for tasks to queue
[2024-01-17T15:29:07.476+0000] {logging_mixin.py:188} INFO - [2024-01-17T15:29:07.475+0000] {dagbag.py:538} INFO - Filling up the DagBag from /home/airflow/.local/lib/python3.8/site-packages/airflow/example_dags/example_branch_labels.py
[2024-01-17T15:29:07.489+0000] {processor.py:840} INFO - DAG(s) 'example_branch_labels' retrieved from /home/airflow/.local/lib/python3.8/site-packages/airflow/example_dags/example_branch_labels.py
[2024-01-17T15:29:07.689+0000] {logging_mixin.py:188} INFO - [2024-01-17T15:29:07.689+0000] {dag.py:3033} INFO - Sync 1 DAGs
[2024-01-17T15:29:07.725+0000] {logging_mixin.py:188} INFO - [2024-01-17T15:29:07.725+0000] {dag.py:3820} INFO - Setting next_dagrun for example_branch_labels to 2024-01-16T00:00:00+00:00, run_after=2024-01-17T00:00:00+00:00
[2024-01-17T15:29:07.757+0000] {processor.py:183} INFO - Processing /home/airflow/.local/lib/python3.8/site-packages/airflow/example_dags/example_branch_labels.py took 0.292 seconds
[2024-01-17T15:30:02.167+0000] {processor.py:161} INFO - Started process (PID=533) to work on /home/airflow/.local/lib/python3.8/site-packages/airflow/example_dags/example_branch_labels.py
[2024-01-17T15:30:02.170+0000] {processor.py:830} INFO - Processing file /home/airflow/.local/lib/python3.8/site-packages/airflow/example_dags/example_branch_labels.py for tasks to queue
[2024-01-17T15:30:02.173+0000] {logging_mixin.py:188} INFO - [2024-01-17T15:30:02.172+0000] {dagbag.py:538} INFO - Filling up the DagBag from /home/airflow/.local/lib/python3.8/site-packages/airflow/example_dags/example_branch_labels.py
[2024-01-17T15:30:02.210+0000] {processor.py:840} INFO - DAG(s) 'example_branch_labels' retrieved from /home/airflow/.local/lib/python3.8/site-packages/airflow/example_dags/example_branch_labels.py
[2024-01-17T15:30:02.292+0000] {logging_mixin.py:188} INFO - [2024-01-17T15:30:02.292+0000] {dag.py:3033} INFO - Sync 1 DAGs
[2024-01-17T15:30:02.362+0000] {logging_mixin.py:188} INFO - [2024-01-17T15:30:02.362+0000] {dag.py:3820} INFO - Setting next_dagrun for example_branch_labels to 2024-01-16T00:00:00+00:00, run_after=2024-01-17T00:00:00+00:00
[2024-01-17T15:30:02.395+0000] {processor.py:183} INFO - Processing /home/airflow/.local/lib/python3.8/site-packages/airflow/example_dags/example_branch_labels.py took 0.234 seconds
[2024-01-17T15:30:34.815+0000] {processor.py:161} INFO - Started process (PID=588) to work on /home/airflow/.local/lib/python3.8/site-packages/airflow/example_dags/example_branch_labels.py
[2024-01-17T15:30:34.816+0000] {processor.py:830} INFO - Processing file /home/airflow/.local/lib/python3.8/site-packages/airflow/example_dags/example_branch_labels.py for tasks to queue
[2024-01-17T15:30:34.832+0000] {logging_mixin.py:188} INFO - [2024-01-17T15:30:34.832+0000] {dagbag.py:538} INFO - Filling up the DagBag from /home/airflow/.local/lib/python3.8/site-packages/airflow/example_dags/example_branch_labels.py
[2024-01-17T15:30:34.867+0000] {processor.py:840} INFO - DAG(s) 'example_branch_labels' retrieved from /home/airflow/.local/lib/python3.8/site-packages/airflow/example_dags/example_branch_labels.py
[2024-01-17T15:30:34.994+0000] {logging_mixin.py:188} INFO - [2024-01-17T15:30:34.994+0000] {dag.py:3033} INFO - Sync 1 DAGs
[2024-01-17T15:30:35.106+0000] {logging_mixin.py:188} INFO - [2024-01-17T15:30:35.106+0000] {dag.py:3820} INFO - Setting next_dagrun for example_branch_labels to 2024-01-16T00:00:00+00:00, run_after=2024-01-17T00:00:00+00:00
[2024-01-17T15:30:35.278+0000] {processor.py:183} INFO - Processing /home/airflow/.local/lib/python3.8/site-packages/airflow/example_dags/example_branch_labels.py took 0.484 seconds
[2024-01-17T15:31:05.508+0000] {processor.py:161} INFO - Started process (PID=644) to work on /home/airflow/.local/lib/python3.8/site-packages/airflow/example_dags/example_branch_labels.py
[2024-01-17T15:31:05.509+0000] {processor.py:830} INFO - Processing file /home/airflow/.local/lib/python3.8/site-packages/airflow/example_dags/example_branch_labels.py for tasks to queue
[2024-01-17T15:31:05.514+0000] {logging_mixin.py:188} INFO - [2024-01-17T15:31:05.513+0000] {dagbag.py:538} INFO - Filling up the DagBag from /home/airflow/.local/lib/python3.8/site-packages/airflow/example_dags/example_branch_labels.py
[2024-01-17T15:31:05.525+0000] {processor.py:840} INFO - DAG(s) 'example_branch_labels' retrieved from /home/airflow/.local/lib/python3.8/site-packages/airflow/example_dags/example_branch_labels.py
[2024-01-17T15:31:05.569+0000] {logging_mixin.py:188} INFO - [2024-01-17T15:31:05.569+0000] {dag.py:3033} INFO - Sync 1 DAGs
[2024-01-17T15:31:05.608+0000] {logging_mixin.py:188} INFO - [2024-01-17T15:31:05.608+0000] {dag.py:3820} INFO - Setting next_dagrun for example_branch_labels to 2024-01-16T00:00:00+00:00, run_after=2024-01-17T00:00:00+00:00
[2024-01-17T15:31:05.788+0000] {processor.py:183} INFO - Processing /home/airflow/.local/lib/python3.8/site-packages/airflow/example_dags/example_branch_labels.py took 0.285 seconds
[2024-01-17T15:31:35.982+0000] {processor.py:161} INFO - Started process (PID=699) to work on /home/airflow/.local/lib/python3.8/site-packages/airflow/example_dags/example_branch_labels.py
[2024-01-17T15:31:35.983+0000] {processor.py:830} INFO - Processing file /home/airflow/.local/lib/python3.8/site-packages/airflow/example_dags/example_branch_labels.py for tasks to queue
[2024-01-17T15:31:35.985+0000] {logging_mixin.py:188} INFO - [2024-01-17T15:31:35.985+0000] {dagbag.py:538} INFO - Filling up the DagBag from /home/airflow/.local/lib/python3.8/site-packages/airflow/example_dags/example_branch_labels.py
[2024-01-17T15:31:35.994+0000] {processor.py:840} INFO - DAG(s) 'example_branch_labels' retrieved from /home/airflow/.local/lib/python3.8/site-packages/airflow/example_dags/example_branch_labels.py
[2024-01-17T15:31:36.024+0000] {logging_mixin.py:188} INFO - [2024-01-17T15:31:36.024+0000] {dag.py:3033} INFO - Sync 1 DAGs
