[2024-01-17T15:13:06.687+0000] {processor.py:161} INFO - Started process (PID=67) to work on /home/airflow/.local/lib/python3.8/site-packages/airflow/example_dags/example_latest_only_with_trigger.py
[2024-01-17T15:13:06.688+0000] {processor.py:830} INFO - Processing file /home/airflow/.local/lib/python3.8/site-packages/airflow/example_dags/example_latest_only_with_trigger.py for tasks to queue
[2024-01-17T15:13:06.690+0000] {logging_mixin.py:188} INFO - [2024-01-17T15:13:06.690+0000] {dagbag.py:538} INFO - Filling up the DagBag from /home/airflow/.local/lib/python3.8/site-packages/airflow/example_dags/example_latest_only_with_trigger.py
[2024-01-17T15:13:06.700+0000] {processor.py:840} INFO - DAG(s) 'latest_only_with_trigger' retrieved from /home/airflow/.local/lib/python3.8/site-packages/airflow/example_dags/example_latest_only_with_trigger.py
[2024-01-17T15:13:07.142+0000] {logging_mixin.py:188} INFO - [2024-01-17T15:13:07.140+0000] {dag.py:3033} INFO - Sync 1 DAGs
[2024-01-17T15:13:07.194+0000] {logging_mixin.py:188} INFO - [2024-01-17T15:13:07.193+0000] {dag.py:3820} INFO - Setting next_dagrun for latest_only_with_trigger to 2024-01-17T08:00:00+00:00, run_after=2024-01-17T12:00:00+00:00
[2024-01-17T15:13:07.239+0000] {processor.py:183} INFO - Processing /home/airflow/.local/lib/python3.8/site-packages/airflow/example_dags/example_latest_only_with_trigger.py took 0.556 seconds
[2024-01-17T15:13:37.513+0000] {processor.py:161} INFO - Started process (PID=122) to work on /home/airflow/.local/lib/python3.8/site-packages/airflow/example_dags/example_latest_only_with_trigger.py
[2024-01-17T15:13:37.612+0000] {processor.py:830} INFO - Processing file /home/airflow/.local/lib/python3.8/site-packages/airflow/example_dags/example_latest_only_with_trigger.py for tasks to queue
[2024-01-17T15:13:37.651+0000] {logging_mixin.py:188} INFO - [2024-01-17T15:13:37.650+0000] {dagbag.py:538} INFO - Filling up the DagBag from /home/airflow/.local/lib/python3.8/site-packages/airflow/example_dags/example_latest_only_with_trigger.py
[2024-01-17T15:13:37.695+0000] {processor.py:840} INFO - DAG(s) 'latest_only_with_trigger' retrieved from /home/airflow/.local/lib/python3.8/site-packages/airflow/example_dags/example_latest_only_with_trigger.py
[2024-01-17T15:13:37.714+0000] {logging_mixin.py:188} INFO - [2024-01-17T15:13:37.713+0000] {dag.py:3033} INFO - Sync 1 DAGs
[2024-01-17T15:13:37.764+0000] {logging_mixin.py:188} INFO - [2024-01-17T15:13:37.764+0000] {dag.py:3820} INFO - Setting next_dagrun for latest_only_with_trigger to 2024-01-17T08:00:00+00:00, run_after=2024-01-17T12:00:00+00:00
[2024-01-17T15:13:37.833+0000] {processor.py:183} INFO - Processing /home/airflow/.local/lib/python3.8/site-packages/airflow/example_dags/example_latest_only_with_trigger.py took 0.325 seconds
[2024-01-17T15:14:07.936+0000] {processor.py:161} INFO - Started process (PID=177) to work on /home/airflow/.local/lib/python3.8/site-packages/airflow/example_dags/example_latest_only_with_trigger.py
[2024-01-17T15:14:07.937+0000] {processor.py:830} INFO - Processing file /home/airflow/.local/lib/python3.8/site-packages/airflow/example_dags/example_latest_only_with_trigger.py for tasks to queue
[2024-01-17T15:14:07.940+0000] {logging_mixin.py:188} INFO - [2024-01-17T15:14:07.939+0000] {dagbag.py:538} INFO - Filling up the DagBag from /home/airflow/.local/lib/python3.8/site-packages/airflow/example_dags/example_latest_only_with_trigger.py
[2024-01-17T15:14:07.947+0000] {processor.py:840} INFO - DAG(s) 'latest_only_with_trigger' retrieved from /home/airflow/.local/lib/python3.8/site-packages/airflow/example_dags/example_latest_only_with_trigger.py
[2024-01-17T15:14:08.087+0000] {logging_mixin.py:188} INFO - [2024-01-17T15:14:08.087+0000] {dag.py:3033} INFO - Sync 1 DAGs
[2024-01-17T15:14:08.123+0000] {logging_mixin.py:188} INFO - [2024-01-17T15:14:08.123+0000] {dag.py:3820} INFO - Setting next_dagrun for latest_only_with_trigger to 2024-01-17T08:00:00+00:00, run_after=2024-01-17T12:00:00+00:00
[2024-01-17T15:14:08.157+0000] {processor.py:183} INFO - Processing /home/airflow/.local/lib/python3.8/site-packages/airflow/example_dags/example_latest_only_with_trigger.py took 0.224 seconds
[2024-01-17T15:14:38.408+0000] {processor.py:161} INFO - Started process (PID=231) to work on /home/airflow/.local/lib/python3.8/site-packages/airflow/example_dags/example_latest_only_with_trigger.py
[2024-01-17T15:14:38.409+0000] {processor.py:830} INFO - Processing file /home/airflow/.local/lib/python3.8/site-packages/airflow/example_dags/example_latest_only_with_trigger.py for tasks to queue
[2024-01-17T15:14:38.411+0000] {logging_mixin.py:188} INFO - [2024-01-17T15:14:38.411+0000] {dagbag.py:538} INFO - Filling up the DagBag from /home/airflow/.local/lib/python3.8/site-packages/airflow/example_dags/example_latest_only_with_trigger.py
[2024-01-17T15:14:38.419+0000] {processor.py:840} INFO - DAG(s) 'latest_only_with_trigger' retrieved from /home/airflow/.local/lib/python3.8/site-packages/airflow/example_dags/example_latest_only_with_trigger.py
[2024-01-17T15:14:38.449+0000] {logging_mixin.py:188} INFO - [2024-01-17T15:14:38.448+0000] {dag.py:3033} INFO - Sync 1 DAGs
[2024-01-17T15:14:38.481+0000] {logging_mixin.py:188} INFO - [2024-01-17T15:14:38.481+0000] {dag.py:3820} INFO - Setting next_dagrun for latest_only_with_trigger to 2024-01-17T08:00:00+00:00, run_after=2024-01-17T12:00:00+00:00
[2024-01-17T15:14:38.508+0000] {processor.py:183} INFO - Processing /home/airflow/.local/lib/python3.8/site-packages/airflow/example_dags/example_latest_only_with_trigger.py took 0.104 seconds
[2024-01-17T15:15:08.928+0000] {processor.py:161} INFO - Started process (PID=286) to work on /home/airflow/.local/lib/python3.8/site-packages/airflow/example_dags/example_latest_only_with_trigger.py
[2024-01-17T15:15:08.952+0000] {processor.py:830} INFO - Processing file /home/airflow/.local/lib/python3.8/site-packages/airflow/example_dags/example_latest_only_with_trigger.py for tasks to queue
[2024-01-17T15:15:08.954+0000] {logging_mixin.py:188} INFO - [2024-01-17T15:15:08.953+0000] {dagbag.py:538} INFO - Filling up the DagBag from /home/airflow/.local/lib/python3.8/site-packages/airflow/example_dags/example_latest_only_with_trigger.py
[2024-01-17T15:15:08.961+0000] {processor.py:840} INFO - DAG(s) 'latest_only_with_trigger' retrieved from /home/airflow/.local/lib/python3.8/site-packages/airflow/example_dags/example_latest_only_with_trigger.py
[2024-01-17T15:15:09.105+0000] {logging_mixin.py:188} INFO - [2024-01-17T15:15:09.105+0000] {dag.py:3033} INFO - Sync 1 DAGs
[2024-01-17T15:15:09.156+0000] {logging_mixin.py:188} INFO - [2024-01-17T15:15:09.156+0000] {dag.py:3820} INFO - Setting next_dagrun for latest_only_with_trigger to 2024-01-17T08:00:00+00:00, run_after=2024-01-17T12:00:00+00:00
[2024-01-17T15:15:09.261+0000] {processor.py:183} INFO - Processing /home/airflow/.local/lib/python3.8/site-packages/airflow/example_dags/example_latest_only_with_trigger.py took 0.340 seconds
[2024-01-17T15:15:39.901+0000] {processor.py:161} INFO - Started process (PID=340) to work on /home/airflow/.local/lib/python3.8/site-packages/airflow/example_dags/example_latest_only_with_trigger.py
[2024-01-17T15:15:39.902+0000] {processor.py:830} INFO - Processing file /home/airflow/.local/lib/python3.8/site-packages/airflow/example_dags/example_latest_only_with_trigger.py for tasks to queue
[2024-01-17T15:15:39.904+0000] {logging_mixin.py:188} INFO - [2024-01-17T15:15:39.904+0000] {dagbag.py:538} INFO - Filling up the DagBag from /home/airflow/.local/lib/python3.8/site-packages/airflow/example_dags/example_latest_only_with_trigger.py
[2024-01-17T15:15:39.912+0000] {processor.py:840} INFO - DAG(s) 'latest_only_with_trigger' retrieved from /home/airflow/.local/lib/python3.8/site-packages/airflow/example_dags/example_latest_only_with_trigger.py
[2024-01-17T15:15:39.938+0000] {logging_mixin.py:188} INFO - [2024-01-17T15:15:39.938+0000] {dag.py:3033} INFO - Sync 1 DAGs
[2024-01-17T15:15:39.970+0000] {logging_mixin.py:188} INFO - [2024-01-17T15:15:39.970+0000] {dag.py:3820} INFO - Setting next_dagrun for latest_only_with_trigger to 2024-01-17T08:00:00+00:00, run_after=2024-01-17T12:00:00+00:00
[2024-01-17T15:15:40.041+0000] {processor.py:183} INFO - Processing /home/airflow/.local/lib/python3.8/site-packages/airflow/example_dags/example_latest_only_with_trigger.py took 0.145 seconds
[2024-01-17T15:16:10.197+0000] {processor.py:161} INFO - Started process (PID=395) to work on /home/airflow/.local/lib/python3.8/site-packages/airflow/example_dags/example_latest_only_with_trigger.py
[2024-01-17T15:16:10.201+0000] {processor.py:830} INFO - Processing file /home/airflow/.local/lib/python3.8/site-packages/airflow/example_dags/example_latest_only_with_trigger.py for tasks to queue
[2024-01-17T15:16:10.204+0000] {logging_mixin.py:188} INFO - [2024-01-17T15:16:10.203+0000] {dagbag.py:538} INFO - Filling up the DagBag from /home/airflow/.local/lib/python3.8/site-packages/airflow/example_dags/example_latest_only_with_trigger.py
[2024-01-17T15:16:10.214+0000] {processor.py:840} INFO - DAG(s) 'latest_only_with_trigger' retrieved from /home/airflow/.local/lib/python3.8/site-packages/airflow/example_dags/example_latest_only_with_trigger.py
[2024-01-17T15:16:10.297+0000] {logging_mixin.py:188} INFO - [2024-01-17T15:16:10.296+0000] {dag.py:3033} INFO - Sync 1 DAGs
[2024-01-17T15:16:10.354+0000] {logging_mixin.py:188} INFO - [2024-01-17T15:16:10.354+0000] {dag.py:3820} INFO - Setting next_dagrun for latest_only_with_trigger to 2024-01-17T08:00:00+00:00, run_after=2024-01-17T12:00:00+00:00
[2024-01-17T15:16:10.397+0000] {processor.py:183} INFO - Processing /home/airflow/.local/lib/python3.8/site-packages/airflow/example_dags/example_latest_only_with_trigger.py took 0.230 seconds
[2024-01-17T15:16:40.539+0000] {processor.py:161} INFO - Started process (PID=450) to work on /home/airflow/.local/lib/python3.8/site-packages/airflow/example_dags/example_latest_only_with_trigger.py
[2024-01-17T15:16:40.540+0000] {processor.py:830} INFO - Processing file /home/airflow/.local/lib/python3.8/site-packages/airflow/example_dags/example_latest_only_with_trigger.py for tasks to queue
[2024-01-17T15:16:40.542+0000] {logging_mixin.py:188} INFO - [2024-01-17T15:16:40.542+0000] {dagbag.py:538} INFO - Filling up the DagBag from /home/airflow/.local/lib/python3.8/site-packages/airflow/example_dags/example_latest_only_with_trigger.py
[2024-01-17T15:16:40.548+0000] {processor.py:840} INFO - DAG(s) 'latest_only_with_trigger' retrieved from /home/airflow/.local/lib/python3.8/site-packages/airflow/example_dags/example_latest_only_with_trigger.py
[2024-01-17T15:16:40.576+0000] {logging_mixin.py:188} INFO - [2024-01-17T15:16:40.576+0000] {dag.py:3033} INFO - Sync 1 DAGs
[2024-01-17T15:16:40.608+0000] {logging_mixin.py:188} INFO - [2024-01-17T15:16:40.608+0000] {dag.py:3820} INFO - Setting next_dagrun for latest_only_with_trigger to 2024-01-17T08:00:00+00:00, run_after=2024-01-17T12:00:00+00:00
[2024-01-17T15:16:40.630+0000] {processor.py:183} INFO - Processing /home/airflow/.local/lib/python3.8/site-packages/airflow/example_dags/example_latest_only_with_trigger.py took 0.094 seconds
[2024-01-17T15:17:11.063+0000] {processor.py:161} INFO - Started process (PID=504) to work on /home/airflow/.local/lib/python3.8/site-packages/airflow/example_dags/example_latest_only_with_trigger.py
[2024-01-17T15:17:11.066+0000] {processor.py:830} INFO - Processing file /home/airflow/.local/lib/python3.8/site-packages/airflow/example_dags/example_latest_only_with_trigger.py for tasks to queue
[2024-01-17T15:17:11.070+0000] {logging_mixin.py:188} INFO - [2024-01-17T15:17:11.070+0000] {dagbag.py:538} INFO - Filling up the DagBag from /home/airflow/.local/lib/python3.8/site-packages/airflow/example_dags/example_latest_only_with_trigger.py
[2024-01-17T15:17:11.080+0000] {processor.py:840} INFO - DAG(s) 'latest_only_with_trigger' retrieved from /home/airflow/.local/lib/python3.8/site-packages/airflow/example_dags/example_latest_only_with_trigger.py
[2024-01-17T15:17:11.123+0000] {logging_mixin.py:188} INFO - [2024-01-17T15:17:11.123+0000] {dag.py:3033} INFO - Sync 1 DAGs
[2024-01-17T15:17:11.156+0000] {logging_mixin.py:188} INFO - [2024-01-17T15:17:11.156+0000] {dag.py:3820} INFO - Setting next_dagrun for latest_only_with_trigger to 2024-01-17T08:00:00+00:00, run_after=2024-01-17T12:00:00+00:00
[2024-01-17T15:17:11.184+0000] {processor.py:183} INFO - Processing /home/airflow/.local/lib/python3.8/site-packages/airflow/example_dags/example_latest_only_with_trigger.py took 0.133 seconds
[2024-01-17T15:17:41.321+0000] {processor.py:161} INFO - Started process (PID=559) to work on /home/airflow/.local/lib/python3.8/site-packages/airflow/example_dags/example_latest_only_with_trigger.py
[2024-01-17T15:17:41.322+0000] {processor.py:830} INFO - Processing file /home/airflow/.local/lib/python3.8/site-packages/airflow/example_dags/example_latest_only_with_trigger.py for tasks to queue
[2024-01-17T15:17:41.325+0000] {logging_mixin.py:188} INFO - [2024-01-17T15:17:41.324+0000] {dagbag.py:538} INFO - Filling up the DagBag from /home/airflow/.local/lib/python3.8/site-packages/airflow/example_dags/example_latest_only_with_trigger.py
[2024-01-17T15:17:41.332+0000] {processor.py:840} INFO - DAG(s) 'latest_only_with_trigger' retrieved from /home/airflow/.local/lib/python3.8/site-packages/airflow/example_dags/example_latest_only_with_trigger.py
[2024-01-17T15:17:41.358+0000] {logging_mixin.py:188} INFO - [2024-01-17T15:17:41.358+0000] {dag.py:3033} INFO - Sync 1 DAGs
[2024-01-17T15:17:41.385+0000] {logging_mixin.py:188} INFO - [2024-01-17T15:17:41.385+0000] {dag.py:3820} INFO - Setting next_dagrun for latest_only_with_trigger to 2024-01-17T08:00:00+00:00, run_after=2024-01-17T12:00:00+00:00
[2024-01-17T15:17:41.409+0000] {processor.py:183} INFO - Processing /home/airflow/.local/lib/python3.8/site-packages/airflow/example_dags/example_latest_only_with_trigger.py took 0.091 seconds
[2024-01-17T15:18:12.251+0000] {processor.py:161} INFO - Started process (PID=614) to work on /home/airflow/.local/lib/python3.8/site-packages/airflow/example_dags/example_latest_only_with_trigger.py
[2024-01-17T15:18:12.252+0000] {processor.py:830} INFO - Processing file /home/airflow/.local/lib/python3.8/site-packages/airflow/example_dags/example_latest_only_with_trigger.py for tasks to queue
[2024-01-17T15:18:12.254+0000] {logging_mixin.py:188} INFO - [2024-01-17T15:18:12.254+0000] {dagbag.py:538} INFO - Filling up the DagBag from /home/airflow/.local/lib/python3.8/site-packages/airflow/example_dags/example_latest_only_with_trigger.py
[2024-01-17T15:18:12.261+0000] {processor.py:840} INFO - DAG(s) 'latest_only_with_trigger' retrieved from /home/airflow/.local/lib/python3.8/site-packages/airflow/example_dags/example_latest_only_with_trigger.py
[2024-01-17T15:18:12.285+0000] {logging_mixin.py:188} INFO - [2024-01-17T15:18:12.285+0000] {dag.py:3033} INFO - Sync 1 DAGs
[2024-01-17T15:18:12.313+0000] {logging_mixin.py:188} INFO - [2024-01-17T15:18:12.313+0000] {dag.py:3820} INFO - Setting next_dagrun for latest_only_with_trigger to 2024-01-17T08:00:00+00:00, run_after=2024-01-17T12:00:00+00:00
[2024-01-17T15:18:12.342+0000] {processor.py:183} INFO - Processing /home/airflow/.local/lib/python3.8/site-packages/airflow/example_dags/example_latest_only_with_trigger.py took 0.096 seconds
[2024-01-17T15:18:42.786+0000] {processor.py:161} INFO - Started process (PID=669) to work on /home/airflow/.local/lib/python3.8/site-packages/airflow/example_dags/example_latest_only_with_trigger.py
[2024-01-17T15:18:42.787+0000] {processor.py:830} INFO - Processing file /home/airflow/.local/lib/python3.8/site-packages/airflow/example_dags/example_latest_only_with_trigger.py for tasks to queue
[2024-01-17T15:18:42.790+0000] {logging_mixin.py:188} INFO - [2024-01-17T15:18:42.789+0000] {dagbag.py:538} INFO - Filling up the DagBag from /home/airflow/.local/lib/python3.8/site-packages/airflow/example_dags/example_latest_only_with_trigger.py
[2024-01-17T15:18:42.798+0000] {processor.py:840} INFO - DAG(s) 'latest_only_with_trigger' retrieved from /home/airflow/.local/lib/python3.8/site-packages/airflow/example_dags/example_latest_only_with_trigger.py
[2024-01-17T15:18:42.832+0000] {logging_mixin.py:188} INFO - [2024-01-17T15:18:42.832+0000] {dag.py:3033} INFO - Sync 1 DAGs
[2024-01-17T15:18:42.872+0000] {logging_mixin.py:188} INFO - [2024-01-17T15:18:42.872+0000] {dag.py:3820} INFO - Setting next_dagrun for latest_only_with_trigger to 2024-01-17T08:00:00+00:00, run_after=2024-01-17T12:00:00+00:00
[2024-01-17T15:18:42.938+0000] {processor.py:183} INFO - Processing /home/airflow/.local/lib/python3.8/site-packages/airflow/example_dags/example_latest_only_with_trigger.py took 0.157 seconds
[2024-01-17T15:19:15.686+0000] {processor.py:161} INFO - Started process (PID=724) to work on /home/airflow/.local/lib/python3.8/site-packages/airflow/example_dags/example_latest_only_with_trigger.py
[2024-01-17T15:19:15.697+0000] {processor.py:830} INFO - Processing file /home/airflow/.local/lib/python3.8/site-packages/airflow/example_dags/example_latest_only_with_trigger.py for tasks to queue
[2024-01-17T15:19:15.714+0000] {logging_mixin.py:188} INFO - [2024-01-17T15:19:15.711+0000] {dagbag.py:538} INFO - Filling up the DagBag from /home/airflow/.local/lib/python3.8/site-packages/airflow/example_dags/example_latest_only_with_trigger.py
[2024-01-17T15:19:15.784+0000] {processor.py:840} INFO - DAG(s) 'latest_only_with_trigger' retrieved from /home/airflow/.local/lib/python3.8/site-packages/airflow/example_dags/example_latest_only_with_trigger.py
[2024-01-17T15:19:16.702+0000] {logging_mixin.py:188} INFO - [2024-01-17T15:19:16.683+0000] {dag.py:3033} INFO - Sync 1 DAGs
[2024-01-17T15:19:16.858+0000] {logging_mixin.py:188} INFO - [2024-01-17T15:19:16.856+0000] {dag.py:3820} INFO - Setting next_dagrun for latest_only_with_trigger to 2024-01-17T08:00:00+00:00, run_after=2024-01-17T12:00:00+00:00
[2024-01-17T15:19:17.167+0000] {processor.py:183} INFO - Processing /home/airflow/.local/lib/python3.8/site-packages/airflow/example_dags/example_latest_only_with_trigger.py took 1.501 seconds
[2024-01-17T15:19:48.010+0000] {processor.py:161} INFO - Started process (PID=779) to work on /home/airflow/.local/lib/python3.8/site-packages/airflow/example_dags/example_latest_only_with_trigger.py
[2024-01-17T15:19:48.021+0000] {processor.py:830} INFO - Processing file /home/airflow/.local/lib/python3.8/site-packages/airflow/example_dags/example_latest_only_with_trigger.py for tasks to queue
[2024-01-17T15:19:48.052+0000] {logging_mixin.py:188} INFO - [2024-01-17T15:19:48.047+0000] {dagbag.py:538} INFO - Filling up the DagBag from /home/airflow/.local/lib/python3.8/site-packages/airflow/example_dags/example_latest_only_with_trigger.py
[2024-01-17T15:19:48.161+0000] {processor.py:840} INFO - DAG(s) 'latest_only_with_trigger' retrieved from /home/airflow/.local/lib/python3.8/site-packages/airflow/example_dags/example_latest_only_with_trigger.py
[2024-01-17T15:19:48.806+0000] {logging_mixin.py:188} INFO - [2024-01-17T15:19:48.772+0000] {dag.py:3033} INFO - Sync 1 DAGs
[2024-01-17T15:19:48.896+0000] {logging_mixin.py:188} INFO - [2024-01-17T15:19:48.896+0000] {dag.py:3820} INFO - Setting next_dagrun for latest_only_with_trigger to 2024-01-17T08:00:00+00:00, run_after=2024-01-17T12:00:00+00:00
[2024-01-17T15:19:49.014+0000] {processor.py:183} INFO - Processing /home/airflow/.local/lib/python3.8/site-packages/airflow/example_dags/example_latest_only_with_trigger.py took 1.024 seconds
[2024-01-17T15:20:19.252+0000] {processor.py:161} INFO - Started process (PID=839) to work on /home/airflow/.local/lib/python3.8/site-packages/airflow/example_dags/example_latest_only_with_trigger.py
[2024-01-17T15:20:19.254+0000] {processor.py:830} INFO - Processing file /home/airflow/.local/lib/python3.8/site-packages/airflow/example_dags/example_latest_only_with_trigger.py for tasks to queue
[2024-01-17T15:20:19.256+0000] {logging_mixin.py:188} INFO - [2024-01-17T15:20:19.256+0000] {dagbag.py:538} INFO - Filling up the DagBag from /home/airflow/.local/lib/python3.8/site-packages/airflow/example_dags/example_latest_only_with_trigger.py
[2024-01-17T15:20:19.271+0000] {processor.py:840} INFO - DAG(s) 'latest_only_with_trigger' retrieved from /home/airflow/.local/lib/python3.8/site-packages/airflow/example_dags/example_latest_only_with_trigger.py
[2024-01-17T15:20:19.310+0000] {logging_mixin.py:188} INFO - [2024-01-17T15:20:19.310+0000] {dag.py:3033} INFO - Sync 1 DAGs
[2024-01-17T15:20:19.370+0000] {logging_mixin.py:188} INFO - [2024-01-17T15:20:19.369+0000] {dag.py:3820} INFO - Setting next_dagrun for latest_only_with_trigger to 2024-01-17T08:00:00+00:00, run_after=2024-01-17T12:00:00+00:00
[2024-01-17T15:20:19.456+0000] {processor.py:183} INFO - Processing /home/airflow/.local/lib/python3.8/site-packages/airflow/example_dags/example_latest_only_with_trigger.py took 0.212 seconds
[2024-01-17T15:20:50.389+0000] {processor.py:161} INFO - Started process (PID=894) to work on /home/airflow/.local/lib/python3.8/site-packages/airflow/example_dags/example_latest_only_with_trigger.py
[2024-01-17T15:20:50.391+0000] {processor.py:830} INFO - Processing file /home/airflow/.local/lib/python3.8/site-packages/airflow/example_dags/example_latest_only_with_trigger.py for tasks to queue
[2024-01-17T15:20:50.394+0000] {logging_mixin.py:188} INFO - [2024-01-17T15:20:50.393+0000] {dagbag.py:538} INFO - Filling up the DagBag from /home/airflow/.local/lib/python3.8/site-packages/airflow/example_dags/example_latest_only_with_trigger.py
[2024-01-17T15:20:50.405+0000] {processor.py:840} INFO - DAG(s) 'latest_only_with_trigger' retrieved from /home/airflow/.local/lib/python3.8/site-packages/airflow/example_dags/example_latest_only_with_trigger.py
[2024-01-17T15:20:50.446+0000] {logging_mixin.py:188} INFO - [2024-01-17T15:20:50.446+0000] {dag.py:3033} INFO - Sync 1 DAGs
[2024-01-17T15:20:50.497+0000] {logging_mixin.py:188} INFO - [2024-01-17T15:20:50.496+0000] {dag.py:3820} INFO - Setting next_dagrun for latest_only_with_trigger to 2024-01-17T08:00:00+00:00, run_after=2024-01-17T12:00:00+00:00
[2024-01-17T15:20:50.530+0000] {processor.py:183} INFO - Processing /home/airflow/.local/lib/python3.8/site-packages/airflow/example_dags/example_latest_only_with_trigger.py took 0.146 seconds
[2024-01-17T15:21:20.852+0000] {processor.py:161} INFO - Started process (PID=948) to work on /home/airflow/.local/lib/python3.8/site-packages/airflow/example_dags/example_latest_only_with_trigger.py
[2024-01-17T15:21:20.853+0000] {processor.py:830} INFO - Processing file /home/airflow/.local/lib/python3.8/site-packages/airflow/example_dags/example_latest_only_with_trigger.py for tasks to queue
[2024-01-17T15:21:20.855+0000] {logging_mixin.py:188} INFO - [2024-01-17T15:21:20.855+0000] {dagbag.py:538} INFO - Filling up the DagBag from /home/airflow/.local/lib/python3.8/site-packages/airflow/example_dags/example_latest_only_with_trigger.py
[2024-01-17T15:21:20.868+0000] {processor.py:840} INFO - DAG(s) 'latest_only_with_trigger' retrieved from /home/airflow/.local/lib/python3.8/site-packages/airflow/example_dags/example_latest_only_with_trigger.py
[2024-01-17T15:21:20.952+0000] {logging_mixin.py:188} INFO - [2024-01-17T15:21:20.952+0000] {dag.py:3033} INFO - Sync 1 DAGs
[2024-01-17T15:21:21.018+0000] {logging_mixin.py:188} INFO - [2024-01-17T15:21:21.018+0000] {dag.py:3820} INFO - Setting next_dagrun for latest_only_with_trigger to 2024-01-17T08:00:00+00:00, run_after=2024-01-17T12:00:00+00:00
[2024-01-17T15:21:21.083+0000] {processor.py:183} INFO - Processing /home/airflow/.local/lib/python3.8/site-packages/airflow/example_dags/example_latest_only_with_trigger.py took 0.235 seconds
[2024-01-17T15:21:51.644+0000] {processor.py:161} INFO - Started process (PID=1002) to work on /home/airflow/.local/lib/python3.8/site-packages/airflow/example_dags/example_latest_only_with_trigger.py
[2024-01-17T15:21:51.648+0000] {processor.py:830} INFO - Processing file /home/airflow/.local/lib/python3.8/site-packages/airflow/example_dags/example_latest_only_with_trigger.py for tasks to queue
[2024-01-17T15:21:51.662+0000] {logging_mixin.py:188} INFO - [2024-01-17T15:21:51.662+0000] {dagbag.py:538} INFO - Filling up the DagBag from /home/airflow/.local/lib/python3.8/site-packages/airflow/example_dags/example_latest_only_with_trigger.py
[2024-01-17T15:21:51.696+0000] {processor.py:840} INFO - DAG(s) 'latest_only_with_trigger' retrieved from /home/airflow/.local/lib/python3.8/site-packages/airflow/example_dags/example_latest_only_with_trigger.py
[2024-01-17T15:21:51.736+0000] {logging_mixin.py:188} INFO - [2024-01-17T15:21:51.735+0000] {dag.py:3033} INFO - Sync 1 DAGs
[2024-01-17T15:21:51.773+0000] {logging_mixin.py:188} INFO - [2024-01-17T15:21:51.772+0000] {dag.py:3820} INFO - Setting next_dagrun for latest_only_with_trigger to 2024-01-17T08:00:00+00:00, run_after=2024-01-17T12:00:00+00:00
[2024-01-17T15:21:51.817+0000] {processor.py:183} INFO - Processing /home/airflow/.local/lib/python3.8/site-packages/airflow/example_dags/example_latest_only_with_trigger.py took 0.194 seconds
[2024-01-17T15:22:22.402+0000] {processor.py:161} INFO - Started process (PID=1050) to work on /home/airflow/.local/lib/python3.8/site-packages/airflow/example_dags/example_latest_only_with_trigger.py
[2024-01-17T15:22:22.411+0000] {processor.py:830} INFO - Processing file /home/airflow/.local/lib/python3.8/site-packages/airflow/example_dags/example_latest_only_with_trigger.py for tasks to queue
[2024-01-17T15:22:22.444+0000] {logging_mixin.py:188} INFO - [2024-01-17T15:22:22.425+0000] {dagbag.py:538} INFO - Filling up the DagBag from /home/airflow/.local/lib/python3.8/site-packages/airflow/example_dags/example_latest_only_with_trigger.py
[2024-01-17T15:22:22.571+0000] {processor.py:840} INFO - DAG(s) 'latest_only_with_trigger' retrieved from /home/airflow/.local/lib/python3.8/site-packages/airflow/example_dags/example_latest_only_with_trigger.py
[2024-01-17T15:22:24.644+0000] {logging_mixin.py:188} INFO - [2024-01-17T15:22:24.611+0000] {dag.py:3033} INFO - Sync 1 DAGs
[2024-01-17T15:22:26.109+0000] {logging_mixin.py:188} INFO - [2024-01-17T15:22:26.008+0000] {dag.py:3820} INFO - Setting next_dagrun for latest_only_with_trigger to 2024-01-17T08:00:00+00:00, run_after=2024-01-17T12:00:00+00:00
[2024-01-17T15:22:30.201+0000] {processor.py:183} INFO - Processing /home/airflow/.local/lib/python3.8/site-packages/airflow/example_dags/example_latest_only_with_trigger.py took 7.819 seconds
[2024-01-17T15:25:14.861+0000] {processor.py:161} INFO - Started process (PID=59) to work on /home/airflow/.local/lib/python3.8/site-packages/airflow/example_dags/example_latest_only_with_trigger.py
[2024-01-17T15:25:14.884+0000] {processor.py:830} INFO - Processing file /home/airflow/.local/lib/python3.8/site-packages/airflow/example_dags/example_latest_only_with_trigger.py for tasks to queue
[2024-01-17T15:25:14.887+0000] {logging_mixin.py:188} INFO - [2024-01-17T15:25:14.887+0000] {dagbag.py:538} INFO - Filling up the DagBag from /home/airflow/.local/lib/python3.8/site-packages/airflow/example_dags/example_latest_only_with_trigger.py
[2024-01-17T15:25:14.955+0000] {processor.py:840} INFO - DAG(s) 'latest_only_with_trigger' retrieved from /home/airflow/.local/lib/python3.8/site-packages/airflow/example_dags/example_latest_only_with_trigger.py
[2024-01-17T15:25:15.077+0000] {logging_mixin.py:188} INFO - [2024-01-17T15:25:15.077+0000] {dag.py:3033} INFO - Sync 1 DAGs
[2024-01-17T15:25:15.130+0000] {logging_mixin.py:188} INFO - [2024-01-17T15:25:15.129+0000] {dag.py:3820} INFO - Setting next_dagrun for latest_only_with_trigger to 2024-01-17T08:00:00+00:00, run_after=2024-01-17T12:00:00+00:00
[2024-01-17T15:25:15.223+0000] {processor.py:183} INFO - Processing /home/airflow/.local/lib/python3.8/site-packages/airflow/example_dags/example_latest_only_with_trigger.py took 0.368 seconds
[2024-01-17T15:25:45.543+0000] {processor.py:161} INFO - Started process (PID=114) to work on /home/airflow/.local/lib/python3.8/site-packages/airflow/example_dags/example_latest_only_with_trigger.py
[2024-01-17T15:25:45.556+0000] {processor.py:830} INFO - Processing file /home/airflow/.local/lib/python3.8/site-packages/airflow/example_dags/example_latest_only_with_trigger.py for tasks to queue
[2024-01-17T15:25:45.574+0000] {logging_mixin.py:188} INFO - [2024-01-17T15:25:45.574+0000] {dagbag.py:538} INFO - Filling up the DagBag from /home/airflow/.local/lib/python3.8/site-packages/airflow/example_dags/example_latest_only_with_trigger.py
[2024-01-17T15:25:45.607+0000] {processor.py:840} INFO - DAG(s) 'latest_only_with_trigger' retrieved from /home/airflow/.local/lib/python3.8/site-packages/airflow/example_dags/example_latest_only_with_trigger.py
[2024-01-17T15:25:45.703+0000] {logging_mixin.py:188} INFO - [2024-01-17T15:25:45.703+0000] {dag.py:3033} INFO - Sync 1 DAGs
[2024-01-17T15:25:45.789+0000] {logging_mixin.py:188} INFO - [2024-01-17T15:25:45.789+0000] {dag.py:3820} INFO - Setting next_dagrun for latest_only_with_trigger to 2024-01-17T08:00:00+00:00, run_after=2024-01-17T12:00:00+00:00
[2024-01-17T15:25:45.929+0000] {processor.py:183} INFO - Processing /home/airflow/.local/lib/python3.8/site-packages/airflow/example_dags/example_latest_only_with_trigger.py took 0.406 seconds
[2024-01-17T15:26:16.594+0000] {processor.py:161} INFO - Started process (PID=170) to work on /home/airflow/.local/lib/python3.8/site-packages/airflow/example_dags/example_latest_only_with_trigger.py
[2024-01-17T15:26:16.600+0000] {processor.py:830} INFO - Processing file /home/airflow/.local/lib/python3.8/site-packages/airflow/example_dags/example_latest_only_with_trigger.py for tasks to queue
[2024-01-17T15:26:16.603+0000] {logging_mixin.py:188} INFO - [2024-01-17T15:26:16.603+0000] {dagbag.py:538} INFO - Filling up the DagBag from /home/airflow/.local/lib/python3.8/site-packages/airflow/example_dags/example_latest_only_with_trigger.py
[2024-01-17T15:26:16.621+0000] {processor.py:840} INFO - DAG(s) 'latest_only_with_trigger' retrieved from /home/airflow/.local/lib/python3.8/site-packages/airflow/example_dags/example_latest_only_with_trigger.py
[2024-01-17T15:26:16.680+0000] {logging_mixin.py:188} INFO - [2024-01-17T15:26:16.680+0000] {dag.py:3033} INFO - Sync 1 DAGs
[2024-01-17T15:26:16.737+0000] {logging_mixin.py:188} INFO - [2024-01-17T15:26:16.736+0000] {dag.py:3820} INFO - Setting next_dagrun for latest_only_with_trigger to 2024-01-17T08:00:00+00:00, run_after=2024-01-17T12:00:00+00:00
[2024-01-17T15:26:16.810+0000] {processor.py:183} INFO - Processing /home/airflow/.local/lib/python3.8/site-packages/airflow/example_dags/example_latest_only_with_trigger.py took 0.226 seconds
[2024-01-17T15:26:47.935+0000] {processor.py:161} INFO - Started process (PID=226) to work on /home/airflow/.local/lib/python3.8/site-packages/airflow/example_dags/example_latest_only_with_trigger.py
[2024-01-17T15:26:47.963+0000] {processor.py:830} INFO - Processing file /home/airflow/.local/lib/python3.8/site-packages/airflow/example_dags/example_latest_only_with_trigger.py for tasks to queue
[2024-01-17T15:26:47.966+0000] {logging_mixin.py:188} INFO - [2024-01-17T15:26:47.966+0000] {dagbag.py:538} INFO - Filling up the DagBag from /home/airflow/.local/lib/python3.8/site-packages/airflow/example_dags/example_latest_only_with_trigger.py
[2024-01-17T15:26:48.018+0000] {processor.py:840} INFO - DAG(s) 'latest_only_with_trigger' retrieved from /home/airflow/.local/lib/python3.8/site-packages/airflow/example_dags/example_latest_only_with_trigger.py
[2024-01-17T15:26:48.094+0000] {logging_mixin.py:188} INFO - [2024-01-17T15:26:48.094+0000] {dag.py:3033} INFO - Sync 1 DAGs
[2024-01-17T15:26:48.221+0000] {logging_mixin.py:188} INFO - [2024-01-17T15:26:48.220+0000] {dag.py:3820} INFO - Setting next_dagrun for latest_only_with_trigger to 2024-01-17T08:00:00+00:00, run_after=2024-01-17T12:00:00+00:00
[2024-01-17T15:26:48.356+0000] {processor.py:183} INFO - Processing /home/airflow/.local/lib/python3.8/site-packages/airflow/example_dags/example_latest_only_with_trigger.py took 0.430 seconds
[2024-01-17T15:27:18.509+0000] {processor.py:161} INFO - Started process (PID=282) to work on /home/airflow/.local/lib/python3.8/site-packages/airflow/example_dags/example_latest_only_with_trigger.py
[2024-01-17T15:27:18.551+0000] {processor.py:830} INFO - Processing file /home/airflow/.local/lib/python3.8/site-packages/airflow/example_dags/example_latest_only_with_trigger.py for tasks to queue
[2024-01-17T15:27:18.555+0000] {logging_mixin.py:188} INFO - [2024-01-17T15:27:18.555+0000] {dagbag.py:538} INFO - Filling up the DagBag from /home/airflow/.local/lib/python3.8/site-packages/airflow/example_dags/example_latest_only_with_trigger.py
[2024-01-17T15:27:18.573+0000] {processor.py:840} INFO - DAG(s) 'latest_only_with_trigger' retrieved from /home/airflow/.local/lib/python3.8/site-packages/airflow/example_dags/example_latest_only_with_trigger.py
[2024-01-17T15:27:18.666+0000] {logging_mixin.py:188} INFO - [2024-01-17T15:27:18.666+0000] {dag.py:3033} INFO - Sync 1 DAGs
[2024-01-17T15:27:18.767+0000] {logging_mixin.py:188} INFO - [2024-01-17T15:27:18.767+0000] {dag.py:3820} INFO - Setting next_dagrun for latest_only_with_trigger to 2024-01-17T08:00:00+00:00, run_after=2024-01-17T12:00:00+00:00
[2024-01-17T15:27:18.956+0000] {processor.py:183} INFO - Processing /home/airflow/.local/lib/python3.8/site-packages/airflow/example_dags/example_latest_only_with_trigger.py took 0.458 seconds
[2024-01-17T15:27:52.815+0000] {processor.py:161} INFO - Started process (PID=337) to work on /home/airflow/.local/lib/python3.8/site-packages/airflow/example_dags/example_latest_only_with_trigger.py
[2024-01-17T15:27:52.836+0000] {processor.py:830} INFO - Processing file /home/airflow/.local/lib/python3.8/site-packages/airflow/example_dags/example_latest_only_with_trigger.py for tasks to queue
[2024-01-17T15:27:52.839+0000] {logging_mixin.py:188} INFO - [2024-01-17T15:27:52.838+0000] {dagbag.py:538} INFO - Filling up the DagBag from /home/airflow/.local/lib/python3.8/site-packages/airflow/example_dags/example_latest_only_with_trigger.py
[2024-01-17T15:27:52.849+0000] {processor.py:840} INFO - DAG(s) 'latest_only_with_trigger' retrieved from /home/airflow/.local/lib/python3.8/site-packages/airflow/example_dags/example_latest_only_with_trigger.py
[2024-01-17T15:27:52.890+0000] {logging_mixin.py:188} INFO - [2024-01-17T15:27:52.890+0000] {dag.py:3033} INFO - Sync 1 DAGs
[2024-01-17T15:27:52.933+0000] {logging_mixin.py:188} INFO - [2024-01-17T15:27:52.933+0000] {dag.py:3820} INFO - Setting next_dagrun for latest_only_with_trigger to 2024-01-17T08:00:00+00:00, run_after=2024-01-17T12:00:00+00:00
[2024-01-17T15:27:53.035+0000] {processor.py:183} INFO - Processing /home/airflow/.local/lib/python3.8/site-packages/airflow/example_dags/example_latest_only_with_trigger.py took 0.239 seconds
[2024-01-17T15:28:34.233+0000] {processor.py:161} INFO - Started process (PID=392) to work on /home/airflow/.local/lib/python3.8/site-packages/airflow/example_dags/example_latest_only_with_trigger.py
[2024-01-17T15:28:34.242+0000] {processor.py:830} INFO - Processing file /home/airflow/.local/lib/python3.8/site-packages/airflow/example_dags/example_latest_only_with_trigger.py for tasks to queue
[2024-01-17T15:28:34.251+0000] {logging_mixin.py:188} INFO - [2024-01-17T15:28:34.245+0000] {dagbag.py:538} INFO - Filling up the DagBag from /home/airflow/.local/lib/python3.8/site-packages/airflow/example_dags/example_latest_only_with_trigger.py
[2024-01-17T15:28:34.296+0000] {processor.py:840} INFO - DAG(s) 'latest_only_with_trigger' retrieved from /home/airflow/.local/lib/python3.8/site-packages/airflow/example_dags/example_latest_only_with_trigger.py
[2024-01-17T15:28:34.320+0000] {logging_mixin.py:188} INFO - [2024-01-17T15:28:34.319+0000] {dag.py:3033} INFO - Sync 1 DAGs
[2024-01-17T15:28:34.379+0000] {logging_mixin.py:188} INFO - [2024-01-17T15:28:34.379+0000] {dag.py:3820} INFO - Setting next_dagrun for latest_only_with_trigger to 2024-01-17T08:00:00+00:00, run_after=2024-01-17T12:00:00+00:00
[2024-01-17T15:28:34.505+0000] {processor.py:183} INFO - Processing /home/airflow/.local/lib/python3.8/site-packages/airflow/example_dags/example_latest_only_with_trigger.py took 0.279 seconds
[2024-01-17T15:29:05.722+0000] {processor.py:161} INFO - Started process (PID=454) to work on /home/airflow/.local/lib/python3.8/site-packages/airflow/example_dags/example_latest_only_with_trigger.py
[2024-01-17T15:29:05.724+0000] {processor.py:830} INFO - Processing file /home/airflow/.local/lib/python3.8/site-packages/airflow/example_dags/example_latest_only_with_trigger.py for tasks to queue
[2024-01-17T15:29:05.728+0000] {logging_mixin.py:188} INFO - [2024-01-17T15:29:05.727+0000] {dagbag.py:538} INFO - Filling up the DagBag from /home/airflow/.local/lib/python3.8/site-packages/airflow/example_dags/example_latest_only_with_trigger.py
[2024-01-17T15:29:05.739+0000] {processor.py:840} INFO - DAG(s) 'latest_only_with_trigger' retrieved from /home/airflow/.local/lib/python3.8/site-packages/airflow/example_dags/example_latest_only_with_trigger.py
[2024-01-17T15:29:05.934+0000] {logging_mixin.py:188} INFO - [2024-01-17T15:29:05.934+0000] {dag.py:3033} INFO - Sync 1 DAGs
[2024-01-17T15:29:05.970+0000] {logging_mixin.py:188} INFO - [2024-01-17T15:29:05.970+0000] {dag.py:3820} INFO - Setting next_dagrun for latest_only_with_trigger to 2024-01-17T08:00:00+00:00, run_after=2024-01-17T12:00:00+00:00
[2024-01-17T15:29:06.004+0000] {processor.py:183} INFO - Processing /home/airflow/.local/lib/python3.8/site-packages/airflow/example_dags/example_latest_only_with_trigger.py took 0.288 seconds
[2024-01-17T15:30:01.173+0000] {processor.py:161} INFO - Started process (PID=522) to work on /home/airflow/.local/lib/python3.8/site-packages/airflow/example_dags/example_latest_only_with_trigger.py
[2024-01-17T15:30:01.174+0000] {processor.py:830} INFO - Processing file /home/airflow/.local/lib/python3.8/site-packages/airflow/example_dags/example_latest_only_with_trigger.py for tasks to queue
[2024-01-17T15:30:01.177+0000] {logging_mixin.py:188} INFO - [2024-01-17T15:30:01.176+0000] {dagbag.py:538} INFO - Filling up the DagBag from /home/airflow/.local/lib/python3.8/site-packages/airflow/example_dags/example_latest_only_with_trigger.py
[2024-01-17T15:30:01.185+0000] {processor.py:840} INFO - DAG(s) 'latest_only_with_trigger' retrieved from /home/airflow/.local/lib/python3.8/site-packages/airflow/example_dags/example_latest_only_with_trigger.py
[2024-01-17T15:30:01.226+0000] {logging_mixin.py:188} INFO - [2024-01-17T15:30:01.226+0000] {dag.py:3033} INFO - Sync 1 DAGs
[2024-01-17T15:30:01.276+0000] {logging_mixin.py:188} INFO - [2024-01-17T15:30:01.275+0000] {dag.py:3820} INFO - Setting next_dagrun for latest_only_with_trigger to 2024-01-17T08:00:00+00:00, run_after=2024-01-17T12:00:00+00:00
[2024-01-17T15:30:01.315+0000] {processor.py:183} INFO - Processing /home/airflow/.local/lib/python3.8/site-packages/airflow/example_dags/example_latest_only_with_trigger.py took 0.147 seconds
[2024-01-17T15:30:32.680+0000] {processor.py:161} INFO - Started process (PID=577) to work on /home/airflow/.local/lib/python3.8/site-packages/airflow/example_dags/example_latest_only_with_trigger.py
[2024-01-17T15:30:32.681+0000] {processor.py:830} INFO - Processing file /home/airflow/.local/lib/python3.8/site-packages/airflow/example_dags/example_latest_only_with_trigger.py for tasks to queue
[2024-01-17T15:30:32.684+0000] {logging_mixin.py:188} INFO - [2024-01-17T15:30:32.684+0000] {dagbag.py:538} INFO - Filling up the DagBag from /home/airflow/.local/lib/python3.8/site-packages/airflow/example_dags/example_latest_only_with_trigger.py
[2024-01-17T15:30:32.694+0000] {processor.py:840} INFO - DAG(s) 'latest_only_with_trigger' retrieved from /home/airflow/.local/lib/python3.8/site-packages/airflow/example_dags/example_latest_only_with_trigger.py
[2024-01-17T15:30:32.833+0000] {logging_mixin.py:188} INFO - [2024-01-17T15:30:32.832+0000] {dag.py:3033} INFO - Sync 1 DAGs
[2024-01-17T15:30:32.929+0000] {logging_mixin.py:188} INFO - [2024-01-17T15:30:32.929+0000] {dag.py:3820} INFO - Setting next_dagrun for latest_only_with_trigger to 2024-01-17T08:00:00+00:00, run_after=2024-01-17T12:00:00+00:00
[2024-01-17T15:30:33.049+0000] {processor.py:183} INFO - Processing /home/airflow/.local/lib/python3.8/site-packages/airflow/example_dags/example_latest_only_with_trigger.py took 0.381 seconds
[2024-01-17T15:31:03.755+0000] {processor.py:161} INFO - Started process (PID=633) to work on /home/airflow/.local/lib/python3.8/site-packages/airflow/example_dags/example_latest_only_with_trigger.py
[2024-01-17T15:31:03.757+0000] {processor.py:830} INFO - Processing file /home/airflow/.local/lib/python3.8/site-packages/airflow/example_dags/example_latest_only_with_trigger.py for tasks to queue
[2024-01-17T15:31:03.759+0000] {logging_mixin.py:188} INFO - [2024-01-17T15:31:03.759+0000] {dagbag.py:538} INFO - Filling up the DagBag from /home/airflow/.local/lib/python3.8/site-packages/airflow/example_dags/example_latest_only_with_trigger.py
[2024-01-17T15:31:03.766+0000] {processor.py:840} INFO - DAG(s) 'latest_only_with_trigger' retrieved from /home/airflow/.local/lib/python3.8/site-packages/airflow/example_dags/example_latest_only_with_trigger.py
[2024-01-17T15:31:03.790+0000] {logging_mixin.py:188} INFO - [2024-01-17T15:31:03.790+0000] {dag.py:3033} INFO - Sync 1 DAGs
[2024-01-17T15:31:03.815+0000] {logging_mixin.py:188} INFO - [2024-01-17T15:31:03.815+0000] {dag.py:3820} INFO - Setting next_dagrun for latest_only_with_trigger to 2024-01-17T08:00:00+00:00, run_after=2024-01-17T12:00:00+00:00
[2024-01-17T15:31:03.836+0000] {processor.py:183} INFO - Processing /home/airflow/.local/lib/python3.8/site-packages/airflow/example_dags/example_latest_only_with_trigger.py took 0.089 seconds
[2024-01-17T15:31:34.043+0000] {processor.py:161} INFO - Started process (PID=688) to work on /home/airflow/.local/lib/python3.8/site-packages/airflow/example_dags/example_latest_only_with_trigger.py
[2024-01-17T15:31:34.045+0000] {processor.py:830} INFO - Processing file /home/airflow/.local/lib/python3.8/site-packages/airflow/example_dags/example_latest_only_with_trigger.py for tasks to queue
[2024-01-17T15:31:34.048+0000] {logging_mixin.py:188} INFO - [2024-01-17T15:31:34.047+0000] {dagbag.py:538} INFO - Filling up the DagBag from /home/airflow/.local/lib/python3.8/site-packages/airflow/example_dags/example_latest_only_with_trigger.py
[2024-01-17T15:31:34.064+0000] {processor.py:840} INFO - DAG(s) 'latest_only_with_trigger' retrieved from /home/airflow/.local/lib/python3.8/site-packages/airflow/example_dags/example_latest_only_with_trigger.py
[2024-01-17T15:31:34.102+0000] {logging_mixin.py:188} INFO - [2024-01-17T15:31:34.102+0000] {dag.py:3033} INFO - Sync 1 DAGs
[2024-01-17T15:31:34.148+0000] {logging_mixin.py:188} INFO - [2024-01-17T15:31:34.148+0000] {dag.py:3820} INFO - Setting next_dagrun for latest_only_with_trigger to 2024-01-17T08:00:00+00:00, run_after=2024-01-17T12:00:00+00:00
[2024-01-17T15:31:34.379+0000] {processor.py:183} INFO - Processing /home/airflow/.local/lib/python3.8/site-packages/airflow/example_dags/example_latest_only_with_trigger.py took 0.342 seconds
