[2024-01-17T15:13:14.283+0000] {processor.py:161} INFO - Started process (PID=93) to work on /home/airflow/.local/lib/python3.8/site-packages/airflow/example_dags/example_sensors.py
[2024-01-17T15:13:14.284+0000] {processor.py:830} INFO - Processing file /home/airflow/.local/lib/python3.8/site-packages/airflow/example_dags/example_sensors.py for tasks to queue
[2024-01-17T15:13:14.287+0000] {logging_mixin.py:188} INFO - [2024-01-17T15:13:14.287+0000] {dagbag.py:538} INFO - Filling up the DagBag from /home/airflow/.local/lib/python3.8/site-packages/airflow/example_dags/example_sensors.py
[2024-01-17T15:13:14.334+0000] {processor.py:840} INFO - DAG(s) 'example_sensors' retrieved from /home/airflow/.local/lib/python3.8/site-packages/airflow/example_dags/example_sensors.py
[2024-01-17T15:13:14.577+0000] {logging_mixin.py:188} INFO - [2024-01-17T15:13:14.577+0000] {dag.py:3033} INFO - Sync 1 DAGs
[2024-01-17T15:13:14.615+0000] {logging_mixin.py:188} INFO - [2024-01-17T15:13:14.615+0000] {dag.py:3820} INFO - Setting next_dagrun for example_sensors to None, run_after=None
[2024-01-17T15:13:14.702+0000] {processor.py:183} INFO - Processing /home/airflow/.local/lib/python3.8/site-packages/airflow/example_dags/example_sensors.py took 0.425 seconds
[2024-01-17T15:13:45.031+0000] {processor.py:161} INFO - Started process (PID=148) to work on /home/airflow/.local/lib/python3.8/site-packages/airflow/example_dags/example_sensors.py
[2024-01-17T15:13:45.035+0000] {processor.py:830} INFO - Processing file /home/airflow/.local/lib/python3.8/site-packages/airflow/example_dags/example_sensors.py for tasks to queue
[2024-01-17T15:13:45.043+0000] {logging_mixin.py:188} INFO - [2024-01-17T15:13:45.043+0000] {dagbag.py:538} INFO - Filling up the DagBag from /home/airflow/.local/lib/python3.8/site-packages/airflow/example_dags/example_sensors.py
[2024-01-17T15:13:45.087+0000] {processor.py:840} INFO - DAG(s) 'example_sensors' retrieved from /home/airflow/.local/lib/python3.8/site-packages/airflow/example_dags/example_sensors.py
[2024-01-17T15:13:45.122+0000] {logging_mixin.py:188} INFO - [2024-01-17T15:13:45.122+0000] {dag.py:3033} INFO - Sync 1 DAGs
[2024-01-17T15:13:45.145+0000] {logging_mixin.py:188} INFO - [2024-01-17T15:13:45.145+0000] {dag.py:3820} INFO - Setting next_dagrun for example_sensors to None, run_after=None
[2024-01-17T15:13:45.282+0000] {processor.py:183} INFO - Processing /home/airflow/.local/lib/python3.8/site-packages/airflow/example_dags/example_sensors.py took 0.255 seconds
[2024-01-17T15:14:16.290+0000] {processor.py:161} INFO - Started process (PID=202) to work on /home/airflow/.local/lib/python3.8/site-packages/airflow/example_dags/example_sensors.py
[2024-01-17T15:14:16.291+0000] {processor.py:830} INFO - Processing file /home/airflow/.local/lib/python3.8/site-packages/airflow/example_dags/example_sensors.py for tasks to queue
[2024-01-17T15:14:16.294+0000] {logging_mixin.py:188} INFO - [2024-01-17T15:14:16.293+0000] {dagbag.py:538} INFO - Filling up the DagBag from /home/airflow/.local/lib/python3.8/site-packages/airflow/example_dags/example_sensors.py
[2024-01-17T15:14:16.309+0000] {processor.py:840} INFO - DAG(s) 'example_sensors' retrieved from /home/airflow/.local/lib/python3.8/site-packages/airflow/example_dags/example_sensors.py
[2024-01-17T15:14:16.511+0000] {logging_mixin.py:188} INFO - [2024-01-17T15:14:16.511+0000] {dag.py:3033} INFO - Sync 1 DAGs
[2024-01-17T15:14:16.530+0000] {logging_mixin.py:188} INFO - [2024-01-17T15:14:16.530+0000] {dag.py:3820} INFO - Setting next_dagrun for example_sensors to None, run_after=None
[2024-01-17T15:14:16.563+0000] {processor.py:183} INFO - Processing /home/airflow/.local/lib/python3.8/site-packages/airflow/example_dags/example_sensors.py took 0.278 seconds
[2024-01-17T15:14:47.322+0000] {processor.py:161} INFO - Started process (PID=257) to work on /home/airflow/.local/lib/python3.8/site-packages/airflow/example_dags/example_sensors.py
[2024-01-17T15:14:47.323+0000] {processor.py:830} INFO - Processing file /home/airflow/.local/lib/python3.8/site-packages/airflow/example_dags/example_sensors.py for tasks to queue
[2024-01-17T15:14:47.326+0000] {logging_mixin.py:188} INFO - [2024-01-17T15:14:47.326+0000] {dagbag.py:538} INFO - Filling up the DagBag from /home/airflow/.local/lib/python3.8/site-packages/airflow/example_dags/example_sensors.py
[2024-01-17T15:14:47.340+0000] {processor.py:840} INFO - DAG(s) 'example_sensors' retrieved from /home/airflow/.local/lib/python3.8/site-packages/airflow/example_dags/example_sensors.py
[2024-01-17T15:14:47.374+0000] {logging_mixin.py:188} INFO - [2024-01-17T15:14:47.373+0000] {dag.py:3033} INFO - Sync 1 DAGs
[2024-01-17T15:14:47.387+0000] {logging_mixin.py:188} INFO - [2024-01-17T15:14:47.387+0000] {dag.py:3820} INFO - Setting next_dagrun for example_sensors to None, run_after=None
[2024-01-17T15:14:47.408+0000] {processor.py:183} INFO - Processing /home/airflow/.local/lib/python3.8/site-packages/airflow/example_dags/example_sensors.py took 0.089 seconds
[2024-01-17T15:15:18.231+0000] {processor.py:161} INFO - Started process (PID=311) to work on /home/airflow/.local/lib/python3.8/site-packages/airflow/example_dags/example_sensors.py
[2024-01-17T15:15:18.239+0000] {processor.py:830} INFO - Processing file /home/airflow/.local/lib/python3.8/site-packages/airflow/example_dags/example_sensors.py for tasks to queue
[2024-01-17T15:15:18.242+0000] {logging_mixin.py:188} INFO - [2024-01-17T15:15:18.241+0000] {dagbag.py:538} INFO - Filling up the DagBag from /home/airflow/.local/lib/python3.8/site-packages/airflow/example_dags/example_sensors.py
[2024-01-17T15:15:18.315+0000] {processor.py:840} INFO - DAG(s) 'example_sensors' retrieved from /home/airflow/.local/lib/python3.8/site-packages/airflow/example_dags/example_sensors.py
[2024-01-17T15:15:18.360+0000] {logging_mixin.py:188} INFO - [2024-01-17T15:15:18.359+0000] {dag.py:3033} INFO - Sync 1 DAGs
[2024-01-17T15:15:18.375+0000] {logging_mixin.py:188} INFO - [2024-01-17T15:15:18.375+0000] {dag.py:3820} INFO - Setting next_dagrun for example_sensors to None, run_after=None
[2024-01-17T15:15:18.529+0000] {processor.py:183} INFO - Processing /home/airflow/.local/lib/python3.8/site-packages/airflow/example_dags/example_sensors.py took 0.303 seconds
[2024-01-17T15:15:48.653+0000] {processor.py:161} INFO - Started process (PID=367) to work on /home/airflow/.local/lib/python3.8/site-packages/airflow/example_dags/example_sensors.py
[2024-01-17T15:15:48.655+0000] {processor.py:830} INFO - Processing file /home/airflow/.local/lib/python3.8/site-packages/airflow/example_dags/example_sensors.py for tasks to queue
[2024-01-17T15:15:48.657+0000] {logging_mixin.py:188} INFO - [2024-01-17T15:15:48.657+0000] {dagbag.py:538} INFO - Filling up the DagBag from /home/airflow/.local/lib/python3.8/site-packages/airflow/example_dags/example_sensors.py
[2024-01-17T15:15:48.668+0000] {processor.py:840} INFO - DAG(s) 'example_sensors' retrieved from /home/airflow/.local/lib/python3.8/site-packages/airflow/example_dags/example_sensors.py
[2024-01-17T15:15:48.696+0000] {logging_mixin.py:188} INFO - [2024-01-17T15:15:48.696+0000] {dag.py:3033} INFO - Sync 1 DAGs
[2024-01-17T15:15:48.709+0000] {logging_mixin.py:188} INFO - [2024-01-17T15:15:48.709+0000] {dag.py:3820} INFO - Setting next_dagrun for example_sensors to None, run_after=None
[2024-01-17T15:15:48.829+0000] {processor.py:183} INFO - Processing /home/airflow/.local/lib/python3.8/site-packages/airflow/example_dags/example_sensors.py took 0.182 seconds
[2024-01-17T15:16:19.038+0000] {processor.py:161} INFO - Started process (PID=421) to work on /home/airflow/.local/lib/python3.8/site-packages/airflow/example_dags/example_sensors.py
[2024-01-17T15:16:19.039+0000] {processor.py:830} INFO - Processing file /home/airflow/.local/lib/python3.8/site-packages/airflow/example_dags/example_sensors.py for tasks to queue
[2024-01-17T15:16:19.043+0000] {logging_mixin.py:188} INFO - [2024-01-17T15:16:19.042+0000] {dagbag.py:538} INFO - Filling up the DagBag from /home/airflow/.local/lib/python3.8/site-packages/airflow/example_dags/example_sensors.py
[2024-01-17T15:16:19.062+0000] {processor.py:840} INFO - DAG(s) 'example_sensors' retrieved from /home/airflow/.local/lib/python3.8/site-packages/airflow/example_dags/example_sensors.py
[2024-01-17T15:16:19.095+0000] {logging_mixin.py:188} INFO - [2024-01-17T15:16:19.095+0000] {dag.py:3033} INFO - Sync 1 DAGs
[2024-01-17T15:16:19.110+0000] {logging_mixin.py:188} INFO - [2024-01-17T15:16:19.110+0000] {dag.py:3820} INFO - Setting next_dagrun for example_sensors to None, run_after=None
[2024-01-17T15:16:19.131+0000] {processor.py:183} INFO - Processing /home/airflow/.local/lib/python3.8/site-packages/airflow/example_dags/example_sensors.py took 0.098 seconds
[2024-01-17T15:16:49.635+0000] {processor.py:161} INFO - Started process (PID=475) to work on /home/airflow/.local/lib/python3.8/site-packages/airflow/example_dags/example_sensors.py
[2024-01-17T15:16:49.636+0000] {processor.py:830} INFO - Processing file /home/airflow/.local/lib/python3.8/site-packages/airflow/example_dags/example_sensors.py for tasks to queue
[2024-01-17T15:16:49.638+0000] {logging_mixin.py:188} INFO - [2024-01-17T15:16:49.638+0000] {dagbag.py:538} INFO - Filling up the DagBag from /home/airflow/.local/lib/python3.8/site-packages/airflow/example_dags/example_sensors.py
[2024-01-17T15:16:49.654+0000] {processor.py:840} INFO - DAG(s) 'example_sensors' retrieved from /home/airflow/.local/lib/python3.8/site-packages/airflow/example_dags/example_sensors.py
[2024-01-17T15:16:49.687+0000] {logging_mixin.py:188} INFO - [2024-01-17T15:16:49.686+0000] {dag.py:3033} INFO - Sync 1 DAGs
[2024-01-17T15:16:49.703+0000] {logging_mixin.py:188} INFO - [2024-01-17T15:16:49.703+0000] {dag.py:3820} INFO - Setting next_dagrun for example_sensors to None, run_after=None
[2024-01-17T15:16:49.725+0000] {processor.py:183} INFO - Processing /home/airflow/.local/lib/python3.8/site-packages/airflow/example_dags/example_sensors.py took 0.094 seconds
[2024-01-17T15:17:20.253+0000] {processor.py:161} INFO - Started process (PID=530) to work on /home/airflow/.local/lib/python3.8/site-packages/airflow/example_dags/example_sensors.py
[2024-01-17T15:17:20.254+0000] {processor.py:830} INFO - Processing file /home/airflow/.local/lib/python3.8/site-packages/airflow/example_dags/example_sensors.py for tasks to queue
[2024-01-17T15:17:20.256+0000] {logging_mixin.py:188} INFO - [2024-01-17T15:17:20.256+0000] {dagbag.py:538} INFO - Filling up the DagBag from /home/airflow/.local/lib/python3.8/site-packages/airflow/example_dags/example_sensors.py
[2024-01-17T15:17:20.274+0000] {processor.py:840} INFO - DAG(s) 'example_sensors' retrieved from /home/airflow/.local/lib/python3.8/site-packages/airflow/example_dags/example_sensors.py
[2024-01-17T15:17:20.326+0000] {logging_mixin.py:188} INFO - [2024-01-17T15:17:20.326+0000] {dag.py:3033} INFO - Sync 1 DAGs
[2024-01-17T15:17:20.353+0000] {logging_mixin.py:188} INFO - [2024-01-17T15:17:20.352+0000] {dag.py:3820} INFO - Setting next_dagrun for example_sensors to None, run_after=None
[2024-01-17T15:17:20.399+0000] {processor.py:183} INFO - Processing /home/airflow/.local/lib/python3.8/site-packages/airflow/example_dags/example_sensors.py took 0.151 seconds
[2024-01-17T15:17:50.867+0000] {processor.py:161} INFO - Started process (PID=585) to work on /home/airflow/.local/lib/python3.8/site-packages/airflow/example_dags/example_sensors.py
[2024-01-17T15:17:50.868+0000] {processor.py:830} INFO - Processing file /home/airflow/.local/lib/python3.8/site-packages/airflow/example_dags/example_sensors.py for tasks to queue
[2024-01-17T15:17:50.871+0000] {logging_mixin.py:188} INFO - [2024-01-17T15:17:50.871+0000] {dagbag.py:538} INFO - Filling up the DagBag from /home/airflow/.local/lib/python3.8/site-packages/airflow/example_dags/example_sensors.py
[2024-01-17T15:17:50.886+0000] {processor.py:840} INFO - DAG(s) 'example_sensors' retrieved from /home/airflow/.local/lib/python3.8/site-packages/airflow/example_dags/example_sensors.py
[2024-01-17T15:17:50.918+0000] {logging_mixin.py:188} INFO - [2024-01-17T15:17:50.918+0000] {dag.py:3033} INFO - Sync 1 DAGs
[2024-01-17T15:17:50.937+0000] {logging_mixin.py:188} INFO - [2024-01-17T15:17:50.937+0000] {dag.py:3820} INFO - Setting next_dagrun for example_sensors to None, run_after=None
[2024-01-17T15:17:50.964+0000] {processor.py:183} INFO - Processing /home/airflow/.local/lib/python3.8/site-packages/airflow/example_dags/example_sensors.py took 0.101 seconds
[2024-01-17T15:18:21.750+0000] {processor.py:161} INFO - Started process (PID=640) to work on /home/airflow/.local/lib/python3.8/site-packages/airflow/example_dags/example_sensors.py
[2024-01-17T15:18:21.751+0000] {processor.py:830} INFO - Processing file /home/airflow/.local/lib/python3.8/site-packages/airflow/example_dags/example_sensors.py for tasks to queue
[2024-01-17T15:18:21.753+0000] {logging_mixin.py:188} INFO - [2024-01-17T15:18:21.752+0000] {dagbag.py:538} INFO - Filling up the DagBag from /home/airflow/.local/lib/python3.8/site-packages/airflow/example_dags/example_sensors.py
[2024-01-17T15:18:21.767+0000] {processor.py:840} INFO - DAG(s) 'example_sensors' retrieved from /home/airflow/.local/lib/python3.8/site-packages/airflow/example_dags/example_sensors.py
[2024-01-17T15:18:21.794+0000] {logging_mixin.py:188} INFO - [2024-01-17T15:18:21.794+0000] {dag.py:3033} INFO - Sync 1 DAGs
[2024-01-17T15:18:21.808+0000] {logging_mixin.py:188} INFO - [2024-01-17T15:18:21.808+0000] {dag.py:3820} INFO - Setting next_dagrun for example_sensors to None, run_after=None
[2024-01-17T15:18:21.828+0000] {processor.py:183} INFO - Processing /home/airflow/.local/lib/python3.8/site-packages/airflow/example_dags/example_sensors.py took 0.082 seconds
[2024-01-17T15:18:52.898+0000] {processor.py:161} INFO - Started process (PID=695) to work on /home/airflow/.local/lib/python3.8/site-packages/airflow/example_dags/example_sensors.py
[2024-01-17T15:18:52.899+0000] {processor.py:830} INFO - Processing file /home/airflow/.local/lib/python3.8/site-packages/airflow/example_dags/example_sensors.py for tasks to queue
[2024-01-17T15:18:52.903+0000] {logging_mixin.py:188} INFO - [2024-01-17T15:18:52.903+0000] {dagbag.py:538} INFO - Filling up the DagBag from /home/airflow/.local/lib/python3.8/site-packages/airflow/example_dags/example_sensors.py
[2024-01-17T15:18:52.921+0000] {processor.py:840} INFO - DAG(s) 'example_sensors' retrieved from /home/airflow/.local/lib/python3.8/site-packages/airflow/example_dags/example_sensors.py
[2024-01-17T15:18:52.956+0000] {logging_mixin.py:188} INFO - [2024-01-17T15:18:52.956+0000] {dag.py:3033} INFO - Sync 1 DAGs
[2024-01-17T15:18:52.972+0000] {logging_mixin.py:188} INFO - [2024-01-17T15:18:52.972+0000] {dag.py:3820} INFO - Setting next_dagrun for example_sensors to None, run_after=None
[2024-01-17T15:18:53.065+0000] {processor.py:183} INFO - Processing /home/airflow/.local/lib/python3.8/site-packages/airflow/example_dags/example_sensors.py took 0.174 seconds
[2024-01-17T15:19:23.945+0000] {processor.py:161} INFO - Started process (PID=750) to work on /home/airflow/.local/lib/python3.8/site-packages/airflow/example_dags/example_sensors.py
[2024-01-17T15:19:23.950+0000] {processor.py:830} INFO - Processing file /home/airflow/.local/lib/python3.8/site-packages/airflow/example_dags/example_sensors.py for tasks to queue
[2024-01-17T15:19:23.953+0000] {logging_mixin.py:188} INFO - [2024-01-17T15:19:23.953+0000] {dagbag.py:538} INFO - Filling up the DagBag from /home/airflow/.local/lib/python3.8/site-packages/airflow/example_dags/example_sensors.py
[2024-01-17T15:19:23.996+0000] {processor.py:840} INFO - DAG(s) 'example_sensors' retrieved from /home/airflow/.local/lib/python3.8/site-packages/airflow/example_dags/example_sensors.py
[2024-01-17T15:19:24.055+0000] {logging_mixin.py:188} INFO - [2024-01-17T15:19:24.054+0000] {dag.py:3033} INFO - Sync 1 DAGs
[2024-01-17T15:19:24.084+0000] {logging_mixin.py:188} INFO - [2024-01-17T15:19:24.083+0000] {dag.py:3820} INFO - Setting next_dagrun for example_sensors to None, run_after=None
[2024-01-17T15:19:24.139+0000] {processor.py:183} INFO - Processing /home/airflow/.local/lib/python3.8/site-packages/airflow/example_dags/example_sensors.py took 0.201 seconds
[2024-01-17T15:19:55.047+0000] {processor.py:161} INFO - Started process (PID=806) to work on /home/airflow/.local/lib/python3.8/site-packages/airflow/example_dags/example_sensors.py
[2024-01-17T15:19:55.049+0000] {processor.py:830} INFO - Processing file /home/airflow/.local/lib/python3.8/site-packages/airflow/example_dags/example_sensors.py for tasks to queue
[2024-01-17T15:19:55.052+0000] {logging_mixin.py:188} INFO - [2024-01-17T15:19:55.051+0000] {dagbag.py:538} INFO - Filling up the DagBag from /home/airflow/.local/lib/python3.8/site-packages/airflow/example_dags/example_sensors.py
[2024-01-17T15:19:55.070+0000] {processor.py:840} INFO - DAG(s) 'example_sensors' retrieved from /home/airflow/.local/lib/python3.8/site-packages/airflow/example_dags/example_sensors.py
[2024-01-17T15:19:55.111+0000] {logging_mixin.py:188} INFO - [2024-01-17T15:19:55.111+0000] {dag.py:3033} INFO - Sync 1 DAGs
[2024-01-17T15:19:55.129+0000] {logging_mixin.py:188} INFO - [2024-01-17T15:19:55.129+0000] {dag.py:3820} INFO - Setting next_dagrun for example_sensors to None, run_after=None
[2024-01-17T15:19:55.160+0000] {processor.py:183} INFO - Processing /home/airflow/.local/lib/python3.8/site-packages/airflow/example_dags/example_sensors.py took 0.117 seconds
[2024-01-17T15:20:26.806+0000] {processor.py:161} INFO - Started process (PID=862) to work on /home/airflow/.local/lib/python3.8/site-packages/airflow/example_dags/example_sensors.py
[2024-01-17T15:20:26.807+0000] {processor.py:830} INFO - Processing file /home/airflow/.local/lib/python3.8/site-packages/airflow/example_dags/example_sensors.py for tasks to queue
[2024-01-17T15:20:26.811+0000] {logging_mixin.py:188} INFO - [2024-01-17T15:20:26.810+0000] {dagbag.py:538} INFO - Filling up the DagBag from /home/airflow/.local/lib/python3.8/site-packages/airflow/example_dags/example_sensors.py
[2024-01-17T15:20:26.832+0000] {processor.py:840} INFO - DAG(s) 'example_sensors' retrieved from /home/airflow/.local/lib/python3.8/site-packages/airflow/example_dags/example_sensors.py
[2024-01-17T15:20:26.879+0000] {logging_mixin.py:188} INFO - [2024-01-17T15:20:26.879+0000] {dag.py:3033} INFO - Sync 1 DAGs
[2024-01-17T15:20:26.902+0000] {logging_mixin.py:188} INFO - [2024-01-17T15:20:26.902+0000] {dag.py:3820} INFO - Setting next_dagrun for example_sensors to None, run_after=None
[2024-01-17T15:20:26.930+0000] {processor.py:183} INFO - Processing /home/airflow/.local/lib/python3.8/site-packages/airflow/example_dags/example_sensors.py took 0.130 seconds
[2024-01-17T15:20:57.907+0000] {processor.py:161} INFO - Started process (PID=918) to work on /home/airflow/.local/lib/python3.8/site-packages/airflow/example_dags/example_sensors.py
[2024-01-17T15:20:57.909+0000] {processor.py:830} INFO - Processing file /home/airflow/.local/lib/python3.8/site-packages/airflow/example_dags/example_sensors.py for tasks to queue
[2024-01-17T15:20:57.911+0000] {logging_mixin.py:188} INFO - [2024-01-17T15:20:57.911+0000] {dagbag.py:538} INFO - Filling up the DagBag from /home/airflow/.local/lib/python3.8/site-packages/airflow/example_dags/example_sensors.py
[2024-01-17T15:20:57.925+0000] {processor.py:840} INFO - DAG(s) 'example_sensors' retrieved from /home/airflow/.local/lib/python3.8/site-packages/airflow/example_dags/example_sensors.py
[2024-01-17T15:20:57.968+0000] {logging_mixin.py:188} INFO - [2024-01-17T15:20:57.967+0000] {dag.py:3033} INFO - Sync 1 DAGs
[2024-01-17T15:20:57.990+0000] {logging_mixin.py:188} INFO - [2024-01-17T15:20:57.989+0000] {dag.py:3820} INFO - Setting next_dagrun for example_sensors to None, run_after=None
[2024-01-17T15:20:58.032+0000] {processor.py:183} INFO - Processing /home/airflow/.local/lib/python3.8/site-packages/airflow/example_dags/example_sensors.py took 0.129 seconds
[2024-01-17T15:21:28.546+0000] {processor.py:161} INFO - Started process (PID=972) to work on /home/airflow/.local/lib/python3.8/site-packages/airflow/example_dags/example_sensors.py
[2024-01-17T15:21:28.547+0000] {processor.py:830} INFO - Processing file /home/airflow/.local/lib/python3.8/site-packages/airflow/example_dags/example_sensors.py for tasks to queue
[2024-01-17T15:21:28.551+0000] {logging_mixin.py:188} INFO - [2024-01-17T15:21:28.550+0000] {dagbag.py:538} INFO - Filling up the DagBag from /home/airflow/.local/lib/python3.8/site-packages/airflow/example_dags/example_sensors.py
[2024-01-17T15:21:28.571+0000] {processor.py:840} INFO - DAG(s) 'example_sensors' retrieved from /home/airflow/.local/lib/python3.8/site-packages/airflow/example_dags/example_sensors.py
[2024-01-17T15:21:28.615+0000] {logging_mixin.py:188} INFO - [2024-01-17T15:21:28.615+0000] {dag.py:3033} INFO - Sync 1 DAGs
[2024-01-17T15:21:28.631+0000] {logging_mixin.py:188} INFO - [2024-01-17T15:21:28.631+0000] {dag.py:3820} INFO - Setting next_dagrun for example_sensors to None, run_after=None
[2024-01-17T15:21:28.657+0000] {processor.py:183} INFO - Processing /home/airflow/.local/lib/python3.8/site-packages/airflow/example_dags/example_sensors.py took 0.114 seconds
[2024-01-17T15:21:59.758+0000] {processor.py:161} INFO - Started process (PID=1026) to work on /home/airflow/.local/lib/python3.8/site-packages/airflow/example_dags/example_sensors.py
[2024-01-17T15:21:59.764+0000] {processor.py:830} INFO - Processing file /home/airflow/.local/lib/python3.8/site-packages/airflow/example_dags/example_sensors.py for tasks to queue
[2024-01-17T15:21:59.766+0000] {logging_mixin.py:188} INFO - [2024-01-17T15:21:59.766+0000] {dagbag.py:538} INFO - Filling up the DagBag from /home/airflow/.local/lib/python3.8/site-packages/airflow/example_dags/example_sensors.py
[2024-01-17T15:21:59.786+0000] {processor.py:840} INFO - DAG(s) 'example_sensors' retrieved from /home/airflow/.local/lib/python3.8/site-packages/airflow/example_dags/example_sensors.py
[2024-01-17T15:21:59.846+0000] {logging_mixin.py:188} INFO - [2024-01-17T15:21:59.845+0000] {dag.py:3033} INFO - Sync 1 DAGs
[2024-01-17T15:21:59.867+0000] {logging_mixin.py:188} INFO - [2024-01-17T15:21:59.867+0000] {dag.py:3820} INFO - Setting next_dagrun for example_sensors to None, run_after=None
[2024-01-17T15:22:00.039+0000] {processor.py:183} INFO - Processing /home/airflow/.local/lib/python3.8/site-packages/airflow/example_dags/example_sensors.py took 0.285 seconds
[2024-01-17T15:25:19.750+0000] {processor.py:161} INFO - Started process (PID=79) to work on /home/airflow/.local/lib/python3.8/site-packages/airflow/example_dags/example_sensors.py
[2024-01-17T15:25:19.847+0000] {processor.py:830} INFO - Processing file /home/airflow/.local/lib/python3.8/site-packages/airflow/example_dags/example_sensors.py for tasks to queue
[2024-01-17T15:25:19.850+0000] {logging_mixin.py:188} INFO - [2024-01-17T15:25:19.850+0000] {dagbag.py:538} INFO - Filling up the DagBag from /home/airflow/.local/lib/python3.8/site-packages/airflow/example_dags/example_sensors.py
[2024-01-17T15:25:19.874+0000] {processor.py:840} INFO - DAG(s) 'example_sensors' retrieved from /home/airflow/.local/lib/python3.8/site-packages/airflow/example_dags/example_sensors.py
[2024-01-17T15:25:19.974+0000] {logging_mixin.py:188} INFO - [2024-01-17T15:25:19.974+0000] {dag.py:3033} INFO - Sync 1 DAGs
[2024-01-17T15:25:20.043+0000] {logging_mixin.py:188} INFO - [2024-01-17T15:25:20.042+0000] {dag.py:3820} INFO - Setting next_dagrun for example_sensors to None, run_after=None
[2024-01-17T15:25:20.140+0000] {processor.py:183} INFO - Processing /home/airflow/.local/lib/python3.8/site-packages/airflow/example_dags/example_sensors.py took 0.407 seconds
[2024-01-17T15:25:50.380+0000] {processor.py:161} INFO - Started process (PID=134) to work on /home/airflow/.local/lib/python3.8/site-packages/airflow/example_dags/example_sensors.py
[2024-01-17T15:25:50.382+0000] {processor.py:830} INFO - Processing file /home/airflow/.local/lib/python3.8/site-packages/airflow/example_dags/example_sensors.py for tasks to queue
[2024-01-17T15:25:50.385+0000] {logging_mixin.py:188} INFO - [2024-01-17T15:25:50.384+0000] {dagbag.py:538} INFO - Filling up the DagBag from /home/airflow/.local/lib/python3.8/site-packages/airflow/example_dags/example_sensors.py
[2024-01-17T15:25:50.414+0000] {processor.py:840} INFO - DAG(s) 'example_sensors' retrieved from /home/airflow/.local/lib/python3.8/site-packages/airflow/example_dags/example_sensors.py
[2024-01-17T15:25:50.471+0000] {logging_mixin.py:188} INFO - [2024-01-17T15:25:50.471+0000] {dag.py:3033} INFO - Sync 1 DAGs
[2024-01-17T15:25:50.529+0000] {logging_mixin.py:188} INFO - [2024-01-17T15:25:50.528+0000] {dag.py:3820} INFO - Setting next_dagrun for example_sensors to None, run_after=None
[2024-01-17T15:25:50.596+0000] {processor.py:183} INFO - Processing /home/airflow/.local/lib/python3.8/site-packages/airflow/example_dags/example_sensors.py took 0.225 seconds
[2024-01-17T15:26:22.104+0000] {processor.py:161} INFO - Started process (PID=190) to work on /home/airflow/.local/lib/python3.8/site-packages/airflow/example_dags/example_sensors.py
[2024-01-17T15:26:22.105+0000] {processor.py:830} INFO - Processing file /home/airflow/.local/lib/python3.8/site-packages/airflow/example_dags/example_sensors.py for tasks to queue
[2024-01-17T15:26:22.116+0000] {logging_mixin.py:188} INFO - [2024-01-17T15:26:22.116+0000] {dagbag.py:538} INFO - Filling up the DagBag from /home/airflow/.local/lib/python3.8/site-packages/airflow/example_dags/example_sensors.py
[2024-01-17T15:26:22.149+0000] {processor.py:840} INFO - DAG(s) 'example_sensors' retrieved from /home/airflow/.local/lib/python3.8/site-packages/airflow/example_dags/example_sensors.py
[2024-01-17T15:26:22.291+0000] {logging_mixin.py:188} INFO - [2024-01-17T15:26:22.291+0000] {dag.py:3033} INFO - Sync 1 DAGs
[2024-01-17T15:26:22.343+0000] {logging_mixin.py:188} INFO - [2024-01-17T15:26:22.343+0000] {dag.py:3820} INFO - Setting next_dagrun for example_sensors to None, run_after=None
[2024-01-17T15:26:22.420+0000] {processor.py:183} INFO - Processing /home/airflow/.local/lib/python3.8/site-packages/airflow/example_dags/example_sensors.py took 0.327 seconds
[2024-01-17T15:26:52.556+0000] {processor.py:161} INFO - Started process (PID=246) to work on /home/airflow/.local/lib/python3.8/site-packages/airflow/example_dags/example_sensors.py
[2024-01-17T15:26:52.558+0000] {processor.py:830} INFO - Processing file /home/airflow/.local/lib/python3.8/site-packages/airflow/example_dags/example_sensors.py for tasks to queue
[2024-01-17T15:26:52.560+0000] {logging_mixin.py:188} INFO - [2024-01-17T15:26:52.560+0000] {dagbag.py:538} INFO - Filling up the DagBag from /home/airflow/.local/lib/python3.8/site-packages/airflow/example_dags/example_sensors.py
[2024-01-17T15:26:52.589+0000] {processor.py:840} INFO - DAG(s) 'example_sensors' retrieved from /home/airflow/.local/lib/python3.8/site-packages/airflow/example_dags/example_sensors.py
[2024-01-17T15:26:52.712+0000] {logging_mixin.py:188} INFO - [2024-01-17T15:26:52.712+0000] {dag.py:3033} INFO - Sync 1 DAGs
[2024-01-17T15:26:52.744+0000] {logging_mixin.py:188} INFO - [2024-01-17T15:26:52.743+0000] {dag.py:3820} INFO - Setting next_dagrun for example_sensors to None, run_after=None
[2024-01-17T15:26:52.821+0000] {processor.py:183} INFO - Processing /home/airflow/.local/lib/python3.8/site-packages/airflow/example_dags/example_sensors.py took 0.291 seconds
[2024-01-17T15:27:23.298+0000] {processor.py:161} INFO - Started process (PID=301) to work on /home/airflow/.local/lib/python3.8/site-packages/airflow/example_dags/example_sensors.py
[2024-01-17T15:27:23.311+0000] {processor.py:830} INFO - Processing file /home/airflow/.local/lib/python3.8/site-packages/airflow/example_dags/example_sensors.py for tasks to queue
[2024-01-17T15:27:23.315+0000] {logging_mixin.py:188} INFO - [2024-01-17T15:27:23.314+0000] {dagbag.py:538} INFO - Filling up the DagBag from /home/airflow/.local/lib/python3.8/site-packages/airflow/example_dags/example_sensors.py
[2024-01-17T15:27:23.373+0000] {processor.py:840} INFO - DAG(s) 'example_sensors' retrieved from /home/airflow/.local/lib/python3.8/site-packages/airflow/example_dags/example_sensors.py
[2024-01-17T15:27:23.481+0000] {logging_mixin.py:188} INFO - [2024-01-17T15:27:23.481+0000] {dag.py:3033} INFO - Sync 1 DAGs
[2024-01-17T15:27:24.174+0000] {logging_mixin.py:188} INFO - [2024-01-17T15:27:24.173+0000] {dag.py:3820} INFO - Setting next_dagrun for example_sensors to None, run_after=None
[2024-01-17T15:27:26.057+0000] {processor.py:183} INFO - Processing /home/airflow/.local/lib/python3.8/site-packages/airflow/example_dags/example_sensors.py took 2.775 seconds
[2024-01-17T15:28:00.672+0000] {processor.py:161} INFO - Started process (PID=357) to work on /home/airflow/.local/lib/python3.8/site-packages/airflow/example_dags/example_sensors.py
[2024-01-17T15:28:00.683+0000] {processor.py:830} INFO - Processing file /home/airflow/.local/lib/python3.8/site-packages/airflow/example_dags/example_sensors.py for tasks to queue
[2024-01-17T15:28:00.686+0000] {logging_mixin.py:188} INFO - [2024-01-17T15:28:00.685+0000] {dagbag.py:538} INFO - Filling up the DagBag from /home/airflow/.local/lib/python3.8/site-packages/airflow/example_dags/example_sensors.py
[2024-01-17T15:28:00.706+0000] {processor.py:840} INFO - DAG(s) 'example_sensors' retrieved from /home/airflow/.local/lib/python3.8/site-packages/airflow/example_dags/example_sensors.py
[2024-01-17T15:28:00.809+0000] {logging_mixin.py:188} INFO - [2024-01-17T15:28:00.808+0000] {dag.py:3033} INFO - Sync 1 DAGs
[2024-01-17T15:28:00.884+0000] {logging_mixin.py:188} INFO - [2024-01-17T15:28:00.884+0000] {dag.py:3820} INFO - Setting next_dagrun for example_sensors to None, run_after=None
[2024-01-17T15:28:00.943+0000] {processor.py:183} INFO - Processing /home/airflow/.local/lib/python3.8/site-packages/airflow/example_dags/example_sensors.py took 0.317 seconds
[2024-01-17T15:28:37.308+0000] {processor.py:161} INFO - Started process (PID=418) to work on /home/airflow/.local/lib/python3.8/site-packages/airflow/example_dags/example_sensors.py
[2024-01-17T15:28:37.311+0000] {processor.py:830} INFO - Processing file /home/airflow/.local/lib/python3.8/site-packages/airflow/example_dags/example_sensors.py for tasks to queue
[2024-01-17T15:28:37.319+0000] {logging_mixin.py:188} INFO - [2024-01-17T15:28:37.318+0000] {dagbag.py:538} INFO - Filling up the DagBag from /home/airflow/.local/lib/python3.8/site-packages/airflow/example_dags/example_sensors.py
[2024-01-17T15:28:37.365+0000] {processor.py:840} INFO - DAG(s) 'example_sensors' retrieved from /home/airflow/.local/lib/python3.8/site-packages/airflow/example_dags/example_sensors.py
[2024-01-17T15:28:37.396+0000] {logging_mixin.py:188} INFO - [2024-01-17T15:28:37.395+0000] {dag.py:3033} INFO - Sync 1 DAGs
[2024-01-17T15:28:37.429+0000] {logging_mixin.py:188} INFO - [2024-01-17T15:28:37.427+0000] {dag.py:3820} INFO - Setting next_dagrun for example_sensors to None, run_after=None
[2024-01-17T15:28:37.499+0000] {processor.py:183} INFO - Processing /home/airflow/.local/lib/python3.8/site-packages/airflow/example_dags/example_sensors.py took 0.205 seconds
[2024-01-17T15:29:09.377+0000] {processor.py:161} INFO - Started process (PID=474) to work on /home/airflow/.local/lib/python3.8/site-packages/airflow/example_dags/example_sensors.py
[2024-01-17T15:29:09.379+0000] {processor.py:830} INFO - Processing file /home/airflow/.local/lib/python3.8/site-packages/airflow/example_dags/example_sensors.py for tasks to queue
[2024-01-17T15:29:09.382+0000] {logging_mixin.py:188} INFO - [2024-01-17T15:29:09.382+0000] {dagbag.py:538} INFO - Filling up the DagBag from /home/airflow/.local/lib/python3.8/site-packages/airflow/example_dags/example_sensors.py
[2024-01-17T15:29:09.405+0000] {processor.py:840} INFO - DAG(s) 'example_sensors' retrieved from /home/airflow/.local/lib/python3.8/site-packages/airflow/example_dags/example_sensors.py
[2024-01-17T15:29:09.621+0000] {logging_mixin.py:188} INFO - [2024-01-17T15:29:09.621+0000] {dag.py:3033} INFO - Sync 1 DAGs
[2024-01-17T15:29:09.644+0000] {logging_mixin.py:188} INFO - [2024-01-17T15:29:09.644+0000] {dag.py:3820} INFO - Setting next_dagrun for example_sensors to None, run_after=None
[2024-01-17T15:29:09.674+0000] {processor.py:183} INFO - Processing /home/airflow/.local/lib/python3.8/site-packages/airflow/example_dags/example_sensors.py took 0.303 seconds
[2024-01-17T15:30:03.340+0000] {processor.py:161} INFO - Started process (PID=542) to work on /home/airflow/.local/lib/python3.8/site-packages/airflow/example_dags/example_sensors.py
[2024-01-17T15:30:03.342+0000] {processor.py:830} INFO - Processing file /home/airflow/.local/lib/python3.8/site-packages/airflow/example_dags/example_sensors.py for tasks to queue
[2024-01-17T15:30:03.345+0000] {logging_mixin.py:188} INFO - [2024-01-17T15:30:03.344+0000] {dagbag.py:538} INFO - Filling up the DagBag from /home/airflow/.local/lib/python3.8/site-packages/airflow/example_dags/example_sensors.py
[2024-01-17T15:30:03.360+0000] {processor.py:840} INFO - DAG(s) 'example_sensors' retrieved from /home/airflow/.local/lib/python3.8/site-packages/airflow/example_dags/example_sensors.py
[2024-01-17T15:30:03.433+0000] {logging_mixin.py:188} INFO - [2024-01-17T15:30:03.432+0000] {dag.py:3033} INFO - Sync 1 DAGs
[2024-01-17T15:30:03.476+0000] {logging_mixin.py:188} INFO - [2024-01-17T15:30:03.475+0000] {dag.py:3820} INFO - Setting next_dagrun for example_sensors to None, run_after=None
[2024-01-17T15:30:03.541+0000] {processor.py:183} INFO - Processing /home/airflow/.local/lib/python3.8/site-packages/airflow/example_dags/example_sensors.py took 0.207 seconds
[2024-01-17T15:30:36.702+0000] {processor.py:161} INFO - Started process (PID=597) to work on /home/airflow/.local/lib/python3.8/site-packages/airflow/example_dags/example_sensors.py
[2024-01-17T15:30:36.708+0000] {processor.py:830} INFO - Processing file /home/airflow/.local/lib/python3.8/site-packages/airflow/example_dags/example_sensors.py for tasks to queue
[2024-01-17T15:30:36.711+0000] {logging_mixin.py:188} INFO - [2024-01-17T15:30:36.710+0000] {dagbag.py:538} INFO - Filling up the DagBag from /home/airflow/.local/lib/python3.8/site-packages/airflow/example_dags/example_sensors.py
[2024-01-17T15:30:36.747+0000] {processor.py:840} INFO - DAG(s) 'example_sensors' retrieved from /home/airflow/.local/lib/python3.8/site-packages/airflow/example_dags/example_sensors.py
[2024-01-17T15:30:36.797+0000] {logging_mixin.py:188} INFO - [2024-01-17T15:30:36.797+0000] {dag.py:3033} INFO - Sync 1 DAGs
[2024-01-17T15:30:36.848+0000] {logging_mixin.py:188} INFO - [2024-01-17T15:30:36.847+0000] {dag.py:3820} INFO - Setting next_dagrun for example_sensors to None, run_after=None
[2024-01-17T15:30:36.894+0000] {processor.py:183} INFO - Processing /home/airflow/.local/lib/python3.8/site-packages/airflow/example_dags/example_sensors.py took 0.210 seconds
[2024-01-17T15:31:07.733+0000] {processor.py:161} INFO - Started process (PID=653) to work on /home/airflow/.local/lib/python3.8/site-packages/airflow/example_dags/example_sensors.py
[2024-01-17T15:31:07.734+0000] {processor.py:830} INFO - Processing file /home/airflow/.local/lib/python3.8/site-packages/airflow/example_dags/example_sensors.py for tasks to queue
[2024-01-17T15:31:07.737+0000] {logging_mixin.py:188} INFO - [2024-01-17T15:31:07.737+0000] {dagbag.py:538} INFO - Filling up the DagBag from /home/airflow/.local/lib/python3.8/site-packages/airflow/example_dags/example_sensors.py
[2024-01-17T15:31:07.753+0000] {processor.py:840} INFO - DAG(s) 'example_sensors' retrieved from /home/airflow/.local/lib/python3.8/site-packages/airflow/example_dags/example_sensors.py
[2024-01-17T15:31:07.796+0000] {logging_mixin.py:188} INFO - [2024-01-17T15:31:07.795+0000] {dag.py:3033} INFO - Sync 1 DAGs
[2024-01-17T15:31:07.817+0000] {logging_mixin.py:188} INFO - [2024-01-17T15:31:07.817+0000] {dag.py:3820} INFO - Setting next_dagrun for example_sensors to None, run_after=None
[2024-01-17T15:31:07.848+0000] {processor.py:183} INFO - Processing /home/airflow/.local/lib/python3.8/site-packages/airflow/example_dags/example_sensors.py took 0.119 seconds
[2024-01-17T15:31:38.598+0000] {processor.py:161} INFO - Started process (PID=708) to work on /home/airflow/.local/lib/python3.8/site-packages/airflow/example_dags/example_sensors.py
[2024-01-17T15:31:38.599+0000] {processor.py:830} INFO - Processing file /home/airflow/.local/lib/python3.8/site-packages/airflow/example_dags/example_sensors.py for tasks to queue
[2024-01-17T15:31:38.601+0000] {logging_mixin.py:188} INFO - [2024-01-17T15:31:38.600+0000] {dagbag.py:538} INFO - Filling up the DagBag from /home/airflow/.local/lib/python3.8/site-packages/airflow/example_dags/example_sensors.py
[2024-01-17T15:31:38.612+0000] {processor.py:840} INFO - DAG(s) 'example_sensors' retrieved from /home/airflow/.local/lib/python3.8/site-packages/airflow/example_dags/example_sensors.py
[2024-01-17T15:31:38.640+0000] {logging_mixin.py:188} INFO - [2024-01-17T15:31:38.640+0000] {dag.py:3033} INFO - Sync 1 DAGs
[2024-01-17T15:31:38.653+0000] {logging_mixin.py:188} INFO - [2024-01-17T15:31:38.653+0000] {dag.py:3820} INFO - Setting next_dagrun for example_sensors to None, run_after=None
[2024-01-17T15:31:38.674+0000] {processor.py:183} INFO - Processing /home/airflow/.local/lib/python3.8/site-packages/airflow/example_dags/example_sensors.py took 0.080 seconds
[2024-01-17T15:32:09.422+0000] {processor.py:161} INFO - Started process (PID=763) to work on /home/airflow/.local/lib/python3.8/site-packages/airflow/example_dags/example_sensors.py
[2024-01-17T15:32:09.423+0000] {processor.py:830} INFO - Processing file /home/airflow/.local/lib/python3.8/site-packages/airflow/example_dags/example_sensors.py for tasks to queue
[2024-01-17T15:32:09.427+0000] {logging_mixin.py:188} INFO - [2024-01-17T15:32:09.426+0000] {dagbag.py:538} INFO - Filling up the DagBag from /home/airflow/.local/lib/python3.8/site-packages/airflow/example_dags/example_sensors.py
[2024-01-17T15:32:09.442+0000] {processor.py:840} INFO - DAG(s) 'example_sensors' retrieved from /home/airflow/.local/lib/python3.8/site-packages/airflow/example_dags/example_sensors.py
[2024-01-17T15:32:09.486+0000] {logging_mixin.py:188} INFO - [2024-01-17T15:32:09.485+0000] {dag.py:3033} INFO - Sync 1 DAGs
[2024-01-17T15:32:09.504+0000] {logging_mixin.py:188} INFO - [2024-01-17T15:32:09.504+0000] {dag.py:3820} INFO - Setting next_dagrun for example_sensors to None, run_after=None
[2024-01-17T15:32:09.537+0000] {processor.py:183} INFO - Processing /home/airflow/.local/lib/python3.8/site-packages/airflow/example_dags/example_sensors.py took 0.121 seconds
