[2024-01-17T15:13:11.452+0000] {processor.py:161} INFO - Started process (PID=79) to work on /home/airflow/.local/lib/python3.8/site-packages/airflow/example_dags/example_setup_teardown.py
[2024-01-17T15:13:11.455+0000] {processor.py:830} INFO - Processing file /home/airflow/.local/lib/python3.8/site-packages/airflow/example_dags/example_setup_teardown.py for tasks to queue
[2024-01-17T15:13:11.466+0000] {logging_mixin.py:188} INFO - [2024-01-17T15:13:11.463+0000] {dagbag.py:538} INFO - Filling up the DagBag from /home/airflow/.local/lib/python3.8/site-packages/airflow/example_dags/example_setup_teardown.py
[2024-01-17T15:13:11.506+0000] {processor.py:840} INFO - DAG(s) 'example_setup_teardown' retrieved from /home/airflow/.local/lib/python3.8/site-packages/airflow/example_dags/example_setup_teardown.py
[2024-01-17T15:13:12.017+0000] {logging_mixin.py:188} INFO - [2024-01-17T15:13:12.016+0000] {dag.py:3033} INFO - Sync 1 DAGs
[2024-01-17T15:13:12.245+0000] {logging_mixin.py:188} INFO - [2024-01-17T15:13:12.244+0000] {dag.py:3820} INFO - Setting next_dagrun for example_setup_teardown to 2024-01-16T00:00:00+00:00, run_after=2024-01-17T00:00:00+00:00
[2024-01-17T15:13:12.331+0000] {processor.py:183} INFO - Processing /home/airflow/.local/lib/python3.8/site-packages/airflow/example_dags/example_setup_teardown.py took 0.885 seconds
[2024-01-17T15:13:42.534+0000] {processor.py:161} INFO - Started process (PID=134) to work on /home/airflow/.local/lib/python3.8/site-packages/airflow/example_dags/example_setup_teardown.py
[2024-01-17T15:13:42.554+0000] {processor.py:830} INFO - Processing file /home/airflow/.local/lib/python3.8/site-packages/airflow/example_dags/example_setup_teardown.py for tasks to queue
[2024-01-17T15:13:42.558+0000] {logging_mixin.py:188} INFO - [2024-01-17T15:13:42.557+0000] {dagbag.py:538} INFO - Filling up the DagBag from /home/airflow/.local/lib/python3.8/site-packages/airflow/example_dags/example_setup_teardown.py
[2024-01-17T15:13:42.583+0000] {processor.py:840} INFO - DAG(s) 'example_setup_teardown' retrieved from /home/airflow/.local/lib/python3.8/site-packages/airflow/example_dags/example_setup_teardown.py
[2024-01-17T15:13:42.638+0000] {logging_mixin.py:188} INFO - [2024-01-17T15:13:42.637+0000] {dag.py:3033} INFO - Sync 1 DAGs
[2024-01-17T15:13:42.760+0000] {logging_mixin.py:188} INFO - [2024-01-17T15:13:42.760+0000] {dag.py:3820} INFO - Setting next_dagrun for example_setup_teardown to 2024-01-16T00:00:00+00:00, run_after=2024-01-17T00:00:00+00:00
[2024-01-17T15:13:42.862+0000] {processor.py:183} INFO - Processing /home/airflow/.local/lib/python3.8/site-packages/airflow/example_dags/example_setup_teardown.py took 0.334 seconds
[2024-01-17T15:14:13.662+0000] {processor.py:161} INFO - Started process (PID=194) to work on /home/airflow/.local/lib/python3.8/site-packages/airflow/example_dags/example_setup_teardown.py
[2024-01-17T15:14:13.664+0000] {processor.py:830} INFO - Processing file /home/airflow/.local/lib/python3.8/site-packages/airflow/example_dags/example_setup_teardown.py for tasks to queue
[2024-01-17T15:14:13.666+0000] {logging_mixin.py:188} INFO - [2024-01-17T15:14:13.666+0000] {dagbag.py:538} INFO - Filling up the DagBag from /home/airflow/.local/lib/python3.8/site-packages/airflow/example_dags/example_setup_teardown.py
[2024-01-17T15:14:13.676+0000] {processor.py:840} INFO - DAG(s) 'example_setup_teardown' retrieved from /home/airflow/.local/lib/python3.8/site-packages/airflow/example_dags/example_setup_teardown.py
[2024-01-17T15:14:13.930+0000] {logging_mixin.py:188} INFO - [2024-01-17T15:14:13.929+0000] {dag.py:3033} INFO - Sync 1 DAGs
[2024-01-17T15:14:13.970+0000] {logging_mixin.py:188} INFO - [2024-01-17T15:14:13.970+0000] {dag.py:3820} INFO - Setting next_dagrun for example_setup_teardown to 2024-01-16T00:00:00+00:00, run_after=2024-01-17T00:00:00+00:00
[2024-01-17T15:14:14.004+0000] {processor.py:183} INFO - Processing /home/airflow/.local/lib/python3.8/site-packages/airflow/example_dags/example_setup_teardown.py took 0.345 seconds
[2024-01-17T15:14:44.531+0000] {processor.py:161} INFO - Started process (PID=249) to work on /home/airflow/.local/lib/python3.8/site-packages/airflow/example_dags/example_setup_teardown.py
[2024-01-17T15:14:44.532+0000] {processor.py:830} INFO - Processing file /home/airflow/.local/lib/python3.8/site-packages/airflow/example_dags/example_setup_teardown.py for tasks to queue
[2024-01-17T15:14:44.534+0000] {logging_mixin.py:188} INFO - [2024-01-17T15:14:44.534+0000] {dagbag.py:538} INFO - Filling up the DagBag from /home/airflow/.local/lib/python3.8/site-packages/airflow/example_dags/example_setup_teardown.py
[2024-01-17T15:14:44.545+0000] {processor.py:840} INFO - DAG(s) 'example_setup_teardown' retrieved from /home/airflow/.local/lib/python3.8/site-packages/airflow/example_dags/example_setup_teardown.py
[2024-01-17T15:14:44.576+0000] {logging_mixin.py:188} INFO - [2024-01-17T15:14:44.576+0000] {dag.py:3033} INFO - Sync 1 DAGs
[2024-01-17T15:14:44.620+0000] {logging_mixin.py:188} INFO - [2024-01-17T15:14:44.620+0000] {dag.py:3820} INFO - Setting next_dagrun for example_setup_teardown to 2024-01-16T00:00:00+00:00, run_after=2024-01-17T00:00:00+00:00
[2024-01-17T15:14:44.647+0000] {processor.py:183} INFO - Processing /home/airflow/.local/lib/python3.8/site-packages/airflow/example_dags/example_setup_teardown.py took 0.121 seconds
[2024-01-17T15:15:15.295+0000] {processor.py:161} INFO - Started process (PID=303) to work on /home/airflow/.local/lib/python3.8/site-packages/airflow/example_dags/example_setup_teardown.py
[2024-01-17T15:15:15.296+0000] {processor.py:830} INFO - Processing file /home/airflow/.local/lib/python3.8/site-packages/airflow/example_dags/example_setup_teardown.py for tasks to queue
[2024-01-17T15:15:15.299+0000] {logging_mixin.py:188} INFO - [2024-01-17T15:15:15.298+0000] {dagbag.py:538} INFO - Filling up the DagBag from /home/airflow/.local/lib/python3.8/site-packages/airflow/example_dags/example_setup_teardown.py
[2024-01-17T15:15:15.308+0000] {processor.py:840} INFO - DAG(s) 'example_setup_teardown' retrieved from /home/airflow/.local/lib/python3.8/site-packages/airflow/example_dags/example_setup_teardown.py
[2024-01-17T15:15:15.347+0000] {logging_mixin.py:188} INFO - [2024-01-17T15:15:15.347+0000] {dag.py:3033} INFO - Sync 1 DAGs
[2024-01-17T15:15:15.378+0000] {logging_mixin.py:188} INFO - [2024-01-17T15:15:15.378+0000] {dag.py:3820} INFO - Setting next_dagrun for example_setup_teardown to 2024-01-16T00:00:00+00:00, run_after=2024-01-17T00:00:00+00:00
[2024-01-17T15:15:15.447+0000] {processor.py:183} INFO - Processing /home/airflow/.local/lib/python3.8/site-packages/airflow/example_dags/example_setup_teardown.py took 0.157 seconds
[2024-01-17T15:15:45.508+0000] {processor.py:161} INFO - Started process (PID=358) to work on /home/airflow/.local/lib/python3.8/site-packages/airflow/example_dags/example_setup_teardown.py
[2024-01-17T15:15:45.509+0000] {processor.py:830} INFO - Processing file /home/airflow/.local/lib/python3.8/site-packages/airflow/example_dags/example_setup_teardown.py for tasks to queue
[2024-01-17T15:15:45.511+0000] {logging_mixin.py:188} INFO - [2024-01-17T15:15:45.511+0000] {dagbag.py:538} INFO - Filling up the DagBag from /home/airflow/.local/lib/python3.8/site-packages/airflow/example_dags/example_setup_teardown.py
[2024-01-17T15:15:45.519+0000] {processor.py:840} INFO - DAG(s) 'example_setup_teardown' retrieved from /home/airflow/.local/lib/python3.8/site-packages/airflow/example_dags/example_setup_teardown.py
[2024-01-17T15:15:45.546+0000] {logging_mixin.py:188} INFO - [2024-01-17T15:15:45.546+0000] {dag.py:3033} INFO - Sync 1 DAGs
[2024-01-17T15:15:45.579+0000] {logging_mixin.py:188} INFO - [2024-01-17T15:15:45.578+0000] {dag.py:3820} INFO - Setting next_dagrun for example_setup_teardown to 2024-01-16T00:00:00+00:00, run_after=2024-01-17T00:00:00+00:00
[2024-01-17T15:15:45.892+0000] {processor.py:183} INFO - Processing /home/airflow/.local/lib/python3.8/site-packages/airflow/example_dags/example_setup_teardown.py took 0.387 seconds
[2024-01-17T15:16:16.410+0000] {processor.py:161} INFO - Started process (PID=413) to work on /home/airflow/.local/lib/python3.8/site-packages/airflow/example_dags/example_setup_teardown.py
[2024-01-17T15:16:16.411+0000] {processor.py:830} INFO - Processing file /home/airflow/.local/lib/python3.8/site-packages/airflow/example_dags/example_setup_teardown.py for tasks to queue
[2024-01-17T15:16:16.414+0000] {logging_mixin.py:188} INFO - [2024-01-17T15:16:16.414+0000] {dagbag.py:538} INFO - Filling up the DagBag from /home/airflow/.local/lib/python3.8/site-packages/airflow/example_dags/example_setup_teardown.py
[2024-01-17T15:16:16.421+0000] {processor.py:840} INFO - DAG(s) 'example_setup_teardown' retrieved from /home/airflow/.local/lib/python3.8/site-packages/airflow/example_dags/example_setup_teardown.py
[2024-01-17T15:16:16.455+0000] {logging_mixin.py:188} INFO - [2024-01-17T15:16:16.455+0000] {dag.py:3033} INFO - Sync 1 DAGs
[2024-01-17T15:16:16.485+0000] {logging_mixin.py:188} INFO - [2024-01-17T15:16:16.485+0000] {dag.py:3820} INFO - Setting next_dagrun for example_setup_teardown to 2024-01-16T00:00:00+00:00, run_after=2024-01-17T00:00:00+00:00
[2024-01-17T15:16:16.509+0000] {processor.py:183} INFO - Processing /home/airflow/.local/lib/python3.8/site-packages/airflow/example_dags/example_setup_teardown.py took 0.103 seconds
[2024-01-17T15:16:47.127+0000] {processor.py:161} INFO - Started process (PID=467) to work on /home/airflow/.local/lib/python3.8/site-packages/airflow/example_dags/example_setup_teardown.py
[2024-01-17T15:16:47.128+0000] {processor.py:830} INFO - Processing file /home/airflow/.local/lib/python3.8/site-packages/airflow/example_dags/example_setup_teardown.py for tasks to queue
[2024-01-17T15:16:47.130+0000] {logging_mixin.py:188} INFO - [2024-01-17T15:16:47.130+0000] {dagbag.py:538} INFO - Filling up the DagBag from /home/airflow/.local/lib/python3.8/site-packages/airflow/example_dags/example_setup_teardown.py
[2024-01-17T15:16:47.137+0000] {processor.py:840} INFO - DAG(s) 'example_setup_teardown' retrieved from /home/airflow/.local/lib/python3.8/site-packages/airflow/example_dags/example_setup_teardown.py
[2024-01-17T15:16:47.162+0000] {logging_mixin.py:188} INFO - [2024-01-17T15:16:47.161+0000] {dag.py:3033} INFO - Sync 1 DAGs
[2024-01-17T15:16:47.191+0000] {logging_mixin.py:188} INFO - [2024-01-17T15:16:47.191+0000] {dag.py:3820} INFO - Setting next_dagrun for example_setup_teardown to 2024-01-16T00:00:00+00:00, run_after=2024-01-17T00:00:00+00:00
[2024-01-17T15:16:47.213+0000] {processor.py:183} INFO - Processing /home/airflow/.local/lib/python3.8/site-packages/airflow/example_dags/example_setup_teardown.py took 0.089 seconds
[2024-01-17T15:17:18.328+0000] {processor.py:161} INFO - Started process (PID=522) to work on /home/airflow/.local/lib/python3.8/site-packages/airflow/example_dags/example_setup_teardown.py
[2024-01-17T15:17:18.329+0000] {processor.py:830} INFO - Processing file /home/airflow/.local/lib/python3.8/site-packages/airflow/example_dags/example_setup_teardown.py for tasks to queue
[2024-01-17T15:17:18.332+0000] {logging_mixin.py:188} INFO - [2024-01-17T15:17:18.332+0000] {dagbag.py:538} INFO - Filling up the DagBag from /home/airflow/.local/lib/python3.8/site-packages/airflow/example_dags/example_setup_teardown.py
[2024-01-17T15:17:18.343+0000] {processor.py:840} INFO - DAG(s) 'example_setup_teardown' retrieved from /home/airflow/.local/lib/python3.8/site-packages/airflow/example_dags/example_setup_teardown.py
[2024-01-17T15:17:18.375+0000] {logging_mixin.py:188} INFO - [2024-01-17T15:17:18.375+0000] {dag.py:3033} INFO - Sync 1 DAGs
[2024-01-17T15:17:18.426+0000] {logging_mixin.py:188} INFO - [2024-01-17T15:17:18.425+0000] {dag.py:3820} INFO - Setting next_dagrun for example_setup_teardown to 2024-01-16T00:00:00+00:00, run_after=2024-01-17T00:00:00+00:00
[2024-01-17T15:17:18.480+0000] {processor.py:183} INFO - Processing /home/airflow/.local/lib/python3.8/site-packages/airflow/example_dags/example_setup_teardown.py took 0.157 seconds
[2024-01-17T15:17:49.186+0000] {processor.py:161} INFO - Started process (PID=577) to work on /home/airflow/.local/lib/python3.8/site-packages/airflow/example_dags/example_setup_teardown.py
[2024-01-17T15:17:49.187+0000] {processor.py:830} INFO - Processing file /home/airflow/.local/lib/python3.8/site-packages/airflow/example_dags/example_setup_teardown.py for tasks to queue
[2024-01-17T15:17:49.189+0000] {logging_mixin.py:188} INFO - [2024-01-17T15:17:49.189+0000] {dagbag.py:538} INFO - Filling up the DagBag from /home/airflow/.local/lib/python3.8/site-packages/airflow/example_dags/example_setup_teardown.py
[2024-01-17T15:17:49.198+0000] {processor.py:840} INFO - DAG(s) 'example_setup_teardown' retrieved from /home/airflow/.local/lib/python3.8/site-packages/airflow/example_dags/example_setup_teardown.py
[2024-01-17T15:17:49.222+0000] {logging_mixin.py:188} INFO - [2024-01-17T15:17:49.222+0000] {dag.py:3033} INFO - Sync 1 DAGs
[2024-01-17T15:17:49.258+0000] {logging_mixin.py:188} INFO - [2024-01-17T15:17:49.258+0000] {dag.py:3820} INFO - Setting next_dagrun for example_setup_teardown to 2024-01-16T00:00:00+00:00, run_after=2024-01-17T00:00:00+00:00
[2024-01-17T15:17:49.281+0000] {processor.py:183} INFO - Processing /home/airflow/.local/lib/python3.8/site-packages/airflow/example_dags/example_setup_teardown.py took 0.099 seconds
[2024-01-17T15:18:20.046+0000] {processor.py:161} INFO - Started process (PID=632) to work on /home/airflow/.local/lib/python3.8/site-packages/airflow/example_dags/example_setup_teardown.py
[2024-01-17T15:18:20.047+0000] {processor.py:830} INFO - Processing file /home/airflow/.local/lib/python3.8/site-packages/airflow/example_dags/example_setup_teardown.py for tasks to queue
[2024-01-17T15:18:20.053+0000] {logging_mixin.py:188} INFO - [2024-01-17T15:18:20.052+0000] {dagbag.py:538} INFO - Filling up the DagBag from /home/airflow/.local/lib/python3.8/site-packages/airflow/example_dags/example_setup_teardown.py
[2024-01-17T15:18:20.063+0000] {processor.py:840} INFO - DAG(s) 'example_setup_teardown' retrieved from /home/airflow/.local/lib/python3.8/site-packages/airflow/example_dags/example_setup_teardown.py
[2024-01-17T15:18:20.090+0000] {logging_mixin.py:188} INFO - [2024-01-17T15:18:20.090+0000] {dag.py:3033} INFO - Sync 1 DAGs
[2024-01-17T15:18:20.118+0000] {logging_mixin.py:188} INFO - [2024-01-17T15:18:20.118+0000] {dag.py:3820} INFO - Setting next_dagrun for example_setup_teardown to 2024-01-16T00:00:00+00:00, run_after=2024-01-17T00:00:00+00:00
[2024-01-17T15:18:20.145+0000] {processor.py:183} INFO - Processing /home/airflow/.local/lib/python3.8/site-packages/airflow/example_dags/example_setup_teardown.py took 0.102 seconds
[2024-01-17T15:18:51.691+0000] {processor.py:161} INFO - Started process (PID=687) to work on /home/airflow/.local/lib/python3.8/site-packages/airflow/example_dags/example_setup_teardown.py
[2024-01-17T15:18:51.693+0000] {processor.py:830} INFO - Processing file /home/airflow/.local/lib/python3.8/site-packages/airflow/example_dags/example_setup_teardown.py for tasks to queue
[2024-01-17T15:18:51.696+0000] {logging_mixin.py:188} INFO - [2024-01-17T15:18:51.696+0000] {dagbag.py:538} INFO - Filling up the DagBag from /home/airflow/.local/lib/python3.8/site-packages/airflow/example_dags/example_setup_teardown.py
[2024-01-17T15:18:51.711+0000] {processor.py:840} INFO - DAG(s) 'example_setup_teardown' retrieved from /home/airflow/.local/lib/python3.8/site-packages/airflow/example_dags/example_setup_teardown.py
[2024-01-17T15:18:51.750+0000] {logging_mixin.py:188} INFO - [2024-01-17T15:18:51.749+0000] {dag.py:3033} INFO - Sync 1 DAGs
[2024-01-17T15:18:51.799+0000] {logging_mixin.py:188} INFO - [2024-01-17T15:18:51.799+0000] {dag.py:3820} INFO - Setting next_dagrun for example_setup_teardown to 2024-01-16T00:00:00+00:00, run_after=2024-01-17T00:00:00+00:00
[2024-01-17T15:18:51.883+0000] {processor.py:183} INFO - Processing /home/airflow/.local/lib/python3.8/site-packages/airflow/example_dags/example_setup_teardown.py took 0.200 seconds
[2024-01-17T15:19:22.546+0000] {processor.py:161} INFO - Started process (PID=742) to work on /home/airflow/.local/lib/python3.8/site-packages/airflow/example_dags/example_setup_teardown.py
[2024-01-17T15:19:22.547+0000] {processor.py:830} INFO - Processing file /home/airflow/.local/lib/python3.8/site-packages/airflow/example_dags/example_setup_teardown.py for tasks to queue
[2024-01-17T15:19:22.550+0000] {logging_mixin.py:188} INFO - [2024-01-17T15:19:22.550+0000] {dagbag.py:538} INFO - Filling up the DagBag from /home/airflow/.local/lib/python3.8/site-packages/airflow/example_dags/example_setup_teardown.py
[2024-01-17T15:19:22.563+0000] {processor.py:840} INFO - DAG(s) 'example_setup_teardown' retrieved from /home/airflow/.local/lib/python3.8/site-packages/airflow/example_dags/example_setup_teardown.py
[2024-01-17T15:19:22.599+0000] {logging_mixin.py:188} INFO - [2024-01-17T15:19:22.599+0000] {dag.py:3033} INFO - Sync 1 DAGs
[2024-01-17T15:19:22.652+0000] {logging_mixin.py:188} INFO - [2024-01-17T15:19:22.650+0000] {dag.py:3820} INFO - Setting next_dagrun for example_setup_teardown to 2024-01-16T00:00:00+00:00, run_after=2024-01-17T00:00:00+00:00
[2024-01-17T15:19:22.861+0000] {processor.py:183} INFO - Processing /home/airflow/.local/lib/python3.8/site-packages/airflow/example_dags/example_setup_teardown.py took 0.318 seconds
[2024-01-17T15:19:53.314+0000] {processor.py:161} INFO - Started process (PID=797) to work on /home/airflow/.local/lib/python3.8/site-packages/airflow/example_dags/example_setup_teardown.py
[2024-01-17T15:19:53.315+0000] {processor.py:830} INFO - Processing file /home/airflow/.local/lib/python3.8/site-packages/airflow/example_dags/example_setup_teardown.py for tasks to queue
[2024-01-17T15:19:53.317+0000] {logging_mixin.py:188} INFO - [2024-01-17T15:19:53.317+0000] {dagbag.py:538} INFO - Filling up the DagBag from /home/airflow/.local/lib/python3.8/site-packages/airflow/example_dags/example_setup_teardown.py
[2024-01-17T15:19:53.325+0000] {processor.py:840} INFO - DAG(s) 'example_setup_teardown' retrieved from /home/airflow/.local/lib/python3.8/site-packages/airflow/example_dags/example_setup_teardown.py
[2024-01-17T15:19:53.353+0000] {logging_mixin.py:188} INFO - [2024-01-17T15:19:53.352+0000] {dag.py:3033} INFO - Sync 1 DAGs
[2024-01-17T15:19:53.396+0000] {logging_mixin.py:188} INFO - [2024-01-17T15:19:53.396+0000] {dag.py:3820} INFO - Setting next_dagrun for example_setup_teardown to 2024-01-16T00:00:00+00:00, run_after=2024-01-17T00:00:00+00:00
[2024-01-17T15:19:53.434+0000] {processor.py:183} INFO - Processing /home/airflow/.local/lib/python3.8/site-packages/airflow/example_dags/example_setup_teardown.py took 0.123 seconds
[2024-01-17T15:20:24.003+0000] {processor.py:161} INFO - Started process (PID=851) to work on /home/airflow/.local/lib/python3.8/site-packages/airflow/example_dags/example_setup_teardown.py
[2024-01-17T15:20:24.004+0000] {processor.py:830} INFO - Processing file /home/airflow/.local/lib/python3.8/site-packages/airflow/example_dags/example_setup_teardown.py for tasks to queue
[2024-01-17T15:20:24.007+0000] {logging_mixin.py:188} INFO - [2024-01-17T15:20:24.007+0000] {dagbag.py:538} INFO - Filling up the DagBag from /home/airflow/.local/lib/python3.8/site-packages/airflow/example_dags/example_setup_teardown.py
[2024-01-17T15:20:24.019+0000] {processor.py:840} INFO - DAG(s) 'example_setup_teardown' retrieved from /home/airflow/.local/lib/python3.8/site-packages/airflow/example_dags/example_setup_teardown.py
[2024-01-17T15:20:24.103+0000] {logging_mixin.py:188} INFO - [2024-01-17T15:20:24.103+0000] {dag.py:3033} INFO - Sync 1 DAGs
[2024-01-17T15:20:24.249+0000] {logging_mixin.py:188} INFO - [2024-01-17T15:20:24.248+0000] {dag.py:3820} INFO - Setting next_dagrun for example_setup_teardown to 2024-01-16T00:00:00+00:00, run_after=2024-01-17T00:00:00+00:00
[2024-01-17T15:20:24.338+0000] {processor.py:183} INFO - Processing /home/airflow/.local/lib/python3.8/site-packages/airflow/example_dags/example_setup_teardown.py took 0.343 seconds
[2024-01-17T15:20:54.639+0000] {processor.py:161} INFO - Started process (PID=906) to work on /home/airflow/.local/lib/python3.8/site-packages/airflow/example_dags/example_setup_teardown.py
[2024-01-17T15:20:54.641+0000] {processor.py:830} INFO - Processing file /home/airflow/.local/lib/python3.8/site-packages/airflow/example_dags/example_setup_teardown.py for tasks to queue
[2024-01-17T15:20:54.646+0000] {logging_mixin.py:188} INFO - [2024-01-17T15:20:54.645+0000] {dagbag.py:538} INFO - Filling up the DagBag from /home/airflow/.local/lib/python3.8/site-packages/airflow/example_dags/example_setup_teardown.py
[2024-01-17T15:20:54.657+0000] {processor.py:840} INFO - DAG(s) 'example_setup_teardown' retrieved from /home/airflow/.local/lib/python3.8/site-packages/airflow/example_dags/example_setup_teardown.py
[2024-01-17T15:20:54.695+0000] {logging_mixin.py:188} INFO - [2024-01-17T15:20:54.695+0000] {dag.py:3033} INFO - Sync 1 DAGs
[2024-01-17T15:20:54.762+0000] {logging_mixin.py:188} INFO - [2024-01-17T15:20:54.762+0000] {dag.py:3820} INFO - Setting next_dagrun for example_setup_teardown to 2024-01-16T00:00:00+00:00, run_after=2024-01-17T00:00:00+00:00
[2024-01-17T15:20:54.816+0000] {processor.py:183} INFO - Processing /home/airflow/.local/lib/python3.8/site-packages/airflow/example_dags/example_setup_teardown.py took 0.181 seconds
[2024-01-17T15:21:25.328+0000] {processor.py:161} INFO - Started process (PID=960) to work on /home/airflow/.local/lib/python3.8/site-packages/airflow/example_dags/example_setup_teardown.py
[2024-01-17T15:21:25.329+0000] {processor.py:830} INFO - Processing file /home/airflow/.local/lib/python3.8/site-packages/airflow/example_dags/example_setup_teardown.py for tasks to queue
[2024-01-17T15:21:25.331+0000] {logging_mixin.py:188} INFO - [2024-01-17T15:21:25.331+0000] {dagbag.py:538} INFO - Filling up the DagBag from /home/airflow/.local/lib/python3.8/site-packages/airflow/example_dags/example_setup_teardown.py
[2024-01-17T15:21:25.340+0000] {processor.py:840} INFO - DAG(s) 'example_setup_teardown' retrieved from /home/airflow/.local/lib/python3.8/site-packages/airflow/example_dags/example_setup_teardown.py
[2024-01-17T15:21:25.368+0000] {logging_mixin.py:188} INFO - [2024-01-17T15:21:25.368+0000] {dag.py:3033} INFO - Sync 1 DAGs
[2024-01-17T15:21:25.401+0000] {logging_mixin.py:188} INFO - [2024-01-17T15:21:25.401+0000] {dag.py:3820} INFO - Setting next_dagrun for example_setup_teardown to 2024-01-16T00:00:00+00:00, run_after=2024-01-17T00:00:00+00:00
[2024-01-17T15:21:25.427+0000] {processor.py:183} INFO - Processing /home/airflow/.local/lib/python3.8/site-packages/airflow/example_dags/example_setup_teardown.py took 0.103 seconds
[2024-01-17T15:21:55.914+0000] {processor.py:161} INFO - Started process (PID=1014) to work on /home/airflow/.local/lib/python3.8/site-packages/airflow/example_dags/example_setup_teardown.py
[2024-01-17T15:21:55.915+0000] {processor.py:830} INFO - Processing file /home/airflow/.local/lib/python3.8/site-packages/airflow/example_dags/example_setup_teardown.py for tasks to queue
[2024-01-17T15:21:55.918+0000] {logging_mixin.py:188} INFO - [2024-01-17T15:21:55.918+0000] {dagbag.py:538} INFO - Filling up the DagBag from /home/airflow/.local/lib/python3.8/site-packages/airflow/example_dags/example_setup_teardown.py
[2024-01-17T15:21:55.926+0000] {processor.py:840} INFO - DAG(s) 'example_setup_teardown' retrieved from /home/airflow/.local/lib/python3.8/site-packages/airflow/example_dags/example_setup_teardown.py
[2024-01-17T15:21:55.954+0000] {logging_mixin.py:188} INFO - [2024-01-17T15:21:55.953+0000] {dag.py:3033} INFO - Sync 1 DAGs
[2024-01-17T15:21:55.981+0000] {logging_mixin.py:188} INFO - [2024-01-17T15:21:55.980+0000] {dag.py:3820} INFO - Setting next_dagrun for example_setup_teardown to 2024-01-16T00:00:00+00:00, run_after=2024-01-17T00:00:00+00:00
[2024-01-17T15:21:56.122+0000] {processor.py:183} INFO - Processing /home/airflow/.local/lib/python3.8/site-packages/airflow/example_dags/example_setup_teardown.py took 0.213 seconds
[2024-01-17T15:25:17.856+0000] {processor.py:161} INFO - Started process (PID=71) to work on /home/airflow/.local/lib/python3.8/site-packages/airflow/example_dags/example_setup_teardown.py
[2024-01-17T15:25:17.876+0000] {processor.py:830} INFO - Processing file /home/airflow/.local/lib/python3.8/site-packages/airflow/example_dags/example_setup_teardown.py for tasks to queue
[2024-01-17T15:25:17.884+0000] {logging_mixin.py:188} INFO - [2024-01-17T15:25:17.884+0000] {dagbag.py:538} INFO - Filling up the DagBag from /home/airflow/.local/lib/python3.8/site-packages/airflow/example_dags/example_setup_teardown.py
[2024-01-17T15:25:17.937+0000] {processor.py:840} INFO - DAG(s) 'example_setup_teardown' retrieved from /home/airflow/.local/lib/python3.8/site-packages/airflow/example_dags/example_setup_teardown.py
[2024-01-17T15:25:18.048+0000] {logging_mixin.py:188} INFO - [2024-01-17T15:25:18.048+0000] {dag.py:3033} INFO - Sync 1 DAGs
[2024-01-17T15:25:18.165+0000] {logging_mixin.py:188} INFO - [2024-01-17T15:25:18.165+0000] {dag.py:3820} INFO - Setting next_dagrun for example_setup_teardown to 2024-01-16T00:00:00+00:00, run_after=2024-01-17T00:00:00+00:00
[2024-01-17T15:25:18.292+0000] {processor.py:183} INFO - Processing /home/airflow/.local/lib/python3.8/site-packages/airflow/example_dags/example_setup_teardown.py took 0.441 seconds
[2024-01-17T15:25:48.782+0000] {processor.py:161} INFO - Started process (PID=126) to work on /home/airflow/.local/lib/python3.8/site-packages/airflow/example_dags/example_setup_teardown.py
[2024-01-17T15:25:48.787+0000] {processor.py:830} INFO - Processing file /home/airflow/.local/lib/python3.8/site-packages/airflow/example_dags/example_setup_teardown.py for tasks to queue
[2024-01-17T15:25:48.790+0000] {logging_mixin.py:188} INFO - [2024-01-17T15:25:48.790+0000] {dagbag.py:538} INFO - Filling up the DagBag from /home/airflow/.local/lib/python3.8/site-packages/airflow/example_dags/example_setup_teardown.py
[2024-01-17T15:25:48.813+0000] {processor.py:840} INFO - DAG(s) 'example_setup_teardown' retrieved from /home/airflow/.local/lib/python3.8/site-packages/airflow/example_dags/example_setup_teardown.py
[2024-01-17T15:25:48.869+0000] {logging_mixin.py:188} INFO - [2024-01-17T15:25:48.868+0000] {dag.py:3033} INFO - Sync 1 DAGs
[2024-01-17T15:25:48.940+0000] {logging_mixin.py:188} INFO - [2024-01-17T15:25:48.939+0000] {dag.py:3820} INFO - Setting next_dagrun for example_setup_teardown to 2024-01-16T00:00:00+00:00, run_after=2024-01-17T00:00:00+00:00
[2024-01-17T15:25:49.003+0000] {processor.py:183} INFO - Processing /home/airflow/.local/lib/python3.8/site-packages/airflow/example_dags/example_setup_teardown.py took 0.234 seconds
[2024-01-17T15:26:19.882+0000] {processor.py:161} INFO - Started process (PID=182) to work on /home/airflow/.local/lib/python3.8/site-packages/airflow/example_dags/example_setup_teardown.py
[2024-01-17T15:26:19.888+0000] {processor.py:830} INFO - Processing file /home/airflow/.local/lib/python3.8/site-packages/airflow/example_dags/example_setup_teardown.py for tasks to queue
[2024-01-17T15:26:19.891+0000] {logging_mixin.py:188} INFO - [2024-01-17T15:26:19.891+0000] {dagbag.py:538} INFO - Filling up the DagBag from /home/airflow/.local/lib/python3.8/site-packages/airflow/example_dags/example_setup_teardown.py
[2024-01-17T15:26:19.925+0000] {processor.py:840} INFO - DAG(s) 'example_setup_teardown' retrieved from /home/airflow/.local/lib/python3.8/site-packages/airflow/example_dags/example_setup_teardown.py
[2024-01-17T15:26:20.034+0000] {logging_mixin.py:188} INFO - [2024-01-17T15:26:20.034+0000] {dag.py:3033} INFO - Sync 1 DAGs
[2024-01-17T15:26:20.156+0000] {logging_mixin.py:188} INFO - [2024-01-17T15:26:20.155+0000] {dag.py:3820} INFO - Setting next_dagrun for example_setup_teardown to 2024-01-16T00:00:00+00:00, run_after=2024-01-17T00:00:00+00:00
[2024-01-17T15:26:20.304+0000] {processor.py:183} INFO - Processing /home/airflow/.local/lib/python3.8/site-packages/airflow/example_dags/example_setup_teardown.py took 0.436 seconds
[2024-01-17T15:26:50.489+0000] {processor.py:161} INFO - Started process (PID=238) to work on /home/airflow/.local/lib/python3.8/site-packages/airflow/example_dags/example_setup_teardown.py
[2024-01-17T15:26:50.502+0000] {processor.py:830} INFO - Processing file /home/airflow/.local/lib/python3.8/site-packages/airflow/example_dags/example_setup_teardown.py for tasks to queue
[2024-01-17T15:26:50.517+0000] {logging_mixin.py:188} INFO - [2024-01-17T15:26:50.516+0000] {dagbag.py:538} INFO - Filling up the DagBag from /home/airflow/.local/lib/python3.8/site-packages/airflow/example_dags/example_setup_teardown.py
[2024-01-17T15:26:50.565+0000] {processor.py:840} INFO - DAG(s) 'example_setup_teardown' retrieved from /home/airflow/.local/lib/python3.8/site-packages/airflow/example_dags/example_setup_teardown.py
[2024-01-17T15:26:50.734+0000] {logging_mixin.py:188} INFO - [2024-01-17T15:26:50.734+0000] {dag.py:3033} INFO - Sync 1 DAGs
[2024-01-17T15:26:50.864+0000] {logging_mixin.py:188} INFO - [2024-01-17T15:26:50.863+0000] {dag.py:3820} INFO - Setting next_dagrun for example_setup_teardown to 2024-01-16T00:00:00+00:00, run_after=2024-01-17T00:00:00+00:00
[2024-01-17T15:26:50.965+0000] {processor.py:183} INFO - Processing /home/airflow/.local/lib/python3.8/site-packages/airflow/example_dags/example_setup_teardown.py took 0.498 seconds
[2024-01-17T15:27:21.429+0000] {processor.py:161} INFO - Started process (PID=294) to work on /home/airflow/.local/lib/python3.8/site-packages/airflow/example_dags/example_setup_teardown.py
[2024-01-17T15:27:21.450+0000] {processor.py:830} INFO - Processing file /home/airflow/.local/lib/python3.8/site-packages/airflow/example_dags/example_setup_teardown.py for tasks to queue
[2024-01-17T15:27:21.454+0000] {logging_mixin.py:188} INFO - [2024-01-17T15:27:21.454+0000] {dagbag.py:538} INFO - Filling up the DagBag from /home/airflow/.local/lib/python3.8/site-packages/airflow/example_dags/example_setup_teardown.py
[2024-01-17T15:27:21.468+0000] {processor.py:840} INFO - DAG(s) 'example_setup_teardown' retrieved from /home/airflow/.local/lib/python3.8/site-packages/airflow/example_dags/example_setup_teardown.py
[2024-01-17T15:27:21.560+0000] {logging_mixin.py:188} INFO - [2024-01-17T15:27:21.560+0000] {dag.py:3033} INFO - Sync 1 DAGs
[2024-01-17T15:27:21.653+0000] {logging_mixin.py:188} INFO - [2024-01-17T15:27:21.653+0000] {dag.py:3820} INFO - Setting next_dagrun for example_setup_teardown to 2024-01-16T00:00:00+00:00, run_after=2024-01-17T00:00:00+00:00
[2024-01-17T15:27:21.757+0000] {processor.py:183} INFO - Processing /home/airflow/.local/lib/python3.8/site-packages/airflow/example_dags/example_setup_teardown.py took 0.336 seconds
[2024-01-17T15:27:54.753+0000] {processor.py:161} INFO - Started process (PID=349) to work on /home/airflow/.local/lib/python3.8/site-packages/airflow/example_dags/example_setup_teardown.py
[2024-01-17T15:27:54.818+0000] {processor.py:830} INFO - Processing file /home/airflow/.local/lib/python3.8/site-packages/airflow/example_dags/example_setup_teardown.py for tasks to queue
[2024-01-17T15:27:54.826+0000] {logging_mixin.py:188} INFO - [2024-01-17T15:27:54.825+0000] {dagbag.py:538} INFO - Filling up the DagBag from /home/airflow/.local/lib/python3.8/site-packages/airflow/example_dags/example_setup_teardown.py
[2024-01-17T15:27:54.844+0000] {processor.py:840} INFO - DAG(s) 'example_setup_teardown' retrieved from /home/airflow/.local/lib/python3.8/site-packages/airflow/example_dags/example_setup_teardown.py
[2024-01-17T15:27:54.899+0000] {logging_mixin.py:188} INFO - [2024-01-17T15:27:54.899+0000] {dag.py:3033} INFO - Sync 1 DAGs
[2024-01-17T15:27:54.953+0000] {logging_mixin.py:188} INFO - [2024-01-17T15:27:54.953+0000] {dag.py:3820} INFO - Setting next_dagrun for example_setup_teardown to 2024-01-16T00:00:00+00:00, run_after=2024-01-17T00:00:00+00:00
[2024-01-17T15:27:55.123+0000] {processor.py:183} INFO - Processing /home/airflow/.local/lib/python3.8/site-packages/airflow/example_dags/example_setup_teardown.py took 0.383 seconds
[2024-01-17T15:28:36.065+0000] {processor.py:161} INFO - Started process (PID=410) to work on /home/airflow/.local/lib/python3.8/site-packages/airflow/example_dags/example_setup_teardown.py
[2024-01-17T15:28:36.066+0000] {processor.py:830} INFO - Processing file /home/airflow/.local/lib/python3.8/site-packages/airflow/example_dags/example_setup_teardown.py for tasks to queue
[2024-01-17T15:28:36.084+0000] {logging_mixin.py:188} INFO - [2024-01-17T15:28:36.075+0000] {dagbag.py:538} INFO - Filling up the DagBag from /home/airflow/.local/lib/python3.8/site-packages/airflow/example_dags/example_setup_teardown.py
[2024-01-17T15:28:36.115+0000] {processor.py:840} INFO - DAG(s) 'example_setup_teardown' retrieved from /home/airflow/.local/lib/python3.8/site-packages/airflow/example_dags/example_setup_teardown.py
[2024-01-17T15:28:36.144+0000] {logging_mixin.py:188} INFO - [2024-01-17T15:28:36.144+0000] {dag.py:3033} INFO - Sync 1 DAGs
[2024-01-17T15:28:36.305+0000] {logging_mixin.py:188} INFO - [2024-01-17T15:28:36.304+0000] {dag.py:3820} INFO - Setting next_dagrun for example_setup_teardown to 2024-01-16T00:00:00+00:00, run_after=2024-01-17T00:00:00+00:00
[2024-01-17T15:28:36.432+0000] {processor.py:183} INFO - Processing /home/airflow/.local/lib/python3.8/site-packages/airflow/example_dags/example_setup_teardown.py took 0.387 seconds
[2024-01-17T15:29:07.715+0000] {processor.py:161} INFO - Started process (PID=466) to work on /home/airflow/.local/lib/python3.8/site-packages/airflow/example_dags/example_setup_teardown.py
[2024-01-17T15:29:07.716+0000] {processor.py:830} INFO - Processing file /home/airflow/.local/lib/python3.8/site-packages/airflow/example_dags/example_setup_teardown.py for tasks to queue
[2024-01-17T15:29:07.719+0000] {logging_mixin.py:188} INFO - [2024-01-17T15:29:07.718+0000] {dagbag.py:538} INFO - Filling up the DagBag from /home/airflow/.local/lib/python3.8/site-packages/airflow/example_dags/example_setup_teardown.py
[2024-01-17T15:29:07.729+0000] {processor.py:840} INFO - DAG(s) 'example_setup_teardown' retrieved from /home/airflow/.local/lib/python3.8/site-packages/airflow/example_dags/example_setup_teardown.py
[2024-01-17T15:29:07.918+0000] {logging_mixin.py:188} INFO - [2024-01-17T15:29:07.917+0000] {dag.py:3033} INFO - Sync 1 DAGs
[2024-01-17T15:29:07.955+0000] {logging_mixin.py:188} INFO - [2024-01-17T15:29:07.954+0000] {dag.py:3820} INFO - Setting next_dagrun for example_setup_teardown to 2024-01-16T00:00:00+00:00, run_after=2024-01-17T00:00:00+00:00
[2024-01-17T15:29:07.993+0000] {processor.py:183} INFO - Processing /home/airflow/.local/lib/python3.8/site-packages/airflow/example_dags/example_setup_teardown.py took 0.283 seconds
[2024-01-17T15:30:02.430+0000] {processor.py:161} INFO - Started process (PID=534) to work on /home/airflow/.local/lib/python3.8/site-packages/airflow/example_dags/example_setup_teardown.py
[2024-01-17T15:30:02.431+0000] {processor.py:830} INFO - Processing file /home/airflow/.local/lib/python3.8/site-packages/airflow/example_dags/example_setup_teardown.py for tasks to queue
[2024-01-17T15:30:02.435+0000] {logging_mixin.py:188} INFO - [2024-01-17T15:30:02.434+0000] {dagbag.py:538} INFO - Filling up the DagBag from /home/airflow/.local/lib/python3.8/site-packages/airflow/example_dags/example_setup_teardown.py
[2024-01-17T15:30:02.470+0000] {processor.py:840} INFO - DAG(s) 'example_setup_teardown' retrieved from /home/airflow/.local/lib/python3.8/site-packages/airflow/example_dags/example_setup_teardown.py
[2024-01-17T15:30:02.579+0000] {logging_mixin.py:188} INFO - [2024-01-17T15:30:02.579+0000] {dag.py:3033} INFO - Sync 1 DAGs
[2024-01-17T15:30:02.625+0000] {logging_mixin.py:188} INFO - [2024-01-17T15:30:02.625+0000] {dag.py:3820} INFO - Setting next_dagrun for example_setup_teardown to 2024-01-16T00:00:00+00:00, run_after=2024-01-17T00:00:00+00:00
[2024-01-17T15:30:02.659+0000] {processor.py:183} INFO - Processing /home/airflow/.local/lib/python3.8/site-packages/airflow/example_dags/example_setup_teardown.py took 0.238 seconds
[2024-01-17T15:30:35.065+0000] {processor.py:161} INFO - Started process (PID=589) to work on /home/airflow/.local/lib/python3.8/site-packages/airflow/example_dags/example_setup_teardown.py
[2024-01-17T15:30:35.066+0000] {processor.py:830} INFO - Processing file /home/airflow/.local/lib/python3.8/site-packages/airflow/example_dags/example_setup_teardown.py for tasks to queue
[2024-01-17T15:30:35.077+0000] {logging_mixin.py:188} INFO - [2024-01-17T15:30:35.076+0000] {dagbag.py:538} INFO - Filling up the DagBag from /home/airflow/.local/lib/python3.8/site-packages/airflow/example_dags/example_setup_teardown.py
[2024-01-17T15:30:35.103+0000] {processor.py:840} INFO - DAG(s) 'example_setup_teardown' retrieved from /home/airflow/.local/lib/python3.8/site-packages/airflow/example_dags/example_setup_teardown.py
[2024-01-17T15:30:35.171+0000] {logging_mixin.py:188} INFO - [2024-01-17T15:30:35.171+0000] {dag.py:3033} INFO - Sync 1 DAGs
[2024-01-17T15:30:35.223+0000] {logging_mixin.py:188} INFO - [2024-01-17T15:30:35.223+0000] {dag.py:3820} INFO - Setting next_dagrun for example_setup_teardown to 2024-01-16T00:00:00+00:00, run_after=2024-01-17T00:00:00+00:00
[2024-01-17T15:30:35.349+0000] {processor.py:183} INFO - Processing /home/airflow/.local/lib/python3.8/site-packages/airflow/example_dags/example_setup_teardown.py took 0.297 seconds
[2024-01-17T15:31:05.664+0000] {processor.py:161} INFO - Started process (PID=645) to work on /home/airflow/.local/lib/python3.8/site-packages/airflow/example_dags/example_setup_teardown.py
[2024-01-17T15:31:05.776+0000] {processor.py:830} INFO - Processing file /home/airflow/.local/lib/python3.8/site-packages/airflow/example_dags/example_setup_teardown.py for tasks to queue
[2024-01-17T15:31:05.779+0000] {logging_mixin.py:188} INFO - [2024-01-17T15:31:05.778+0000] {dagbag.py:538} INFO - Filling up the DagBag from /home/airflow/.local/lib/python3.8/site-packages/airflow/example_dags/example_setup_teardown.py
[2024-01-17T15:31:05.790+0000] {processor.py:840} INFO - DAG(s) 'example_setup_teardown' retrieved from /home/airflow/.local/lib/python3.8/site-packages/airflow/example_dags/example_setup_teardown.py
[2024-01-17T15:31:05.844+0000] {logging_mixin.py:188} INFO - [2024-01-17T15:31:05.844+0000] {dag.py:3033} INFO - Sync 1 DAGs
[2024-01-17T15:31:05.889+0000] {logging_mixin.py:188} INFO - [2024-01-17T15:31:05.888+0000] {dag.py:3820} INFO - Setting next_dagrun for example_setup_teardown to 2024-01-16T00:00:00+00:00, run_after=2024-01-17T00:00:00+00:00
[2024-01-17T15:31:05.934+0000] {processor.py:183} INFO - Processing /home/airflow/.local/lib/python3.8/site-packages/airflow/example_dags/example_setup_teardown.py took 0.274 seconds
[2024-01-17T15:31:36.027+0000] {processor.py:161} INFO - Started process (PID=700) to work on /home/airflow/.local/lib/python3.8/site-packages/airflow/example_dags/example_setup_teardown.py
[2024-01-17T15:31:36.028+0000] {processor.py:830} INFO - Processing file /home/airflow/.local/lib/python3.8/site-packages/airflow/example_dags/example_setup_teardown.py for tasks to queue
[2024-01-17T15:31:36.030+0000] {logging_mixin.py:188} INFO - [2024-01-17T15:31:36.029+0000] {dagbag.py:538} INFO - Filling up the DagBag from /home/airflow/.local/lib/python3.8/site-packages/airflow/example_dags/example_setup_teardown.py
[2024-01-17T15:31:36.038+0000] {processor.py:840} INFO - DAG(s) 'example_setup_teardown' retrieved from /home/airflow/.local/lib/python3.8/site-packages/airflow/example_dags/example_setup_teardown.py
[2024-01-17T15:31:36.069+0000] {logging_mixin.py:188} INFO - [2024-01-17T15:31:36.069+0000] {dag.py:3033} INFO - Sync 1 DAGs
[2024-01-17T15:31:36.105+0000] {logging_mixin.py:188} INFO - [2024-01-17T15:31:36.105+0000] {dag.py:3820} INFO - Setting next_dagrun for example_setup_teardown to 2024-01-16T00:00:00+00:00, run_after=2024-01-17T00:00:00+00:00
[2024-01-17T15:31:36.141+0000] {processor.py:183} INFO - Processing /home/airflow/.local/lib/python3.8/site-packages/airflow/example_dags/example_setup_teardown.py took 0.118 seconds
[2024-01-17T15:32:06.598+0000] {processor.py:161} INFO - Started process (PID=755) to work on /home/airflow/.local/lib/python3.8/site-packages/airflow/example_dags/example_setup_teardown.py
[2024-01-17T15:32:06.599+0000] {processor.py:830} INFO - Processing file /home/airflow/.local/lib/python3.8/site-packages/airflow/example_dags/example_setup_teardown.py for tasks to queue
[2024-01-17T15:32:06.602+0000] {logging_mixin.py:188} INFO - [2024-01-17T15:32:06.601+0000] {dagbag.py:538} INFO - Filling up the DagBag from /home/airflow/.local/lib/python3.8/site-packages/airflow/example_dags/example_setup_teardown.py
[2024-01-17T15:32:06.616+0000] {processor.py:840} INFO - DAG(s) 'example_setup_teardown' retrieved from /home/airflow/.local/lib/python3.8/site-packages/airflow/example_dags/example_setup_teardown.py
[2024-01-17T15:32:06.685+0000] {logging_mixin.py:188} INFO - [2024-01-17T15:32:06.685+0000] {dag.py:3033} INFO - Sync 1 DAGs
[2024-01-17T15:32:06.738+0000] {logging_mixin.py:188} INFO - [2024-01-17T15:32:06.738+0000] {dag.py:3820} INFO - Setting next_dagrun for example_setup_teardown to 2024-01-16T00:00:00+00:00, run_after=2024-01-17T00:00:00+00:00
[2024-01-17T15:32:06.803+0000] {processor.py:183} INFO - Processing /home/airflow/.local/lib/python3.8/site-packages/airflow/example_dags/example_setup_teardown.py took 0.210 seconds
