[2024-01-17T15:13:12.426+0000] {processor.py:161} INFO - Started process (PID=88) to work on /home/airflow/.local/lib/python3.8/site-packages/airflow/example_dags/example_latest_only.py
[2024-01-17T15:13:12.428+0000] {processor.py:830} INFO - Processing file /home/airflow/.local/lib/python3.8/site-packages/airflow/example_dags/example_latest_only.py for tasks to queue
[2024-01-17T15:13:12.431+0000] {logging_mixin.py:188} INFO - [2024-01-17T15:13:12.431+0000] {dagbag.py:538} INFO - Filling up the DagBag from /home/airflow/.local/lib/python3.8/site-packages/airflow/example_dags/example_latest_only.py
[2024-01-17T15:13:12.438+0000] {processor.py:840} INFO - DAG(s) 'latest_only' retrieved from /home/airflow/.local/lib/python3.8/site-packages/airflow/example_dags/example_latest_only.py
[2024-01-17T15:13:12.682+0000] {logging_mixin.py:188} INFO - [2024-01-17T15:13:12.682+0000] {dag.py:3033} INFO - Sync 1 DAGs
[2024-01-17T15:13:12.738+0000] {logging_mixin.py:188} INFO - [2024-01-17T15:13:12.737+0000] {dag.py:3820} INFO - Setting next_dagrun for latest_only to 2024-01-17T08:00:00+00:00, run_after=2024-01-17T12:00:00+00:00
[2024-01-17T15:13:12.820+0000] {processor.py:183} INFO - Processing /home/airflow/.local/lib/python3.8/site-packages/airflow/example_dags/example_latest_only.py took 0.401 seconds
[2024-01-17T15:13:42.921+0000] {processor.py:161} INFO - Started process (PID=142) to work on /home/airflow/.local/lib/python3.8/site-packages/airflow/example_dags/example_latest_only.py
[2024-01-17T15:13:42.927+0000] {processor.py:830} INFO - Processing file /home/airflow/.local/lib/python3.8/site-packages/airflow/example_dags/example_latest_only.py for tasks to queue
[2024-01-17T15:13:42.946+0000] {logging_mixin.py:188} INFO - [2024-01-17T15:13:42.946+0000] {dagbag.py:538} INFO - Filling up the DagBag from /home/airflow/.local/lib/python3.8/site-packages/airflow/example_dags/example_latest_only.py
[2024-01-17T15:13:42.969+0000] {processor.py:840} INFO - DAG(s) 'latest_only' retrieved from /home/airflow/.local/lib/python3.8/site-packages/airflow/example_dags/example_latest_only.py
[2024-01-17T15:13:42.989+0000] {logging_mixin.py:188} INFO - [2024-01-17T15:13:42.989+0000] {dag.py:3033} INFO - Sync 1 DAGs
[2024-01-17T15:13:43.030+0000] {logging_mixin.py:188} INFO - [2024-01-17T15:13:43.030+0000] {dag.py:3820} INFO - Setting next_dagrun for latest_only to 2024-01-17T08:00:00+00:00, run_after=2024-01-17T12:00:00+00:00
[2024-01-17T15:13:43.157+0000] {processor.py:183} INFO - Processing /home/airflow/.local/lib/python3.8/site-packages/airflow/example_dags/example_latest_only.py took 0.242 seconds
[2024-01-17T15:14:14.034+0000] {processor.py:161} INFO - Started process (PID=196) to work on /home/airflow/.local/lib/python3.8/site-packages/airflow/example_dags/example_latest_only.py
[2024-01-17T15:14:14.035+0000] {processor.py:830} INFO - Processing file /home/airflow/.local/lib/python3.8/site-packages/airflow/example_dags/example_latest_only.py for tasks to queue
[2024-01-17T15:14:14.038+0000] {logging_mixin.py:188} INFO - [2024-01-17T15:14:14.037+0000] {dagbag.py:538} INFO - Filling up the DagBag from /home/airflow/.local/lib/python3.8/site-packages/airflow/example_dags/example_latest_only.py
[2024-01-17T15:14:14.045+0000] {processor.py:840} INFO - DAG(s) 'latest_only' retrieved from /home/airflow/.local/lib/python3.8/site-packages/airflow/example_dags/example_latest_only.py
[2024-01-17T15:14:14.234+0000] {logging_mixin.py:188} INFO - [2024-01-17T15:14:14.234+0000] {dag.py:3033} INFO - Sync 1 DAGs
[2024-01-17T15:14:14.266+0000] {logging_mixin.py:188} INFO - [2024-01-17T15:14:14.265+0000] {dag.py:3820} INFO - Setting next_dagrun for latest_only to 2024-01-17T08:00:00+00:00, run_after=2024-01-17T12:00:00+00:00
[2024-01-17T15:14:14.298+0000] {processor.py:183} INFO - Processing /home/airflow/.local/lib/python3.8/site-packages/airflow/example_dags/example_latest_only.py took 0.269 seconds
[2024-01-17T15:14:44.780+0000] {processor.py:161} INFO - Started process (PID=252) to work on /home/airflow/.local/lib/python3.8/site-packages/airflow/example_dags/example_latest_only.py
[2024-01-17T15:14:44.781+0000] {processor.py:830} INFO - Processing file /home/airflow/.local/lib/python3.8/site-packages/airflow/example_dags/example_latest_only.py for tasks to queue
[2024-01-17T15:14:44.783+0000] {logging_mixin.py:188} INFO - [2024-01-17T15:14:44.783+0000] {dagbag.py:538} INFO - Filling up the DagBag from /home/airflow/.local/lib/python3.8/site-packages/airflow/example_dags/example_latest_only.py
[2024-01-17T15:14:44.788+0000] {processor.py:840} INFO - DAG(s) 'latest_only' retrieved from /home/airflow/.local/lib/python3.8/site-packages/airflow/example_dags/example_latest_only.py
[2024-01-17T15:14:44.814+0000] {logging_mixin.py:188} INFO - [2024-01-17T15:14:44.813+0000] {dag.py:3033} INFO - Sync 1 DAGs
[2024-01-17T15:14:44.843+0000] {logging_mixin.py:188} INFO - [2024-01-17T15:14:44.843+0000] {dag.py:3820} INFO - Setting next_dagrun for latest_only to 2024-01-17T08:00:00+00:00, run_after=2024-01-17T12:00:00+00:00
[2024-01-17T15:14:44.865+0000] {processor.py:183} INFO - Processing /home/airflow/.local/lib/python3.8/site-packages/airflow/example_dags/example_latest_only.py took 0.088 seconds
[2024-01-17T15:15:15.612+0000] {processor.py:161} INFO - Started process (PID=306) to work on /home/airflow/.local/lib/python3.8/site-packages/airflow/example_dags/example_latest_only.py
[2024-01-17T15:15:15.613+0000] {processor.py:830} INFO - Processing file /home/airflow/.local/lib/python3.8/site-packages/airflow/example_dags/example_latest_only.py for tasks to queue
[2024-01-17T15:15:15.616+0000] {logging_mixin.py:188} INFO - [2024-01-17T15:15:15.615+0000] {dagbag.py:538} INFO - Filling up the DagBag from /home/airflow/.local/lib/python3.8/site-packages/airflow/example_dags/example_latest_only.py
[2024-01-17T15:15:15.622+0000] {processor.py:840} INFO - DAG(s) 'latest_only' retrieved from /home/airflow/.local/lib/python3.8/site-packages/airflow/example_dags/example_latest_only.py
[2024-01-17T15:15:15.650+0000] {logging_mixin.py:188} INFO - [2024-01-17T15:15:15.650+0000] {dag.py:3033} INFO - Sync 1 DAGs
[2024-01-17T15:15:15.674+0000] {logging_mixin.py:188} INFO - [2024-01-17T15:15:15.674+0000] {dag.py:3820} INFO - Setting next_dagrun for latest_only to 2024-01-17T08:00:00+00:00, run_after=2024-01-17T12:00:00+00:00
[2024-01-17T15:15:15.736+0000] {processor.py:183} INFO - Processing /home/airflow/.local/lib/python3.8/site-packages/airflow/example_dags/example_latest_only.py took 0.128 seconds
[2024-01-17T15:15:46.162+0000] {processor.py:161} INFO - Started process (PID=361) to work on /home/airflow/.local/lib/python3.8/site-packages/airflow/example_dags/example_latest_only.py
[2024-01-17T15:15:46.163+0000] {processor.py:830} INFO - Processing file /home/airflow/.local/lib/python3.8/site-packages/airflow/example_dags/example_latest_only.py for tasks to queue
[2024-01-17T15:15:46.167+0000] {logging_mixin.py:188} INFO - [2024-01-17T15:15:46.166+0000] {dagbag.py:538} INFO - Filling up the DagBag from /home/airflow/.local/lib/python3.8/site-packages/airflow/example_dags/example_latest_only.py
[2024-01-17T15:15:46.174+0000] {processor.py:840} INFO - DAG(s) 'latest_only' retrieved from /home/airflow/.local/lib/python3.8/site-packages/airflow/example_dags/example_latest_only.py
[2024-01-17T15:15:46.226+0000] {logging_mixin.py:188} INFO - [2024-01-17T15:15:46.225+0000] {dag.py:3033} INFO - Sync 1 DAGs
[2024-01-17T15:15:46.263+0000] {logging_mixin.py:188} INFO - [2024-01-17T15:15:46.262+0000] {dag.py:3820} INFO - Setting next_dagrun for latest_only to 2024-01-17T08:00:00+00:00, run_after=2024-01-17T12:00:00+00:00
[2024-01-17T15:15:46.317+0000] {processor.py:183} INFO - Processing /home/airflow/.local/lib/python3.8/site-packages/airflow/example_dags/example_latest_only.py took 0.160 seconds
[2024-01-17T15:16:16.604+0000] {processor.py:161} INFO - Started process (PID=416) to work on /home/airflow/.local/lib/python3.8/site-packages/airflow/example_dags/example_latest_only.py
[2024-01-17T15:16:16.604+0000] {processor.py:830} INFO - Processing file /home/airflow/.local/lib/python3.8/site-packages/airflow/example_dags/example_latest_only.py for tasks to queue
[2024-01-17T15:16:16.606+0000] {logging_mixin.py:188} INFO - [2024-01-17T15:16:16.606+0000] {dagbag.py:538} INFO - Filling up the DagBag from /home/airflow/.local/lib/python3.8/site-packages/airflow/example_dags/example_latest_only.py
[2024-01-17T15:16:16.611+0000] {processor.py:840} INFO - DAG(s) 'latest_only' retrieved from /home/airflow/.local/lib/python3.8/site-packages/airflow/example_dags/example_latest_only.py
[2024-01-17T15:16:16.634+0000] {logging_mixin.py:188} INFO - [2024-01-17T15:16:16.633+0000] {dag.py:3033} INFO - Sync 1 DAGs
[2024-01-17T15:16:16.695+0000] {logging_mixin.py:188} INFO - [2024-01-17T15:16:16.695+0000] {dag.py:3820} INFO - Setting next_dagrun for latest_only to 2024-01-17T08:00:00+00:00, run_after=2024-01-17T12:00:00+00:00
[2024-01-17T15:16:16.732+0000] {processor.py:183} INFO - Processing /home/airflow/.local/lib/python3.8/site-packages/airflow/example_dags/example_latest_only.py took 0.132 seconds
[2024-01-17T15:16:47.335+0000] {processor.py:161} INFO - Started process (PID=470) to work on /home/airflow/.local/lib/python3.8/site-packages/airflow/example_dags/example_latest_only.py
[2024-01-17T15:16:47.336+0000] {processor.py:830} INFO - Processing file /home/airflow/.local/lib/python3.8/site-packages/airflow/example_dags/example_latest_only.py for tasks to queue
[2024-01-17T15:16:47.338+0000] {logging_mixin.py:188} INFO - [2024-01-17T15:16:47.338+0000] {dagbag.py:538} INFO - Filling up the DagBag from /home/airflow/.local/lib/python3.8/site-packages/airflow/example_dags/example_latest_only.py
[2024-01-17T15:16:47.344+0000] {processor.py:840} INFO - DAG(s) 'latest_only' retrieved from /home/airflow/.local/lib/python3.8/site-packages/airflow/example_dags/example_latest_only.py
[2024-01-17T15:16:47.370+0000] {logging_mixin.py:188} INFO - [2024-01-17T15:16:47.370+0000] {dag.py:3033} INFO - Sync 1 DAGs
[2024-01-17T15:16:47.412+0000] {logging_mixin.py:188} INFO - [2024-01-17T15:16:47.412+0000] {dag.py:3820} INFO - Setting next_dagrun for latest_only to 2024-01-17T08:00:00+00:00, run_after=2024-01-17T12:00:00+00:00
[2024-01-17T15:16:47.440+0000] {processor.py:183} INFO - Processing /home/airflow/.local/lib/python3.8/site-packages/airflow/example_dags/example_latest_only.py took 0.109 seconds
[2024-01-17T15:17:18.708+0000] {processor.py:161} INFO - Started process (PID=525) to work on /home/airflow/.local/lib/python3.8/site-packages/airflow/example_dags/example_latest_only.py
[2024-01-17T15:17:18.709+0000] {processor.py:830} INFO - Processing file /home/airflow/.local/lib/python3.8/site-packages/airflow/example_dags/example_latest_only.py for tasks to queue
[2024-01-17T15:17:18.712+0000] {logging_mixin.py:188} INFO - [2024-01-17T15:17:18.712+0000] {dagbag.py:538} INFO - Filling up the DagBag from /home/airflow/.local/lib/python3.8/site-packages/airflow/example_dags/example_latest_only.py
[2024-01-17T15:17:18.721+0000] {processor.py:840} INFO - DAG(s) 'latest_only' retrieved from /home/airflow/.local/lib/python3.8/site-packages/airflow/example_dags/example_latest_only.py
[2024-01-17T15:17:18.753+0000] {logging_mixin.py:188} INFO - [2024-01-17T15:17:18.752+0000] {dag.py:3033} INFO - Sync 1 DAGs
[2024-01-17T15:17:18.795+0000] {logging_mixin.py:188} INFO - [2024-01-17T15:17:18.795+0000] {dag.py:3820} INFO - Setting next_dagrun for latest_only to 2024-01-17T08:00:00+00:00, run_after=2024-01-17T12:00:00+00:00
[2024-01-17T15:17:18.825+0000] {processor.py:183} INFO - Processing /home/airflow/.local/lib/python3.8/site-packages/airflow/example_dags/example_latest_only.py took 0.123 seconds
[2024-01-17T15:17:49.377+0000] {processor.py:161} INFO - Started process (PID=580) to work on /home/airflow/.local/lib/python3.8/site-packages/airflow/example_dags/example_latest_only.py
[2024-01-17T15:17:49.378+0000] {processor.py:830} INFO - Processing file /home/airflow/.local/lib/python3.8/site-packages/airflow/example_dags/example_latest_only.py for tasks to queue
[2024-01-17T15:17:49.380+0000] {logging_mixin.py:188} INFO - [2024-01-17T15:17:49.380+0000] {dagbag.py:538} INFO - Filling up the DagBag from /home/airflow/.local/lib/python3.8/site-packages/airflow/example_dags/example_latest_only.py
[2024-01-17T15:17:49.385+0000] {processor.py:840} INFO - DAG(s) 'latest_only' retrieved from /home/airflow/.local/lib/python3.8/site-packages/airflow/example_dags/example_latest_only.py
[2024-01-17T15:17:49.408+0000] {logging_mixin.py:188} INFO - [2024-01-17T15:17:49.408+0000] {dag.py:3033} INFO - Sync 1 DAGs
[2024-01-17T15:17:49.454+0000] {logging_mixin.py:188} INFO - [2024-01-17T15:17:49.453+0000] {dag.py:3820} INFO - Setting next_dagrun for latest_only to 2024-01-17T08:00:00+00:00, run_after=2024-01-17T12:00:00+00:00
[2024-01-17T15:17:49.488+0000] {processor.py:183} INFO - Processing /home/airflow/.local/lib/python3.8/site-packages/airflow/example_dags/example_latest_only.py took 0.114 seconds
[2024-01-17T15:18:20.281+0000] {processor.py:161} INFO - Started process (PID=635) to work on /home/airflow/.local/lib/python3.8/site-packages/airflow/example_dags/example_latest_only.py
[2024-01-17T15:18:20.282+0000] {processor.py:830} INFO - Processing file /home/airflow/.local/lib/python3.8/site-packages/airflow/example_dags/example_latest_only.py for tasks to queue
[2024-01-17T15:18:20.284+0000] {logging_mixin.py:188} INFO - [2024-01-17T15:18:20.284+0000] {dagbag.py:538} INFO - Filling up the DagBag from /home/airflow/.local/lib/python3.8/site-packages/airflow/example_dags/example_latest_only.py
[2024-01-17T15:18:20.289+0000] {processor.py:840} INFO - DAG(s) 'latest_only' retrieved from /home/airflow/.local/lib/python3.8/site-packages/airflow/example_dags/example_latest_only.py
[2024-01-17T15:18:20.315+0000] {logging_mixin.py:188} INFO - [2024-01-17T15:18:20.315+0000] {dag.py:3033} INFO - Sync 1 DAGs
[2024-01-17T15:18:20.350+0000] {logging_mixin.py:188} INFO - [2024-01-17T15:18:20.349+0000] {dag.py:3820} INFO - Setting next_dagrun for latest_only to 2024-01-17T08:00:00+00:00, run_after=2024-01-17T12:00:00+00:00
[2024-01-17T15:18:20.378+0000] {processor.py:183} INFO - Processing /home/airflow/.local/lib/python3.8/site-packages/airflow/example_dags/example_latest_only.py took 0.101 seconds
[2024-01-17T15:18:52.012+0000] {processor.py:161} INFO - Started process (PID=690) to work on /home/airflow/.local/lib/python3.8/site-packages/airflow/example_dags/example_latest_only.py
[2024-01-17T15:18:52.013+0000] {processor.py:830} INFO - Processing file /home/airflow/.local/lib/python3.8/site-packages/airflow/example_dags/example_latest_only.py for tasks to queue
[2024-01-17T15:18:52.017+0000] {logging_mixin.py:188} INFO - [2024-01-17T15:18:52.017+0000] {dagbag.py:538} INFO - Filling up the DagBag from /home/airflow/.local/lib/python3.8/site-packages/airflow/example_dags/example_latest_only.py
[2024-01-17T15:18:52.026+0000] {processor.py:840} INFO - DAG(s) 'latest_only' retrieved from /home/airflow/.local/lib/python3.8/site-packages/airflow/example_dags/example_latest_only.py
[2024-01-17T15:18:52.070+0000] {logging_mixin.py:188} INFO - [2024-01-17T15:18:52.070+0000] {dag.py:3033} INFO - Sync 1 DAGs
[2024-01-17T15:18:52.113+0000] {logging_mixin.py:188} INFO - [2024-01-17T15:18:52.113+0000] {dag.py:3820} INFO - Setting next_dagrun for latest_only to 2024-01-17T08:00:00+00:00, run_after=2024-01-17T12:00:00+00:00
[2024-01-17T15:18:52.176+0000] {processor.py:183} INFO - Processing /home/airflow/.local/lib/python3.8/site-packages/airflow/example_dags/example_latest_only.py took 0.170 seconds
[2024-01-17T15:19:23.102+0000] {processor.py:161} INFO - Started process (PID=745) to work on /home/airflow/.local/lib/python3.8/site-packages/airflow/example_dags/example_latest_only.py
[2024-01-17T15:19:23.103+0000] {processor.py:830} INFO - Processing file /home/airflow/.local/lib/python3.8/site-packages/airflow/example_dags/example_latest_only.py for tasks to queue
[2024-01-17T15:19:23.106+0000] {logging_mixin.py:188} INFO - [2024-01-17T15:19:23.105+0000] {dagbag.py:538} INFO - Filling up the DagBag from /home/airflow/.local/lib/python3.8/site-packages/airflow/example_dags/example_latest_only.py
[2024-01-17T15:19:23.115+0000] {processor.py:840} INFO - DAG(s) 'latest_only' retrieved from /home/airflow/.local/lib/python3.8/site-packages/airflow/example_dags/example_latest_only.py
[2024-01-17T15:19:23.151+0000] {logging_mixin.py:188} INFO - [2024-01-17T15:19:23.150+0000] {dag.py:3033} INFO - Sync 1 DAGs
[2024-01-17T15:19:23.192+0000] {logging_mixin.py:188} INFO - [2024-01-17T15:19:23.192+0000] {dag.py:3820} INFO - Setting next_dagrun for latest_only to 2024-01-17T08:00:00+00:00, run_after=2024-01-17T12:00:00+00:00
[2024-01-17T15:19:23.315+0000] {processor.py:183} INFO - Processing /home/airflow/.local/lib/python3.8/site-packages/airflow/example_dags/example_latest_only.py took 0.218 seconds
[2024-01-17T15:19:53.567+0000] {processor.py:161} INFO - Started process (PID=800) to work on /home/airflow/.local/lib/python3.8/site-packages/airflow/example_dags/example_latest_only.py
[2024-01-17T15:19:53.568+0000] {processor.py:830} INFO - Processing file /home/airflow/.local/lib/python3.8/site-packages/airflow/example_dags/example_latest_only.py for tasks to queue
[2024-01-17T15:19:53.570+0000] {logging_mixin.py:188} INFO - [2024-01-17T15:19:53.570+0000] {dagbag.py:538} INFO - Filling up the DagBag from /home/airflow/.local/lib/python3.8/site-packages/airflow/example_dags/example_latest_only.py
[2024-01-17T15:19:53.576+0000] {processor.py:840} INFO - DAG(s) 'latest_only' retrieved from /home/airflow/.local/lib/python3.8/site-packages/airflow/example_dags/example_latest_only.py
[2024-01-17T15:19:53.599+0000] {logging_mixin.py:188} INFO - [2024-01-17T15:19:53.599+0000] {dag.py:3033} INFO - Sync 1 DAGs
[2024-01-17T15:19:53.628+0000] {logging_mixin.py:188} INFO - [2024-01-17T15:19:53.628+0000] {dag.py:3820} INFO - Setting next_dagrun for latest_only to 2024-01-17T08:00:00+00:00, run_after=2024-01-17T12:00:00+00:00
[2024-01-17T15:19:53.655+0000] {processor.py:183} INFO - Processing /home/airflow/.local/lib/python3.8/site-packages/airflow/example_dags/example_latest_only.py took 0.091 seconds
[2024-01-17T15:20:24.632+0000] {processor.py:161} INFO - Started process (PID=854) to work on /home/airflow/.local/lib/python3.8/site-packages/airflow/example_dags/example_latest_only.py
[2024-01-17T15:20:24.636+0000] {processor.py:830} INFO - Processing file /home/airflow/.local/lib/python3.8/site-packages/airflow/example_dags/example_latest_only.py for tasks to queue
[2024-01-17T15:20:24.639+0000] {logging_mixin.py:188} INFO - [2024-01-17T15:20:24.639+0000] {dagbag.py:538} INFO - Filling up the DagBag from /home/airflow/.local/lib/python3.8/site-packages/airflow/example_dags/example_latest_only.py
[2024-01-17T15:20:24.651+0000] {processor.py:840} INFO - DAG(s) 'latest_only' retrieved from /home/airflow/.local/lib/python3.8/site-packages/airflow/example_dags/example_latest_only.py
[2024-01-17T15:20:24.694+0000] {logging_mixin.py:188} INFO - [2024-01-17T15:20:24.693+0000] {dag.py:3033} INFO - Sync 1 DAGs
[2024-01-17T15:20:24.748+0000] {logging_mixin.py:188} INFO - [2024-01-17T15:20:24.747+0000] {dag.py:3820} INFO - Setting next_dagrun for latest_only to 2024-01-17T08:00:00+00:00, run_after=2024-01-17T12:00:00+00:00
[2024-01-17T15:20:24.799+0000] {processor.py:183} INFO - Processing /home/airflow/.local/lib/python3.8/site-packages/airflow/example_dags/example_latest_only.py took 0.173 seconds
[2024-01-17T15:20:54.849+0000] {processor.py:161} INFO - Started process (PID=908) to work on /home/airflow/.local/lib/python3.8/site-packages/airflow/example_dags/example_latest_only.py
[2024-01-17T15:20:54.850+0000] {processor.py:830} INFO - Processing file /home/airflow/.local/lib/python3.8/site-packages/airflow/example_dags/example_latest_only.py for tasks to queue
[2024-01-17T15:20:54.854+0000] {logging_mixin.py:188} INFO - [2024-01-17T15:20:54.854+0000] {dagbag.py:538} INFO - Filling up the DagBag from /home/airflow/.local/lib/python3.8/site-packages/airflow/example_dags/example_latest_only.py
[2024-01-17T15:20:54.864+0000] {processor.py:840} INFO - DAG(s) 'latest_only' retrieved from /home/airflow/.local/lib/python3.8/site-packages/airflow/example_dags/example_latest_only.py
[2024-01-17T15:20:54.893+0000] {logging_mixin.py:188} INFO - [2024-01-17T15:20:54.892+0000] {dag.py:3033} INFO - Sync 1 DAGs
[2024-01-17T15:20:54.932+0000] {logging_mixin.py:188} INFO - [2024-01-17T15:20:54.931+0000] {dag.py:3820} INFO - Setting next_dagrun for latest_only to 2024-01-17T08:00:00+00:00, run_after=2024-01-17T12:00:00+00:00
[2024-01-17T15:20:54.959+0000] {processor.py:183} INFO - Processing /home/airflow/.local/lib/python3.8/site-packages/airflow/example_dags/example_latest_only.py took 0.115 seconds
[2024-01-17T15:21:25.575+0000] {processor.py:161} INFO - Started process (PID=963) to work on /home/airflow/.local/lib/python3.8/site-packages/airflow/example_dags/example_latest_only.py
[2024-01-17T15:21:25.577+0000] {processor.py:830} INFO - Processing file /home/airflow/.local/lib/python3.8/site-packages/airflow/example_dags/example_latest_only.py for tasks to queue
[2024-01-17T15:21:25.580+0000] {logging_mixin.py:188} INFO - [2024-01-17T15:21:25.579+0000] {dagbag.py:538} INFO - Filling up the DagBag from /home/airflow/.local/lib/python3.8/site-packages/airflow/example_dags/example_latest_only.py
[2024-01-17T15:21:25.586+0000] {processor.py:840} INFO - DAG(s) 'latest_only' retrieved from /home/airflow/.local/lib/python3.8/site-packages/airflow/example_dags/example_latest_only.py
[2024-01-17T15:21:25.613+0000] {logging_mixin.py:188} INFO - [2024-01-17T15:21:25.613+0000] {dag.py:3033} INFO - Sync 1 DAGs
[2024-01-17T15:21:25.647+0000] {logging_mixin.py:188} INFO - [2024-01-17T15:21:25.647+0000] {dag.py:3820} INFO - Setting next_dagrun for latest_only to 2024-01-17T08:00:00+00:00, run_after=2024-01-17T12:00:00+00:00
[2024-01-17T15:21:25.672+0000] {processor.py:183} INFO - Processing /home/airflow/.local/lib/python3.8/site-packages/airflow/example_dags/example_latest_only.py took 0.102 seconds
[2024-01-17T15:21:56.350+0000] {processor.py:161} INFO - Started process (PID=1017) to work on /home/airflow/.local/lib/python3.8/site-packages/airflow/example_dags/example_latest_only.py
[2024-01-17T15:21:56.351+0000] {processor.py:830} INFO - Processing file /home/airflow/.local/lib/python3.8/site-packages/airflow/example_dags/example_latest_only.py for tasks to queue
[2024-01-17T15:21:56.353+0000] {logging_mixin.py:188} INFO - [2024-01-17T15:21:56.353+0000] {dagbag.py:538} INFO - Filling up the DagBag from /home/airflow/.local/lib/python3.8/site-packages/airflow/example_dags/example_latest_only.py
[2024-01-17T15:21:56.360+0000] {processor.py:840} INFO - DAG(s) 'latest_only' retrieved from /home/airflow/.local/lib/python3.8/site-packages/airflow/example_dags/example_latest_only.py
[2024-01-17T15:21:56.385+0000] {logging_mixin.py:188} INFO - [2024-01-17T15:21:56.385+0000] {dag.py:3033} INFO - Sync 1 DAGs
[2024-01-17T15:21:56.412+0000] {logging_mixin.py:188} INFO - [2024-01-17T15:21:56.411+0000] {dag.py:3820} INFO - Setting next_dagrun for latest_only to 2024-01-17T08:00:00+00:00, run_after=2024-01-17T12:00:00+00:00
[2024-01-17T15:21:56.477+0000] {processor.py:183} INFO - Processing /home/airflow/.local/lib/python3.8/site-packages/airflow/example_dags/example_latest_only.py took 0.131 seconds
[2024-01-17T15:25:18.468+0000] {processor.py:161} INFO - Started process (PID=74) to work on /home/airflow/.local/lib/python3.8/site-packages/airflow/example_dags/example_latest_only.py
[2024-01-17T15:25:18.472+0000] {processor.py:830} INFO - Processing file /home/airflow/.local/lib/python3.8/site-packages/airflow/example_dags/example_latest_only.py for tasks to queue
[2024-01-17T15:25:18.475+0000] {logging_mixin.py:188} INFO - [2024-01-17T15:25:18.475+0000] {dagbag.py:538} INFO - Filling up the DagBag from /home/airflow/.local/lib/python3.8/site-packages/airflow/example_dags/example_latest_only.py
[2024-01-17T15:25:18.507+0000] {processor.py:840} INFO - DAG(s) 'latest_only' retrieved from /home/airflow/.local/lib/python3.8/site-packages/airflow/example_dags/example_latest_only.py
[2024-01-17T15:25:18.611+0000] {logging_mixin.py:188} INFO - [2024-01-17T15:25:18.611+0000] {dag.py:3033} INFO - Sync 1 DAGs
[2024-01-17T15:25:18.719+0000] {logging_mixin.py:188} INFO - [2024-01-17T15:25:18.719+0000] {dag.py:3820} INFO - Setting next_dagrun for latest_only to 2024-01-17T08:00:00+00:00, run_after=2024-01-17T12:00:00+00:00
[2024-01-17T15:25:18.794+0000] {processor.py:183} INFO - Processing /home/airflow/.local/lib/python3.8/site-packages/airflow/example_dags/example_latest_only.py took 0.347 seconds
[2024-01-17T15:25:49.378+0000] {processor.py:161} INFO - Started process (PID=129) to work on /home/airflow/.local/lib/python3.8/site-packages/airflow/example_dags/example_latest_only.py
[2024-01-17T15:25:49.380+0000] {processor.py:830} INFO - Processing file /home/airflow/.local/lib/python3.8/site-packages/airflow/example_dags/example_latest_only.py for tasks to queue
[2024-01-17T15:25:49.383+0000] {logging_mixin.py:188} INFO - [2024-01-17T15:25:49.382+0000] {dagbag.py:538} INFO - Filling up the DagBag from /home/airflow/.local/lib/python3.8/site-packages/airflow/example_dags/example_latest_only.py
[2024-01-17T15:25:49.400+0000] {processor.py:840} INFO - DAG(s) 'latest_only' retrieved from /home/airflow/.local/lib/python3.8/site-packages/airflow/example_dags/example_latest_only.py
[2024-01-17T15:25:49.439+0000] {logging_mixin.py:188} INFO - [2024-01-17T15:25:49.439+0000] {dag.py:3033} INFO - Sync 1 DAGs
[2024-01-17T15:25:49.478+0000] {logging_mixin.py:188} INFO - [2024-01-17T15:25:49.478+0000] {dag.py:3820} INFO - Setting next_dagrun for latest_only to 2024-01-17T08:00:00+00:00, run_after=2024-01-17T12:00:00+00:00
[2024-01-17T15:25:49.555+0000] {processor.py:183} INFO - Processing /home/airflow/.local/lib/python3.8/site-packages/airflow/example_dags/example_latest_only.py took 0.205 seconds
[2024-01-17T15:26:20.679+0000] {processor.py:161} INFO - Started process (PID=185) to work on /home/airflow/.local/lib/python3.8/site-packages/airflow/example_dags/example_latest_only.py
[2024-01-17T15:26:20.708+0000] {processor.py:830} INFO - Processing file /home/airflow/.local/lib/python3.8/site-packages/airflow/example_dags/example_latest_only.py for tasks to queue
[2024-01-17T15:26:20.711+0000] {logging_mixin.py:188} INFO - [2024-01-17T15:26:20.711+0000] {dagbag.py:538} INFO - Filling up the DagBag from /home/airflow/.local/lib/python3.8/site-packages/airflow/example_dags/example_latest_only.py
[2024-01-17T15:26:20.769+0000] {processor.py:840} INFO - DAG(s) 'latest_only' retrieved from /home/airflow/.local/lib/python3.8/site-packages/airflow/example_dags/example_latest_only.py
[2024-01-17T15:26:20.860+0000] {logging_mixin.py:188} INFO - [2024-01-17T15:26:20.860+0000] {dag.py:3033} INFO - Sync 1 DAGs
[2024-01-17T15:26:20.953+0000] {logging_mixin.py:188} INFO - [2024-01-17T15:26:20.953+0000] {dag.py:3820} INFO - Setting next_dagrun for latest_only to 2024-01-17T08:00:00+00:00, run_after=2024-01-17T12:00:00+00:00
[2024-01-17T15:26:21.083+0000] {processor.py:183} INFO - Processing /home/airflow/.local/lib/python3.8/site-packages/airflow/example_dags/example_latest_only.py took 0.425 seconds
[2024-01-17T15:26:51.309+0000] {processor.py:161} INFO - Started process (PID=241) to work on /home/airflow/.local/lib/python3.8/site-packages/airflow/example_dags/example_latest_only.py
[2024-01-17T15:26:51.324+0000] {processor.py:830} INFO - Processing file /home/airflow/.local/lib/python3.8/site-packages/airflow/example_dags/example_latest_only.py for tasks to queue
[2024-01-17T15:26:51.327+0000] {logging_mixin.py:188} INFO - [2024-01-17T15:26:51.327+0000] {dagbag.py:538} INFO - Filling up the DagBag from /home/airflow/.local/lib/python3.8/site-packages/airflow/example_dags/example_latest_only.py
[2024-01-17T15:26:51.362+0000] {processor.py:840} INFO - DAG(s) 'latest_only' retrieved from /home/airflow/.local/lib/python3.8/site-packages/airflow/example_dags/example_latest_only.py
[2024-01-17T15:26:51.497+0000] {logging_mixin.py:188} INFO - [2024-01-17T15:26:51.496+0000] {dag.py:3033} INFO - Sync 1 DAGs
[2024-01-17T15:26:51.611+0000] {logging_mixin.py:188} INFO - [2024-01-17T15:26:51.610+0000] {dag.py:3820} INFO - Setting next_dagrun for latest_only to 2024-01-17T08:00:00+00:00, run_after=2024-01-17T12:00:00+00:00
[2024-01-17T15:26:51.694+0000] {processor.py:183} INFO - Processing /home/airflow/.local/lib/python3.8/site-packages/airflow/example_dags/example_latest_only.py took 0.405 seconds
[2024-01-17T15:27:21.821+0000] {processor.py:161} INFO - Started process (PID=296) to work on /home/airflow/.local/lib/python3.8/site-packages/airflow/example_dags/example_latest_only.py
[2024-01-17T15:27:21.848+0000] {processor.py:830} INFO - Processing file /home/airflow/.local/lib/python3.8/site-packages/airflow/example_dags/example_latest_only.py for tasks to queue
[2024-01-17T15:27:21.851+0000] {logging_mixin.py:188} INFO - [2024-01-17T15:27:21.851+0000] {dagbag.py:538} INFO - Filling up the DagBag from /home/airflow/.local/lib/python3.8/site-packages/airflow/example_dags/example_latest_only.py
[2024-01-17T15:27:21.883+0000] {processor.py:840} INFO - DAG(s) 'latest_only' retrieved from /home/airflow/.local/lib/python3.8/site-packages/airflow/example_dags/example_latest_only.py
[2024-01-17T15:27:21.918+0000] {logging_mixin.py:188} INFO - [2024-01-17T15:27:21.917+0000] {dag.py:3033} INFO - Sync 1 DAGs
[2024-01-17T15:27:22.004+0000] {logging_mixin.py:188} INFO - [2024-01-17T15:27:22.004+0000] {dag.py:3820} INFO - Setting next_dagrun for latest_only to 2024-01-17T08:00:00+00:00, run_after=2024-01-17T12:00:00+00:00
[2024-01-17T15:27:22.095+0000] {processor.py:183} INFO - Processing /home/airflow/.local/lib/python3.8/site-packages/airflow/example_dags/example_latest_only.py took 0.281 seconds
[2024-01-17T15:27:55.156+0000] {processor.py:161} INFO - Started process (PID=351) to work on /home/airflow/.local/lib/python3.8/site-packages/airflow/example_dags/example_latest_only.py
[2024-01-17T15:27:55.199+0000] {processor.py:830} INFO - Processing file /home/airflow/.local/lib/python3.8/site-packages/airflow/example_dags/example_latest_only.py for tasks to queue
[2024-01-17T15:27:55.202+0000] {logging_mixin.py:188} INFO - [2024-01-17T15:27:55.201+0000] {dagbag.py:538} INFO - Filling up the DagBag from /home/airflow/.local/lib/python3.8/site-packages/airflow/example_dags/example_latest_only.py
[2024-01-17T15:27:55.215+0000] {processor.py:840} INFO - DAG(s) 'latest_only' retrieved from /home/airflow/.local/lib/python3.8/site-packages/airflow/example_dags/example_latest_only.py
[2024-01-17T15:27:55.290+0000] {logging_mixin.py:188} INFO - [2024-01-17T15:27:55.289+0000] {dag.py:3033} INFO - Sync 1 DAGs
[2024-01-17T15:27:55.354+0000] {logging_mixin.py:188} INFO - [2024-01-17T15:27:55.353+0000] {dag.py:3820} INFO - Setting next_dagrun for latest_only to 2024-01-17T08:00:00+00:00, run_after=2024-01-17T12:00:00+00:00
[2024-01-17T15:27:55.461+0000] {processor.py:183} INFO - Processing /home/airflow/.local/lib/python3.8/site-packages/airflow/example_dags/example_latest_only.py took 0.311 seconds
[2024-01-17T15:28:36.730+0000] {processor.py:161} INFO - Started process (PID=413) to work on /home/airflow/.local/lib/python3.8/site-packages/airflow/example_dags/example_latest_only.py
[2024-01-17T15:28:36.731+0000] {processor.py:830} INFO - Processing file /home/airflow/.local/lib/python3.8/site-packages/airflow/example_dags/example_latest_only.py for tasks to queue
[2024-01-17T15:28:36.734+0000] {logging_mixin.py:188} INFO - [2024-01-17T15:28:36.734+0000] {dagbag.py:538} INFO - Filling up the DagBag from /home/airflow/.local/lib/python3.8/site-packages/airflow/example_dags/example_latest_only.py
[2024-01-17T15:28:36.742+0000] {processor.py:840} INFO - DAG(s) 'latest_only' retrieved from /home/airflow/.local/lib/python3.8/site-packages/airflow/example_dags/example_latest_only.py
[2024-01-17T15:28:36.757+0000] {logging_mixin.py:188} INFO - [2024-01-17T15:28:36.757+0000] {dag.py:3033} INFO - Sync 1 DAGs
[2024-01-17T15:28:36.798+0000] {logging_mixin.py:188} INFO - [2024-01-17T15:28:36.798+0000] {dag.py:3820} INFO - Setting next_dagrun for latest_only to 2024-01-17T08:00:00+00:00, run_after=2024-01-17T12:00:00+00:00
[2024-01-17T15:28:36.828+0000] {processor.py:183} INFO - Processing /home/airflow/.local/lib/python3.8/site-packages/airflow/example_dags/example_latest_only.py took 0.103 seconds
[2024-01-17T15:29:08.137+0000] {processor.py:161} INFO - Started process (PID=469) to work on /home/airflow/.local/lib/python3.8/site-packages/airflow/example_dags/example_latest_only.py
[2024-01-17T15:29:08.138+0000] {processor.py:830} INFO - Processing file /home/airflow/.local/lib/python3.8/site-packages/airflow/example_dags/example_latest_only.py for tasks to queue
[2024-01-17T15:29:08.143+0000] {logging_mixin.py:188} INFO - [2024-01-17T15:29:08.142+0000] {dagbag.py:538} INFO - Filling up the DagBag from /home/airflow/.local/lib/python3.8/site-packages/airflow/example_dags/example_latest_only.py
[2024-01-17T15:29:08.152+0000] {processor.py:840} INFO - DAG(s) 'latest_only' retrieved from /home/airflow/.local/lib/python3.8/site-packages/airflow/example_dags/example_latest_only.py
[2024-01-17T15:29:08.437+0000] {logging_mixin.py:188} INFO - [2024-01-17T15:29:08.436+0000] {dag.py:3033} INFO - Sync 1 DAGs
[2024-01-17T15:29:08.473+0000] {logging_mixin.py:188} INFO - [2024-01-17T15:29:08.473+0000] {dag.py:3820} INFO - Setting next_dagrun for latest_only to 2024-01-17T08:00:00+00:00, run_after=2024-01-17T12:00:00+00:00
[2024-01-17T15:29:08.533+0000] {processor.py:183} INFO - Processing /home/airflow/.local/lib/python3.8/site-packages/airflow/example_dags/example_latest_only.py took 0.401 seconds
[2024-01-17T15:30:02.903+0000] {processor.py:161} INFO - Started process (PID=537) to work on /home/airflow/.local/lib/python3.8/site-packages/airflow/example_dags/example_latest_only.py
[2024-01-17T15:30:02.904+0000] {processor.py:830} INFO - Processing file /home/airflow/.local/lib/python3.8/site-packages/airflow/example_dags/example_latest_only.py for tasks to queue
[2024-01-17T15:30:02.907+0000] {logging_mixin.py:188} INFO - [2024-01-17T15:30:02.906+0000] {dagbag.py:538} INFO - Filling up the DagBag from /home/airflow/.local/lib/python3.8/site-packages/airflow/example_dags/example_latest_only.py
[2024-01-17T15:30:02.913+0000] {processor.py:840} INFO - DAG(s) 'latest_only' retrieved from /home/airflow/.local/lib/python3.8/site-packages/airflow/example_dags/example_latest_only.py
[2024-01-17T15:30:02.943+0000] {logging_mixin.py:188} INFO - [2024-01-17T15:30:02.942+0000] {dag.py:3033} INFO - Sync 1 DAGs
[2024-01-17T15:30:02.983+0000] {logging_mixin.py:188} INFO - [2024-01-17T15:30:02.982+0000] {dag.py:3820} INFO - Setting next_dagrun for latest_only to 2024-01-17T08:00:00+00:00, run_after=2024-01-17T12:00:00+00:00
[2024-01-17T15:30:03.019+0000] {processor.py:183} INFO - Processing /home/airflow/.local/lib/python3.8/site-packages/airflow/example_dags/example_latest_only.py took 0.121 seconds
[2024-01-17T15:30:35.638+0000] {processor.py:161} INFO - Started process (PID=592) to work on /home/airflow/.local/lib/python3.8/site-packages/airflow/example_dags/example_latest_only.py
[2024-01-17T15:30:35.639+0000] {processor.py:830} INFO - Processing file /home/airflow/.local/lib/python3.8/site-packages/airflow/example_dags/example_latest_only.py for tasks to queue
[2024-01-17T15:30:35.650+0000] {logging_mixin.py:188} INFO - [2024-01-17T15:30:35.649+0000] {dagbag.py:538} INFO - Filling up the DagBag from /home/airflow/.local/lib/python3.8/site-packages/airflow/example_dags/example_latest_only.py
[2024-01-17T15:30:35.667+0000] {processor.py:840} INFO - DAG(s) 'latest_only' retrieved from /home/airflow/.local/lib/python3.8/site-packages/airflow/example_dags/example_latest_only.py
[2024-01-17T15:30:35.797+0000] {logging_mixin.py:188} INFO - [2024-01-17T15:30:35.796+0000] {dag.py:3033} INFO - Sync 1 DAGs
[2024-01-17T15:30:35.877+0000] {logging_mixin.py:188} INFO - [2024-01-17T15:30:35.877+0000] {dag.py:3820} INFO - Setting next_dagrun for latest_only to 2024-01-17T08:00:00+00:00, run_after=2024-01-17T12:00:00+00:00
[2024-01-17T15:30:35.950+0000] {processor.py:183} INFO - Processing /home/airflow/.local/lib/python3.8/site-packages/airflow/example_dags/example_latest_only.py took 0.317 seconds
[2024-01-17T15:31:06.080+0000] {processor.py:161} INFO - Started process (PID=648) to work on /home/airflow/.local/lib/python3.8/site-packages/airflow/example_dags/example_latest_only.py
[2024-01-17T15:31:06.081+0000] {processor.py:830} INFO - Processing file /home/airflow/.local/lib/python3.8/site-packages/airflow/example_dags/example_latest_only.py for tasks to queue
[2024-01-17T15:31:06.085+0000] {logging_mixin.py:188} INFO - [2024-01-17T15:31:06.085+0000] {dagbag.py:538} INFO - Filling up the DagBag from /home/airflow/.local/lib/python3.8/site-packages/airflow/example_dags/example_latest_only.py
[2024-01-17T15:31:06.092+0000] {processor.py:840} INFO - DAG(s) 'latest_only' retrieved from /home/airflow/.local/lib/python3.8/site-packages/airflow/example_dags/example_latest_only.py
[2024-01-17T15:31:06.124+0000] {logging_mixin.py:188} INFO - [2024-01-17T15:31:06.123+0000] {dag.py:3033} INFO - Sync 1 DAGs
[2024-01-17T15:31:06.166+0000] {logging_mixin.py:188} INFO - [2024-01-17T15:31:06.165+0000] {dag.py:3820} INFO - Setting next_dagrun for latest_only to 2024-01-17T08:00:00+00:00, run_after=2024-01-17T12:00:00+00:00
[2024-01-17T15:31:06.257+0000] {processor.py:183} INFO - Processing /home/airflow/.local/lib/python3.8/site-packages/airflow/example_dags/example_latest_only.py took 0.181 seconds
[2024-01-17T15:31:37.204+0000] {processor.py:161} INFO - Started process (PID=703) to work on /home/airflow/.local/lib/python3.8/site-packages/airflow/example_dags/example_latest_only.py
[2024-01-17T15:31:37.205+0000] {processor.py:830} INFO - Processing file /home/airflow/.local/lib/python3.8/site-packages/airflow/example_dags/example_latest_only.py for tasks to queue
[2024-01-17T15:31:37.208+0000] {logging_mixin.py:188} INFO - [2024-01-17T15:31:37.207+0000] {dagbag.py:538} INFO - Filling up the DagBag from /home/airflow/.local/lib/python3.8/site-packages/airflow/example_dags/example_latest_only.py
[2024-01-17T15:31:37.214+0000] {processor.py:840} INFO - DAG(s) 'latest_only' retrieved from /home/airflow/.local/lib/python3.8/site-packages/airflow/example_dags/example_latest_only.py
[2024-01-17T15:31:37.239+0000] {logging_mixin.py:188} INFO - [2024-01-17T15:31:37.239+0000] {dag.py:3033} INFO - Sync 1 DAGs
[2024-01-17T15:31:37.266+0000] {logging_mixin.py:188} INFO - [2024-01-17T15:31:37.265+0000] {dag.py:3820} INFO - Setting next_dagrun for latest_only to 2024-01-17T08:00:00+00:00, run_after=2024-01-17T12:00:00+00:00
[2024-01-17T15:31:37.288+0000] {processor.py:183} INFO - Processing /home/airflow/.local/lib/python3.8/site-packages/airflow/example_dags/example_latest_only.py took 0.089 seconds
[2024-01-17T15:32:07.901+0000] {processor.py:161} INFO - Started process (PID=758) to work on /home/airflow/.local/lib/python3.8/site-packages/airflow/example_dags/example_latest_only.py
[2024-01-17T15:32:07.916+0000] {processor.py:830} INFO - Processing file /home/airflow/.local/lib/python3.8/site-packages/airflow/example_dags/example_latest_only.py for tasks to queue
[2024-01-17T15:32:07.934+0000] {logging_mixin.py:188} INFO - [2024-01-17T15:32:07.933+0000] {dagbag.py:538} INFO - Filling up the DagBag from /home/airflow/.local/lib/python3.8/site-packages/airflow/example_dags/example_latest_only.py
[2024-01-17T15:32:07.948+0000] {processor.py:840} INFO - DAG(s) 'latest_only' retrieved from /home/airflow/.local/lib/python3.8/site-packages/airflow/example_dags/example_latest_only.py
[2024-01-17T15:32:07.988+0000] {logging_mixin.py:188} INFO - [2024-01-17T15:32:07.988+0000] {dag.py:3033} INFO - Sync 1 DAGs
[2024-01-17T15:32:08.029+0000] {logging_mixin.py:188} INFO - [2024-01-17T15:32:08.028+0000] {dag.py:3820} INFO - Setting next_dagrun for latest_only to 2024-01-17T08:00:00+00:00, run_after=2024-01-17T12:00:00+00:00
[2024-01-17T15:32:08.076+0000] {processor.py:183} INFO - Processing /home/airflow/.local/lib/python3.8/site-packages/airflow/example_dags/example_latest_only.py took 0.195 seconds
