[2024-01-17T15:13:11.550+0000] {processor.py:161} INFO - Started process (PID=80) to work on /home/airflow/.local/lib/python3.8/site-packages/airflow/example_dags/example_branch_python_dop_operator_3.py
[2024-01-17T15:13:11.552+0000] {processor.py:830} INFO - Processing file /home/airflow/.local/lib/python3.8/site-packages/airflow/example_dags/example_branch_python_dop_operator_3.py for tasks to queue
[2024-01-17T15:13:11.563+0000] {logging_mixin.py:188} INFO - [2024-01-17T15:13:11.563+0000] {dagbag.py:538} INFO - Filling up the DagBag from /home/airflow/.local/lib/python3.8/site-packages/airflow/example_dags/example_branch_python_dop_operator_3.py
[2024-01-17T15:13:11.609+0000] {processor.py:840} INFO - DAG(s) 'example_branch_dop_operator_v3' retrieved from /home/airflow/.local/lib/python3.8/site-packages/airflow/example_dags/example_branch_python_dop_operator_3.py
[2024-01-17T15:13:12.223+0000] {logging_mixin.py:188} INFO - [2024-01-17T15:13:12.223+0000] {dag.py:3033} INFO - Sync 1 DAGs
[2024-01-17T15:13:12.280+0000] {logging_mixin.py:188} INFO - [2024-01-17T15:13:12.279+0000] {dag.py:3820} INFO - Setting next_dagrun for example_branch_dop_operator_v3 to 2024-01-17T15:12:00+00:00, run_after=2024-01-17T15:13:00+00:00
[2024-01-17T15:13:12.388+0000] {processor.py:183} INFO - Processing /home/airflow/.local/lib/python3.8/site-packages/airflow/example_dags/example_branch_python_dop_operator_3.py took 0.845 seconds
[2024-01-17T15:13:42.796+0000] {processor.py:161} INFO - Started process (PID=141) to work on /home/airflow/.local/lib/python3.8/site-packages/airflow/example_dags/example_branch_python_dop_operator_3.py
[2024-01-17T15:13:42.819+0000] {processor.py:830} INFO - Processing file /home/airflow/.local/lib/python3.8/site-packages/airflow/example_dags/example_branch_python_dop_operator_3.py for tasks to queue
[2024-01-17T15:13:42.822+0000] {logging_mixin.py:188} INFO - [2024-01-17T15:13:42.822+0000] {dagbag.py:538} INFO - Filling up the DagBag from /home/airflow/.local/lib/python3.8/site-packages/airflow/example_dags/example_branch_python_dop_operator_3.py
[2024-01-17T15:13:42.855+0000] {processor.py:840} INFO - DAG(s) 'example_branch_dop_operator_v3' retrieved from /home/airflow/.local/lib/python3.8/site-packages/airflow/example_dags/example_branch_python_dop_operator_3.py
[2024-01-17T15:13:42.908+0000] {logging_mixin.py:188} INFO - [2024-01-17T15:13:42.906+0000] {dag.py:3033} INFO - Sync 1 DAGs
[2024-01-17T15:13:42.984+0000] {logging_mixin.py:188} INFO - [2024-01-17T15:13:42.983+0000] {dag.py:3820} INFO - Setting next_dagrun for example_branch_dop_operator_v3 to 2024-01-17T15:12:00+00:00, run_after=2024-01-17T15:13:00+00:00
[2024-01-17T15:13:43.054+0000] {processor.py:183} INFO - Processing /home/airflow/.local/lib/python3.8/site-packages/airflow/example_dags/example_branch_python_dop_operator_3.py took 0.262 seconds
[2024-01-17T15:14:13.924+0000] {processor.py:161} INFO - Started process (PID=195) to work on /home/airflow/.local/lib/python3.8/site-packages/airflow/example_dags/example_branch_python_dop_operator_3.py
[2024-01-17T15:14:13.925+0000] {processor.py:830} INFO - Processing file /home/airflow/.local/lib/python3.8/site-packages/airflow/example_dags/example_branch_python_dop_operator_3.py for tasks to queue
[2024-01-17T15:14:13.928+0000] {logging_mixin.py:188} INFO - [2024-01-17T15:14:13.927+0000] {dagbag.py:538} INFO - Filling up the DagBag from /home/airflow/.local/lib/python3.8/site-packages/airflow/example_dags/example_branch_python_dop_operator_3.py
[2024-01-17T15:14:13.953+0000] {processor.py:840} INFO - DAG(s) 'example_branch_dop_operator_v3' retrieved from /home/airflow/.local/lib/python3.8/site-packages/airflow/example_dags/example_branch_python_dop_operator_3.py
[2024-01-17T15:14:14.136+0000] {logging_mixin.py:188} INFO - [2024-01-17T15:14:14.136+0000] {dag.py:3033} INFO - Sync 1 DAGs
[2024-01-17T15:14:14.176+0000] {logging_mixin.py:188} INFO - [2024-01-17T15:14:14.176+0000] {dag.py:3820} INFO - Setting next_dagrun for example_branch_dop_operator_v3 to 2024-01-17T15:13:00+00:00, run_after=2024-01-17T15:14:00+00:00
[2024-01-17T15:14:14.210+0000] {processor.py:183} INFO - Processing /home/airflow/.local/lib/python3.8/site-packages/airflow/example_dags/example_branch_python_dop_operator_3.py took 0.290 seconds
[2024-01-17T15:14:44.665+0000] {processor.py:161} INFO - Started process (PID=250) to work on /home/airflow/.local/lib/python3.8/site-packages/airflow/example_dags/example_branch_python_dop_operator_3.py
[2024-01-17T15:14:44.666+0000] {processor.py:830} INFO - Processing file /home/airflow/.local/lib/python3.8/site-packages/airflow/example_dags/example_branch_python_dop_operator_3.py for tasks to queue
[2024-01-17T15:14:44.668+0000] {logging_mixin.py:188} INFO - [2024-01-17T15:14:44.668+0000] {dagbag.py:538} INFO - Filling up the DagBag from /home/airflow/.local/lib/python3.8/site-packages/airflow/example_dags/example_branch_python_dop_operator_3.py
[2024-01-17T15:14:44.677+0000] {processor.py:840} INFO - DAG(s) 'example_branch_dop_operator_v3' retrieved from /home/airflow/.local/lib/python3.8/site-packages/airflow/example_dags/example_branch_python_dop_operator_3.py
[2024-01-17T15:14:44.700+0000] {logging_mixin.py:188} INFO - [2024-01-17T15:14:44.700+0000] {dag.py:3033} INFO - Sync 1 DAGs
[2024-01-17T15:14:44.731+0000] {logging_mixin.py:188} INFO - [2024-01-17T15:14:44.731+0000] {dag.py:3820} INFO - Setting next_dagrun for example_branch_dop_operator_v3 to 2024-01-17T15:13:00+00:00, run_after=2024-01-17T15:14:00+00:00
[2024-01-17T15:14:44.751+0000] {processor.py:183} INFO - Processing /home/airflow/.local/lib/python3.8/site-packages/airflow/example_dags/example_branch_python_dop_operator_3.py took 0.090 seconds
[2024-01-17T15:15:15.449+0000] {processor.py:161} INFO - Started process (PID=304) to work on /home/airflow/.local/lib/python3.8/site-packages/airflow/example_dags/example_branch_python_dop_operator_3.py
[2024-01-17T15:15:15.450+0000] {processor.py:830} INFO - Processing file /home/airflow/.local/lib/python3.8/site-packages/airflow/example_dags/example_branch_python_dop_operator_3.py for tasks to queue
[2024-01-17T15:15:15.453+0000] {logging_mixin.py:188} INFO - [2024-01-17T15:15:15.453+0000] {dagbag.py:538} INFO - Filling up the DagBag from /home/airflow/.local/lib/python3.8/site-packages/airflow/example_dags/example_branch_python_dop_operator_3.py
[2024-01-17T15:15:15.468+0000] {processor.py:840} INFO - DAG(s) 'example_branch_dop_operator_v3' retrieved from /home/airflow/.local/lib/python3.8/site-packages/airflow/example_dags/example_branch_python_dop_operator_3.py
[2024-01-17T15:15:15.492+0000] {logging_mixin.py:188} INFO - [2024-01-17T15:15:15.492+0000] {dag.py:3033} INFO - Sync 1 DAGs
[2024-01-17T15:15:15.528+0000] {logging_mixin.py:188} INFO - [2024-01-17T15:15:15.528+0000] {dag.py:3820} INFO - Setting next_dagrun for example_branch_dop_operator_v3 to 2024-01-17T15:14:00+00:00, run_after=2024-01-17T15:15:00+00:00
[2024-01-17T15:15:15.587+0000] {processor.py:183} INFO - Processing /home/airflow/.local/lib/python3.8/site-packages/airflow/example_dags/example_branch_python_dop_operator_3.py took 0.141 seconds
[2024-01-17T15:15:45.891+0000] {processor.py:161} INFO - Started process (PID=359) to work on /home/airflow/.local/lib/python3.8/site-packages/airflow/example_dags/example_branch_python_dop_operator_3.py
[2024-01-17T15:15:45.893+0000] {processor.py:830} INFO - Processing file /home/airflow/.local/lib/python3.8/site-packages/airflow/example_dags/example_branch_python_dop_operator_3.py for tasks to queue
[2024-01-17T15:15:45.896+0000] {logging_mixin.py:188} INFO - [2024-01-17T15:15:45.895+0000] {dagbag.py:538} INFO - Filling up the DagBag from /home/airflow/.local/lib/python3.8/site-packages/airflow/example_dags/example_branch_python_dop_operator_3.py
[2024-01-17T15:15:45.922+0000] {processor.py:840} INFO - DAG(s) 'example_branch_dop_operator_v3' retrieved from /home/airflow/.local/lib/python3.8/site-packages/airflow/example_dags/example_branch_python_dop_operator_3.py
[2024-01-17T15:15:45.952+0000] {logging_mixin.py:188} INFO - [2024-01-17T15:15:45.952+0000] {dag.py:3033} INFO - Sync 1 DAGs
[2024-01-17T15:15:45.993+0000] {logging_mixin.py:188} INFO - [2024-01-17T15:15:45.993+0000] {dag.py:3820} INFO - Setting next_dagrun for example_branch_dop_operator_v3 to 2024-01-17T15:14:00+00:00, run_after=2024-01-17T15:15:00+00:00
[2024-01-17T15:15:46.118+0000] {processor.py:183} INFO - Processing /home/airflow/.local/lib/python3.8/site-packages/airflow/example_dags/example_branch_python_dop_operator_3.py took 0.233 seconds
[2024-01-17T15:16:16.481+0000] {processor.py:161} INFO - Started process (PID=414) to work on /home/airflow/.local/lib/python3.8/site-packages/airflow/example_dags/example_branch_python_dop_operator_3.py
[2024-01-17T15:16:16.482+0000] {processor.py:830} INFO - Processing file /home/airflow/.local/lib/python3.8/site-packages/airflow/example_dags/example_branch_python_dop_operator_3.py for tasks to queue
[2024-01-17T15:16:16.484+0000] {logging_mixin.py:188} INFO - [2024-01-17T15:16:16.484+0000] {dagbag.py:538} INFO - Filling up the DagBag from /home/airflow/.local/lib/python3.8/site-packages/airflow/example_dags/example_branch_python_dop_operator_3.py
[2024-01-17T15:16:16.495+0000] {processor.py:840} INFO - DAG(s) 'example_branch_dop_operator_v3' retrieved from /home/airflow/.local/lib/python3.8/site-packages/airflow/example_dags/example_branch_python_dop_operator_3.py
[2024-01-17T15:16:16.522+0000] {logging_mixin.py:188} INFO - [2024-01-17T15:16:16.522+0000] {dag.py:3033} INFO - Sync 1 DAGs
[2024-01-17T15:16:16.557+0000] {logging_mixin.py:188} INFO - [2024-01-17T15:16:16.557+0000] {dag.py:3820} INFO - Setting next_dagrun for example_branch_dop_operator_v3 to 2024-01-17T15:15:00+00:00, run_after=2024-01-17T15:16:00+00:00
[2024-01-17T15:16:16.581+0000] {processor.py:183} INFO - Processing /home/airflow/.local/lib/python3.8/site-packages/airflow/example_dags/example_branch_python_dop_operator_3.py took 0.104 seconds
[2024-01-17T15:16:47.186+0000] {processor.py:161} INFO - Started process (PID=468) to work on /home/airflow/.local/lib/python3.8/site-packages/airflow/example_dags/example_branch_python_dop_operator_3.py
[2024-01-17T15:16:47.187+0000] {processor.py:830} INFO - Processing file /home/airflow/.local/lib/python3.8/site-packages/airflow/example_dags/example_branch_python_dop_operator_3.py for tasks to queue
[2024-01-17T15:16:47.189+0000] {logging_mixin.py:188} INFO - [2024-01-17T15:16:47.189+0000] {dagbag.py:538} INFO - Filling up the DagBag from /home/airflow/.local/lib/python3.8/site-packages/airflow/example_dags/example_branch_python_dop_operator_3.py
[2024-01-17T15:16:47.199+0000] {processor.py:840} INFO - DAG(s) 'example_branch_dop_operator_v3' retrieved from /home/airflow/.local/lib/python3.8/site-packages/airflow/example_dags/example_branch_python_dop_operator_3.py
[2024-01-17T15:16:47.232+0000] {logging_mixin.py:188} INFO - [2024-01-17T15:16:47.232+0000] {dag.py:3033} INFO - Sync 1 DAGs
[2024-01-17T15:16:47.284+0000] {logging_mixin.py:188} INFO - [2024-01-17T15:16:47.284+0000] {dag.py:3820} INFO - Setting next_dagrun for example_branch_dop_operator_v3 to 2024-01-17T15:15:00+00:00, run_after=2024-01-17T15:16:00+00:00
[2024-01-17T15:16:47.309+0000] {processor.py:183} INFO - Processing /home/airflow/.local/lib/python3.8/site-packages/airflow/example_dags/example_branch_python_dop_operator_3.py took 0.127 seconds
[2024-01-17T15:17:18.477+0000] {processor.py:161} INFO - Started process (PID=523) to work on /home/airflow/.local/lib/python3.8/site-packages/airflow/example_dags/example_branch_python_dop_operator_3.py
[2024-01-17T15:17:18.478+0000] {processor.py:830} INFO - Processing file /home/airflow/.local/lib/python3.8/site-packages/airflow/example_dags/example_branch_python_dop_operator_3.py for tasks to queue
[2024-01-17T15:17:18.481+0000] {logging_mixin.py:188} INFO - [2024-01-17T15:17:18.480+0000] {dagbag.py:538} INFO - Filling up the DagBag from /home/airflow/.local/lib/python3.8/site-packages/airflow/example_dags/example_branch_python_dop_operator_3.py
[2024-01-17T15:17:18.500+0000] {processor.py:840} INFO - DAG(s) 'example_branch_dop_operator_v3' retrieved from /home/airflow/.local/lib/python3.8/site-packages/airflow/example_dags/example_branch_python_dop_operator_3.py
[2024-01-17T15:17:18.536+0000] {logging_mixin.py:188} INFO - [2024-01-17T15:17:18.535+0000] {dag.py:3033} INFO - Sync 1 DAGs
[2024-01-17T15:17:18.621+0000] {logging_mixin.py:188} INFO - [2024-01-17T15:17:18.621+0000] {dag.py:3820} INFO - Setting next_dagrun for example_branch_dop_operator_v3 to 2024-01-17T15:16:00+00:00, run_after=2024-01-17T15:17:00+00:00
[2024-01-17T15:17:18.668+0000] {processor.py:183} INFO - Processing /home/airflow/.local/lib/python3.8/site-packages/airflow/example_dags/example_branch_python_dop_operator_3.py took 0.194 seconds
[2024-01-17T15:17:49.236+0000] {processor.py:161} INFO - Started process (PID=578) to work on /home/airflow/.local/lib/python3.8/site-packages/airflow/example_dags/example_branch_python_dop_operator_3.py
[2024-01-17T15:17:49.237+0000] {processor.py:830} INFO - Processing file /home/airflow/.local/lib/python3.8/site-packages/airflow/example_dags/example_branch_python_dop_operator_3.py for tasks to queue
[2024-01-17T15:17:49.240+0000] {logging_mixin.py:188} INFO - [2024-01-17T15:17:49.240+0000] {dagbag.py:538} INFO - Filling up the DagBag from /home/airflow/.local/lib/python3.8/site-packages/airflow/example_dags/example_branch_python_dop_operator_3.py
[2024-01-17T15:17:49.253+0000] {processor.py:840} INFO - DAG(s) 'example_branch_dop_operator_v3' retrieved from /home/airflow/.local/lib/python3.8/site-packages/airflow/example_dags/example_branch_python_dop_operator_3.py
[2024-01-17T15:17:49.276+0000] {logging_mixin.py:188} INFO - [2024-01-17T15:17:49.276+0000] {dag.py:3033} INFO - Sync 1 DAGs
[2024-01-17T15:17:49.320+0000] {logging_mixin.py:188} INFO - [2024-01-17T15:17:49.320+0000] {dag.py:3820} INFO - Setting next_dagrun for example_branch_dop_operator_v3 to 2024-01-17T15:16:00+00:00, run_after=2024-01-17T15:17:00+00:00
[2024-01-17T15:17:49.348+0000] {processor.py:183} INFO - Processing /home/airflow/.local/lib/python3.8/site-packages/airflow/example_dags/example_branch_python_dop_operator_3.py took 0.116 seconds
[2024-01-17T15:18:20.164+0000] {processor.py:161} INFO - Started process (PID=633) to work on /home/airflow/.local/lib/python3.8/site-packages/airflow/example_dags/example_branch_python_dop_operator_3.py
[2024-01-17T15:18:20.165+0000] {processor.py:830} INFO - Processing file /home/airflow/.local/lib/python3.8/site-packages/airflow/example_dags/example_branch_python_dop_operator_3.py for tasks to queue
[2024-01-17T15:18:20.167+0000] {logging_mixin.py:188} INFO - [2024-01-17T15:18:20.167+0000] {dagbag.py:538} INFO - Filling up the DagBag from /home/airflow/.local/lib/python3.8/site-packages/airflow/example_dags/example_branch_python_dop_operator_3.py
[2024-01-17T15:18:20.177+0000] {processor.py:840} INFO - DAG(s) 'example_branch_dop_operator_v3' retrieved from /home/airflow/.local/lib/python3.8/site-packages/airflow/example_dags/example_branch_python_dop_operator_3.py
[2024-01-17T15:18:20.198+0000] {logging_mixin.py:188} INFO - [2024-01-17T15:18:20.197+0000] {dag.py:3033} INFO - Sync 1 DAGs
[2024-01-17T15:18:20.231+0000] {logging_mixin.py:188} INFO - [2024-01-17T15:18:20.230+0000] {dag.py:3820} INFO - Setting next_dagrun for example_branch_dop_operator_v3 to 2024-01-17T15:17:00+00:00, run_after=2024-01-17T15:18:00+00:00
[2024-01-17T15:18:20.252+0000] {processor.py:183} INFO - Processing /home/airflow/.local/lib/python3.8/site-packages/airflow/example_dags/example_branch_python_dop_operator_3.py took 0.091 seconds
[2024-01-17T15:18:51.702+0000] {processor.py:161} INFO - Started process (PID=688) to work on /home/airflow/.local/lib/python3.8/site-packages/airflow/example_dags/example_branch_python_dop_operator_3.py
[2024-01-17T15:18:51.707+0000] {processor.py:830} INFO - Processing file /home/airflow/.local/lib/python3.8/site-packages/airflow/example_dags/example_branch_python_dop_operator_3.py for tasks to queue
[2024-01-17T15:18:51.710+0000] {logging_mixin.py:188} INFO - [2024-01-17T15:18:51.710+0000] {dagbag.py:538} INFO - Filling up the DagBag from /home/airflow/.local/lib/python3.8/site-packages/airflow/example_dags/example_branch_python_dop_operator_3.py
[2024-01-17T15:18:51.737+0000] {processor.py:840} INFO - DAG(s) 'example_branch_dop_operator_v3' retrieved from /home/airflow/.local/lib/python3.8/site-packages/airflow/example_dags/example_branch_python_dop_operator_3.py
[2024-01-17T15:18:51.803+0000] {logging_mixin.py:188} INFO - [2024-01-17T15:18:51.802+0000] {dag.py:3033} INFO - Sync 1 DAGs
[2024-01-17T15:18:51.860+0000] {logging_mixin.py:188} INFO - [2024-01-17T15:18:51.860+0000] {dag.py:3820} INFO - Setting next_dagrun for example_branch_dop_operator_v3 to 2024-01-17T15:17:00+00:00, run_after=2024-01-17T15:18:00+00:00
[2024-01-17T15:18:51.968+0000] {processor.py:183} INFO - Processing /home/airflow/.local/lib/python3.8/site-packages/airflow/example_dags/example_branch_python_dop_operator_3.py took 0.278 seconds
[2024-01-17T15:19:22.843+0000] {processor.py:161} INFO - Started process (PID=743) to work on /home/airflow/.local/lib/python3.8/site-packages/airflow/example_dags/example_branch_python_dop_operator_3.py
[2024-01-17T15:19:22.851+0000] {processor.py:830} INFO - Processing file /home/airflow/.local/lib/python3.8/site-packages/airflow/example_dags/example_branch_python_dop_operator_3.py for tasks to queue
[2024-01-17T15:19:22.864+0000] {logging_mixin.py:188} INFO - [2024-01-17T15:19:22.861+0000] {dagbag.py:538} INFO - Filling up the DagBag from /home/airflow/.local/lib/python3.8/site-packages/airflow/example_dags/example_branch_python_dop_operator_3.py
[2024-01-17T15:19:22.906+0000] {processor.py:840} INFO - DAG(s) 'example_branch_dop_operator_v3' retrieved from /home/airflow/.local/lib/python3.8/site-packages/airflow/example_dags/example_branch_python_dop_operator_3.py
[2024-01-17T15:19:22.936+0000] {logging_mixin.py:188} INFO - [2024-01-17T15:19:22.936+0000] {dag.py:3033} INFO - Sync 1 DAGs
[2024-01-17T15:19:22.992+0000] {logging_mixin.py:188} INFO - [2024-01-17T15:19:22.991+0000] {dag.py:3820} INFO - Setting next_dagrun for example_branch_dop_operator_v3 to 2024-01-17T15:18:00+00:00, run_after=2024-01-17T15:19:00+00:00
[2024-01-17T15:19:23.066+0000] {processor.py:183} INFO - Processing /home/airflow/.local/lib/python3.8/site-packages/airflow/example_dags/example_branch_python_dop_operator_3.py took 0.250 seconds
[2024-01-17T15:19:53.428+0000] {processor.py:161} INFO - Started process (PID=798) to work on /home/airflow/.local/lib/python3.8/site-packages/airflow/example_dags/example_branch_python_dop_operator_3.py
[2024-01-17T15:19:53.430+0000] {processor.py:830} INFO - Processing file /home/airflow/.local/lib/python3.8/site-packages/airflow/example_dags/example_branch_python_dop_operator_3.py for tasks to queue
[2024-01-17T15:19:53.432+0000] {logging_mixin.py:188} INFO - [2024-01-17T15:19:53.432+0000] {dagbag.py:538} INFO - Filling up the DagBag from /home/airflow/.local/lib/python3.8/site-packages/airflow/example_dags/example_branch_python_dop_operator_3.py
[2024-01-17T15:19:53.446+0000] {processor.py:840} INFO - DAG(s) 'example_branch_dop_operator_v3' retrieved from /home/airflow/.local/lib/python3.8/site-packages/airflow/example_dags/example_branch_python_dop_operator_3.py
[2024-01-17T15:19:53.475+0000] {logging_mixin.py:188} INFO - [2024-01-17T15:19:53.474+0000] {dag.py:3033} INFO - Sync 1 DAGs
[2024-01-17T15:19:53.516+0000] {logging_mixin.py:188} INFO - [2024-01-17T15:19:53.515+0000] {dag.py:3820} INFO - Setting next_dagrun for example_branch_dop_operator_v3 to 2024-01-17T15:18:00+00:00, run_after=2024-01-17T15:19:00+00:00
[2024-01-17T15:19:53.544+0000] {processor.py:183} INFO - Processing /home/airflow/.local/lib/python3.8/site-packages/airflow/example_dags/example_branch_python_dop_operator_3.py took 0.121 seconds
[2024-01-17T15:20:24.263+0000] {processor.py:161} INFO - Started process (PID=852) to work on /home/airflow/.local/lib/python3.8/site-packages/airflow/example_dags/example_branch_python_dop_operator_3.py
[2024-01-17T15:20:24.265+0000] {processor.py:830} INFO - Processing file /home/airflow/.local/lib/python3.8/site-packages/airflow/example_dags/example_branch_python_dop_operator_3.py for tasks to queue
[2024-01-17T15:20:24.269+0000] {logging_mixin.py:188} INFO - [2024-01-17T15:20:24.268+0000] {dagbag.py:538} INFO - Filling up the DagBag from /home/airflow/.local/lib/python3.8/site-packages/airflow/example_dags/example_branch_python_dop_operator_3.py
[2024-01-17T15:20:24.286+0000] {processor.py:840} INFO - DAG(s) 'example_branch_dop_operator_v3' retrieved from /home/airflow/.local/lib/python3.8/site-packages/airflow/example_dags/example_branch_python_dop_operator_3.py
[2024-01-17T15:20:24.364+0000] {logging_mixin.py:188} INFO - [2024-01-17T15:20:24.364+0000] {dag.py:3033} INFO - Sync 1 DAGs
[2024-01-17T15:20:24.450+0000] {logging_mixin.py:188} INFO - [2024-01-17T15:20:24.450+0000] {dag.py:3820} INFO - Setting next_dagrun for example_branch_dop_operator_v3 to 2024-01-17T15:19:00+00:00, run_after=2024-01-17T15:20:00+00:00
[2024-01-17T15:20:24.551+0000] {processor.py:183} INFO - Processing /home/airflow/.local/lib/python3.8/site-packages/airflow/example_dags/example_branch_python_dop_operator_3.py took 0.294 seconds
[2024-01-17T15:20:54.763+0000] {processor.py:161} INFO - Started process (PID=907) to work on /home/airflow/.local/lib/python3.8/site-packages/airflow/example_dags/example_branch_python_dop_operator_3.py
[2024-01-17T15:20:54.765+0000] {processor.py:830} INFO - Processing file /home/airflow/.local/lib/python3.8/site-packages/airflow/example_dags/example_branch_python_dop_operator_3.py for tasks to queue
[2024-01-17T15:20:54.770+0000] {logging_mixin.py:188} INFO - [2024-01-17T15:20:54.770+0000] {dagbag.py:538} INFO - Filling up the DagBag from /home/airflow/.local/lib/python3.8/site-packages/airflow/example_dags/example_branch_python_dop_operator_3.py
[2024-01-17T15:20:54.795+0000] {processor.py:840} INFO - DAG(s) 'example_branch_dop_operator_v3' retrieved from /home/airflow/.local/lib/python3.8/site-packages/airflow/example_dags/example_branch_python_dop_operator_3.py
[2024-01-17T15:20:54.835+0000] {logging_mixin.py:188} INFO - [2024-01-17T15:20:54.835+0000] {dag.py:3033} INFO - Sync 1 DAGs
[2024-01-17T15:20:54.882+0000] {logging_mixin.py:188} INFO - [2024-01-17T15:20:54.881+0000] {dag.py:3820} INFO - Setting next_dagrun for example_branch_dop_operator_v3 to 2024-01-17T15:19:00+00:00, run_after=2024-01-17T15:20:00+00:00
[2024-01-17T15:20:54.914+0000] {processor.py:183} INFO - Processing /home/airflow/.local/lib/python3.8/site-packages/airflow/example_dags/example_branch_python_dop_operator_3.py took 0.157 seconds
[2024-01-17T15:21:25.429+0000] {processor.py:161} INFO - Started process (PID=961) to work on /home/airflow/.local/lib/python3.8/site-packages/airflow/example_dags/example_branch_python_dop_operator_3.py
[2024-01-17T15:21:25.431+0000] {processor.py:830} INFO - Processing file /home/airflow/.local/lib/python3.8/site-packages/airflow/example_dags/example_branch_python_dop_operator_3.py for tasks to queue
[2024-01-17T15:21:25.433+0000] {logging_mixin.py:188} INFO - [2024-01-17T15:21:25.433+0000] {dagbag.py:538} INFO - Filling up the DagBag from /home/airflow/.local/lib/python3.8/site-packages/airflow/example_dags/example_branch_python_dop_operator_3.py
[2024-01-17T15:21:25.446+0000] {processor.py:840} INFO - DAG(s) 'example_branch_dop_operator_v3' retrieved from /home/airflow/.local/lib/python3.8/site-packages/airflow/example_dags/example_branch_python_dop_operator_3.py
[2024-01-17T15:21:25.472+0000] {logging_mixin.py:188} INFO - [2024-01-17T15:21:25.472+0000] {dag.py:3033} INFO - Sync 1 DAGs
[2024-01-17T15:21:25.516+0000] {logging_mixin.py:188} INFO - [2024-01-17T15:21:25.516+0000] {dag.py:3820} INFO - Setting next_dagrun for example_branch_dop_operator_v3 to 2024-01-17T15:20:00+00:00, run_after=2024-01-17T15:21:00+00:00
[2024-01-17T15:21:25.541+0000] {processor.py:183} INFO - Processing /home/airflow/.local/lib/python3.8/site-packages/airflow/example_dags/example_branch_python_dop_operator_3.py took 0.116 seconds
[2024-01-17T15:21:56.142+0000] {processor.py:161} INFO - Started process (PID=1015) to work on /home/airflow/.local/lib/python3.8/site-packages/airflow/example_dags/example_branch_python_dop_operator_3.py
[2024-01-17T15:21:56.143+0000] {processor.py:830} INFO - Processing file /home/airflow/.local/lib/python3.8/site-packages/airflow/example_dags/example_branch_python_dop_operator_3.py for tasks to queue
[2024-01-17T15:21:56.148+0000] {logging_mixin.py:188} INFO - [2024-01-17T15:21:56.147+0000] {dagbag.py:538} INFO - Filling up the DagBag from /home/airflow/.local/lib/python3.8/site-packages/airflow/example_dags/example_branch_python_dop_operator_3.py
[2024-01-17T15:21:56.165+0000] {processor.py:840} INFO - DAG(s) 'example_branch_dop_operator_v3' retrieved from /home/airflow/.local/lib/python3.8/site-packages/airflow/example_dags/example_branch_python_dop_operator_3.py
[2024-01-17T15:21:56.194+0000] {logging_mixin.py:188} INFO - [2024-01-17T15:21:56.194+0000] {dag.py:3033} INFO - Sync 1 DAGs
[2024-01-17T15:21:56.253+0000] {logging_mixin.py:188} INFO - [2024-01-17T15:21:56.249+0000] {dag.py:3820} INFO - Setting next_dagrun for example_branch_dop_operator_v3 to 2024-01-17T15:20:00+00:00, run_after=2024-01-17T15:21:00+00:00
[2024-01-17T15:21:56.323+0000] {processor.py:183} INFO - Processing /home/airflow/.local/lib/python3.8/site-packages/airflow/example_dags/example_branch_python_dop_operator_3.py took 0.187 seconds
[2024-01-17T15:25:17.969+0000] {processor.py:161} INFO - Started process (PID=72) to work on /home/airflow/.local/lib/python3.8/site-packages/airflow/example_dags/example_branch_python_dop_operator_3.py
[2024-01-17T15:25:17.973+0000] {processor.py:830} INFO - Processing file /home/airflow/.local/lib/python3.8/site-packages/airflow/example_dags/example_branch_python_dop_operator_3.py for tasks to queue
[2024-01-17T15:25:17.976+0000] {logging_mixin.py:188} INFO - [2024-01-17T15:25:17.976+0000] {dagbag.py:538} INFO - Filling up the DagBag from /home/airflow/.local/lib/python3.8/site-packages/airflow/example_dags/example_branch_python_dop_operator_3.py
[2024-01-17T15:25:18.023+0000] {processor.py:840} INFO - DAG(s) 'example_branch_dop_operator_v3' retrieved from /home/airflow/.local/lib/python3.8/site-packages/airflow/example_dags/example_branch_python_dop_operator_3.py
[2024-01-17T15:25:18.127+0000] {logging_mixin.py:188} INFO - [2024-01-17T15:25:18.127+0000] {dag.py:3033} INFO - Sync 1 DAGs
[2024-01-17T15:25:18.265+0000] {logging_mixin.py:188} INFO - [2024-01-17T15:25:18.265+0000] {dag.py:3820} INFO - Setting next_dagrun for example_branch_dop_operator_v3 to 2024-01-17T15:24:00+00:00, run_after=2024-01-17T15:25:00+00:00
[2024-01-17T15:25:18.408+0000] {processor.py:183} INFO - Processing /home/airflow/.local/lib/python3.8/site-packages/airflow/example_dags/example_branch_python_dop_operator_3.py took 0.448 seconds
[2024-01-17T15:25:49.037+0000] {processor.py:161} INFO - Started process (PID=127) to work on /home/airflow/.local/lib/python3.8/site-packages/airflow/example_dags/example_branch_python_dop_operator_3.py
[2024-01-17T15:25:49.045+0000] {processor.py:830} INFO - Processing file /home/airflow/.local/lib/python3.8/site-packages/airflow/example_dags/example_branch_python_dop_operator_3.py for tasks to queue
[2024-01-17T15:25:49.060+0000] {logging_mixin.py:188} INFO - [2024-01-17T15:25:49.060+0000] {dagbag.py:538} INFO - Filling up the DagBag from /home/airflow/.local/lib/python3.8/site-packages/airflow/example_dags/example_branch_python_dop_operator_3.py
[2024-01-17T15:25:49.078+0000] {processor.py:840} INFO - DAG(s) 'example_branch_dop_operator_v3' retrieved from /home/airflow/.local/lib/python3.8/site-packages/airflow/example_dags/example_branch_python_dop_operator_3.py
[2024-01-17T15:25:49.122+0000] {logging_mixin.py:188} INFO - [2024-01-17T15:25:49.122+0000] {dag.py:3033} INFO - Sync 1 DAGs
[2024-01-17T15:25:49.208+0000] {logging_mixin.py:188} INFO - [2024-01-17T15:25:49.207+0000] {dag.py:3820} INFO - Setting next_dagrun for example_branch_dop_operator_v3 to 2024-01-17T15:24:00+00:00, run_after=2024-01-17T15:25:00+00:00
[2024-01-17T15:25:49.287+0000] {processor.py:183} INFO - Processing /home/airflow/.local/lib/python3.8/site-packages/airflow/example_dags/example_branch_python_dop_operator_3.py took 0.260 seconds
[2024-01-17T15:26:20.185+0000] {processor.py:161} INFO - Started process (PID=183) to work on /home/airflow/.local/lib/python3.8/site-packages/airflow/example_dags/example_branch_python_dop_operator_3.py
[2024-01-17T15:26:20.187+0000] {processor.py:830} INFO - Processing file /home/airflow/.local/lib/python3.8/site-packages/airflow/example_dags/example_branch_python_dop_operator_3.py for tasks to queue
[2024-01-17T15:26:20.191+0000] {logging_mixin.py:188} INFO - [2024-01-17T15:26:20.190+0000] {dagbag.py:538} INFO - Filling up the DagBag from /home/airflow/.local/lib/python3.8/site-packages/airflow/example_dags/example_branch_python_dop_operator_3.py
[2024-01-17T15:26:20.207+0000] {processor.py:840} INFO - DAG(s) 'example_branch_dop_operator_v3' retrieved from /home/airflow/.local/lib/python3.8/site-packages/airflow/example_dags/example_branch_python_dop_operator_3.py
[2024-01-17T15:26:20.301+0000] {logging_mixin.py:188} INFO - [2024-01-17T15:26:20.300+0000] {dag.py:3033} INFO - Sync 1 DAGs
[2024-01-17T15:26:20.425+0000] {logging_mixin.py:188} INFO - [2024-01-17T15:26:20.425+0000] {dag.py:3820} INFO - Setting next_dagrun for example_branch_dop_operator_v3 to 2024-01-17T15:25:00+00:00, run_after=2024-01-17T15:26:00+00:00
[2024-01-17T15:26:20.581+0000] {processor.py:183} INFO - Processing /home/airflow/.local/lib/python3.8/site-packages/airflow/example_dags/example_branch_python_dop_operator_3.py took 0.404 seconds
[2024-01-17T15:26:50.928+0000] {processor.py:161} INFO - Started process (PID=239) to work on /home/airflow/.local/lib/python3.8/site-packages/airflow/example_dags/example_branch_python_dop_operator_3.py
[2024-01-17T15:26:50.933+0000] {processor.py:830} INFO - Processing file /home/airflow/.local/lib/python3.8/site-packages/airflow/example_dags/example_branch_python_dop_operator_3.py for tasks to queue
[2024-01-17T15:26:50.945+0000] {logging_mixin.py:188} INFO - [2024-01-17T15:26:50.944+0000] {dagbag.py:538} INFO - Filling up the DagBag from /home/airflow/.local/lib/python3.8/site-packages/airflow/example_dags/example_branch_python_dop_operator_3.py
[2024-01-17T15:26:50.977+0000] {processor.py:840} INFO - DAG(s) 'example_branch_dop_operator_v3' retrieved from /home/airflow/.local/lib/python3.8/site-packages/airflow/example_dags/example_branch_python_dop_operator_3.py
[2024-01-17T15:26:51.033+0000] {logging_mixin.py:188} INFO - [2024-01-17T15:26:51.032+0000] {dag.py:3033} INFO - Sync 1 DAGs
[2024-01-17T15:26:51.125+0000] {logging_mixin.py:188} INFO - [2024-01-17T15:26:51.125+0000] {dag.py:3820} INFO - Setting next_dagrun for example_branch_dop_operator_v3 to 2024-01-17T15:25:00+00:00, run_after=2024-01-17T15:26:00+00:00
[2024-01-17T15:26:51.238+0000] {processor.py:183} INFO - Processing /home/airflow/.local/lib/python3.8/site-packages/airflow/example_dags/example_branch_python_dop_operator_3.py took 0.317 seconds
[2024-01-17T15:27:21.505+0000] {processor.py:161} INFO - Started process (PID=295) to work on /home/airflow/.local/lib/python3.8/site-packages/airflow/example_dags/example_branch_python_dop_operator_3.py
[2024-01-17T15:27:21.513+0000] {processor.py:830} INFO - Processing file /home/airflow/.local/lib/python3.8/site-packages/airflow/example_dags/example_branch_python_dop_operator_3.py for tasks to queue
[2024-01-17T15:27:21.526+0000] {logging_mixin.py:188} INFO - [2024-01-17T15:27:21.526+0000] {dagbag.py:538} INFO - Filling up the DagBag from /home/airflow/.local/lib/python3.8/site-packages/airflow/example_dags/example_branch_python_dop_operator_3.py
[2024-01-17T15:27:21.567+0000] {processor.py:840} INFO - DAG(s) 'example_branch_dop_operator_v3' retrieved from /home/airflow/.local/lib/python3.8/site-packages/airflow/example_dags/example_branch_python_dop_operator_3.py
[2024-01-17T15:27:21.658+0000] {logging_mixin.py:188} INFO - [2024-01-17T15:27:21.658+0000] {dag.py:3033} INFO - Sync 1 DAGs
[2024-01-17T15:27:21.741+0000] {logging_mixin.py:188} INFO - [2024-01-17T15:27:21.741+0000] {dag.py:3820} INFO - Setting next_dagrun for example_branch_dop_operator_v3 to 2024-01-17T15:26:00+00:00, run_after=2024-01-17T15:27:00+00:00
[2024-01-17T15:27:21.855+0000] {processor.py:183} INFO - Processing /home/airflow/.local/lib/python3.8/site-packages/airflow/example_dags/example_branch_python_dop_operator_3.py took 0.360 seconds
[2024-01-17T15:27:54.894+0000] {processor.py:161} INFO - Started process (PID=350) to work on /home/airflow/.local/lib/python3.8/site-packages/airflow/example_dags/example_branch_python_dop_operator_3.py
[2024-01-17T15:27:54.906+0000] {processor.py:830} INFO - Processing file /home/airflow/.local/lib/python3.8/site-packages/airflow/example_dags/example_branch_python_dop_operator_3.py for tasks to queue
[2024-01-17T15:27:54.909+0000] {logging_mixin.py:188} INFO - [2024-01-17T15:27:54.909+0000] {dagbag.py:538} INFO - Filling up the DagBag from /home/airflow/.local/lib/python3.8/site-packages/airflow/example_dags/example_branch_python_dop_operator_3.py
[2024-01-17T15:27:54.927+0000] {processor.py:840} INFO - DAG(s) 'example_branch_dop_operator_v3' retrieved from /home/airflow/.local/lib/python3.8/site-packages/airflow/example_dags/example_branch_python_dop_operator_3.py
[2024-01-17T15:27:55.001+0000] {logging_mixin.py:188} INFO - [2024-01-17T15:27:55.001+0000] {dag.py:3033} INFO - Sync 1 DAGs
[2024-01-17T15:27:55.109+0000] {logging_mixin.py:188} INFO - [2024-01-17T15:27:55.109+0000] {dag.py:3820} INFO - Setting next_dagrun for example_branch_dop_operator_v3 to 2024-01-17T15:26:00+00:00, run_after=2024-01-17T15:27:00+00:00
[2024-01-17T15:27:55.270+0000] {processor.py:183} INFO - Processing /home/airflow/.local/lib/python3.8/site-packages/airflow/example_dags/example_branch_python_dop_operator_3.py took 0.380 seconds
[2024-01-17T15:28:36.339+0000] {processor.py:161} INFO - Started process (PID=411) to work on /home/airflow/.local/lib/python3.8/site-packages/airflow/example_dags/example_branch_python_dop_operator_3.py
[2024-01-17T15:28:36.360+0000] {processor.py:830} INFO - Processing file /home/airflow/.local/lib/python3.8/site-packages/airflow/example_dags/example_branch_python_dop_operator_3.py for tasks to queue
[2024-01-17T15:28:36.363+0000] {logging_mixin.py:188} INFO - [2024-01-17T15:28:36.362+0000] {dagbag.py:538} INFO - Filling up the DagBag from /home/airflow/.local/lib/python3.8/site-packages/airflow/example_dags/example_branch_python_dop_operator_3.py
[2024-01-17T15:28:36.390+0000] {processor.py:840} INFO - DAG(s) 'example_branch_dop_operator_v3' retrieved from /home/airflow/.local/lib/python3.8/site-packages/airflow/example_dags/example_branch_python_dop_operator_3.py
[2024-01-17T15:28:36.423+0000] {logging_mixin.py:188} INFO - [2024-01-17T15:28:36.422+0000] {dag.py:3033} INFO - Sync 1 DAGs
[2024-01-17T15:28:36.635+0000] {logging_mixin.py:188} INFO - [2024-01-17T15:28:36.634+0000] {dag.py:3820} INFO - Setting next_dagrun for example_branch_dop_operator_v3 to 2024-01-17T15:27:00+00:00, run_after=2024-01-17T15:28:00+00:00
[2024-01-17T15:28:36.728+0000] {processor.py:183} INFO - Processing /home/airflow/.local/lib/python3.8/site-packages/airflow/example_dags/example_branch_python_dop_operator_3.py took 0.394 seconds
[2024-01-17T15:29:07.792+0000] {processor.py:161} INFO - Started process (PID=467) to work on /home/airflow/.local/lib/python3.8/site-packages/airflow/example_dags/example_branch_python_dop_operator_3.py
[2024-01-17T15:29:07.793+0000] {processor.py:830} INFO - Processing file /home/airflow/.local/lib/python3.8/site-packages/airflow/example_dags/example_branch_python_dop_operator_3.py for tasks to queue
[2024-01-17T15:29:07.796+0000] {logging_mixin.py:188} INFO - [2024-01-17T15:29:07.796+0000] {dagbag.py:538} INFO - Filling up the DagBag from /home/airflow/.local/lib/python3.8/site-packages/airflow/example_dags/example_branch_python_dop_operator_3.py
[2024-01-17T15:29:07.810+0000] {processor.py:840} INFO - DAG(s) 'example_branch_dop_operator_v3' retrieved from /home/airflow/.local/lib/python3.8/site-packages/airflow/example_dags/example_branch_python_dop_operator_3.py
[2024-01-17T15:29:07.992+0000] {logging_mixin.py:188} INFO - [2024-01-17T15:29:07.992+0000] {dag.py:3033} INFO - Sync 1 DAGs
[2024-01-17T15:29:08.056+0000] {logging_mixin.py:188} INFO - [2024-01-17T15:29:08.056+0000] {dag.py:3820} INFO - Setting next_dagrun for example_branch_dop_operator_v3 to 2024-01-17T15:28:00+00:00, run_after=2024-01-17T15:29:00+00:00
[2024-01-17T15:29:08.098+0000] {processor.py:183} INFO - Processing /home/airflow/.local/lib/python3.8/site-packages/airflow/example_dags/example_branch_python_dop_operator_3.py took 0.310 seconds
[2024-01-17T15:30:02.445+0000] {processor.py:161} INFO - Started process (PID=535) to work on /home/airflow/.local/lib/python3.8/site-packages/airflow/example_dags/example_branch_python_dop_operator_3.py
[2024-01-17T15:30:02.451+0000] {processor.py:830} INFO - Processing file /home/airflow/.local/lib/python3.8/site-packages/airflow/example_dags/example_branch_python_dop_operator_3.py for tasks to queue
[2024-01-17T15:30:02.455+0000] {logging_mixin.py:188} INFO - [2024-01-17T15:30:02.454+0000] {dagbag.py:538} INFO - Filling up the DagBag from /home/airflow/.local/lib/python3.8/site-packages/airflow/example_dags/example_branch_python_dop_operator_3.py
[2024-01-17T15:30:02.492+0000] {processor.py:840} INFO - DAG(s) 'example_branch_dop_operator_v3' retrieved from /home/airflow/.local/lib/python3.8/site-packages/airflow/example_dags/example_branch_python_dop_operator_3.py
[2024-01-17T15:30:02.549+0000] {logging_mixin.py:188} INFO - [2024-01-17T15:30:02.548+0000] {dag.py:3033} INFO - Sync 1 DAGs
[2024-01-17T15:30:02.609+0000] {logging_mixin.py:188} INFO - [2024-01-17T15:30:02.608+0000] {dag.py:3820} INFO - Setting next_dagrun for example_branch_dop_operator_v3 to 2024-01-17T15:29:00+00:00, run_after=2024-01-17T15:30:00+00:00
[2024-01-17T15:30:02.641+0000] {processor.py:183} INFO - Processing /home/airflow/.local/lib/python3.8/site-packages/airflow/example_dags/example_branch_python_dop_operator_3.py took 0.202 seconds
[2024-01-17T15:30:35.336+0000] {processor.py:161} INFO - Started process (PID=590) to work on /home/airflow/.local/lib/python3.8/site-packages/airflow/example_dags/example_branch_python_dop_operator_3.py
[2024-01-17T15:30:35.337+0000] {processor.py:830} INFO - Processing file /home/airflow/.local/lib/python3.8/site-packages/airflow/example_dags/example_branch_python_dop_operator_3.py for tasks to queue
[2024-01-17T15:30:35.339+0000] {logging_mixin.py:188} INFO - [2024-01-17T15:30:35.339+0000] {dagbag.py:538} INFO - Filling up the DagBag from /home/airflow/.local/lib/python3.8/site-packages/airflow/example_dags/example_branch_python_dop_operator_3.py
[2024-01-17T15:30:35.369+0000] {processor.py:840} INFO - DAG(s) 'example_branch_dop_operator_v3' retrieved from /home/airflow/.local/lib/python3.8/site-packages/airflow/example_dags/example_branch_python_dop_operator_3.py
[2024-01-17T15:30:35.413+0000] {logging_mixin.py:188} INFO - [2024-01-17T15:30:35.412+0000] {dag.py:3033} INFO - Sync 1 DAGs
[2024-01-17T15:30:35.458+0000] {logging_mixin.py:188} INFO - [2024-01-17T15:30:35.458+0000] {dag.py:3820} INFO - Setting next_dagrun for example_branch_dop_operator_v3 to 2024-01-17T15:29:00+00:00, run_after=2024-01-17T15:30:00+00:00
[2024-01-17T15:30:35.567+0000] {processor.py:183} INFO - Processing /home/airflow/.local/lib/python3.8/site-packages/airflow/example_dags/example_branch_python_dop_operator_3.py took 0.247 seconds
[2024-01-17T15:31:05.818+0000] {processor.py:161} INFO - Started process (PID=646) to work on /home/airflow/.local/lib/python3.8/site-packages/airflow/example_dags/example_branch_python_dop_operator_3.py
[2024-01-17T15:31:05.820+0000] {processor.py:830} INFO - Processing file /home/airflow/.local/lib/python3.8/site-packages/airflow/example_dags/example_branch_python_dop_operator_3.py for tasks to queue
[2024-01-17T15:31:05.825+0000] {logging_mixin.py:188} INFO - [2024-01-17T15:31:05.823+0000] {dagbag.py:538} INFO - Filling up the DagBag from /home/airflow/.local/lib/python3.8/site-packages/airflow/example_dags/example_branch_python_dop_operator_3.py
[2024-01-17T15:31:05.844+0000] {processor.py:840} INFO - DAG(s) 'example_branch_dop_operator_v3' retrieved from /home/airflow/.local/lib/python3.8/site-packages/airflow/example_dags/example_branch_python_dop_operator_3.py
[2024-01-17T15:31:05.879+0000] {logging_mixin.py:188} INFO - [2024-01-17T15:31:05.879+0000] {dag.py:3033} INFO - Sync 1 DAGs
[2024-01-17T15:31:05.976+0000] {logging_mixin.py:188} INFO - [2024-01-17T15:31:05.976+0000] {dag.py:3820} INFO - Setting next_dagrun for example_branch_dop_operator_v3 to 2024-01-17T15:30:00+00:00, run_after=2024-01-17T15:31:00+00:00
[2024-01-17T15:31:06.046+0000] {processor.py:183} INFO - Processing /home/airflow/.local/lib/python3.8/site-packages/airflow/example_dags/example_branch_python_dop_operator_3.py took 0.232 seconds
[2024-01-17T15:31:36.126+0000] {processor.py:161} INFO - Started process (PID=701) to work on /home/airflow/.local/lib/python3.8/site-packages/airflow/example_dags/example_branch_python_dop_operator_3.py
[2024-01-17T15:31:36.127+0000] {processor.py:830} INFO - Processing file /home/airflow/.local/lib/python3.8/site-packages/airflow/example_dags/example_branch_python_dop_operator_3.py for tasks to queue
[2024-01-17T15:31:36.130+0000] {logging_mixin.py:188} INFO - [2024-01-17T15:31:36.130+0000] {dagbag.py:538} INFO - Filling up the DagBag from /home/airflow/.local/lib/python3.8/site-packages/airflow/example_dags/example_branch_python_dop_operator_3.py
[2024-01-17T15:31:36.143+0000] {processor.py:840} INFO - DAG(s) 'example_branch_dop_operator_v3' retrieved from /home/airflow/.local/lib/python3.8/site-packages/airflow/example_dags/example_branch_python_dop_operator_3.py
[2024-01-17T15:31:36.167+0000] {logging_mixin.py:188} INFO - [2024-01-17T15:31:36.167+0000] {dag.py:3033} INFO - Sync 1 DAGs
[2024-01-17T15:31:36.199+0000] {logging_mixin.py:188} INFO - [2024-01-17T15:31:36.198+0000] {dag.py:3820} INFO - Setting next_dagrun for example_branch_dop_operator_v3 to 2024-01-17T15:30:00+00:00, run_after=2024-01-17T15:31:00+00:00
[2024-01-17T15:31:36.220+0000] {processor.py:183} INFO - Processing /home/airflow/.local/lib/python3.8/site-packages/airflow/example_dags/example_branch_python_dop_operator_3.py took 0.099 seconds
[2024-01-17T15:32:06.702+0000] {processor.py:161} INFO - Started process (PID=756) to work on /home/airflow/.local/lib/python3.8/site-packages/airflow/example_dags/example_branch_python_dop_operator_3.py
[2024-01-17T15:32:06.704+0000] {processor.py:830} INFO - Processing file /home/airflow/.local/lib/python3.8/site-packages/airflow/example_dags/example_branch_python_dop_operator_3.py for tasks to queue
[2024-01-17T15:32:06.710+0000] {logging_mixin.py:188} INFO - [2024-01-17T15:32:06.707+0000] {dagbag.py:538} INFO - Filling up the DagBag from /home/airflow/.local/lib/python3.8/site-packages/airflow/example_dags/example_branch_python_dop_operator_3.py
[2024-01-17T15:32:06.728+0000] {processor.py:840} INFO - DAG(s) 'example_branch_dop_operator_v3' retrieved from /home/airflow/.local/lib/python3.8/site-packages/airflow/example_dags/example_branch_python_dop_operator_3.py
[2024-01-17T15:32:06.776+0000] {logging_mixin.py:188} INFO - [2024-01-17T15:32:06.775+0000] {dag.py:3033} INFO - Sync 1 DAGs
[2024-01-17T15:32:06.837+0000] {logging_mixin.py:188} INFO - [2024-01-17T15:32:06.837+0000] {dag.py:3820} INFO - Setting next_dagrun for example_branch_dop_operator_v3 to 2024-01-17T15:31:00+00:00, run_after=2024-01-17T15:32:00+00:00
[2024-01-17T15:32:06.870+0000] {processor.py:183} INFO - Processing /home/airflow/.local/lib/python3.8/site-packages/airflow/example_dags/example_branch_python_dop_operator_3.py took 0.177 seconds
