[2024-01-17T15:13:05.837+0000] {processor.py:161} INFO - Started process (PID=65) to work on /home/airflow/.local/lib/python3.8/site-packages/airflow/example_dags/example_python_operator.py
[2024-01-17T15:13:05.843+0000] {processor.py:830} INFO - Processing file /home/airflow/.local/lib/python3.8/site-packages/airflow/example_dags/example_python_operator.py for tasks to queue
[2024-01-17T15:13:05.846+0000] {logging_mixin.py:188} INFO - [2024-01-17T15:13:05.846+0000] {dagbag.py:538} INFO - Filling up the DagBag from /home/airflow/.local/lib/python3.8/site-packages/airflow/example_dags/example_python_operator.py
[2024-01-17T15:13:05.909+0000] {processor.py:840} INFO - DAG(s) 'example_python_operator' retrieved from /home/airflow/.local/lib/python3.8/site-packages/airflow/example_dags/example_python_operator.py
[2024-01-17T15:13:06.495+0000] {logging_mixin.py:188} INFO - [2024-01-17T15:13:06.483+0000] {dag.py:3033} INFO - Sync 1 DAGs
[2024-01-17T15:13:06.546+0000] {logging_mixin.py:188} INFO - [2024-01-17T15:13:06.546+0000] {dag.py:3820} INFO - Setting next_dagrun for example_python_operator to None, run_after=None
[2024-01-17T15:13:06.621+0000] {processor.py:183} INFO - Processing /home/airflow/.local/lib/python3.8/site-packages/airflow/example_dags/example_python_operator.py took 0.790 seconds
[2024-01-17T15:13:36.810+0000] {processor.py:161} INFO - Started process (PID=120) to work on /home/airflow/.local/lib/python3.8/site-packages/airflow/example_dags/example_python_operator.py
[2024-01-17T15:13:36.812+0000] {processor.py:830} INFO - Processing file /home/airflow/.local/lib/python3.8/site-packages/airflow/example_dags/example_python_operator.py for tasks to queue
[2024-01-17T15:13:36.814+0000] {logging_mixin.py:188} INFO - [2024-01-17T15:13:36.814+0000] {dagbag.py:538} INFO - Filling up the DagBag from /home/airflow/.local/lib/python3.8/site-packages/airflow/example_dags/example_python_operator.py
[2024-01-17T15:13:36.835+0000] {processor.py:840} INFO - DAG(s) 'example_python_operator' retrieved from /home/airflow/.local/lib/python3.8/site-packages/airflow/example_dags/example_python_operator.py
[2024-01-17T15:13:36.857+0000] {logging_mixin.py:188} INFO - [2024-01-17T15:13:36.857+0000] {dag.py:3033} INFO - Sync 1 DAGs
[2024-01-17T15:13:36.884+0000] {logging_mixin.py:188} INFO - [2024-01-17T15:13:36.884+0000] {dag.py:3820} INFO - Setting next_dagrun for example_python_operator to None, run_after=None
[2024-01-17T15:13:37.012+0000] {processor.py:183} INFO - Processing /home/airflow/.local/lib/python3.8/site-packages/airflow/example_dags/example_python_operator.py took 0.210 seconds
[2024-01-17T15:14:07.731+0000] {processor.py:161} INFO - Started process (PID=175) to work on /home/airflow/.local/lib/python3.8/site-packages/airflow/example_dags/example_python_operator.py
[2024-01-17T15:14:07.732+0000] {processor.py:830} INFO - Processing file /home/airflow/.local/lib/python3.8/site-packages/airflow/example_dags/example_python_operator.py for tasks to queue
[2024-01-17T15:14:07.733+0000] {logging_mixin.py:188} INFO - [2024-01-17T15:14:07.733+0000] {dagbag.py:538} INFO - Filling up the DagBag from /home/airflow/.local/lib/python3.8/site-packages/airflow/example_dags/example_python_operator.py
[2024-01-17T15:14:07.746+0000] {processor.py:840} INFO - DAG(s) 'example_python_operator' retrieved from /home/airflow/.local/lib/python3.8/site-packages/airflow/example_dags/example_python_operator.py
[2024-01-17T15:14:07.868+0000] {logging_mixin.py:188} INFO - [2024-01-17T15:14:07.867+0000] {dag.py:3033} INFO - Sync 1 DAGs
[2024-01-17T15:14:07.882+0000] {logging_mixin.py:188} INFO - [2024-01-17T15:14:07.882+0000] {dag.py:3820} INFO - Setting next_dagrun for example_python_operator to None, run_after=None
[2024-01-17T15:14:07.906+0000] {processor.py:183} INFO - Processing /home/airflow/.local/lib/python3.8/site-packages/airflow/example_dags/example_python_operator.py took 0.178 seconds
[2024-01-17T15:14:38.300+0000] {processor.py:161} INFO - Started process (PID=229) to work on /home/airflow/.local/lib/python3.8/site-packages/airflow/example_dags/example_python_operator.py
[2024-01-17T15:14:38.301+0000] {processor.py:830} INFO - Processing file /home/airflow/.local/lib/python3.8/site-packages/airflow/example_dags/example_python_operator.py for tasks to queue
[2024-01-17T15:14:38.303+0000] {logging_mixin.py:188} INFO - [2024-01-17T15:14:38.302+0000] {dagbag.py:538} INFO - Filling up the DagBag from /home/airflow/.local/lib/python3.8/site-packages/airflow/example_dags/example_python_operator.py
[2024-01-17T15:14:38.314+0000] {processor.py:840} INFO - DAG(s) 'example_python_operator' retrieved from /home/airflow/.local/lib/python3.8/site-packages/airflow/example_dags/example_python_operator.py
[2024-01-17T15:14:38.339+0000] {logging_mixin.py:188} INFO - [2024-01-17T15:14:38.338+0000] {dag.py:3033} INFO - Sync 1 DAGs
[2024-01-17T15:14:38.353+0000] {logging_mixin.py:188} INFO - [2024-01-17T15:14:38.353+0000] {dag.py:3820} INFO - Setting next_dagrun for example_python_operator to None, run_after=None
[2024-01-17T15:14:38.377+0000] {processor.py:183} INFO - Processing /home/airflow/.local/lib/python3.8/site-packages/airflow/example_dags/example_python_operator.py took 0.080 seconds
[2024-01-17T15:15:08.676+0000] {processor.py:161} INFO - Started process (PID=284) to work on /home/airflow/.local/lib/python3.8/site-packages/airflow/example_dags/example_python_operator.py
[2024-01-17T15:15:08.678+0000] {processor.py:830} INFO - Processing file /home/airflow/.local/lib/python3.8/site-packages/airflow/example_dags/example_python_operator.py for tasks to queue
[2024-01-17T15:15:08.683+0000] {logging_mixin.py:188} INFO - [2024-01-17T15:15:08.682+0000] {dagbag.py:538} INFO - Filling up the DagBag from /home/airflow/.local/lib/python3.8/site-packages/airflow/example_dags/example_python_operator.py
[2024-01-17T15:15:08.705+0000] {processor.py:840} INFO - DAG(s) 'example_python_operator' retrieved from /home/airflow/.local/lib/python3.8/site-packages/airflow/example_dags/example_python_operator.py
[2024-01-17T15:15:08.750+0000] {logging_mixin.py:188} INFO - [2024-01-17T15:15:08.750+0000] {dag.py:3033} INFO - Sync 1 DAGs
[2024-01-17T15:15:08.783+0000] {logging_mixin.py:188} INFO - [2024-01-17T15:15:08.783+0000] {dag.py:3820} INFO - Setting next_dagrun for example_python_operator to None, run_after=None
[2024-01-17T15:15:08.848+0000] {processor.py:183} INFO - Processing /home/airflow/.local/lib/python3.8/site-packages/airflow/example_dags/example_python_operator.py took 0.178 seconds
[2024-01-17T15:15:39.625+0000] {processor.py:161} INFO - Started process (PID=338) to work on /home/airflow/.local/lib/python3.8/site-packages/airflow/example_dags/example_python_operator.py
[2024-01-17T15:15:39.651+0000] {processor.py:830} INFO - Processing file /home/airflow/.local/lib/python3.8/site-packages/airflow/example_dags/example_python_operator.py for tasks to queue
[2024-01-17T15:15:39.653+0000] {logging_mixin.py:188} INFO - [2024-01-17T15:15:39.653+0000] {dagbag.py:538} INFO - Filling up the DagBag from /home/airflow/.local/lib/python3.8/site-packages/airflow/example_dags/example_python_operator.py
[2024-01-17T15:15:39.669+0000] {processor.py:840} INFO - DAG(s) 'example_python_operator' retrieved from /home/airflow/.local/lib/python3.8/site-packages/airflow/example_dags/example_python_operator.py
[2024-01-17T15:15:39.698+0000] {logging_mixin.py:188} INFO - [2024-01-17T15:15:39.698+0000] {dag.py:3033} INFO - Sync 1 DAGs
[2024-01-17T15:15:39.711+0000] {logging_mixin.py:188} INFO - [2024-01-17T15:15:39.711+0000] {dag.py:3820} INFO - Setting next_dagrun for example_python_operator to None, run_after=None
[2024-01-17T15:15:39.821+0000] {processor.py:183} INFO - Processing /home/airflow/.local/lib/python3.8/site-packages/airflow/example_dags/example_python_operator.py took 0.200 seconds
[2024-01-17T15:16:09.954+0000] {processor.py:161} INFO - Started process (PID=393) to work on /home/airflow/.local/lib/python3.8/site-packages/airflow/example_dags/example_python_operator.py
[2024-01-17T15:16:09.956+0000] {processor.py:830} INFO - Processing file /home/airflow/.local/lib/python3.8/site-packages/airflow/example_dags/example_python_operator.py for tasks to queue
[2024-01-17T15:16:09.959+0000] {logging_mixin.py:188} INFO - [2024-01-17T15:16:09.958+0000] {dagbag.py:538} INFO - Filling up the DagBag from /home/airflow/.local/lib/python3.8/site-packages/airflow/example_dags/example_python_operator.py
[2024-01-17T15:16:09.978+0000] {processor.py:840} INFO - DAG(s) 'example_python_operator' retrieved from /home/airflow/.local/lib/python3.8/site-packages/airflow/example_dags/example_python_operator.py
[2024-01-17T15:16:10.019+0000] {logging_mixin.py:188} INFO - [2024-01-17T15:16:10.019+0000] {dag.py:3033} INFO - Sync 1 DAGs
[2024-01-17T15:16:10.040+0000] {logging_mixin.py:188} INFO - [2024-01-17T15:16:10.040+0000] {dag.py:3820} INFO - Setting next_dagrun for example_python_operator to None, run_after=None
[2024-01-17T15:16:10.078+0000] {processor.py:183} INFO - Processing /home/airflow/.local/lib/python3.8/site-packages/airflow/example_dags/example_python_operator.py took 0.128 seconds
[2024-01-17T15:16:40.178+0000] {processor.py:161} INFO - Started process (PID=447) to work on /home/airflow/.local/lib/python3.8/site-packages/airflow/example_dags/example_python_operator.py
[2024-01-17T15:16:40.179+0000] {processor.py:830} INFO - Processing file /home/airflow/.local/lib/python3.8/site-packages/airflow/example_dags/example_python_operator.py for tasks to queue
[2024-01-17T15:16:40.181+0000] {logging_mixin.py:188} INFO - [2024-01-17T15:16:40.181+0000] {dagbag.py:538} INFO - Filling up the DagBag from /home/airflow/.local/lib/python3.8/site-packages/airflow/example_dags/example_python_operator.py
[2024-01-17T15:16:40.193+0000] {processor.py:840} INFO - DAG(s) 'example_python_operator' retrieved from /home/airflow/.local/lib/python3.8/site-packages/airflow/example_dags/example_python_operator.py
[2024-01-17T15:16:40.222+0000] {logging_mixin.py:188} INFO - [2024-01-17T15:16:40.222+0000] {dag.py:3033} INFO - Sync 1 DAGs
[2024-01-17T15:16:40.236+0000] {logging_mixin.py:188} INFO - [2024-01-17T15:16:40.236+0000] {dag.py:3820} INFO - Setting next_dagrun for example_python_operator to None, run_after=None
[2024-01-17T15:16:40.309+0000] {processor.py:183} INFO - Processing /home/airflow/.local/lib/python3.8/site-packages/airflow/example_dags/example_python_operator.py took 0.134 seconds
[2024-01-17T15:17:10.701+0000] {processor.py:161} INFO - Started process (PID=501) to work on /home/airflow/.local/lib/python3.8/site-packages/airflow/example_dags/example_python_operator.py
[2024-01-17T15:17:10.702+0000] {processor.py:830} INFO - Processing file /home/airflow/.local/lib/python3.8/site-packages/airflow/example_dags/example_python_operator.py for tasks to queue
[2024-01-17T15:17:10.705+0000] {logging_mixin.py:188} INFO - [2024-01-17T15:17:10.705+0000] {dagbag.py:538} INFO - Filling up the DagBag from /home/airflow/.local/lib/python3.8/site-packages/airflow/example_dags/example_python_operator.py
[2024-01-17T15:17:10.718+0000] {processor.py:840} INFO - DAG(s) 'example_python_operator' retrieved from /home/airflow/.local/lib/python3.8/site-packages/airflow/example_dags/example_python_operator.py
[2024-01-17T15:17:10.755+0000] {logging_mixin.py:188} INFO - [2024-01-17T15:17:10.754+0000] {dag.py:3033} INFO - Sync 1 DAGs
[2024-01-17T15:17:10.770+0000] {logging_mixin.py:188} INFO - [2024-01-17T15:17:10.770+0000] {dag.py:3820} INFO - Setting next_dagrun for example_python_operator to None, run_after=None
[2024-01-17T15:17:10.791+0000] {processor.py:183} INFO - Processing /home/airflow/.local/lib/python3.8/site-packages/airflow/example_dags/example_python_operator.py took 0.094 seconds
[2024-01-17T15:17:40.943+0000] {processor.py:161} INFO - Started process (PID=556) to work on /home/airflow/.local/lib/python3.8/site-packages/airflow/example_dags/example_python_operator.py
[2024-01-17T15:17:40.944+0000] {processor.py:830} INFO - Processing file /home/airflow/.local/lib/python3.8/site-packages/airflow/example_dags/example_python_operator.py for tasks to queue
[2024-01-17T15:17:40.947+0000] {logging_mixin.py:188} INFO - [2024-01-17T15:17:40.947+0000] {dagbag.py:538} INFO - Filling up the DagBag from /home/airflow/.local/lib/python3.8/site-packages/airflow/example_dags/example_python_operator.py
[2024-01-17T15:17:40.965+0000] {processor.py:840} INFO - DAG(s) 'example_python_operator' retrieved from /home/airflow/.local/lib/python3.8/site-packages/airflow/example_dags/example_python_operator.py
[2024-01-17T15:17:40.992+0000] {logging_mixin.py:188} INFO - [2024-01-17T15:17:40.992+0000] {dag.py:3033} INFO - Sync 1 DAGs
[2024-01-17T15:17:41.007+0000] {logging_mixin.py:188} INFO - [2024-01-17T15:17:41.007+0000] {dag.py:3820} INFO - Setting next_dagrun for example_python_operator to None, run_after=None
[2024-01-17T15:17:41.033+0000] {processor.py:183} INFO - Processing /home/airflow/.local/lib/python3.8/site-packages/airflow/example_dags/example_python_operator.py took 0.095 seconds
[2024-01-17T15:18:11.100+0000] {processor.py:161} INFO - Started process (PID=611) to work on /home/airflow/.local/lib/python3.8/site-packages/airflow/example_dags/example_python_operator.py
[2024-01-17T15:18:11.102+0000] {processor.py:830} INFO - Processing file /home/airflow/.local/lib/python3.8/site-packages/airflow/example_dags/example_python_operator.py for tasks to queue
[2024-01-17T15:18:11.103+0000] {logging_mixin.py:188} INFO - [2024-01-17T15:18:11.103+0000] {dagbag.py:538} INFO - Filling up the DagBag from /home/airflow/.local/lib/python3.8/site-packages/airflow/example_dags/example_python_operator.py
[2024-01-17T15:18:11.116+0000] {processor.py:840} INFO - DAG(s) 'example_python_operator' retrieved from /home/airflow/.local/lib/python3.8/site-packages/airflow/example_dags/example_python_operator.py
[2024-01-17T15:18:11.143+0000] {logging_mixin.py:188} INFO - [2024-01-17T15:18:11.143+0000] {dag.py:3033} INFO - Sync 1 DAGs
[2024-01-17T15:18:11.159+0000] {logging_mixin.py:188} INFO - [2024-01-17T15:18:11.159+0000] {dag.py:3820} INFO - Setting next_dagrun for example_python_operator to None, run_after=None
[2024-01-17T15:18:11.186+0000] {processor.py:183} INFO - Processing /home/airflow/.local/lib/python3.8/site-packages/airflow/example_dags/example_python_operator.py took 0.090 seconds
[2024-01-17T15:18:41.583+0000] {processor.py:161} INFO - Started process (PID=666) to work on /home/airflow/.local/lib/python3.8/site-packages/airflow/example_dags/example_python_operator.py
[2024-01-17T15:18:41.584+0000] {processor.py:830} INFO - Processing file /home/airflow/.local/lib/python3.8/site-packages/airflow/example_dags/example_python_operator.py for tasks to queue
[2024-01-17T15:18:41.587+0000] {logging_mixin.py:188} INFO - [2024-01-17T15:18:41.587+0000] {dagbag.py:538} INFO - Filling up the DagBag from /home/airflow/.local/lib/python3.8/site-packages/airflow/example_dags/example_python_operator.py
[2024-01-17T15:18:41.606+0000] {processor.py:840} INFO - DAG(s) 'example_python_operator' retrieved from /home/airflow/.local/lib/python3.8/site-packages/airflow/example_dags/example_python_operator.py
[2024-01-17T15:18:41.654+0000] {logging_mixin.py:188} INFO - [2024-01-17T15:18:41.653+0000] {dag.py:3033} INFO - Sync 1 DAGs
[2024-01-17T15:18:41.680+0000] {logging_mixin.py:188} INFO - [2024-01-17T15:18:41.680+0000] {dag.py:3820} INFO - Setting next_dagrun for example_python_operator to None, run_after=None
[2024-01-17T15:18:41.746+0000] {processor.py:183} INFO - Processing /home/airflow/.local/lib/python3.8/site-packages/airflow/example_dags/example_python_operator.py took 0.168 seconds
[2024-01-17T15:19:14.836+0000] {processor.py:161} INFO - Started process (PID=722) to work on /home/airflow/.local/lib/python3.8/site-packages/airflow/example_dags/example_python_operator.py
[2024-01-17T15:19:14.839+0000] {processor.py:830} INFO - Processing file /home/airflow/.local/lib/python3.8/site-packages/airflow/example_dags/example_python_operator.py for tasks to queue
[2024-01-17T15:19:14.843+0000] {logging_mixin.py:188} INFO - [2024-01-17T15:19:14.842+0000] {dagbag.py:538} INFO - Filling up the DagBag from /home/airflow/.local/lib/python3.8/site-packages/airflow/example_dags/example_python_operator.py
[2024-01-17T15:19:14.952+0000] {processor.py:840} INFO - DAG(s) 'example_python_operator' retrieved from /home/airflow/.local/lib/python3.8/site-packages/airflow/example_dags/example_python_operator.py
[2024-01-17T15:19:15.316+0000] {logging_mixin.py:188} INFO - [2024-01-17T15:19:15.316+0000] {dag.py:3033} INFO - Sync 1 DAGs
[2024-01-17T15:19:15.416+0000] {logging_mixin.py:188} INFO - [2024-01-17T15:19:15.413+0000] {dag.py:3820} INFO - Setting next_dagrun for example_python_operator to None, run_after=None
[2024-01-17T15:19:15.564+0000] {processor.py:183} INFO - Processing /home/airflow/.local/lib/python3.8/site-packages/airflow/example_dags/example_python_operator.py took 0.735 seconds
[2024-01-17T15:19:45.766+0000] {processor.py:161} INFO - Started process (PID=777) to work on /home/airflow/.local/lib/python3.8/site-packages/airflow/example_dags/example_python_operator.py
[2024-01-17T15:19:45.777+0000] {processor.py:830} INFO - Processing file /home/airflow/.local/lib/python3.8/site-packages/airflow/example_dags/example_python_operator.py for tasks to queue
[2024-01-17T15:19:45.781+0000] {logging_mixin.py:188} INFO - [2024-01-17T15:19:45.781+0000] {dagbag.py:538} INFO - Filling up the DagBag from /home/airflow/.local/lib/python3.8/site-packages/airflow/example_dags/example_python_operator.py
[2024-01-17T15:19:45.808+0000] {processor.py:840} INFO - DAG(s) 'example_python_operator' retrieved from /home/airflow/.local/lib/python3.8/site-packages/airflow/example_dags/example_python_operator.py
[2024-01-17T15:19:45.845+0000] {logging_mixin.py:188} INFO - [2024-01-17T15:19:45.845+0000] {dag.py:3033} INFO - Sync 1 DAGs
[2024-01-17T15:19:45.868+0000] {logging_mixin.py:188} INFO - [2024-01-17T15:19:45.867+0000] {dag.py:3820} INFO - Setting next_dagrun for example_python_operator to None, run_after=None
[2024-01-17T15:19:45.901+0000] {processor.py:183} INFO - Processing /home/airflow/.local/lib/python3.8/site-packages/airflow/example_dags/example_python_operator.py took 0.148 seconds
[2024-01-17T15:20:16.054+0000] {processor.py:161} INFO - Started process (PID=832) to work on /home/airflow/.local/lib/python3.8/site-packages/airflow/example_dags/example_python_operator.py
[2024-01-17T15:20:16.056+0000] {processor.py:830} INFO - Processing file /home/airflow/.local/lib/python3.8/site-packages/airflow/example_dags/example_python_operator.py for tasks to queue
[2024-01-17T15:20:16.058+0000] {logging_mixin.py:188} INFO - [2024-01-17T15:20:16.058+0000] {dagbag.py:538} INFO - Filling up the DagBag from /home/airflow/.local/lib/python3.8/site-packages/airflow/example_dags/example_python_operator.py
[2024-01-17T15:20:16.085+0000] {processor.py:840} INFO - DAG(s) 'example_python_operator' retrieved from /home/airflow/.local/lib/python3.8/site-packages/airflow/example_dags/example_python_operator.py
[2024-01-17T15:20:16.110+0000] {logging_mixin.py:188} INFO - [2024-01-17T15:20:16.109+0000] {dag.py:3033} INFO - Sync 1 DAGs
[2024-01-17T15:20:16.124+0000] {logging_mixin.py:188} INFO - [2024-01-17T15:20:16.124+0000] {dag.py:3820} INFO - Setting next_dagrun for example_python_operator to None, run_after=None
[2024-01-17T15:20:16.148+0000] {processor.py:183} INFO - Processing /home/airflow/.local/lib/python3.8/site-packages/airflow/example_dags/example_python_operator.py took 0.099 seconds
[2024-01-17T15:20:46.224+0000] {processor.py:161} INFO - Started process (PID=886) to work on /home/airflow/.local/lib/python3.8/site-packages/airflow/example_dags/example_python_operator.py
[2024-01-17T15:20:46.225+0000] {processor.py:830} INFO - Processing file /home/airflow/.local/lib/python3.8/site-packages/airflow/example_dags/example_python_operator.py for tasks to queue
[2024-01-17T15:20:46.228+0000] {logging_mixin.py:188} INFO - [2024-01-17T15:20:46.227+0000] {dagbag.py:538} INFO - Filling up the DagBag from /home/airflow/.local/lib/python3.8/site-packages/airflow/example_dags/example_python_operator.py
[2024-01-17T15:20:46.240+0000] {processor.py:840} INFO - DAG(s) 'example_python_operator' retrieved from /home/airflow/.local/lib/python3.8/site-packages/airflow/example_dags/example_python_operator.py
[2024-01-17T15:20:46.264+0000] {logging_mixin.py:188} INFO - [2024-01-17T15:20:46.264+0000] {dag.py:3033} INFO - Sync 1 DAGs
[2024-01-17T15:20:46.280+0000] {logging_mixin.py:188} INFO - [2024-01-17T15:20:46.280+0000] {dag.py:3820} INFO - Setting next_dagrun for example_python_operator to None, run_after=None
[2024-01-17T15:20:46.315+0000] {processor.py:183} INFO - Processing /home/airflow/.local/lib/python3.8/site-packages/airflow/example_dags/example_python_operator.py took 0.095 seconds
[2024-01-17T15:21:16.675+0000] {processor.py:161} INFO - Started process (PID=941) to work on /home/airflow/.local/lib/python3.8/site-packages/airflow/example_dags/example_python_operator.py
[2024-01-17T15:21:16.679+0000] {processor.py:830} INFO - Processing file /home/airflow/.local/lib/python3.8/site-packages/airflow/example_dags/example_python_operator.py for tasks to queue
[2024-01-17T15:21:16.684+0000] {logging_mixin.py:188} INFO - [2024-01-17T15:21:16.684+0000] {dagbag.py:538} INFO - Filling up the DagBag from /home/airflow/.local/lib/python3.8/site-packages/airflow/example_dags/example_python_operator.py
[2024-01-17T15:21:16.705+0000] {processor.py:840} INFO - DAG(s) 'example_python_operator' retrieved from /home/airflow/.local/lib/python3.8/site-packages/airflow/example_dags/example_python_operator.py
[2024-01-17T15:21:16.741+0000] {logging_mixin.py:188} INFO - [2024-01-17T15:21:16.741+0000] {dag.py:3033} INFO - Sync 1 DAGs
[2024-01-17T15:21:16.759+0000] {logging_mixin.py:188} INFO - [2024-01-17T15:21:16.759+0000] {dag.py:3820} INFO - Setting next_dagrun for example_python_operator to None, run_after=None
[2024-01-17T15:21:16.788+0000] {processor.py:183} INFO - Processing /home/airflow/.local/lib/python3.8/site-packages/airflow/example_dags/example_python_operator.py took 0.117 seconds
[2024-01-17T15:21:47.363+0000] {processor.py:161} INFO - Started process (PID=995) to work on /home/airflow/.local/lib/python3.8/site-packages/airflow/example_dags/example_python_operator.py
[2024-01-17T15:21:47.366+0000] {processor.py:830} INFO - Processing file /home/airflow/.local/lib/python3.8/site-packages/airflow/example_dags/example_python_operator.py for tasks to queue
[2024-01-17T15:21:47.370+0000] {logging_mixin.py:188} INFO - [2024-01-17T15:21:47.369+0000] {dagbag.py:538} INFO - Filling up the DagBag from /home/airflow/.local/lib/python3.8/site-packages/airflow/example_dags/example_python_operator.py
[2024-01-17T15:21:47.396+0000] {processor.py:840} INFO - DAG(s) 'example_python_operator' retrieved from /home/airflow/.local/lib/python3.8/site-packages/airflow/example_dags/example_python_operator.py
[2024-01-17T15:21:47.446+0000] {logging_mixin.py:188} INFO - [2024-01-17T15:21:47.445+0000] {dag.py:3033} INFO - Sync 1 DAGs
[2024-01-17T15:21:47.472+0000] {logging_mixin.py:188} INFO - [2024-01-17T15:21:47.472+0000] {dag.py:3820} INFO - Setting next_dagrun for example_python_operator to None, run_after=None
[2024-01-17T15:21:47.505+0000] {processor.py:183} INFO - Processing /home/airflow/.local/lib/python3.8/site-packages/airflow/example_dags/example_python_operator.py took 0.148 seconds
[2024-01-17T15:22:18.370+0000] {processor.py:161} INFO - Started process (PID=1047) to work on /home/airflow/.local/lib/python3.8/site-packages/airflow/example_dags/example_python_operator.py
[2024-01-17T15:22:18.373+0000] {processor.py:830} INFO - Processing file /home/airflow/.local/lib/python3.8/site-packages/airflow/example_dags/example_python_operator.py for tasks to queue
[2024-01-17T15:22:18.391+0000] {logging_mixin.py:188} INFO - [2024-01-17T15:22:18.390+0000] {dagbag.py:538} INFO - Filling up the DagBag from /home/airflow/.local/lib/python3.8/site-packages/airflow/example_dags/example_python_operator.py
[2024-01-17T15:22:18.521+0000] {processor.py:840} INFO - DAG(s) 'example_python_operator' retrieved from /home/airflow/.local/lib/python3.8/site-packages/airflow/example_dags/example_python_operator.py
[2024-01-17T15:22:19.820+0000] {logging_mixin.py:188} INFO - [2024-01-17T15:22:19.820+0000] {dag.py:3033} INFO - Sync 1 DAGs
[2024-01-17T15:22:19.909+0000] {logging_mixin.py:188} INFO - [2024-01-17T15:22:19.909+0000] {dag.py:3820} INFO - Setting next_dagrun for example_python_operator to None, run_after=None
[2024-01-17T15:22:20.038+0000] {processor.py:183} INFO - Processing /home/airflow/.local/lib/python3.8/site-packages/airflow/example_dags/example_python_operator.py took 1.718 seconds
[2024-01-17T15:25:14.203+0000] {processor.py:161} INFO - Started process (PID=57) to work on /home/airflow/.local/lib/python3.8/site-packages/airflow/example_dags/example_python_operator.py
[2024-01-17T15:25:14.209+0000] {processor.py:830} INFO - Processing file /home/airflow/.local/lib/python3.8/site-packages/airflow/example_dags/example_python_operator.py for tasks to queue
[2024-01-17T15:25:14.212+0000] {logging_mixin.py:188} INFO - [2024-01-17T15:25:14.211+0000] {dagbag.py:538} INFO - Filling up the DagBag from /home/airflow/.local/lib/python3.8/site-packages/airflow/example_dags/example_python_operator.py
[2024-01-17T15:25:14.248+0000] {processor.py:840} INFO - DAG(s) 'example_python_operator' retrieved from /home/airflow/.local/lib/python3.8/site-packages/airflow/example_dags/example_python_operator.py
[2024-01-17T15:25:14.622+0000] {logging_mixin.py:188} INFO - [2024-01-17T15:25:14.622+0000] {dag.py:3033} INFO - Sync 1 DAGs
[2024-01-17T15:25:14.656+0000] {logging_mixin.py:188} INFO - [2024-01-17T15:25:14.656+0000] {dag.py:3820} INFO - Setting next_dagrun for example_python_operator to None, run_after=None
[2024-01-17T15:25:14.759+0000] {processor.py:183} INFO - Processing /home/airflow/.local/lib/python3.8/site-packages/airflow/example_dags/example_python_operator.py took 0.561 seconds
[2024-01-17T15:25:45.259+0000] {processor.py:161} INFO - Started process (PID=112) to work on /home/airflow/.local/lib/python3.8/site-packages/airflow/example_dags/example_python_operator.py
[2024-01-17T15:25:45.272+0000] {processor.py:830} INFO - Processing file /home/airflow/.local/lib/python3.8/site-packages/airflow/example_dags/example_python_operator.py for tasks to queue
[2024-01-17T15:25:45.275+0000] {logging_mixin.py:188} INFO - [2024-01-17T15:25:45.275+0000] {dagbag.py:538} INFO - Filling up the DagBag from /home/airflow/.local/lib/python3.8/site-packages/airflow/example_dags/example_python_operator.py
[2024-01-17T15:25:45.305+0000] {processor.py:840} INFO - DAG(s) 'example_python_operator' retrieved from /home/airflow/.local/lib/python3.8/site-packages/airflow/example_dags/example_python_operator.py
[2024-01-17T15:25:45.376+0000] {logging_mixin.py:188} INFO - [2024-01-17T15:25:45.376+0000] {dag.py:3033} INFO - Sync 1 DAGs
[2024-01-17T15:25:45.397+0000] {logging_mixin.py:188} INFO - [2024-01-17T15:25:45.397+0000] {dag.py:3820} INFO - Setting next_dagrun for example_python_operator to None, run_after=None
[2024-01-17T15:25:45.489+0000] {processor.py:183} INFO - Processing /home/airflow/.local/lib/python3.8/site-packages/airflow/example_dags/example_python_operator.py took 0.246 seconds
[2024-01-17T15:26:16.033+0000] {processor.py:161} INFO - Started process (PID=168) to work on /home/airflow/.local/lib/python3.8/site-packages/airflow/example_dags/example_python_operator.py
[2024-01-17T15:26:16.037+0000] {processor.py:830} INFO - Processing file /home/airflow/.local/lib/python3.8/site-packages/airflow/example_dags/example_python_operator.py for tasks to queue
[2024-01-17T15:26:16.040+0000] {logging_mixin.py:188} INFO - [2024-01-17T15:26:16.039+0000] {dagbag.py:538} INFO - Filling up the DagBag from /home/airflow/.local/lib/python3.8/site-packages/airflow/example_dags/example_python_operator.py
[2024-01-17T15:26:16.095+0000] {processor.py:840} INFO - DAG(s) 'example_python_operator' retrieved from /home/airflow/.local/lib/python3.8/site-packages/airflow/example_dags/example_python_operator.py
[2024-01-17T15:26:16.195+0000] {logging_mixin.py:188} INFO - [2024-01-17T15:26:16.195+0000] {dag.py:3033} INFO - Sync 1 DAGs
[2024-01-17T15:26:16.271+0000] {logging_mixin.py:188} INFO - [2024-01-17T15:26:16.271+0000] {dag.py:3820} INFO - Setting next_dagrun for example_python_operator to None, run_after=None
[2024-01-17T15:26:16.429+0000] {processor.py:183} INFO - Processing /home/airflow/.local/lib/python3.8/site-packages/airflow/example_dags/example_python_operator.py took 0.402 seconds
[2024-01-17T15:26:47.560+0000] {processor.py:161} INFO - Started process (PID=224) to work on /home/airflow/.local/lib/python3.8/site-packages/airflow/example_dags/example_python_operator.py
[2024-01-17T15:26:47.565+0000] {processor.py:830} INFO - Processing file /home/airflow/.local/lib/python3.8/site-packages/airflow/example_dags/example_python_operator.py for tasks to queue
[2024-01-17T15:26:47.568+0000] {logging_mixin.py:188} INFO - [2024-01-17T15:26:47.568+0000] {dagbag.py:538} INFO - Filling up the DagBag from /home/airflow/.local/lib/python3.8/site-packages/airflow/example_dags/example_python_operator.py
[2024-01-17T15:26:47.610+0000] {processor.py:840} INFO - DAG(s) 'example_python_operator' retrieved from /home/airflow/.local/lib/python3.8/site-packages/airflow/example_dags/example_python_operator.py
[2024-01-17T15:26:47.724+0000] {logging_mixin.py:188} INFO - [2024-01-17T15:26:47.724+0000] {dag.py:3033} INFO - Sync 1 DAGs
[2024-01-17T15:26:47.754+0000] {logging_mixin.py:188} INFO - [2024-01-17T15:26:47.754+0000] {dag.py:3820} INFO - Setting next_dagrun for example_python_operator to None, run_after=None
[2024-01-17T15:26:47.883+0000] {processor.py:183} INFO - Processing /home/airflow/.local/lib/python3.8/site-packages/airflow/example_dags/example_python_operator.py took 0.339 seconds
[2024-01-17T15:27:18.052+0000] {processor.py:161} INFO - Started process (PID=280) to work on /home/airflow/.local/lib/python3.8/site-packages/airflow/example_dags/example_python_operator.py
[2024-01-17T15:27:18.055+0000] {processor.py:830} INFO - Processing file /home/airflow/.local/lib/python3.8/site-packages/airflow/example_dags/example_python_operator.py for tasks to queue
[2024-01-17T15:27:18.059+0000] {logging_mixin.py:188} INFO - [2024-01-17T15:27:18.058+0000] {dagbag.py:538} INFO - Filling up the DagBag from /home/airflow/.local/lib/python3.8/site-packages/airflow/example_dags/example_python_operator.py
[2024-01-17T15:27:18.088+0000] {processor.py:840} INFO - DAG(s) 'example_python_operator' retrieved from /home/airflow/.local/lib/python3.8/site-packages/airflow/example_dags/example_python_operator.py
[2024-01-17T15:27:18.234+0000] {logging_mixin.py:188} INFO - [2024-01-17T15:27:18.231+0000] {dag.py:3033} INFO - Sync 1 DAGs
[2024-01-17T15:27:18.296+0000] {logging_mixin.py:188} INFO - [2024-01-17T15:27:18.291+0000] {dag.py:3820} INFO - Setting next_dagrun for example_python_operator to None, run_after=None
[2024-01-17T15:27:18.426+0000] {processor.py:183} INFO - Processing /home/airflow/.local/lib/python3.8/site-packages/airflow/example_dags/example_python_operator.py took 0.382 seconds
[2024-01-17T15:27:52.540+0000] {processor.py:161} INFO - Started process (PID=335) to work on /home/airflow/.local/lib/python3.8/site-packages/airflow/example_dags/example_python_operator.py
[2024-01-17T15:27:52.541+0000] {processor.py:830} INFO - Processing file /home/airflow/.local/lib/python3.8/site-packages/airflow/example_dags/example_python_operator.py for tasks to queue
[2024-01-17T15:27:52.544+0000] {logging_mixin.py:188} INFO - [2024-01-17T15:27:52.544+0000] {dagbag.py:538} INFO - Filling up the DagBag from /home/airflow/.local/lib/python3.8/site-packages/airflow/example_dags/example_python_operator.py
[2024-01-17T15:27:52.583+0000] {processor.py:840} INFO - DAG(s) 'example_python_operator' retrieved from /home/airflow/.local/lib/python3.8/site-packages/airflow/example_dags/example_python_operator.py
[2024-01-17T15:27:52.647+0000] {logging_mixin.py:188} INFO - [2024-01-17T15:27:52.647+0000] {dag.py:3033} INFO - Sync 1 DAGs
[2024-01-17T15:27:52.670+0000] {logging_mixin.py:188} INFO - [2024-01-17T15:27:52.669+0000] {dag.py:3820} INFO - Setting next_dagrun for example_python_operator to None, run_after=None
[2024-01-17T15:27:52.756+0000] {processor.py:183} INFO - Processing /home/airflow/.local/lib/python3.8/site-packages/airflow/example_dags/example_python_operator.py took 0.230 seconds
[2024-01-17T15:28:33.963+0000] {processor.py:161} INFO - Started process (PID=390) to work on /home/airflow/.local/lib/python3.8/site-packages/airflow/example_dags/example_python_operator.py
[2024-01-17T15:28:33.965+0000] {processor.py:830} INFO - Processing file /home/airflow/.local/lib/python3.8/site-packages/airflow/example_dags/example_python_operator.py for tasks to queue
[2024-01-17T15:28:33.968+0000] {logging_mixin.py:188} INFO - [2024-01-17T15:28:33.968+0000] {dagbag.py:538} INFO - Filling up the DagBag from /home/airflow/.local/lib/python3.8/site-packages/airflow/example_dags/example_python_operator.py
[2024-01-17T15:28:33.986+0000] {processor.py:840} INFO - DAG(s) 'example_python_operator' retrieved from /home/airflow/.local/lib/python3.8/site-packages/airflow/example_dags/example_python_operator.py
[2024-01-17T15:28:34.005+0000] {logging_mixin.py:188} INFO - [2024-01-17T15:28:34.005+0000] {dag.py:3033} INFO - Sync 1 DAGs
[2024-01-17T15:28:34.030+0000] {logging_mixin.py:188} INFO - [2024-01-17T15:28:34.030+0000] {dag.py:3820} INFO - Setting next_dagrun for example_python_operator to None, run_after=None
[2024-01-17T15:28:34.092+0000] {processor.py:183} INFO - Processing /home/airflow/.local/lib/python3.8/site-packages/airflow/example_dags/example_python_operator.py took 0.133 seconds
[2024-01-17T15:29:05.286+0000] {processor.py:161} INFO - Started process (PID=452) to work on /home/airflow/.local/lib/python3.8/site-packages/airflow/example_dags/example_python_operator.py
[2024-01-17T15:29:05.292+0000] {processor.py:830} INFO - Processing file /home/airflow/.local/lib/python3.8/site-packages/airflow/example_dags/example_python_operator.py for tasks to queue
[2024-01-17T15:29:05.295+0000] {logging_mixin.py:188} INFO - [2024-01-17T15:29:05.294+0000] {dagbag.py:538} INFO - Filling up the DagBag from /home/airflow/.local/lib/python3.8/site-packages/airflow/example_dags/example_python_operator.py
[2024-01-17T15:29:05.356+0000] {processor.py:840} INFO - DAG(s) 'example_python_operator' retrieved from /home/airflow/.local/lib/python3.8/site-packages/airflow/example_dags/example_python_operator.py
[2024-01-17T15:29:05.636+0000] {logging_mixin.py:188} INFO - [2024-01-17T15:29:05.635+0000] {dag.py:3033} INFO - Sync 1 DAGs
[2024-01-17T15:29:05.654+0000] {logging_mixin.py:188} INFO - [2024-01-17T15:29:05.654+0000] {dag.py:3820} INFO - Setting next_dagrun for example_python_operator to None, run_after=None
[2024-01-17T15:29:05.684+0000] {processor.py:183} INFO - Processing /home/airflow/.local/lib/python3.8/site-packages/airflow/example_dags/example_python_operator.py took 0.411 seconds
[2024-01-17T15:30:00.977+0000] {processor.py:161} INFO - Started process (PID=520) to work on /home/airflow/.local/lib/python3.8/site-packages/airflow/example_dags/example_python_operator.py
[2024-01-17T15:30:00.983+0000] {processor.py:830} INFO - Processing file /home/airflow/.local/lib/python3.8/site-packages/airflow/example_dags/example_python_operator.py for tasks to queue
[2024-01-17T15:30:00.985+0000] {logging_mixin.py:188} INFO - [2024-01-17T15:30:00.985+0000] {dagbag.py:538} INFO - Filling up the DagBag from /home/airflow/.local/lib/python3.8/site-packages/airflow/example_dags/example_python_operator.py
[2024-01-17T15:30:01.013+0000] {processor.py:840} INFO - DAG(s) 'example_python_operator' retrieved from /home/airflow/.local/lib/python3.8/site-packages/airflow/example_dags/example_python_operator.py
[2024-01-17T15:30:01.073+0000] {logging_mixin.py:188} INFO - [2024-01-17T15:30:01.073+0000] {dag.py:3033} INFO - Sync 1 DAGs
[2024-01-17T15:30:01.092+0000] {logging_mixin.py:188} INFO - [2024-01-17T15:30:01.091+0000] {dag.py:3820} INFO - Setting next_dagrun for example_python_operator to None, run_after=None
[2024-01-17T15:30:01.143+0000] {processor.py:183} INFO - Processing /home/airflow/.local/lib/python3.8/site-packages/airflow/example_dags/example_python_operator.py took 0.169 seconds
[2024-01-17T15:30:31.961+0000] {processor.py:161} INFO - Started process (PID=575) to work on /home/airflow/.local/lib/python3.8/site-packages/airflow/example_dags/example_python_operator.py
[2024-01-17T15:30:31.962+0000] {processor.py:830} INFO - Processing file /home/airflow/.local/lib/python3.8/site-packages/airflow/example_dags/example_python_operator.py for tasks to queue
[2024-01-17T15:30:31.964+0000] {logging_mixin.py:188} INFO - [2024-01-17T15:30:31.964+0000] {dagbag.py:538} INFO - Filling up the DagBag from /home/airflow/.local/lib/python3.8/site-packages/airflow/example_dags/example_python_operator.py
[2024-01-17T15:30:31.996+0000] {processor.py:840} INFO - DAG(s) 'example_python_operator' retrieved from /home/airflow/.local/lib/python3.8/site-packages/airflow/example_dags/example_python_operator.py
[2024-01-17T15:30:32.095+0000] {logging_mixin.py:188} INFO - [2024-01-17T15:30:32.095+0000] {dag.py:3033} INFO - Sync 1 DAGs
[2024-01-17T15:30:32.151+0000] {logging_mixin.py:188} INFO - [2024-01-17T15:30:32.151+0000] {dag.py:3820} INFO - Setting next_dagrun for example_python_operator to None, run_after=None
[2024-01-17T15:30:32.244+0000] {processor.py:183} INFO - Processing /home/airflow/.local/lib/python3.8/site-packages/airflow/example_dags/example_python_operator.py took 0.292 seconds
[2024-01-17T15:31:02.613+0000] {processor.py:161} INFO - Started process (PID=631) to work on /home/airflow/.local/lib/python3.8/site-packages/airflow/example_dags/example_python_operator.py
[2024-01-17T15:31:02.614+0000] {processor.py:830} INFO - Processing file /home/airflow/.local/lib/python3.8/site-packages/airflow/example_dags/example_python_operator.py for tasks to queue
[2024-01-17T15:31:02.617+0000] {logging_mixin.py:188} INFO - [2024-01-17T15:31:02.616+0000] {dagbag.py:538} INFO - Filling up the DagBag from /home/airflow/.local/lib/python3.8/site-packages/airflow/example_dags/example_python_operator.py
[2024-01-17T15:31:02.636+0000] {processor.py:840} INFO - DAG(s) 'example_python_operator' retrieved from /home/airflow/.local/lib/python3.8/site-packages/airflow/example_dags/example_python_operator.py
[2024-01-17T15:31:02.660+0000] {logging_mixin.py:188} INFO - [2024-01-17T15:31:02.660+0000] {dag.py:3033} INFO - Sync 1 DAGs
[2024-01-17T15:31:02.673+0000] {logging_mixin.py:188} INFO - [2024-01-17T15:31:02.673+0000] {dag.py:3820} INFO - Setting next_dagrun for example_python_operator to None, run_after=None
[2024-01-17T15:31:02.694+0000] {processor.py:183} INFO - Processing /home/airflow/.local/lib/python3.8/site-packages/airflow/example_dags/example_python_operator.py took 0.087 seconds
[2024-01-17T15:31:32.909+0000] {processor.py:161} INFO - Started process (PID=686) to work on /home/airflow/.local/lib/python3.8/site-packages/airflow/example_dags/example_python_operator.py
[2024-01-17T15:31:32.910+0000] {processor.py:830} INFO - Processing file /home/airflow/.local/lib/python3.8/site-packages/airflow/example_dags/example_python_operator.py for tasks to queue
[2024-01-17T15:31:32.913+0000] {logging_mixin.py:188} INFO - [2024-01-17T15:31:32.912+0000] {dagbag.py:538} INFO - Filling up the DagBag from /home/airflow/.local/lib/python3.8/site-packages/airflow/example_dags/example_python_operator.py
[2024-01-17T15:31:32.926+0000] {processor.py:840} INFO - DAG(s) 'example_python_operator' retrieved from /home/airflow/.local/lib/python3.8/site-packages/airflow/example_dags/example_python_operator.py
[2024-01-17T15:31:32.952+0000] {logging_mixin.py:188} INFO - [2024-01-17T15:31:32.951+0000] {dag.py:3033} INFO - Sync 1 DAGs
[2024-01-17T15:31:32.967+0000] {logging_mixin.py:188} INFO - [2024-01-17T15:31:32.967+0000] {dag.py:3820} INFO - Setting next_dagrun for example_python_operator to None, run_after=None
[2024-01-17T15:31:32.992+0000] {processor.py:183} INFO - Processing /home/airflow/.local/lib/python3.8/site-packages/airflow/example_dags/example_python_operator.py took 0.086 seconds
[2024-01-17T15:32:04.104+0000] {processor.py:161} INFO - Started process (PID=741) to work on /home/airflow/.local/lib/python3.8/site-packages/airflow/example_dags/example_python_operator.py
[2024-01-17T15:32:04.105+0000] {processor.py:830} INFO - Processing file /home/airflow/.local/lib/python3.8/site-packages/airflow/example_dags/example_python_operator.py for tasks to queue
[2024-01-17T15:32:04.107+0000] {logging_mixin.py:188} INFO - [2024-01-17T15:32:04.107+0000] {dagbag.py:538} INFO - Filling up the DagBag from /home/airflow/.local/lib/python3.8/site-packages/airflow/example_dags/example_python_operator.py
[2024-01-17T15:32:04.119+0000] {processor.py:840} INFO - DAG(s) 'example_python_operator' retrieved from /home/airflow/.local/lib/python3.8/site-packages/airflow/example_dags/example_python_operator.py
[2024-01-17T15:32:04.151+0000] {logging_mixin.py:188} INFO - [2024-01-17T15:32:04.151+0000] {dag.py:3033} INFO - Sync 1 DAGs
[2024-01-17T15:32:04.168+0000] {logging_mixin.py:188} INFO - [2024-01-17T15:32:04.168+0000] {dag.py:3820} INFO - Setting next_dagrun for example_python_operator to None, run_after=None
[2024-01-17T15:32:04.199+0000] {processor.py:183} INFO - Processing /home/airflow/.local/lib/python3.8/site-packages/airflow/example_dags/example_python_operator.py took 0.099 seconds
[2024-01-17T15:32:34.474+0000] {processor.py:161} INFO - Started process (PID=797) to work on /home/airflow/.local/lib/python3.8/site-packages/airflow/example_dags/example_python_operator.py
[2024-01-17T15:32:34.481+0000] {processor.py:830} INFO - Processing file /home/airflow/.local/lib/python3.8/site-packages/airflow/example_dags/example_python_operator.py for tasks to queue
[2024-01-17T15:32:34.484+0000] {logging_mixin.py:188} INFO - [2024-01-17T15:32:34.484+0000] {dagbag.py:538} INFO - Filling up the DagBag from /home/airflow/.local/lib/python3.8/site-packages/airflow/example_dags/example_python_operator.py
[2024-01-17T15:32:34.496+0000] {processor.py:840} INFO - DAG(s) 'example_python_operator' retrieved from /home/airflow/.local/lib/python3.8/site-packages/airflow/example_dags/example_python_operator.py
[2024-01-17T15:32:34.525+0000] {logging_mixin.py:188} INFO - [2024-01-17T15:32:34.525+0000] {dag.py:3033} INFO - Sync 1 DAGs
[2024-01-17T15:32:34.546+0000] {logging_mixin.py:188} INFO - [2024-01-17T15:32:34.545+0000] {dag.py:3820} INFO - Setting next_dagrun for example_python_operator to None, run_after=None
[2024-01-17T15:32:34.606+0000] {processor.py:183} INFO - Processing /home/airflow/.local/lib/python3.8/site-packages/airflow/example_dags/example_python_operator.py took 0.135 seconds
