[2024-01-17T15:13:10.051+0000] {processor.py:161} INFO - Started process (PID=75) to work on /home/airflow/.local/lib/python3.8/site-packages/airflow/example_dags/example_skip_dag.py
[2024-01-17T15:13:10.056+0000] {processor.py:830} INFO - Processing file /home/airflow/.local/lib/python3.8/site-packages/airflow/example_dags/example_skip_dag.py for tasks to queue
[2024-01-17T15:13:10.060+0000] {logging_mixin.py:188} INFO - [2024-01-17T15:13:10.059+0000] {dagbag.py:538} INFO - Filling up the DagBag from /home/airflow/.local/lib/python3.8/site-packages/airflow/example_dags/example_skip_dag.py
[2024-01-17T15:13:10.085+0000] {processor.py:840} INFO - DAG(s) 'example_skip_dag' retrieved from /home/airflow/.local/lib/python3.8/site-packages/airflow/example_dags/example_skip_dag.py
[2024-01-17T15:13:10.332+0000] {logging_mixin.py:188} INFO - [2024-01-17T15:13:10.332+0000] {dag.py:3033} INFO - Sync 1 DAGs
[2024-01-17T15:13:10.413+0000] {logging_mixin.py:188} INFO - [2024-01-17T15:13:10.413+0000] {dag.py:3820} INFO - Setting next_dagrun for example_skip_dag to 2024-01-16T00:00:00+00:00, run_after=2024-01-17T00:00:00+00:00
[2024-01-17T15:13:10.534+0000] {processor.py:183} INFO - Processing /home/airflow/.local/lib/python3.8/site-packages/airflow/example_dags/example_skip_dag.py took 0.508 seconds
[2024-01-17T15:13:40.746+0000] {processor.py:161} INFO - Started process (PID=130) to work on /home/airflow/.local/lib/python3.8/site-packages/airflow/example_dags/example_skip_dag.py
[2024-01-17T15:13:40.748+0000] {processor.py:830} INFO - Processing file /home/airflow/.local/lib/python3.8/site-packages/airflow/example_dags/example_skip_dag.py for tasks to queue
[2024-01-17T15:13:40.751+0000] {logging_mixin.py:188} INFO - [2024-01-17T15:13:40.751+0000] {dagbag.py:538} INFO - Filling up the DagBag from /home/airflow/.local/lib/python3.8/site-packages/airflow/example_dags/example_skip_dag.py
[2024-01-17T15:13:40.762+0000] {processor.py:840} INFO - DAG(s) 'example_skip_dag' retrieved from /home/airflow/.local/lib/python3.8/site-packages/airflow/example_dags/example_skip_dag.py
[2024-01-17T15:13:40.800+0000] {logging_mixin.py:188} INFO - [2024-01-17T15:13:40.800+0000] {dag.py:3033} INFO - Sync 1 DAGs
[2024-01-17T15:13:40.858+0000] {logging_mixin.py:188} INFO - [2024-01-17T15:13:40.858+0000] {dag.py:3820} INFO - Setting next_dagrun for example_skip_dag to 2024-01-16T00:00:00+00:00, run_after=2024-01-17T00:00:00+00:00
[2024-01-17T15:13:40.952+0000] {processor.py:183} INFO - Processing /home/airflow/.local/lib/python3.8/site-packages/airflow/example_dags/example_skip_dag.py took 0.211 seconds
[2024-01-17T15:14:11.131+0000] {processor.py:161} INFO - Started process (PID=185) to work on /home/airflow/.local/lib/python3.8/site-packages/airflow/example_dags/example_skip_dag.py
[2024-01-17T15:14:11.132+0000] {processor.py:830} INFO - Processing file /home/airflow/.local/lib/python3.8/site-packages/airflow/example_dags/example_skip_dag.py for tasks to queue
[2024-01-17T15:14:11.135+0000] {logging_mixin.py:188} INFO - [2024-01-17T15:14:11.135+0000] {dagbag.py:538} INFO - Filling up the DagBag from /home/airflow/.local/lib/python3.8/site-packages/airflow/example_dags/example_skip_dag.py
[2024-01-17T15:14:11.145+0000] {processor.py:840} INFO - DAG(s) 'example_skip_dag' retrieved from /home/airflow/.local/lib/python3.8/site-packages/airflow/example_dags/example_skip_dag.py
[2024-01-17T15:14:11.321+0000] {logging_mixin.py:188} INFO - [2024-01-17T15:14:11.321+0000] {dag.py:3033} INFO - Sync 1 DAGs
[2024-01-17T15:14:11.344+0000] {logging_mixin.py:188} INFO - [2024-01-17T15:14:11.343+0000] {dag.py:3820} INFO - Setting next_dagrun for example_skip_dag to 2024-01-16T00:00:00+00:00, run_after=2024-01-17T00:00:00+00:00
[2024-01-17T15:14:11.365+0000] {processor.py:183} INFO - Processing /home/airflow/.local/lib/python3.8/site-packages/airflow/example_dags/example_skip_dag.py took 0.239 seconds
[2024-01-17T15:14:42.286+0000] {processor.py:161} INFO - Started process (PID=239) to work on /home/airflow/.local/lib/python3.8/site-packages/airflow/example_dags/example_skip_dag.py
[2024-01-17T15:14:42.288+0000] {processor.py:830} INFO - Processing file /home/airflow/.local/lib/python3.8/site-packages/airflow/example_dags/example_skip_dag.py for tasks to queue
[2024-01-17T15:14:42.292+0000] {logging_mixin.py:188} INFO - [2024-01-17T15:14:42.291+0000] {dagbag.py:538} INFO - Filling up the DagBag from /home/airflow/.local/lib/python3.8/site-packages/airflow/example_dags/example_skip_dag.py
[2024-01-17T15:14:42.300+0000] {processor.py:840} INFO - DAG(s) 'example_skip_dag' retrieved from /home/airflow/.local/lib/python3.8/site-packages/airflow/example_dags/example_skip_dag.py
[2024-01-17T15:14:42.343+0000] {logging_mixin.py:188} INFO - [2024-01-17T15:14:42.343+0000] {dag.py:3033} INFO - Sync 1 DAGs
[2024-01-17T15:14:42.386+0000] {logging_mixin.py:188} INFO - [2024-01-17T15:14:42.386+0000] {dag.py:3820} INFO - Setting next_dagrun for example_skip_dag to 2024-01-16T00:00:00+00:00, run_after=2024-01-17T00:00:00+00:00
[2024-01-17T15:14:42.430+0000] {processor.py:183} INFO - Processing /home/airflow/.local/lib/python3.8/site-packages/airflow/example_dags/example_skip_dag.py took 0.147 seconds
[2024-01-17T15:15:12.867+0000] {processor.py:161} INFO - Started process (PID=294) to work on /home/airflow/.local/lib/python3.8/site-packages/airflow/example_dags/example_skip_dag.py
[2024-01-17T15:15:12.870+0000] {processor.py:830} INFO - Processing file /home/airflow/.local/lib/python3.8/site-packages/airflow/example_dags/example_skip_dag.py for tasks to queue
[2024-01-17T15:15:12.874+0000] {logging_mixin.py:188} INFO - [2024-01-17T15:15:12.874+0000] {dagbag.py:538} INFO - Filling up the DagBag from /home/airflow/.local/lib/python3.8/site-packages/airflow/example_dags/example_skip_dag.py
[2024-01-17T15:15:12.886+0000] {processor.py:840} INFO - DAG(s) 'example_skip_dag' retrieved from /home/airflow/.local/lib/python3.8/site-packages/airflow/example_dags/example_skip_dag.py
[2024-01-17T15:15:12.922+0000] {logging_mixin.py:188} INFO - [2024-01-17T15:15:12.922+0000] {dag.py:3033} INFO - Sync 1 DAGs
[2024-01-17T15:15:12.949+0000] {logging_mixin.py:188} INFO - [2024-01-17T15:15:12.949+0000] {dag.py:3820} INFO - Setting next_dagrun for example_skip_dag to 2024-01-16T00:00:00+00:00, run_after=2024-01-17T00:00:00+00:00
[2024-01-17T15:15:13.016+0000] {processor.py:183} INFO - Processing /home/airflow/.local/lib/python3.8/site-packages/airflow/example_dags/example_skip_dag.py took 0.152 seconds
[2024-01-17T15:15:43.796+0000] {processor.py:161} INFO - Started process (PID=348) to work on /home/airflow/.local/lib/python3.8/site-packages/airflow/example_dags/example_skip_dag.py
[2024-01-17T15:15:43.832+0000] {processor.py:830} INFO - Processing file /home/airflow/.local/lib/python3.8/site-packages/airflow/example_dags/example_skip_dag.py for tasks to queue
[2024-01-17T15:15:43.836+0000] {logging_mixin.py:188} INFO - [2024-01-17T15:15:43.835+0000] {dagbag.py:538} INFO - Filling up the DagBag from /home/airflow/.local/lib/python3.8/site-packages/airflow/example_dags/example_skip_dag.py
[2024-01-17T15:15:43.847+0000] {processor.py:840} INFO - DAG(s) 'example_skip_dag' retrieved from /home/airflow/.local/lib/python3.8/site-packages/airflow/example_dags/example_skip_dag.py
[2024-01-17T15:15:43.943+0000] {logging_mixin.py:188} INFO - [2024-01-17T15:15:43.943+0000] {dag.py:3033} INFO - Sync 1 DAGs
[2024-01-17T15:15:44.026+0000] {logging_mixin.py:188} INFO - [2024-01-17T15:15:44.025+0000] {dag.py:3820} INFO - Setting next_dagrun for example_skip_dag to 2024-01-16T00:00:00+00:00, run_after=2024-01-17T00:00:00+00:00
[2024-01-17T15:15:44.143+0000] {processor.py:183} INFO - Processing /home/airflow/.local/lib/python3.8/site-packages/airflow/example_dags/example_skip_dag.py took 0.359 seconds
[2024-01-17T15:16:14.182+0000] {processor.py:161} INFO - Started process (PID=403) to work on /home/airflow/.local/lib/python3.8/site-packages/airflow/example_dags/example_skip_dag.py
[2024-01-17T15:16:14.183+0000] {processor.py:830} INFO - Processing file /home/airflow/.local/lib/python3.8/site-packages/airflow/example_dags/example_skip_dag.py for tasks to queue
[2024-01-17T15:16:14.186+0000] {logging_mixin.py:188} INFO - [2024-01-17T15:16:14.185+0000] {dagbag.py:538} INFO - Filling up the DagBag from /home/airflow/.local/lib/python3.8/site-packages/airflow/example_dags/example_skip_dag.py
[2024-01-17T15:16:14.195+0000] {processor.py:840} INFO - DAG(s) 'example_skip_dag' retrieved from /home/airflow/.local/lib/python3.8/site-packages/airflow/example_dags/example_skip_dag.py
[2024-01-17T15:16:14.222+0000] {logging_mixin.py:188} INFO - [2024-01-17T15:16:14.222+0000] {dag.py:3033} INFO - Sync 1 DAGs
[2024-01-17T15:16:14.250+0000] {logging_mixin.py:188} INFO - [2024-01-17T15:16:14.250+0000] {dag.py:3820} INFO - Setting next_dagrun for example_skip_dag to 2024-01-16T00:00:00+00:00, run_after=2024-01-17T00:00:00+00:00
[2024-01-17T15:16:14.273+0000] {processor.py:183} INFO - Processing /home/airflow/.local/lib/python3.8/site-packages/airflow/example_dags/example_skip_dag.py took 0.096 seconds
[2024-01-17T15:16:44.732+0000] {processor.py:161} INFO - Started process (PID=463) to work on /home/airflow/.local/lib/python3.8/site-packages/airflow/example_dags/example_skip_dag.py
[2024-01-17T15:16:44.746+0000] {processor.py:830} INFO - Processing file /home/airflow/.local/lib/python3.8/site-packages/airflow/example_dags/example_skip_dag.py for tasks to queue
[2024-01-17T15:16:44.750+0000] {logging_mixin.py:188} INFO - [2024-01-17T15:16:44.750+0000] {dagbag.py:538} INFO - Filling up the DagBag from /home/airflow/.local/lib/python3.8/site-packages/airflow/example_dags/example_skip_dag.py
[2024-01-17T15:16:44.789+0000] {processor.py:840} INFO - DAG(s) 'example_skip_dag' retrieved from /home/airflow/.local/lib/python3.8/site-packages/airflow/example_dags/example_skip_dag.py
[2024-01-17T15:16:44.850+0000] {logging_mixin.py:188} INFO - [2024-01-17T15:16:44.850+0000] {dag.py:3033} INFO - Sync 1 DAGs
[2024-01-17T15:16:44.897+0000] {logging_mixin.py:188} INFO - [2024-01-17T15:16:44.897+0000] {dag.py:3820} INFO - Setting next_dagrun for example_skip_dag to 2024-01-16T00:00:00+00:00, run_after=2024-01-17T00:00:00+00:00
[2024-01-17T15:16:44.942+0000] {processor.py:183} INFO - Processing /home/airflow/.local/lib/python3.8/site-packages/airflow/example_dags/example_skip_dag.py took 0.237 seconds
[2024-01-17T15:17:15.839+0000] {processor.py:161} INFO - Started process (PID=518) to work on /home/airflow/.local/lib/python3.8/site-packages/airflow/example_dags/example_skip_dag.py
[2024-01-17T15:17:15.842+0000] {processor.py:830} INFO - Processing file /home/airflow/.local/lib/python3.8/site-packages/airflow/example_dags/example_skip_dag.py for tasks to queue
[2024-01-17T15:17:15.845+0000] {logging_mixin.py:188} INFO - [2024-01-17T15:17:15.844+0000] {dagbag.py:538} INFO - Filling up the DagBag from /home/airflow/.local/lib/python3.8/site-packages/airflow/example_dags/example_skip_dag.py
[2024-01-17T15:17:15.853+0000] {processor.py:840} INFO - DAG(s) 'example_skip_dag' retrieved from /home/airflow/.local/lib/python3.8/site-packages/airflow/example_dags/example_skip_dag.py
[2024-01-17T15:17:15.879+0000] {logging_mixin.py:188} INFO - [2024-01-17T15:17:15.878+0000] {dag.py:3033} INFO - Sync 1 DAGs
[2024-01-17T15:17:15.909+0000] {logging_mixin.py:188} INFO - [2024-01-17T15:17:15.909+0000] {dag.py:3820} INFO - Setting next_dagrun for example_skip_dag to 2024-01-16T00:00:00+00:00, run_after=2024-01-17T00:00:00+00:00
[2024-01-17T15:17:15.932+0000] {processor.py:183} INFO - Processing /home/airflow/.local/lib/python3.8/site-packages/airflow/example_dags/example_skip_dag.py took 0.099 seconds
[2024-01-17T15:17:46.927+0000] {processor.py:161} INFO - Started process (PID=573) to work on /home/airflow/.local/lib/python3.8/site-packages/airflow/example_dags/example_skip_dag.py
[2024-01-17T15:17:46.927+0000] {processor.py:830} INFO - Processing file /home/airflow/.local/lib/python3.8/site-packages/airflow/example_dags/example_skip_dag.py for tasks to queue
[2024-01-17T15:17:46.930+0000] {logging_mixin.py:188} INFO - [2024-01-17T15:17:46.930+0000] {dagbag.py:538} INFO - Filling up the DagBag from /home/airflow/.local/lib/python3.8/site-packages/airflow/example_dags/example_skip_dag.py
[2024-01-17T15:17:46.938+0000] {processor.py:840} INFO - DAG(s) 'example_skip_dag' retrieved from /home/airflow/.local/lib/python3.8/site-packages/airflow/example_dags/example_skip_dag.py
[2024-01-17T15:17:46.960+0000] {logging_mixin.py:188} INFO - [2024-01-17T15:17:46.960+0000] {dag.py:3033} INFO - Sync 1 DAGs
[2024-01-17T15:17:46.986+0000] {logging_mixin.py:188} INFO - [2024-01-17T15:17:46.986+0000] {dag.py:3820} INFO - Setting next_dagrun for example_skip_dag to 2024-01-16T00:00:00+00:00, run_after=2024-01-17T00:00:00+00:00
[2024-01-17T15:17:47.017+0000] {processor.py:183} INFO - Processing /home/airflow/.local/lib/python3.8/site-packages/airflow/example_dags/example_skip_dag.py took 0.094 seconds
[2024-01-17T15:18:17.851+0000] {processor.py:161} INFO - Started process (PID=628) to work on /home/airflow/.local/lib/python3.8/site-packages/airflow/example_dags/example_skip_dag.py
[2024-01-17T15:18:17.856+0000] {processor.py:830} INFO - Processing file /home/airflow/.local/lib/python3.8/site-packages/airflow/example_dags/example_skip_dag.py for tasks to queue
[2024-01-17T15:18:17.866+0000] {logging_mixin.py:188} INFO - [2024-01-17T15:18:17.866+0000] {dagbag.py:538} INFO - Filling up the DagBag from /home/airflow/.local/lib/python3.8/site-packages/airflow/example_dags/example_skip_dag.py
[2024-01-17T15:18:17.883+0000] {processor.py:840} INFO - DAG(s) 'example_skip_dag' retrieved from /home/airflow/.local/lib/python3.8/site-packages/airflow/example_dags/example_skip_dag.py
[2024-01-17T15:18:17.913+0000] {logging_mixin.py:188} INFO - [2024-01-17T15:18:17.912+0000] {dag.py:3033} INFO - Sync 1 DAGs
[2024-01-17T15:18:17.937+0000] {logging_mixin.py:188} INFO - [2024-01-17T15:18:17.937+0000] {dag.py:3820} INFO - Setting next_dagrun for example_skip_dag to 2024-01-16T00:00:00+00:00, run_after=2024-01-17T00:00:00+00:00
[2024-01-17T15:18:17.960+0000] {processor.py:183} INFO - Processing /home/airflow/.local/lib/python3.8/site-packages/airflow/example_dags/example_skip_dag.py took 0.113 seconds
[2024-01-17T15:18:48.603+0000] {processor.py:161} INFO - Started process (PID=683) to work on /home/airflow/.local/lib/python3.8/site-packages/airflow/example_dags/example_skip_dag.py
[2024-01-17T15:18:48.606+0000] {processor.py:830} INFO - Processing file /home/airflow/.local/lib/python3.8/site-packages/airflow/example_dags/example_skip_dag.py for tasks to queue
[2024-01-17T15:18:48.618+0000] {logging_mixin.py:188} INFO - [2024-01-17T15:18:48.617+0000] {dagbag.py:538} INFO - Filling up the DagBag from /home/airflow/.local/lib/python3.8/site-packages/airflow/example_dags/example_skip_dag.py
[2024-01-17T15:18:48.644+0000] {processor.py:840} INFO - DAG(s) 'example_skip_dag' retrieved from /home/airflow/.local/lib/python3.8/site-packages/airflow/example_dags/example_skip_dag.py
[2024-01-17T15:18:48.681+0000] {logging_mixin.py:188} INFO - [2024-01-17T15:18:48.681+0000] {dag.py:3033} INFO - Sync 1 DAGs
[2024-01-17T15:18:48.713+0000] {logging_mixin.py:188} INFO - [2024-01-17T15:18:48.713+0000] {dag.py:3820} INFO - Setting next_dagrun for example_skip_dag to 2024-01-16T00:00:00+00:00, run_after=2024-01-17T00:00:00+00:00
[2024-01-17T15:18:48.740+0000] {processor.py:183} INFO - Processing /home/airflow/.local/lib/python3.8/site-packages/airflow/example_dags/example_skip_dag.py took 0.150 seconds
[2024-01-17T15:19:19.729+0000] {processor.py:161} INFO - Started process (PID=738) to work on /home/airflow/.local/lib/python3.8/site-packages/airflow/example_dags/example_skip_dag.py
[2024-01-17T15:19:19.731+0000] {processor.py:830} INFO - Processing file /home/airflow/.local/lib/python3.8/site-packages/airflow/example_dags/example_skip_dag.py for tasks to queue
[2024-01-17T15:19:19.735+0000] {logging_mixin.py:188} INFO - [2024-01-17T15:19:19.735+0000] {dagbag.py:538} INFO - Filling up the DagBag from /home/airflow/.local/lib/python3.8/site-packages/airflow/example_dags/example_skip_dag.py
[2024-01-17T15:19:19.750+0000] {processor.py:840} INFO - DAG(s) 'example_skip_dag' retrieved from /home/airflow/.local/lib/python3.8/site-packages/airflow/example_dags/example_skip_dag.py
[2024-01-17T15:19:19.835+0000] {logging_mixin.py:188} INFO - [2024-01-17T15:19:19.834+0000] {dag.py:3033} INFO - Sync 1 DAGs
[2024-01-17T15:19:19.957+0000] {logging_mixin.py:188} INFO - [2024-01-17T15:19:19.954+0000] {dag.py:3820} INFO - Setting next_dagrun for example_skip_dag to 2024-01-16T00:00:00+00:00, run_after=2024-01-17T00:00:00+00:00
[2024-01-17T15:19:20.174+0000] {processor.py:183} INFO - Processing /home/airflow/.local/lib/python3.8/site-packages/airflow/example_dags/example_skip_dag.py took 0.449 seconds
[2024-01-17T15:19:50.983+0000] {processor.py:161} INFO - Started process (PID=793) to work on /home/airflow/.local/lib/python3.8/site-packages/airflow/example_dags/example_skip_dag.py
[2024-01-17T15:19:50.990+0000] {processor.py:830} INFO - Processing file /home/airflow/.local/lib/python3.8/site-packages/airflow/example_dags/example_skip_dag.py for tasks to queue
[2024-01-17T15:19:50.998+0000] {logging_mixin.py:188} INFO - [2024-01-17T15:19:50.997+0000] {dagbag.py:538} INFO - Filling up the DagBag from /home/airflow/.local/lib/python3.8/site-packages/airflow/example_dags/example_skip_dag.py
[2024-01-17T15:19:51.034+0000] {processor.py:840} INFO - DAG(s) 'example_skip_dag' retrieved from /home/airflow/.local/lib/python3.8/site-packages/airflow/example_dags/example_skip_dag.py
[2024-01-17T15:19:51.081+0000] {logging_mixin.py:188} INFO - [2024-01-17T15:19:51.081+0000] {dag.py:3033} INFO - Sync 1 DAGs
[2024-01-17T15:19:51.110+0000] {logging_mixin.py:188} INFO - [2024-01-17T15:19:51.110+0000] {dag.py:3820} INFO - Setting next_dagrun for example_skip_dag to 2024-01-16T00:00:00+00:00, run_after=2024-01-17T00:00:00+00:00
[2024-01-17T15:19:51.142+0000] {processor.py:183} INFO - Processing /home/airflow/.local/lib/python3.8/site-packages/airflow/example_dags/example_skip_dag.py took 0.163 seconds
[2024-01-17T15:20:21.377+0000] {processor.py:161} INFO - Started process (PID=847) to work on /home/airflow/.local/lib/python3.8/site-packages/airflow/example_dags/example_skip_dag.py
[2024-01-17T15:20:21.378+0000] {processor.py:830} INFO - Processing file /home/airflow/.local/lib/python3.8/site-packages/airflow/example_dags/example_skip_dag.py for tasks to queue
[2024-01-17T15:20:21.381+0000] {logging_mixin.py:188} INFO - [2024-01-17T15:20:21.380+0000] {dagbag.py:538} INFO - Filling up the DagBag from /home/airflow/.local/lib/python3.8/site-packages/airflow/example_dags/example_skip_dag.py
[2024-01-17T15:20:21.391+0000] {processor.py:840} INFO - DAG(s) 'example_skip_dag' retrieved from /home/airflow/.local/lib/python3.8/site-packages/airflow/example_dags/example_skip_dag.py
[2024-01-17T15:20:21.435+0000] {logging_mixin.py:188} INFO - [2024-01-17T15:20:21.434+0000] {dag.py:3033} INFO - Sync 1 DAGs
[2024-01-17T15:20:21.477+0000] {logging_mixin.py:188} INFO - [2024-01-17T15:20:21.477+0000] {dag.py:3820} INFO - Setting next_dagrun for example_skip_dag to 2024-01-16T00:00:00+00:00, run_after=2024-01-17T00:00:00+00:00
[2024-01-17T15:20:21.522+0000] {processor.py:183} INFO - Processing /home/airflow/.local/lib/python3.8/site-packages/airflow/example_dags/example_skip_dag.py took 0.148 seconds
[2024-01-17T15:20:52.228+0000] {processor.py:161} INFO - Started process (PID=902) to work on /home/airflow/.local/lib/python3.8/site-packages/airflow/example_dags/example_skip_dag.py
[2024-01-17T15:20:52.232+0000] {processor.py:830} INFO - Processing file /home/airflow/.local/lib/python3.8/site-packages/airflow/example_dags/example_skip_dag.py for tasks to queue
[2024-01-17T15:20:52.240+0000] {logging_mixin.py:188} INFO - [2024-01-17T15:20:52.239+0000] {dagbag.py:538} INFO - Filling up the DagBag from /home/airflow/.local/lib/python3.8/site-packages/airflow/example_dags/example_skip_dag.py
[2024-01-17T15:20:52.280+0000] {processor.py:840} INFO - DAG(s) 'example_skip_dag' retrieved from /home/airflow/.local/lib/python3.8/site-packages/airflow/example_dags/example_skip_dag.py
[2024-01-17T15:20:52.345+0000] {logging_mixin.py:188} INFO - [2024-01-17T15:20:52.345+0000] {dag.py:3033} INFO - Sync 1 DAGs
[2024-01-17T15:20:52.372+0000] {logging_mixin.py:188} INFO - [2024-01-17T15:20:52.372+0000] {dag.py:3820} INFO - Setting next_dagrun for example_skip_dag to 2024-01-16T00:00:00+00:00, run_after=2024-01-17T00:00:00+00:00
[2024-01-17T15:20:52.402+0000] {processor.py:183} INFO - Processing /home/airflow/.local/lib/python3.8/site-packages/airflow/example_dags/example_skip_dag.py took 0.189 seconds
[2024-01-17T15:21:22.859+0000] {processor.py:161} INFO - Started process (PID=956) to work on /home/airflow/.local/lib/python3.8/site-packages/airflow/example_dags/example_skip_dag.py
[2024-01-17T15:21:22.862+0000] {processor.py:830} INFO - Processing file /home/airflow/.local/lib/python3.8/site-packages/airflow/example_dags/example_skip_dag.py for tasks to queue
[2024-01-17T15:21:22.867+0000] {logging_mixin.py:188} INFO - [2024-01-17T15:21:22.866+0000] {dagbag.py:538} INFO - Filling up the DagBag from /home/airflow/.local/lib/python3.8/site-packages/airflow/example_dags/example_skip_dag.py
[2024-01-17T15:21:22.886+0000] {processor.py:840} INFO - DAG(s) 'example_skip_dag' retrieved from /home/airflow/.local/lib/python3.8/site-packages/airflow/example_dags/example_skip_dag.py
[2024-01-17T15:21:22.940+0000] {logging_mixin.py:188} INFO - [2024-01-17T15:21:22.940+0000] {dag.py:3033} INFO - Sync 1 DAGs
[2024-01-17T15:21:22.968+0000] {logging_mixin.py:188} INFO - [2024-01-17T15:21:22.968+0000] {dag.py:3820} INFO - Setting next_dagrun for example_skip_dag to 2024-01-16T00:00:00+00:00, run_after=2024-01-17T00:00:00+00:00
[2024-01-17T15:21:22.988+0000] {processor.py:183} INFO - Processing /home/airflow/.local/lib/python3.8/site-packages/airflow/example_dags/example_skip_dag.py took 0.144 seconds
[2024-01-17T15:21:53.572+0000] {processor.py:161} INFO - Started process (PID=1010) to work on /home/airflow/.local/lib/python3.8/site-packages/airflow/example_dags/example_skip_dag.py
[2024-01-17T15:21:53.575+0000] {processor.py:830} INFO - Processing file /home/airflow/.local/lib/python3.8/site-packages/airflow/example_dags/example_skip_dag.py for tasks to queue
[2024-01-17T15:21:53.580+0000] {logging_mixin.py:188} INFO - [2024-01-17T15:21:53.580+0000] {dagbag.py:538} INFO - Filling up the DagBag from /home/airflow/.local/lib/python3.8/site-packages/airflow/example_dags/example_skip_dag.py
[2024-01-17T15:21:53.596+0000] {processor.py:840} INFO - DAG(s) 'example_skip_dag' retrieved from /home/airflow/.local/lib/python3.8/site-packages/airflow/example_dags/example_skip_dag.py
[2024-01-17T15:21:53.625+0000] {logging_mixin.py:188} INFO - [2024-01-17T15:21:53.625+0000] {dag.py:3033} INFO - Sync 1 DAGs
[2024-01-17T15:21:53.653+0000] {logging_mixin.py:188} INFO - [2024-01-17T15:21:53.653+0000] {dag.py:3820} INFO - Setting next_dagrun for example_skip_dag to 2024-01-16T00:00:00+00:00, run_after=2024-01-17T00:00:00+00:00
[2024-01-17T15:21:53.675+0000] {processor.py:183} INFO - Processing /home/airflow/.local/lib/python3.8/site-packages/airflow/example_dags/example_skip_dag.py took 0.119 seconds
[2024-01-17T15:25:16.893+0000] {processor.py:161} INFO - Started process (PID=67) to work on /home/airflow/.local/lib/python3.8/site-packages/airflow/example_dags/example_skip_dag.py
[2024-01-17T15:25:16.899+0000] {processor.py:830} INFO - Processing file /home/airflow/.local/lib/python3.8/site-packages/airflow/example_dags/example_skip_dag.py for tasks to queue
[2024-01-17T15:25:16.902+0000] {logging_mixin.py:188} INFO - [2024-01-17T15:25:16.901+0000] {dagbag.py:538} INFO - Filling up the DagBag from /home/airflow/.local/lib/python3.8/site-packages/airflow/example_dags/example_skip_dag.py
[2024-01-17T15:25:16.936+0000] {processor.py:840} INFO - DAG(s) 'example_skip_dag' retrieved from /home/airflow/.local/lib/python3.8/site-packages/airflow/example_dags/example_skip_dag.py
[2024-01-17T15:25:17.047+0000] {logging_mixin.py:188} INFO - [2024-01-17T15:25:17.047+0000] {dag.py:3033} INFO - Sync 1 DAGs
[2024-01-17T15:25:17.086+0000] {logging_mixin.py:188} INFO - [2024-01-17T15:25:17.086+0000] {dag.py:3820} INFO - Setting next_dagrun for example_skip_dag to 2024-01-16T00:00:00+00:00, run_after=2024-01-17T00:00:00+00:00
[2024-01-17T15:25:17.184+0000] {processor.py:183} INFO - Processing /home/airflow/.local/lib/python3.8/site-packages/airflow/example_dags/example_skip_dag.py took 0.305 seconds
[2024-01-17T15:25:47.945+0000] {processor.py:161} INFO - Started process (PID=122) to work on /home/airflow/.local/lib/python3.8/site-packages/airflow/example_dags/example_skip_dag.py
[2024-01-17T15:25:47.946+0000] {processor.py:830} INFO - Processing file /home/airflow/.local/lib/python3.8/site-packages/airflow/example_dags/example_skip_dag.py for tasks to queue
[2024-01-17T15:25:47.962+0000] {logging_mixin.py:188} INFO - [2024-01-17T15:25:47.961+0000] {dagbag.py:538} INFO - Filling up the DagBag from /home/airflow/.local/lib/python3.8/site-packages/airflow/example_dags/example_skip_dag.py
[2024-01-17T15:25:47.989+0000] {processor.py:840} INFO - DAG(s) 'example_skip_dag' retrieved from /home/airflow/.local/lib/python3.8/site-packages/airflow/example_dags/example_skip_dag.py
[2024-01-17T15:25:48.041+0000] {logging_mixin.py:188} INFO - [2024-01-17T15:25:48.041+0000] {dag.py:3033} INFO - Sync 1 DAGs
[2024-01-17T15:25:48.083+0000] {logging_mixin.py:188} INFO - [2024-01-17T15:25:48.082+0000] {dag.py:3820} INFO - Setting next_dagrun for example_skip_dag to 2024-01-16T00:00:00+00:00, run_after=2024-01-17T00:00:00+00:00
[2024-01-17T15:25:48.186+0000] {processor.py:183} INFO - Processing /home/airflow/.local/lib/python3.8/site-packages/airflow/example_dags/example_skip_dag.py took 0.254 seconds
[2024-01-17T15:26:18.916+0000] {processor.py:161} INFO - Started process (PID=178) to work on /home/airflow/.local/lib/python3.8/site-packages/airflow/example_dags/example_skip_dag.py
[2024-01-17T15:26:18.920+0000] {processor.py:830} INFO - Processing file /home/airflow/.local/lib/python3.8/site-packages/airflow/example_dags/example_skip_dag.py for tasks to queue
[2024-01-17T15:26:18.924+0000] {logging_mixin.py:188} INFO - [2024-01-17T15:26:18.924+0000] {dagbag.py:538} INFO - Filling up the DagBag from /home/airflow/.local/lib/python3.8/site-packages/airflow/example_dags/example_skip_dag.py
[2024-01-17T15:26:18.951+0000] {processor.py:840} INFO - DAG(s) 'example_skip_dag' retrieved from /home/airflow/.local/lib/python3.8/site-packages/airflow/example_dags/example_skip_dag.py
[2024-01-17T15:26:18.996+0000] {logging_mixin.py:188} INFO - [2024-01-17T15:26:18.996+0000] {dag.py:3033} INFO - Sync 1 DAGs
[2024-01-17T15:26:19.072+0000] {logging_mixin.py:188} INFO - [2024-01-17T15:26:19.071+0000] {dag.py:3820} INFO - Setting next_dagrun for example_skip_dag to 2024-01-16T00:00:00+00:00, run_after=2024-01-17T00:00:00+00:00
[2024-01-17T15:26:19.176+0000] {processor.py:183} INFO - Processing /home/airflow/.local/lib/python3.8/site-packages/airflow/example_dags/example_skip_dag.py took 0.268 seconds
[2024-01-17T15:26:49.563+0000] {processor.py:161} INFO - Started process (PID=234) to work on /home/airflow/.local/lib/python3.8/site-packages/airflow/example_dags/example_skip_dag.py
[2024-01-17T15:26:49.565+0000] {processor.py:830} INFO - Processing file /home/airflow/.local/lib/python3.8/site-packages/airflow/example_dags/example_skip_dag.py for tasks to queue
[2024-01-17T15:26:49.576+0000] {logging_mixin.py:188} INFO - [2024-01-17T15:26:49.575+0000] {dagbag.py:538} INFO - Filling up the DagBag from /home/airflow/.local/lib/python3.8/site-packages/airflow/example_dags/example_skip_dag.py
[2024-01-17T15:26:49.599+0000] {processor.py:840} INFO - DAG(s) 'example_skip_dag' retrieved from /home/airflow/.local/lib/python3.8/site-packages/airflow/example_dags/example_skip_dag.py
[2024-01-17T15:26:49.717+0000] {logging_mixin.py:188} INFO - [2024-01-17T15:26:49.714+0000] {dag.py:3033} INFO - Sync 1 DAGs
[2024-01-17T15:26:49.887+0000] {logging_mixin.py:188} INFO - [2024-01-17T15:26:49.886+0000] {dag.py:3820} INFO - Setting next_dagrun for example_skip_dag to 2024-01-16T00:00:00+00:00, run_after=2024-01-17T00:00:00+00:00
[2024-01-17T15:26:50.000+0000] {processor.py:183} INFO - Processing /home/airflow/.local/lib/python3.8/site-packages/airflow/example_dags/example_skip_dag.py took 0.449 seconds
[2024-01-17T15:27:20.514+0000] {processor.py:161} INFO - Started process (PID=290) to work on /home/airflow/.local/lib/python3.8/site-packages/airflow/example_dags/example_skip_dag.py
[2024-01-17T15:27:20.540+0000] {processor.py:830} INFO - Processing file /home/airflow/.local/lib/python3.8/site-packages/airflow/example_dags/example_skip_dag.py for tasks to queue
[2024-01-17T15:27:20.543+0000] {logging_mixin.py:188} INFO - [2024-01-17T15:27:20.543+0000] {dagbag.py:538} INFO - Filling up the DagBag from /home/airflow/.local/lib/python3.8/site-packages/airflow/example_dags/example_skip_dag.py
[2024-01-17T15:27:20.576+0000] {processor.py:840} INFO - DAG(s) 'example_skip_dag' retrieved from /home/airflow/.local/lib/python3.8/site-packages/airflow/example_dags/example_skip_dag.py
[2024-01-17T15:27:20.669+0000] {logging_mixin.py:188} INFO - [2024-01-17T15:27:20.668+0000] {dag.py:3033} INFO - Sync 1 DAGs
[2024-01-17T15:27:20.799+0000] {logging_mixin.py:188} INFO - [2024-01-17T15:27:20.799+0000] {dag.py:3820} INFO - Setting next_dagrun for example_skip_dag to 2024-01-16T00:00:00+00:00, run_after=2024-01-17T00:00:00+00:00
[2024-01-17T15:27:20.887+0000] {processor.py:183} INFO - Processing /home/airflow/.local/lib/python3.8/site-packages/airflow/example_dags/example_skip_dag.py took 0.378 seconds
[2024-01-17T15:27:53.988+0000] {processor.py:161} INFO - Started process (PID=345) to work on /home/airflow/.local/lib/python3.8/site-packages/airflow/example_dags/example_skip_dag.py
[2024-01-17T15:27:54.018+0000] {processor.py:830} INFO - Processing file /home/airflow/.local/lib/python3.8/site-packages/airflow/example_dags/example_skip_dag.py for tasks to queue
[2024-01-17T15:27:54.021+0000] {logging_mixin.py:188} INFO - [2024-01-17T15:27:54.021+0000] {dagbag.py:538} INFO - Filling up the DagBag from /home/airflow/.local/lib/python3.8/site-packages/airflow/example_dags/example_skip_dag.py
[2024-01-17T15:27:54.038+0000] {processor.py:840} INFO - DAG(s) 'example_skip_dag' retrieved from /home/airflow/.local/lib/python3.8/site-packages/airflow/example_dags/example_skip_dag.py
[2024-01-17T15:27:54.079+0000] {logging_mixin.py:188} INFO - [2024-01-17T15:27:54.078+0000] {dag.py:3033} INFO - Sync 1 DAGs
[2024-01-17T15:27:54.140+0000] {logging_mixin.py:188} INFO - [2024-01-17T15:27:54.139+0000] {dag.py:3820} INFO - Setting next_dagrun for example_skip_dag to 2024-01-16T00:00:00+00:00, run_after=2024-01-17T00:00:00+00:00
[2024-01-17T15:27:54.289+0000] {processor.py:183} INFO - Processing /home/airflow/.local/lib/python3.8/site-packages/airflow/example_dags/example_skip_dag.py took 0.306 seconds
[2024-01-17T15:28:35.573+0000] {processor.py:161} INFO - Started process (PID=406) to work on /home/airflow/.local/lib/python3.8/site-packages/airflow/example_dags/example_skip_dag.py
[2024-01-17T15:28:35.576+0000] {processor.py:830} INFO - Processing file /home/airflow/.local/lib/python3.8/site-packages/airflow/example_dags/example_skip_dag.py for tasks to queue
[2024-01-17T15:28:35.580+0000] {logging_mixin.py:188} INFO - [2024-01-17T15:28:35.579+0000] {dagbag.py:538} INFO - Filling up the DagBag from /home/airflow/.local/lib/python3.8/site-packages/airflow/example_dags/example_skip_dag.py
[2024-01-17T15:28:35.592+0000] {processor.py:840} INFO - DAG(s) 'example_skip_dag' retrieved from /home/airflow/.local/lib/python3.8/site-packages/airflow/example_dags/example_skip_dag.py
[2024-01-17T15:28:35.613+0000] {logging_mixin.py:188} INFO - [2024-01-17T15:28:35.613+0000] {dag.py:3033} INFO - Sync 1 DAGs
[2024-01-17T15:28:35.664+0000] {logging_mixin.py:188} INFO - [2024-01-17T15:28:35.664+0000] {dag.py:3820} INFO - Setting next_dagrun for example_skip_dag to 2024-01-16T00:00:00+00:00, run_after=2024-01-17T00:00:00+00:00
[2024-01-17T15:28:35.768+0000] {processor.py:183} INFO - Processing /home/airflow/.local/lib/python3.8/site-packages/airflow/example_dags/example_skip_dag.py took 0.208 seconds
[2024-01-17T15:29:07.022+0000] {processor.py:161} INFO - Started process (PID=462) to work on /home/airflow/.local/lib/python3.8/site-packages/airflow/example_dags/example_skip_dag.py
[2024-01-17T15:29:07.023+0000] {processor.py:830} INFO - Processing file /home/airflow/.local/lib/python3.8/site-packages/airflow/example_dags/example_skip_dag.py for tasks to queue
[2024-01-17T15:29:07.027+0000] {logging_mixin.py:188} INFO - [2024-01-17T15:29:07.027+0000] {dagbag.py:538} INFO - Filling up the DagBag from /home/airflow/.local/lib/python3.8/site-packages/airflow/example_dags/example_skip_dag.py
[2024-01-17T15:29:07.038+0000] {processor.py:840} INFO - DAG(s) 'example_skip_dag' retrieved from /home/airflow/.local/lib/python3.8/site-packages/airflow/example_dags/example_skip_dag.py
[2024-01-17T15:29:07.239+0000] {logging_mixin.py:188} INFO - [2024-01-17T15:29:07.238+0000] {dag.py:3033} INFO - Sync 1 DAGs
[2024-01-17T15:29:07.273+0000] {logging_mixin.py:188} INFO - [2024-01-17T15:29:07.273+0000] {dag.py:3820} INFO - Setting next_dagrun for example_skip_dag to 2024-01-16T00:00:00+00:00, run_after=2024-01-17T00:00:00+00:00
[2024-01-17T15:29:07.306+0000] {processor.py:183} INFO - Processing /home/airflow/.local/lib/python3.8/site-packages/airflow/example_dags/example_skip_dag.py took 0.290 seconds
[2024-01-17T15:30:01.835+0000] {processor.py:161} INFO - Started process (PID=530) to work on /home/airflow/.local/lib/python3.8/site-packages/airflow/example_dags/example_skip_dag.py
[2024-01-17T15:30:01.836+0000] {processor.py:830} INFO - Processing file /home/airflow/.local/lib/python3.8/site-packages/airflow/example_dags/example_skip_dag.py for tasks to queue
[2024-01-17T15:30:01.839+0000] {logging_mixin.py:188} INFO - [2024-01-17T15:30:01.839+0000] {dagbag.py:538} INFO - Filling up the DagBag from /home/airflow/.local/lib/python3.8/site-packages/airflow/example_dags/example_skip_dag.py
[2024-01-17T15:30:01.851+0000] {processor.py:840} INFO - DAG(s) 'example_skip_dag' retrieved from /home/airflow/.local/lib/python3.8/site-packages/airflow/example_dags/example_skip_dag.py
[2024-01-17T15:30:01.897+0000] {logging_mixin.py:188} INFO - [2024-01-17T15:30:01.897+0000] {dag.py:3033} INFO - Sync 1 DAGs
[2024-01-17T15:30:01.944+0000] {logging_mixin.py:188} INFO - [2024-01-17T15:30:01.943+0000] {dag.py:3820} INFO - Setting next_dagrun for example_skip_dag to 2024-01-16T00:00:00+00:00, run_after=2024-01-17T00:00:00+00:00
[2024-01-17T15:30:02.022+0000] {processor.py:183} INFO - Processing /home/airflow/.local/lib/python3.8/site-packages/airflow/example_dags/example_skip_dag.py took 0.192 seconds
[2024-01-17T15:30:34.162+0000] {processor.py:161} INFO - Started process (PID=585) to work on /home/airflow/.local/lib/python3.8/site-packages/airflow/example_dags/example_skip_dag.py
[2024-01-17T15:30:34.163+0000] {processor.py:830} INFO - Processing file /home/airflow/.local/lib/python3.8/site-packages/airflow/example_dags/example_skip_dag.py for tasks to queue
[2024-01-17T15:30:34.171+0000] {logging_mixin.py:188} INFO - [2024-01-17T15:30:34.170+0000] {dagbag.py:538} INFO - Filling up the DagBag from /home/airflow/.local/lib/python3.8/site-packages/airflow/example_dags/example_skip_dag.py
[2024-01-17T15:30:34.210+0000] {processor.py:840} INFO - DAG(s) 'example_skip_dag' retrieved from /home/airflow/.local/lib/python3.8/site-packages/airflow/example_dags/example_skip_dag.py
[2024-01-17T15:30:34.336+0000] {logging_mixin.py:188} INFO - [2024-01-17T15:30:34.336+0000] {dag.py:3033} INFO - Sync 1 DAGs
[2024-01-17T15:30:34.494+0000] {logging_mixin.py:188} INFO - [2024-01-17T15:30:34.494+0000] {dag.py:3820} INFO - Setting next_dagrun for example_skip_dag to 2024-01-16T00:00:00+00:00, run_after=2024-01-17T00:00:00+00:00
[2024-01-17T15:30:34.732+0000] {processor.py:183} INFO - Processing /home/airflow/.local/lib/python3.8/site-packages/airflow/example_dags/example_skip_dag.py took 0.583 seconds
[2024-01-17T15:31:05.193+0000] {processor.py:161} INFO - Started process (PID=641) to work on /home/airflow/.local/lib/python3.8/site-packages/airflow/example_dags/example_skip_dag.py
[2024-01-17T15:31:05.194+0000] {processor.py:830} INFO - Processing file /home/airflow/.local/lib/python3.8/site-packages/airflow/example_dags/example_skip_dag.py for tasks to queue
[2024-01-17T15:31:05.197+0000] {logging_mixin.py:188} INFO - [2024-01-17T15:31:05.197+0000] {dagbag.py:538} INFO - Filling up the DagBag from /home/airflow/.local/lib/python3.8/site-packages/airflow/example_dags/example_skip_dag.py
[2024-01-17T15:31:05.207+0000] {processor.py:840} INFO - DAG(s) 'example_skip_dag' retrieved from /home/airflow/.local/lib/python3.8/site-packages/airflow/example_dags/example_skip_dag.py
[2024-01-17T15:31:05.239+0000] {logging_mixin.py:188} INFO - [2024-01-17T15:31:05.239+0000] {dag.py:3033} INFO - Sync 1 DAGs
[2024-01-17T15:31:05.285+0000] {logging_mixin.py:188} INFO - [2024-01-17T15:31:05.285+0000] {dag.py:3820} INFO - Setting next_dagrun for example_skip_dag to 2024-01-16T00:00:00+00:00, run_after=2024-01-17T00:00:00+00:00
[2024-01-17T15:31:05.475+0000] {processor.py:183} INFO - Processing /home/airflow/.local/lib/python3.8/site-packages/airflow/example_dags/example_skip_dag.py took 0.287 seconds
[2024-01-17T15:31:35.786+0000] {processor.py:161} INFO - Started process (PID=696) to work on /home/airflow/.local/lib/python3.8/site-packages/airflow/example_dags/example_skip_dag.py
[2024-01-17T15:31:35.787+0000] {processor.py:830} INFO - Processing file /home/airflow/.local/lib/python3.8/site-packages/airflow/example_dags/example_skip_dag.py for tasks to queue
[2024-01-17T15:31:35.789+0000] {logging_mixin.py:188} INFO - [2024-01-17T15:31:35.789+0000] {dagbag.py:538} INFO - Filling up the DagBag from /home/airflow/.local/lib/python3.8/site-packages/airflow/example_dags/example_skip_dag.py
[2024-01-17T15:31:35.798+0000] {processor.py:840} INFO - DAG(s) 'example_skip_dag' retrieved from /home/airflow/.local/lib/python3.8/site-packages/airflow/example_dags/example_skip_dag.py
[2024-01-17T15:31:35.821+0000] {logging_mixin.py:188} INFO - [2024-01-17T15:31:35.820+0000] {dag.py:3033} INFO - Sync 1 DAGs
[2024-01-17T15:31:35.844+0000] {logging_mixin.py:188} INFO - [2024-01-17T15:31:35.844+0000] {dag.py:3820} INFO - Setting next_dagrun for example_skip_dag to 2024-01-16T00:00:00+00:00, run_after=2024-01-17T00:00:00+00:00
[2024-01-17T15:31:35.863+0000] {processor.py:183} INFO - Processing /home/airflow/.local/lib/python3.8/site-packages/airflow/example_dags/example_skip_dag.py took 0.080 seconds
[2024-01-17T15:32:06.010+0000] {processor.py:161} INFO - Started process (PID=751) to work on /home/airflow/.local/lib/python3.8/site-packages/airflow/example_dags/example_skip_dag.py
[2024-01-17T15:32:06.012+0000] {processor.py:830} INFO - Processing file /home/airflow/.local/lib/python3.8/site-packages/airflow/example_dags/example_skip_dag.py for tasks to queue
[2024-01-17T15:32:06.016+0000] {logging_mixin.py:188} INFO - [2024-01-17T15:32:06.016+0000] {dagbag.py:538} INFO - Filling up the DagBag from /home/airflow/.local/lib/python3.8/site-packages/airflow/example_dags/example_skip_dag.py
[2024-01-17T15:32:06.027+0000] {processor.py:840} INFO - DAG(s) 'example_skip_dag' retrieved from /home/airflow/.local/lib/python3.8/site-packages/airflow/example_dags/example_skip_dag.py
[2024-01-17T15:32:06.066+0000] {logging_mixin.py:188} INFO - [2024-01-17T15:32:06.065+0000] {dag.py:3033} INFO - Sync 1 DAGs
[2024-01-17T15:32:06.107+0000] {logging_mixin.py:188} INFO - [2024-01-17T15:32:06.107+0000] {dag.py:3820} INFO - Setting next_dagrun for example_skip_dag to 2024-01-16T00:00:00+00:00, run_after=2024-01-17T00:00:00+00:00
[2024-01-17T15:32:06.160+0000] {processor.py:183} INFO - Processing /home/airflow/.local/lib/python3.8/site-packages/airflow/example_dags/example_skip_dag.py took 0.156 seconds
[2024-01-17T15:32:36.822+0000] {processor.py:161} INFO - Started process (PID=807) to work on /home/airflow/.local/lib/python3.8/site-packages/airflow/example_dags/example_skip_dag.py
[2024-01-17T15:32:36.861+0000] {processor.py:830} INFO - Processing file /home/airflow/.local/lib/python3.8/site-packages/airflow/example_dags/example_skip_dag.py for tasks to queue
[2024-01-17T15:32:36.864+0000] {logging_mixin.py:188} INFO - [2024-01-17T15:32:36.864+0000] {dagbag.py:538} INFO - Filling up the DagBag from /home/airflow/.local/lib/python3.8/site-packages/airflow/example_dags/example_skip_dag.py
[2024-01-17T15:32:36.908+0000] {processor.py:840} INFO - DAG(s) 'example_skip_dag' retrieved from /home/airflow/.local/lib/python3.8/site-packages/airflow/example_dags/example_skip_dag.py
