[2024-01-17T15:13:02.471+0000] {processor.py:161} INFO - Started process (PID=57) to work on /home/airflow/.local/lib/python3.8/site-packages/airflow/example_dags/example_task_group.py
[2024-01-17T15:13:02.472+0000] {processor.py:830} INFO - Processing file /home/airflow/.local/lib/python3.8/site-packages/airflow/example_dags/example_task_group.py for tasks to queue
[2024-01-17T15:13:02.476+0000] {logging_mixin.py:188} INFO - [2024-01-17T15:13:02.475+0000] {dagbag.py:538} INFO - Filling up the DagBag from /home/airflow/.local/lib/python3.8/site-packages/airflow/example_dags/example_task_group.py
[2024-01-17T15:13:02.491+0000] {processor.py:840} INFO - DAG(s) 'example_task_group' retrieved from /home/airflow/.local/lib/python3.8/site-packages/airflow/example_dags/example_task_group.py
[2024-01-17T15:13:02.750+0000] {logging_mixin.py:188} INFO - [2024-01-17T15:13:02.750+0000] {dag.py:3033} INFO - Sync 1 DAGs
[2024-01-17T15:13:03.297+0000] {logging_mixin.py:188} INFO - [2024-01-17T15:13:03.296+0000] {dag.py:3820} INFO - Setting next_dagrun for example_task_group to 2024-01-16T00:00:00+00:00, run_after=2024-01-17T00:00:00+00:00
[2024-01-17T15:13:03.488+0000] {processor.py:183} INFO - Processing /home/airflow/.local/lib/python3.8/site-packages/airflow/example_dags/example_task_group.py took 1.023 seconds
[2024-01-17T15:13:33.811+0000] {processor.py:161} INFO - Started process (PID=112) to work on /home/airflow/.local/lib/python3.8/site-packages/airflow/example_dags/example_task_group.py
[2024-01-17T15:13:33.816+0000] {processor.py:830} INFO - Processing file /home/airflow/.local/lib/python3.8/site-packages/airflow/example_dags/example_task_group.py for tasks to queue
[2024-01-17T15:13:33.819+0000] {logging_mixin.py:188} INFO - [2024-01-17T15:13:33.818+0000] {dagbag.py:538} INFO - Filling up the DagBag from /home/airflow/.local/lib/python3.8/site-packages/airflow/example_dags/example_task_group.py
[2024-01-17T15:13:33.875+0000] {processor.py:840} INFO - DAG(s) 'example_task_group' retrieved from /home/airflow/.local/lib/python3.8/site-packages/airflow/example_dags/example_task_group.py
[2024-01-17T15:13:33.929+0000] {logging_mixin.py:188} INFO - [2024-01-17T15:13:33.928+0000] {dag.py:3033} INFO - Sync 1 DAGs
[2024-01-17T15:13:33.981+0000] {logging_mixin.py:188} INFO - [2024-01-17T15:13:33.981+0000] {dag.py:3820} INFO - Setting next_dagrun for example_task_group to 2024-01-16T00:00:00+00:00, run_after=2024-01-17T00:00:00+00:00
[2024-01-17T15:13:34.048+0000] {processor.py:183} INFO - Processing /home/airflow/.local/lib/python3.8/site-packages/airflow/example_dags/example_task_group.py took 0.252 seconds
[2024-01-17T15:14:04.585+0000] {processor.py:161} INFO - Started process (PID=167) to work on /home/airflow/.local/lib/python3.8/site-packages/airflow/example_dags/example_task_group.py
[2024-01-17T15:14:04.587+0000] {processor.py:830} INFO - Processing file /home/airflow/.local/lib/python3.8/site-packages/airflow/example_dags/example_task_group.py for tasks to queue
[2024-01-17T15:14:04.590+0000] {logging_mixin.py:188} INFO - [2024-01-17T15:14:04.590+0000] {dagbag.py:538} INFO - Filling up the DagBag from /home/airflow/.local/lib/python3.8/site-packages/airflow/example_dags/example_task_group.py
[2024-01-17T15:14:04.604+0000] {processor.py:840} INFO - DAG(s) 'example_task_group' retrieved from /home/airflow/.local/lib/python3.8/site-packages/airflow/example_dags/example_task_group.py
[2024-01-17T15:14:04.833+0000] {logging_mixin.py:188} INFO - [2024-01-17T15:14:04.833+0000] {dag.py:3033} INFO - Sync 1 DAGs
[2024-01-17T15:14:04.859+0000] {logging_mixin.py:188} INFO - [2024-01-17T15:14:04.859+0000] {dag.py:3820} INFO - Setting next_dagrun for example_task_group to 2024-01-16T00:00:00+00:00, run_after=2024-01-17T00:00:00+00:00
[2024-01-17T15:14:04.886+0000] {processor.py:183} INFO - Processing /home/airflow/.local/lib/python3.8/site-packages/airflow/example_dags/example_task_group.py took 0.308 seconds
[2024-01-17T15:14:35.384+0000] {processor.py:161} INFO - Started process (PID=221) to work on /home/airflow/.local/lib/python3.8/site-packages/airflow/example_dags/example_task_group.py
[2024-01-17T15:14:35.388+0000] {processor.py:830} INFO - Processing file /home/airflow/.local/lib/python3.8/site-packages/airflow/example_dags/example_task_group.py for tasks to queue
[2024-01-17T15:14:35.391+0000] {logging_mixin.py:188} INFO - [2024-01-17T15:14:35.390+0000] {dagbag.py:538} INFO - Filling up the DagBag from /home/airflow/.local/lib/python3.8/site-packages/airflow/example_dags/example_task_group.py
[2024-01-17T15:14:35.403+0000] {processor.py:840} INFO - DAG(s) 'example_task_group' retrieved from /home/airflow/.local/lib/python3.8/site-packages/airflow/example_dags/example_task_group.py
[2024-01-17T15:14:35.453+0000] {logging_mixin.py:188} INFO - [2024-01-17T15:14:35.453+0000] {dag.py:3033} INFO - Sync 1 DAGs
[2024-01-17T15:14:35.519+0000] {logging_mixin.py:188} INFO - [2024-01-17T15:14:35.519+0000] {dag.py:3820} INFO - Setting next_dagrun for example_task_group to 2024-01-16T00:00:00+00:00, run_after=2024-01-17T00:00:00+00:00
[2024-01-17T15:14:35.567+0000] {processor.py:183} INFO - Processing /home/airflow/.local/lib/python3.8/site-packages/airflow/example_dags/example_task_group.py took 0.188 seconds
[2024-01-17T15:15:05.893+0000] {processor.py:161} INFO - Started process (PID=276) to work on /home/airflow/.local/lib/python3.8/site-packages/airflow/example_dags/example_task_group.py
[2024-01-17T15:15:05.895+0000] {processor.py:830} INFO - Processing file /home/airflow/.local/lib/python3.8/site-packages/airflow/example_dags/example_task_group.py for tasks to queue
[2024-01-17T15:15:05.897+0000] {logging_mixin.py:188} INFO - [2024-01-17T15:15:05.897+0000] {dagbag.py:538} INFO - Filling up the DagBag from /home/airflow/.local/lib/python3.8/site-packages/airflow/example_dags/example_task_group.py
[2024-01-17T15:15:05.910+0000] {processor.py:840} INFO - DAG(s) 'example_task_group' retrieved from /home/airflow/.local/lib/python3.8/site-packages/airflow/example_dags/example_task_group.py
[2024-01-17T15:15:05.949+0000] {logging_mixin.py:188} INFO - [2024-01-17T15:15:05.949+0000] {dag.py:3033} INFO - Sync 1 DAGs
[2024-01-17T15:15:05.985+0000] {logging_mixin.py:188} INFO - [2024-01-17T15:15:05.984+0000] {dag.py:3820} INFO - Setting next_dagrun for example_task_group to 2024-01-16T00:00:00+00:00, run_after=2024-01-17T00:00:00+00:00
[2024-01-17T15:15:06.017+0000] {processor.py:183} INFO - Processing /home/airflow/.local/lib/python3.8/site-packages/airflow/example_dags/example_task_group.py took 0.127 seconds
[2024-01-17T15:15:36.735+0000] {processor.py:161} INFO - Started process (PID=330) to work on /home/airflow/.local/lib/python3.8/site-packages/airflow/example_dags/example_task_group.py
[2024-01-17T15:15:36.737+0000] {processor.py:830} INFO - Processing file /home/airflow/.local/lib/python3.8/site-packages/airflow/example_dags/example_task_group.py for tasks to queue
[2024-01-17T15:15:36.745+0000] {logging_mixin.py:188} INFO - [2024-01-17T15:15:36.744+0000] {dagbag.py:538} INFO - Filling up the DagBag from /home/airflow/.local/lib/python3.8/site-packages/airflow/example_dags/example_task_group.py
[2024-01-17T15:15:36.769+0000] {processor.py:840} INFO - DAG(s) 'example_task_group' retrieved from /home/airflow/.local/lib/python3.8/site-packages/airflow/example_dags/example_task_group.py
[2024-01-17T15:15:36.810+0000] {logging_mixin.py:188} INFO - [2024-01-17T15:15:36.810+0000] {dag.py:3033} INFO - Sync 1 DAGs
[2024-01-17T15:15:36.841+0000] {logging_mixin.py:188} INFO - [2024-01-17T15:15:36.841+0000] {dag.py:3820} INFO - Setting next_dagrun for example_task_group to 2024-01-16T00:00:00+00:00, run_after=2024-01-17T00:00:00+00:00
[2024-01-17T15:15:36.974+0000] {processor.py:183} INFO - Processing /home/airflow/.local/lib/python3.8/site-packages/airflow/example_dags/example_task_group.py took 0.253 seconds
[2024-01-17T15:16:07.061+0000] {processor.py:161} INFO - Started process (PID=385) to work on /home/airflow/.local/lib/python3.8/site-packages/airflow/example_dags/example_task_group.py
[2024-01-17T15:16:07.065+0000] {processor.py:830} INFO - Processing file /home/airflow/.local/lib/python3.8/site-packages/airflow/example_dags/example_task_group.py for tasks to queue
[2024-01-17T15:16:07.068+0000] {logging_mixin.py:188} INFO - [2024-01-17T15:16:07.068+0000] {dagbag.py:538} INFO - Filling up the DagBag from /home/airflow/.local/lib/python3.8/site-packages/airflow/example_dags/example_task_group.py
[2024-01-17T15:16:07.158+0000] {processor.py:840} INFO - DAG(s) 'example_task_group' retrieved from /home/airflow/.local/lib/python3.8/site-packages/airflow/example_dags/example_task_group.py
[2024-01-17T15:16:07.234+0000] {logging_mixin.py:188} INFO - [2024-01-17T15:16:07.234+0000] {dag.py:3033} INFO - Sync 1 DAGs
[2024-01-17T15:16:07.271+0000] {logging_mixin.py:188} INFO - [2024-01-17T15:16:07.271+0000] {dag.py:3820} INFO - Setting next_dagrun for example_task_group to 2024-01-16T00:00:00+00:00, run_after=2024-01-17T00:00:00+00:00
[2024-01-17T15:16:07.302+0000] {processor.py:183} INFO - Processing /home/airflow/.local/lib/python3.8/site-packages/airflow/example_dags/example_task_group.py took 0.254 seconds
[2024-01-17T15:16:37.735+0000] {processor.py:161} INFO - Started process (PID=440) to work on /home/airflow/.local/lib/python3.8/site-packages/airflow/example_dags/example_task_group.py
[2024-01-17T15:16:37.738+0000] {processor.py:830} INFO - Processing file /home/airflow/.local/lib/python3.8/site-packages/airflow/example_dags/example_task_group.py for tasks to queue
[2024-01-17T15:16:37.745+0000] {logging_mixin.py:188} INFO - [2024-01-17T15:16:37.744+0000] {dagbag.py:538} INFO - Filling up the DagBag from /home/airflow/.local/lib/python3.8/site-packages/airflow/example_dags/example_task_group.py
[2024-01-17T15:16:37.780+0000] {processor.py:840} INFO - DAG(s) 'example_task_group' retrieved from /home/airflow/.local/lib/python3.8/site-packages/airflow/example_dags/example_task_group.py
[2024-01-17T15:16:37.846+0000] {logging_mixin.py:188} INFO - [2024-01-17T15:16:37.846+0000] {dag.py:3033} INFO - Sync 1 DAGs
[2024-01-17T15:16:37.874+0000] {logging_mixin.py:188} INFO - [2024-01-17T15:16:37.874+0000] {dag.py:3820} INFO - Setting next_dagrun for example_task_group to 2024-01-16T00:00:00+00:00, run_after=2024-01-17T00:00:00+00:00
[2024-01-17T15:16:37.900+0000] {processor.py:183} INFO - Processing /home/airflow/.local/lib/python3.8/site-packages/airflow/example_dags/example_task_group.py took 0.183 seconds
[2024-01-17T15:17:08.081+0000] {processor.py:161} INFO - Started process (PID=494) to work on /home/airflow/.local/lib/python3.8/site-packages/airflow/example_dags/example_task_group.py
[2024-01-17T15:17:08.082+0000] {processor.py:830} INFO - Processing file /home/airflow/.local/lib/python3.8/site-packages/airflow/example_dags/example_task_group.py for tasks to queue
[2024-01-17T15:17:08.085+0000] {logging_mixin.py:188} INFO - [2024-01-17T15:17:08.084+0000] {dagbag.py:538} INFO - Filling up the DagBag from /home/airflow/.local/lib/python3.8/site-packages/airflow/example_dags/example_task_group.py
[2024-01-17T15:17:08.097+0000] {processor.py:840} INFO - DAG(s) 'example_task_group' retrieved from /home/airflow/.local/lib/python3.8/site-packages/airflow/example_dags/example_task_group.py
[2024-01-17T15:17:08.134+0000] {logging_mixin.py:188} INFO - [2024-01-17T15:17:08.133+0000] {dag.py:3033} INFO - Sync 1 DAGs
[2024-01-17T15:17:08.173+0000] {logging_mixin.py:188} INFO - [2024-01-17T15:17:08.172+0000] {dag.py:3820} INFO - Setting next_dagrun for example_task_group to 2024-01-16T00:00:00+00:00, run_after=2024-01-17T00:00:00+00:00
[2024-01-17T15:17:08.225+0000] {processor.py:183} INFO - Processing /home/airflow/.local/lib/python3.8/site-packages/airflow/example_dags/example_task_group.py took 0.149 seconds
[2024-01-17T15:17:38.389+0000] {processor.py:161} INFO - Started process (PID=549) to work on /home/airflow/.local/lib/python3.8/site-packages/airflow/example_dags/example_task_group.py
[2024-01-17T15:17:38.390+0000] {processor.py:830} INFO - Processing file /home/airflow/.local/lib/python3.8/site-packages/airflow/example_dags/example_task_group.py for tasks to queue
[2024-01-17T15:17:38.393+0000] {logging_mixin.py:188} INFO - [2024-01-17T15:17:38.393+0000] {dagbag.py:538} INFO - Filling up the DagBag from /home/airflow/.local/lib/python3.8/site-packages/airflow/example_dags/example_task_group.py
[2024-01-17T15:17:38.404+0000] {processor.py:840} INFO - DAG(s) 'example_task_group' retrieved from /home/airflow/.local/lib/python3.8/site-packages/airflow/example_dags/example_task_group.py
[2024-01-17T15:17:38.439+0000] {logging_mixin.py:188} INFO - [2024-01-17T15:17:38.439+0000] {dag.py:3033} INFO - Sync 1 DAGs
[2024-01-17T15:17:38.484+0000] {logging_mixin.py:188} INFO - [2024-01-17T15:17:38.483+0000] {dag.py:3820} INFO - Setting next_dagrun for example_task_group to 2024-01-16T00:00:00+00:00, run_after=2024-01-17T00:00:00+00:00
[2024-01-17T15:17:38.516+0000] {processor.py:183} INFO - Processing /home/airflow/.local/lib/python3.8/site-packages/airflow/example_dags/example_task_group.py took 0.133 seconds
[2024-01-17T15:18:08.549+0000] {processor.py:161} INFO - Started process (PID=604) to work on /home/airflow/.local/lib/python3.8/site-packages/airflow/example_dags/example_task_group.py
[2024-01-17T15:18:08.550+0000] {processor.py:830} INFO - Processing file /home/airflow/.local/lib/python3.8/site-packages/airflow/example_dags/example_task_group.py for tasks to queue
[2024-01-17T15:18:08.553+0000] {logging_mixin.py:188} INFO - [2024-01-17T15:18:08.553+0000] {dagbag.py:538} INFO - Filling up the DagBag from /home/airflow/.local/lib/python3.8/site-packages/airflow/example_dags/example_task_group.py
[2024-01-17T15:18:08.561+0000] {processor.py:840} INFO - DAG(s) 'example_task_group' retrieved from /home/airflow/.local/lib/python3.8/site-packages/airflow/example_dags/example_task_group.py
[2024-01-17T15:18:08.592+0000] {logging_mixin.py:188} INFO - [2024-01-17T15:18:08.592+0000] {dag.py:3033} INFO - Sync 1 DAGs
[2024-01-17T15:18:08.622+0000] {logging_mixin.py:188} INFO - [2024-01-17T15:18:08.621+0000] {dag.py:3820} INFO - Setting next_dagrun for example_task_group to 2024-01-16T00:00:00+00:00, run_after=2024-01-17T00:00:00+00:00
[2024-01-17T15:18:08.652+0000] {processor.py:183} INFO - Processing /home/airflow/.local/lib/python3.8/site-packages/airflow/example_dags/example_task_group.py took 0.106 seconds
[2024-01-17T15:18:38.786+0000] {processor.py:161} INFO - Started process (PID=659) to work on /home/airflow/.local/lib/python3.8/site-packages/airflow/example_dags/example_task_group.py
[2024-01-17T15:18:38.787+0000] {processor.py:830} INFO - Processing file /home/airflow/.local/lib/python3.8/site-packages/airflow/example_dags/example_task_group.py for tasks to queue
[2024-01-17T15:18:38.792+0000] {logging_mixin.py:188} INFO - [2024-01-17T15:18:38.792+0000] {dagbag.py:538} INFO - Filling up the DagBag from /home/airflow/.local/lib/python3.8/site-packages/airflow/example_dags/example_task_group.py
[2024-01-17T15:18:38.804+0000] {processor.py:840} INFO - DAG(s) 'example_task_group' retrieved from /home/airflow/.local/lib/python3.8/site-packages/airflow/example_dags/example_task_group.py
[2024-01-17T15:18:38.844+0000] {logging_mixin.py:188} INFO - [2024-01-17T15:18:38.844+0000] {dag.py:3033} INFO - Sync 1 DAGs
[2024-01-17T15:18:38.885+0000] {logging_mixin.py:188} INFO - [2024-01-17T15:18:38.885+0000] {dag.py:3820} INFO - Setting next_dagrun for example_task_group to 2024-01-16T00:00:00+00:00, run_after=2024-01-17T00:00:00+00:00
[2024-01-17T15:18:38.914+0000] {processor.py:183} INFO - Processing /home/airflow/.local/lib/python3.8/site-packages/airflow/example_dags/example_task_group.py took 0.133 seconds
[2024-01-17T15:19:10.243+0000] {processor.py:161} INFO - Started process (PID=714) to work on /home/airflow/.local/lib/python3.8/site-packages/airflow/example_dags/example_task_group.py
[2024-01-17T15:19:10.268+0000] {processor.py:830} INFO - Processing file /home/airflow/.local/lib/python3.8/site-packages/airflow/example_dags/example_task_group.py for tasks to queue
[2024-01-17T15:19:10.271+0000] {logging_mixin.py:188} INFO - [2024-01-17T15:19:10.271+0000] {dagbag.py:538} INFO - Filling up the DagBag from /home/airflow/.local/lib/python3.8/site-packages/airflow/example_dags/example_task_group.py
[2024-01-17T15:19:10.304+0000] {processor.py:840} INFO - DAG(s) 'example_task_group' retrieved from /home/airflow/.local/lib/python3.8/site-packages/airflow/example_dags/example_task_group.py
[2024-01-17T15:19:10.445+0000] {logging_mixin.py:188} INFO - [2024-01-17T15:19:10.444+0000] {dag.py:3033} INFO - Sync 1 DAGs
[2024-01-17T15:19:10.524+0000] {logging_mixin.py:188} INFO - [2024-01-17T15:19:10.520+0000] {dag.py:3820} INFO - Setting next_dagrun for example_task_group to 2024-01-16T00:00:00+00:00, run_after=2024-01-17T00:00:00+00:00
[2024-01-17T15:19:10.766+0000] {processor.py:183} INFO - Processing /home/airflow/.local/lib/python3.8/site-packages/airflow/example_dags/example_task_group.py took 0.531 seconds
[2024-01-17T15:19:40.979+0000] {processor.py:161} INFO - Started process (PID=769) to work on /home/airflow/.local/lib/python3.8/site-packages/airflow/example_dags/example_task_group.py
[2024-01-17T15:19:40.981+0000] {processor.py:830} INFO - Processing file /home/airflow/.local/lib/python3.8/site-packages/airflow/example_dags/example_task_group.py for tasks to queue
[2024-01-17T15:19:40.983+0000] {logging_mixin.py:188} INFO - [2024-01-17T15:19:40.983+0000] {dagbag.py:538} INFO - Filling up the DagBag from /home/airflow/.local/lib/python3.8/site-packages/airflow/example_dags/example_task_group.py
[2024-01-17T15:19:40.994+0000] {processor.py:840} INFO - DAG(s) 'example_task_group' retrieved from /home/airflow/.local/lib/python3.8/site-packages/airflow/example_dags/example_task_group.py
[2024-01-17T15:19:41.029+0000] {logging_mixin.py:188} INFO - [2024-01-17T15:19:41.029+0000] {dag.py:3033} INFO - Sync 1 DAGs
[2024-01-17T15:19:41.062+0000] {logging_mixin.py:188} INFO - [2024-01-17T15:19:41.062+0000] {dag.py:3820} INFO - Setting next_dagrun for example_task_group to 2024-01-16T00:00:00+00:00, run_after=2024-01-17T00:00:00+00:00
[2024-01-17T15:19:41.103+0000] {processor.py:183} INFO - Processing /home/airflow/.local/lib/python3.8/site-packages/airflow/example_dags/example_task_group.py took 0.130 seconds
[2024-01-17T15:20:12.039+0000] {processor.py:161} INFO - Started process (PID=824) to work on /home/airflow/.local/lib/python3.8/site-packages/airflow/example_dags/example_task_group.py
[2024-01-17T15:20:12.041+0000] {processor.py:830} INFO - Processing file /home/airflow/.local/lib/python3.8/site-packages/airflow/example_dags/example_task_group.py for tasks to queue
[2024-01-17T15:20:12.047+0000] {logging_mixin.py:188} INFO - [2024-01-17T15:20:12.046+0000] {dagbag.py:538} INFO - Filling up the DagBag from /home/airflow/.local/lib/python3.8/site-packages/airflow/example_dags/example_task_group.py
[2024-01-17T15:20:12.085+0000] {processor.py:840} INFO - DAG(s) 'example_task_group' retrieved from /home/airflow/.local/lib/python3.8/site-packages/airflow/example_dags/example_task_group.py
[2024-01-17T15:20:12.127+0000] {logging_mixin.py:188} INFO - [2024-01-17T15:20:12.127+0000] {dag.py:3033} INFO - Sync 1 DAGs
[2024-01-17T15:20:12.171+0000] {logging_mixin.py:188} INFO - [2024-01-17T15:20:12.171+0000] {dag.py:3820} INFO - Setting next_dagrun for example_task_group to 2024-01-16T00:00:00+00:00, run_after=2024-01-17T00:00:00+00:00
[2024-01-17T15:20:12.207+0000] {processor.py:183} INFO - Processing /home/airflow/.local/lib/python3.8/site-packages/airflow/example_dags/example_task_group.py took 0.176 seconds
[2024-01-17T15:20:42.448+0000] {processor.py:161} INFO - Started process (PID=876) to work on /home/airflow/.local/lib/python3.8/site-packages/airflow/example_dags/example_task_group.py
[2024-01-17T15:20:42.450+0000] {processor.py:830} INFO - Processing file /home/airflow/.local/lib/python3.8/site-packages/airflow/example_dags/example_task_group.py for tasks to queue
[2024-01-17T15:20:42.453+0000] {logging_mixin.py:188} INFO - [2024-01-17T15:20:42.453+0000] {dagbag.py:538} INFO - Filling up the DagBag from /home/airflow/.local/lib/python3.8/site-packages/airflow/example_dags/example_task_group.py
[2024-01-17T15:20:42.464+0000] {processor.py:840} INFO - DAG(s) 'example_task_group' retrieved from /home/airflow/.local/lib/python3.8/site-packages/airflow/example_dags/example_task_group.py
[2024-01-17T15:20:42.496+0000] {logging_mixin.py:188} INFO - [2024-01-17T15:20:42.496+0000] {dag.py:3033} INFO - Sync 1 DAGs
[2024-01-17T15:20:42.537+0000] {logging_mixin.py:188} INFO - [2024-01-17T15:20:42.536+0000] {dag.py:3820} INFO - Setting next_dagrun for example_task_group to 2024-01-16T00:00:00+00:00, run_after=2024-01-17T00:00:00+00:00
[2024-01-17T15:20:42.564+0000] {processor.py:183} INFO - Processing /home/airflow/.local/lib/python3.8/site-packages/airflow/example_dags/example_task_group.py took 0.120 seconds
[2024-01-17T15:21:12.838+0000] {processor.py:161} INFO - Started process (PID=931) to work on /home/airflow/.local/lib/python3.8/site-packages/airflow/example_dags/example_task_group.py
[2024-01-17T15:21:12.840+0000] {processor.py:830} INFO - Processing file /home/airflow/.local/lib/python3.8/site-packages/airflow/example_dags/example_task_group.py for tasks to queue
[2024-01-17T15:21:12.842+0000] {logging_mixin.py:188} INFO - [2024-01-17T15:21:12.842+0000] {dagbag.py:538} INFO - Filling up the DagBag from /home/airflow/.local/lib/python3.8/site-packages/airflow/example_dags/example_task_group.py
[2024-01-17T15:21:12.863+0000] {processor.py:840} INFO - DAG(s) 'example_task_group' retrieved from /home/airflow/.local/lib/python3.8/site-packages/airflow/example_dags/example_task_group.py
[2024-01-17T15:21:12.921+0000] {logging_mixin.py:188} INFO - [2024-01-17T15:21:12.921+0000] {dag.py:3033} INFO - Sync 1 DAGs
[2024-01-17T15:21:12.982+0000] {logging_mixin.py:188} INFO - [2024-01-17T15:21:12.981+0000] {dag.py:3820} INFO - Setting next_dagrun for example_task_group to 2024-01-16T00:00:00+00:00, run_after=2024-01-17T00:00:00+00:00
[2024-01-17T15:21:13.038+0000] {processor.py:183} INFO - Processing /home/airflow/.local/lib/python3.8/site-packages/airflow/example_dags/example_task_group.py took 0.204 seconds
[2024-01-17T15:21:43.686+0000] {processor.py:161} INFO - Started process (PID=985) to work on /home/airflow/.local/lib/python3.8/site-packages/airflow/example_dags/example_task_group.py
[2024-01-17T15:21:43.687+0000] {processor.py:830} INFO - Processing file /home/airflow/.local/lib/python3.8/site-packages/airflow/example_dags/example_task_group.py for tasks to queue
[2024-01-17T15:21:43.695+0000] {logging_mixin.py:188} INFO - [2024-01-17T15:21:43.694+0000] {dagbag.py:538} INFO - Filling up the DagBag from /home/airflow/.local/lib/python3.8/site-packages/airflow/example_dags/example_task_group.py
[2024-01-17T15:21:43.718+0000] {processor.py:840} INFO - DAG(s) 'example_task_group' retrieved from /home/airflow/.local/lib/python3.8/site-packages/airflow/example_dags/example_task_group.py
[2024-01-17T15:21:43.770+0000] {logging_mixin.py:188} INFO - [2024-01-17T15:21:43.769+0000] {dag.py:3033} INFO - Sync 1 DAGs
[2024-01-17T15:21:43.799+0000] {logging_mixin.py:188} INFO - [2024-01-17T15:21:43.799+0000] {dag.py:3820} INFO - Setting next_dagrun for example_task_group to 2024-01-16T00:00:00+00:00, run_after=2024-01-17T00:00:00+00:00
[2024-01-17T15:21:43.822+0000] {processor.py:183} INFO - Processing /home/airflow/.local/lib/python3.8/site-packages/airflow/example_dags/example_task_group.py took 0.143 seconds
[2024-01-17T15:22:14.171+0000] {processor.py:161} INFO - Started process (PID=1039) to work on /home/airflow/.local/lib/python3.8/site-packages/airflow/example_dags/example_task_group.py
[2024-01-17T15:22:14.176+0000] {processor.py:830} INFO - Processing file /home/airflow/.local/lib/python3.8/site-packages/airflow/example_dags/example_task_group.py for tasks to queue
[2024-01-17T15:22:14.180+0000] {logging_mixin.py:188} INFO - [2024-01-17T15:22:14.179+0000] {dagbag.py:538} INFO - Filling up the DagBag from /home/airflow/.local/lib/python3.8/site-packages/airflow/example_dags/example_task_group.py
[2024-01-17T15:22:14.233+0000] {processor.py:840} INFO - DAG(s) 'example_task_group' retrieved from /home/airflow/.local/lib/python3.8/site-packages/airflow/example_dags/example_task_group.py
[2024-01-17T15:22:14.370+0000] {logging_mixin.py:188} INFO - [2024-01-17T15:22:14.369+0000] {dag.py:3033} INFO - Sync 1 DAGs
[2024-01-17T15:22:14.438+0000] {logging_mixin.py:188} INFO - [2024-01-17T15:22:14.437+0000] {dag.py:3820} INFO - Setting next_dagrun for example_task_group to 2024-01-16T00:00:00+00:00, run_after=2024-01-17T00:00:00+00:00
[2024-01-17T15:22:14.556+0000] {processor.py:183} INFO - Processing /home/airflow/.local/lib/python3.8/site-packages/airflow/example_dags/example_task_group.py took 0.400 seconds
[2024-01-17T15:25:12.486+0000] {processor.py:161} INFO - Started process (PID=49) to work on /home/airflow/.local/lib/python3.8/site-packages/airflow/example_dags/example_task_group.py
[2024-01-17T15:25:12.558+0000] {processor.py:830} INFO - Processing file /home/airflow/.local/lib/python3.8/site-packages/airflow/example_dags/example_task_group.py for tasks to queue
[2024-01-17T15:25:12.562+0000] {logging_mixin.py:188} INFO - [2024-01-17T15:25:12.562+0000] {dagbag.py:538} INFO - Filling up the DagBag from /home/airflow/.local/lib/python3.8/site-packages/airflow/example_dags/example_task_group.py
[2024-01-17T15:25:12.578+0000] {processor.py:840} INFO - DAG(s) 'example_task_group' retrieved from /home/airflow/.local/lib/python3.8/site-packages/airflow/example_dags/example_task_group.py
[2024-01-17T15:25:12.614+0000] {logging_mixin.py:188} INFO - [2024-01-17T15:25:12.614+0000] {dag.py:3033} INFO - Sync 1 DAGs
[2024-01-17T15:25:12.653+0000] {logging_mixin.py:188} INFO - [2024-01-17T15:25:12.653+0000] {dag.py:3820} INFO - Setting next_dagrun for example_task_group to 2024-01-16T00:00:00+00:00, run_after=2024-01-17T00:00:00+00:00
[2024-01-17T15:25:12.745+0000] {processor.py:183} INFO - Processing /home/airflow/.local/lib/python3.8/site-packages/airflow/example_dags/example_task_group.py took 0.265 seconds
[2024-01-17T15:25:43.233+0000] {processor.py:161} INFO - Started process (PID=103) to work on /home/airflow/.local/lib/python3.8/site-packages/airflow/example_dags/example_task_group.py
[2024-01-17T15:25:43.236+0000] {processor.py:830} INFO - Processing file /home/airflow/.local/lib/python3.8/site-packages/airflow/example_dags/example_task_group.py for tasks to queue
[2024-01-17T15:25:43.239+0000] {logging_mixin.py:188} INFO - [2024-01-17T15:25:43.239+0000] {dagbag.py:538} INFO - Filling up the DagBag from /home/airflow/.local/lib/python3.8/site-packages/airflow/example_dags/example_task_group.py
[2024-01-17T15:25:43.291+0000] {processor.py:840} INFO - DAG(s) 'example_task_group' retrieved from /home/airflow/.local/lib/python3.8/site-packages/airflow/example_dags/example_task_group.py
[2024-01-17T15:25:43.463+0000] {logging_mixin.py:188} INFO - [2024-01-17T15:25:43.459+0000] {dag.py:3033} INFO - Sync 1 DAGs
[2024-01-17T15:25:43.569+0000] {logging_mixin.py:188} INFO - [2024-01-17T15:25:43.569+0000] {dag.py:3820} INFO - Setting next_dagrun for example_task_group to 2024-01-16T00:00:00+00:00, run_after=2024-01-17T00:00:00+00:00
[2024-01-17T15:25:43.709+0000] {processor.py:183} INFO - Processing /home/airflow/.local/lib/python3.8/site-packages/airflow/example_dags/example_task_group.py took 0.496 seconds
[2024-01-17T15:26:14.163+0000] {processor.py:161} INFO - Started process (PID=160) to work on /home/airflow/.local/lib/python3.8/site-packages/airflow/example_dags/example_task_group.py
[2024-01-17T15:26:14.168+0000] {processor.py:830} INFO - Processing file /home/airflow/.local/lib/python3.8/site-packages/airflow/example_dags/example_task_group.py for tasks to queue
[2024-01-17T15:26:14.171+0000] {logging_mixin.py:188} INFO - [2024-01-17T15:26:14.171+0000] {dagbag.py:538} INFO - Filling up the DagBag from /home/airflow/.local/lib/python3.8/site-packages/airflow/example_dags/example_task_group.py
[2024-01-17T15:26:14.183+0000] {processor.py:840} INFO - DAG(s) 'example_task_group' retrieved from /home/airflow/.local/lib/python3.8/site-packages/airflow/example_dags/example_task_group.py
[2024-01-17T15:26:14.276+0000] {logging_mixin.py:188} INFO - [2024-01-17T15:26:14.276+0000] {dag.py:3033} INFO - Sync 1 DAGs
[2024-01-17T15:26:14.393+0000] {logging_mixin.py:188} INFO - [2024-01-17T15:26:14.392+0000] {dag.py:3820} INFO - Setting next_dagrun for example_task_group to 2024-01-16T00:00:00+00:00, run_after=2024-01-17T00:00:00+00:00
[2024-01-17T15:26:14.481+0000] {processor.py:183} INFO - Processing /home/airflow/.local/lib/python3.8/site-packages/airflow/example_dags/example_task_group.py took 0.329 seconds
[2024-01-17T15:26:45.187+0000] {processor.py:161} INFO - Started process (PID=216) to work on /home/airflow/.local/lib/python3.8/site-packages/airflow/example_dags/example_task_group.py
[2024-01-17T15:26:45.198+0000] {processor.py:830} INFO - Processing file /home/airflow/.local/lib/python3.8/site-packages/airflow/example_dags/example_task_group.py for tasks to queue
[2024-01-17T15:26:45.202+0000] {logging_mixin.py:188} INFO - [2024-01-17T15:26:45.202+0000] {dagbag.py:538} INFO - Filling up the DagBag from /home/airflow/.local/lib/python3.8/site-packages/airflow/example_dags/example_task_group.py
[2024-01-17T15:26:45.227+0000] {processor.py:840} INFO - DAG(s) 'example_task_group' retrieved from /home/airflow/.local/lib/python3.8/site-packages/airflow/example_dags/example_task_group.py
[2024-01-17T15:26:45.312+0000] {logging_mixin.py:188} INFO - [2024-01-17T15:26:45.311+0000] {dag.py:3033} INFO - Sync 1 DAGs
[2024-01-17T15:26:45.427+0000] {logging_mixin.py:188} INFO - [2024-01-17T15:26:45.427+0000] {dag.py:3820} INFO - Setting next_dagrun for example_task_group to 2024-01-16T00:00:00+00:00, run_after=2024-01-17T00:00:00+00:00
[2024-01-17T15:26:45.558+0000] {processor.py:183} INFO - Processing /home/airflow/.local/lib/python3.8/site-packages/airflow/example_dags/example_task_group.py took 0.382 seconds
[2024-01-17T15:27:15.851+0000] {processor.py:161} INFO - Started process (PID=272) to work on /home/airflow/.local/lib/python3.8/site-packages/airflow/example_dags/example_task_group.py
[2024-01-17T15:27:15.855+0000] {processor.py:830} INFO - Processing file /home/airflow/.local/lib/python3.8/site-packages/airflow/example_dags/example_task_group.py for tasks to queue
[2024-01-17T15:27:15.858+0000] {logging_mixin.py:188} INFO - [2024-01-17T15:27:15.858+0000] {dagbag.py:538} INFO - Filling up the DagBag from /home/airflow/.local/lib/python3.8/site-packages/airflow/example_dags/example_task_group.py
[2024-01-17T15:27:15.883+0000] {processor.py:840} INFO - DAG(s) 'example_task_group' retrieved from /home/airflow/.local/lib/python3.8/site-packages/airflow/example_dags/example_task_group.py
[2024-01-17T15:27:15.990+0000] {logging_mixin.py:188} INFO - [2024-01-17T15:27:15.990+0000] {dag.py:3033} INFO - Sync 1 DAGs
[2024-01-17T15:27:16.087+0000] {logging_mixin.py:188} INFO - [2024-01-17T15:27:16.087+0000] {dag.py:3820} INFO - Setting next_dagrun for example_task_group to 2024-01-16T00:00:00+00:00, run_after=2024-01-17T00:00:00+00:00
[2024-01-17T15:27:16.184+0000] {processor.py:183} INFO - Processing /home/airflow/.local/lib/python3.8/site-packages/airflow/example_dags/example_task_group.py took 0.348 seconds
[2024-01-17T15:27:50.008+0000] {processor.py:161} INFO - Started process (PID=327) to work on /home/airflow/.local/lib/python3.8/site-packages/airflow/example_dags/example_task_group.py
[2024-01-17T15:27:51.113+0000] {processor.py:830} INFO - Processing file /home/airflow/.local/lib/python3.8/site-packages/airflow/example_dags/example_task_group.py for tasks to queue
[2024-01-17T15:27:51.117+0000] {logging_mixin.py:188} INFO - [2024-01-17T15:27:51.116+0000] {dagbag.py:538} INFO - Filling up the DagBag from /home/airflow/.local/lib/python3.8/site-packages/airflow/example_dags/example_task_group.py
[2024-01-17T15:27:51.130+0000] {processor.py:840} INFO - DAG(s) 'example_task_group' retrieved from /home/airflow/.local/lib/python3.8/site-packages/airflow/example_dags/example_task_group.py
[2024-01-17T15:27:51.167+0000] {logging_mixin.py:188} INFO - [2024-01-17T15:27:51.167+0000] {dag.py:3033} INFO - Sync 1 DAGs
[2024-01-17T15:27:51.202+0000] {logging_mixin.py:188} INFO - [2024-01-17T15:27:51.201+0000] {dag.py:3820} INFO - Setting next_dagrun for example_task_group to 2024-01-16T00:00:00+00:00, run_after=2024-01-17T00:00:00+00:00
[2024-01-17T15:27:51.716+0000] {processor.py:183} INFO - Processing /home/airflow/.local/lib/python3.8/site-packages/airflow/example_dags/example_task_group.py took 1.713 seconds
[2024-01-17T15:28:31.992+0000] {processor.py:161} INFO - Started process (PID=382) to work on /home/airflow/.local/lib/python3.8/site-packages/airflow/example_dags/example_task_group.py
[2024-01-17T15:28:32.037+0000] {processor.py:830} INFO - Processing file /home/airflow/.local/lib/python3.8/site-packages/airflow/example_dags/example_task_group.py for tasks to queue
[2024-01-17T15:28:32.041+0000] {logging_mixin.py:188} INFO - [2024-01-17T15:28:32.041+0000] {dagbag.py:538} INFO - Filling up the DagBag from /home/airflow/.local/lib/python3.8/site-packages/airflow/example_dags/example_task_group.py
[2024-01-17T15:28:32.056+0000] {processor.py:840} INFO - DAG(s) 'example_task_group' retrieved from /home/airflow/.local/lib/python3.8/site-packages/airflow/example_dags/example_task_group.py
[2024-01-17T15:28:32.087+0000] {logging_mixin.py:188} INFO - [2024-01-17T15:28:32.087+0000] {dag.py:3033} INFO - Sync 1 DAGs
[2024-01-17T15:28:32.181+0000] {logging_mixin.py:188} INFO - [2024-01-17T15:28:32.180+0000] {dag.py:3820} INFO - Setting next_dagrun for example_task_group to 2024-01-16T00:00:00+00:00, run_after=2024-01-17T00:00:00+00:00
[2024-01-17T15:28:32.278+0000] {processor.py:183} INFO - Processing /home/airflow/.local/lib/python3.8/site-packages/airflow/example_dags/example_task_group.py took 0.292 seconds
[2024-01-17T15:29:02.499+0000] {processor.py:161} INFO - Started process (PID=437) to work on /home/airflow/.local/lib/python3.8/site-packages/airflow/example_dags/example_task_group.py
[2024-01-17T15:29:02.500+0000] {processor.py:830} INFO - Processing file /home/airflow/.local/lib/python3.8/site-packages/airflow/example_dags/example_task_group.py for tasks to queue
[2024-01-17T15:29:02.503+0000] {logging_mixin.py:188} INFO - [2024-01-17T15:29:02.503+0000] {dagbag.py:538} INFO - Filling up the DagBag from /home/airflow/.local/lib/python3.8/site-packages/airflow/example_dags/example_task_group.py
[2024-01-17T15:29:02.516+0000] {processor.py:840} INFO - DAG(s) 'example_task_group' retrieved from /home/airflow/.local/lib/python3.8/site-packages/airflow/example_dags/example_task_group.py
[2024-01-17T15:29:02.822+0000] {logging_mixin.py:188} INFO - [2024-01-17T15:29:02.822+0000] {dag.py:3033} INFO - Sync 1 DAGs
[2024-01-17T15:29:02.902+0000] {logging_mixin.py:188} INFO - [2024-01-17T15:29:02.901+0000] {dag.py:3820} INFO - Setting next_dagrun for example_task_group to 2024-01-16T00:00:00+00:00, run_after=2024-01-17T00:00:00+00:00
[2024-01-17T15:29:03.028+0000] {processor.py:183} INFO - Processing /home/airflow/.local/lib/python3.8/site-packages/airflow/example_dags/example_task_group.py took 0.534 seconds
[2024-01-17T15:29:49.219+0000] {processor.py:161} INFO - Started process (PID=500) to work on /home/airflow/.local/lib/python3.8/site-packages/airflow/example_dags/example_task_group.py
[2024-01-17T15:29:49.370+0000] {processor.py:830} INFO - Processing file /home/airflow/.local/lib/python3.8/site-packages/airflow/example_dags/example_task_group.py for tasks to queue
[2024-01-17T15:29:49.377+0000] {logging_mixin.py:188} INFO - [2024-01-17T15:29:49.376+0000] {dagbag.py:538} INFO - Filling up the DagBag from /home/airflow/.local/lib/python3.8/site-packages/airflow/example_dags/example_task_group.py
[2024-01-17T15:29:49.479+0000] {processor.py:840} INFO - DAG(s) 'example_task_group' retrieved from /home/airflow/.local/lib/python3.8/site-packages/airflow/example_dags/example_task_group.py
[2024-01-17T15:29:49.611+0000] {logging_mixin.py:188} INFO - [2024-01-17T15:29:49.610+0000] {dag.py:3033} INFO - Sync 1 DAGs
[2024-01-17T15:29:49.676+0000] {logging_mixin.py:188} INFO - [2024-01-17T15:29:49.675+0000] {dag.py:3820} INFO - Setting next_dagrun for example_task_group to 2024-01-16T00:00:00+00:00, run_after=2024-01-17T00:00:00+00:00
[2024-01-17T15:29:49.734+0000] {processor.py:183} INFO - Processing /home/airflow/.local/lib/python3.8/site-packages/airflow/example_dags/example_task_group.py took 0.520 seconds
[2024-01-17T15:30:19.867+0000] {processor.py:161} INFO - Started process (PID=554) to work on /home/airflow/.local/lib/python3.8/site-packages/airflow/example_dags/example_task_group.py
[2024-01-17T15:30:19.869+0000] {processor.py:830} INFO - Processing file /home/airflow/.local/lib/python3.8/site-packages/airflow/example_dags/example_task_group.py for tasks to queue
[2024-01-17T15:30:19.872+0000] {logging_mixin.py:188} INFO - [2024-01-17T15:30:19.872+0000] {dagbag.py:538} INFO - Filling up the DagBag from /home/airflow/.local/lib/python3.8/site-packages/airflow/example_dags/example_task_group.py
[2024-01-17T15:30:19.883+0000] {processor.py:840} INFO - DAG(s) 'example_task_group' retrieved from /home/airflow/.local/lib/python3.8/site-packages/airflow/example_dags/example_task_group.py
[2024-01-17T15:30:19.912+0000] {logging_mixin.py:188} INFO - [2024-01-17T15:30:19.912+0000] {dag.py:3033} INFO - Sync 1 DAGs
[2024-01-17T15:30:19.936+0000] {logging_mixin.py:188} INFO - [2024-01-17T15:30:19.936+0000] {dag.py:3820} INFO - Setting next_dagrun for example_task_group to 2024-01-16T00:00:00+00:00, run_after=2024-01-17T00:00:00+00:00
[2024-01-17T15:30:19.957+0000] {processor.py:183} INFO - Processing /home/airflow/.local/lib/python3.8/site-packages/airflow/example_dags/example_task_group.py took 0.100 seconds
[2024-01-17T15:30:50.102+0000] {processor.py:161} INFO - Started process (PID=610) to work on /home/airflow/.local/lib/python3.8/site-packages/airflow/example_dags/example_task_group.py
[2024-01-17T15:30:50.103+0000] {processor.py:830} INFO - Processing file /home/airflow/.local/lib/python3.8/site-packages/airflow/example_dags/example_task_group.py for tasks to queue
[2024-01-17T15:30:50.107+0000] {logging_mixin.py:188} INFO - [2024-01-17T15:30:50.106+0000] {dagbag.py:538} INFO - Filling up the DagBag from /home/airflow/.local/lib/python3.8/site-packages/airflow/example_dags/example_task_group.py
[2024-01-17T15:30:50.117+0000] {processor.py:840} INFO - DAG(s) 'example_task_group' retrieved from /home/airflow/.local/lib/python3.8/site-packages/airflow/example_dags/example_task_group.py
[2024-01-17T15:30:50.150+0000] {logging_mixin.py:188} INFO - [2024-01-17T15:30:50.150+0000] {dag.py:3033} INFO - Sync 1 DAGs
[2024-01-17T15:30:50.189+0000] {logging_mixin.py:188} INFO - [2024-01-17T15:30:50.189+0000] {dag.py:3820} INFO - Setting next_dagrun for example_task_group to 2024-01-16T00:00:00+00:00, run_after=2024-01-17T00:00:00+00:00
[2024-01-17T15:30:50.394+0000] {processor.py:183} INFO - Processing /home/airflow/.local/lib/python3.8/site-packages/airflow/example_dags/example_task_group.py took 0.297 seconds
[2024-01-17T15:31:20.627+0000] {processor.py:161} INFO - Started process (PID=665) to work on /home/airflow/.local/lib/python3.8/site-packages/airflow/example_dags/example_task_group.py
[2024-01-17T15:31:20.639+0000] {processor.py:830} INFO - Processing file /home/airflow/.local/lib/python3.8/site-packages/airflow/example_dags/example_task_group.py for tasks to queue
[2024-01-17T15:31:20.643+0000] {logging_mixin.py:188} INFO - [2024-01-17T15:31:20.642+0000] {dagbag.py:538} INFO - Filling up the DagBag from /home/airflow/.local/lib/python3.8/site-packages/airflow/example_dags/example_task_group.py
[2024-01-17T15:31:20.752+0000] {processor.py:840} INFO - DAG(s) 'example_task_group' retrieved from /home/airflow/.local/lib/python3.8/site-packages/airflow/example_dags/example_task_group.py
[2024-01-17T15:31:20.853+0000] {logging_mixin.py:188} INFO - [2024-01-17T15:31:20.853+0000] {dag.py:3033} INFO - Sync 1 DAGs
[2024-01-17T15:31:20.982+0000] {logging_mixin.py:188} INFO - [2024-01-17T15:31:20.982+0000] {dag.py:3820} INFO - Setting next_dagrun for example_task_group to 2024-01-16T00:00:00+00:00, run_after=2024-01-17T00:00:00+00:00
[2024-01-17T15:31:21.073+0000] {processor.py:183} INFO - Processing /home/airflow/.local/lib/python3.8/site-packages/airflow/example_dags/example_task_group.py took 0.452 seconds
[2024-01-17T15:31:51.956+0000] {processor.py:161} INFO - Started process (PID=720) to work on /home/airflow/.local/lib/python3.8/site-packages/airflow/example_dags/example_task_group.py
[2024-01-17T15:31:51.957+0000] {processor.py:830} INFO - Processing file /home/airflow/.local/lib/python3.8/site-packages/airflow/example_dags/example_task_group.py for tasks to queue
[2024-01-17T15:31:51.959+0000] {logging_mixin.py:188} INFO - [2024-01-17T15:31:51.959+0000] {dagbag.py:538} INFO - Filling up the DagBag from /home/airflow/.local/lib/python3.8/site-packages/airflow/example_dags/example_task_group.py
[2024-01-17T15:31:51.966+0000] {processor.py:840} INFO - DAG(s) 'example_task_group' retrieved from /home/airflow/.local/lib/python3.8/site-packages/airflow/example_dags/example_task_group.py
[2024-01-17T15:31:51.993+0000] {logging_mixin.py:188} INFO - [2024-01-17T15:31:51.993+0000] {dag.py:3033} INFO - Sync 1 DAGs
[2024-01-17T15:31:52.020+0000] {logging_mixin.py:188} INFO - [2024-01-17T15:31:52.019+0000] {dag.py:3820} INFO - Setting next_dagrun for example_task_group to 2024-01-16T00:00:00+00:00, run_after=2024-01-17T00:00:00+00:00
[2024-01-17T15:31:52.050+0000] {processor.py:183} INFO - Processing /home/airflow/.local/lib/python3.8/site-packages/airflow/example_dags/example_task_group.py took 0.099 seconds
[2024-01-17T15:32:22.843+0000] {processor.py:161} INFO - Started process (PID=776) to work on /home/airflow/.local/lib/python3.8/site-packages/airflow/example_dags/example_task_group.py
[2024-01-17T15:32:22.847+0000] {processor.py:830} INFO - Processing file /home/airflow/.local/lib/python3.8/site-packages/airflow/example_dags/example_task_group.py for tasks to queue
[2024-01-17T15:32:22.851+0000] {logging_mixin.py:188} INFO - [2024-01-17T15:32:22.851+0000] {dagbag.py:538} INFO - Filling up the DagBag from /home/airflow/.local/lib/python3.8/site-packages/airflow/example_dags/example_task_group.py
[2024-01-17T15:32:22.866+0000] {processor.py:840} INFO - DAG(s) 'example_task_group' retrieved from /home/airflow/.local/lib/python3.8/site-packages/airflow/example_dags/example_task_group.py
[2024-01-17T15:32:22.906+0000] {logging_mixin.py:188} INFO - [2024-01-17T15:32:22.905+0000] {dag.py:3033} INFO - Sync 1 DAGs
[2024-01-17T15:32:22.940+0000] {logging_mixin.py:188} INFO - [2024-01-17T15:32:22.940+0000] {dag.py:3820} INFO - Setting next_dagrun for example_task_group to 2024-01-16T00:00:00+00:00, run_after=2024-01-17T00:00:00+00:00
[2024-01-17T15:32:23.055+0000] {processor.py:183} INFO - Processing /home/airflow/.local/lib/python3.8/site-packages/airflow/example_dags/example_task_group.py took 0.220 seconds
