[2024-01-17T15:13:07.473+0000] {processor.py:161} INFO - Started process (PID=70) to work on /home/airflow/.local/lib/python3.8/site-packages/airflow/example_dags/example_nested_branch_dag.py
[2024-01-17T15:13:07.473+0000] {processor.py:830} INFO - Processing file /home/airflow/.local/lib/python3.8/site-packages/airflow/example_dags/example_nested_branch_dag.py for tasks to queue
[2024-01-17T15:13:07.476+0000] {logging_mixin.py:188} INFO - [2024-01-17T15:13:07.476+0000] {dagbag.py:538} INFO - Filling up the DagBag from /home/airflow/.local/lib/python3.8/site-packages/airflow/example_dags/example_nested_branch_dag.py
[2024-01-17T15:13:07.492+0000] {processor.py:840} INFO - DAG(s) 'example_nested_branch_dag' retrieved from /home/airflow/.local/lib/python3.8/site-packages/airflow/example_dags/example_nested_branch_dag.py
[2024-01-17T15:13:07.718+0000] {logging_mixin.py:188} INFO - [2024-01-17T15:13:07.718+0000] {dag.py:3033} INFO - Sync 1 DAGs
[2024-01-17T15:13:07.765+0000] {logging_mixin.py:188} INFO - [2024-01-17T15:13:07.765+0000] {dag.py:3820} INFO - Setting next_dagrun for example_nested_branch_dag to 2024-01-16T00:00:00+00:00, run_after=2024-01-17T00:00:00+00:00
[2024-01-17T15:13:07.897+0000] {processor.py:183} INFO - Processing /home/airflow/.local/lib/python3.8/site-packages/airflow/example_dags/example_nested_branch_dag.py took 0.429 seconds
[2024-01-17T15:13:38.923+0000] {processor.py:161} INFO - Started process (PID=125) to work on /home/airflow/.local/lib/python3.8/site-packages/airflow/example_dags/example_nested_branch_dag.py
[2024-01-17T15:13:38.963+0000] {processor.py:830} INFO - Processing file /home/airflow/.local/lib/python3.8/site-packages/airflow/example_dags/example_nested_branch_dag.py for tasks to queue
[2024-01-17T15:13:38.974+0000] {logging_mixin.py:188} INFO - [2024-01-17T15:13:38.972+0000] {dagbag.py:538} INFO - Filling up the DagBag from /home/airflow/.local/lib/python3.8/site-packages/airflow/example_dags/example_nested_branch_dag.py
[2024-01-17T15:13:39.092+0000] {processor.py:840} INFO - DAG(s) 'example_nested_branch_dag' retrieved from /home/airflow/.local/lib/python3.8/site-packages/airflow/example_dags/example_nested_branch_dag.py
[2024-01-17T15:13:39.129+0000] {logging_mixin.py:188} INFO - [2024-01-17T15:13:39.128+0000] {dag.py:3033} INFO - Sync 1 DAGs
[2024-01-17T15:13:39.180+0000] {logging_mixin.py:188} INFO - [2024-01-17T15:13:39.180+0000] {dag.py:3820} INFO - Setting next_dagrun for example_nested_branch_dag to 2024-01-16T00:00:00+00:00, run_after=2024-01-17T00:00:00+00:00
[2024-01-17T15:13:39.322+0000] {processor.py:183} INFO - Processing /home/airflow/.local/lib/python3.8/site-packages/airflow/example_dags/example_nested_branch_dag.py took 0.405 seconds
[2024-01-17T15:14:09.442+0000] {processor.py:161} INFO - Started process (PID=180) to work on /home/airflow/.local/lib/python3.8/site-packages/airflow/example_dags/example_nested_branch_dag.py
[2024-01-17T15:14:09.444+0000] {processor.py:830} INFO - Processing file /home/airflow/.local/lib/python3.8/site-packages/airflow/example_dags/example_nested_branch_dag.py for tasks to queue
[2024-01-17T15:14:09.446+0000] {logging_mixin.py:188} INFO - [2024-01-17T15:14:09.446+0000] {dagbag.py:538} INFO - Filling up the DagBag from /home/airflow/.local/lib/python3.8/site-packages/airflow/example_dags/example_nested_branch_dag.py
[2024-01-17T15:14:09.463+0000] {processor.py:840} INFO - DAG(s) 'example_nested_branch_dag' retrieved from /home/airflow/.local/lib/python3.8/site-packages/airflow/example_dags/example_nested_branch_dag.py
[2024-01-17T15:14:09.607+0000] {logging_mixin.py:188} INFO - [2024-01-17T15:14:09.607+0000] {dag.py:3033} INFO - Sync 1 DAGs
[2024-01-17T15:14:09.648+0000] {logging_mixin.py:188} INFO - [2024-01-17T15:14:09.648+0000] {dag.py:3820} INFO - Setting next_dagrun for example_nested_branch_dag to 2024-01-16T00:00:00+00:00, run_after=2024-01-17T00:00:00+00:00
[2024-01-17T15:14:09.682+0000] {processor.py:183} INFO - Processing /home/airflow/.local/lib/python3.8/site-packages/airflow/example_dags/example_nested_branch_dag.py took 0.244 seconds
[2024-01-17T15:14:39.780+0000] {processor.py:161} INFO - Started process (PID=234) to work on /home/airflow/.local/lib/python3.8/site-packages/airflow/example_dags/example_nested_branch_dag.py
[2024-01-17T15:14:39.781+0000] {processor.py:830} INFO - Processing file /home/airflow/.local/lib/python3.8/site-packages/airflow/example_dags/example_nested_branch_dag.py for tasks to queue
[2024-01-17T15:14:39.784+0000] {logging_mixin.py:188} INFO - [2024-01-17T15:14:39.783+0000] {dagbag.py:538} INFO - Filling up the DagBag from /home/airflow/.local/lib/python3.8/site-packages/airflow/example_dags/example_nested_branch_dag.py
[2024-01-17T15:14:39.796+0000] {processor.py:840} INFO - DAG(s) 'example_nested_branch_dag' retrieved from /home/airflow/.local/lib/python3.8/site-packages/airflow/example_dags/example_nested_branch_dag.py
[2024-01-17T15:14:39.842+0000] {logging_mixin.py:188} INFO - [2024-01-17T15:14:39.841+0000] {dag.py:3033} INFO - Sync 1 DAGs
[2024-01-17T15:14:39.886+0000] {logging_mixin.py:188} INFO - [2024-01-17T15:14:39.886+0000] {dag.py:3820} INFO - Setting next_dagrun for example_nested_branch_dag to 2024-01-16T00:00:00+00:00, run_after=2024-01-17T00:00:00+00:00
[2024-01-17T15:14:39.921+0000] {processor.py:183} INFO - Processing /home/airflow/.local/lib/python3.8/site-packages/airflow/example_dags/example_nested_branch_dag.py took 0.150 seconds
[2024-01-17T15:15:10.387+0000] {processor.py:161} INFO - Started process (PID=289) to work on /home/airflow/.local/lib/python3.8/site-packages/airflow/example_dags/example_nested_branch_dag.py
[2024-01-17T15:15:10.391+0000] {processor.py:830} INFO - Processing file /home/airflow/.local/lib/python3.8/site-packages/airflow/example_dags/example_nested_branch_dag.py for tasks to queue
[2024-01-17T15:15:10.398+0000] {logging_mixin.py:188} INFO - [2024-01-17T15:15:10.397+0000] {dagbag.py:538} INFO - Filling up the DagBag from /home/airflow/.local/lib/python3.8/site-packages/airflow/example_dags/example_nested_branch_dag.py
[2024-01-17T15:15:10.423+0000] {processor.py:840} INFO - DAG(s) 'example_nested_branch_dag' retrieved from /home/airflow/.local/lib/python3.8/site-packages/airflow/example_dags/example_nested_branch_dag.py
[2024-01-17T15:15:10.456+0000] {logging_mixin.py:188} INFO - [2024-01-17T15:15:10.455+0000] {dag.py:3033} INFO - Sync 1 DAGs
[2024-01-17T15:15:10.505+0000] {logging_mixin.py:188} INFO - [2024-01-17T15:15:10.504+0000] {dag.py:3820} INFO - Setting next_dagrun for example_nested_branch_dag to 2024-01-16T00:00:00+00:00, run_after=2024-01-17T00:00:00+00:00
[2024-01-17T15:15:10.579+0000] {processor.py:183} INFO - Processing /home/airflow/.local/lib/python3.8/site-packages/airflow/example_dags/example_nested_branch_dag.py took 0.212 seconds
[2024-01-17T15:15:41.262+0000] {processor.py:161} INFO - Started process (PID=343) to work on /home/airflow/.local/lib/python3.8/site-packages/airflow/example_dags/example_nested_branch_dag.py
[2024-01-17T15:15:41.265+0000] {processor.py:830} INFO - Processing file /home/airflow/.local/lib/python3.8/site-packages/airflow/example_dags/example_nested_branch_dag.py for tasks to queue
[2024-01-17T15:15:41.271+0000] {logging_mixin.py:188} INFO - [2024-01-17T15:15:41.270+0000] {dagbag.py:538} INFO - Filling up the DagBag from /home/airflow/.local/lib/python3.8/site-packages/airflow/example_dags/example_nested_branch_dag.py
[2024-01-17T15:15:41.291+0000] {processor.py:840} INFO - DAG(s) 'example_nested_branch_dag' retrieved from /home/airflow/.local/lib/python3.8/site-packages/airflow/example_dags/example_nested_branch_dag.py
[2024-01-17T15:15:41.334+0000] {logging_mixin.py:188} INFO - [2024-01-17T15:15:41.334+0000] {dag.py:3033} INFO - Sync 1 DAGs
[2024-01-17T15:15:41.380+0000] {logging_mixin.py:188} INFO - [2024-01-17T15:15:41.380+0000] {dag.py:3820} INFO - Setting next_dagrun for example_nested_branch_dag to 2024-01-16T00:00:00+00:00, run_after=2024-01-17T00:00:00+00:00
[2024-01-17T15:15:41.510+0000] {processor.py:183} INFO - Processing /home/airflow/.local/lib/python3.8/site-packages/airflow/example_dags/example_nested_branch_dag.py took 0.256 seconds
[2024-01-17T15:16:11.676+0000] {processor.py:161} INFO - Started process (PID=398) to work on /home/airflow/.local/lib/python3.8/site-packages/airflow/example_dags/example_nested_branch_dag.py
[2024-01-17T15:16:11.679+0000] {processor.py:830} INFO - Processing file /home/airflow/.local/lib/python3.8/site-packages/airflow/example_dags/example_nested_branch_dag.py for tasks to queue
[2024-01-17T15:16:11.684+0000] {logging_mixin.py:188} INFO - [2024-01-17T15:16:11.683+0000] {dagbag.py:538} INFO - Filling up the DagBag from /home/airflow/.local/lib/python3.8/site-packages/airflow/example_dags/example_nested_branch_dag.py
[2024-01-17T15:16:11.704+0000] {processor.py:840} INFO - DAG(s) 'example_nested_branch_dag' retrieved from /home/airflow/.local/lib/python3.8/site-packages/airflow/example_dags/example_nested_branch_dag.py
[2024-01-17T15:16:11.752+0000] {logging_mixin.py:188} INFO - [2024-01-17T15:16:11.751+0000] {dag.py:3033} INFO - Sync 1 DAGs
[2024-01-17T15:16:11.788+0000] {logging_mixin.py:188} INFO - [2024-01-17T15:16:11.788+0000] {dag.py:3820} INFO - Setting next_dagrun for example_nested_branch_dag to 2024-01-16T00:00:00+00:00, run_after=2024-01-17T00:00:00+00:00
[2024-01-17T15:16:11.816+0000] {processor.py:183} INFO - Processing /home/airflow/.local/lib/python3.8/site-packages/airflow/example_dags/example_nested_branch_dag.py took 0.147 seconds
[2024-01-17T15:16:41.889+0000] {processor.py:161} INFO - Started process (PID=453) to work on /home/airflow/.local/lib/python3.8/site-packages/airflow/example_dags/example_nested_branch_dag.py
[2024-01-17T15:16:41.890+0000] {processor.py:830} INFO - Processing file /home/airflow/.local/lib/python3.8/site-packages/airflow/example_dags/example_nested_branch_dag.py for tasks to queue
[2024-01-17T15:16:41.903+0000] {logging_mixin.py:188} INFO - [2024-01-17T15:16:41.903+0000] {dagbag.py:538} INFO - Filling up the DagBag from /home/airflow/.local/lib/python3.8/site-packages/airflow/example_dags/example_nested_branch_dag.py
[2024-01-17T15:16:41.938+0000] {processor.py:840} INFO - DAG(s) 'example_nested_branch_dag' retrieved from /home/airflow/.local/lib/python3.8/site-packages/airflow/example_dags/example_nested_branch_dag.py
[2024-01-17T15:16:42.100+0000] {logging_mixin.py:188} INFO - [2024-01-17T15:16:42.100+0000] {dag.py:3033} INFO - Sync 1 DAGs
[2024-01-17T15:16:42.208+0000] {logging_mixin.py:188} INFO - [2024-01-17T15:16:42.208+0000] {dag.py:3820} INFO - Setting next_dagrun for example_nested_branch_dag to 2024-01-16T00:00:00+00:00, run_after=2024-01-17T00:00:00+00:00
[2024-01-17T15:16:42.254+0000] {processor.py:183} INFO - Processing /home/airflow/.local/lib/python3.8/site-packages/airflow/example_dags/example_nested_branch_dag.py took 0.374 seconds
[2024-01-17T15:17:12.410+0000] {processor.py:161} INFO - Started process (PID=508) to work on /home/airflow/.local/lib/python3.8/site-packages/airflow/example_dags/example_nested_branch_dag.py
[2024-01-17T15:17:12.411+0000] {processor.py:830} INFO - Processing file /home/airflow/.local/lib/python3.8/site-packages/airflow/example_dags/example_nested_branch_dag.py for tasks to queue
[2024-01-17T15:17:12.414+0000] {logging_mixin.py:188} INFO - [2024-01-17T15:17:12.413+0000] {dagbag.py:538} INFO - Filling up the DagBag from /home/airflow/.local/lib/python3.8/site-packages/airflow/example_dags/example_nested_branch_dag.py
[2024-01-17T15:17:12.429+0000] {processor.py:840} INFO - DAG(s) 'example_nested_branch_dag' retrieved from /home/airflow/.local/lib/python3.8/site-packages/airflow/example_dags/example_nested_branch_dag.py
[2024-01-17T15:17:12.461+0000] {logging_mixin.py:188} INFO - [2024-01-17T15:17:12.460+0000] {dag.py:3033} INFO - Sync 1 DAGs
[2024-01-17T15:17:12.495+0000] {logging_mixin.py:188} INFO - [2024-01-17T15:17:12.494+0000] {dag.py:3820} INFO - Setting next_dagrun for example_nested_branch_dag to 2024-01-16T00:00:00+00:00, run_after=2024-01-17T00:00:00+00:00
[2024-01-17T15:17:12.520+0000] {processor.py:183} INFO - Processing /home/airflow/.local/lib/python3.8/site-packages/airflow/example_dags/example_nested_branch_dag.py took 0.114 seconds
[2024-01-17T15:17:42.627+0000] {processor.py:161} INFO - Started process (PID=563) to work on /home/airflow/.local/lib/python3.8/site-packages/airflow/example_dags/example_nested_branch_dag.py
[2024-01-17T15:17:42.628+0000] {processor.py:830} INFO - Processing file /home/airflow/.local/lib/python3.8/site-packages/airflow/example_dags/example_nested_branch_dag.py for tasks to queue
[2024-01-17T15:17:42.630+0000] {logging_mixin.py:188} INFO - [2024-01-17T15:17:42.630+0000] {dagbag.py:538} INFO - Filling up the DagBag from /home/airflow/.local/lib/python3.8/site-packages/airflow/example_dags/example_nested_branch_dag.py
[2024-01-17T15:17:42.641+0000] {processor.py:840} INFO - DAG(s) 'example_nested_branch_dag' retrieved from /home/airflow/.local/lib/python3.8/site-packages/airflow/example_dags/example_nested_branch_dag.py
[2024-01-17T15:17:42.664+0000] {logging_mixin.py:188} INFO - [2024-01-17T15:17:42.664+0000] {dag.py:3033} INFO - Sync 1 DAGs
[2024-01-17T15:17:42.690+0000] {logging_mixin.py:188} INFO - [2024-01-17T15:17:42.689+0000] {dag.py:3820} INFO - Setting next_dagrun for example_nested_branch_dag to 2024-01-16T00:00:00+00:00, run_after=2024-01-17T00:00:00+00:00
[2024-01-17T15:17:42.709+0000] {processor.py:183} INFO - Processing /home/airflow/.local/lib/python3.8/site-packages/airflow/example_dags/example_nested_branch_dag.py took 0.085 seconds
[2024-01-17T15:18:13.431+0000] {processor.py:161} INFO - Started process (PID=617) to work on /home/airflow/.local/lib/python3.8/site-packages/airflow/example_dags/example_nested_branch_dag.py
[2024-01-17T15:18:13.432+0000] {processor.py:830} INFO - Processing file /home/airflow/.local/lib/python3.8/site-packages/airflow/example_dags/example_nested_branch_dag.py for tasks to queue
[2024-01-17T15:18:13.435+0000] {logging_mixin.py:188} INFO - [2024-01-17T15:18:13.435+0000] {dagbag.py:538} INFO - Filling up the DagBag from /home/airflow/.local/lib/python3.8/site-packages/airflow/example_dags/example_nested_branch_dag.py
[2024-01-17T15:18:13.455+0000] {processor.py:840} INFO - DAG(s) 'example_nested_branch_dag' retrieved from /home/airflow/.local/lib/python3.8/site-packages/airflow/example_dags/example_nested_branch_dag.py
[2024-01-17T15:18:13.490+0000] {logging_mixin.py:188} INFO - [2024-01-17T15:18:13.490+0000] {dag.py:3033} INFO - Sync 1 DAGs
[2024-01-17T15:18:13.526+0000] {logging_mixin.py:188} INFO - [2024-01-17T15:18:13.525+0000] {dag.py:3820} INFO - Setting next_dagrun for example_nested_branch_dag to 2024-01-16T00:00:00+00:00, run_after=2024-01-17T00:00:00+00:00
[2024-01-17T15:18:13.553+0000] {processor.py:183} INFO - Processing /home/airflow/.local/lib/python3.8/site-packages/airflow/example_dags/example_nested_branch_dag.py took 0.128 seconds
[2024-01-17T15:18:43.986+0000] {processor.py:161} INFO - Started process (PID=672) to work on /home/airflow/.local/lib/python3.8/site-packages/airflow/example_dags/example_nested_branch_dag.py
[2024-01-17T15:18:43.987+0000] {processor.py:830} INFO - Processing file /home/airflow/.local/lib/python3.8/site-packages/airflow/example_dags/example_nested_branch_dag.py for tasks to queue
[2024-01-17T15:18:43.990+0000] {logging_mixin.py:188} INFO - [2024-01-17T15:18:43.990+0000] {dagbag.py:538} INFO - Filling up the DagBag from /home/airflow/.local/lib/python3.8/site-packages/airflow/example_dags/example_nested_branch_dag.py
[2024-01-17T15:18:44.009+0000] {processor.py:840} INFO - DAG(s) 'example_nested_branch_dag' retrieved from /home/airflow/.local/lib/python3.8/site-packages/airflow/example_dags/example_nested_branch_dag.py
[2024-01-17T15:18:44.049+0000] {logging_mixin.py:188} INFO - [2024-01-17T15:18:44.049+0000] {dag.py:3033} INFO - Sync 1 DAGs
[2024-01-17T15:18:44.095+0000] {logging_mixin.py:188} INFO - [2024-01-17T15:18:44.094+0000] {dag.py:3820} INFO - Setting next_dagrun for example_nested_branch_dag to 2024-01-16T00:00:00+00:00, run_after=2024-01-17T00:00:00+00:00
[2024-01-17T15:18:44.146+0000] {processor.py:183} INFO - Processing /home/airflow/.local/lib/python3.8/site-packages/airflow/example_dags/example_nested_branch_dag.py took 0.165 seconds
[2024-01-17T15:19:18.234+0000] {processor.py:161} INFO - Started process (PID=733) to work on /home/airflow/.local/lib/python3.8/site-packages/airflow/example_dags/example_nested_branch_dag.py
[2024-01-17T15:19:18.243+0000] {processor.py:830} INFO - Processing file /home/airflow/.local/lib/python3.8/site-packages/airflow/example_dags/example_nested_branch_dag.py for tasks to queue
[2024-01-17T15:19:18.247+0000] {logging_mixin.py:188} INFO - [2024-01-17T15:19:18.246+0000] {dagbag.py:538} INFO - Filling up the DagBag from /home/airflow/.local/lib/python3.8/site-packages/airflow/example_dags/example_nested_branch_dag.py
[2024-01-17T15:19:18.584+0000] {processor.py:840} INFO - DAG(s) 'example_nested_branch_dag' retrieved from /home/airflow/.local/lib/python3.8/site-packages/airflow/example_dags/example_nested_branch_dag.py
[2024-01-17T15:19:18.796+0000] {logging_mixin.py:188} INFO - [2024-01-17T15:19:18.796+0000] {dag.py:3033} INFO - Sync 1 DAGs
[2024-01-17T15:19:18.922+0000] {logging_mixin.py:188} INFO - [2024-01-17T15:19:18.920+0000] {dag.py:3820} INFO - Setting next_dagrun for example_nested_branch_dag to 2024-01-16T00:00:00+00:00, run_after=2024-01-17T00:00:00+00:00
[2024-01-17T15:19:19.066+0000] {processor.py:183} INFO - Processing /home/airflow/.local/lib/python3.8/site-packages/airflow/example_dags/example_nested_branch_dag.py took 0.848 seconds
[2024-01-17T15:19:49.342+0000] {processor.py:161} INFO - Started process (PID=788) to work on /home/airflow/.local/lib/python3.8/site-packages/airflow/example_dags/example_nested_branch_dag.py
[2024-01-17T15:19:49.349+0000] {processor.py:830} INFO - Processing file /home/airflow/.local/lib/python3.8/site-packages/airflow/example_dags/example_nested_branch_dag.py for tasks to queue
[2024-01-17T15:19:49.352+0000] {logging_mixin.py:188} INFO - [2024-01-17T15:19:49.352+0000] {dagbag.py:538} INFO - Filling up the DagBag from /home/airflow/.local/lib/python3.8/site-packages/airflow/example_dags/example_nested_branch_dag.py
[2024-01-17T15:19:49.398+0000] {processor.py:840} INFO - DAG(s) 'example_nested_branch_dag' retrieved from /home/airflow/.local/lib/python3.8/site-packages/airflow/example_dags/example_nested_branch_dag.py
[2024-01-17T15:19:49.466+0000] {logging_mixin.py:188} INFO - [2024-01-17T15:19:49.466+0000] {dag.py:3033} INFO - Sync 1 DAGs
[2024-01-17T15:19:49.533+0000] {logging_mixin.py:188} INFO - [2024-01-17T15:19:49.533+0000] {dag.py:3820} INFO - Setting next_dagrun for example_nested_branch_dag to 2024-01-16T00:00:00+00:00, run_after=2024-01-17T00:00:00+00:00
[2024-01-17T15:19:49.582+0000] {processor.py:183} INFO - Processing /home/airflow/.local/lib/python3.8/site-packages/airflow/example_dags/example_nested_branch_dag.py took 0.248 seconds
[2024-01-17T15:20:19.900+0000] {processor.py:161} INFO - Started process (PID=842) to work on /home/airflow/.local/lib/python3.8/site-packages/airflow/example_dags/example_nested_branch_dag.py
[2024-01-17T15:20:19.905+0000] {processor.py:830} INFO - Processing file /home/airflow/.local/lib/python3.8/site-packages/airflow/example_dags/example_nested_branch_dag.py for tasks to queue
[2024-01-17T15:20:19.909+0000] {logging_mixin.py:188} INFO - [2024-01-17T15:20:19.909+0000] {dagbag.py:538} INFO - Filling up the DagBag from /home/airflow/.local/lib/python3.8/site-packages/airflow/example_dags/example_nested_branch_dag.py
[2024-01-17T15:20:19.932+0000] {processor.py:840} INFO - DAG(s) 'example_nested_branch_dag' retrieved from /home/airflow/.local/lib/python3.8/site-packages/airflow/example_dags/example_nested_branch_dag.py
[2024-01-17T15:20:19.980+0000] {logging_mixin.py:188} INFO - [2024-01-17T15:20:19.979+0000] {dag.py:3033} INFO - Sync 1 DAGs
[2024-01-17T15:20:20.039+0000] {logging_mixin.py:188} INFO - [2024-01-17T15:20:20.039+0000] {dag.py:3820} INFO - Setting next_dagrun for example_nested_branch_dag to 2024-01-16T00:00:00+00:00, run_after=2024-01-17T00:00:00+00:00
[2024-01-17T15:20:20.101+0000] {processor.py:183} INFO - Processing /home/airflow/.local/lib/python3.8/site-packages/airflow/example_dags/example_nested_branch_dag.py took 0.213 seconds
[2024-01-17T15:20:50.719+0000] {processor.py:161} INFO - Started process (PID=897) to work on /home/airflow/.local/lib/python3.8/site-packages/airflow/example_dags/example_nested_branch_dag.py
[2024-01-17T15:20:50.721+0000] {processor.py:830} INFO - Processing file /home/airflow/.local/lib/python3.8/site-packages/airflow/example_dags/example_nested_branch_dag.py for tasks to queue
[2024-01-17T15:20:50.725+0000] {logging_mixin.py:188} INFO - [2024-01-17T15:20:50.724+0000] {dagbag.py:538} INFO - Filling up the DagBag from /home/airflow/.local/lib/python3.8/site-packages/airflow/example_dags/example_nested_branch_dag.py
[2024-01-17T15:20:50.761+0000] {processor.py:840} INFO - DAG(s) 'example_nested_branch_dag' retrieved from /home/airflow/.local/lib/python3.8/site-packages/airflow/example_dags/example_nested_branch_dag.py
[2024-01-17T15:20:50.813+0000] {logging_mixin.py:188} INFO - [2024-01-17T15:20:50.813+0000] {dag.py:3033} INFO - Sync 1 DAGs
[2024-01-17T15:20:50.858+0000] {logging_mixin.py:188} INFO - [2024-01-17T15:20:50.857+0000] {dag.py:3820} INFO - Setting next_dagrun for example_nested_branch_dag to 2024-01-16T00:00:00+00:00, run_after=2024-01-17T00:00:00+00:00
[2024-01-17T15:20:50.901+0000] {processor.py:183} INFO - Processing /home/airflow/.local/lib/python3.8/site-packages/airflow/example_dags/example_nested_branch_dag.py took 0.187 seconds
[2024-01-17T15:21:21.122+0000] {processor.py:161} INFO - Started process (PID=951) to work on /home/airflow/.local/lib/python3.8/site-packages/airflow/example_dags/example_nested_branch_dag.py
[2024-01-17T15:21:21.123+0000] {processor.py:830} INFO - Processing file /home/airflow/.local/lib/python3.8/site-packages/airflow/example_dags/example_nested_branch_dag.py for tasks to queue
[2024-01-17T15:21:21.126+0000] {logging_mixin.py:188} INFO - [2024-01-17T15:21:21.126+0000] {dagbag.py:538} INFO - Filling up the DagBag from /home/airflow/.local/lib/python3.8/site-packages/airflow/example_dags/example_nested_branch_dag.py
[2024-01-17T15:21:21.140+0000] {processor.py:840} INFO - DAG(s) 'example_nested_branch_dag' retrieved from /home/airflow/.local/lib/python3.8/site-packages/airflow/example_dags/example_nested_branch_dag.py
[2024-01-17T15:21:21.174+0000] {logging_mixin.py:188} INFO - [2024-01-17T15:21:21.174+0000] {dag.py:3033} INFO - Sync 1 DAGs
[2024-01-17T15:21:21.213+0000] {logging_mixin.py:188} INFO - [2024-01-17T15:21:21.213+0000] {dag.py:3820} INFO - Setting next_dagrun for example_nested_branch_dag to 2024-01-16T00:00:00+00:00, run_after=2024-01-17T00:00:00+00:00
[2024-01-17T15:21:21.243+0000] {processor.py:183} INFO - Processing /home/airflow/.local/lib/python3.8/site-packages/airflow/example_dags/example_nested_branch_dag.py took 0.126 seconds
[2024-01-17T15:21:52.046+0000] {processor.py:161} INFO - Started process (PID=1005) to work on /home/airflow/.local/lib/python3.8/site-packages/airflow/example_dags/example_nested_branch_dag.py
[2024-01-17T15:21:52.048+0000] {processor.py:830} INFO - Processing file /home/airflow/.local/lib/python3.8/site-packages/airflow/example_dags/example_nested_branch_dag.py for tasks to queue
[2024-01-17T15:21:52.053+0000] {logging_mixin.py:188} INFO - [2024-01-17T15:21:52.052+0000] {dagbag.py:538} INFO - Filling up the DagBag from /home/airflow/.local/lib/python3.8/site-packages/airflow/example_dags/example_nested_branch_dag.py
[2024-01-17T15:21:52.075+0000] {processor.py:840} INFO - DAG(s) 'example_nested_branch_dag' retrieved from /home/airflow/.local/lib/python3.8/site-packages/airflow/example_dags/example_nested_branch_dag.py
[2024-01-17T15:21:52.107+0000] {logging_mixin.py:188} INFO - [2024-01-17T15:21:52.107+0000] {dag.py:3033} INFO - Sync 1 DAGs
[2024-01-17T15:21:52.137+0000] {logging_mixin.py:188} INFO - [2024-01-17T15:21:52.137+0000] {dag.py:3820} INFO - Setting next_dagrun for example_nested_branch_dag to 2024-01-16T00:00:00+00:00, run_after=2024-01-17T00:00:00+00:00
[2024-01-17T15:21:52.165+0000] {processor.py:183} INFO - Processing /home/airflow/.local/lib/python3.8/site-packages/airflow/example_dags/example_nested_branch_dag.py took 0.123 seconds
[2024-01-17T15:25:15.327+0000] {processor.py:161} INFO - Started process (PID=62) to work on /home/airflow/.local/lib/python3.8/site-packages/airflow/example_dags/example_nested_branch_dag.py
[2024-01-17T15:25:15.336+0000] {processor.py:830} INFO - Processing file /home/airflow/.local/lib/python3.8/site-packages/airflow/example_dags/example_nested_branch_dag.py for tasks to queue
[2024-01-17T15:25:15.339+0000] {logging_mixin.py:188} INFO - [2024-01-17T15:25:15.339+0000] {dagbag.py:538} INFO - Filling up the DagBag from /home/airflow/.local/lib/python3.8/site-packages/airflow/example_dags/example_nested_branch_dag.py
[2024-01-17T15:25:15.387+0000] {processor.py:840} INFO - DAG(s) 'example_nested_branch_dag' retrieved from /home/airflow/.local/lib/python3.8/site-packages/airflow/example_dags/example_nested_branch_dag.py
[2024-01-17T15:25:15.440+0000] {logging_mixin.py:188} INFO - [2024-01-17T15:25:15.440+0000] {dag.py:3033} INFO - Sync 1 DAGs
[2024-01-17T15:25:15.521+0000] {logging_mixin.py:188} INFO - [2024-01-17T15:25:15.521+0000] {dag.py:3820} INFO - Setting next_dagrun for example_nested_branch_dag to 2024-01-16T00:00:00+00:00, run_after=2024-01-17T00:00:00+00:00
[2024-01-17T15:25:15.701+0000] {processor.py:183} INFO - Processing /home/airflow/.local/lib/python3.8/site-packages/airflow/example_dags/example_nested_branch_dag.py took 0.382 seconds
[2024-01-17T15:25:46.187+0000] {processor.py:161} INFO - Started process (PID=117) to work on /home/airflow/.local/lib/python3.8/site-packages/airflow/example_dags/example_nested_branch_dag.py
[2024-01-17T15:25:46.210+0000] {processor.py:830} INFO - Processing file /home/airflow/.local/lib/python3.8/site-packages/airflow/example_dags/example_nested_branch_dag.py for tasks to queue
[2024-01-17T15:25:46.213+0000] {logging_mixin.py:188} INFO - [2024-01-17T15:25:46.213+0000] {dagbag.py:538} INFO - Filling up the DagBag from /home/airflow/.local/lib/python3.8/site-packages/airflow/example_dags/example_nested_branch_dag.py
[2024-01-17T15:25:46.230+0000] {processor.py:840} INFO - DAG(s) 'example_nested_branch_dag' retrieved from /home/airflow/.local/lib/python3.8/site-packages/airflow/example_dags/example_nested_branch_dag.py
[2024-01-17T15:25:46.264+0000] {logging_mixin.py:188} INFO - [2024-01-17T15:25:46.263+0000] {dag.py:3033} INFO - Sync 1 DAGs
[2024-01-17T15:25:46.305+0000] {logging_mixin.py:188} INFO - [2024-01-17T15:25:46.305+0000] {dag.py:3820} INFO - Setting next_dagrun for example_nested_branch_dag to 2024-01-16T00:00:00+00:00, run_after=2024-01-17T00:00:00+00:00
[2024-01-17T15:25:46.387+0000] {processor.py:183} INFO - Processing /home/airflow/.local/lib/python3.8/site-packages/airflow/example_dags/example_nested_branch_dag.py took 0.205 seconds
[2024-01-17T15:26:17.235+0000] {processor.py:161} INFO - Started process (PID=173) to work on /home/airflow/.local/lib/python3.8/site-packages/airflow/example_dags/example_nested_branch_dag.py
[2024-01-17T15:26:17.240+0000] {processor.py:830} INFO - Processing file /home/airflow/.local/lib/python3.8/site-packages/airflow/example_dags/example_nested_branch_dag.py for tasks to queue
[2024-01-17T15:26:17.249+0000] {logging_mixin.py:188} INFO - [2024-01-17T15:26:17.243+0000] {dagbag.py:538} INFO - Filling up the DagBag from /home/airflow/.local/lib/python3.8/site-packages/airflow/example_dags/example_nested_branch_dag.py
[2024-01-17T15:26:17.280+0000] {processor.py:840} INFO - DAG(s) 'example_nested_branch_dag' retrieved from /home/airflow/.local/lib/python3.8/site-packages/airflow/example_dags/example_nested_branch_dag.py
[2024-01-17T15:26:17.412+0000] {logging_mixin.py:188} INFO - [2024-01-17T15:26:17.412+0000] {dag.py:3033} INFO - Sync 1 DAGs
[2024-01-17T15:26:17.527+0000] {logging_mixin.py:188} INFO - [2024-01-17T15:26:17.526+0000] {dag.py:3820} INFO - Setting next_dagrun for example_nested_branch_dag to 2024-01-16T00:00:00+00:00, run_after=2024-01-17T00:00:00+00:00
[2024-01-17T15:26:17.634+0000] {processor.py:183} INFO - Processing /home/airflow/.local/lib/python3.8/site-packages/airflow/example_dags/example_nested_branch_dag.py took 0.411 seconds
[2024-01-17T15:26:48.465+0000] {processor.py:161} INFO - Started process (PID=229) to work on /home/airflow/.local/lib/python3.8/site-packages/airflow/example_dags/example_nested_branch_dag.py
[2024-01-17T15:26:48.500+0000] {processor.py:830} INFO - Processing file /home/airflow/.local/lib/python3.8/site-packages/airflow/example_dags/example_nested_branch_dag.py for tasks to queue
[2024-01-17T15:26:48.516+0000] {logging_mixin.py:188} INFO - [2024-01-17T15:26:48.503+0000] {dagbag.py:538} INFO - Filling up the DagBag from /home/airflow/.local/lib/python3.8/site-packages/airflow/example_dags/example_nested_branch_dag.py
[2024-01-17T15:26:48.585+0000] {processor.py:840} INFO - DAG(s) 'example_nested_branch_dag' retrieved from /home/airflow/.local/lib/python3.8/site-packages/airflow/example_dags/example_nested_branch_dag.py
[2024-01-17T15:26:48.683+0000] {logging_mixin.py:188} INFO - [2024-01-17T15:26:48.683+0000] {dag.py:3033} INFO - Sync 1 DAGs
[2024-01-17T15:26:48.771+0000] {logging_mixin.py:188} INFO - [2024-01-17T15:26:48.771+0000] {dag.py:3820} INFO - Setting next_dagrun for example_nested_branch_dag to 2024-01-16T00:00:00+00:00, run_after=2024-01-17T00:00:00+00:00
[2024-01-17T15:26:48.847+0000] {processor.py:183} INFO - Processing /home/airflow/.local/lib/python3.8/site-packages/airflow/example_dags/example_nested_branch_dag.py took 0.387 seconds
[2024-01-17T15:27:19.316+0000] {processor.py:161} INFO - Started process (PID=285) to work on /home/airflow/.local/lib/python3.8/site-packages/airflow/example_dags/example_nested_branch_dag.py
[2024-01-17T15:27:19.320+0000] {processor.py:830} INFO - Processing file /home/airflow/.local/lib/python3.8/site-packages/airflow/example_dags/example_nested_branch_dag.py for tasks to queue
[2024-01-17T15:27:19.323+0000] {logging_mixin.py:188} INFO - [2024-01-17T15:27:19.323+0000] {dagbag.py:538} INFO - Filling up the DagBag from /home/airflow/.local/lib/python3.8/site-packages/airflow/example_dags/example_nested_branch_dag.py
[2024-01-17T15:27:19.364+0000] {processor.py:840} INFO - DAG(s) 'example_nested_branch_dag' retrieved from /home/airflow/.local/lib/python3.8/site-packages/airflow/example_dags/example_nested_branch_dag.py
[2024-01-17T15:27:19.421+0000] {logging_mixin.py:188} INFO - [2024-01-17T15:27:19.420+0000] {dag.py:3033} INFO - Sync 1 DAGs
[2024-01-17T15:27:19.550+0000] {logging_mixin.py:188} INFO - [2024-01-17T15:27:19.550+0000] {dag.py:3820} INFO - Setting next_dagrun for example_nested_branch_dag to 2024-01-16T00:00:00+00:00, run_after=2024-01-17T00:00:00+00:00
[2024-01-17T15:27:19.691+0000] {processor.py:183} INFO - Processing /home/airflow/.local/lib/python3.8/site-packages/airflow/example_dags/example_nested_branch_dag.py took 0.388 seconds
[2024-01-17T15:27:53.264+0000] {processor.py:161} INFO - Started process (PID=340) to work on /home/airflow/.local/lib/python3.8/site-packages/airflow/example_dags/example_nested_branch_dag.py
[2024-01-17T15:27:53.286+0000] {processor.py:830} INFO - Processing file /home/airflow/.local/lib/python3.8/site-packages/airflow/example_dags/example_nested_branch_dag.py for tasks to queue
[2024-01-17T15:27:53.289+0000] {logging_mixin.py:188} INFO - [2024-01-17T15:27:53.288+0000] {dagbag.py:538} INFO - Filling up the DagBag from /home/airflow/.local/lib/python3.8/site-packages/airflow/example_dags/example_nested_branch_dag.py
[2024-01-17T15:27:53.308+0000] {processor.py:840} INFO - DAG(s) 'example_nested_branch_dag' retrieved from /home/airflow/.local/lib/python3.8/site-packages/airflow/example_dags/example_nested_branch_dag.py
[2024-01-17T15:27:53.343+0000] {logging_mixin.py:188} INFO - [2024-01-17T15:27:53.342+0000] {dag.py:3033} INFO - Sync 1 DAGs
[2024-01-17T15:27:53.422+0000] {logging_mixin.py:188} INFO - [2024-01-17T15:27:53.422+0000] {dag.py:3820} INFO - Setting next_dagrun for example_nested_branch_dag to 2024-01-16T00:00:00+00:00, run_after=2024-01-17T00:00:00+00:00
[2024-01-17T15:27:53.554+0000] {processor.py:183} INFO - Processing /home/airflow/.local/lib/python3.8/site-packages/airflow/example_dags/example_nested_branch_dag.py took 0.296 seconds
[2024-01-17T15:28:34.955+0000] {processor.py:161} INFO - Started process (PID=401) to work on /home/airflow/.local/lib/python3.8/site-packages/airflow/example_dags/example_nested_branch_dag.py
[2024-01-17T15:28:34.959+0000] {processor.py:830} INFO - Processing file /home/airflow/.local/lib/python3.8/site-packages/airflow/example_dags/example_nested_branch_dag.py for tasks to queue
[2024-01-17T15:28:34.963+0000] {logging_mixin.py:188} INFO - [2024-01-17T15:28:34.962+0000] {dagbag.py:538} INFO - Filling up the DagBag from /home/airflow/.local/lib/python3.8/site-packages/airflow/example_dags/example_nested_branch_dag.py
[2024-01-17T15:28:34.996+0000] {processor.py:840} INFO - DAG(s) 'example_nested_branch_dag' retrieved from /home/airflow/.local/lib/python3.8/site-packages/airflow/example_dags/example_nested_branch_dag.py
[2024-01-17T15:28:35.063+0000] {logging_mixin.py:188} INFO - [2024-01-17T15:28:35.062+0000] {dag.py:3033} INFO - Sync 1 DAGs
[2024-01-17T15:28:35.157+0000] {logging_mixin.py:188} INFO - [2024-01-17T15:28:35.157+0000] {dag.py:3820} INFO - Setting next_dagrun for example_nested_branch_dag to 2024-01-16T00:00:00+00:00, run_after=2024-01-17T00:00:00+00:00
[2024-01-17T15:28:35.262+0000] {processor.py:183} INFO - Processing /home/airflow/.local/lib/python3.8/site-packages/airflow/example_dags/example_nested_branch_dag.py took 0.326 seconds
[2024-01-17T15:29:06.065+0000] {processor.py:161} INFO - Started process (PID=457) to work on /home/airflow/.local/lib/python3.8/site-packages/airflow/example_dags/example_nested_branch_dag.py
[2024-01-17T15:29:06.066+0000] {processor.py:830} INFO - Processing file /home/airflow/.local/lib/python3.8/site-packages/airflow/example_dags/example_nested_branch_dag.py for tasks to queue
[2024-01-17T15:29:06.069+0000] {logging_mixin.py:188} INFO - [2024-01-17T15:29:06.069+0000] {dagbag.py:538} INFO - Filling up the DagBag from /home/airflow/.local/lib/python3.8/site-packages/airflow/example_dags/example_nested_branch_dag.py
[2024-01-17T15:29:06.108+0000] {processor.py:840} INFO - DAG(s) 'example_nested_branch_dag' retrieved from /home/airflow/.local/lib/python3.8/site-packages/airflow/example_dags/example_nested_branch_dag.py
[2024-01-17T15:29:06.329+0000] {logging_mixin.py:188} INFO - [2024-01-17T15:29:06.329+0000] {dag.py:3033} INFO - Sync 1 DAGs
[2024-01-17T15:29:06.368+0000] {logging_mixin.py:188} INFO - [2024-01-17T15:29:06.368+0000] {dag.py:3820} INFO - Setting next_dagrun for example_nested_branch_dag to 2024-01-16T00:00:00+00:00, run_after=2024-01-17T00:00:00+00:00
[2024-01-17T15:29:06.409+0000] {processor.py:183} INFO - Processing /home/airflow/.local/lib/python3.8/site-packages/airflow/example_dags/example_nested_branch_dag.py took 0.348 seconds
[2024-01-17T15:30:01.473+0000] {processor.py:161} INFO - Started process (PID=525) to work on /home/airflow/.local/lib/python3.8/site-packages/airflow/example_dags/example_nested_branch_dag.py
[2024-01-17T15:30:01.474+0000] {processor.py:830} INFO - Processing file /home/airflow/.local/lib/python3.8/site-packages/airflow/example_dags/example_nested_branch_dag.py for tasks to queue
[2024-01-17T15:30:01.477+0000] {logging_mixin.py:188} INFO - [2024-01-17T15:30:01.477+0000] {dagbag.py:538} INFO - Filling up the DagBag from /home/airflow/.local/lib/python3.8/site-packages/airflow/example_dags/example_nested_branch_dag.py
[2024-01-17T15:30:01.507+0000] {processor.py:840} INFO - DAG(s) 'example_nested_branch_dag' retrieved from /home/airflow/.local/lib/python3.8/site-packages/airflow/example_dags/example_nested_branch_dag.py
[2024-01-17T15:30:01.558+0000] {logging_mixin.py:188} INFO - [2024-01-17T15:30:01.557+0000] {dag.py:3033} INFO - Sync 1 DAGs
[2024-01-17T15:30:01.597+0000] {logging_mixin.py:188} INFO - [2024-01-17T15:30:01.597+0000] {dag.py:3820} INFO - Setting next_dagrun for example_nested_branch_dag to 2024-01-16T00:00:00+00:00, run_after=2024-01-17T00:00:00+00:00
[2024-01-17T15:30:01.659+0000] {processor.py:183} INFO - Processing /home/airflow/.local/lib/python3.8/site-packages/airflow/example_dags/example_nested_branch_dag.py took 0.191 seconds
[2024-01-17T15:30:33.144+0000] {processor.py:161} INFO - Started process (PID=580) to work on /home/airflow/.local/lib/python3.8/site-packages/airflow/example_dags/example_nested_branch_dag.py
[2024-01-17T15:30:33.145+0000] {processor.py:830} INFO - Processing file /home/airflow/.local/lib/python3.8/site-packages/airflow/example_dags/example_nested_branch_dag.py for tasks to queue
[2024-01-17T15:30:33.167+0000] {logging_mixin.py:188} INFO - [2024-01-17T15:30:33.147+0000] {dagbag.py:538} INFO - Filling up the DagBag from /home/airflow/.local/lib/python3.8/site-packages/airflow/example_dags/example_nested_branch_dag.py
[2024-01-17T15:30:33.202+0000] {processor.py:840} INFO - DAG(s) 'example_nested_branch_dag' retrieved from /home/airflow/.local/lib/python3.8/site-packages/airflow/example_dags/example_nested_branch_dag.py
[2024-01-17T15:30:33.278+0000] {logging_mixin.py:188} INFO - [2024-01-17T15:30:33.278+0000] {dag.py:3033} INFO - Sync 1 DAGs
[2024-01-17T15:30:33.346+0000] {logging_mixin.py:188} INFO - [2024-01-17T15:30:33.346+0000] {dag.py:3820} INFO - Setting next_dagrun for example_nested_branch_dag to 2024-01-16T00:00:00+00:00, run_after=2024-01-17T00:00:00+00:00
[2024-01-17T15:30:33.425+0000] {processor.py:183} INFO - Processing /home/airflow/.local/lib/python3.8/site-packages/airflow/example_dags/example_nested_branch_dag.py took 0.286 seconds
[2024-01-17T15:31:03.868+0000] {processor.py:161} INFO - Started process (PID=636) to work on /home/airflow/.local/lib/python3.8/site-packages/airflow/example_dags/example_nested_branch_dag.py
[2024-01-17T15:31:03.869+0000] {processor.py:830} INFO - Processing file /home/airflow/.local/lib/python3.8/site-packages/airflow/example_dags/example_nested_branch_dag.py for tasks to queue
[2024-01-17T15:31:03.871+0000] {logging_mixin.py:188} INFO - [2024-01-17T15:31:03.871+0000] {dagbag.py:538} INFO - Filling up the DagBag from /home/airflow/.local/lib/python3.8/site-packages/airflow/example_dags/example_nested_branch_dag.py
[2024-01-17T15:31:03.882+0000] {processor.py:840} INFO - DAG(s) 'example_nested_branch_dag' retrieved from /home/airflow/.local/lib/python3.8/site-packages/airflow/example_dags/example_nested_branch_dag.py
[2024-01-17T15:31:03.911+0000] {logging_mixin.py:188} INFO - [2024-01-17T15:31:03.911+0000] {dag.py:3033} INFO - Sync 1 DAGs
[2024-01-17T15:31:03.945+0000] {logging_mixin.py:188} INFO - [2024-01-17T15:31:03.945+0000] {dag.py:3820} INFO - Setting next_dagrun for example_nested_branch_dag to 2024-01-16T00:00:00+00:00, run_after=2024-01-17T00:00:00+00:00
[2024-01-17T15:31:03.969+0000] {processor.py:183} INFO - Processing /home/airflow/.local/lib/python3.8/site-packages/airflow/example_dags/example_nested_branch_dag.py took 0.104 seconds
[2024-01-17T15:31:34.427+0000] {processor.py:161} INFO - Started process (PID=691) to work on /home/airflow/.local/lib/python3.8/site-packages/airflow/example_dags/example_nested_branch_dag.py
[2024-01-17T15:31:34.429+0000] {processor.py:830} INFO - Processing file /home/airflow/.local/lib/python3.8/site-packages/airflow/example_dags/example_nested_branch_dag.py for tasks to queue
[2024-01-17T15:31:34.432+0000] {logging_mixin.py:188} INFO - [2024-01-17T15:31:34.431+0000] {dagbag.py:538} INFO - Filling up the DagBag from /home/airflow/.local/lib/python3.8/site-packages/airflow/example_dags/example_nested_branch_dag.py
[2024-01-17T15:31:34.444+0000] {processor.py:840} INFO - DAG(s) 'example_nested_branch_dag' retrieved from /home/airflow/.local/lib/python3.8/site-packages/airflow/example_dags/example_nested_branch_dag.py
[2024-01-17T15:31:34.473+0000] {logging_mixin.py:188} INFO - [2024-01-17T15:31:34.473+0000] {dag.py:3033} INFO - Sync 1 DAGs
[2024-01-17T15:31:34.503+0000] {logging_mixin.py:188} INFO - [2024-01-17T15:31:34.502+0000] {dag.py:3820} INFO - Setting next_dagrun for example_nested_branch_dag to 2024-01-16T00:00:00+00:00, run_after=2024-01-17T00:00:00+00:00
[2024-01-17T15:31:34.526+0000] {processor.py:183} INFO - Processing /home/airflow/.local/lib/python3.8/site-packages/airflow/example_dags/example_nested_branch_dag.py took 0.104 seconds
