[2024-01-17T15:12:42.972+0000] {processor.py:161} INFO - Started process (PID=51) to work on /home/airflow/.local/lib/python3.8/site-packages/airflow/example_dags/example_params_ui_tutorial.py
[2024-01-17T15:12:42.973+0000] {processor.py:830} INFO - Processing file /home/airflow/.local/lib/python3.8/site-packages/airflow/example_dags/example_params_ui_tutorial.py for tasks to queue
[2024-01-17T15:12:42.976+0000] {logging_mixin.py:188} INFO - [2024-01-17T15:12:42.975+0000] {dagbag.py:538} INFO - Filling up the DagBag from /home/airflow/.local/lib/python3.8/site-packages/airflow/example_dags/example_params_ui_tutorial.py
[2024-01-17T15:12:43.005+0000] {processor.py:840} INFO - DAG(s) 'example_params_ui_tutorial' retrieved from /home/airflow/.local/lib/python3.8/site-packages/airflow/example_dags/example_params_ui_tutorial.py
[2024-01-17T15:12:53.407+0000] {logging_mixin.py:188} INFO - [2024-01-17T15:12:53.406+0000] {dag.py:3033} INFO - Sync 1 DAGs
[2024-01-17T15:12:53.486+0000] {logging_mixin.py:188} INFO - [2024-01-17T15:12:53.486+0000] {dag.py:3820} INFO - Setting next_dagrun for example_params_ui_tutorial to None, run_after=None
[2024-01-17T15:12:53.714+0000] {processor.py:183} INFO - Processing /home/airflow/.local/lib/python3.8/site-packages/airflow/example_dags/example_params_ui_tutorial.py took 10.748 seconds
[2024-01-17T15:13:24.069+0000] {processor.py:161} INFO - Started process (PID=106) to work on /home/airflow/.local/lib/python3.8/site-packages/airflow/example_dags/example_params_ui_tutorial.py
[2024-01-17T15:13:24.075+0000] {processor.py:830} INFO - Processing file /home/airflow/.local/lib/python3.8/site-packages/airflow/example_dags/example_params_ui_tutorial.py for tasks to queue
[2024-01-17T15:13:24.083+0000] {logging_mixin.py:188} INFO - [2024-01-17T15:13:24.079+0000] {dagbag.py:538} INFO - Filling up the DagBag from /home/airflow/.local/lib/python3.8/site-packages/airflow/example_dags/example_params_ui_tutorial.py
[2024-01-17T15:13:24.240+0000] {processor.py:840} INFO - DAG(s) 'example_params_ui_tutorial' retrieved from /home/airflow/.local/lib/python3.8/site-packages/airflow/example_dags/example_params_ui_tutorial.py
[2024-01-17T15:13:24.446+0000] {logging_mixin.py:188} INFO - [2024-01-17T15:13:24.446+0000] {dag.py:3033} INFO - Sync 1 DAGs
[2024-01-17T15:13:24.510+0000] {logging_mixin.py:188} INFO - [2024-01-17T15:13:24.510+0000] {dag.py:3820} INFO - Setting next_dagrun for example_params_ui_tutorial to None, run_after=None
[2024-01-17T15:13:24.637+0000] {processor.py:183} INFO - Processing /home/airflow/.local/lib/python3.8/site-packages/airflow/example_dags/example_params_ui_tutorial.py took 0.585 seconds
[2024-01-17T15:13:55.281+0000] {processor.py:161} INFO - Started process (PID=161) to work on /home/airflow/.local/lib/python3.8/site-packages/airflow/example_dags/example_params_ui_tutorial.py
[2024-01-17T15:13:55.283+0000] {processor.py:830} INFO - Processing file /home/airflow/.local/lib/python3.8/site-packages/airflow/example_dags/example_params_ui_tutorial.py for tasks to queue
[2024-01-17T15:13:55.288+0000] {logging_mixin.py:188} INFO - [2024-01-17T15:13:55.288+0000] {dagbag.py:538} INFO - Filling up the DagBag from /home/airflow/.local/lib/python3.8/site-packages/airflow/example_dags/example_params_ui_tutorial.py
[2024-01-17T15:13:55.308+0000] {processor.py:840} INFO - DAG(s) 'example_params_ui_tutorial' retrieved from /home/airflow/.local/lib/python3.8/site-packages/airflow/example_dags/example_params_ui_tutorial.py
[2024-01-17T15:13:55.563+0000] {logging_mixin.py:188} INFO - [2024-01-17T15:13:55.563+0000] {dag.py:3033} INFO - Sync 1 DAGs
[2024-01-17T15:13:55.576+0000] {logging_mixin.py:188} INFO - [2024-01-17T15:13:55.576+0000] {dag.py:3820} INFO - Setting next_dagrun for example_params_ui_tutorial to None, run_after=None
[2024-01-17T15:13:55.661+0000] {processor.py:183} INFO - Processing /home/airflow/.local/lib/python3.8/site-packages/airflow/example_dags/example_params_ui_tutorial.py took 0.386 seconds
[2024-01-17T15:14:26.341+0000] {processor.py:161} INFO - Started process (PID=215) to work on /home/airflow/.local/lib/python3.8/site-packages/airflow/example_dags/example_params_ui_tutorial.py
[2024-01-17T15:14:26.369+0000] {processor.py:830} INFO - Processing file /home/airflow/.local/lib/python3.8/site-packages/airflow/example_dags/example_params_ui_tutorial.py for tasks to queue
[2024-01-17T15:14:26.393+0000] {logging_mixin.py:188} INFO - [2024-01-17T15:14:26.393+0000] {dagbag.py:538} INFO - Filling up the DagBag from /home/airflow/.local/lib/python3.8/site-packages/airflow/example_dags/example_params_ui_tutorial.py
[2024-01-17T15:14:26.442+0000] {processor.py:840} INFO - DAG(s) 'example_params_ui_tutorial' retrieved from /home/airflow/.local/lib/python3.8/site-packages/airflow/example_dags/example_params_ui_tutorial.py
[2024-01-17T15:14:26.696+0000] {logging_mixin.py:188} INFO - [2024-01-17T15:14:26.696+0000] {dag.py:3033} INFO - Sync 1 DAGs
[2024-01-17T15:14:26.726+0000] {logging_mixin.py:188} INFO - [2024-01-17T15:14:26.725+0000] {dag.py:3820} INFO - Setting next_dagrun for example_params_ui_tutorial to None, run_after=None
[2024-01-17T15:14:26.797+0000] {processor.py:183} INFO - Processing /home/airflow/.local/lib/python3.8/site-packages/airflow/example_dags/example_params_ui_tutorial.py took 0.460 seconds
[2024-01-17T15:14:56.916+0000] {processor.py:161} INFO - Started process (PID=269) to work on /home/airflow/.local/lib/python3.8/site-packages/airflow/example_dags/example_params_ui_tutorial.py
[2024-01-17T15:14:56.918+0000] {processor.py:830} INFO - Processing file /home/airflow/.local/lib/python3.8/site-packages/airflow/example_dags/example_params_ui_tutorial.py for tasks to queue
[2024-01-17T15:14:56.923+0000] {logging_mixin.py:188} INFO - [2024-01-17T15:14:56.923+0000] {dagbag.py:538} INFO - Filling up the DagBag from /home/airflow/.local/lib/python3.8/site-packages/airflow/example_dags/example_params_ui_tutorial.py
[2024-01-17T15:14:56.954+0000] {processor.py:840} INFO - DAG(s) 'example_params_ui_tutorial' retrieved from /home/airflow/.local/lib/python3.8/site-packages/airflow/example_dags/example_params_ui_tutorial.py
[2024-01-17T15:14:57.230+0000] {logging_mixin.py:188} INFO - [2024-01-17T15:14:57.230+0000] {dag.py:3033} INFO - Sync 1 DAGs
[2024-01-17T15:14:57.301+0000] {logging_mixin.py:188} INFO - [2024-01-17T15:14:57.300+0000] {dag.py:3820} INFO - Setting next_dagrun for example_params_ui_tutorial to None, run_after=None
[2024-01-17T15:14:57.378+0000] {processor.py:183} INFO - Processing /home/airflow/.local/lib/python3.8/site-packages/airflow/example_dags/example_params_ui_tutorial.py took 0.472 seconds
[2024-01-17T15:15:27.528+0000] {processor.py:161} INFO - Started process (PID=321) to work on /home/airflow/.local/lib/python3.8/site-packages/airflow/example_dags/example_params_ui_tutorial.py
[2024-01-17T15:15:27.529+0000] {processor.py:830} INFO - Processing file /home/airflow/.local/lib/python3.8/site-packages/airflow/example_dags/example_params_ui_tutorial.py for tasks to queue
[2024-01-17T15:15:27.532+0000] {logging_mixin.py:188} INFO - [2024-01-17T15:15:27.532+0000] {dagbag.py:538} INFO - Filling up the DagBag from /home/airflow/.local/lib/python3.8/site-packages/airflow/example_dags/example_params_ui_tutorial.py
[2024-01-17T15:15:27.561+0000] {processor.py:840} INFO - DAG(s) 'example_params_ui_tutorial' retrieved from /home/airflow/.local/lib/python3.8/site-packages/airflow/example_dags/example_params_ui_tutorial.py
[2024-01-17T15:15:27.696+0000] {logging_mixin.py:188} INFO - [2024-01-17T15:15:27.695+0000] {dag.py:3033} INFO - Sync 1 DAGs
[2024-01-17T15:15:27.722+0000] {logging_mixin.py:188} INFO - [2024-01-17T15:15:27.721+0000] {dag.py:3820} INFO - Setting next_dagrun for example_params_ui_tutorial to None, run_after=None
[2024-01-17T15:15:27.816+0000] {processor.py:183} INFO - Processing /home/airflow/.local/lib/python3.8/site-packages/airflow/example_dags/example_params_ui_tutorial.py took 0.293 seconds
[2024-01-17T15:15:58.511+0000] {processor.py:161} INFO - Started process (PID=376) to work on /home/airflow/.local/lib/python3.8/site-packages/airflow/example_dags/example_params_ui_tutorial.py
[2024-01-17T15:15:58.512+0000] {processor.py:830} INFO - Processing file /home/airflow/.local/lib/python3.8/site-packages/airflow/example_dags/example_params_ui_tutorial.py for tasks to queue
[2024-01-17T15:15:58.515+0000] {logging_mixin.py:188} INFO - [2024-01-17T15:15:58.515+0000] {dagbag.py:538} INFO - Filling up the DagBag from /home/airflow/.local/lib/python3.8/site-packages/airflow/example_dags/example_params_ui_tutorial.py
[2024-01-17T15:15:58.534+0000] {processor.py:840} INFO - DAG(s) 'example_params_ui_tutorial' retrieved from /home/airflow/.local/lib/python3.8/site-packages/airflow/example_dags/example_params_ui_tutorial.py
[2024-01-17T15:15:58.626+0000] {logging_mixin.py:188} INFO - [2024-01-17T15:15:58.626+0000] {dag.py:3033} INFO - Sync 1 DAGs
[2024-01-17T15:15:58.640+0000] {logging_mixin.py:188} INFO - [2024-01-17T15:15:58.639+0000] {dag.py:3820} INFO - Setting next_dagrun for example_params_ui_tutorial to None, run_after=None
[2024-01-17T15:15:58.671+0000] {processor.py:183} INFO - Processing /home/airflow/.local/lib/python3.8/site-packages/airflow/example_dags/example_params_ui_tutorial.py took 0.165 seconds
[2024-01-17T15:16:29.698+0000] {processor.py:161} INFO - Started process (PID=431) to work on /home/airflow/.local/lib/python3.8/site-packages/airflow/example_dags/example_params_ui_tutorial.py
[2024-01-17T15:16:29.700+0000] {processor.py:830} INFO - Processing file /home/airflow/.local/lib/python3.8/site-packages/airflow/example_dags/example_params_ui_tutorial.py for tasks to queue
[2024-01-17T15:16:29.704+0000] {logging_mixin.py:188} INFO - [2024-01-17T15:16:29.703+0000] {dagbag.py:538} INFO - Filling up the DagBag from /home/airflow/.local/lib/python3.8/site-packages/airflow/example_dags/example_params_ui_tutorial.py
[2024-01-17T15:16:29.720+0000] {processor.py:840} INFO - DAG(s) 'example_params_ui_tutorial' retrieved from /home/airflow/.local/lib/python3.8/site-packages/airflow/example_dags/example_params_ui_tutorial.py
[2024-01-17T15:16:29.795+0000] {logging_mixin.py:188} INFO - [2024-01-17T15:16:29.795+0000] {dag.py:3033} INFO - Sync 1 DAGs
[2024-01-17T15:16:29.808+0000] {logging_mixin.py:188} INFO - [2024-01-17T15:16:29.808+0000] {dag.py:3820} INFO - Setting next_dagrun for example_params_ui_tutorial to None, run_after=None
[2024-01-17T15:16:29.829+0000] {processor.py:183} INFO - Processing /home/airflow/.local/lib/python3.8/site-packages/airflow/example_dags/example_params_ui_tutorial.py took 0.137 seconds
[2024-01-17T15:17:00.387+0000] {processor.py:161} INFO - Started process (PID=485) to work on /home/airflow/.local/lib/python3.8/site-packages/airflow/example_dags/example_params_ui_tutorial.py
[2024-01-17T15:17:00.388+0000] {processor.py:830} INFO - Processing file /home/airflow/.local/lib/python3.8/site-packages/airflow/example_dags/example_params_ui_tutorial.py for tasks to queue
[2024-01-17T15:17:00.391+0000] {logging_mixin.py:188} INFO - [2024-01-17T15:17:00.390+0000] {dagbag.py:538} INFO - Filling up the DagBag from /home/airflow/.local/lib/python3.8/site-packages/airflow/example_dags/example_params_ui_tutorial.py
[2024-01-17T15:17:00.409+0000] {processor.py:840} INFO - DAG(s) 'example_params_ui_tutorial' retrieved from /home/airflow/.local/lib/python3.8/site-packages/airflow/example_dags/example_params_ui_tutorial.py
[2024-01-17T15:17:00.525+0000] {logging_mixin.py:188} INFO - [2024-01-17T15:17:00.524+0000] {dag.py:3033} INFO - Sync 1 DAGs
[2024-01-17T15:17:00.546+0000] {logging_mixin.py:188} INFO - [2024-01-17T15:17:00.546+0000] {dag.py:3820} INFO - Setting next_dagrun for example_params_ui_tutorial to None, run_after=None
[2024-01-17T15:17:00.570+0000] {processor.py:183} INFO - Processing /home/airflow/.local/lib/python3.8/site-packages/airflow/example_dags/example_params_ui_tutorial.py took 0.188 seconds
[2024-01-17T15:17:31.098+0000] {processor.py:161} INFO - Started process (PID=540) to work on /home/airflow/.local/lib/python3.8/site-packages/airflow/example_dags/example_params_ui_tutorial.py
[2024-01-17T15:17:31.100+0000] {processor.py:830} INFO - Processing file /home/airflow/.local/lib/python3.8/site-packages/airflow/example_dags/example_params_ui_tutorial.py for tasks to queue
[2024-01-17T15:17:31.103+0000] {logging_mixin.py:188} INFO - [2024-01-17T15:17:31.103+0000] {dagbag.py:538} INFO - Filling up the DagBag from /home/airflow/.local/lib/python3.8/site-packages/airflow/example_dags/example_params_ui_tutorial.py
[2024-01-17T15:17:31.122+0000] {processor.py:840} INFO - DAG(s) 'example_params_ui_tutorial' retrieved from /home/airflow/.local/lib/python3.8/site-packages/airflow/example_dags/example_params_ui_tutorial.py
[2024-01-17T15:17:31.202+0000] {logging_mixin.py:188} INFO - [2024-01-17T15:17:31.202+0000] {dag.py:3033} INFO - Sync 1 DAGs
[2024-01-17T15:17:31.217+0000] {logging_mixin.py:188} INFO - [2024-01-17T15:17:31.217+0000] {dag.py:3820} INFO - Setting next_dagrun for example_params_ui_tutorial to None, run_after=None
[2024-01-17T15:17:31.237+0000] {processor.py:183} INFO - Processing /home/airflow/.local/lib/python3.8/site-packages/airflow/example_dags/example_params_ui_tutorial.py took 0.145 seconds
[2024-01-17T15:18:01.768+0000] {processor.py:161} INFO - Started process (PID=595) to work on /home/airflow/.local/lib/python3.8/site-packages/airflow/example_dags/example_params_ui_tutorial.py
[2024-01-17T15:18:01.770+0000] {processor.py:830} INFO - Processing file /home/airflow/.local/lib/python3.8/site-packages/airflow/example_dags/example_params_ui_tutorial.py for tasks to queue
[2024-01-17T15:18:01.772+0000] {logging_mixin.py:188} INFO - [2024-01-17T15:18:01.772+0000] {dagbag.py:538} INFO - Filling up the DagBag from /home/airflow/.local/lib/python3.8/site-packages/airflow/example_dags/example_params_ui_tutorial.py
[2024-01-17T15:18:01.788+0000] {processor.py:840} INFO - DAG(s) 'example_params_ui_tutorial' retrieved from /home/airflow/.local/lib/python3.8/site-packages/airflow/example_dags/example_params_ui_tutorial.py
[2024-01-17T15:18:01.888+0000] {logging_mixin.py:188} INFO - [2024-01-17T15:18:01.888+0000] {dag.py:3033} INFO - Sync 1 DAGs
[2024-01-17T15:18:01.903+0000] {logging_mixin.py:188} INFO - [2024-01-17T15:18:01.902+0000] {dag.py:3820} INFO - Setting next_dagrun for example_params_ui_tutorial to None, run_after=None
[2024-01-17T15:18:01.932+0000] {processor.py:183} INFO - Processing /home/airflow/.local/lib/python3.8/site-packages/airflow/example_dags/example_params_ui_tutorial.py took 0.169 seconds
[2024-01-17T15:18:32.378+0000] {processor.py:161} INFO - Started process (PID=650) to work on /home/airflow/.local/lib/python3.8/site-packages/airflow/example_dags/example_params_ui_tutorial.py
[2024-01-17T15:18:32.379+0000] {processor.py:830} INFO - Processing file /home/airflow/.local/lib/python3.8/site-packages/airflow/example_dags/example_params_ui_tutorial.py for tasks to queue
[2024-01-17T15:18:32.382+0000] {logging_mixin.py:188} INFO - [2024-01-17T15:18:32.381+0000] {dagbag.py:538} INFO - Filling up the DagBag from /home/airflow/.local/lib/python3.8/site-packages/airflow/example_dags/example_params_ui_tutorial.py
[2024-01-17T15:18:32.399+0000] {processor.py:840} INFO - DAG(s) 'example_params_ui_tutorial' retrieved from /home/airflow/.local/lib/python3.8/site-packages/airflow/example_dags/example_params_ui_tutorial.py
[2024-01-17T15:18:32.491+0000] {logging_mixin.py:188} INFO - [2024-01-17T15:18:32.490+0000] {dag.py:3033} INFO - Sync 1 DAGs
[2024-01-17T15:18:32.504+0000] {logging_mixin.py:188} INFO - [2024-01-17T15:18:32.504+0000] {dag.py:3820} INFO - Setting next_dagrun for example_params_ui_tutorial to None, run_after=None
[2024-01-17T15:18:32.529+0000] {processor.py:183} INFO - Processing /home/airflow/.local/lib/python3.8/site-packages/airflow/example_dags/example_params_ui_tutorial.py took 0.155 seconds
[2024-01-17T15:19:02.630+0000] {processor.py:161} INFO - Started process (PID=705) to work on /home/airflow/.local/lib/python3.8/site-packages/airflow/example_dags/example_params_ui_tutorial.py
[2024-01-17T15:19:02.631+0000] {processor.py:830} INFO - Processing file /home/airflow/.local/lib/python3.8/site-packages/airflow/example_dags/example_params_ui_tutorial.py for tasks to queue
[2024-01-17T15:19:02.634+0000] {logging_mixin.py:188} INFO - [2024-01-17T15:19:02.633+0000] {dagbag.py:538} INFO - Filling up the DagBag from /home/airflow/.local/lib/python3.8/site-packages/airflow/example_dags/example_params_ui_tutorial.py
[2024-01-17T15:19:02.655+0000] {processor.py:840} INFO - DAG(s) 'example_params_ui_tutorial' retrieved from /home/airflow/.local/lib/python3.8/site-packages/airflow/example_dags/example_params_ui_tutorial.py
[2024-01-17T15:19:02.802+0000] {logging_mixin.py:188} INFO - [2024-01-17T15:19:02.802+0000] {dag.py:3033} INFO - Sync 1 DAGs
[2024-01-17T15:19:02.823+0000] {logging_mixin.py:188} INFO - [2024-01-17T15:19:02.823+0000] {dag.py:3820} INFO - Setting next_dagrun for example_params_ui_tutorial to None, run_after=None
[2024-01-17T15:19:02.852+0000] {processor.py:183} INFO - Processing /home/airflow/.local/lib/python3.8/site-packages/airflow/example_dags/example_params_ui_tutorial.py took 0.229 seconds
[2024-01-17T15:19:33.045+0000] {processor.py:161} INFO - Started process (PID=760) to work on /home/airflow/.local/lib/python3.8/site-packages/airflow/example_dags/example_params_ui_tutorial.py
[2024-01-17T15:19:33.047+0000] {processor.py:830} INFO - Processing file /home/airflow/.local/lib/python3.8/site-packages/airflow/example_dags/example_params_ui_tutorial.py for tasks to queue
[2024-01-17T15:19:33.050+0000] {logging_mixin.py:188} INFO - [2024-01-17T15:19:33.049+0000] {dagbag.py:538} INFO - Filling up the DagBag from /home/airflow/.local/lib/python3.8/site-packages/airflow/example_dags/example_params_ui_tutorial.py
[2024-01-17T15:19:33.077+0000] {processor.py:840} INFO - DAG(s) 'example_params_ui_tutorial' retrieved from /home/airflow/.local/lib/python3.8/site-packages/airflow/example_dags/example_params_ui_tutorial.py
[2024-01-17T15:19:33.184+0000] {logging_mixin.py:188} INFO - [2024-01-17T15:19:33.184+0000] {dag.py:3033} INFO - Sync 1 DAGs
[2024-01-17T15:19:33.197+0000] {logging_mixin.py:188} INFO - [2024-01-17T15:19:33.197+0000] {dag.py:3820} INFO - Setting next_dagrun for example_params_ui_tutorial to None, run_after=None
[2024-01-17T15:19:33.219+0000] {processor.py:183} INFO - Processing /home/airflow/.local/lib/python3.8/site-packages/airflow/example_dags/example_params_ui_tutorial.py took 0.181 seconds
[2024-01-17T15:20:03.700+0000] {processor.py:161} INFO - Started process (PID=815) to work on /home/airflow/.local/lib/python3.8/site-packages/airflow/example_dags/example_params_ui_tutorial.py
[2024-01-17T15:20:03.704+0000] {processor.py:830} INFO - Processing file /home/airflow/.local/lib/python3.8/site-packages/airflow/example_dags/example_params_ui_tutorial.py for tasks to queue
[2024-01-17T15:20:03.711+0000] {logging_mixin.py:188} INFO - [2024-01-17T15:20:03.710+0000] {dagbag.py:538} INFO - Filling up the DagBag from /home/airflow/.local/lib/python3.8/site-packages/airflow/example_dags/example_params_ui_tutorial.py
[2024-01-17T15:20:03.746+0000] {processor.py:840} INFO - DAG(s) 'example_params_ui_tutorial' retrieved from /home/airflow/.local/lib/python3.8/site-packages/airflow/example_dags/example_params_ui_tutorial.py
[2024-01-17T15:20:03.851+0000] {logging_mixin.py:188} INFO - [2024-01-17T15:20:03.851+0000] {dag.py:3033} INFO - Sync 1 DAGs
[2024-01-17T15:20:03.865+0000] {logging_mixin.py:188} INFO - [2024-01-17T15:20:03.865+0000] {dag.py:3820} INFO - Setting next_dagrun for example_params_ui_tutorial to None, run_after=None
[2024-01-17T15:20:03.888+0000] {processor.py:183} INFO - Processing /home/airflow/.local/lib/python3.8/site-packages/airflow/example_dags/example_params_ui_tutorial.py took 0.201 seconds
[2024-01-17T15:20:34.312+0000] {processor.py:161} INFO - Started process (PID=869) to work on /home/airflow/.local/lib/python3.8/site-packages/airflow/example_dags/example_params_ui_tutorial.py
[2024-01-17T15:20:34.316+0000] {processor.py:830} INFO - Processing file /home/airflow/.local/lib/python3.8/site-packages/airflow/example_dags/example_params_ui_tutorial.py for tasks to queue
[2024-01-17T15:20:34.325+0000] {logging_mixin.py:188} INFO - [2024-01-17T15:20:34.324+0000] {dagbag.py:538} INFO - Filling up the DagBag from /home/airflow/.local/lib/python3.8/site-packages/airflow/example_dags/example_params_ui_tutorial.py
[2024-01-17T15:20:34.373+0000] {processor.py:840} INFO - DAG(s) 'example_params_ui_tutorial' retrieved from /home/airflow/.local/lib/python3.8/site-packages/airflow/example_dags/example_params_ui_tutorial.py
[2024-01-17T15:20:34.487+0000] {logging_mixin.py:188} INFO - [2024-01-17T15:20:34.487+0000] {dag.py:3033} INFO - Sync 1 DAGs
[2024-01-17T15:20:34.503+0000] {logging_mixin.py:188} INFO - [2024-01-17T15:20:34.503+0000] {dag.py:3820} INFO - Setting next_dagrun for example_params_ui_tutorial to None, run_after=None
[2024-01-17T15:20:34.525+0000] {processor.py:183} INFO - Processing /home/airflow/.local/lib/python3.8/site-packages/airflow/example_dags/example_params_ui_tutorial.py took 0.231 seconds
[2024-01-17T15:21:05.330+0000] {processor.py:161} INFO - Started process (PID=924) to work on /home/airflow/.local/lib/python3.8/site-packages/airflow/example_dags/example_params_ui_tutorial.py
[2024-01-17T15:21:05.332+0000] {processor.py:830} INFO - Processing file /home/airflow/.local/lib/python3.8/site-packages/airflow/example_dags/example_params_ui_tutorial.py for tasks to queue
[2024-01-17T15:21:05.338+0000] {logging_mixin.py:188} INFO - [2024-01-17T15:21:05.335+0000] {dagbag.py:538} INFO - Filling up the DagBag from /home/airflow/.local/lib/python3.8/site-packages/airflow/example_dags/example_params_ui_tutorial.py
[2024-01-17T15:21:05.363+0000] {processor.py:840} INFO - DAG(s) 'example_params_ui_tutorial' retrieved from /home/airflow/.local/lib/python3.8/site-packages/airflow/example_dags/example_params_ui_tutorial.py
[2024-01-17T15:21:05.546+0000] {logging_mixin.py:188} INFO - [2024-01-17T15:21:05.546+0000] {dag.py:3033} INFO - Sync 1 DAGs
[2024-01-17T15:21:05.562+0000] {logging_mixin.py:188} INFO - [2024-01-17T15:21:05.562+0000] {dag.py:3820} INFO - Setting next_dagrun for example_params_ui_tutorial to None, run_after=None
[2024-01-17T15:21:05.595+0000] {processor.py:183} INFO - Processing /home/airflow/.local/lib/python3.8/site-packages/airflow/example_dags/example_params_ui_tutorial.py took 0.276 seconds
[2024-01-17T15:21:35.966+0000] {processor.py:161} INFO - Started process (PID=978) to work on /home/airflow/.local/lib/python3.8/site-packages/airflow/example_dags/example_params_ui_tutorial.py
[2024-01-17T15:21:35.968+0000] {processor.py:830} INFO - Processing file /home/airflow/.local/lib/python3.8/site-packages/airflow/example_dags/example_params_ui_tutorial.py for tasks to queue
[2024-01-17T15:21:35.972+0000] {logging_mixin.py:188} INFO - [2024-01-17T15:21:35.971+0000] {dagbag.py:538} INFO - Filling up the DagBag from /home/airflow/.local/lib/python3.8/site-packages/airflow/example_dags/example_params_ui_tutorial.py
[2024-01-17T15:21:36.005+0000] {processor.py:840} INFO - DAG(s) 'example_params_ui_tutorial' retrieved from /home/airflow/.local/lib/python3.8/site-packages/airflow/example_dags/example_params_ui_tutorial.py
[2024-01-17T15:21:36.168+0000] {logging_mixin.py:188} INFO - [2024-01-17T15:21:36.168+0000] {dag.py:3033} INFO - Sync 1 DAGs
[2024-01-17T15:21:36.194+0000] {logging_mixin.py:188} INFO - [2024-01-17T15:21:36.193+0000] {dag.py:3820} INFO - Setting next_dagrun for example_params_ui_tutorial to None, run_after=None
[2024-01-17T15:21:36.235+0000] {processor.py:183} INFO - Processing /home/airflow/.local/lib/python3.8/site-packages/airflow/example_dags/example_params_ui_tutorial.py took 0.275 seconds
[2024-01-17T15:22:06.672+0000] {processor.py:161} INFO - Started process (PID=1032) to work on /home/airflow/.local/lib/python3.8/site-packages/airflow/example_dags/example_params_ui_tutorial.py
[2024-01-17T15:22:06.674+0000] {processor.py:830} INFO - Processing file /home/airflow/.local/lib/python3.8/site-packages/airflow/example_dags/example_params_ui_tutorial.py for tasks to queue
[2024-01-17T15:22:06.678+0000] {logging_mixin.py:188} INFO - [2024-01-17T15:22:06.677+0000] {dagbag.py:538} INFO - Filling up the DagBag from /home/airflow/.local/lib/python3.8/site-packages/airflow/example_dags/example_params_ui_tutorial.py
[2024-01-17T15:22:06.703+0000] {processor.py:840} INFO - DAG(s) 'example_params_ui_tutorial' retrieved from /home/airflow/.local/lib/python3.8/site-packages/airflow/example_dags/example_params_ui_tutorial.py
[2024-01-17T15:22:06.872+0000] {logging_mixin.py:188} INFO - [2024-01-17T15:22:06.872+0000] {dag.py:3033} INFO - Sync 1 DAGs
[2024-01-17T15:22:06.893+0000] {logging_mixin.py:188} INFO - [2024-01-17T15:22:06.892+0000] {dag.py:3820} INFO - Setting next_dagrun for example_params_ui_tutorial to None, run_after=None
[2024-01-17T15:22:06.976+0000] {processor.py:183} INFO - Processing /home/airflow/.local/lib/python3.8/site-packages/airflow/example_dags/example_params_ui_tutorial.py took 0.313 seconds
[2024-01-17T15:25:06.485+0000] {processor.py:161} INFO - Started process (PID=43) to work on /home/airflow/.local/lib/python3.8/site-packages/airflow/example_dags/example_params_ui_tutorial.py
[2024-01-17T15:25:06.573+0000] {processor.py:830} INFO - Processing file /home/airflow/.local/lib/python3.8/site-packages/airflow/example_dags/example_params_ui_tutorial.py for tasks to queue
[2024-01-17T15:25:06.578+0000] {logging_mixin.py:188} INFO - [2024-01-17T15:25:06.578+0000] {dagbag.py:538} INFO - Filling up the DagBag from /home/airflow/.local/lib/python3.8/site-packages/airflow/example_dags/example_params_ui_tutorial.py
[2024-01-17T15:25:06.619+0000] {processor.py:840} INFO - DAG(s) 'example_params_ui_tutorial' retrieved from /home/airflow/.local/lib/python3.8/site-packages/airflow/example_dags/example_params_ui_tutorial.py
[2024-01-17T15:25:06.809+0000] {logging_mixin.py:188} INFO - [2024-01-17T15:25:06.809+0000] {dag.py:3033} INFO - Sync 1 DAGs
[2024-01-17T15:25:06.834+0000] {logging_mixin.py:188} INFO - [2024-01-17T15:25:06.834+0000] {dag.py:3820} INFO - Setting next_dagrun for example_params_ui_tutorial to None, run_after=None
[2024-01-17T15:25:06.938+0000] {processor.py:183} INFO - Processing /home/airflow/.local/lib/python3.8/site-packages/airflow/example_dags/example_params_ui_tutorial.py took 0.458 seconds
[2024-01-17T15:25:37.746+0000] {processor.py:161} INFO - Started process (PID=97) to work on /home/airflow/.local/lib/python3.8/site-packages/airflow/example_dags/example_params_ui_tutorial.py
[2024-01-17T15:25:42.008+0000] {processor.py:830} INFO - Processing file /home/airflow/.local/lib/python3.8/site-packages/airflow/example_dags/example_params_ui_tutorial.py for tasks to queue
[2024-01-17T15:25:42.012+0000] {logging_mixin.py:188} INFO - [2024-01-17T15:25:42.011+0000] {dagbag.py:538} INFO - Filling up the DagBag from /home/airflow/.local/lib/python3.8/site-packages/airflow/example_dags/example_params_ui_tutorial.py
[2024-01-17T15:25:42.047+0000] {processor.py:840} INFO - DAG(s) 'example_params_ui_tutorial' retrieved from /home/airflow/.local/lib/python3.8/site-packages/airflow/example_dags/example_params_ui_tutorial.py
[2024-01-17T15:25:42.274+0000] {logging_mixin.py:188} INFO - [2024-01-17T15:25:42.274+0000] {dag.py:3033} INFO - Sync 1 DAGs
[2024-01-17T15:25:42.319+0000] {logging_mixin.py:188} INFO - [2024-01-17T15:25:42.318+0000] {dag.py:3820} INFO - Setting next_dagrun for example_params_ui_tutorial to None, run_after=None
[2024-01-17T15:25:42.436+0000] {processor.py:183} INFO - Processing /home/airflow/.local/lib/python3.8/site-packages/airflow/example_dags/example_params_ui_tutorial.py took 4.695 seconds
[2024-01-17T15:26:12.649+0000] {processor.py:161} INFO - Started process (PID=153) to work on /home/airflow/.local/lib/python3.8/site-packages/airflow/example_dags/example_params_ui_tutorial.py
[2024-01-17T15:26:12.656+0000] {processor.py:830} INFO - Processing file /home/airflow/.local/lib/python3.8/site-packages/airflow/example_dags/example_params_ui_tutorial.py for tasks to queue
[2024-01-17T15:26:12.659+0000] {logging_mixin.py:188} INFO - [2024-01-17T15:26:12.658+0000] {dagbag.py:538} INFO - Filling up the DagBag from /home/airflow/.local/lib/python3.8/site-packages/airflow/example_dags/example_params_ui_tutorial.py
[2024-01-17T15:26:12.679+0000] {processor.py:840} INFO - DAG(s) 'example_params_ui_tutorial' retrieved from /home/airflow/.local/lib/python3.8/site-packages/airflow/example_dags/example_params_ui_tutorial.py
[2024-01-17T15:26:12.832+0000] {logging_mixin.py:188} INFO - [2024-01-17T15:26:12.831+0000] {dag.py:3033} INFO - Sync 1 DAGs
[2024-01-17T15:26:12.868+0000] {logging_mixin.py:188} INFO - [2024-01-17T15:26:12.867+0000] {dag.py:3820} INFO - Setting next_dagrun for example_params_ui_tutorial to None, run_after=None
[2024-01-17T15:26:12.946+0000] {processor.py:183} INFO - Processing /home/airflow/.local/lib/python3.8/site-packages/airflow/example_dags/example_params_ui_tutorial.py took 0.302 seconds
[2024-01-17T15:26:43.161+0000] {processor.py:161} INFO - Started process (PID=209) to work on /home/airflow/.local/lib/python3.8/site-packages/airflow/example_dags/example_params_ui_tutorial.py
[2024-01-17T15:26:43.187+0000] {processor.py:830} INFO - Processing file /home/airflow/.local/lib/python3.8/site-packages/airflow/example_dags/example_params_ui_tutorial.py for tasks to queue
[2024-01-17T15:26:43.191+0000] {logging_mixin.py:188} INFO - [2024-01-17T15:26:43.190+0000] {dagbag.py:538} INFO - Filling up the DagBag from /home/airflow/.local/lib/python3.8/site-packages/airflow/example_dags/example_params_ui_tutorial.py
[2024-01-17T15:26:43.275+0000] {processor.py:840} INFO - DAG(s) 'example_params_ui_tutorial' retrieved from /home/airflow/.local/lib/python3.8/site-packages/airflow/example_dags/example_params_ui_tutorial.py
[2024-01-17T15:26:43.475+0000] {logging_mixin.py:188} INFO - [2024-01-17T15:26:43.474+0000] {dag.py:3033} INFO - Sync 1 DAGs
[2024-01-17T15:26:43.529+0000] {logging_mixin.py:188} INFO - [2024-01-17T15:26:43.528+0000] {dag.py:3820} INFO - Setting next_dagrun for example_params_ui_tutorial to None, run_after=None
[2024-01-17T15:26:43.673+0000] {processor.py:183} INFO - Processing /home/airflow/.local/lib/python3.8/site-packages/airflow/example_dags/example_params_ui_tutorial.py took 0.523 seconds
[2024-01-17T15:27:14.189+0000] {processor.py:161} INFO - Started process (PID=265) to work on /home/airflow/.local/lib/python3.8/site-packages/airflow/example_dags/example_params_ui_tutorial.py
[2024-01-17T15:27:14.204+0000] {processor.py:830} INFO - Processing file /home/airflow/.local/lib/python3.8/site-packages/airflow/example_dags/example_params_ui_tutorial.py for tasks to queue
[2024-01-17T15:27:14.208+0000] {logging_mixin.py:188} INFO - [2024-01-17T15:27:14.207+0000] {dagbag.py:538} INFO - Filling up the DagBag from /home/airflow/.local/lib/python3.8/site-packages/airflow/example_dags/example_params_ui_tutorial.py
[2024-01-17T15:27:14.259+0000] {processor.py:840} INFO - DAG(s) 'example_params_ui_tutorial' retrieved from /home/airflow/.local/lib/python3.8/site-packages/airflow/example_dags/example_params_ui_tutorial.py
[2024-01-17T15:27:14.536+0000] {logging_mixin.py:188} INFO - [2024-01-17T15:27:14.536+0000] {dag.py:3033} INFO - Sync 1 DAGs
[2024-01-17T15:27:14.616+0000] {logging_mixin.py:188} INFO - [2024-01-17T15:27:14.616+0000] {dag.py:3820} INFO - Setting next_dagrun for example_params_ui_tutorial to None, run_after=None
[2024-01-17T15:27:14.685+0000] {processor.py:183} INFO - Processing /home/airflow/.local/lib/python3.8/site-packages/airflow/example_dags/example_params_ui_tutorial.py took 0.511 seconds
[2024-01-17T15:27:44.903+0000] {processor.py:161} INFO - Started process (PID=320) to work on /home/airflow/.local/lib/python3.8/site-packages/airflow/example_dags/example_params_ui_tutorial.py
[2024-01-17T15:27:44.940+0000] {processor.py:830} INFO - Processing file /home/airflow/.local/lib/python3.8/site-packages/airflow/example_dags/example_params_ui_tutorial.py for tasks to queue
[2024-01-17T15:27:44.955+0000] {logging_mixin.py:188} INFO - [2024-01-17T15:27:44.955+0000] {dagbag.py:538} INFO - Filling up the DagBag from /home/airflow/.local/lib/python3.8/site-packages/airflow/example_dags/example_params_ui_tutorial.py
[2024-01-17T15:27:45.034+0000] {processor.py:840} INFO - DAG(s) 'example_params_ui_tutorial' retrieved from /home/airflow/.local/lib/python3.8/site-packages/airflow/example_dags/example_params_ui_tutorial.py
[2024-01-17T15:27:45.364+0000] {logging_mixin.py:188} INFO - [2024-01-17T15:27:45.363+0000] {dag.py:3033} INFO - Sync 1 DAGs
[2024-01-17T15:27:45.421+0000] {logging_mixin.py:188} INFO - [2024-01-17T15:27:45.420+0000] {dag.py:3820} INFO - Setting next_dagrun for example_params_ui_tutorial to None, run_after=None
[2024-01-17T15:27:47.581+0000] {processor.py:183} INFO - Processing /home/airflow/.local/lib/python3.8/site-packages/airflow/example_dags/example_params_ui_tutorial.py took 2.682 seconds
[2024-01-17T15:28:18.419+0000] {processor.py:161} INFO - Started process (PID=376) to work on /home/airflow/.local/lib/python3.8/site-packages/airflow/example_dags/example_params_ui_tutorial.py
[2024-01-17T15:28:18.464+0000] {processor.py:830} INFO - Processing file /home/airflow/.local/lib/python3.8/site-packages/airflow/example_dags/example_params_ui_tutorial.py for tasks to queue
[2024-01-17T15:28:18.467+0000] {logging_mixin.py:188} INFO - [2024-01-17T15:28:18.467+0000] {dagbag.py:538} INFO - Filling up the DagBag from /home/airflow/.local/lib/python3.8/site-packages/airflow/example_dags/example_params_ui_tutorial.py
[2024-01-17T15:28:18.538+0000] {processor.py:840} INFO - DAG(s) 'example_params_ui_tutorial' retrieved from /home/airflow/.local/lib/python3.8/site-packages/airflow/example_dags/example_params_ui_tutorial.py
[2024-01-17T15:28:18.606+0000] {logging_mixin.py:188} INFO - [2024-01-17T15:28:18.604+0000] {dag.py:3033} INFO - Sync 1 DAGs
[2024-01-17T15:28:18.694+0000] {logging_mixin.py:188} INFO - [2024-01-17T15:28:18.693+0000] {dag.py:3820} INFO - Setting next_dagrun for example_params_ui_tutorial to None, run_after=None
[2024-01-17T15:28:18.804+0000] {processor.py:183} INFO - Processing /home/airflow/.local/lib/python3.8/site-packages/airflow/example_dags/example_params_ui_tutorial.py took 0.413 seconds
[2024-01-17T15:28:48.920+0000] {processor.py:161} INFO - Started process (PID=432) to work on /home/airflow/.local/lib/python3.8/site-packages/airflow/example_dags/example_params_ui_tutorial.py
[2024-01-17T15:28:48.921+0000] {processor.py:830} INFO - Processing file /home/airflow/.local/lib/python3.8/site-packages/airflow/example_dags/example_params_ui_tutorial.py for tasks to queue
[2024-01-17T15:28:48.924+0000] {logging_mixin.py:188} INFO - [2024-01-17T15:28:48.923+0000] {dagbag.py:538} INFO - Filling up the DagBag from /home/airflow/.local/lib/python3.8/site-packages/airflow/example_dags/example_params_ui_tutorial.py
[2024-01-17T15:28:48.940+0000] {processor.py:840} INFO - DAG(s) 'example_params_ui_tutorial' retrieved from /home/airflow/.local/lib/python3.8/site-packages/airflow/example_dags/example_params_ui_tutorial.py
[2024-01-17T15:28:49.211+0000] {logging_mixin.py:188} INFO - [2024-01-17T15:28:49.211+0000] {dag.py:3033} INFO - Sync 1 DAGs
[2024-01-17T15:28:49.229+0000] {logging_mixin.py:188} INFO - [2024-01-17T15:28:49.229+0000] {dag.py:3820} INFO - Setting next_dagrun for example_params_ui_tutorial to None, run_after=None
[2024-01-17T15:28:49.266+0000] {processor.py:183} INFO - Processing /home/airflow/.local/lib/python3.8/site-packages/airflow/example_dags/example_params_ui_tutorial.py took 0.352 seconds
[2024-01-17T15:29:19.311+0000] {processor.py:161} INFO - Started process (PID=489) to work on /home/airflow/.local/lib/python3.8/site-packages/airflow/example_dags/example_params_ui_tutorial.py
[2024-01-17T15:29:19.313+0000] {processor.py:830} INFO - Processing file /home/airflow/.local/lib/python3.8/site-packages/airflow/example_dags/example_params_ui_tutorial.py for tasks to queue
[2024-01-17T15:29:19.315+0000] {logging_mixin.py:188} INFO - [2024-01-17T15:29:19.315+0000] {dagbag.py:538} INFO - Filling up the DagBag from /home/airflow/.local/lib/python3.8/site-packages/airflow/example_dags/example_params_ui_tutorial.py
[2024-01-17T15:29:19.330+0000] {processor.py:840} INFO - DAG(s) 'example_params_ui_tutorial' retrieved from /home/airflow/.local/lib/python3.8/site-packages/airflow/example_dags/example_params_ui_tutorial.py
[2024-01-17T15:29:19.415+0000] {logging_mixin.py:188} INFO - [2024-01-17T15:29:19.414+0000] {dag.py:3033} INFO - Sync 1 DAGs
[2024-01-17T15:29:19.431+0000] {logging_mixin.py:188} INFO - [2024-01-17T15:29:19.431+0000] {dag.py:3820} INFO - Setting next_dagrun for example_params_ui_tutorial to None, run_after=None
[2024-01-17T15:29:19.460+0000] {processor.py:183} INFO - Processing /home/airflow/.local/lib/python3.8/site-packages/airflow/example_dags/example_params_ui_tutorial.py took 0.154 seconds
[2024-01-17T15:29:59.071+0000] {processor.py:161} INFO - Started process (PID=509) to work on /home/airflow/.local/lib/python3.8/site-packages/airflow/example_dags/example_params_ui_tutorial.py
[2024-01-17T15:29:59.072+0000] {processor.py:830} INFO - Processing file /home/airflow/.local/lib/python3.8/site-packages/airflow/example_dags/example_params_ui_tutorial.py for tasks to queue
[2024-01-17T15:29:59.075+0000] {logging_mixin.py:188} INFO - [2024-01-17T15:29:59.074+0000] {dagbag.py:538} INFO - Filling up the DagBag from /home/airflow/.local/lib/python3.8/site-packages/airflow/example_dags/example_params_ui_tutorial.py
[2024-01-17T15:29:59.095+0000] {processor.py:840} INFO - DAG(s) 'example_params_ui_tutorial' retrieved from /home/airflow/.local/lib/python3.8/site-packages/airflow/example_dags/example_params_ui_tutorial.py
[2024-01-17T15:29:59.216+0000] {logging_mixin.py:188} INFO - [2024-01-17T15:29:59.215+0000] {dag.py:3033} INFO - Sync 1 DAGs
[2024-01-17T15:29:59.267+0000] {logging_mixin.py:188} INFO - [2024-01-17T15:29:59.267+0000] {dag.py:3820} INFO - Setting next_dagrun for example_params_ui_tutorial to None, run_after=None
[2024-01-17T15:29:59.436+0000] {processor.py:183} INFO - Processing /home/airflow/.local/lib/python3.8/site-packages/airflow/example_dags/example_params_ui_tutorial.py took 0.370 seconds
[2024-01-17T15:30:30.268+0000] {processor.py:161} INFO - Started process (PID=564) to work on /home/airflow/.local/lib/python3.8/site-packages/airflow/example_dags/example_params_ui_tutorial.py
[2024-01-17T15:30:30.269+0000] {processor.py:830} INFO - Processing file /home/airflow/.local/lib/python3.8/site-packages/airflow/example_dags/example_params_ui_tutorial.py for tasks to queue
[2024-01-17T15:30:30.273+0000] {logging_mixin.py:188} INFO - [2024-01-17T15:30:30.272+0000] {dagbag.py:538} INFO - Filling up the DagBag from /home/airflow/.local/lib/python3.8/site-packages/airflow/example_dags/example_params_ui_tutorial.py
[2024-01-17T15:30:30.299+0000] {processor.py:840} INFO - DAG(s) 'example_params_ui_tutorial' retrieved from /home/airflow/.local/lib/python3.8/site-packages/airflow/example_dags/example_params_ui_tutorial.py
[2024-01-17T15:30:30.455+0000] {logging_mixin.py:188} INFO - [2024-01-17T15:30:30.455+0000] {dag.py:3033} INFO - Sync 1 DAGs
[2024-01-17T15:30:30.481+0000] {logging_mixin.py:188} INFO - [2024-01-17T15:30:30.480+0000] {dag.py:3820} INFO - Setting next_dagrun for example_params_ui_tutorial to None, run_after=None
[2024-01-17T15:30:30.561+0000] {processor.py:183} INFO - Processing /home/airflow/.local/lib/python3.8/site-packages/airflow/example_dags/example_params_ui_tutorial.py took 0.307 seconds
[2024-01-17T15:31:00.656+0000] {processor.py:161} INFO - Started process (PID=620) to work on /home/airflow/.local/lib/python3.8/site-packages/airflow/example_dags/example_params_ui_tutorial.py
[2024-01-17T15:31:00.657+0000] {processor.py:830} INFO - Processing file /home/airflow/.local/lib/python3.8/site-packages/airflow/example_dags/example_params_ui_tutorial.py for tasks to queue
[2024-01-17T15:31:00.660+0000] {logging_mixin.py:188} INFO - [2024-01-17T15:31:00.660+0000] {dagbag.py:538} INFO - Filling up the DagBag from /home/airflow/.local/lib/python3.8/site-packages/airflow/example_dags/example_params_ui_tutorial.py
[2024-01-17T15:31:00.677+0000] {processor.py:840} INFO - DAG(s) 'example_params_ui_tutorial' retrieved from /home/airflow/.local/lib/python3.8/site-packages/airflow/example_dags/example_params_ui_tutorial.py
[2024-01-17T15:31:00.790+0000] {logging_mixin.py:188} INFO - [2024-01-17T15:31:00.790+0000] {dag.py:3033} INFO - Sync 1 DAGs
[2024-01-17T15:31:00.809+0000] {logging_mixin.py:188} INFO - [2024-01-17T15:31:00.809+0000] {dag.py:3820} INFO - Setting next_dagrun for example_params_ui_tutorial to None, run_after=None
[2024-01-17T15:31:00.842+0000] {processor.py:183} INFO - Processing /home/airflow/.local/lib/python3.8/site-packages/airflow/example_dags/example_params_ui_tutorial.py took 0.191 seconds
[2024-01-17T15:31:31.200+0000] {processor.py:161} INFO - Started process (PID=675) to work on /home/airflow/.local/lib/python3.8/site-packages/airflow/example_dags/example_params_ui_tutorial.py
[2024-01-17T15:31:31.201+0000] {processor.py:830} INFO - Processing file /home/airflow/.local/lib/python3.8/site-packages/airflow/example_dags/example_params_ui_tutorial.py for tasks to queue
[2024-01-17T15:31:31.203+0000] {logging_mixin.py:188} INFO - [2024-01-17T15:31:31.203+0000] {dagbag.py:538} INFO - Filling up the DagBag from /home/airflow/.local/lib/python3.8/site-packages/airflow/example_dags/example_params_ui_tutorial.py
[2024-01-17T15:31:31.217+0000] {processor.py:840} INFO - DAG(s) 'example_params_ui_tutorial' retrieved from /home/airflow/.local/lib/python3.8/site-packages/airflow/example_dags/example_params_ui_tutorial.py
[2024-01-17T15:31:31.305+0000] {logging_mixin.py:188} INFO - [2024-01-17T15:31:31.305+0000] {dag.py:3033} INFO - Sync 1 DAGs
[2024-01-17T15:31:31.321+0000] {logging_mixin.py:188} INFO - [2024-01-17T15:31:31.321+0000] {dag.py:3820} INFO - Setting next_dagrun for example_params_ui_tutorial to None, run_after=None
[2024-01-17T15:31:31.345+0000] {processor.py:183} INFO - Processing /home/airflow/.local/lib/python3.8/site-packages/airflow/example_dags/example_params_ui_tutorial.py took 0.148 seconds
[2024-01-17T15:32:02.007+0000] {processor.py:161} INFO - Started process (PID=730) to work on /home/airflow/.local/lib/python3.8/site-packages/airflow/example_dags/example_params_ui_tutorial.py
[2024-01-17T15:32:02.020+0000] {processor.py:830} INFO - Processing file /home/airflow/.local/lib/python3.8/site-packages/airflow/example_dags/example_params_ui_tutorial.py for tasks to queue
[2024-01-17T15:32:02.023+0000] {logging_mixin.py:188} INFO - [2024-01-17T15:32:02.023+0000] {dagbag.py:538} INFO - Filling up the DagBag from /home/airflow/.local/lib/python3.8/site-packages/airflow/example_dags/example_params_ui_tutorial.py
[2024-01-17T15:32:02.087+0000] {processor.py:840} INFO - DAG(s) 'example_params_ui_tutorial' retrieved from /home/airflow/.local/lib/python3.8/site-packages/airflow/example_dags/example_params_ui_tutorial.py
[2024-01-17T15:32:02.221+0000] {logging_mixin.py:188} INFO - [2024-01-17T15:32:02.221+0000] {dag.py:3033} INFO - Sync 1 DAGs
[2024-01-17T15:32:02.237+0000] {logging_mixin.py:188} INFO - [2024-01-17T15:32:02.237+0000] {dag.py:3820} INFO - Setting next_dagrun for example_params_ui_tutorial to None, run_after=None
[2024-01-17T15:32:02.266+0000] {processor.py:183} INFO - Processing /home/airflow/.local/lib/python3.8/site-packages/airflow/example_dags/example_params_ui_tutorial.py took 0.264 seconds
[2024-01-17T15:32:33.087+0000] {processor.py:161} INFO - Started process (PID=786) to work on /home/airflow/.local/lib/python3.8/site-packages/airflow/example_dags/example_params_ui_tutorial.py
[2024-01-17T15:32:33.120+0000] {processor.py:830} INFO - Processing file /home/airflow/.local/lib/python3.8/site-packages/airflow/example_dags/example_params_ui_tutorial.py for tasks to queue
[2024-01-17T15:32:33.122+0000] {logging_mixin.py:188} INFO - [2024-01-17T15:32:33.122+0000] {dagbag.py:538} INFO - Filling up the DagBag from /home/airflow/.local/lib/python3.8/site-packages/airflow/example_dags/example_params_ui_tutorial.py
[2024-01-17T15:32:33.142+0000] {processor.py:840} INFO - DAG(s) 'example_params_ui_tutorial' retrieved from /home/airflow/.local/lib/python3.8/site-packages/airflow/example_dags/example_params_ui_tutorial.py
[2024-01-17T15:32:33.230+0000] {logging_mixin.py:188} INFO - [2024-01-17T15:32:33.230+0000] {dag.py:3033} INFO - Sync 1 DAGs
[2024-01-17T15:32:33.243+0000] {logging_mixin.py:188} INFO - [2024-01-17T15:32:33.243+0000] {dag.py:3820} INFO - Setting next_dagrun for example_params_ui_tutorial to None, run_after=None
[2024-01-17T15:32:33.271+0000] {processor.py:183} INFO - Processing /home/airflow/.local/lib/python3.8/site-packages/airflow/example_dags/example_params_ui_tutorial.py took 0.189 seconds
