[2024-01-17T15:13:13.242+0000] {processor.py:161} INFO - Started process (PID=90) to work on /home/airflow/.local/lib/python3.8/site-packages/airflow/example_dags/example_complex.py
[2024-01-17T15:13:13.246+0000] {processor.py:830} INFO - Processing file /home/airflow/.local/lib/python3.8/site-packages/airflow/example_dags/example_complex.py for tasks to queue
[2024-01-17T15:13:13.253+0000] {logging_mixin.py:188} INFO - [2024-01-17T15:13:13.249+0000] {dagbag.py:538} INFO - Filling up the DagBag from /home/airflow/.local/lib/python3.8/site-packages/airflow/example_dags/example_complex.py
[2024-01-17T15:13:13.329+0000] {processor.py:840} INFO - DAG(s) 'example_complex' retrieved from /home/airflow/.local/lib/python3.8/site-packages/airflow/example_dags/example_complex.py
[2024-01-17T15:13:13.891+0000] {logging_mixin.py:188} INFO - [2024-01-17T15:13:13.891+0000] {dag.py:3033} INFO - Sync 1 DAGs
[2024-01-17T15:13:13.950+0000] {logging_mixin.py:188} INFO - [2024-01-17T15:13:13.949+0000] {dag.py:3820} INFO - Setting next_dagrun for example_complex to None, run_after=None
[2024-01-17T15:13:14.078+0000] {processor.py:183} INFO - Processing /home/airflow/.local/lib/python3.8/site-packages/airflow/example_dags/example_complex.py took 0.857 seconds
[2024-01-17T15:13:44.738+0000] {processor.py:161} INFO - Started process (PID=145) to work on /home/airflow/.local/lib/python3.8/site-packages/airflow/example_dags/example_complex.py
[2024-01-17T15:13:44.739+0000] {processor.py:830} INFO - Processing file /home/airflow/.local/lib/python3.8/site-packages/airflow/example_dags/example_complex.py for tasks to queue
[2024-01-17T15:13:44.744+0000] {logging_mixin.py:188} INFO - [2024-01-17T15:13:44.743+0000] {dagbag.py:538} INFO - Filling up the DagBag from /home/airflow/.local/lib/python3.8/site-packages/airflow/example_dags/example_complex.py
[2024-01-17T15:13:44.768+0000] {processor.py:840} INFO - DAG(s) 'example_complex' retrieved from /home/airflow/.local/lib/python3.8/site-packages/airflow/example_dags/example_complex.py
[2024-01-17T15:13:44.785+0000] {logging_mixin.py:188} INFO - [2024-01-17T15:13:44.785+0000] {dag.py:3033} INFO - Sync 1 DAGs
[2024-01-17T15:13:44.806+0000] {logging_mixin.py:188} INFO - [2024-01-17T15:13:44.805+0000] {dag.py:3820} INFO - Setting next_dagrun for example_complex to None, run_after=None
[2024-01-17T15:13:44.894+0000] {processor.py:183} INFO - Processing /home/airflow/.local/lib/python3.8/site-packages/airflow/example_dags/example_complex.py took 0.165 seconds
[2024-01-17T15:14:15.700+0000] {processor.py:161} INFO - Started process (PID=199) to work on /home/airflow/.local/lib/python3.8/site-packages/airflow/example_dags/example_complex.py
[2024-01-17T15:14:15.701+0000] {processor.py:830} INFO - Processing file /home/airflow/.local/lib/python3.8/site-packages/airflow/example_dags/example_complex.py for tasks to queue
[2024-01-17T15:14:15.704+0000] {logging_mixin.py:188} INFO - [2024-01-17T15:14:15.704+0000] {dagbag.py:538} INFO - Filling up the DagBag from /home/airflow/.local/lib/python3.8/site-packages/airflow/example_dags/example_complex.py
[2024-01-17T15:14:15.727+0000] {processor.py:840} INFO - DAG(s) 'example_complex' retrieved from /home/airflow/.local/lib/python3.8/site-packages/airflow/example_dags/example_complex.py
[2024-01-17T15:14:15.940+0000] {logging_mixin.py:188} INFO - [2024-01-17T15:14:15.940+0000] {dag.py:3033} INFO - Sync 1 DAGs
[2024-01-17T15:14:15.959+0000] {logging_mixin.py:188} INFO - [2024-01-17T15:14:15.959+0000] {dag.py:3820} INFO - Setting next_dagrun for example_complex to None, run_after=None
[2024-01-17T15:14:15.994+0000] {processor.py:183} INFO - Processing /home/airflow/.local/lib/python3.8/site-packages/airflow/example_dags/example_complex.py took 0.299 seconds
[2024-01-17T15:14:46.045+0000] {processor.py:161} INFO - Started process (PID=254) to work on /home/airflow/.local/lib/python3.8/site-packages/airflow/example_dags/example_complex.py
[2024-01-17T15:14:46.046+0000] {processor.py:830} INFO - Processing file /home/airflow/.local/lib/python3.8/site-packages/airflow/example_dags/example_complex.py for tasks to queue
[2024-01-17T15:14:46.050+0000] {logging_mixin.py:188} INFO - [2024-01-17T15:14:46.049+0000] {dagbag.py:538} INFO - Filling up the DagBag from /home/airflow/.local/lib/python3.8/site-packages/airflow/example_dags/example_complex.py
[2024-01-17T15:14:46.072+0000] {processor.py:840} INFO - DAG(s) 'example_complex' retrieved from /home/airflow/.local/lib/python3.8/site-packages/airflow/example_dags/example_complex.py
[2024-01-17T15:14:46.109+0000] {logging_mixin.py:188} INFO - [2024-01-17T15:14:46.109+0000] {dag.py:3033} INFO - Sync 1 DAGs
[2024-01-17T15:14:46.123+0000] {logging_mixin.py:188} INFO - [2024-01-17T15:14:46.122+0000] {dag.py:3820} INFO - Setting next_dagrun for example_complex to None, run_after=None
[2024-01-17T15:14:46.143+0000] {processor.py:183} INFO - Processing /home/airflow/.local/lib/python3.8/site-packages/airflow/example_dags/example_complex.py took 0.102 seconds
[2024-01-17T15:15:16.802+0000] {processor.py:161} INFO - Started process (PID=308) to work on /home/airflow/.local/lib/python3.8/site-packages/airflow/example_dags/example_complex.py
[2024-01-17T15:15:16.803+0000] {processor.py:830} INFO - Processing file /home/airflow/.local/lib/python3.8/site-packages/airflow/example_dags/example_complex.py for tasks to queue
[2024-01-17T15:15:16.806+0000] {logging_mixin.py:188} INFO - [2024-01-17T15:15:16.806+0000] {dagbag.py:538} INFO - Filling up the DagBag from /home/airflow/.local/lib/python3.8/site-packages/airflow/example_dags/example_complex.py
[2024-01-17T15:15:16.904+0000] {processor.py:840} INFO - DAG(s) 'example_complex' retrieved from /home/airflow/.local/lib/python3.8/site-packages/airflow/example_dags/example_complex.py
[2024-01-17T15:15:16.957+0000] {logging_mixin.py:188} INFO - [2024-01-17T15:15:16.956+0000] {dag.py:3033} INFO - Sync 1 DAGs
[2024-01-17T15:15:16.970+0000] {logging_mixin.py:188} INFO - [2024-01-17T15:15:16.970+0000] {dag.py:3820} INFO - Setting next_dagrun for example_complex to None, run_after=None
[2024-01-17T15:15:17.053+0000] {processor.py:183} INFO - Processing /home/airflow/.local/lib/python3.8/site-packages/airflow/example_dags/example_complex.py took 0.257 seconds
[2024-01-17T15:15:47.412+0000] {processor.py:161} INFO - Started process (PID=363) to work on /home/airflow/.local/lib/python3.8/site-packages/airflow/example_dags/example_complex.py
[2024-01-17T15:15:47.416+0000] {processor.py:830} INFO - Processing file /home/airflow/.local/lib/python3.8/site-packages/airflow/example_dags/example_complex.py for tasks to queue
[2024-01-17T15:15:47.423+0000] {logging_mixin.py:188} INFO - [2024-01-17T15:15:47.422+0000] {dagbag.py:538} INFO - Filling up the DagBag from /home/airflow/.local/lib/python3.8/site-packages/airflow/example_dags/example_complex.py
[2024-01-17T15:15:47.458+0000] {processor.py:840} INFO - DAG(s) 'example_complex' retrieved from /home/airflow/.local/lib/python3.8/site-packages/airflow/example_dags/example_complex.py
[2024-01-17T15:15:47.497+0000] {logging_mixin.py:188} INFO - [2024-01-17T15:15:47.497+0000] {dag.py:3033} INFO - Sync 1 DAGs
[2024-01-17T15:15:47.513+0000] {logging_mixin.py:188} INFO - [2024-01-17T15:15:47.513+0000] {dag.py:3820} INFO - Setting next_dagrun for example_complex to None, run_after=None
[2024-01-17T15:15:47.568+0000] {processor.py:183} INFO - Processing /home/airflow/.local/lib/python3.8/site-packages/airflow/example_dags/example_complex.py took 0.169 seconds
[2024-01-17T15:16:17.831+0000] {processor.py:161} INFO - Started process (PID=418) to work on /home/airflow/.local/lib/python3.8/site-packages/airflow/example_dags/example_complex.py
[2024-01-17T15:16:17.833+0000] {processor.py:830} INFO - Processing file /home/airflow/.local/lib/python3.8/site-packages/airflow/example_dags/example_complex.py for tasks to queue
[2024-01-17T15:16:17.838+0000] {logging_mixin.py:188} INFO - [2024-01-17T15:16:17.837+0000] {dagbag.py:538} INFO - Filling up the DagBag from /home/airflow/.local/lib/python3.8/site-packages/airflow/example_dags/example_complex.py
[2024-01-17T15:16:17.860+0000] {processor.py:840} INFO - DAG(s) 'example_complex' retrieved from /home/airflow/.local/lib/python3.8/site-packages/airflow/example_dags/example_complex.py
[2024-01-17T15:16:17.902+0000] {logging_mixin.py:188} INFO - [2024-01-17T15:16:17.902+0000] {dag.py:3033} INFO - Sync 1 DAGs
[2024-01-17T15:16:17.916+0000] {logging_mixin.py:188} INFO - [2024-01-17T15:16:17.916+0000] {dag.py:3820} INFO - Setting next_dagrun for example_complex to None, run_after=None
[2024-01-17T15:16:17.953+0000] {processor.py:183} INFO - Processing /home/airflow/.local/lib/python3.8/site-packages/airflow/example_dags/example_complex.py took 0.133 seconds
[2024-01-17T15:16:48.486+0000] {processor.py:161} INFO - Started process (PID=472) to work on /home/airflow/.local/lib/python3.8/site-packages/airflow/example_dags/example_complex.py
[2024-01-17T15:16:48.487+0000] {processor.py:830} INFO - Processing file /home/airflow/.local/lib/python3.8/site-packages/airflow/example_dags/example_complex.py for tasks to queue
[2024-01-17T15:16:48.489+0000] {logging_mixin.py:188} INFO - [2024-01-17T15:16:48.489+0000] {dagbag.py:538} INFO - Filling up the DagBag from /home/airflow/.local/lib/python3.8/site-packages/airflow/example_dags/example_complex.py
[2024-01-17T15:16:48.506+0000] {processor.py:840} INFO - DAG(s) 'example_complex' retrieved from /home/airflow/.local/lib/python3.8/site-packages/airflow/example_dags/example_complex.py
[2024-01-17T15:16:48.543+0000] {logging_mixin.py:188} INFO - [2024-01-17T15:16:48.543+0000] {dag.py:3033} INFO - Sync 1 DAGs
[2024-01-17T15:16:48.556+0000] {logging_mixin.py:188} INFO - [2024-01-17T15:16:48.556+0000] {dag.py:3820} INFO - Setting next_dagrun for example_complex to None, run_after=None
[2024-01-17T15:16:48.577+0000] {processor.py:183} INFO - Processing /home/airflow/.local/lib/python3.8/site-packages/airflow/example_dags/example_complex.py took 0.095 seconds
[2024-01-17T15:17:19.058+0000] {processor.py:161} INFO - Started process (PID=527) to work on /home/airflow/.local/lib/python3.8/site-packages/airflow/example_dags/example_complex.py
[2024-01-17T15:17:19.059+0000] {processor.py:830} INFO - Processing file /home/airflow/.local/lib/python3.8/site-packages/airflow/example_dags/example_complex.py for tasks to queue
[2024-01-17T15:17:19.062+0000] {logging_mixin.py:188} INFO - [2024-01-17T15:17:19.061+0000] {dagbag.py:538} INFO - Filling up the DagBag from /home/airflow/.local/lib/python3.8/site-packages/airflow/example_dags/example_complex.py
[2024-01-17T15:17:19.080+0000] {processor.py:840} INFO - DAG(s) 'example_complex' retrieved from /home/airflow/.local/lib/python3.8/site-packages/airflow/example_dags/example_complex.py
[2024-01-17T15:17:19.135+0000] {logging_mixin.py:188} INFO - [2024-01-17T15:17:19.135+0000] {dag.py:3033} INFO - Sync 1 DAGs
[2024-01-17T15:17:19.154+0000] {logging_mixin.py:188} INFO - [2024-01-17T15:17:19.154+0000] {dag.py:3820} INFO - Setting next_dagrun for example_complex to None, run_after=None
[2024-01-17T15:17:19.182+0000] {processor.py:183} INFO - Processing /home/airflow/.local/lib/python3.8/site-packages/airflow/example_dags/example_complex.py took 0.131 seconds
[2024-01-17T15:17:49.684+0000] {processor.py:161} INFO - Started process (PID=582) to work on /home/airflow/.local/lib/python3.8/site-packages/airflow/example_dags/example_complex.py
[2024-01-17T15:17:49.688+0000] {processor.py:830} INFO - Processing file /home/airflow/.local/lib/python3.8/site-packages/airflow/example_dags/example_complex.py for tasks to queue
[2024-01-17T15:17:49.698+0000] {logging_mixin.py:188} INFO - [2024-01-17T15:17:49.696+0000] {dagbag.py:538} INFO - Filling up the DagBag from /home/airflow/.local/lib/python3.8/site-packages/airflow/example_dags/example_complex.py
[2024-01-17T15:17:49.780+0000] {processor.py:840} INFO - DAG(s) 'example_complex' retrieved from /home/airflow/.local/lib/python3.8/site-packages/airflow/example_dags/example_complex.py
[2024-01-17T15:17:49.847+0000] {logging_mixin.py:188} INFO - [2024-01-17T15:17:49.847+0000] {dag.py:3033} INFO - Sync 1 DAGs
[2024-01-17T15:17:49.862+0000] {logging_mixin.py:188} INFO - [2024-01-17T15:17:49.862+0000] {dag.py:3820} INFO - Setting next_dagrun for example_complex to None, run_after=None
[2024-01-17T15:17:49.888+0000] {processor.py:183} INFO - Processing /home/airflow/.local/lib/python3.8/site-packages/airflow/example_dags/example_complex.py took 0.210 seconds
[2024-01-17T15:18:20.507+0000] {processor.py:161} INFO - Started process (PID=637) to work on /home/airflow/.local/lib/python3.8/site-packages/airflow/example_dags/example_complex.py
[2024-01-17T15:18:20.508+0000] {processor.py:830} INFO - Processing file /home/airflow/.local/lib/python3.8/site-packages/airflow/example_dags/example_complex.py for tasks to queue
[2024-01-17T15:18:20.511+0000] {logging_mixin.py:188} INFO - [2024-01-17T15:18:20.510+0000] {dagbag.py:538} INFO - Filling up the DagBag from /home/airflow/.local/lib/python3.8/site-packages/airflow/example_dags/example_complex.py
[2024-01-17T15:18:20.535+0000] {processor.py:840} INFO - DAG(s) 'example_complex' retrieved from /home/airflow/.local/lib/python3.8/site-packages/airflow/example_dags/example_complex.py
[2024-01-17T15:18:20.594+0000] {logging_mixin.py:188} INFO - [2024-01-17T15:18:20.594+0000] {dag.py:3033} INFO - Sync 1 DAGs
[2024-01-17T15:18:20.614+0000] {logging_mixin.py:188} INFO - [2024-01-17T15:18:20.613+0000] {dag.py:3820} INFO - Setting next_dagrun for example_complex to None, run_after=None
[2024-01-17T15:18:20.638+0000] {processor.py:183} INFO - Processing /home/airflow/.local/lib/python3.8/site-packages/airflow/example_dags/example_complex.py took 0.136 seconds
[2024-01-17T15:18:52.380+0000] {processor.py:161} INFO - Started process (PID=692) to work on /home/airflow/.local/lib/python3.8/site-packages/airflow/example_dags/example_complex.py
[2024-01-17T15:18:52.382+0000] {processor.py:830} INFO - Processing file /home/airflow/.local/lib/python3.8/site-packages/airflow/example_dags/example_complex.py for tasks to queue
[2024-01-17T15:18:52.385+0000] {logging_mixin.py:188} INFO - [2024-01-17T15:18:52.385+0000] {dagbag.py:538} INFO - Filling up the DagBag from /home/airflow/.local/lib/python3.8/site-packages/airflow/example_dags/example_complex.py
[2024-01-17T15:18:52.406+0000] {processor.py:840} INFO - DAG(s) 'example_complex' retrieved from /home/airflow/.local/lib/python3.8/site-packages/airflow/example_dags/example_complex.py
[2024-01-17T15:18:52.463+0000] {logging_mixin.py:188} INFO - [2024-01-17T15:18:52.463+0000] {dag.py:3033} INFO - Sync 1 DAGs
[2024-01-17T15:18:52.484+0000] {logging_mixin.py:188} INFO - [2024-01-17T15:18:52.484+0000] {dag.py:3820} INFO - Setting next_dagrun for example_complex to None, run_after=None
[2024-01-17T15:18:52.550+0000] {processor.py:183} INFO - Processing /home/airflow/.local/lib/python3.8/site-packages/airflow/example_dags/example_complex.py took 0.175 seconds
[2024-01-17T15:19:23.358+0000] {processor.py:161} INFO - Started process (PID=747) to work on /home/airflow/.local/lib/python3.8/site-packages/airflow/example_dags/example_complex.py
[2024-01-17T15:19:23.388+0000] {processor.py:830} INFO - Processing file /home/airflow/.local/lib/python3.8/site-packages/airflow/example_dags/example_complex.py for tasks to queue
[2024-01-17T15:19:23.395+0000] {logging_mixin.py:188} INFO - [2024-01-17T15:19:23.394+0000] {dagbag.py:538} INFO - Filling up the DagBag from /home/airflow/.local/lib/python3.8/site-packages/airflow/example_dags/example_complex.py
[2024-01-17T15:19:23.529+0000] {processor.py:840} INFO - DAG(s) 'example_complex' retrieved from /home/airflow/.local/lib/python3.8/site-packages/airflow/example_dags/example_complex.py
[2024-01-17T15:19:23.668+0000] {logging_mixin.py:188} INFO - [2024-01-17T15:19:23.668+0000] {dag.py:3033} INFO - Sync 1 DAGs
[2024-01-17T15:19:23.692+0000] {logging_mixin.py:188} INFO - [2024-01-17T15:19:23.691+0000] {dag.py:3820} INFO - Setting next_dagrun for example_complex to None, run_after=None
[2024-01-17T15:19:23.741+0000] {processor.py:183} INFO - Processing /home/airflow/.local/lib/python3.8/site-packages/airflow/example_dags/example_complex.py took 0.388 seconds
[2024-01-17T15:19:54.917+0000] {processor.py:161} INFO - Started process (PID=803) to work on /home/airflow/.local/lib/python3.8/site-packages/airflow/example_dags/example_complex.py
[2024-01-17T15:19:54.918+0000] {processor.py:830} INFO - Processing file /home/airflow/.local/lib/python3.8/site-packages/airflow/example_dags/example_complex.py for tasks to queue
[2024-01-17T15:19:54.920+0000] {logging_mixin.py:188} INFO - [2024-01-17T15:19:54.920+0000] {dagbag.py:538} INFO - Filling up the DagBag from /home/airflow/.local/lib/python3.8/site-packages/airflow/example_dags/example_complex.py
[2024-01-17T15:19:54.936+0000] {processor.py:840} INFO - DAG(s) 'example_complex' retrieved from /home/airflow/.local/lib/python3.8/site-packages/airflow/example_dags/example_complex.py
[2024-01-17T15:19:54.976+0000] {logging_mixin.py:188} INFO - [2024-01-17T15:19:54.975+0000] {dag.py:3033} INFO - Sync 1 DAGs
[2024-01-17T15:19:54.989+0000] {logging_mixin.py:188} INFO - [2024-01-17T15:19:54.989+0000] {dag.py:3820} INFO - Setting next_dagrun for example_complex to None, run_after=None
[2024-01-17T15:19:55.015+0000] {processor.py:183} INFO - Processing /home/airflow/.local/lib/python3.8/site-packages/airflow/example_dags/example_complex.py took 0.102 seconds
[2024-01-17T15:20:26.528+0000] {processor.py:161} INFO - Started process (PID=859) to work on /home/airflow/.local/lib/python3.8/site-packages/airflow/example_dags/example_complex.py
[2024-01-17T15:20:26.529+0000] {processor.py:830} INFO - Processing file /home/airflow/.local/lib/python3.8/site-packages/airflow/example_dags/example_complex.py for tasks to queue
[2024-01-17T15:20:26.532+0000] {logging_mixin.py:188} INFO - [2024-01-17T15:20:26.532+0000] {dagbag.py:538} INFO - Filling up the DagBag from /home/airflow/.local/lib/python3.8/site-packages/airflow/example_dags/example_complex.py
[2024-01-17T15:20:26.556+0000] {processor.py:840} INFO - DAG(s) 'example_complex' retrieved from /home/airflow/.local/lib/python3.8/site-packages/airflow/example_dags/example_complex.py
[2024-01-17T15:20:26.640+0000] {logging_mixin.py:188} INFO - [2024-01-17T15:20:26.640+0000] {dag.py:3033} INFO - Sync 1 DAGs
[2024-01-17T15:20:26.669+0000] {logging_mixin.py:188} INFO - [2024-01-17T15:20:26.668+0000] {dag.py:3820} INFO - Setting next_dagrun for example_complex to None, run_after=None
[2024-01-17T15:20:26.704+0000] {processor.py:183} INFO - Processing /home/airflow/.local/lib/python3.8/site-packages/airflow/example_dags/example_complex.py took 0.182 seconds
[2024-01-17T15:20:57.611+0000] {processor.py:161} INFO - Started process (PID=915) to work on /home/airflow/.local/lib/python3.8/site-packages/airflow/example_dags/example_complex.py
[2024-01-17T15:20:57.613+0000] {processor.py:830} INFO - Processing file /home/airflow/.local/lib/python3.8/site-packages/airflow/example_dags/example_complex.py for tasks to queue
[2024-01-17T15:20:57.616+0000] {logging_mixin.py:188} INFO - [2024-01-17T15:20:57.615+0000] {dagbag.py:538} INFO - Filling up the DagBag from /home/airflow/.local/lib/python3.8/site-packages/airflow/example_dags/example_complex.py
[2024-01-17T15:20:57.639+0000] {processor.py:840} INFO - DAG(s) 'example_complex' retrieved from /home/airflow/.local/lib/python3.8/site-packages/airflow/example_dags/example_complex.py
[2024-01-17T15:20:57.707+0000] {logging_mixin.py:188} INFO - [2024-01-17T15:20:57.707+0000] {dag.py:3033} INFO - Sync 1 DAGs
[2024-01-17T15:20:57.729+0000] {logging_mixin.py:188} INFO - [2024-01-17T15:20:57.729+0000] {dag.py:3820} INFO - Setting next_dagrun for example_complex to None, run_after=None
[2024-01-17T15:20:57.762+0000] {processor.py:183} INFO - Processing /home/airflow/.local/lib/python3.8/site-packages/airflow/example_dags/example_complex.py took 0.155 seconds
[2024-01-17T15:21:28.253+0000] {processor.py:161} INFO - Started process (PID=969) to work on /home/airflow/.local/lib/python3.8/site-packages/airflow/example_dags/example_complex.py
[2024-01-17T15:21:28.255+0000] {processor.py:830} INFO - Processing file /home/airflow/.local/lib/python3.8/site-packages/airflow/example_dags/example_complex.py for tasks to queue
[2024-01-17T15:21:28.258+0000] {logging_mixin.py:188} INFO - [2024-01-17T15:21:28.258+0000] {dagbag.py:538} INFO - Filling up the DagBag from /home/airflow/.local/lib/python3.8/site-packages/airflow/example_dags/example_complex.py
[2024-01-17T15:21:28.283+0000] {processor.py:840} INFO - DAG(s) 'example_complex' retrieved from /home/airflow/.local/lib/python3.8/site-packages/airflow/example_dags/example_complex.py
[2024-01-17T15:21:28.336+0000] {logging_mixin.py:188} INFO - [2024-01-17T15:21:28.336+0000] {dag.py:3033} INFO - Sync 1 DAGs
[2024-01-17T15:21:28.360+0000] {logging_mixin.py:188} INFO - [2024-01-17T15:21:28.359+0000] {dag.py:3820} INFO - Setting next_dagrun for example_complex to None, run_after=None
[2024-01-17T15:21:28.392+0000] {processor.py:183} INFO - Processing /home/airflow/.local/lib/python3.8/site-packages/airflow/example_dags/example_complex.py took 0.148 seconds
[2024-01-17T15:21:59.230+0000] {processor.py:161} INFO - Started process (PID=1023) to work on /home/airflow/.local/lib/python3.8/site-packages/airflow/example_dags/example_complex.py
[2024-01-17T15:21:59.233+0000] {processor.py:830} INFO - Processing file /home/airflow/.local/lib/python3.8/site-packages/airflow/example_dags/example_complex.py for tasks to queue
[2024-01-17T15:21:59.239+0000] {logging_mixin.py:188} INFO - [2024-01-17T15:21:59.239+0000] {dagbag.py:538} INFO - Filling up the DagBag from /home/airflow/.local/lib/python3.8/site-packages/airflow/example_dags/example_complex.py
[2024-01-17T15:21:59.272+0000] {processor.py:840} INFO - DAG(s) 'example_complex' retrieved from /home/airflow/.local/lib/python3.8/site-packages/airflow/example_dags/example_complex.py
[2024-01-17T15:21:59.388+0000] {logging_mixin.py:188} INFO - [2024-01-17T15:21:59.388+0000] {dag.py:3033} INFO - Sync 1 DAGs
[2024-01-17T15:21:59.422+0000] {logging_mixin.py:188} INFO - [2024-01-17T15:21:59.421+0000] {dag.py:3820} INFO - Setting next_dagrun for example_complex to None, run_after=None
[2024-01-17T15:21:59.532+0000] {processor.py:183} INFO - Processing /home/airflow/.local/lib/python3.8/site-packages/airflow/example_dags/example_complex.py took 0.322 seconds
[2024-01-17T15:25:18.973+0000] {processor.py:161} INFO - Started process (PID=76) to work on /home/airflow/.local/lib/python3.8/site-packages/airflow/example_dags/example_complex.py
[2024-01-17T15:25:18.977+0000] {processor.py:830} INFO - Processing file /home/airflow/.local/lib/python3.8/site-packages/airflow/example_dags/example_complex.py for tasks to queue
[2024-01-17T15:25:18.981+0000] {logging_mixin.py:188} INFO - [2024-01-17T15:25:18.981+0000] {dagbag.py:538} INFO - Filling up the DagBag from /home/airflow/.local/lib/python3.8/site-packages/airflow/example_dags/example_complex.py
[2024-01-17T15:25:19.012+0000] {processor.py:840} INFO - DAG(s) 'example_complex' retrieved from /home/airflow/.local/lib/python3.8/site-packages/airflow/example_dags/example_complex.py
[2024-01-17T15:25:19.152+0000] {logging_mixin.py:188} INFO - [2024-01-17T15:25:19.152+0000] {dag.py:3033} INFO - Sync 1 DAGs
[2024-01-17T15:25:19.211+0000] {logging_mixin.py:188} INFO - [2024-01-17T15:25:19.211+0000] {dag.py:3820} INFO - Setting next_dagrun for example_complex to None, run_after=None
[2024-01-17T15:25:19.323+0000] {processor.py:183} INFO - Processing /home/airflow/.local/lib/python3.8/site-packages/airflow/example_dags/example_complex.py took 0.354 seconds
[2024-01-17T15:25:49.874+0000] {processor.py:161} INFO - Started process (PID=131) to work on /home/airflow/.local/lib/python3.8/site-packages/airflow/example_dags/example_complex.py
[2024-01-17T15:25:49.876+0000] {processor.py:830} INFO - Processing file /home/airflow/.local/lib/python3.8/site-packages/airflow/example_dags/example_complex.py for tasks to queue
[2024-01-17T15:25:49.879+0000] {logging_mixin.py:188} INFO - [2024-01-17T15:25:49.879+0000] {dagbag.py:538} INFO - Filling up the DagBag from /home/airflow/.local/lib/python3.8/site-packages/airflow/example_dags/example_complex.py
[2024-01-17T15:25:49.941+0000] {processor.py:840} INFO - DAG(s) 'example_complex' retrieved from /home/airflow/.local/lib/python3.8/site-packages/airflow/example_dags/example_complex.py
[2024-01-17T15:25:50.105+0000] {logging_mixin.py:188} INFO - [2024-01-17T15:25:50.104+0000] {dag.py:3033} INFO - Sync 1 DAGs
[2024-01-17T15:25:50.155+0000] {logging_mixin.py:188} INFO - [2024-01-17T15:25:50.155+0000] {dag.py:3820} INFO - Setting next_dagrun for example_complex to None, run_after=None
[2024-01-17T15:25:50.301+0000] {processor.py:183} INFO - Processing /home/airflow/.local/lib/python3.8/site-packages/airflow/example_dags/example_complex.py took 0.447 seconds
[2024-01-17T15:26:21.293+0000] {processor.py:161} INFO - Started process (PID=187) to work on /home/airflow/.local/lib/python3.8/site-packages/airflow/example_dags/example_complex.py
[2024-01-17T15:26:21.299+0000] {processor.py:830} INFO - Processing file /home/airflow/.local/lib/python3.8/site-packages/airflow/example_dags/example_complex.py for tasks to queue
[2024-01-17T15:26:21.304+0000] {logging_mixin.py:188} INFO - [2024-01-17T15:26:21.304+0000] {dagbag.py:538} INFO - Filling up the DagBag from /home/airflow/.local/lib/python3.8/site-packages/airflow/example_dags/example_complex.py
[2024-01-17T15:26:21.402+0000] {processor.py:840} INFO - DAG(s) 'example_complex' retrieved from /home/airflow/.local/lib/python3.8/site-packages/airflow/example_dags/example_complex.py
[2024-01-17T15:26:21.597+0000] {logging_mixin.py:188} INFO - [2024-01-17T15:26:21.597+0000] {dag.py:3033} INFO - Sync 1 DAGs
[2024-01-17T15:26:21.665+0000] {logging_mixin.py:188} INFO - [2024-01-17T15:26:21.665+0000] {dag.py:3820} INFO - Setting next_dagrun for example_complex to None, run_after=None
[2024-01-17T15:26:21.804+0000] {processor.py:183} INFO - Processing /home/airflow/.local/lib/python3.8/site-packages/airflow/example_dags/example_complex.py took 0.540 seconds
[2024-01-17T15:26:52.129+0000] {processor.py:161} INFO - Started process (PID=243) to work on /home/airflow/.local/lib/python3.8/site-packages/airflow/example_dags/example_complex.py
[2024-01-17T15:26:52.132+0000] {processor.py:830} INFO - Processing file /home/airflow/.local/lib/python3.8/site-packages/airflow/example_dags/example_complex.py for tasks to queue
[2024-01-17T15:26:52.136+0000] {logging_mixin.py:188} INFO - [2024-01-17T15:26:52.135+0000] {dagbag.py:538} INFO - Filling up the DagBag from /home/airflow/.local/lib/python3.8/site-packages/airflow/example_dags/example_complex.py
[2024-01-17T15:26:52.189+0000] {processor.py:840} INFO - DAG(s) 'example_complex' retrieved from /home/airflow/.local/lib/python3.8/site-packages/airflow/example_dags/example_complex.py
[2024-01-17T15:26:52.343+0000] {logging_mixin.py:188} INFO - [2024-01-17T15:26:52.342+0000] {dag.py:3033} INFO - Sync 1 DAGs
[2024-01-17T15:26:52.413+0000] {logging_mixin.py:188} INFO - [2024-01-17T15:26:52.413+0000] {dag.py:3820} INFO - Setting next_dagrun for example_complex to None, run_after=None
[2024-01-17T15:26:52.451+0000] {processor.py:183} INFO - Processing /home/airflow/.local/lib/python3.8/site-packages/airflow/example_dags/example_complex.py took 0.332 seconds
[2024-01-17T15:27:22.678+0000] {processor.py:161} INFO - Started process (PID=299) to work on /home/airflow/.local/lib/python3.8/site-packages/airflow/example_dags/example_complex.py
[2024-01-17T15:27:22.716+0000] {processor.py:830} INFO - Processing file /home/airflow/.local/lib/python3.8/site-packages/airflow/example_dags/example_complex.py for tasks to queue
[2024-01-17T15:27:22.719+0000] {logging_mixin.py:188} INFO - [2024-01-17T15:27:22.719+0000] {dagbag.py:538} INFO - Filling up the DagBag from /home/airflow/.local/lib/python3.8/site-packages/airflow/example_dags/example_complex.py
[2024-01-17T15:27:22.752+0000] {processor.py:840} INFO - DAG(s) 'example_complex' retrieved from /home/airflow/.local/lib/python3.8/site-packages/airflow/example_dags/example_complex.py
[2024-01-17T15:27:22.865+0000] {logging_mixin.py:188} INFO - [2024-01-17T15:27:22.865+0000] {dag.py:3033} INFO - Sync 1 DAGs
[2024-01-17T15:27:22.960+0000] {logging_mixin.py:188} INFO - [2024-01-17T15:27:22.960+0000] {dag.py:3820} INFO - Setting next_dagrun for example_complex to None, run_after=None
[2024-01-17T15:27:23.221+0000] {processor.py:183} INFO - Processing /home/airflow/.local/lib/python3.8/site-packages/airflow/example_dags/example_complex.py took 0.567 seconds
[2024-01-17T15:27:57.535+0000] {processor.py:161} INFO - Started process (PID=354) to work on /home/airflow/.local/lib/python3.8/site-packages/airflow/example_dags/example_complex.py
[2024-01-17T15:27:57.569+0000] {processor.py:830} INFO - Processing file /home/airflow/.local/lib/python3.8/site-packages/airflow/example_dags/example_complex.py for tasks to queue
[2024-01-17T15:27:57.573+0000] {logging_mixin.py:188} INFO - [2024-01-17T15:27:57.573+0000] {dagbag.py:538} INFO - Filling up the DagBag from /home/airflow/.local/lib/python3.8/site-packages/airflow/example_dags/example_complex.py
[2024-01-17T15:27:57.643+0000] {processor.py:840} INFO - DAG(s) 'example_complex' retrieved from /home/airflow/.local/lib/python3.8/site-packages/airflow/example_dags/example_complex.py
[2024-01-17T15:27:58.583+0000] {logging_mixin.py:188} INFO - [2024-01-17T15:27:58.583+0000] {dag.py:3033} INFO - Sync 1 DAGs
[2024-01-17T15:27:58.604+0000] {logging_mixin.py:188} INFO - [2024-01-17T15:27:58.604+0000] {dag.py:3820} INFO - Setting next_dagrun for example_complex to None, run_after=None
[2024-01-17T15:27:59.805+0000] {processor.py:183} INFO - Processing /home/airflow/.local/lib/python3.8/site-packages/airflow/example_dags/example_complex.py took 2.284 seconds
[2024-01-17T15:28:36.891+0000] {processor.py:161} INFO - Started process (PID=415) to work on /home/airflow/.local/lib/python3.8/site-packages/airflow/example_dags/example_complex.py
[2024-01-17T15:28:36.895+0000] {processor.py:830} INFO - Processing file /home/airflow/.local/lib/python3.8/site-packages/airflow/example_dags/example_complex.py for tasks to queue
[2024-01-17T15:28:36.916+0000] {logging_mixin.py:188} INFO - [2024-01-17T15:28:36.916+0000] {dagbag.py:538} INFO - Filling up the DagBag from /home/airflow/.local/lib/python3.8/site-packages/airflow/example_dags/example_complex.py
[2024-01-17T15:28:36.941+0000] {processor.py:840} INFO - DAG(s) 'example_complex' retrieved from /home/airflow/.local/lib/python3.8/site-packages/airflow/example_dags/example_complex.py
[2024-01-17T15:28:36.980+0000] {logging_mixin.py:188} INFO - [2024-01-17T15:28:36.978+0000] {dag.py:3033} INFO - Sync 1 DAGs
[2024-01-17T15:28:37.009+0000] {logging_mixin.py:188} INFO - [2024-01-17T15:28:37.008+0000] {dag.py:3820} INFO - Setting next_dagrun for example_complex to None, run_after=None
[2024-01-17T15:28:37.064+0000] {processor.py:183} INFO - Processing /home/airflow/.local/lib/python3.8/site-packages/airflow/example_dags/example_complex.py took 0.178 seconds
[2024-01-17T15:29:08.721+0000] {processor.py:161} INFO - Started process (PID=471) to work on /home/airflow/.local/lib/python3.8/site-packages/airflow/example_dags/example_complex.py
[2024-01-17T15:29:08.722+0000] {processor.py:830} INFO - Processing file /home/airflow/.local/lib/python3.8/site-packages/airflow/example_dags/example_complex.py for tasks to queue
[2024-01-17T15:29:08.725+0000] {logging_mixin.py:188} INFO - [2024-01-17T15:29:08.725+0000] {dagbag.py:538} INFO - Filling up the DagBag from /home/airflow/.local/lib/python3.8/site-packages/airflow/example_dags/example_complex.py
[2024-01-17T15:29:08.743+0000] {processor.py:840} INFO - DAG(s) 'example_complex' retrieved from /home/airflow/.local/lib/python3.8/site-packages/airflow/example_dags/example_complex.py
[2024-01-17T15:29:08.995+0000] {logging_mixin.py:188} INFO - [2024-01-17T15:29:08.994+0000] {dag.py:3033} INFO - Sync 1 DAGs
[2024-01-17T15:29:09.016+0000] {logging_mixin.py:188} INFO - [2024-01-17T15:29:09.016+0000] {dag.py:3820} INFO - Setting next_dagrun for example_complex to None, run_after=None
[2024-01-17T15:29:09.053+0000] {processor.py:183} INFO - Processing /home/airflow/.local/lib/python3.8/site-packages/airflow/example_dags/example_complex.py took 0.337 seconds
[2024-01-17T15:30:03.055+0000] {processor.py:161} INFO - Started process (PID=539) to work on /home/airflow/.local/lib/python3.8/site-packages/airflow/example_dags/example_complex.py
[2024-01-17T15:30:03.065+0000] {processor.py:830} INFO - Processing file /home/airflow/.local/lib/python3.8/site-packages/airflow/example_dags/example_complex.py for tasks to queue
[2024-01-17T15:30:03.072+0000] {logging_mixin.py:188} INFO - [2024-01-17T15:30:03.071+0000] {dagbag.py:538} INFO - Filling up the DagBag from /home/airflow/.local/lib/python3.8/site-packages/airflow/example_dags/example_complex.py
[2024-01-17T15:30:03.096+0000] {processor.py:840} INFO - DAG(s) 'example_complex' retrieved from /home/airflow/.local/lib/python3.8/site-packages/airflow/example_dags/example_complex.py
[2024-01-17T15:30:03.161+0000] {logging_mixin.py:188} INFO - [2024-01-17T15:30:03.160+0000] {dag.py:3033} INFO - Sync 1 DAGs
[2024-01-17T15:30:03.186+0000] {logging_mixin.py:188} INFO - [2024-01-17T15:30:03.185+0000] {dag.py:3820} INFO - Setting next_dagrun for example_complex to None, run_after=None
[2024-01-17T15:30:03.221+0000] {processor.py:183} INFO - Processing /home/airflow/.local/lib/python3.8/site-packages/airflow/example_dags/example_complex.py took 0.171 seconds
[2024-01-17T15:30:36.036+0000] {processor.py:161} INFO - Started process (PID=594) to work on /home/airflow/.local/lib/python3.8/site-packages/airflow/example_dags/example_complex.py
[2024-01-17T15:30:36.044+0000] {processor.py:830} INFO - Processing file /home/airflow/.local/lib/python3.8/site-packages/airflow/example_dags/example_complex.py for tasks to queue
[2024-01-17T15:30:36.047+0000] {logging_mixin.py:188} INFO - [2024-01-17T15:30:36.046+0000] {dagbag.py:538} INFO - Filling up the DagBag from /home/airflow/.local/lib/python3.8/site-packages/airflow/example_dags/example_complex.py
[2024-01-17T15:30:36.098+0000] {processor.py:840} INFO - DAG(s) 'example_complex' retrieved from /home/airflow/.local/lib/python3.8/site-packages/airflow/example_dags/example_complex.py
[2024-01-17T15:30:36.233+0000] {logging_mixin.py:188} INFO - [2024-01-17T15:30:36.233+0000] {dag.py:3033} INFO - Sync 1 DAGs
[2024-01-17T15:30:36.261+0000] {logging_mixin.py:188} INFO - [2024-01-17T15:30:36.260+0000] {dag.py:3820} INFO - Setting next_dagrun for example_complex to None, run_after=None
[2024-01-17T15:30:36.346+0000] {processor.py:183} INFO - Processing /home/airflow/.local/lib/python3.8/site-packages/airflow/example_dags/example_complex.py took 0.338 seconds
[2024-01-17T15:31:06.446+0000] {processor.py:161} INFO - Started process (PID=650) to work on /home/airflow/.local/lib/python3.8/site-packages/airflow/example_dags/example_complex.py
[2024-01-17T15:31:06.447+0000] {processor.py:830} INFO - Processing file /home/airflow/.local/lib/python3.8/site-packages/airflow/example_dags/example_complex.py for tasks to queue
[2024-01-17T15:31:06.450+0000] {logging_mixin.py:188} INFO - [2024-01-17T15:31:06.450+0000] {dagbag.py:538} INFO - Filling up the DagBag from /home/airflow/.local/lib/python3.8/site-packages/airflow/example_dags/example_complex.py
[2024-01-17T15:31:06.470+0000] {processor.py:840} INFO - DAG(s) 'example_complex' retrieved from /home/airflow/.local/lib/python3.8/site-packages/airflow/example_dags/example_complex.py
[2024-01-17T15:31:06.530+0000] {logging_mixin.py:188} INFO - [2024-01-17T15:31:06.530+0000] {dag.py:3033} INFO - Sync 1 DAGs
[2024-01-17T15:31:06.557+0000] {logging_mixin.py:188} INFO - [2024-01-17T15:31:06.557+0000] {dag.py:3820} INFO - Setting next_dagrun for example_complex to None, run_after=None
[2024-01-17T15:31:06.601+0000] {processor.py:183} INFO - Processing /home/airflow/.local/lib/python3.8/site-packages/airflow/example_dags/example_complex.py took 0.161 seconds
