[2024-01-17T15:13:12.386+0000] {processor.py:161} INFO - Started process (PID=87) to work on /home/airflow/.local/lib/python3.8/site-packages/airflow/example_dags/example_datasets.py
[2024-01-17T15:13:12.386+0000] {processor.py:830} INFO - Processing file /home/airflow/.local/lib/python3.8/site-packages/airflow/example_dags/example_datasets.py for tasks to queue
[2024-01-17T15:13:12.389+0000] {logging_mixin.py:188} INFO - [2024-01-17T15:13:12.389+0000] {dagbag.py:538} INFO - Filling up the DagBag from /home/airflow/.local/lib/python3.8/site-packages/airflow/example_dags/example_datasets.py
[2024-01-17T15:13:12.409+0000] {processor.py:840} INFO - DAG(s) 'dataset_consumes_1_never_scheduled', 'dataset_consumes_unknown_never_scheduled', 'dataset_consumes_1', 'dataset_produces_1', 'dataset_produces_2', 'dataset_consumes_1_and_2' retrieved from /home/airflow/.local/lib/python3.8/site-packages/airflow/example_dags/example_datasets.py
[2024-01-17T15:13:12.859+0000] {logging_mixin.py:188} INFO - [2024-01-17T15:13:12.859+0000] {dag.py:3033} INFO - Sync 6 DAGs
[2024-01-17T15:13:12.899+0000] {logging_mixin.py:188} INFO - [2024-01-17T15:13:12.899+0000] {dag.py:3820} INFO - Setting next_dagrun for dataset_consumes_1 to None, run_after=None
[2024-01-17T15:13:12.906+0000] {logging_mixin.py:188} INFO - [2024-01-17T15:13:12.905+0000] {dag.py:3820} INFO - Setting next_dagrun for dataset_consumes_1_and_2 to None, run_after=None
[2024-01-17T15:13:12.908+0000] {logging_mixin.py:188} INFO - [2024-01-17T15:13:12.908+0000] {dag.py:3820} INFO - Setting next_dagrun for dataset_consumes_1_never_scheduled to None, run_after=None
[2024-01-17T15:13:12.910+0000] {logging_mixin.py:188} INFO - [2024-01-17T15:13:12.910+0000] {dag.py:3820} INFO - Setting next_dagrun for dataset_consumes_unknown_never_scheduled to None, run_after=None
[2024-01-17T15:13:12.915+0000] {logging_mixin.py:188} INFO - [2024-01-17T15:13:12.915+0000] {dag.py:3820} INFO - Setting next_dagrun for dataset_produces_1 to 2024-01-16T00:00:00+00:00, run_after=2024-01-17T00:00:00+00:00
[2024-01-17T15:13:12.918+0000] {logging_mixin.py:188} INFO - [2024-01-17T15:13:12.917+0000] {dag.py:3820} INFO - Setting next_dagrun for dataset_produces_2 to None, run_after=None
[2024-01-17T15:13:13.135+0000] {processor.py:183} INFO - Processing /home/airflow/.local/lib/python3.8/site-packages/airflow/example_dags/example_datasets.py took 0.754 seconds
[2024-01-17T15:13:43.244+0000] {processor.py:161} INFO - Started process (PID=143) to work on /home/airflow/.local/lib/python3.8/site-packages/airflow/example_dags/example_datasets.py
[2024-01-17T15:13:43.281+0000] {processor.py:830} INFO - Processing file /home/airflow/.local/lib/python3.8/site-packages/airflow/example_dags/example_datasets.py for tasks to queue
[2024-01-17T15:13:43.292+0000] {logging_mixin.py:188} INFO - [2024-01-17T15:13:43.291+0000] {dagbag.py:538} INFO - Filling up the DagBag from /home/airflow/.local/lib/python3.8/site-packages/airflow/example_dags/example_datasets.py
[2024-01-17T15:13:43.398+0000] {processor.py:840} INFO - DAG(s) 'dataset_consumes_unknown_never_scheduled', 'dataset_consumes_1_never_scheduled', 'dataset_consumes_1_and_2', 'dataset_produces_1', 'dataset_produces_2', 'dataset_consumes_1' retrieved from /home/airflow/.local/lib/python3.8/site-packages/airflow/example_dags/example_datasets.py
[2024-01-17T15:13:43.451+0000] {logging_mixin.py:188} INFO - [2024-01-17T15:13:43.451+0000] {dag.py:3033} INFO - Sync 6 DAGs
[2024-01-17T15:13:43.489+0000] {logging_mixin.py:188} INFO - [2024-01-17T15:13:43.489+0000] {dag.py:3820} INFO - Setting next_dagrun for dataset_consumes_1 to None, run_after=None
[2024-01-17T15:13:43.493+0000] {logging_mixin.py:188} INFO - [2024-01-17T15:13:43.493+0000] {dag.py:3820} INFO - Setting next_dagrun for dataset_consumes_1_and_2 to None, run_after=None
[2024-01-17T15:13:43.495+0000] {logging_mixin.py:188} INFO - [2024-01-17T15:13:43.495+0000] {dag.py:3820} INFO - Setting next_dagrun for dataset_consumes_1_never_scheduled to None, run_after=None
[2024-01-17T15:13:43.497+0000] {logging_mixin.py:188} INFO - [2024-01-17T15:13:43.496+0000] {dag.py:3820} INFO - Setting next_dagrun for dataset_consumes_unknown_never_scheduled to None, run_after=None
[2024-01-17T15:13:43.500+0000] {logging_mixin.py:188} INFO - [2024-01-17T15:13:43.500+0000] {dag.py:3820} INFO - Setting next_dagrun for dataset_produces_1 to 2024-01-16T00:00:00+00:00, run_after=2024-01-17T00:00:00+00:00
[2024-01-17T15:13:43.502+0000] {logging_mixin.py:188} INFO - [2024-01-17T15:13:43.502+0000] {dag.py:3820} INFO - Setting next_dagrun for dataset_produces_2 to None, run_after=None
[2024-01-17T15:13:43.609+0000] {processor.py:183} INFO - Processing /home/airflow/.local/lib/python3.8/site-packages/airflow/example_dags/example_datasets.py took 0.378 seconds
[2024-01-17T15:14:14.246+0000] {processor.py:161} INFO - Started process (PID=197) to work on /home/airflow/.local/lib/python3.8/site-packages/airflow/example_dags/example_datasets.py
[2024-01-17T15:14:14.247+0000] {processor.py:830} INFO - Processing file /home/airflow/.local/lib/python3.8/site-packages/airflow/example_dags/example_datasets.py for tasks to queue
[2024-01-17T15:14:14.250+0000] {logging_mixin.py:188} INFO - [2024-01-17T15:14:14.249+0000] {dagbag.py:538} INFO - Filling up the DagBag from /home/airflow/.local/lib/python3.8/site-packages/airflow/example_dags/example_datasets.py
[2024-01-17T15:14:14.264+0000] {processor.py:840} INFO - DAG(s) 'dataset_consumes_1_and_2', 'dataset_consumes_unknown_never_scheduled', 'dataset_consumes_1', 'dataset_consumes_1_never_scheduled', 'dataset_produces_1', 'dataset_produces_2' retrieved from /home/airflow/.local/lib/python3.8/site-packages/airflow/example_dags/example_datasets.py
[2024-01-17T15:14:14.531+0000] {logging_mixin.py:188} INFO - [2024-01-17T15:14:14.531+0000] {dag.py:3033} INFO - Sync 6 DAGs
[2024-01-17T15:14:14.572+0000] {logging_mixin.py:188} INFO - [2024-01-17T15:14:14.572+0000] {dag.py:3820} INFO - Setting next_dagrun for dataset_consumes_1 to None, run_after=None
[2024-01-17T15:14:14.579+0000] {logging_mixin.py:188} INFO - [2024-01-17T15:14:14.578+0000] {dag.py:3820} INFO - Setting next_dagrun for dataset_consumes_1_and_2 to None, run_after=None
[2024-01-17T15:14:14.582+0000] {logging_mixin.py:188} INFO - [2024-01-17T15:14:14.581+0000] {dag.py:3820} INFO - Setting next_dagrun for dataset_consumes_1_never_scheduled to None, run_after=None
[2024-01-17T15:14:14.585+0000] {logging_mixin.py:188} INFO - [2024-01-17T15:14:14.584+0000] {dag.py:3820} INFO - Setting next_dagrun for dataset_consumes_unknown_never_scheduled to None, run_after=None
[2024-01-17T15:14:14.592+0000] {logging_mixin.py:188} INFO - [2024-01-17T15:14:14.591+0000] {dag.py:3820} INFO - Setting next_dagrun for dataset_produces_1 to 2024-01-16T00:00:00+00:00, run_after=2024-01-17T00:00:00+00:00
[2024-01-17T15:14:14.595+0000] {logging_mixin.py:188} INFO - [2024-01-17T15:14:14.594+0000] {dag.py:3820} INFO - Setting next_dagrun for dataset_produces_2 to None, run_after=None
[2024-01-17T15:14:14.680+0000] {processor.py:183} INFO - Processing /home/airflow/.local/lib/python3.8/site-packages/airflow/example_dags/example_datasets.py took 0.437 seconds
[2024-01-17T15:14:44.773+0000] {processor.py:161} INFO - Started process (PID=251) to work on /home/airflow/.local/lib/python3.8/site-packages/airflow/example_dags/example_datasets.py
[2024-01-17T15:14:44.774+0000] {processor.py:830} INFO - Processing file /home/airflow/.local/lib/python3.8/site-packages/airflow/example_dags/example_datasets.py for tasks to queue
[2024-01-17T15:14:44.776+0000] {logging_mixin.py:188} INFO - [2024-01-17T15:14:44.776+0000] {dagbag.py:538} INFO - Filling up the DagBag from /home/airflow/.local/lib/python3.8/site-packages/airflow/example_dags/example_datasets.py
[2024-01-17T15:14:44.787+0000] {processor.py:840} INFO - DAG(s) 'dataset_consumes_1_never_scheduled', 'dataset_consumes_1', 'dataset_consumes_1_and_2', 'dataset_produces_2', 'dataset_produces_1', 'dataset_consumes_unknown_never_scheduled' retrieved from /home/airflow/.local/lib/python3.8/site-packages/airflow/example_dags/example_datasets.py
[2024-01-17T15:14:44.837+0000] {logging_mixin.py:188} INFO - [2024-01-17T15:14:44.837+0000] {dag.py:3033} INFO - Sync 6 DAGs
[2024-01-17T15:14:44.864+0000] {logging_mixin.py:188} INFO - [2024-01-17T15:14:44.864+0000] {dag.py:3820} INFO - Setting next_dagrun for dataset_consumes_1 to None, run_after=None
[2024-01-17T15:14:44.871+0000] {logging_mixin.py:188} INFO - [2024-01-17T15:14:44.871+0000] {dag.py:3820} INFO - Setting next_dagrun for dataset_consumes_1_and_2 to None, run_after=None
[2024-01-17T15:14:44.874+0000] {logging_mixin.py:188} INFO - [2024-01-17T15:14:44.873+0000] {dag.py:3820} INFO - Setting next_dagrun for dataset_consumes_1_never_scheduled to None, run_after=None
[2024-01-17T15:14:44.876+0000] {logging_mixin.py:188} INFO - [2024-01-17T15:14:44.875+0000] {dag.py:3820} INFO - Setting next_dagrun for dataset_consumes_unknown_never_scheduled to None, run_after=None
[2024-01-17T15:14:44.880+0000] {logging_mixin.py:188} INFO - [2024-01-17T15:14:44.880+0000] {dag.py:3820} INFO - Setting next_dagrun for dataset_produces_1 to 2024-01-16T00:00:00+00:00, run_after=2024-01-17T00:00:00+00:00
[2024-01-17T15:14:44.883+0000] {logging_mixin.py:188} INFO - [2024-01-17T15:14:44.883+0000] {dag.py:3820} INFO - Setting next_dagrun for dataset_produces_2 to None, run_after=None
[2024-01-17T15:14:44.936+0000] {processor.py:183} INFO - Processing /home/airflow/.local/lib/python3.8/site-packages/airflow/example_dags/example_datasets.py took 0.166 seconds
[2024-01-17T15:15:15.476+0000] {processor.py:161} INFO - Started process (PID=305) to work on /home/airflow/.local/lib/python3.8/site-packages/airflow/example_dags/example_datasets.py
[2024-01-17T15:15:15.477+0000] {processor.py:830} INFO - Processing file /home/airflow/.local/lib/python3.8/site-packages/airflow/example_dags/example_datasets.py for tasks to queue
[2024-01-17T15:15:15.480+0000] {logging_mixin.py:188} INFO - [2024-01-17T15:15:15.479+0000] {dagbag.py:538} INFO - Filling up the DagBag from /home/airflow/.local/lib/python3.8/site-packages/airflow/example_dags/example_datasets.py
[2024-01-17T15:15:15.494+0000] {processor.py:840} INFO - DAG(s) 'dataset_consumes_unknown_never_scheduled', 'dataset_consumes_1_and_2', 'dataset_produces_1', 'dataset_produces_2', 'dataset_consumes_1', 'dataset_consumes_1_never_scheduled' retrieved from /home/airflow/.local/lib/python3.8/site-packages/airflow/example_dags/example_datasets.py
[2024-01-17T15:15:15.554+0000] {logging_mixin.py:188} INFO - [2024-01-17T15:15:15.554+0000] {dag.py:3033} INFO - Sync 6 DAGs
[2024-01-17T15:15:15.584+0000] {logging_mixin.py:188} INFO - [2024-01-17T15:15:15.584+0000] {dag.py:3820} INFO - Setting next_dagrun for dataset_consumes_1 to None, run_after=None
[2024-01-17T15:15:15.591+0000] {logging_mixin.py:188} INFO - [2024-01-17T15:15:15.590+0000] {dag.py:3820} INFO - Setting next_dagrun for dataset_consumes_1_and_2 to None, run_after=None
[2024-01-17T15:15:15.592+0000] {logging_mixin.py:188} INFO - [2024-01-17T15:15:15.592+0000] {dag.py:3820} INFO - Setting next_dagrun for dataset_consumes_1_never_scheduled to None, run_after=None
[2024-01-17T15:15:15.594+0000] {logging_mixin.py:188} INFO - [2024-01-17T15:15:15.594+0000] {dag.py:3820} INFO - Setting next_dagrun for dataset_consumes_unknown_never_scheduled to None, run_after=None
[2024-01-17T15:15:15.597+0000] {logging_mixin.py:188} INFO - [2024-01-17T15:15:15.597+0000] {dag.py:3820} INFO - Setting next_dagrun for dataset_produces_1 to 2024-01-16T00:00:00+00:00, run_after=2024-01-17T00:00:00+00:00
[2024-01-17T15:15:15.599+0000] {logging_mixin.py:188} INFO - [2024-01-17T15:15:15.599+0000] {dag.py:3820} INFO - Setting next_dagrun for dataset_produces_2 to None, run_after=None
[2024-01-17T15:15:15.697+0000] {processor.py:183} INFO - Processing /home/airflow/.local/lib/python3.8/site-packages/airflow/example_dags/example_datasets.py took 0.226 seconds
[2024-01-17T15:15:46.013+0000] {processor.py:161} INFO - Started process (PID=360) to work on /home/airflow/.local/lib/python3.8/site-packages/airflow/example_dags/example_datasets.py
[2024-01-17T15:15:46.044+0000] {processor.py:830} INFO - Processing file /home/airflow/.local/lib/python3.8/site-packages/airflow/example_dags/example_datasets.py for tasks to queue
[2024-01-17T15:15:46.058+0000] {logging_mixin.py:188} INFO - [2024-01-17T15:15:46.055+0000] {dagbag.py:538} INFO - Filling up the DagBag from /home/airflow/.local/lib/python3.8/site-packages/airflow/example_dags/example_datasets.py
[2024-01-17T15:15:46.131+0000] {processor.py:840} INFO - DAG(s) 'dataset_produces_2', 'dataset_consumes_unknown_never_scheduled', 'dataset_consumes_1_and_2', 'dataset_produces_1', 'dataset_consumes_1_never_scheduled', 'dataset_consumes_1' retrieved from /home/airflow/.local/lib/python3.8/site-packages/airflow/example_dags/example_datasets.py
[2024-01-17T15:15:46.226+0000] {logging_mixin.py:188} INFO - [2024-01-17T15:15:46.226+0000] {dag.py:3033} INFO - Sync 6 DAGs
[2024-01-17T15:15:46.259+0000] {logging_mixin.py:188} INFO - [2024-01-17T15:15:46.259+0000] {dag.py:3820} INFO - Setting next_dagrun for dataset_consumes_1 to None, run_after=None
[2024-01-17T15:15:46.264+0000] {logging_mixin.py:188} INFO - [2024-01-17T15:15:46.264+0000] {dag.py:3820} INFO - Setting next_dagrun for dataset_consumes_1_and_2 to None, run_after=None
[2024-01-17T15:15:46.266+0000] {logging_mixin.py:188} INFO - [2024-01-17T15:15:46.266+0000] {dag.py:3820} INFO - Setting next_dagrun for dataset_consumes_1_never_scheduled to None, run_after=None
[2024-01-17T15:15:46.268+0000] {logging_mixin.py:188} INFO - [2024-01-17T15:15:46.268+0000] {dag.py:3820} INFO - Setting next_dagrun for dataset_consumes_unknown_never_scheduled to None, run_after=None
[2024-01-17T15:15:46.272+0000] {logging_mixin.py:188} INFO - [2024-01-17T15:15:46.272+0000] {dag.py:3820} INFO - Setting next_dagrun for dataset_produces_1 to 2024-01-16T00:00:00+00:00, run_after=2024-01-17T00:00:00+00:00
[2024-01-17T15:15:46.275+0000] {logging_mixin.py:188} INFO - [2024-01-17T15:15:46.274+0000] {dag.py:3820} INFO - Setting next_dagrun for dataset_produces_2 to None, run_after=None
[2024-01-17T15:15:46.338+0000] {processor.py:183} INFO - Processing /home/airflow/.local/lib/python3.8/site-packages/airflow/example_dags/example_datasets.py took 0.329 seconds
[2024-01-17T15:16:16.537+0000] {processor.py:161} INFO - Started process (PID=415) to work on /home/airflow/.local/lib/python3.8/site-packages/airflow/example_dags/example_datasets.py
[2024-01-17T15:16:16.538+0000] {processor.py:830} INFO - Processing file /home/airflow/.local/lib/python3.8/site-packages/airflow/example_dags/example_datasets.py for tasks to queue
[2024-01-17T15:16:16.540+0000] {logging_mixin.py:188} INFO - [2024-01-17T15:16:16.539+0000] {dagbag.py:538} INFO - Filling up the DagBag from /home/airflow/.local/lib/python3.8/site-packages/airflow/example_dags/example_datasets.py
[2024-01-17T15:16:16.551+0000] {processor.py:840} INFO - DAG(s) 'dataset_consumes_1_never_scheduled', 'dataset_consumes_unknown_never_scheduled', 'dataset_produces_1', 'dataset_consumes_1', 'dataset_consumes_1_and_2', 'dataset_produces_2' retrieved from /home/airflow/.local/lib/python3.8/site-packages/airflow/example_dags/example_datasets.py
[2024-01-17T15:16:16.599+0000] {logging_mixin.py:188} INFO - [2024-01-17T15:16:16.599+0000] {dag.py:3033} INFO - Sync 6 DAGs
[2024-01-17T15:16:16.627+0000] {logging_mixin.py:188} INFO - [2024-01-17T15:16:16.627+0000] {dag.py:3820} INFO - Setting next_dagrun for dataset_consumes_1 to None, run_after=None
[2024-01-17T15:16:16.631+0000] {logging_mixin.py:188} INFO - [2024-01-17T15:16:16.631+0000] {dag.py:3820} INFO - Setting next_dagrun for dataset_consumes_1_and_2 to None, run_after=None
[2024-01-17T15:16:16.633+0000] {logging_mixin.py:188} INFO - [2024-01-17T15:16:16.633+0000] {dag.py:3820} INFO - Setting next_dagrun for dataset_consumes_1_never_scheduled to None, run_after=None
[2024-01-17T15:16:16.636+0000] {logging_mixin.py:188} INFO - [2024-01-17T15:16:16.635+0000] {dag.py:3820} INFO - Setting next_dagrun for dataset_consumes_unknown_never_scheduled to None, run_after=None
[2024-01-17T15:16:16.640+0000] {logging_mixin.py:188} INFO - [2024-01-17T15:16:16.640+0000] {dag.py:3820} INFO - Setting next_dagrun for dataset_produces_1 to 2024-01-16T00:00:00+00:00, run_after=2024-01-17T00:00:00+00:00
[2024-01-17T15:16:16.650+0000] {logging_mixin.py:188} INFO - [2024-01-17T15:16:16.649+0000] {dag.py:3820} INFO - Setting next_dagrun for dataset_produces_2 to None, run_after=None
[2024-01-17T15:16:16.733+0000] {processor.py:183} INFO - Processing /home/airflow/.local/lib/python3.8/site-packages/airflow/example_dags/example_datasets.py took 0.200 seconds
[2024-01-17T15:16:47.260+0000] {processor.py:161} INFO - Started process (PID=469) to work on /home/airflow/.local/lib/python3.8/site-packages/airflow/example_dags/example_datasets.py
[2024-01-17T15:16:47.261+0000] {processor.py:830} INFO - Processing file /home/airflow/.local/lib/python3.8/site-packages/airflow/example_dags/example_datasets.py for tasks to queue
[2024-01-17T15:16:47.263+0000] {logging_mixin.py:188} INFO - [2024-01-17T15:16:47.263+0000] {dagbag.py:538} INFO - Filling up the DagBag from /home/airflow/.local/lib/python3.8/site-packages/airflow/example_dags/example_datasets.py
[2024-01-17T15:16:47.279+0000] {processor.py:840} INFO - DAG(s) 'dataset_consumes_1_never_scheduled', 'dataset_consumes_unknown_never_scheduled', 'dataset_produces_2', 'dataset_consumes_1', 'dataset_consumes_1_and_2', 'dataset_produces_1' retrieved from /home/airflow/.local/lib/python3.8/site-packages/airflow/example_dags/example_datasets.py
[2024-01-17T15:16:47.335+0000] {logging_mixin.py:188} INFO - [2024-01-17T15:16:47.334+0000] {dag.py:3033} INFO - Sync 6 DAGs
[2024-01-17T15:16:47.367+0000] {logging_mixin.py:188} INFO - [2024-01-17T15:16:47.367+0000] {dag.py:3820} INFO - Setting next_dagrun for dataset_consumes_1 to None, run_after=None
[2024-01-17T15:16:47.373+0000] {logging_mixin.py:188} INFO - [2024-01-17T15:16:47.372+0000] {dag.py:3820} INFO - Setting next_dagrun for dataset_consumes_1_and_2 to None, run_after=None
[2024-01-17T15:16:47.377+0000] {logging_mixin.py:188} INFO - [2024-01-17T15:16:47.377+0000] {dag.py:3820} INFO - Setting next_dagrun for dataset_consumes_1_never_scheduled to None, run_after=None
[2024-01-17T15:16:47.380+0000] {logging_mixin.py:188} INFO - [2024-01-17T15:16:47.380+0000] {dag.py:3820} INFO - Setting next_dagrun for dataset_consumes_unknown_never_scheduled to None, run_after=None
[2024-01-17T15:16:47.386+0000] {logging_mixin.py:188} INFO - [2024-01-17T15:16:47.386+0000] {dag.py:3820} INFO - Setting next_dagrun for dataset_produces_1 to 2024-01-16T00:00:00+00:00, run_after=2024-01-17T00:00:00+00:00
[2024-01-17T15:16:47.388+0000] {logging_mixin.py:188} INFO - [2024-01-17T15:16:47.387+0000] {dag.py:3820} INFO - Setting next_dagrun for dataset_produces_2 to None, run_after=None
[2024-01-17T15:16:47.444+0000] {processor.py:183} INFO - Processing /home/airflow/.local/lib/python3.8/site-packages/airflow/example_dags/example_datasets.py took 0.189 seconds
[2024-01-17T15:17:18.520+0000] {processor.py:161} INFO - Started process (PID=524) to work on /home/airflow/.local/lib/python3.8/site-packages/airflow/example_dags/example_datasets.py
[2024-01-17T15:17:18.524+0000] {processor.py:830} INFO - Processing file /home/airflow/.local/lib/python3.8/site-packages/airflow/example_dags/example_datasets.py for tasks to queue
[2024-01-17T15:17:18.534+0000] {logging_mixin.py:188} INFO - [2024-01-17T15:17:18.534+0000] {dagbag.py:538} INFO - Filling up the DagBag from /home/airflow/.local/lib/python3.8/site-packages/airflow/example_dags/example_datasets.py
[2024-01-17T15:17:18.570+0000] {processor.py:840} INFO - DAG(s) 'dataset_produces_2', 'dataset_consumes_1_never_scheduled', 'dataset_consumes_1_and_2', 'dataset_produces_1', 'dataset_consumes_unknown_never_scheduled', 'dataset_consumes_1' retrieved from /home/airflow/.local/lib/python3.8/site-packages/airflow/example_dags/example_datasets.py
[2024-01-17T15:17:18.709+0000] {logging_mixin.py:188} INFO - [2024-01-17T15:17:18.709+0000] {dag.py:3033} INFO - Sync 6 DAGs
[2024-01-17T15:17:18.748+0000] {logging_mixin.py:188} INFO - [2024-01-17T15:17:18.748+0000] {dag.py:3820} INFO - Setting next_dagrun for dataset_consumes_1 to None, run_after=None
[2024-01-17T15:17:18.754+0000] {logging_mixin.py:188} INFO - [2024-01-17T15:17:18.754+0000] {dag.py:3820} INFO - Setting next_dagrun for dataset_consumes_1_and_2 to None, run_after=None
[2024-01-17T15:17:18.757+0000] {logging_mixin.py:188} INFO - [2024-01-17T15:17:18.756+0000] {dag.py:3820} INFO - Setting next_dagrun for dataset_consumes_1_never_scheduled to None, run_after=None
[2024-01-17T15:17:18.759+0000] {logging_mixin.py:188} INFO - [2024-01-17T15:17:18.759+0000] {dag.py:3820} INFO - Setting next_dagrun for dataset_consumes_unknown_never_scheduled to None, run_after=None
[2024-01-17T15:17:18.764+0000] {logging_mixin.py:188} INFO - [2024-01-17T15:17:18.764+0000] {dag.py:3820} INFO - Setting next_dagrun for dataset_produces_1 to 2024-01-16T00:00:00+00:00, run_after=2024-01-17T00:00:00+00:00
[2024-01-17T15:17:18.767+0000] {logging_mixin.py:188} INFO - [2024-01-17T15:17:18.766+0000] {dag.py:3820} INFO - Setting next_dagrun for dataset_produces_2 to None, run_after=None
[2024-01-17T15:17:18.825+0000] {processor.py:183} INFO - Processing /home/airflow/.local/lib/python3.8/site-packages/airflow/example_dags/example_datasets.py took 0.311 seconds
[2024-01-17T15:17:49.309+0000] {processor.py:161} INFO - Started process (PID=579) to work on /home/airflow/.local/lib/python3.8/site-packages/airflow/example_dags/example_datasets.py
[2024-01-17T15:17:49.310+0000] {processor.py:830} INFO - Processing file /home/airflow/.local/lib/python3.8/site-packages/airflow/example_dags/example_datasets.py for tasks to queue
[2024-01-17T15:17:49.312+0000] {logging_mixin.py:188} INFO - [2024-01-17T15:17:49.312+0000] {dagbag.py:538} INFO - Filling up the DagBag from /home/airflow/.local/lib/python3.8/site-packages/airflow/example_dags/example_datasets.py
[2024-01-17T15:17:49.326+0000] {processor.py:840} INFO - DAG(s) 'dataset_consumes_1', 'dataset_produces_1', 'dataset_produces_2', 'dataset_consumes_1_and_2', 'dataset_consumes_1_never_scheduled', 'dataset_consumes_unknown_never_scheduled' retrieved from /home/airflow/.local/lib/python3.8/site-packages/airflow/example_dags/example_datasets.py
[2024-01-17T15:17:49.383+0000] {logging_mixin.py:188} INFO - [2024-01-17T15:17:49.383+0000] {dag.py:3033} INFO - Sync 6 DAGs
[2024-01-17T15:17:49.415+0000] {logging_mixin.py:188} INFO - [2024-01-17T15:17:49.414+0000] {dag.py:3820} INFO - Setting next_dagrun for dataset_consumes_1 to None, run_after=None
[2024-01-17T15:17:49.419+0000] {logging_mixin.py:188} INFO - [2024-01-17T15:17:49.418+0000] {dag.py:3820} INFO - Setting next_dagrun for dataset_consumes_1_and_2 to None, run_after=None
[2024-01-17T15:17:49.420+0000] {logging_mixin.py:188} INFO - [2024-01-17T15:17:49.420+0000] {dag.py:3820} INFO - Setting next_dagrun for dataset_consumes_1_never_scheduled to None, run_after=None
[2024-01-17T15:17:49.422+0000] {logging_mixin.py:188} INFO - [2024-01-17T15:17:49.422+0000] {dag.py:3820} INFO - Setting next_dagrun for dataset_consumes_unknown_never_scheduled to None, run_after=None
[2024-01-17T15:17:49.426+0000] {logging_mixin.py:188} INFO - [2024-01-17T15:17:49.425+0000] {dag.py:3820} INFO - Setting next_dagrun for dataset_produces_1 to 2024-01-16T00:00:00+00:00, run_after=2024-01-17T00:00:00+00:00
[2024-01-17T15:17:49.427+0000] {logging_mixin.py:188} INFO - [2024-01-17T15:17:49.427+0000] {dag.py:3820} INFO - Setting next_dagrun for dataset_produces_2 to None, run_after=None
[2024-01-17T15:17:49.475+0000] {processor.py:183} INFO - Processing /home/airflow/.local/lib/python3.8/site-packages/airflow/example_dags/example_datasets.py took 0.170 seconds
[2024-01-17T15:18:20.273+0000] {processor.py:161} INFO - Started process (PID=634) to work on /home/airflow/.local/lib/python3.8/site-packages/airflow/example_dags/example_datasets.py
[2024-01-17T15:18:20.274+0000] {processor.py:830} INFO - Processing file /home/airflow/.local/lib/python3.8/site-packages/airflow/example_dags/example_datasets.py for tasks to queue
[2024-01-17T15:18:20.277+0000] {logging_mixin.py:188} INFO - [2024-01-17T15:18:20.276+0000] {dagbag.py:538} INFO - Filling up the DagBag from /home/airflow/.local/lib/python3.8/site-packages/airflow/example_dags/example_datasets.py
[2024-01-17T15:18:20.287+0000] {processor.py:840} INFO - DAG(s) 'dataset_consumes_unknown_never_scheduled', 'dataset_consumes_1_never_scheduled', 'dataset_produces_1', 'dataset_consumes_1', 'dataset_consumes_1_and_2', 'dataset_produces_2' retrieved from /home/airflow/.local/lib/python3.8/site-packages/airflow/example_dags/example_datasets.py
[2024-01-17T15:18:20.342+0000] {logging_mixin.py:188} INFO - [2024-01-17T15:18:20.342+0000] {dag.py:3033} INFO - Sync 6 DAGs
[2024-01-17T15:18:20.382+0000] {logging_mixin.py:188} INFO - [2024-01-17T15:18:20.382+0000] {dag.py:3820} INFO - Setting next_dagrun for dataset_consumes_1 to None, run_after=None
[2024-01-17T15:18:20.390+0000] {logging_mixin.py:188} INFO - [2024-01-17T15:18:20.389+0000] {dag.py:3820} INFO - Setting next_dagrun for dataset_consumes_1_and_2 to None, run_after=None
[2024-01-17T15:18:20.392+0000] {logging_mixin.py:188} INFO - [2024-01-17T15:18:20.391+0000] {dag.py:3820} INFO - Setting next_dagrun for dataset_consumes_1_never_scheduled to None, run_after=None
[2024-01-17T15:18:20.394+0000] {logging_mixin.py:188} INFO - [2024-01-17T15:18:20.393+0000] {dag.py:3820} INFO - Setting next_dagrun for dataset_consumes_unknown_never_scheduled to None, run_after=None
[2024-01-17T15:18:20.398+0000] {logging_mixin.py:188} INFO - [2024-01-17T15:18:20.398+0000] {dag.py:3820} INFO - Setting next_dagrun for dataset_produces_1 to 2024-01-16T00:00:00+00:00, run_after=2024-01-17T00:00:00+00:00
[2024-01-17T15:18:20.401+0000] {logging_mixin.py:188} INFO - [2024-01-17T15:18:20.401+0000] {dag.py:3820} INFO - Setting next_dagrun for dataset_produces_2 to None, run_after=None
[2024-01-17T15:18:20.468+0000] {processor.py:183} INFO - Processing /home/airflow/.local/lib/python3.8/site-packages/airflow/example_dags/example_datasets.py took 0.198 seconds
[2024-01-17T15:18:51.977+0000] {processor.py:161} INFO - Started process (PID=689) to work on /home/airflow/.local/lib/python3.8/site-packages/airflow/example_dags/example_datasets.py
[2024-01-17T15:18:51.979+0000] {processor.py:830} INFO - Processing file /home/airflow/.local/lib/python3.8/site-packages/airflow/example_dags/example_datasets.py for tasks to queue
[2024-01-17T15:18:51.985+0000] {logging_mixin.py:188} INFO - [2024-01-17T15:18:51.984+0000] {dagbag.py:538} INFO - Filling up the DagBag from /home/airflow/.local/lib/python3.8/site-packages/airflow/example_dags/example_datasets.py
[2024-01-17T15:18:52.016+0000] {processor.py:840} INFO - DAG(s) 'dataset_produces_1', 'dataset_consumes_1', 'dataset_produces_2', 'dataset_consumes_unknown_never_scheduled', 'dataset_consumes_1_and_2', 'dataset_consumes_1_never_scheduled' retrieved from /home/airflow/.local/lib/python3.8/site-packages/airflow/example_dags/example_datasets.py
[2024-01-17T15:18:52.091+0000] {logging_mixin.py:188} INFO - [2024-01-17T15:18:52.091+0000] {dag.py:3033} INFO - Sync 6 DAGs
[2024-01-17T15:18:52.138+0000] {logging_mixin.py:188} INFO - [2024-01-17T15:18:52.138+0000] {dag.py:3820} INFO - Setting next_dagrun for dataset_consumes_1 to None, run_after=None
[2024-01-17T15:18:52.146+0000] {logging_mixin.py:188} INFO - [2024-01-17T15:18:52.145+0000] {dag.py:3820} INFO - Setting next_dagrun for dataset_consumes_1_and_2 to None, run_after=None
[2024-01-17T15:18:52.148+0000] {logging_mixin.py:188} INFO - [2024-01-17T15:18:52.148+0000] {dag.py:3820} INFO - Setting next_dagrun for dataset_consumes_1_never_scheduled to None, run_after=None
[2024-01-17T15:18:52.152+0000] {logging_mixin.py:188} INFO - [2024-01-17T15:18:52.151+0000] {dag.py:3820} INFO - Setting next_dagrun for dataset_consumes_unknown_never_scheduled to None, run_after=None
[2024-01-17T15:18:52.159+0000] {logging_mixin.py:188} INFO - [2024-01-17T15:18:52.159+0000] {dag.py:3820} INFO - Setting next_dagrun for dataset_produces_1 to 2024-01-16T00:00:00+00:00, run_after=2024-01-17T00:00:00+00:00
[2024-01-17T15:18:52.162+0000] {logging_mixin.py:188} INFO - [2024-01-17T15:18:52.162+0000] {dag.py:3820} INFO - Setting next_dagrun for dataset_produces_2 to None, run_after=None
[2024-01-17T15:18:52.301+0000] {processor.py:183} INFO - Processing /home/airflow/.local/lib/python3.8/site-packages/airflow/example_dags/example_datasets.py took 0.336 seconds
[2024-01-17T15:19:22.984+0000] {processor.py:161} INFO - Started process (PID=744) to work on /home/airflow/.local/lib/python3.8/site-packages/airflow/example_dags/example_datasets.py
[2024-01-17T15:19:22.985+0000] {processor.py:830} INFO - Processing file /home/airflow/.local/lib/python3.8/site-packages/airflow/example_dags/example_datasets.py for tasks to queue
[2024-01-17T15:19:22.988+0000] {logging_mixin.py:188} INFO - [2024-01-17T15:19:22.988+0000] {dagbag.py:538} INFO - Filling up the DagBag from /home/airflow/.local/lib/python3.8/site-packages/airflow/example_dags/example_datasets.py
[2024-01-17T15:19:23.003+0000] {processor.py:840} INFO - DAG(s) 'dataset_produces_1', 'dataset_consumes_unknown_never_scheduled', 'dataset_produces_2', 'dataset_consumes_1', 'dataset_consumes_1_and_2', 'dataset_consumes_1_never_scheduled' retrieved from /home/airflow/.local/lib/python3.8/site-packages/airflow/example_dags/example_datasets.py
[2024-01-17T15:19:23.090+0000] {logging_mixin.py:188} INFO - [2024-01-17T15:19:23.089+0000] {dag.py:3033} INFO - Sync 6 DAGs
[2024-01-17T15:19:23.131+0000] {logging_mixin.py:188} INFO - [2024-01-17T15:19:23.131+0000] {dag.py:3820} INFO - Setting next_dagrun for dataset_consumes_1 to None, run_after=None
[2024-01-17T15:19:23.137+0000] {logging_mixin.py:188} INFO - [2024-01-17T15:19:23.136+0000] {dag.py:3820} INFO - Setting next_dagrun for dataset_consumes_1_and_2 to None, run_after=None
[2024-01-17T15:19:23.139+0000] {logging_mixin.py:188} INFO - [2024-01-17T15:19:23.139+0000] {dag.py:3820} INFO - Setting next_dagrun for dataset_consumes_1_never_scheduled to None, run_after=None
[2024-01-17T15:19:23.141+0000] {logging_mixin.py:188} INFO - [2024-01-17T15:19:23.141+0000] {dag.py:3820} INFO - Setting next_dagrun for dataset_consumes_unknown_never_scheduled to None, run_after=None
[2024-01-17T15:19:23.146+0000] {logging_mixin.py:188} INFO - [2024-01-17T15:19:23.146+0000] {dag.py:3820} INFO - Setting next_dagrun for dataset_produces_1 to 2024-01-16T00:00:00+00:00, run_after=2024-01-17T00:00:00+00:00
[2024-01-17T15:19:23.149+0000] {logging_mixin.py:188} INFO - [2024-01-17T15:19:23.148+0000] {dag.py:3820} INFO - Setting next_dagrun for dataset_produces_2 to None, run_after=None
[2024-01-17T15:19:23.261+0000] {processor.py:183} INFO - Processing /home/airflow/.local/lib/python3.8/site-packages/airflow/example_dags/example_datasets.py took 0.281 seconds
[2024-01-17T15:19:53.465+0000] {processor.py:161} INFO - Started process (PID=799) to work on /home/airflow/.local/lib/python3.8/site-packages/airflow/example_dags/example_datasets.py
[2024-01-17T15:19:53.467+0000] {processor.py:830} INFO - Processing file /home/airflow/.local/lib/python3.8/site-packages/airflow/example_dags/example_datasets.py for tasks to queue
[2024-01-17T15:19:53.470+0000] {logging_mixin.py:188} INFO - [2024-01-17T15:19:53.469+0000] {dagbag.py:538} INFO - Filling up the DagBag from /home/airflow/.local/lib/python3.8/site-packages/airflow/example_dags/example_datasets.py
[2024-01-17T15:19:53.483+0000] {processor.py:840} INFO - DAG(s) 'dataset_consumes_1_never_scheduled', 'dataset_consumes_1', 'dataset_produces_2', 'dataset_produces_1', 'dataset_consumes_1_and_2', 'dataset_consumes_unknown_never_scheduled' retrieved from /home/airflow/.local/lib/python3.8/site-packages/airflow/example_dags/example_datasets.py
[2024-01-17T15:19:53.538+0000] {logging_mixin.py:188} INFO - [2024-01-17T15:19:53.538+0000] {dag.py:3033} INFO - Sync 6 DAGs
[2024-01-17T15:19:53.568+0000] {logging_mixin.py:188} INFO - [2024-01-17T15:19:53.567+0000] {dag.py:3820} INFO - Setting next_dagrun for dataset_consumes_1 to None, run_after=None
[2024-01-17T15:19:53.572+0000] {logging_mixin.py:188} INFO - [2024-01-17T15:19:53.571+0000] {dag.py:3820} INFO - Setting next_dagrun for dataset_consumes_1_and_2 to None, run_after=None
[2024-01-17T15:19:53.573+0000] {logging_mixin.py:188} INFO - [2024-01-17T15:19:53.573+0000] {dag.py:3820} INFO - Setting next_dagrun for dataset_consumes_1_never_scheduled to None, run_after=None
[2024-01-17T15:19:53.575+0000] {logging_mixin.py:188} INFO - [2024-01-17T15:19:53.575+0000] {dag.py:3820} INFO - Setting next_dagrun for dataset_consumes_unknown_never_scheduled to None, run_after=None
[2024-01-17T15:19:53.578+0000] {logging_mixin.py:188} INFO - [2024-01-17T15:19:53.578+0000] {dag.py:3820} INFO - Setting next_dagrun for dataset_produces_1 to 2024-01-16T00:00:00+00:00, run_after=2024-01-17T00:00:00+00:00
[2024-01-17T15:19:53.580+0000] {logging_mixin.py:188} INFO - [2024-01-17T15:19:53.580+0000] {dag.py:3820} INFO - Setting next_dagrun for dataset_produces_2 to None, run_after=None
[2024-01-17T15:19:53.621+0000] {processor.py:183} INFO - Processing /home/airflow/.local/lib/python3.8/site-packages/airflow/example_dags/example_datasets.py took 0.159 seconds
[2024-01-17T15:20:24.385+0000] {processor.py:161} INFO - Started process (PID=853) to work on /home/airflow/.local/lib/python3.8/site-packages/airflow/example_dags/example_datasets.py
[2024-01-17T15:20:24.387+0000] {processor.py:830} INFO - Processing file /home/airflow/.local/lib/python3.8/site-packages/airflow/example_dags/example_datasets.py for tasks to queue
[2024-01-17T15:20:24.401+0000] {logging_mixin.py:188} INFO - [2024-01-17T15:20:24.400+0000] {dagbag.py:538} INFO - Filling up the DagBag from /home/airflow/.local/lib/python3.8/site-packages/airflow/example_dags/example_datasets.py
[2024-01-17T15:20:24.453+0000] {processor.py:840} INFO - DAG(s) 'dataset_consumes_1_never_scheduled', 'dataset_produces_2', 'dataset_produces_1', 'dataset_consumes_1_and_2', 'dataset_consumes_1', 'dataset_consumes_unknown_never_scheduled' retrieved from /home/airflow/.local/lib/python3.8/site-packages/airflow/example_dags/example_datasets.py
[2024-01-17T15:20:24.625+0000] {logging_mixin.py:188} INFO - [2024-01-17T15:20:24.624+0000] {dag.py:3033} INFO - Sync 6 DAGs
[2024-01-17T15:20:24.706+0000] {logging_mixin.py:188} INFO - [2024-01-17T15:20:24.705+0000] {dag.py:3820} INFO - Setting next_dagrun for dataset_consumes_1 to None, run_after=None
[2024-01-17T15:20:24.724+0000] {logging_mixin.py:188} INFO - [2024-01-17T15:20:24.724+0000] {dag.py:3820} INFO - Setting next_dagrun for dataset_consumes_1_and_2 to None, run_after=None
[2024-01-17T15:20:24.730+0000] {logging_mixin.py:188} INFO - [2024-01-17T15:20:24.729+0000] {dag.py:3820} INFO - Setting next_dagrun for dataset_consumes_1_never_scheduled to None, run_after=None
[2024-01-17T15:20:24.734+0000] {logging_mixin.py:188} INFO - [2024-01-17T15:20:24.734+0000] {dag.py:3820} INFO - Setting next_dagrun for dataset_consumes_unknown_never_scheduled to None, run_after=None
[2024-01-17T15:20:24.746+0000] {logging_mixin.py:188} INFO - [2024-01-17T15:20:24.741+0000] {dag.py:3820} INFO - Setting next_dagrun for dataset_produces_1 to 2024-01-16T00:00:00+00:00, run_after=2024-01-17T00:00:00+00:00
[2024-01-17T15:20:24.750+0000] {logging_mixin.py:188} INFO - [2024-01-17T15:20:24.750+0000] {dag.py:3820} INFO - Setting next_dagrun for dataset_produces_2 to None, run_after=None
[2024-01-17T15:20:24.857+0000] {processor.py:183} INFO - Processing /home/airflow/.local/lib/python3.8/site-packages/airflow/example_dags/example_datasets.py took 0.478 seconds
[2024-01-17T15:20:54.948+0000] {processor.py:161} INFO - Started process (PID=909) to work on /home/airflow/.local/lib/python3.8/site-packages/airflow/example_dags/example_datasets.py
[2024-01-17T15:20:54.950+0000] {processor.py:830} INFO - Processing file /home/airflow/.local/lib/python3.8/site-packages/airflow/example_dags/example_datasets.py for tasks to queue
[2024-01-17T15:20:54.952+0000] {logging_mixin.py:188} INFO - [2024-01-17T15:20:54.952+0000] {dagbag.py:538} INFO - Filling up the DagBag from /home/airflow/.local/lib/python3.8/site-packages/airflow/example_dags/example_datasets.py
[2024-01-17T15:20:54.968+0000] {processor.py:840} INFO - DAG(s) 'dataset_consumes_1_never_scheduled', 'dataset_consumes_unknown_never_scheduled', 'dataset_consumes_1_and_2', 'dataset_produces_1', 'dataset_consumes_1', 'dataset_produces_2' retrieved from /home/airflow/.local/lib/python3.8/site-packages/airflow/example_dags/example_datasets.py
[2024-01-17T15:20:55.018+0000] {logging_mixin.py:188} INFO - [2024-01-17T15:20:55.018+0000] {dag.py:3033} INFO - Sync 6 DAGs
[2024-01-17T15:20:55.049+0000] {logging_mixin.py:188} INFO - [2024-01-17T15:20:55.049+0000] {dag.py:3820} INFO - Setting next_dagrun for dataset_consumes_1 to None, run_after=None
[2024-01-17T15:20:55.055+0000] {logging_mixin.py:188} INFO - [2024-01-17T15:20:55.055+0000] {dag.py:3820} INFO - Setting next_dagrun for dataset_consumes_1_and_2 to None, run_after=None
[2024-01-17T15:20:55.057+0000] {logging_mixin.py:188} INFO - [2024-01-17T15:20:55.056+0000] {dag.py:3820} INFO - Setting next_dagrun for dataset_consumes_1_never_scheduled to None, run_after=None
[2024-01-17T15:20:55.058+0000] {logging_mixin.py:188} INFO - [2024-01-17T15:20:55.058+0000] {dag.py:3820} INFO - Setting next_dagrun for dataset_consumes_unknown_never_scheduled to None, run_after=None
[2024-01-17T15:20:55.063+0000] {logging_mixin.py:188} INFO - [2024-01-17T15:20:55.063+0000] {dag.py:3820} INFO - Setting next_dagrun for dataset_produces_1 to 2024-01-16T00:00:00+00:00, run_after=2024-01-17T00:00:00+00:00
[2024-01-17T15:20:55.066+0000] {logging_mixin.py:188} INFO - [2024-01-17T15:20:55.066+0000] {dag.py:3820} INFO - Setting next_dagrun for dataset_produces_2 to None, run_after=None
[2024-01-17T15:20:55.107+0000] {processor.py:183} INFO - Processing /home/airflow/.local/lib/python3.8/site-packages/airflow/example_dags/example_datasets.py took 0.164 seconds
[2024-01-17T15:21:25.459+0000] {processor.py:161} INFO - Started process (PID=962) to work on /home/airflow/.local/lib/python3.8/site-packages/airflow/example_dags/example_datasets.py
[2024-01-17T15:21:25.460+0000] {processor.py:830} INFO - Processing file /home/airflow/.local/lib/python3.8/site-packages/airflow/example_dags/example_datasets.py for tasks to queue
[2024-01-17T15:21:25.462+0000] {logging_mixin.py:188} INFO - [2024-01-17T15:21:25.462+0000] {dagbag.py:538} INFO - Filling up the DagBag from /home/airflow/.local/lib/python3.8/site-packages/airflow/example_dags/example_datasets.py
[2024-01-17T15:21:25.473+0000] {processor.py:840} INFO - DAG(s) 'dataset_consumes_1_never_scheduled', 'dataset_produces_1', 'dataset_consumes_unknown_never_scheduled', 'dataset_consumes_1', 'dataset_consumes_1_and_2', 'dataset_produces_2' retrieved from /home/airflow/.local/lib/python3.8/site-packages/airflow/example_dags/example_datasets.py
[2024-01-17T15:21:25.529+0000] {logging_mixin.py:188} INFO - [2024-01-17T15:21:25.528+0000] {dag.py:3033} INFO - Sync 6 DAGs
[2024-01-17T15:21:25.567+0000] {logging_mixin.py:188} INFO - [2024-01-17T15:21:25.566+0000] {dag.py:3820} INFO - Setting next_dagrun for dataset_consumes_1 to None, run_after=None
[2024-01-17T15:21:25.574+0000] {logging_mixin.py:188} INFO - [2024-01-17T15:21:25.574+0000] {dag.py:3820} INFO - Setting next_dagrun for dataset_consumes_1_and_2 to None, run_after=None
[2024-01-17T15:21:25.578+0000] {logging_mixin.py:188} INFO - [2024-01-17T15:21:25.578+0000] {dag.py:3820} INFO - Setting next_dagrun for dataset_consumes_1_never_scheduled to None, run_after=None
[2024-01-17T15:21:25.580+0000] {logging_mixin.py:188} INFO - [2024-01-17T15:21:25.579+0000] {dag.py:3820} INFO - Setting next_dagrun for dataset_consumes_unknown_never_scheduled to None, run_after=None
[2024-01-17T15:21:25.583+0000] {logging_mixin.py:188} INFO - [2024-01-17T15:21:25.583+0000] {dag.py:3820} INFO - Setting next_dagrun for dataset_produces_1 to 2024-01-16T00:00:00+00:00, run_after=2024-01-17T00:00:00+00:00
[2024-01-17T15:21:25.586+0000] {logging_mixin.py:188} INFO - [2024-01-17T15:21:25.585+0000] {dag.py:3820} INFO - Setting next_dagrun for dataset_produces_2 to None, run_after=None
[2024-01-17T15:21:25.636+0000] {processor.py:183} INFO - Processing /home/airflow/.local/lib/python3.8/site-packages/airflow/example_dags/example_datasets.py took 0.180 seconds
[2024-01-17T15:21:56.176+0000] {processor.py:161} INFO - Started process (PID=1016) to work on /home/airflow/.local/lib/python3.8/site-packages/airflow/example_dags/example_datasets.py
[2024-01-17T15:21:56.209+0000] {processor.py:830} INFO - Processing file /home/airflow/.local/lib/python3.8/site-packages/airflow/example_dags/example_datasets.py for tasks to queue
[2024-01-17T15:21:56.212+0000] {logging_mixin.py:188} INFO - [2024-01-17T15:21:56.212+0000] {dagbag.py:538} INFO - Filling up the DagBag from /home/airflow/.local/lib/python3.8/site-packages/airflow/example_dags/example_datasets.py
[2024-01-17T15:21:56.234+0000] {processor.py:840} INFO - DAG(s) 'dataset_consumes_unknown_never_scheduled', 'dataset_consumes_1_never_scheduled', 'dataset_consumes_1_and_2', 'dataset_consumes_1', 'dataset_produces_1', 'dataset_produces_2' retrieved from /home/airflow/.local/lib/python3.8/site-packages/airflow/example_dags/example_datasets.py
[2024-01-17T15:21:56.299+0000] {logging_mixin.py:188} INFO - [2024-01-17T15:21:56.298+0000] {dag.py:3033} INFO - Sync 6 DAGs
[2024-01-17T15:21:56.337+0000] {logging_mixin.py:188} INFO - [2024-01-17T15:21:56.337+0000] {dag.py:3820} INFO - Setting next_dagrun for dataset_consumes_1 to None, run_after=None
[2024-01-17T15:21:56.341+0000] {logging_mixin.py:188} INFO - [2024-01-17T15:21:56.341+0000] {dag.py:3820} INFO - Setting next_dagrun for dataset_consumes_1_and_2 to None, run_after=None
[2024-01-17T15:21:56.343+0000] {logging_mixin.py:188} INFO - [2024-01-17T15:21:56.343+0000] {dag.py:3820} INFO - Setting next_dagrun for dataset_consumes_1_never_scheduled to None, run_after=None
[2024-01-17T15:21:56.345+0000] {logging_mixin.py:188} INFO - [2024-01-17T15:21:56.345+0000] {dag.py:3820} INFO - Setting next_dagrun for dataset_consumes_unknown_never_scheduled to None, run_after=None
[2024-01-17T15:21:56.350+0000] {logging_mixin.py:188} INFO - [2024-01-17T15:21:56.349+0000] {dag.py:3820} INFO - Setting next_dagrun for dataset_produces_1 to 2024-01-16T00:00:00+00:00, run_after=2024-01-17T00:00:00+00:00
[2024-01-17T15:21:56.352+0000] {logging_mixin.py:188} INFO - [2024-01-17T15:21:56.351+0000] {dag.py:3820} INFO - Setting next_dagrun for dataset_produces_2 to None, run_after=None
[2024-01-17T15:21:56.433+0000] {processor.py:183} INFO - Processing /home/airflow/.local/lib/python3.8/site-packages/airflow/example_dags/example_datasets.py took 0.262 seconds
[2024-01-17T15:25:18.355+0000] {processor.py:161} INFO - Started process (PID=73) to work on /home/airflow/.local/lib/python3.8/site-packages/airflow/example_dags/example_datasets.py
[2024-01-17T15:25:18.360+0000] {processor.py:830} INFO - Processing file /home/airflow/.local/lib/python3.8/site-packages/airflow/example_dags/example_datasets.py for tasks to queue
[2024-01-17T15:25:18.363+0000] {logging_mixin.py:188} INFO - [2024-01-17T15:25:18.363+0000] {dagbag.py:538} INFO - Filling up the DagBag from /home/airflow/.local/lib/python3.8/site-packages/airflow/example_dags/example_datasets.py
[2024-01-17T15:25:18.381+0000] {processor.py:840} INFO - DAG(s) 'dataset_consumes_1_never_scheduled', 'dataset_produces_2', 'dataset_produces_1', 'dataset_consumes_1', 'dataset_consumes_1_and_2', 'dataset_consumes_unknown_never_scheduled' retrieved from /home/airflow/.local/lib/python3.8/site-packages/airflow/example_dags/example_datasets.py
[2024-01-17T15:25:18.560+0000] {logging_mixin.py:188} INFO - [2024-01-17T15:25:18.560+0000] {dag.py:3033} INFO - Sync 6 DAGs
[2024-01-17T15:25:18.645+0000] {logging_mixin.py:188} INFO - [2024-01-17T15:25:18.645+0000] {dag.py:3820} INFO - Setting next_dagrun for dataset_consumes_1 to None, run_after=None
[2024-01-17T15:25:18.664+0000] {logging_mixin.py:188} INFO - [2024-01-17T15:25:18.657+0000] {dag.py:3820} INFO - Setting next_dagrun for dataset_consumes_1_and_2 to None, run_after=None
[2024-01-17T15:25:18.682+0000] {logging_mixin.py:188} INFO - [2024-01-17T15:25:18.681+0000] {dag.py:3820} INFO - Setting next_dagrun for dataset_consumes_1_never_scheduled to None, run_after=None
[2024-01-17T15:25:18.689+0000] {logging_mixin.py:188} INFO - [2024-01-17T15:25:18.688+0000] {dag.py:3820} INFO - Setting next_dagrun for dataset_consumes_unknown_never_scheduled to None, run_after=None
[2024-01-17T15:25:18.707+0000] {logging_mixin.py:188} INFO - [2024-01-17T15:25:18.707+0000] {dag.py:3820} INFO - Setting next_dagrun for dataset_produces_1 to 2024-01-16T00:00:00+00:00, run_after=2024-01-17T00:00:00+00:00
[2024-01-17T15:25:18.717+0000] {logging_mixin.py:188} INFO - [2024-01-17T15:25:18.717+0000] {dag.py:3820} INFO - Setting next_dagrun for dataset_produces_2 to None, run_after=None
[2024-01-17T15:25:18.931+0000] {processor.py:183} INFO - Processing /home/airflow/.local/lib/python3.8/site-packages/airflow/example_dags/example_datasets.py took 0.590 seconds
[2024-01-17T15:25:49.347+0000] {processor.py:161} INFO - Started process (PID=128) to work on /home/airflow/.local/lib/python3.8/site-packages/airflow/example_dags/example_datasets.py
[2024-01-17T15:25:49.352+0000] {processor.py:830} INFO - Processing file /home/airflow/.local/lib/python3.8/site-packages/airflow/example_dags/example_datasets.py for tasks to queue
[2024-01-17T15:25:49.357+0000] {logging_mixin.py:188} INFO - [2024-01-17T15:25:49.355+0000] {dagbag.py:538} INFO - Filling up the DagBag from /home/airflow/.local/lib/python3.8/site-packages/airflow/example_dags/example_datasets.py
[2024-01-17T15:25:49.383+0000] {processor.py:840} INFO - DAG(s) 'dataset_produces_1', 'dataset_consumes_1_and_2', 'dataset_consumes_1_never_scheduled', 'dataset_consumes_unknown_never_scheduled', 'dataset_consumes_1', 'dataset_produces_2' retrieved from /home/airflow/.local/lib/python3.8/site-packages/airflow/example_dags/example_datasets.py
[2024-01-17T15:25:49.591+0000] {logging_mixin.py:188} INFO - [2024-01-17T15:25:49.591+0000] {dag.py:3033} INFO - Sync 6 DAGs
[2024-01-17T15:25:49.674+0000] {logging_mixin.py:188} INFO - [2024-01-17T15:25:49.674+0000] {dag.py:3820} INFO - Setting next_dagrun for dataset_consumes_1 to None, run_after=None
[2024-01-17T15:25:49.680+0000] {logging_mixin.py:188} INFO - [2024-01-17T15:25:49.680+0000] {dag.py:3820} INFO - Setting next_dagrun for dataset_consumes_1_and_2 to None, run_after=None
[2024-01-17T15:25:49.683+0000] {logging_mixin.py:188} INFO - [2024-01-17T15:25:49.682+0000] {dag.py:3820} INFO - Setting next_dagrun for dataset_consumes_1_never_scheduled to None, run_after=None
[2024-01-17T15:25:49.691+0000] {logging_mixin.py:188} INFO - [2024-01-17T15:25:49.691+0000] {dag.py:3820} INFO - Setting next_dagrun for dataset_consumes_unknown_never_scheduled to None, run_after=None
[2024-01-17T15:25:49.698+0000] {logging_mixin.py:188} INFO - [2024-01-17T15:25:49.698+0000] {dag.py:3820} INFO - Setting next_dagrun for dataset_produces_1 to 2024-01-16T00:00:00+00:00, run_after=2024-01-17T00:00:00+00:00
[2024-01-17T15:25:49.703+0000] {logging_mixin.py:188} INFO - [2024-01-17T15:25:49.703+0000] {dag.py:3820} INFO - Setting next_dagrun for dataset_produces_2 to None, run_after=None
[2024-01-17T15:25:49.806+0000] {processor.py:183} INFO - Processing /home/airflow/.local/lib/python3.8/site-packages/airflow/example_dags/example_datasets.py took 0.465 seconds
[2024-01-17T15:26:20.364+0000] {processor.py:161} INFO - Started process (PID=184) to work on /home/airflow/.local/lib/python3.8/site-packages/airflow/example_dags/example_datasets.py
[2024-01-17T15:26:20.371+0000] {processor.py:830} INFO - Processing file /home/airflow/.local/lib/python3.8/site-packages/airflow/example_dags/example_datasets.py for tasks to queue
[2024-01-17T15:26:20.373+0000] {logging_mixin.py:188} INFO - [2024-01-17T15:26:20.373+0000] {dagbag.py:538} INFO - Filling up the DagBag from /home/airflow/.local/lib/python3.8/site-packages/airflow/example_dags/example_datasets.py
[2024-01-17T15:26:20.449+0000] {processor.py:840} INFO - DAG(s) 'dataset_consumes_1', 'dataset_consumes_1_and_2', 'dataset_produces_1', 'dataset_consumes_1_never_scheduled', 'dataset_produces_2', 'dataset_consumes_unknown_never_scheduled' retrieved from /home/airflow/.local/lib/python3.8/site-packages/airflow/example_dags/example_datasets.py
[2024-01-17T15:26:20.718+0000] {logging_mixin.py:188} INFO - [2024-01-17T15:26:20.717+0000] {dag.py:3033} INFO - Sync 6 DAGs
[2024-01-17T15:26:20.863+0000] {logging_mixin.py:188} INFO - [2024-01-17T15:26:20.863+0000] {dag.py:3820} INFO - Setting next_dagrun for dataset_consumes_1 to None, run_after=None
[2024-01-17T15:26:20.884+0000] {logging_mixin.py:188} INFO - [2024-01-17T15:26:20.884+0000] {dag.py:3820} INFO - Setting next_dagrun for dataset_consumes_1_and_2 to None, run_after=None
[2024-01-17T15:26:20.887+0000] {logging_mixin.py:188} INFO - [2024-01-17T15:26:20.886+0000] {dag.py:3820} INFO - Setting next_dagrun for dataset_consumes_1_never_scheduled to None, run_after=None
[2024-01-17T15:26:20.916+0000] {logging_mixin.py:188} INFO - [2024-01-17T15:26:20.916+0000] {dag.py:3820} INFO - Setting next_dagrun for dataset_consumes_unknown_never_scheduled to None, run_after=None
[2024-01-17T15:26:20.926+0000] {logging_mixin.py:188} INFO - [2024-01-17T15:26:20.926+0000] {dag.py:3820} INFO - Setting next_dagrun for dataset_produces_1 to 2024-01-16T00:00:00+00:00, run_after=2024-01-17T00:00:00+00:00
[2024-01-17T15:26:20.944+0000] {logging_mixin.py:188} INFO - [2024-01-17T15:26:20.944+0000] {dag.py:3820} INFO - Setting next_dagrun for dataset_produces_2 to None, run_after=None
[2024-01-17T15:26:21.142+0000] {processor.py:183} INFO - Processing /home/airflow/.local/lib/python3.8/site-packages/airflow/example_dags/example_datasets.py took 0.784 seconds
[2024-01-17T15:26:51.300+0000] {processor.py:161} INFO - Started process (PID=240) to work on /home/airflow/.local/lib/python3.8/site-packages/airflow/example_dags/example_datasets.py
[2024-01-17T15:26:51.302+0000] {processor.py:830} INFO - Processing file /home/airflow/.local/lib/python3.8/site-packages/airflow/example_dags/example_datasets.py for tasks to queue
[2024-01-17T15:26:51.309+0000] {logging_mixin.py:188} INFO - [2024-01-17T15:26:51.308+0000] {dagbag.py:538} INFO - Filling up the DagBag from /home/airflow/.local/lib/python3.8/site-packages/airflow/example_dags/example_datasets.py
[2024-01-17T15:26:51.336+0000] {processor.py:840} INFO - DAG(s) 'dataset_consumes_unknown_never_scheduled', 'dataset_produces_2', 'dataset_consumes_1_and_2', 'dataset_consumes_1', 'dataset_produces_1', 'dataset_consumes_1_never_scheduled' retrieved from /home/airflow/.local/lib/python3.8/site-packages/airflow/example_dags/example_datasets.py
[2024-01-17T15:26:51.492+0000] {logging_mixin.py:188} INFO - [2024-01-17T15:26:51.492+0000] {dag.py:3033} INFO - Sync 6 DAGs
[2024-01-17T15:26:51.584+0000] {logging_mixin.py:188} INFO - [2024-01-17T15:26:51.584+0000] {dag.py:3820} INFO - Setting next_dagrun for dataset_consumes_1 to None, run_after=None
[2024-01-17T15:26:51.593+0000] {logging_mixin.py:188} INFO - [2024-01-17T15:26:51.593+0000] {dag.py:3820} INFO - Setting next_dagrun for dataset_consumes_1_and_2 to None, run_after=None
[2024-01-17T15:26:51.597+0000] {logging_mixin.py:188} INFO - [2024-01-17T15:26:51.597+0000] {dag.py:3820} INFO - Setting next_dagrun for dataset_consumes_1_never_scheduled to None, run_after=None
[2024-01-17T15:26:51.601+0000] {logging_mixin.py:188} INFO - [2024-01-17T15:26:51.600+0000] {dag.py:3820} INFO - Setting next_dagrun for dataset_consumes_unknown_never_scheduled to None, run_after=None
[2024-01-17T15:26:51.612+0000] {logging_mixin.py:188} INFO - [2024-01-17T15:26:51.611+0000] {dag.py:3820} INFO - Setting next_dagrun for dataset_produces_1 to 2024-01-16T00:00:00+00:00, run_after=2024-01-17T00:00:00+00:00
[2024-01-17T15:26:51.617+0000] {logging_mixin.py:188} INFO - [2024-01-17T15:26:51.617+0000] {dag.py:3820} INFO - Setting next_dagrun for dataset_produces_2 to None, run_after=None
[2024-01-17T15:26:51.783+0000] {processor.py:183} INFO - Processing /home/airflow/.local/lib/python3.8/site-packages/airflow/example_dags/example_datasets.py took 0.493 seconds
[2024-01-17T15:27:21.941+0000] {processor.py:161} INFO - Started process (PID=297) to work on /home/airflow/.local/lib/python3.8/site-packages/airflow/example_dags/example_datasets.py
[2024-01-17T15:27:21.944+0000] {processor.py:830} INFO - Processing file /home/airflow/.local/lib/python3.8/site-packages/airflow/example_dags/example_datasets.py for tasks to queue
[2024-01-17T15:27:21.947+0000] {logging_mixin.py:188} INFO - [2024-01-17T15:27:21.947+0000] {dagbag.py:538} INFO - Filling up the DagBag from /home/airflow/.local/lib/python3.8/site-packages/airflow/example_dags/example_datasets.py
[2024-01-17T15:27:21.993+0000] {processor.py:840} INFO - DAG(s) 'dataset_produces_1', 'dataset_consumes_1_and_2', 'dataset_consumes_1', 'dataset_consumes_1_never_scheduled', 'dataset_consumes_unknown_never_scheduled', 'dataset_produces_2' retrieved from /home/airflow/.local/lib/python3.8/site-packages/airflow/example_dags/example_datasets.py
[2024-01-17T15:27:22.173+0000] {logging_mixin.py:188} INFO - [2024-01-17T15:27:22.172+0000] {dag.py:3033} INFO - Sync 6 DAGs
[2024-01-17T15:27:22.267+0000] {logging_mixin.py:188} INFO - [2024-01-17T15:27:22.267+0000] {dag.py:3820} INFO - Setting next_dagrun for dataset_consumes_1 to None, run_after=None
[2024-01-17T15:27:22.284+0000] {logging_mixin.py:188} INFO - [2024-01-17T15:27:22.284+0000] {dag.py:3820} INFO - Setting next_dagrun for dataset_consumes_1_and_2 to None, run_after=None
[2024-01-17T15:27:22.287+0000] {logging_mixin.py:188} INFO - [2024-01-17T15:27:22.286+0000] {dag.py:3820} INFO - Setting next_dagrun for dataset_consumes_1_never_scheduled to None, run_after=None
[2024-01-17T15:27:22.295+0000] {logging_mixin.py:188} INFO - [2024-01-17T15:27:22.295+0000] {dag.py:3820} INFO - Setting next_dagrun for dataset_consumes_unknown_never_scheduled to None, run_after=None
[2024-01-17T15:27:22.302+0000] {logging_mixin.py:188} INFO - [2024-01-17T15:27:22.302+0000] {dag.py:3820} INFO - Setting next_dagrun for dataset_produces_1 to 2024-01-16T00:00:00+00:00, run_after=2024-01-17T00:00:00+00:00
[2024-01-17T15:27:22.305+0000] {logging_mixin.py:188} INFO - [2024-01-17T15:27:22.305+0000] {dag.py:3820} INFO - Setting next_dagrun for dataset_produces_2 to None, run_after=None
[2024-01-17T15:27:22.582+0000] {processor.py:183} INFO - Processing /home/airflow/.local/lib/python3.8/site-packages/airflow/example_dags/example_datasets.py took 0.650 seconds
[2024-01-17T15:27:55.326+0000] {processor.py:161} INFO - Started process (PID=352) to work on /home/airflow/.local/lib/python3.8/site-packages/airflow/example_dags/example_datasets.py
[2024-01-17T15:27:55.393+0000] {processor.py:830} INFO - Processing file /home/airflow/.local/lib/python3.8/site-packages/airflow/example_dags/example_datasets.py for tasks to queue
[2024-01-17T15:27:55.399+0000] {logging_mixin.py:188} INFO - [2024-01-17T15:27:55.398+0000] {dagbag.py:538} INFO - Filling up the DagBag from /home/airflow/.local/lib/python3.8/site-packages/airflow/example_dags/example_datasets.py
[2024-01-17T15:27:55.415+0000] {processor.py:840} INFO - DAG(s) 'dataset_consumes_1_and_2', 'dataset_consumes_1_never_scheduled', 'dataset_produces_1', 'dataset_consumes_unknown_never_scheduled', 'dataset_consumes_1', 'dataset_produces_2' retrieved from /home/airflow/.local/lib/python3.8/site-packages/airflow/example_dags/example_datasets.py
[2024-01-17T15:27:55.513+0000] {logging_mixin.py:188} INFO - [2024-01-17T15:27:55.513+0000] {dag.py:3033} INFO - Sync 6 DAGs
[2024-01-17T15:27:55.579+0000] {logging_mixin.py:188} INFO - [2024-01-17T15:27:55.579+0000] {dag.py:3820} INFO - Setting next_dagrun for dataset_consumes_1 to None, run_after=None
[2024-01-17T15:27:55.591+0000] {logging_mixin.py:188} INFO - [2024-01-17T15:27:55.590+0000] {dag.py:3820} INFO - Setting next_dagrun for dataset_consumes_1_and_2 to None, run_after=None
[2024-01-17T15:27:55.596+0000] {logging_mixin.py:188} INFO - [2024-01-17T15:27:55.596+0000] {dag.py:3820} INFO - Setting next_dagrun for dataset_consumes_1_never_scheduled to None, run_after=None
[2024-01-17T15:27:55.603+0000] {logging_mixin.py:188} INFO - [2024-01-17T15:27:55.603+0000] {dag.py:3820} INFO - Setting next_dagrun for dataset_consumes_unknown_never_scheduled to None, run_after=None
[2024-01-17T15:27:55.611+0000] {logging_mixin.py:188} INFO - [2024-01-17T15:27:55.611+0000] {dag.py:3820} INFO - Setting next_dagrun for dataset_produces_1 to 2024-01-16T00:00:00+00:00, run_after=2024-01-17T00:00:00+00:00
[2024-01-17T15:27:55.621+0000] {logging_mixin.py:188} INFO - [2024-01-17T15:27:55.621+0000] {dag.py:3820} INFO - Setting next_dagrun for dataset_produces_2 to None, run_after=None
[2024-01-17T15:27:56.209+0000] {processor.py:183} INFO - Processing /home/airflow/.local/lib/python3.8/site-packages/airflow/example_dags/example_datasets.py took 0.894 seconds
[2024-01-17T15:28:36.467+0000] {processor.py:161} INFO - Started process (PID=412) to work on /home/airflow/.local/lib/python3.8/site-packages/airflow/example_dags/example_datasets.py
[2024-01-17T15:28:36.468+0000] {processor.py:830} INFO - Processing file /home/airflow/.local/lib/python3.8/site-packages/airflow/example_dags/example_datasets.py for tasks to queue
[2024-01-17T15:28:36.471+0000] {logging_mixin.py:188} INFO - [2024-01-17T15:28:36.471+0000] {dagbag.py:538} INFO - Filling up the DagBag from /home/airflow/.local/lib/python3.8/site-packages/airflow/example_dags/example_datasets.py
[2024-01-17T15:28:36.486+0000] {processor.py:840} INFO - DAG(s) 'dataset_consumes_1_never_scheduled', 'dataset_consumes_unknown_never_scheduled', 'dataset_produces_1', 'dataset_produces_2', 'dataset_consumes_1_and_2', 'dataset_consumes_1' retrieved from /home/airflow/.local/lib/python3.8/site-packages/airflow/example_dags/example_datasets.py
[2024-01-17T15:28:36.509+0000] {logging_mixin.py:188} INFO - [2024-01-17T15:28:36.508+0000] {dag.py:3033} INFO - Sync 6 DAGs
[2024-01-17T15:28:36.582+0000] {logging_mixin.py:188} INFO - [2024-01-17T15:28:36.581+0000] {dag.py:3820} INFO - Setting next_dagrun for dataset_consumes_1 to None, run_after=None
[2024-01-17T15:28:36.588+0000] {logging_mixin.py:188} INFO - [2024-01-17T15:28:36.588+0000] {dag.py:3820} INFO - Setting next_dagrun for dataset_consumes_1_and_2 to None, run_after=None
[2024-01-17T15:28:36.590+0000] {logging_mixin.py:188} INFO - [2024-01-17T15:28:36.590+0000] {dag.py:3820} INFO - Setting next_dagrun for dataset_consumes_1_never_scheduled to None, run_after=None
[2024-01-17T15:28:36.593+0000] {logging_mixin.py:188} INFO - [2024-01-17T15:28:36.592+0000] {dag.py:3820} INFO - Setting next_dagrun for dataset_consumes_unknown_never_scheduled to None, run_after=None
[2024-01-17T15:28:36.598+0000] {logging_mixin.py:188} INFO - [2024-01-17T15:28:36.598+0000] {dag.py:3820} INFO - Setting next_dagrun for dataset_produces_1 to 2024-01-16T00:00:00+00:00, run_after=2024-01-17T00:00:00+00:00
[2024-01-17T15:28:36.602+0000] {logging_mixin.py:188} INFO - [2024-01-17T15:28:36.602+0000] {dag.py:3820} INFO - Setting next_dagrun for dataset_produces_2 to None, run_after=None
[2024-01-17T15:28:36.698+0000] {processor.py:183} INFO - Processing /home/airflow/.local/lib/python3.8/site-packages/airflow/example_dags/example_datasets.py took 0.235 seconds
[2024-01-17T15:29:08.037+0000] {processor.py:161} INFO - Started process (PID=468) to work on /home/airflow/.local/lib/python3.8/site-packages/airflow/example_dags/example_datasets.py
[2024-01-17T15:29:08.039+0000] {processor.py:830} INFO - Processing file /home/airflow/.local/lib/python3.8/site-packages/airflow/example_dags/example_datasets.py for tasks to queue
[2024-01-17T15:29:08.042+0000] {logging_mixin.py:188} INFO - [2024-01-17T15:29:08.042+0000] {dagbag.py:538} INFO - Filling up the DagBag from /home/airflow/.local/lib/python3.8/site-packages/airflow/example_dags/example_datasets.py
[2024-01-17T15:29:08.059+0000] {processor.py:840} INFO - DAG(s) 'dataset_produces_2', 'dataset_consumes_1_never_scheduled', 'dataset_consumes_unknown_never_scheduled', 'dataset_consumes_1', 'dataset_produces_1', 'dataset_consumes_1_and_2' retrieved from /home/airflow/.local/lib/python3.8/site-packages/airflow/example_dags/example_datasets.py
[2024-01-17T15:29:08.423+0000] {logging_mixin.py:188} INFO - [2024-01-17T15:29:08.422+0000] {dag.py:3033} INFO - Sync 6 DAGs
[2024-01-17T15:29:08.468+0000] {logging_mixin.py:188} INFO - [2024-01-17T15:29:08.467+0000] {dag.py:3820} INFO - Setting next_dagrun for dataset_consumes_1 to None, run_after=None
[2024-01-17T15:29:08.473+0000] {logging_mixin.py:188} INFO - [2024-01-17T15:29:08.473+0000] {dag.py:3820} INFO - Setting next_dagrun for dataset_consumes_1_and_2 to None, run_after=None
[2024-01-17T15:29:08.475+0000] {logging_mixin.py:188} INFO - [2024-01-17T15:29:08.475+0000] {dag.py:3820} INFO - Setting next_dagrun for dataset_consumes_1_never_scheduled to None, run_after=None
[2024-01-17T15:29:08.481+0000] {logging_mixin.py:188} INFO - [2024-01-17T15:29:08.481+0000] {dag.py:3820} INFO - Setting next_dagrun for dataset_consumes_unknown_never_scheduled to None, run_after=None
[2024-01-17T15:29:08.488+0000] {logging_mixin.py:188} INFO - [2024-01-17T15:29:08.487+0000] {dag.py:3820} INFO - Setting next_dagrun for dataset_produces_1 to 2024-01-16T00:00:00+00:00, run_after=2024-01-17T00:00:00+00:00
[2024-01-17T15:29:08.492+0000] {logging_mixin.py:188} INFO - [2024-01-17T15:29:08.491+0000] {dag.py:3820} INFO - Setting next_dagrun for dataset_produces_2 to None, run_after=None
[2024-01-17T15:29:08.669+0000] {processor.py:183} INFO - Processing /home/airflow/.local/lib/python3.8/site-packages/airflow/example_dags/example_datasets.py took 0.637 seconds
[2024-01-17T15:30:02.692+0000] {processor.py:161} INFO - Started process (PID=536) to work on /home/airflow/.local/lib/python3.8/site-packages/airflow/example_dags/example_datasets.py
[2024-01-17T15:30:02.693+0000] {processor.py:830} INFO - Processing file /home/airflow/.local/lib/python3.8/site-packages/airflow/example_dags/example_datasets.py for tasks to queue
[2024-01-17T15:30:02.696+0000] {logging_mixin.py:188} INFO - [2024-01-17T15:30:02.695+0000] {dagbag.py:538} INFO - Filling up the DagBag from /home/airflow/.local/lib/python3.8/site-packages/airflow/example_dags/example_datasets.py
[2024-01-17T15:30:02.711+0000] {processor.py:840} INFO - DAG(s) 'dataset_consumes_1', 'dataset_consumes_1_and_2', 'dataset_produces_1', 'dataset_consumes_1_never_scheduled', 'dataset_consumes_unknown_never_scheduled', 'dataset_produces_2' retrieved from /home/airflow/.local/lib/python3.8/site-packages/airflow/example_dags/example_datasets.py
[2024-01-17T15:30:02.776+0000] {logging_mixin.py:188} INFO - [2024-01-17T15:30:02.776+0000] {dag.py:3033} INFO - Sync 6 DAGs
[2024-01-17T15:30:02.813+0000] {logging_mixin.py:188} INFO - [2024-01-17T15:30:02.813+0000] {dag.py:3820} INFO - Setting next_dagrun for dataset_consumes_1 to None, run_after=None
[2024-01-17T15:30:02.817+0000] {logging_mixin.py:188} INFO - [2024-01-17T15:30:02.817+0000] {dag.py:3820} INFO - Setting next_dagrun for dataset_consumes_1_and_2 to None, run_after=None
[2024-01-17T15:30:02.819+0000] {logging_mixin.py:188} INFO - [2024-01-17T15:30:02.819+0000] {dag.py:3820} INFO - Setting next_dagrun for dataset_consumes_1_never_scheduled to None, run_after=None
[2024-01-17T15:30:02.820+0000] {logging_mixin.py:188} INFO - [2024-01-17T15:30:02.820+0000] {dag.py:3820} INFO - Setting next_dagrun for dataset_consumes_unknown_never_scheduled to None, run_after=None
[2024-01-17T15:30:02.825+0000] {logging_mixin.py:188} INFO - [2024-01-17T15:30:02.825+0000] {dag.py:3820} INFO - Setting next_dagrun for dataset_produces_1 to 2024-01-16T00:00:00+00:00, run_after=2024-01-17T00:00:00+00:00
[2024-01-17T15:30:02.827+0000] {logging_mixin.py:188} INFO - [2024-01-17T15:30:02.827+0000] {dag.py:3820} INFO - Setting next_dagrun for dataset_produces_2 to None, run_after=None
[2024-01-17T15:30:02.878+0000] {processor.py:183} INFO - Processing /home/airflow/.local/lib/python3.8/site-packages/airflow/example_dags/example_datasets.py took 0.191 seconds
[2024-01-17T15:30:35.425+0000] {processor.py:161} INFO - Started process (PID=591) to work on /home/airflow/.local/lib/python3.8/site-packages/airflow/example_dags/example_datasets.py
[2024-01-17T15:30:35.426+0000] {processor.py:830} INFO - Processing file /home/airflow/.local/lib/python3.8/site-packages/airflow/example_dags/example_datasets.py for tasks to queue
[2024-01-17T15:30:35.429+0000] {logging_mixin.py:188} INFO - [2024-01-17T15:30:35.428+0000] {dagbag.py:538} INFO - Filling up the DagBag from /home/airflow/.local/lib/python3.8/site-packages/airflow/example_dags/example_datasets.py
[2024-01-17T15:30:35.476+0000] {processor.py:840} INFO - DAG(s) 'dataset_consumes_1', 'dataset_consumes_1_never_scheduled', 'dataset_consumes_unknown_never_scheduled', 'dataset_consumes_1_and_2', 'dataset_produces_2', 'dataset_produces_1' retrieved from /home/airflow/.local/lib/python3.8/site-packages/airflow/example_dags/example_datasets.py
[2024-01-17T15:30:35.540+0000] {logging_mixin.py:188} INFO - [2024-01-17T15:30:35.540+0000] {dag.py:3033} INFO - Sync 6 DAGs
[2024-01-17T15:30:35.611+0000] {logging_mixin.py:188} INFO - [2024-01-17T15:30:35.611+0000] {dag.py:3820} INFO - Setting next_dagrun for dataset_consumes_1 to None, run_after=None
[2024-01-17T15:30:35.617+0000] {logging_mixin.py:188} INFO - [2024-01-17T15:30:35.617+0000] {dag.py:3820} INFO - Setting next_dagrun for dataset_consumes_1_and_2 to None, run_after=None
[2024-01-17T15:30:35.619+0000] {logging_mixin.py:188} INFO - [2024-01-17T15:30:35.619+0000] {dag.py:3820} INFO - Setting next_dagrun for dataset_consumes_1_never_scheduled to None, run_after=None
[2024-01-17T15:30:35.622+0000] {logging_mixin.py:188} INFO - [2024-01-17T15:30:35.622+0000] {dag.py:3820} INFO - Setting next_dagrun for dataset_consumes_unknown_never_scheduled to None, run_after=None
[2024-01-17T15:30:35.632+0000] {logging_mixin.py:188} INFO - [2024-01-17T15:30:35.632+0000] {dag.py:3820} INFO - Setting next_dagrun for dataset_produces_1 to 2024-01-16T00:00:00+00:00, run_after=2024-01-17T00:00:00+00:00
[2024-01-17T15:30:35.642+0000] {logging_mixin.py:188} INFO - [2024-01-17T15:30:35.642+0000] {dag.py:3820} INFO - Setting next_dagrun for dataset_produces_2 to None, run_after=None
[2024-01-17T15:30:35.808+0000] {processor.py:183} INFO - Processing /home/airflow/.local/lib/python3.8/site-packages/airflow/example_dags/example_datasets.py took 0.407 seconds
[2024-01-17T15:31:05.980+0000] {processor.py:161} INFO - Started process (PID=647) to work on /home/airflow/.local/lib/python3.8/site-packages/airflow/example_dags/example_datasets.py
[2024-01-17T15:31:05.986+0000] {processor.py:830} INFO - Processing file /home/airflow/.local/lib/python3.8/site-packages/airflow/example_dags/example_datasets.py for tasks to queue
[2024-01-17T15:31:05.989+0000] {logging_mixin.py:188} INFO - [2024-01-17T15:31:05.988+0000] {dagbag.py:538} INFO - Filling up the DagBag from /home/airflow/.local/lib/python3.8/site-packages/airflow/example_dags/example_datasets.py
[2024-01-17T15:31:06.015+0000] {processor.py:840} INFO - DAG(s) 'dataset_consumes_1', 'dataset_produces_1', 'dataset_consumes_unknown_never_scheduled', 'dataset_produces_2', 'dataset_consumes_1_never_scheduled', 'dataset_consumes_1_and_2' retrieved from /home/airflow/.local/lib/python3.8/site-packages/airflow/example_dags/example_datasets.py
[2024-01-17T15:31:06.089+0000] {logging_mixin.py:188} INFO - [2024-01-17T15:31:06.089+0000] {dag.py:3033} INFO - Sync 6 DAGs
[2024-01-17T15:31:06.138+0000] {logging_mixin.py:188} INFO - [2024-01-17T15:31:06.138+0000] {dag.py:3820} INFO - Setting next_dagrun for dataset_consumes_1 to None, run_after=None
[2024-01-17T15:31:06.147+0000] {logging_mixin.py:188} INFO - [2024-01-17T15:31:06.147+0000] {dag.py:3820} INFO - Setting next_dagrun for dataset_consumes_1_and_2 to None, run_after=None
[2024-01-17T15:31:06.149+0000] {logging_mixin.py:188} INFO - [2024-01-17T15:31:06.149+0000] {dag.py:3820} INFO - Setting next_dagrun for dataset_consumes_1_never_scheduled to None, run_after=None
[2024-01-17T15:31:06.152+0000] {logging_mixin.py:188} INFO - [2024-01-17T15:31:06.151+0000] {dag.py:3820} INFO - Setting next_dagrun for dataset_consumes_unknown_never_scheduled to None, run_after=None
[2024-01-17T15:31:06.158+0000] {logging_mixin.py:188} INFO - [2024-01-17T15:31:06.158+0000] {dag.py:3820} INFO - Setting next_dagrun for dataset_produces_1 to 2024-01-16T00:00:00+00:00, run_after=2024-01-17T00:00:00+00:00
[2024-01-17T15:31:06.160+0000] {logging_mixin.py:188} INFO - [2024-01-17T15:31:06.160+0000] {dag.py:3820} INFO - Setting next_dagrun for dataset_produces_2 to None, run_after=None
[2024-01-17T15:31:06.411+0000] {processor.py:183} INFO - Processing /home/airflow/.local/lib/python3.8/site-packages/airflow/example_dags/example_datasets.py took 0.436 seconds
