[2024-01-17T15:13:05.231+0000] {processor.py:161} INFO - Started process (PID=62) to work on /home/airflow/.local/lib/python3.8/site-packages/airflow/example_dags/example_task_group_decorator.py
[2024-01-17T15:13:05.236+0000] {processor.py:830} INFO - Processing file /home/airflow/.local/lib/python3.8/site-packages/airflow/example_dags/example_task_group_decorator.py for tasks to queue
[2024-01-17T15:13:05.243+0000] {logging_mixin.py:188} INFO - [2024-01-17T15:13:05.242+0000] {dagbag.py:538} INFO - Filling up the DagBag from /home/airflow/.local/lib/python3.8/site-packages/airflow/example_dags/example_task_group_decorator.py
[2024-01-17T15:13:05.324+0000] {processor.py:840} INFO - DAG(s) 'example_task_group_decorator' retrieved from /home/airflow/.local/lib/python3.8/site-packages/airflow/example_dags/example_task_group_decorator.py
[2024-01-17T15:13:05.567+0000] {logging_mixin.py:188} INFO - [2024-01-17T15:13:05.567+0000] {dag.py:3033} INFO - Sync 1 DAGs
[2024-01-17T15:13:05.602+0000] {logging_mixin.py:188} INFO - [2024-01-17T15:13:05.602+0000] {dag.py:3820} INFO - Setting next_dagrun for example_task_group_decorator to 2024-01-16T00:00:00+00:00, run_after=2024-01-17T00:00:00+00:00
[2024-01-17T15:13:05.644+0000] {processor.py:183} INFO - Processing /home/airflow/.local/lib/python3.8/site-packages/airflow/example_dags/example_task_group_decorator.py took 0.434 seconds
[2024-01-17T15:13:36.380+0000] {processor.py:161} INFO - Started process (PID=117) to work on /home/airflow/.local/lib/python3.8/site-packages/airflow/example_dags/example_task_group_decorator.py
[2024-01-17T15:13:36.383+0000] {processor.py:830} INFO - Processing file /home/airflow/.local/lib/python3.8/site-packages/airflow/example_dags/example_task_group_decorator.py for tasks to queue
[2024-01-17T15:13:36.389+0000] {logging_mixin.py:188} INFO - [2024-01-17T15:13:36.388+0000] {dagbag.py:538} INFO - Filling up the DagBag from /home/airflow/.local/lib/python3.8/site-packages/airflow/example_dags/example_task_group_decorator.py
[2024-01-17T15:13:36.487+0000] {processor.py:840} INFO - DAG(s) 'example_task_group_decorator' retrieved from /home/airflow/.local/lib/python3.8/site-packages/airflow/example_dags/example_task_group_decorator.py
[2024-01-17T15:13:36.563+0000] {logging_mixin.py:188} INFO - [2024-01-17T15:13:36.562+0000] {dag.py:3033} INFO - Sync 1 DAGs
[2024-01-17T15:13:36.618+0000] {logging_mixin.py:188} INFO - [2024-01-17T15:13:36.618+0000] {dag.py:3820} INFO - Setting next_dagrun for example_task_group_decorator to 2024-01-16T00:00:00+00:00, run_after=2024-01-17T00:00:00+00:00
[2024-01-17T15:13:36.700+0000] {processor.py:183} INFO - Processing /home/airflow/.local/lib/python3.8/site-packages/airflow/example_dags/example_task_group_decorator.py took 0.326 seconds
[2024-01-17T15:14:07.276+0000] {processor.py:161} INFO - Started process (PID=172) to work on /home/airflow/.local/lib/python3.8/site-packages/airflow/example_dags/example_task_group_decorator.py
[2024-01-17T15:14:07.277+0000] {processor.py:830} INFO - Processing file /home/airflow/.local/lib/python3.8/site-packages/airflow/example_dags/example_task_group_decorator.py for tasks to queue
[2024-01-17T15:14:07.282+0000] {logging_mixin.py:188} INFO - [2024-01-17T15:14:07.281+0000] {dagbag.py:538} INFO - Filling up the DagBag from /home/airflow/.local/lib/python3.8/site-packages/airflow/example_dags/example_task_group_decorator.py
[2024-01-17T15:14:07.308+0000] {processor.py:840} INFO - DAG(s) 'example_task_group_decorator' retrieved from /home/airflow/.local/lib/python3.8/site-packages/airflow/example_dags/example_task_group_decorator.py
[2024-01-17T15:14:07.452+0000] {logging_mixin.py:188} INFO - [2024-01-17T15:14:07.452+0000] {dag.py:3033} INFO - Sync 1 DAGs
[2024-01-17T15:14:07.480+0000] {logging_mixin.py:188} INFO - [2024-01-17T15:14:07.480+0000] {dag.py:3820} INFO - Setting next_dagrun for example_task_group_decorator to 2024-01-16T00:00:00+00:00, run_after=2024-01-17T00:00:00+00:00
[2024-01-17T15:14:07.507+0000] {processor.py:183} INFO - Processing /home/airflow/.local/lib/python3.8/site-packages/airflow/example_dags/example_task_group_decorator.py took 0.237 seconds
[2024-01-17T15:14:37.971+0000] {processor.py:161} INFO - Started process (PID=226) to work on /home/airflow/.local/lib/python3.8/site-packages/airflow/example_dags/example_task_group_decorator.py
[2024-01-17T15:14:37.974+0000] {processor.py:830} INFO - Processing file /home/airflow/.local/lib/python3.8/site-packages/airflow/example_dags/example_task_group_decorator.py for tasks to queue
[2024-01-17T15:14:37.985+0000] {logging_mixin.py:188} INFO - [2024-01-17T15:14:37.984+0000] {dagbag.py:538} INFO - Filling up the DagBag from /home/airflow/.local/lib/python3.8/site-packages/airflow/example_dags/example_task_group_decorator.py
[2024-01-17T15:14:38.062+0000] {processor.py:840} INFO - DAG(s) 'example_task_group_decorator' retrieved from /home/airflow/.local/lib/python3.8/site-packages/airflow/example_dags/example_task_group_decorator.py
[2024-01-17T15:14:38.102+0000] {logging_mixin.py:188} INFO - [2024-01-17T15:14:38.102+0000] {dag.py:3033} INFO - Sync 1 DAGs
[2024-01-17T15:14:38.134+0000] {logging_mixin.py:188} INFO - [2024-01-17T15:14:38.134+0000] {dag.py:3820} INFO - Setting next_dagrun for example_task_group_decorator to 2024-01-16T00:00:00+00:00, run_after=2024-01-17T00:00:00+00:00
[2024-01-17T15:14:38.162+0000] {processor.py:183} INFO - Processing /home/airflow/.local/lib/python3.8/site-packages/airflow/example_dags/example_task_group_decorator.py took 0.207 seconds
[2024-01-17T15:15:08.262+0000] {processor.py:161} INFO - Started process (PID=281) to work on /home/airflow/.local/lib/python3.8/site-packages/airflow/example_dags/example_task_group_decorator.py
[2024-01-17T15:15:08.263+0000] {processor.py:830} INFO - Processing file /home/airflow/.local/lib/python3.8/site-packages/airflow/example_dags/example_task_group_decorator.py for tasks to queue
[2024-01-17T15:15:08.267+0000] {logging_mixin.py:188} INFO - [2024-01-17T15:15:08.266+0000] {dagbag.py:538} INFO - Filling up the DagBag from /home/airflow/.local/lib/python3.8/site-packages/airflow/example_dags/example_task_group_decorator.py
[2024-01-17T15:15:08.303+0000] {processor.py:840} INFO - DAG(s) 'example_task_group_decorator' retrieved from /home/airflow/.local/lib/python3.8/site-packages/airflow/example_dags/example_task_group_decorator.py
[2024-01-17T15:15:08.368+0000] {logging_mixin.py:188} INFO - [2024-01-17T15:15:08.368+0000] {dag.py:3033} INFO - Sync 1 DAGs
[2024-01-17T15:15:08.401+0000] {logging_mixin.py:188} INFO - [2024-01-17T15:15:08.401+0000] {dag.py:3820} INFO - Setting next_dagrun for example_task_group_decorator to 2024-01-16T00:00:00+00:00, run_after=2024-01-17T00:00:00+00:00
[2024-01-17T15:15:08.437+0000] {processor.py:183} INFO - Processing /home/airflow/.local/lib/python3.8/site-packages/airflow/example_dags/example_task_group_decorator.py took 0.180 seconds
[2024-01-17T15:15:39.322+0000] {processor.py:161} INFO - Started process (PID=335) to work on /home/airflow/.local/lib/python3.8/site-packages/airflow/example_dags/example_task_group_decorator.py
[2024-01-17T15:15:39.325+0000] {processor.py:830} INFO - Processing file /home/airflow/.local/lib/python3.8/site-packages/airflow/example_dags/example_task_group_decorator.py for tasks to queue
[2024-01-17T15:15:39.335+0000] {logging_mixin.py:188} INFO - [2024-01-17T15:15:39.331+0000] {dagbag.py:538} INFO - Filling up the DagBag from /home/airflow/.local/lib/python3.8/site-packages/airflow/example_dags/example_task_group_decorator.py
[2024-01-17T15:15:39.375+0000] {processor.py:840} INFO - DAG(s) 'example_task_group_decorator' retrieved from /home/airflow/.local/lib/python3.8/site-packages/airflow/example_dags/example_task_group_decorator.py
[2024-01-17T15:15:39.409+0000] {logging_mixin.py:188} INFO - [2024-01-17T15:15:39.408+0000] {dag.py:3033} INFO - Sync 1 DAGs
[2024-01-17T15:15:39.438+0000] {logging_mixin.py:188} INFO - [2024-01-17T15:15:39.438+0000] {dag.py:3820} INFO - Setting next_dagrun for example_task_group_decorator to 2024-01-16T00:00:00+00:00, run_after=2024-01-17T00:00:00+00:00
[2024-01-17T15:15:39.523+0000] {processor.py:183} INFO - Processing /home/airflow/.local/lib/python3.8/site-packages/airflow/example_dags/example_task_group_decorator.py took 0.220 seconds
[2024-01-17T15:16:09.622+0000] {processor.py:161} INFO - Started process (PID=390) to work on /home/airflow/.local/lib/python3.8/site-packages/airflow/example_dags/example_task_group_decorator.py
[2024-01-17T15:16:09.626+0000] {processor.py:830} INFO - Processing file /home/airflow/.local/lib/python3.8/site-packages/airflow/example_dags/example_task_group_decorator.py for tasks to queue
[2024-01-17T15:16:09.638+0000] {logging_mixin.py:188} INFO - [2024-01-17T15:16:09.638+0000] {dagbag.py:538} INFO - Filling up the DagBag from /home/airflow/.local/lib/python3.8/site-packages/airflow/example_dags/example_task_group_decorator.py
[2024-01-17T15:16:09.717+0000] {processor.py:840} INFO - DAG(s) 'example_task_group_decorator' retrieved from /home/airflow/.local/lib/python3.8/site-packages/airflow/example_dags/example_task_group_decorator.py
[2024-01-17T15:16:09.811+0000] {logging_mixin.py:188} INFO - [2024-01-17T15:16:09.811+0000] {dag.py:3033} INFO - Sync 1 DAGs
[2024-01-17T15:16:09.874+0000] {logging_mixin.py:188} INFO - [2024-01-17T15:16:09.873+0000] {dag.py:3820} INFO - Setting next_dagrun for example_task_group_decorator to 2024-01-16T00:00:00+00:00, run_after=2024-01-17T00:00:00+00:00
[2024-01-17T15:16:09.916+0000] {processor.py:183} INFO - Processing /home/airflow/.local/lib/python3.8/site-packages/airflow/example_dags/example_task_group_decorator.py took 0.299 seconds
[2024-01-17T15:16:40.032+0000] {processor.py:161} INFO - Started process (PID=445) to work on /home/airflow/.local/lib/python3.8/site-packages/airflow/example_dags/example_task_group_decorator.py
[2024-01-17T15:16:40.033+0000] {processor.py:830} INFO - Processing file /home/airflow/.local/lib/python3.8/site-packages/airflow/example_dags/example_task_group_decorator.py for tasks to queue
[2024-01-17T15:16:40.035+0000] {logging_mixin.py:188} INFO - [2024-01-17T15:16:40.034+0000] {dagbag.py:538} INFO - Filling up the DagBag from /home/airflow/.local/lib/python3.8/site-packages/airflow/example_dags/example_task_group_decorator.py
[2024-01-17T15:16:40.058+0000] {processor.py:840} INFO - DAG(s) 'example_task_group_decorator' retrieved from /home/airflow/.local/lib/python3.8/site-packages/airflow/example_dags/example_task_group_decorator.py
[2024-01-17T15:16:40.098+0000] {logging_mixin.py:188} INFO - [2024-01-17T15:16:40.098+0000] {dag.py:3033} INFO - Sync 1 DAGs
[2024-01-17T15:16:40.128+0000] {logging_mixin.py:188} INFO - [2024-01-17T15:16:40.127+0000] {dag.py:3820} INFO - Setting next_dagrun for example_task_group_decorator to 2024-01-16T00:00:00+00:00, run_after=2024-01-17T00:00:00+00:00
[2024-01-17T15:16:40.155+0000] {processor.py:183} INFO - Processing /home/airflow/.local/lib/python3.8/site-packages/airflow/example_dags/example_task_group_decorator.py took 0.127 seconds
[2024-01-17T15:17:10.457+0000] {processor.py:161} INFO - Started process (PID=499) to work on /home/airflow/.local/lib/python3.8/site-packages/airflow/example_dags/example_task_group_decorator.py
[2024-01-17T15:17:10.462+0000] {processor.py:830} INFO - Processing file /home/airflow/.local/lib/python3.8/site-packages/airflow/example_dags/example_task_group_decorator.py for tasks to queue
[2024-01-17T15:17:10.475+0000] {logging_mixin.py:188} INFO - [2024-01-17T15:17:10.474+0000] {dagbag.py:538} INFO - Filling up the DagBag from /home/airflow/.local/lib/python3.8/site-packages/airflow/example_dags/example_task_group_decorator.py
[2024-01-17T15:17:10.557+0000] {processor.py:840} INFO - DAG(s) 'example_task_group_decorator' retrieved from /home/airflow/.local/lib/python3.8/site-packages/airflow/example_dags/example_task_group_decorator.py
[2024-01-17T15:17:10.600+0000] {logging_mixin.py:188} INFO - [2024-01-17T15:17:10.599+0000] {dag.py:3033} INFO - Sync 1 DAGs
[2024-01-17T15:17:10.637+0000] {logging_mixin.py:188} INFO - [2024-01-17T15:17:10.637+0000] {dag.py:3820} INFO - Setting next_dagrun for example_task_group_decorator to 2024-01-16T00:00:00+00:00, run_after=2024-01-17T00:00:00+00:00
[2024-01-17T15:17:10.670+0000] {processor.py:183} INFO - Processing /home/airflow/.local/lib/python3.8/site-packages/airflow/example_dags/example_task_group_decorator.py took 0.235 seconds
[2024-01-17T15:17:40.780+0000] {processor.py:161} INFO - Started process (PID=554) to work on /home/airflow/.local/lib/python3.8/site-packages/airflow/example_dags/example_task_group_decorator.py
[2024-01-17T15:17:40.782+0000] {processor.py:830} INFO - Processing file /home/airflow/.local/lib/python3.8/site-packages/airflow/example_dags/example_task_group_decorator.py for tasks to queue
[2024-01-17T15:17:40.787+0000] {logging_mixin.py:188} INFO - [2024-01-17T15:17:40.786+0000] {dagbag.py:538} INFO - Filling up the DagBag from /home/airflow/.local/lib/python3.8/site-packages/airflow/example_dags/example_task_group_decorator.py
[2024-01-17T15:17:40.828+0000] {processor.py:840} INFO - DAG(s) 'example_task_group_decorator' retrieved from /home/airflow/.local/lib/python3.8/site-packages/airflow/example_dags/example_task_group_decorator.py
[2024-01-17T15:17:40.874+0000] {logging_mixin.py:188} INFO - [2024-01-17T15:17:40.874+0000] {dag.py:3033} INFO - Sync 1 DAGs
[2024-01-17T15:17:40.914+0000] {logging_mixin.py:188} INFO - [2024-01-17T15:17:40.914+0000] {dag.py:3820} INFO - Setting next_dagrun for example_task_group_decorator to 2024-01-16T00:00:00+00:00, run_after=2024-01-17T00:00:00+00:00
[2024-01-17T15:17:40.946+0000] {processor.py:183} INFO - Processing /home/airflow/.local/lib/python3.8/site-packages/airflow/example_dags/example_task_group_decorator.py took 0.171 seconds
[2024-01-17T15:18:11.054+0000] {processor.py:161} INFO - Started process (PID=610) to work on /home/airflow/.local/lib/python3.8/site-packages/airflow/example_dags/example_task_group_decorator.py
[2024-01-17T15:18:11.056+0000] {processor.py:830} INFO - Processing file /home/airflow/.local/lib/python3.8/site-packages/airflow/example_dags/example_task_group_decorator.py for tasks to queue
[2024-01-17T15:18:11.058+0000] {logging_mixin.py:188} INFO - [2024-01-17T15:18:11.058+0000] {dagbag.py:538} INFO - Filling up the DagBag from /home/airflow/.local/lib/python3.8/site-packages/airflow/example_dags/example_task_group_decorator.py
[2024-01-17T15:18:11.079+0000] {processor.py:840} INFO - DAG(s) 'example_task_group_decorator' retrieved from /home/airflow/.local/lib/python3.8/site-packages/airflow/example_dags/example_task_group_decorator.py
[2024-01-17T15:18:11.109+0000] {logging_mixin.py:188} INFO - [2024-01-17T15:18:11.109+0000] {dag.py:3033} INFO - Sync 1 DAGs
[2024-01-17T15:18:11.136+0000] {logging_mixin.py:188} INFO - [2024-01-17T15:18:11.136+0000] {dag.py:3820} INFO - Setting next_dagrun for example_task_group_decorator to 2024-01-16T00:00:00+00:00, run_after=2024-01-17T00:00:00+00:00
[2024-01-17T15:18:11.163+0000] {processor.py:183} INFO - Processing /home/airflow/.local/lib/python3.8/site-packages/airflow/example_dags/example_task_group_decorator.py took 0.113 seconds
[2024-01-17T15:18:41.308+0000] {processor.py:161} INFO - Started process (PID=664) to work on /home/airflow/.local/lib/python3.8/site-packages/airflow/example_dags/example_task_group_decorator.py
[2024-01-17T15:18:41.311+0000] {processor.py:830} INFO - Processing file /home/airflow/.local/lib/python3.8/site-packages/airflow/example_dags/example_task_group_decorator.py for tasks to queue
[2024-01-17T15:18:41.317+0000] {logging_mixin.py:188} INFO - [2024-01-17T15:18:41.317+0000] {dagbag.py:538} INFO - Filling up the DagBag from /home/airflow/.local/lib/python3.8/site-packages/airflow/example_dags/example_task_group_decorator.py
[2024-01-17T15:18:41.347+0000] {processor.py:840} INFO - DAG(s) 'example_task_group_decorator' retrieved from /home/airflow/.local/lib/python3.8/site-packages/airflow/example_dags/example_task_group_decorator.py
[2024-01-17T15:18:41.433+0000] {logging_mixin.py:188} INFO - [2024-01-17T15:18:41.433+0000] {dag.py:3033} INFO - Sync 1 DAGs
[2024-01-17T15:18:41.498+0000] {logging_mixin.py:188} INFO - [2024-01-17T15:18:41.498+0000] {dag.py:3820} INFO - Setting next_dagrun for example_task_group_decorator to 2024-01-16T00:00:00+00:00, run_after=2024-01-17T00:00:00+00:00
[2024-01-17T15:18:41.585+0000] {processor.py:183} INFO - Processing /home/airflow/.local/lib/python3.8/site-packages/airflow/example_dags/example_task_group_decorator.py took 0.294 seconds
[2024-01-17T15:19:12.951+0000] {processor.py:161} INFO - Started process (PID=719) to work on /home/airflow/.local/lib/python3.8/site-packages/airflow/example_dags/example_task_group_decorator.py
[2024-01-17T15:19:12.962+0000] {processor.py:830} INFO - Processing file /home/airflow/.local/lib/python3.8/site-packages/airflow/example_dags/example_task_group_decorator.py for tasks to queue
[2024-01-17T15:19:12.966+0000] {logging_mixin.py:188} INFO - [2024-01-17T15:19:12.966+0000] {dagbag.py:538} INFO - Filling up the DagBag from /home/airflow/.local/lib/python3.8/site-packages/airflow/example_dags/example_task_group_decorator.py
[2024-01-17T15:19:13.074+0000] {processor.py:840} INFO - DAG(s) 'example_task_group_decorator' retrieved from /home/airflow/.local/lib/python3.8/site-packages/airflow/example_dags/example_task_group_decorator.py
[2024-01-17T15:19:13.477+0000] {logging_mixin.py:188} INFO - [2024-01-17T15:19:13.431+0000] {dag.py:3033} INFO - Sync 1 DAGs
[2024-01-17T15:19:13.671+0000] {logging_mixin.py:188} INFO - [2024-01-17T15:19:13.671+0000] {dag.py:3820} INFO - Setting next_dagrun for example_task_group_decorator to 2024-01-16T00:00:00+00:00, run_after=2024-01-17T00:00:00+00:00
[2024-01-17T15:19:13.942+0000] {processor.py:183} INFO - Processing /home/airflow/.local/lib/python3.8/site-packages/airflow/example_dags/example_task_group_decorator.py took 1.029 seconds
[2024-01-17T15:19:44.180+0000] {processor.py:161} INFO - Started process (PID=774) to work on /home/airflow/.local/lib/python3.8/site-packages/airflow/example_dags/example_task_group_decorator.py
[2024-01-17T15:19:44.183+0000] {processor.py:830} INFO - Processing file /home/airflow/.local/lib/python3.8/site-packages/airflow/example_dags/example_task_group_decorator.py for tasks to queue
[2024-01-17T15:19:44.189+0000] {logging_mixin.py:188} INFO - [2024-01-17T15:19:44.189+0000] {dagbag.py:538} INFO - Filling up the DagBag from /home/airflow/.local/lib/python3.8/site-packages/airflow/example_dags/example_task_group_decorator.py
[2024-01-17T15:19:44.240+0000] {processor.py:840} INFO - DAG(s) 'example_task_group_decorator' retrieved from /home/airflow/.local/lib/python3.8/site-packages/airflow/example_dags/example_task_group_decorator.py
[2024-01-17T15:19:44.298+0000] {logging_mixin.py:188} INFO - [2024-01-17T15:19:44.298+0000] {dag.py:3033} INFO - Sync 1 DAGs
[2024-01-17T15:19:44.384+0000] {logging_mixin.py:188} INFO - [2024-01-17T15:19:44.384+0000] {dag.py:3820} INFO - Setting next_dagrun for example_task_group_decorator to 2024-01-16T00:00:00+00:00, run_after=2024-01-17T00:00:00+00:00
[2024-01-17T15:19:44.446+0000] {processor.py:183} INFO - Processing /home/airflow/.local/lib/python3.8/site-packages/airflow/example_dags/example_task_group_decorator.py took 0.271 seconds
[2024-01-17T15:20:14.690+0000] {processor.py:161} INFO - Started process (PID=829) to work on /home/airflow/.local/lib/python3.8/site-packages/airflow/example_dags/example_task_group_decorator.py
[2024-01-17T15:20:14.692+0000] {processor.py:830} INFO - Processing file /home/airflow/.local/lib/python3.8/site-packages/airflow/example_dags/example_task_group_decorator.py for tasks to queue
[2024-01-17T15:20:14.696+0000] {logging_mixin.py:188} INFO - [2024-01-17T15:20:14.696+0000] {dagbag.py:538} INFO - Filling up the DagBag from /home/airflow/.local/lib/python3.8/site-packages/airflow/example_dags/example_task_group_decorator.py
[2024-01-17T15:20:14.721+0000] {processor.py:840} INFO - DAG(s) 'example_task_group_decorator' retrieved from /home/airflow/.local/lib/python3.8/site-packages/airflow/example_dags/example_task_group_decorator.py
[2024-01-17T15:20:14.771+0000] {logging_mixin.py:188} INFO - [2024-01-17T15:20:14.771+0000] {dag.py:3033} INFO - Sync 1 DAGs
[2024-01-17T15:20:14.808+0000] {logging_mixin.py:188} INFO - [2024-01-17T15:20:14.808+0000] {dag.py:3820} INFO - Setting next_dagrun for example_task_group_decorator to 2024-01-16T00:00:00+00:00, run_after=2024-01-17T00:00:00+00:00
[2024-01-17T15:20:14.841+0000] {processor.py:183} INFO - Processing /home/airflow/.local/lib/python3.8/site-packages/airflow/example_dags/example_task_group_decorator.py took 0.162 seconds
[2024-01-17T15:20:44.937+0000] {processor.py:161} INFO - Started process (PID=883) to work on /home/airflow/.local/lib/python3.8/site-packages/airflow/example_dags/example_task_group_decorator.py
[2024-01-17T15:20:44.939+0000] {processor.py:830} INFO - Processing file /home/airflow/.local/lib/python3.8/site-packages/airflow/example_dags/example_task_group_decorator.py for tasks to queue
[2024-01-17T15:20:44.943+0000] {logging_mixin.py:188} INFO - [2024-01-17T15:20:44.942+0000] {dagbag.py:538} INFO - Filling up the DagBag from /home/airflow/.local/lib/python3.8/site-packages/airflow/example_dags/example_task_group_decorator.py
[2024-01-17T15:20:44.980+0000] {processor.py:840} INFO - DAG(s) 'example_task_group_decorator' retrieved from /home/airflow/.local/lib/python3.8/site-packages/airflow/example_dags/example_task_group_decorator.py
[2024-01-17T15:20:45.025+0000] {logging_mixin.py:188} INFO - [2024-01-17T15:20:45.025+0000] {dag.py:3033} INFO - Sync 1 DAGs
[2024-01-17T15:20:45.063+0000] {logging_mixin.py:188} INFO - [2024-01-17T15:20:45.062+0000] {dag.py:3820} INFO - Setting next_dagrun for example_task_group_decorator to 2024-01-16T00:00:00+00:00, run_after=2024-01-17T00:00:00+00:00
[2024-01-17T15:20:45.088+0000] {processor.py:183} INFO - Processing /home/airflow/.local/lib/python3.8/site-packages/airflow/example_dags/example_task_group_decorator.py took 0.157 seconds
[2024-01-17T15:21:15.375+0000] {processor.py:161} INFO - Started process (PID=938) to work on /home/airflow/.local/lib/python3.8/site-packages/airflow/example_dags/example_task_group_decorator.py
[2024-01-17T15:21:15.379+0000] {processor.py:830} INFO - Processing file /home/airflow/.local/lib/python3.8/site-packages/airflow/example_dags/example_task_group_decorator.py for tasks to queue
[2024-01-17T15:21:15.382+0000] {logging_mixin.py:188} INFO - [2024-01-17T15:21:15.382+0000] {dagbag.py:538} INFO - Filling up the DagBag from /home/airflow/.local/lib/python3.8/site-packages/airflow/example_dags/example_task_group_decorator.py
[2024-01-17T15:21:15.418+0000] {processor.py:840} INFO - DAG(s) 'example_task_group_decorator' retrieved from /home/airflow/.local/lib/python3.8/site-packages/airflow/example_dags/example_task_group_decorator.py
[2024-01-17T15:21:15.518+0000] {logging_mixin.py:188} INFO - [2024-01-17T15:21:15.518+0000] {dag.py:3033} INFO - Sync 1 DAGs
[2024-01-17T15:21:15.566+0000] {logging_mixin.py:188} INFO - [2024-01-17T15:21:15.566+0000] {dag.py:3820} INFO - Setting next_dagrun for example_task_group_decorator to 2024-01-16T00:00:00+00:00, run_after=2024-01-17T00:00:00+00:00
[2024-01-17T15:21:15.614+0000] {processor.py:183} INFO - Processing /home/airflow/.local/lib/python3.8/site-packages/airflow/example_dags/example_task_group_decorator.py took 0.249 seconds
[2024-01-17T15:21:46.151+0000] {processor.py:161} INFO - Started process (PID=990) to work on /home/airflow/.local/lib/python3.8/site-packages/airflow/example_dags/example_task_group_decorator.py
[2024-01-17T15:21:46.156+0000] {processor.py:830} INFO - Processing file /home/airflow/.local/lib/python3.8/site-packages/airflow/example_dags/example_task_group_decorator.py for tasks to queue
[2024-01-17T15:21:46.164+0000] {logging_mixin.py:188} INFO - [2024-01-17T15:21:46.162+0000] {dagbag.py:538} INFO - Filling up the DagBag from /home/airflow/.local/lib/python3.8/site-packages/airflow/example_dags/example_task_group_decorator.py
[2024-01-17T15:21:46.205+0000] {processor.py:840} INFO - DAG(s) 'example_task_group_decorator' retrieved from /home/airflow/.local/lib/python3.8/site-packages/airflow/example_dags/example_task_group_decorator.py
[2024-01-17T15:21:46.244+0000] {logging_mixin.py:188} INFO - [2024-01-17T15:21:46.244+0000] {dag.py:3033} INFO - Sync 1 DAGs
[2024-01-17T15:21:46.276+0000] {logging_mixin.py:188} INFO - [2024-01-17T15:21:46.275+0000] {dag.py:3820} INFO - Setting next_dagrun for example_task_group_decorator to 2024-01-16T00:00:00+00:00, run_after=2024-01-17T00:00:00+00:00
[2024-01-17T15:21:46.332+0000] {processor.py:183} INFO - Processing /home/airflow/.local/lib/python3.8/site-packages/airflow/example_dags/example_task_group_decorator.py took 0.198 seconds
[2024-01-17T15:22:16.792+0000] {processor.py:161} INFO - Started process (PID=1044) to work on /home/airflow/.local/lib/python3.8/site-packages/airflow/example_dags/example_task_group_decorator.py
[2024-01-17T15:22:16.796+0000] {processor.py:830} INFO - Processing file /home/airflow/.local/lib/python3.8/site-packages/airflow/example_dags/example_task_group_decorator.py for tasks to queue
[2024-01-17T15:22:16.802+0000] {logging_mixin.py:188} INFO - [2024-01-17T15:22:16.801+0000] {dagbag.py:538} INFO - Filling up the DagBag from /home/airflow/.local/lib/python3.8/site-packages/airflow/example_dags/example_task_group_decorator.py
[2024-01-17T15:22:16.900+0000] {processor.py:840} INFO - DAG(s) 'example_task_group_decorator' retrieved from /home/airflow/.local/lib/python3.8/site-packages/airflow/example_dags/example_task_group_decorator.py
[2024-01-17T15:22:17.272+0000] {logging_mixin.py:188} INFO - [2024-01-17T15:22:17.260+0000] {dag.py:3033} INFO - Sync 1 DAGs
[2024-01-17T15:22:17.485+0000] {logging_mixin.py:188} INFO - [2024-01-17T15:22:17.484+0000] {dag.py:3820} INFO - Setting next_dagrun for example_task_group_decorator to 2024-01-16T00:00:00+00:00, run_after=2024-01-17T00:00:00+00:00
[2024-01-17T15:22:17.748+0000] {processor.py:183} INFO - Processing /home/airflow/.local/lib/python3.8/site-packages/airflow/example_dags/example_task_group_decorator.py took 0.961 seconds
[2024-01-17T15:25:13.652+0000] {processor.py:161} INFO - Started process (PID=54) to work on /home/airflow/.local/lib/python3.8/site-packages/airflow/example_dags/example_task_group_decorator.py
[2024-01-17T15:25:13.716+0000] {processor.py:830} INFO - Processing file /home/airflow/.local/lib/python3.8/site-packages/airflow/example_dags/example_task_group_decorator.py for tasks to queue
[2024-01-17T15:25:13.736+0000] {logging_mixin.py:188} INFO - [2024-01-17T15:25:13.735+0000] {dagbag.py:538} INFO - Filling up the DagBag from /home/airflow/.local/lib/python3.8/site-packages/airflow/example_dags/example_task_group_decorator.py
[2024-01-17T15:25:13.878+0000] {processor.py:840} INFO - DAG(s) 'example_task_group_decorator' retrieved from /home/airflow/.local/lib/python3.8/site-packages/airflow/example_dags/example_task_group_decorator.py
[2024-01-17T15:25:13.939+0000] {logging_mixin.py:188} INFO - [2024-01-17T15:25:13.939+0000] {dag.py:3033} INFO - Sync 1 DAGs
[2024-01-17T15:25:13.990+0000] {logging_mixin.py:188} INFO - [2024-01-17T15:25:13.990+0000] {dag.py:3820} INFO - Setting next_dagrun for example_task_group_decorator to 2024-01-16T00:00:00+00:00, run_after=2024-01-17T00:00:00+00:00
[2024-01-17T15:25:14.110+0000] {processor.py:183} INFO - Processing /home/airflow/.local/lib/python3.8/site-packages/airflow/example_dags/example_task_group_decorator.py took 0.463 seconds
[2024-01-17T15:25:44.557+0000] {processor.py:161} INFO - Started process (PID=109) to work on /home/airflow/.local/lib/python3.8/site-packages/airflow/example_dags/example_task_group_decorator.py
[2024-01-17T15:25:44.597+0000] {processor.py:830} INFO - Processing file /home/airflow/.local/lib/python3.8/site-packages/airflow/example_dags/example_task_group_decorator.py for tasks to queue
[2024-01-17T15:25:44.602+0000] {logging_mixin.py:188} INFO - [2024-01-17T15:25:44.601+0000] {dagbag.py:538} INFO - Filling up the DagBag from /home/airflow/.local/lib/python3.8/site-packages/airflow/example_dags/example_task_group_decorator.py
[2024-01-17T15:25:44.735+0000] {processor.py:840} INFO - DAG(s) 'example_task_group_decorator' retrieved from /home/airflow/.local/lib/python3.8/site-packages/airflow/example_dags/example_task_group_decorator.py
[2024-01-17T15:25:44.866+0000] {logging_mixin.py:188} INFO - [2024-01-17T15:25:44.866+0000] {dag.py:3033} INFO - Sync 1 DAGs
[2024-01-17T15:25:44.958+0000] {logging_mixin.py:188} INFO - [2024-01-17T15:25:44.958+0000] {dag.py:3820} INFO - Setting next_dagrun for example_task_group_decorator to 2024-01-16T00:00:00+00:00, run_after=2024-01-17T00:00:00+00:00
[2024-01-17T15:25:45.044+0000] {processor.py:183} INFO - Processing /home/airflow/.local/lib/python3.8/site-packages/airflow/example_dags/example_task_group_decorator.py took 0.516 seconds
[2024-01-17T15:26:15.276+0000] {processor.py:161} INFO - Started process (PID=165) to work on /home/airflow/.local/lib/python3.8/site-packages/airflow/example_dags/example_task_group_decorator.py
[2024-01-17T15:26:15.279+0000] {processor.py:830} INFO - Processing file /home/airflow/.local/lib/python3.8/site-packages/airflow/example_dags/example_task_group_decorator.py for tasks to queue
[2024-01-17T15:26:15.282+0000] {logging_mixin.py:188} INFO - [2024-01-17T15:26:15.281+0000] {dagbag.py:538} INFO - Filling up the DagBag from /home/airflow/.local/lib/python3.8/site-packages/airflow/example_dags/example_task_group_decorator.py
[2024-01-17T15:26:15.351+0000] {processor.py:840} INFO - DAG(s) 'example_task_group_decorator' retrieved from /home/airflow/.local/lib/python3.8/site-packages/airflow/example_dags/example_task_group_decorator.py
[2024-01-17T15:26:15.418+0000] {logging_mixin.py:188} INFO - [2024-01-17T15:26:15.417+0000] {dag.py:3033} INFO - Sync 1 DAGs
[2024-01-17T15:26:15.487+0000] {logging_mixin.py:188} INFO - [2024-01-17T15:26:15.486+0000] {dag.py:3820} INFO - Setting next_dagrun for example_task_group_decorator to 2024-01-16T00:00:00+00:00, run_after=2024-01-17T00:00:00+00:00
[2024-01-17T15:26:15.534+0000] {processor.py:183} INFO - Processing /home/airflow/.local/lib/python3.8/site-packages/airflow/example_dags/example_task_group_decorator.py took 0.270 seconds
[2024-01-17T15:26:46.514+0000] {processor.py:161} INFO - Started process (PID=221) to work on /home/airflow/.local/lib/python3.8/site-packages/airflow/example_dags/example_task_group_decorator.py
[2024-01-17T15:26:46.559+0000] {processor.py:830} INFO - Processing file /home/airflow/.local/lib/python3.8/site-packages/airflow/example_dags/example_task_group_decorator.py for tasks to queue
[2024-01-17T15:26:46.562+0000] {logging_mixin.py:188} INFO - [2024-01-17T15:26:46.561+0000] {dagbag.py:538} INFO - Filling up the DagBag from /home/airflow/.local/lib/python3.8/site-packages/airflow/example_dags/example_task_group_decorator.py
[2024-01-17T15:26:46.660+0000] {processor.py:840} INFO - DAG(s) 'example_task_group_decorator' retrieved from /home/airflow/.local/lib/python3.8/site-packages/airflow/example_dags/example_task_group_decorator.py
[2024-01-17T15:26:46.836+0000] {logging_mixin.py:188} INFO - [2024-01-17T15:26:46.836+0000] {dag.py:3033} INFO - Sync 1 DAGs
[2024-01-17T15:26:46.942+0000] {logging_mixin.py:188} INFO - [2024-01-17T15:26:46.942+0000] {dag.py:3820} INFO - Setting next_dagrun for example_task_group_decorator to 2024-01-16T00:00:00+00:00, run_after=2024-01-17T00:00:00+00:00
[2024-01-17T15:26:47.117+0000] {processor.py:183} INFO - Processing /home/airflow/.local/lib/python3.8/site-packages/airflow/example_dags/example_task_group_decorator.py took 0.611 seconds
[2024-01-17T15:27:17.182+0000] {processor.py:161} INFO - Started process (PID=277) to work on /home/airflow/.local/lib/python3.8/site-packages/airflow/example_dags/example_task_group_decorator.py
[2024-01-17T15:27:17.212+0000] {processor.py:830} INFO - Processing file /home/airflow/.local/lib/python3.8/site-packages/airflow/example_dags/example_task_group_decorator.py for tasks to queue
[2024-01-17T15:27:17.215+0000] {logging_mixin.py:188} INFO - [2024-01-17T15:27:17.215+0000] {dagbag.py:538} INFO - Filling up the DagBag from /home/airflow/.local/lib/python3.8/site-packages/airflow/example_dags/example_task_group_decorator.py
[2024-01-17T15:27:17.256+0000] {processor.py:840} INFO - DAG(s) 'example_task_group_decorator' retrieved from /home/airflow/.local/lib/python3.8/site-packages/airflow/example_dags/example_task_group_decorator.py
[2024-01-17T15:27:17.374+0000] {logging_mixin.py:188} INFO - [2024-01-17T15:27:17.374+0000] {dag.py:3033} INFO - Sync 1 DAGs
[2024-01-17T15:27:17.444+0000] {logging_mixin.py:188} INFO - [2024-01-17T15:27:17.444+0000] {dag.py:3820} INFO - Setting next_dagrun for example_task_group_decorator to 2024-01-16T00:00:00+00:00, run_after=2024-01-17T00:00:00+00:00
[2024-01-17T15:27:17.538+0000] {processor.py:183} INFO - Processing /home/airflow/.local/lib/python3.8/site-packages/airflow/example_dags/example_task_group_decorator.py took 0.362 seconds
[2024-01-17T15:27:52.126+0000] {processor.py:161} INFO - Started process (PID=332) to work on /home/airflow/.local/lib/python3.8/site-packages/airflow/example_dags/example_task_group_decorator.py
[2024-01-17T15:27:52.127+0000] {processor.py:830} INFO - Processing file /home/airflow/.local/lib/python3.8/site-packages/airflow/example_dags/example_task_group_decorator.py for tasks to queue
[2024-01-17T15:27:52.132+0000] {logging_mixin.py:188} INFO - [2024-01-17T15:27:52.132+0000] {dagbag.py:538} INFO - Filling up the DagBag from /home/airflow/.local/lib/python3.8/site-packages/airflow/example_dags/example_task_group_decorator.py
[2024-01-17T15:27:52.160+0000] {processor.py:840} INFO - DAG(s) 'example_task_group_decorator' retrieved from /home/airflow/.local/lib/python3.8/site-packages/airflow/example_dags/example_task_group_decorator.py
[2024-01-17T15:27:52.237+0000] {logging_mixin.py:188} INFO - [2024-01-17T15:27:52.236+0000] {dag.py:3033} INFO - Sync 1 DAGs
[2024-01-17T15:27:52.284+0000] {logging_mixin.py:188} INFO - [2024-01-17T15:27:52.284+0000] {dag.py:3820} INFO - Setting next_dagrun for example_task_group_decorator to 2024-01-16T00:00:00+00:00, run_after=2024-01-17T00:00:00+00:00
[2024-01-17T15:27:52.400+0000] {processor.py:183} INFO - Processing /home/airflow/.local/lib/python3.8/site-packages/airflow/example_dags/example_task_group_decorator.py took 0.278 seconds
[2024-01-17T15:28:33.446+0000] {processor.py:161} INFO - Started process (PID=387) to work on /home/airflow/.local/lib/python3.8/site-packages/airflow/example_dags/example_task_group_decorator.py
[2024-01-17T15:28:33.448+0000] {processor.py:830} INFO - Processing file /home/airflow/.local/lib/python3.8/site-packages/airflow/example_dags/example_task_group_decorator.py for tasks to queue
[2024-01-17T15:28:33.462+0000] {logging_mixin.py:188} INFO - [2024-01-17T15:28:33.462+0000] {dagbag.py:538} INFO - Filling up the DagBag from /home/airflow/.local/lib/python3.8/site-packages/airflow/example_dags/example_task_group_decorator.py
[2024-01-17T15:28:33.505+0000] {processor.py:840} INFO - DAG(s) 'example_task_group_decorator' retrieved from /home/airflow/.local/lib/python3.8/site-packages/airflow/example_dags/example_task_group_decorator.py
[2024-01-17T15:28:33.603+0000] {logging_mixin.py:188} INFO - [2024-01-17T15:28:33.601+0000] {dag.py:3033} INFO - Sync 1 DAGs
[2024-01-17T15:28:33.802+0000] {logging_mixin.py:188} INFO - [2024-01-17T15:28:33.802+0000] {dag.py:3820} INFO - Setting next_dagrun for example_task_group_decorator to 2024-01-16T00:00:00+00:00, run_after=2024-01-17T00:00:00+00:00
[2024-01-17T15:28:33.870+0000] {processor.py:183} INFO - Processing /home/airflow/.local/lib/python3.8/site-packages/airflow/example_dags/example_task_group_decorator.py took 0.433 seconds
[2024-01-17T15:29:04.029+0000] {processor.py:161} INFO - Started process (PID=443) to work on /home/airflow/.local/lib/python3.8/site-packages/airflow/example_dags/example_task_group_decorator.py
[2024-01-17T15:29:04.032+0000] {processor.py:830} INFO - Processing file /home/airflow/.local/lib/python3.8/site-packages/airflow/example_dags/example_task_group_decorator.py for tasks to queue
[2024-01-17T15:29:04.035+0000] {logging_mixin.py:188} INFO - [2024-01-17T15:29:04.035+0000] {dagbag.py:538} INFO - Filling up the DagBag from /home/airflow/.local/lib/python3.8/site-packages/airflow/example_dags/example_task_group_decorator.py
[2024-01-17T15:29:04.061+0000] {processor.py:840} INFO - DAG(s) 'example_task_group_decorator' retrieved from /home/airflow/.local/lib/python3.8/site-packages/airflow/example_dags/example_task_group_decorator.py
[2024-01-17T15:29:04.408+0000] {logging_mixin.py:188} INFO - [2024-01-17T15:29:04.407+0000] {dag.py:3033} INFO - Sync 1 DAGs
[2024-01-17T15:29:04.456+0000] {logging_mixin.py:188} INFO - [2024-01-17T15:29:04.456+0000] {dag.py:3820} INFO - Setting next_dagrun for example_task_group_decorator to 2024-01-16T00:00:00+00:00, run_after=2024-01-17T00:00:00+00:00
[2024-01-17T15:29:04.576+0000] {processor.py:183} INFO - Processing /home/airflow/.local/lib/python3.8/site-packages/airflow/example_dags/example_task_group_decorator.py took 0.552 seconds
[2024-01-17T15:30:00.465+0000] {processor.py:161} INFO - Started process (PID=517) to work on /home/airflow/.local/lib/python3.8/site-packages/airflow/example_dags/example_task_group_decorator.py
[2024-01-17T15:30:00.467+0000] {processor.py:830} INFO - Processing file /home/airflow/.local/lib/python3.8/site-packages/airflow/example_dags/example_task_group_decorator.py for tasks to queue
[2024-01-17T15:30:00.469+0000] {logging_mixin.py:188} INFO - [2024-01-17T15:30:00.469+0000] {dagbag.py:538} INFO - Filling up the DagBag from /home/airflow/.local/lib/python3.8/site-packages/airflow/example_dags/example_task_group_decorator.py
[2024-01-17T15:30:00.495+0000] {processor.py:840} INFO - DAG(s) 'example_task_group_decorator' retrieved from /home/airflow/.local/lib/python3.8/site-packages/airflow/example_dags/example_task_group_decorator.py
[2024-01-17T15:30:00.536+0000] {logging_mixin.py:188} INFO - [2024-01-17T15:30:00.535+0000] {dag.py:3033} INFO - Sync 1 DAGs
[2024-01-17T15:30:00.582+0000] {logging_mixin.py:188} INFO - [2024-01-17T15:30:00.581+0000] {dag.py:3820} INFO - Setting next_dagrun for example_task_group_decorator to 2024-01-16T00:00:00+00:00, run_after=2024-01-17T00:00:00+00:00
[2024-01-17T15:30:00.631+0000] {processor.py:183} INFO - Processing /home/airflow/.local/lib/python3.8/site-packages/airflow/example_dags/example_task_group_decorator.py took 0.171 seconds
[2024-01-17T15:30:31.519+0000] {processor.py:161} INFO - Started process (PID=572) to work on /home/airflow/.local/lib/python3.8/site-packages/airflow/example_dags/example_task_group_decorator.py
[2024-01-17T15:30:31.524+0000] {processor.py:830} INFO - Processing file /home/airflow/.local/lib/python3.8/site-packages/airflow/example_dags/example_task_group_decorator.py for tasks to queue
[2024-01-17T15:30:31.527+0000] {logging_mixin.py:188} INFO - [2024-01-17T15:30:31.527+0000] {dagbag.py:538} INFO - Filling up the DagBag from /home/airflow/.local/lib/python3.8/site-packages/airflow/example_dags/example_task_group_decorator.py
[2024-01-17T15:30:31.635+0000] {processor.py:840} INFO - DAG(s) 'example_task_group_decorator' retrieved from /home/airflow/.local/lib/python3.8/site-packages/airflow/example_dags/example_task_group_decorator.py
[2024-01-17T15:30:31.742+0000] {logging_mixin.py:188} INFO - [2024-01-17T15:30:31.742+0000] {dag.py:3033} INFO - Sync 1 DAGs
[2024-01-17T15:30:31.782+0000] {logging_mixin.py:188} INFO - [2024-01-17T15:30:31.782+0000] {dag.py:3820} INFO - Setting next_dagrun for example_task_group_decorator to 2024-01-16T00:00:00+00:00, run_after=2024-01-17T00:00:00+00:00
[2024-01-17T15:30:31.834+0000] {processor.py:183} INFO - Processing /home/airflow/.local/lib/python3.8/site-packages/airflow/example_dags/example_task_group_decorator.py took 0.328 seconds
[2024-01-17T15:31:02.312+0000] {processor.py:161} INFO - Started process (PID=628) to work on /home/airflow/.local/lib/python3.8/site-packages/airflow/example_dags/example_task_group_decorator.py
[2024-01-17T15:31:02.313+0000] {processor.py:830} INFO - Processing file /home/airflow/.local/lib/python3.8/site-packages/airflow/example_dags/example_task_group_decorator.py for tasks to queue
[2024-01-17T15:31:02.316+0000] {logging_mixin.py:188} INFO - [2024-01-17T15:31:02.315+0000] {dagbag.py:538} INFO - Filling up the DagBag from /home/airflow/.local/lib/python3.8/site-packages/airflow/example_dags/example_task_group_decorator.py
[2024-01-17T15:31:02.333+0000] {processor.py:840} INFO - DAG(s) 'example_task_group_decorator' retrieved from /home/airflow/.local/lib/python3.8/site-packages/airflow/example_dags/example_task_group_decorator.py
[2024-01-17T15:31:02.372+0000] {logging_mixin.py:188} INFO - [2024-01-17T15:31:02.372+0000] {dag.py:3033} INFO - Sync 1 DAGs
[2024-01-17T15:31:02.410+0000] {logging_mixin.py:188} INFO - [2024-01-17T15:31:02.410+0000] {dag.py:3820} INFO - Setting next_dagrun for example_task_group_decorator to 2024-01-16T00:00:00+00:00, run_after=2024-01-17T00:00:00+00:00
[2024-01-17T15:31:02.450+0000] {processor.py:183} INFO - Processing /home/airflow/.local/lib/python3.8/site-packages/airflow/example_dags/example_task_group_decorator.py took 0.142 seconds
[2024-01-17T15:31:32.687+0000] {processor.py:161} INFO - Started process (PID=683) to work on /home/airflow/.local/lib/python3.8/site-packages/airflow/example_dags/example_task_group_decorator.py
[2024-01-17T15:31:32.688+0000] {processor.py:830} INFO - Processing file /home/airflow/.local/lib/python3.8/site-packages/airflow/example_dags/example_task_group_decorator.py for tasks to queue
[2024-01-17T15:31:32.690+0000] {logging_mixin.py:188} INFO - [2024-01-17T15:31:32.690+0000] {dagbag.py:538} INFO - Filling up the DagBag from /home/airflow/.local/lib/python3.8/site-packages/airflow/example_dags/example_task_group_decorator.py
[2024-01-17T15:31:32.710+0000] {processor.py:840} INFO - DAG(s) 'example_task_group_decorator' retrieved from /home/airflow/.local/lib/python3.8/site-packages/airflow/example_dags/example_task_group_decorator.py
[2024-01-17T15:31:32.741+0000] {logging_mixin.py:188} INFO - [2024-01-17T15:31:32.741+0000] {dag.py:3033} INFO - Sync 1 DAGs
[2024-01-17T15:31:32.776+0000] {logging_mixin.py:188} INFO - [2024-01-17T15:31:32.776+0000] {dag.py:3820} INFO - Setting next_dagrun for example_task_group_decorator to 2024-01-16T00:00:00+00:00, run_after=2024-01-17T00:00:00+00:00
[2024-01-17T15:31:32.800+0000] {processor.py:183} INFO - Processing /home/airflow/.local/lib/python3.8/site-packages/airflow/example_dags/example_task_group_decorator.py took 0.118 seconds
