[2024-01-17T15:12:26.076+0000] {processor.py:161} INFO - Started process (PID=38) to work on /home/airflow/.local/lib/python3.8/site-packages/airflow/example_dags/example_subdag_operator.py
[2024-01-17T15:12:26.076+0000] {processor.py:830} INFO - Processing file /home/airflow/.local/lib/python3.8/site-packages/airflow/example_dags/example_subdag_operator.py for tasks to queue
[2024-01-17T15:12:26.098+0000] {logging_mixin.py:188} INFO - [2024-01-17T15:12:26.097+0000] {dagbag.py:538} INFO - Filling up the DagBag from /home/airflow/.local/lib/python3.8/site-packages/airflow/example_dags/example_subdag_operator.py
[2024-01-17T15:12:26.166+0000] {processor.py:840} INFO - DAG(s) 'example_subdag_operator.section-1', 'example_subdag_operator.section-2', 'example_subdag_operator' retrieved from /home/airflow/.local/lib/python3.8/site-packages/airflow/example_dags/example_subdag_operator.py
[2024-01-17T15:12:26.875+0000] {logging_mixin.py:188} INFO - [2024-01-17T15:12:26.875+0000] {dag.py:3033} INFO - Sync 3 DAGs
[2024-01-17T15:12:26.907+0000] {logging_mixin.py:188} INFO - [2024-01-17T15:12:26.906+0000] {dag.py:3820} INFO - Setting next_dagrun for example_subdag_operator to 2022-01-01T00:00:00+00:00, run_after=2022-01-01T00:00:00+00:00
[2024-01-17T15:12:26.910+0000] {logging_mixin.py:188} INFO - [2024-01-17T15:12:26.910+0000] {dag.py:3820} INFO - Setting next_dagrun for example_subdag_operator.section-1 to None, run_after=None
[2024-01-17T15:12:26.912+0000] {logging_mixin.py:188} INFO - [2024-01-17T15:12:26.912+0000] {dag.py:3820} INFO - Setting next_dagrun for example_subdag_operator.section-2 to None, run_after=None
[2024-01-17T15:12:26.923+0000] {logging_mixin.py:188} INFO - [2024-01-17T15:12:26.923+0000] {dag.py:3033} INFO - Sync 2 DAGs
[2024-01-17T15:12:26.932+0000] {logging_mixin.py:188} INFO - [2024-01-17T15:12:26.931+0000] {dag.py:3820} INFO - Setting next_dagrun for example_subdag_operator.section-1 to None, run_after=None
[2024-01-17T15:12:26.932+0000] {logging_mixin.py:188} INFO - [2024-01-17T15:12:26.932+0000] {dag.py:3820} INFO - Setting next_dagrun for example_subdag_operator.section-2 to None, run_after=None
[2024-01-17T15:12:27.074+0000] {processor.py:183} INFO - Processing /home/airflow/.local/lib/python3.8/site-packages/airflow/example_dags/example_subdag_operator.py took 1.002 seconds
[2024-01-17T15:13:16.484+0000] {processor.py:161} INFO - Started process (PID=100) to work on /home/airflow/.local/lib/python3.8/site-packages/airflow/example_dags/example_subdag_operator.py
[2024-01-17T15:13:16.492+0000] {processor.py:830} INFO - Processing file /home/airflow/.local/lib/python3.8/site-packages/airflow/example_dags/example_subdag_operator.py for tasks to queue
[2024-01-17T15:13:16.497+0000] {logging_mixin.py:188} INFO - [2024-01-17T15:13:16.497+0000] {dagbag.py:538} INFO - Filling up the DagBag from /home/airflow/.local/lib/python3.8/site-packages/airflow/example_dags/example_subdag_operator.py
[2024-01-17T15:13:16.562+0000] {processor.py:840} INFO - DAG(s) 'example_subdag_operator.section-1', 'example_subdag_operator.section-2', 'example_subdag_operator' retrieved from /home/airflow/.local/lib/python3.8/site-packages/airflow/example_dags/example_subdag_operator.py
[2024-01-17T15:13:16.592+0000] {logging_mixin.py:188} INFO - [2024-01-17T15:13:16.591+0000] {dag.py:3033} INFO - Sync 3 DAGs
[2024-01-17T15:13:16.633+0000] {logging_mixin.py:188} INFO - [2024-01-17T15:13:16.633+0000] {dag.py:3820} INFO - Setting next_dagrun for example_subdag_operator to 2022-01-01T00:00:00+00:00, run_after=2022-01-01T00:00:00+00:00
[2024-01-17T15:13:16.639+0000] {logging_mixin.py:188} INFO - [2024-01-17T15:13:16.639+0000] {dag.py:3820} INFO - Setting next_dagrun for example_subdag_operator.section-1 to None, run_after=None
[2024-01-17T15:13:16.642+0000] {logging_mixin.py:188} INFO - [2024-01-17T15:13:16.641+0000] {dag.py:3820} INFO - Setting next_dagrun for example_subdag_operator.section-2 to None, run_after=None
[2024-01-17T15:13:16.651+0000] {logging_mixin.py:188} INFO - [2024-01-17T15:13:16.651+0000] {dag.py:3033} INFO - Sync 2 DAGs
[2024-01-17T15:13:16.659+0000] {logging_mixin.py:188} INFO - [2024-01-17T15:13:16.659+0000] {dag.py:3820} INFO - Setting next_dagrun for example_subdag_operator.section-1 to None, run_after=None
[2024-01-17T15:13:16.660+0000] {logging_mixin.py:188} INFO - [2024-01-17T15:13:16.659+0000] {dag.py:3820} INFO - Setting next_dagrun for example_subdag_operator.section-2 to None, run_after=None
[2024-01-17T15:13:16.856+0000] {processor.py:183} INFO - Processing /home/airflow/.local/lib/python3.8/site-packages/airflow/example_dags/example_subdag_operator.py took 0.403 seconds
[2024-01-17T15:13:47.618+0000] {processor.py:161} INFO - Started process (PID=153) to work on /home/airflow/.local/lib/python3.8/site-packages/airflow/example_dags/example_subdag_operator.py
[2024-01-17T15:13:47.621+0000] {processor.py:830} INFO - Processing file /home/airflow/.local/lib/python3.8/site-packages/airflow/example_dags/example_subdag_operator.py for tasks to queue
[2024-01-17T15:13:47.629+0000] {logging_mixin.py:188} INFO - [2024-01-17T15:13:47.628+0000] {dagbag.py:538} INFO - Filling up the DagBag from /home/airflow/.local/lib/python3.8/site-packages/airflow/example_dags/example_subdag_operator.py
[2024-01-17T15:13:47.763+0000] {processor.py:840} INFO - DAG(s) 'example_subdag_operator.section-1', 'example_subdag_operator.section-2', 'example_subdag_operator' retrieved from /home/airflow/.local/lib/python3.8/site-packages/airflow/example_dags/example_subdag_operator.py
[2024-01-17T15:13:47.770+0000] {logging_mixin.py:188} INFO - [2024-01-17T15:13:47.769+0000] {dag.py:3033} INFO - Sync 3 DAGs
[2024-01-17T15:13:47.826+0000] {logging_mixin.py:188} INFO - [2024-01-17T15:13:47.825+0000] {dag.py:3820} INFO - Setting next_dagrun for example_subdag_operator to 2022-01-01T00:00:00+00:00, run_after=2022-01-01T00:00:00+00:00
[2024-01-17T15:13:47.833+0000] {logging_mixin.py:188} INFO - [2024-01-17T15:13:47.833+0000] {dag.py:3820} INFO - Setting next_dagrun for example_subdag_operator.section-1 to None, run_after=None
[2024-01-17T15:13:47.836+0000] {logging_mixin.py:188} INFO - [2024-01-17T15:13:47.835+0000] {dag.py:3820} INFO - Setting next_dagrun for example_subdag_operator.section-2 to None, run_after=None
[2024-01-17T15:13:47.850+0000] {logging_mixin.py:188} INFO - [2024-01-17T15:13:47.849+0000] {dag.py:3033} INFO - Sync 2 DAGs
[2024-01-17T15:13:47.860+0000] {logging_mixin.py:188} INFO - [2024-01-17T15:13:47.860+0000] {dag.py:3820} INFO - Setting next_dagrun for example_subdag_operator.section-1 to None, run_after=None
[2024-01-17T15:13:47.861+0000] {logging_mixin.py:188} INFO - [2024-01-17T15:13:47.861+0000] {dag.py:3820} INFO - Setting next_dagrun for example_subdag_operator.section-2 to None, run_after=None
[2024-01-17T15:13:47.990+0000] {processor.py:183} INFO - Processing /home/airflow/.local/lib/python3.8/site-packages/airflow/example_dags/example_subdag_operator.py took 0.394 seconds
[2024-01-17T15:14:18.514+0000] {processor.py:161} INFO - Started process (PID=207) to work on /home/airflow/.local/lib/python3.8/site-packages/airflow/example_dags/example_subdag_operator.py
[2024-01-17T15:14:18.524+0000] {processor.py:830} INFO - Processing file /home/airflow/.local/lib/python3.8/site-packages/airflow/example_dags/example_subdag_operator.py for tasks to queue
[2024-01-17T15:14:18.534+0000] {logging_mixin.py:188} INFO - [2024-01-17T15:14:18.527+0000] {dagbag.py:538} INFO - Filling up the DagBag from /home/airflow/.local/lib/python3.8/site-packages/airflow/example_dags/example_subdag_operator.py
[2024-01-17T15:14:18.655+0000] {processor.py:840} INFO - DAG(s) 'example_subdag_operator.section-1', 'example_subdag_operator.section-2', 'example_subdag_operator' retrieved from /home/airflow/.local/lib/python3.8/site-packages/airflow/example_dags/example_subdag_operator.py
[2024-01-17T15:14:19.319+0000] {logging_mixin.py:188} INFO - [2024-01-17T15:14:19.319+0000] {dag.py:3033} INFO - Sync 3 DAGs
[2024-01-17T15:14:19.367+0000] {logging_mixin.py:188} INFO - [2024-01-17T15:14:19.367+0000] {dag.py:3820} INFO - Setting next_dagrun for example_subdag_operator to 2022-01-01T00:00:00+00:00, run_after=2022-01-01T00:00:00+00:00
[2024-01-17T15:14:19.372+0000] {logging_mixin.py:188} INFO - [2024-01-17T15:14:19.372+0000] {dag.py:3820} INFO - Setting next_dagrun for example_subdag_operator.section-1 to None, run_after=None
[2024-01-17T15:14:19.375+0000] {logging_mixin.py:188} INFO - [2024-01-17T15:14:19.374+0000] {dag.py:3820} INFO - Setting next_dagrun for example_subdag_operator.section-2 to None, run_after=None
[2024-01-17T15:14:19.444+0000] {logging_mixin.py:188} INFO - [2024-01-17T15:14:19.444+0000] {dag.py:3033} INFO - Sync 2 DAGs
[2024-01-17T15:14:19.470+0000] {logging_mixin.py:188} INFO - [2024-01-17T15:14:19.470+0000] {dag.py:3820} INFO - Setting next_dagrun for example_subdag_operator.section-1 to None, run_after=None
[2024-01-17T15:14:19.476+0000] {logging_mixin.py:188} INFO - [2024-01-17T15:14:19.476+0000] {dag.py:3820} INFO - Setting next_dagrun for example_subdag_operator.section-2 to None, run_after=None
[2024-01-17T15:14:19.572+0000] {processor.py:183} INFO - Processing /home/airflow/.local/lib/python3.8/site-packages/airflow/example_dags/example_subdag_operator.py took 1.074 seconds
[2024-01-17T15:14:49.719+0000] {processor.py:161} INFO - Started process (PID=262) to work on /home/airflow/.local/lib/python3.8/site-packages/airflow/example_dags/example_subdag_operator.py
[2024-01-17T15:14:49.721+0000] {processor.py:830} INFO - Processing file /home/airflow/.local/lib/python3.8/site-packages/airflow/example_dags/example_subdag_operator.py for tasks to queue
[2024-01-17T15:14:49.728+0000] {logging_mixin.py:188} INFO - [2024-01-17T15:14:49.728+0000] {dagbag.py:538} INFO - Filling up the DagBag from /home/airflow/.local/lib/python3.8/site-packages/airflow/example_dags/example_subdag_operator.py
[2024-01-17T15:14:49.772+0000] {processor.py:840} INFO - DAG(s) 'example_subdag_operator.section-1', 'example_subdag_operator.section-2', 'example_subdag_operator' retrieved from /home/airflow/.local/lib/python3.8/site-packages/airflow/example_dags/example_subdag_operator.py
[2024-01-17T15:14:49.805+0000] {logging_mixin.py:188} INFO - [2024-01-17T15:14:49.805+0000] {dag.py:3033} INFO - Sync 3 DAGs
[2024-01-17T15:14:49.838+0000] {logging_mixin.py:188} INFO - [2024-01-17T15:14:49.837+0000] {dag.py:3820} INFO - Setting next_dagrun for example_subdag_operator to 2022-01-01T00:00:00+00:00, run_after=2022-01-01T00:00:00+00:00
[2024-01-17T15:14:49.843+0000] {logging_mixin.py:188} INFO - [2024-01-17T15:14:49.842+0000] {dag.py:3820} INFO - Setting next_dagrun for example_subdag_operator.section-1 to None, run_after=None
[2024-01-17T15:14:49.845+0000] {logging_mixin.py:188} INFO - [2024-01-17T15:14:49.844+0000] {dag.py:3820} INFO - Setting next_dagrun for example_subdag_operator.section-2 to None, run_after=None
[2024-01-17T15:14:49.855+0000] {logging_mixin.py:188} INFO - [2024-01-17T15:14:49.854+0000] {dag.py:3033} INFO - Sync 2 DAGs
[2024-01-17T15:14:49.863+0000] {logging_mixin.py:188} INFO - [2024-01-17T15:14:49.862+0000] {dag.py:3820} INFO - Setting next_dagrun for example_subdag_operator.section-1 to None, run_after=None
[2024-01-17T15:14:49.863+0000] {logging_mixin.py:188} INFO - [2024-01-17T15:14:49.863+0000] {dag.py:3820} INFO - Setting next_dagrun for example_subdag_operator.section-2 to None, run_after=None
[2024-01-17T15:14:49.882+0000] {processor.py:183} INFO - Processing /home/airflow/.local/lib/python3.8/site-packages/airflow/example_dags/example_subdag_operator.py took 0.168 seconds
[2024-01-17T15:15:19.991+0000] {processor.py:161} INFO - Started process (PID=316) to work on /home/airflow/.local/lib/python3.8/site-packages/airflow/example_dags/example_subdag_operator.py
[2024-01-17T15:15:20.000+0000] {processor.py:830} INFO - Processing file /home/airflow/.local/lib/python3.8/site-packages/airflow/example_dags/example_subdag_operator.py for tasks to queue
[2024-01-17T15:15:20.012+0000] {logging_mixin.py:188} INFO - [2024-01-17T15:15:20.010+0000] {dagbag.py:538} INFO - Filling up the DagBag from /home/airflow/.local/lib/python3.8/site-packages/airflow/example_dags/example_subdag_operator.py
[2024-01-17T15:15:20.074+0000] {processor.py:840} INFO - DAG(s) 'example_subdag_operator.section-1', 'example_subdag_operator.section-2', 'example_subdag_operator' retrieved from /home/airflow/.local/lib/python3.8/site-packages/airflow/example_dags/example_subdag_operator.py
[2024-01-17T15:15:20.092+0000] {logging_mixin.py:188} INFO - [2024-01-17T15:15:20.092+0000] {dag.py:3033} INFO - Sync 3 DAGs
[2024-01-17T15:15:20.125+0000] {logging_mixin.py:188} INFO - [2024-01-17T15:15:20.124+0000] {dag.py:3820} INFO - Setting next_dagrun for example_subdag_operator to 2022-01-01T00:00:00+00:00, run_after=2022-01-01T00:00:00+00:00
[2024-01-17T15:15:20.132+0000] {logging_mixin.py:188} INFO - [2024-01-17T15:15:20.131+0000] {dag.py:3820} INFO - Setting next_dagrun for example_subdag_operator.section-1 to None, run_after=None
[2024-01-17T15:15:20.140+0000] {logging_mixin.py:188} INFO - [2024-01-17T15:15:20.140+0000] {dag.py:3820} INFO - Setting next_dagrun for example_subdag_operator.section-2 to None, run_after=None
[2024-01-17T15:15:20.155+0000] {logging_mixin.py:188} INFO - [2024-01-17T15:15:20.154+0000] {dag.py:3033} INFO - Sync 2 DAGs
[2024-01-17T15:15:20.165+0000] {logging_mixin.py:188} INFO - [2024-01-17T15:15:20.165+0000] {dag.py:3820} INFO - Setting next_dagrun for example_subdag_operator.section-1 to None, run_after=None
[2024-01-17T15:15:20.166+0000] {logging_mixin.py:188} INFO - [2024-01-17T15:15:20.165+0000] {dag.py:3820} INFO - Setting next_dagrun for example_subdag_operator.section-2 to None, run_after=None
[2024-01-17T15:15:20.233+0000] {processor.py:183} INFO - Processing /home/airflow/.local/lib/python3.8/site-packages/airflow/example_dags/example_subdag_operator.py took 0.263 seconds
[2024-01-17T15:15:50.962+0000] {processor.py:161} INFO - Started process (PID=371) to work on /home/airflow/.local/lib/python3.8/site-packages/airflow/example_dags/example_subdag_operator.py
[2024-01-17T15:15:50.964+0000] {processor.py:830} INFO - Processing file /home/airflow/.local/lib/python3.8/site-packages/airflow/example_dags/example_subdag_operator.py for tasks to queue
[2024-01-17T15:15:50.968+0000] {logging_mixin.py:188} INFO - [2024-01-17T15:15:50.967+0000] {dagbag.py:538} INFO - Filling up the DagBag from /home/airflow/.local/lib/python3.8/site-packages/airflow/example_dags/example_subdag_operator.py
[2024-01-17T15:15:51.008+0000] {processor.py:840} INFO - DAG(s) 'example_subdag_operator.section-1', 'example_subdag_operator.section-2', 'example_subdag_operator' retrieved from /home/airflow/.local/lib/python3.8/site-packages/airflow/example_dags/example_subdag_operator.py
[2024-01-17T15:15:51.045+0000] {logging_mixin.py:188} INFO - [2024-01-17T15:15:51.044+0000] {dag.py:3033} INFO - Sync 3 DAGs
[2024-01-17T15:15:51.092+0000] {logging_mixin.py:188} INFO - [2024-01-17T15:15:51.091+0000] {dag.py:3820} INFO - Setting next_dagrun for example_subdag_operator to 2022-01-01T00:00:00+00:00, run_after=2022-01-01T00:00:00+00:00
[2024-01-17T15:15:51.098+0000] {logging_mixin.py:188} INFO - [2024-01-17T15:15:51.098+0000] {dag.py:3820} INFO - Setting next_dagrun for example_subdag_operator.section-1 to None, run_after=None
[2024-01-17T15:15:51.101+0000] {logging_mixin.py:188} INFO - [2024-01-17T15:15:51.101+0000] {dag.py:3820} INFO - Setting next_dagrun for example_subdag_operator.section-2 to None, run_after=None
[2024-01-17T15:15:51.115+0000] {logging_mixin.py:188} INFO - [2024-01-17T15:15:51.115+0000] {dag.py:3033} INFO - Sync 2 DAGs
[2024-01-17T15:15:51.123+0000] {logging_mixin.py:188} INFO - [2024-01-17T15:15:51.123+0000] {dag.py:3820} INFO - Setting next_dagrun for example_subdag_operator.section-1 to None, run_after=None
[2024-01-17T15:15:51.123+0000] {logging_mixin.py:188} INFO - [2024-01-17T15:15:51.123+0000] {dag.py:3820} INFO - Setting next_dagrun for example_subdag_operator.section-2 to None, run_after=None
[2024-01-17T15:15:51.142+0000] {processor.py:183} INFO - Processing /home/airflow/.local/lib/python3.8/site-packages/airflow/example_dags/example_subdag_operator.py took 0.188 seconds
[2024-01-17T15:16:21.291+0000] {processor.py:161} INFO - Started process (PID=426) to work on /home/airflow/.local/lib/python3.8/site-packages/airflow/example_dags/example_subdag_operator.py
[2024-01-17T15:16:21.293+0000] {processor.py:830} INFO - Processing file /home/airflow/.local/lib/python3.8/site-packages/airflow/example_dags/example_subdag_operator.py for tasks to queue
[2024-01-17T15:16:21.296+0000] {logging_mixin.py:188} INFO - [2024-01-17T15:16:21.295+0000] {dagbag.py:538} INFO - Filling up the DagBag from /home/airflow/.local/lib/python3.8/site-packages/airflow/example_dags/example_subdag_operator.py
[2024-01-17T15:16:21.328+0000] {processor.py:840} INFO - DAG(s) 'example_subdag_operator.section-1', 'example_subdag_operator.section-2', 'example_subdag_operator' retrieved from /home/airflow/.local/lib/python3.8/site-packages/airflow/example_dags/example_subdag_operator.py
[2024-01-17T15:16:21.350+0000] {logging_mixin.py:188} INFO - [2024-01-17T15:16:21.350+0000] {dag.py:3033} INFO - Sync 3 DAGs
[2024-01-17T15:16:21.377+0000] {logging_mixin.py:188} INFO - [2024-01-17T15:16:21.377+0000] {dag.py:3820} INFO - Setting next_dagrun for example_subdag_operator to 2022-01-01T00:00:00+00:00, run_after=2022-01-01T00:00:00+00:00
[2024-01-17T15:16:21.381+0000] {logging_mixin.py:188} INFO - [2024-01-17T15:16:21.381+0000] {dag.py:3820} INFO - Setting next_dagrun for example_subdag_operator.section-1 to None, run_after=None
[2024-01-17T15:16:21.383+0000] {logging_mixin.py:188} INFO - [2024-01-17T15:16:21.383+0000] {dag.py:3820} INFO - Setting next_dagrun for example_subdag_operator.section-2 to None, run_after=None
[2024-01-17T15:16:21.392+0000] {logging_mixin.py:188} INFO - [2024-01-17T15:16:21.392+0000] {dag.py:3033} INFO - Sync 2 DAGs
[2024-01-17T15:16:21.400+0000] {logging_mixin.py:188} INFO - [2024-01-17T15:16:21.400+0000] {dag.py:3820} INFO - Setting next_dagrun for example_subdag_operator.section-1 to None, run_after=None
[2024-01-17T15:16:21.400+0000] {logging_mixin.py:188} INFO - [2024-01-17T15:16:21.400+0000] {dag.py:3820} INFO - Setting next_dagrun for example_subdag_operator.section-2 to None, run_after=None
[2024-01-17T15:16:21.421+0000] {processor.py:183} INFO - Processing /home/airflow/.local/lib/python3.8/site-packages/airflow/example_dags/example_subdag_operator.py took 0.137 seconds
[2024-01-17T15:16:51.931+0000] {processor.py:161} INFO - Started process (PID=480) to work on /home/airflow/.local/lib/python3.8/site-packages/airflow/example_dags/example_subdag_operator.py
[2024-01-17T15:16:51.934+0000] {processor.py:830} INFO - Processing file /home/airflow/.local/lib/python3.8/site-packages/airflow/example_dags/example_subdag_operator.py for tasks to queue
[2024-01-17T15:16:51.942+0000] {logging_mixin.py:188} INFO - [2024-01-17T15:16:51.941+0000] {dagbag.py:538} INFO - Filling up the DagBag from /home/airflow/.local/lib/python3.8/site-packages/airflow/example_dags/example_subdag_operator.py
[2024-01-17T15:16:52.021+0000] {processor.py:840} INFO - DAG(s) 'example_subdag_operator.section-1', 'example_subdag_operator.section-2', 'example_subdag_operator' retrieved from /home/airflow/.local/lib/python3.8/site-packages/airflow/example_dags/example_subdag_operator.py
[2024-01-17T15:16:52.049+0000] {logging_mixin.py:188} INFO - [2024-01-17T15:16:52.049+0000] {dag.py:3033} INFO - Sync 3 DAGs
[2024-01-17T15:16:52.085+0000] {logging_mixin.py:188} INFO - [2024-01-17T15:16:52.085+0000] {dag.py:3820} INFO - Setting next_dagrun for example_subdag_operator to 2022-01-01T00:00:00+00:00, run_after=2022-01-01T00:00:00+00:00
[2024-01-17T15:16:52.090+0000] {logging_mixin.py:188} INFO - [2024-01-17T15:16:52.090+0000] {dag.py:3820} INFO - Setting next_dagrun for example_subdag_operator.section-1 to None, run_after=None
[2024-01-17T15:16:52.092+0000] {logging_mixin.py:188} INFO - [2024-01-17T15:16:52.092+0000] {dag.py:3820} INFO - Setting next_dagrun for example_subdag_operator.section-2 to None, run_after=None
[2024-01-17T15:16:52.103+0000] {logging_mixin.py:188} INFO - [2024-01-17T15:16:52.103+0000] {dag.py:3033} INFO - Sync 2 DAGs
[2024-01-17T15:16:52.114+0000] {logging_mixin.py:188} INFO - [2024-01-17T15:16:52.114+0000] {dag.py:3820} INFO - Setting next_dagrun for example_subdag_operator.section-1 to None, run_after=None
[2024-01-17T15:16:52.115+0000] {logging_mixin.py:188} INFO - [2024-01-17T15:16:52.115+0000] {dag.py:3820} INFO - Setting next_dagrun for example_subdag_operator.section-2 to None, run_after=None
[2024-01-17T15:16:52.136+0000] {processor.py:183} INFO - Processing /home/airflow/.local/lib/python3.8/site-packages/airflow/example_dags/example_subdag_operator.py took 0.218 seconds
[2024-01-17T15:17:22.537+0000] {processor.py:161} INFO - Started process (PID=535) to work on /home/airflow/.local/lib/python3.8/site-packages/airflow/example_dags/example_subdag_operator.py
[2024-01-17T15:17:22.538+0000] {processor.py:830} INFO - Processing file /home/airflow/.local/lib/python3.8/site-packages/airflow/example_dags/example_subdag_operator.py for tasks to queue
[2024-01-17T15:17:22.542+0000] {logging_mixin.py:188} INFO - [2024-01-17T15:17:22.541+0000] {dagbag.py:538} INFO - Filling up the DagBag from /home/airflow/.local/lib/python3.8/site-packages/airflow/example_dags/example_subdag_operator.py
[2024-01-17T15:17:22.631+0000] {processor.py:840} INFO - DAG(s) 'example_subdag_operator.section-1', 'example_subdag_operator.section-2', 'example_subdag_operator' retrieved from /home/airflow/.local/lib/python3.8/site-packages/airflow/example_dags/example_subdag_operator.py
[2024-01-17T15:17:22.669+0000] {logging_mixin.py:188} INFO - [2024-01-17T15:17:22.669+0000] {dag.py:3033} INFO - Sync 3 DAGs
[2024-01-17T15:17:22.716+0000] {logging_mixin.py:188} INFO - [2024-01-17T15:17:22.715+0000] {dag.py:3820} INFO - Setting next_dagrun for example_subdag_operator to 2022-01-01T00:00:00+00:00, run_after=2022-01-01T00:00:00+00:00
[2024-01-17T15:17:22.723+0000] {logging_mixin.py:188} INFO - [2024-01-17T15:17:22.723+0000] {dag.py:3820} INFO - Setting next_dagrun for example_subdag_operator.section-1 to None, run_after=None
[2024-01-17T15:17:22.725+0000] {logging_mixin.py:188} INFO - [2024-01-17T15:17:22.725+0000] {dag.py:3820} INFO - Setting next_dagrun for example_subdag_operator.section-2 to None, run_after=None
[2024-01-17T15:17:22.741+0000] {logging_mixin.py:188} INFO - [2024-01-17T15:17:22.740+0000] {dag.py:3033} INFO - Sync 2 DAGs
[2024-01-17T15:17:22.751+0000] {logging_mixin.py:188} INFO - [2024-01-17T15:17:22.750+0000] {dag.py:3820} INFO - Setting next_dagrun for example_subdag_operator.section-1 to None, run_after=None
[2024-01-17T15:17:22.751+0000] {logging_mixin.py:188} INFO - [2024-01-17T15:17:22.751+0000] {dag.py:3820} INFO - Setting next_dagrun for example_subdag_operator.section-2 to None, run_after=None
[2024-01-17T15:17:22.775+0000] {processor.py:183} INFO - Processing /home/airflow/.local/lib/python3.8/site-packages/airflow/example_dags/example_subdag_operator.py took 0.245 seconds
[2024-01-17T15:17:53.074+0000] {processor.py:161} INFO - Started process (PID=590) to work on /home/airflow/.local/lib/python3.8/site-packages/airflow/example_dags/example_subdag_operator.py
[2024-01-17T15:17:53.089+0000] {processor.py:830} INFO - Processing file /home/airflow/.local/lib/python3.8/site-packages/airflow/example_dags/example_subdag_operator.py for tasks to queue
[2024-01-17T15:17:53.092+0000] {logging_mixin.py:188} INFO - [2024-01-17T15:17:53.092+0000] {dagbag.py:538} INFO - Filling up the DagBag from /home/airflow/.local/lib/python3.8/site-packages/airflow/example_dags/example_subdag_operator.py
[2024-01-17T15:17:53.184+0000] {processor.py:840} INFO - DAG(s) 'example_subdag_operator.section-1', 'example_subdag_operator.section-2', 'example_subdag_operator' retrieved from /home/airflow/.local/lib/python3.8/site-packages/airflow/example_dags/example_subdag_operator.py
[2024-01-17T15:17:53.241+0000] {logging_mixin.py:188} INFO - [2024-01-17T15:17:53.241+0000] {dag.py:3033} INFO - Sync 3 DAGs
[2024-01-17T15:17:53.292+0000] {logging_mixin.py:188} INFO - [2024-01-17T15:17:53.292+0000] {dag.py:3820} INFO - Setting next_dagrun for example_subdag_operator to 2022-01-01T00:00:00+00:00, run_after=2022-01-01T00:00:00+00:00
[2024-01-17T15:17:53.298+0000] {logging_mixin.py:188} INFO - [2024-01-17T15:17:53.298+0000] {dag.py:3820} INFO - Setting next_dagrun for example_subdag_operator.section-1 to None, run_after=None
[2024-01-17T15:17:53.303+0000] {logging_mixin.py:188} INFO - [2024-01-17T15:17:53.303+0000] {dag.py:3820} INFO - Setting next_dagrun for example_subdag_operator.section-2 to None, run_after=None
[2024-01-17T15:17:53.312+0000] {logging_mixin.py:188} INFO - [2024-01-17T15:17:53.311+0000] {dag.py:3033} INFO - Sync 2 DAGs
[2024-01-17T15:17:53.320+0000] {logging_mixin.py:188} INFO - [2024-01-17T15:17:53.320+0000] {dag.py:3820} INFO - Setting next_dagrun for example_subdag_operator.section-1 to None, run_after=None
[2024-01-17T15:17:53.320+0000] {logging_mixin.py:188} INFO - [2024-01-17T15:17:53.320+0000] {dag.py:3820} INFO - Setting next_dagrun for example_subdag_operator.section-2 to None, run_after=None
[2024-01-17T15:17:53.339+0000] {processor.py:183} INFO - Processing /home/airflow/.local/lib/python3.8/site-packages/airflow/example_dags/example_subdag_operator.py took 0.273 seconds
[2024-01-17T15:18:23.951+0000] {processor.py:161} INFO - Started process (PID=645) to work on /home/airflow/.local/lib/python3.8/site-packages/airflow/example_dags/example_subdag_operator.py
[2024-01-17T15:18:23.953+0000] {processor.py:830} INFO - Processing file /home/airflow/.local/lib/python3.8/site-packages/airflow/example_dags/example_subdag_operator.py for tasks to queue
[2024-01-17T15:18:23.956+0000] {logging_mixin.py:188} INFO - [2024-01-17T15:18:23.955+0000] {dagbag.py:538} INFO - Filling up the DagBag from /home/airflow/.local/lib/python3.8/site-packages/airflow/example_dags/example_subdag_operator.py
[2024-01-17T15:18:24.015+0000] {processor.py:840} INFO - DAG(s) 'example_subdag_operator.section-1', 'example_subdag_operator.section-2', 'example_subdag_operator' retrieved from /home/airflow/.local/lib/python3.8/site-packages/airflow/example_dags/example_subdag_operator.py
[2024-01-17T15:18:24.059+0000] {logging_mixin.py:188} INFO - [2024-01-17T15:18:24.059+0000] {dag.py:3033} INFO - Sync 3 DAGs
[2024-01-17T15:18:24.099+0000] {logging_mixin.py:188} INFO - [2024-01-17T15:18:24.098+0000] {dag.py:3820} INFO - Setting next_dagrun for example_subdag_operator to 2022-01-01T00:00:00+00:00, run_after=2022-01-01T00:00:00+00:00
[2024-01-17T15:18:24.105+0000] {logging_mixin.py:188} INFO - [2024-01-17T15:18:24.105+0000] {dag.py:3820} INFO - Setting next_dagrun for example_subdag_operator.section-1 to None, run_after=None
[2024-01-17T15:18:24.107+0000] {logging_mixin.py:188} INFO - [2024-01-17T15:18:24.107+0000] {dag.py:3820} INFO - Setting next_dagrun for example_subdag_operator.section-2 to None, run_after=None
[2024-01-17T15:18:24.120+0000] {logging_mixin.py:188} INFO - [2024-01-17T15:18:24.119+0000] {dag.py:3033} INFO - Sync 2 DAGs
[2024-01-17T15:18:24.129+0000] {logging_mixin.py:188} INFO - [2024-01-17T15:18:24.128+0000] {dag.py:3820} INFO - Setting next_dagrun for example_subdag_operator.section-1 to None, run_after=None
[2024-01-17T15:18:24.129+0000] {logging_mixin.py:188} INFO - [2024-01-17T15:18:24.129+0000] {dag.py:3820} INFO - Setting next_dagrun for example_subdag_operator.section-2 to None, run_after=None
[2024-01-17T15:18:24.150+0000] {processor.py:183} INFO - Processing /home/airflow/.local/lib/python3.8/site-packages/airflow/example_dags/example_subdag_operator.py took 0.205 seconds
[2024-01-17T15:18:54.333+0000] {processor.py:161} INFO - Started process (PID=701) to work on /home/airflow/.local/lib/python3.8/site-packages/airflow/example_dags/example_subdag_operator.py
[2024-01-17T15:18:54.334+0000] {processor.py:830} INFO - Processing file /home/airflow/.local/lib/python3.8/site-packages/airflow/example_dags/example_subdag_operator.py for tasks to queue
[2024-01-17T15:18:54.336+0000] {logging_mixin.py:188} INFO - [2024-01-17T15:18:54.336+0000] {dagbag.py:538} INFO - Filling up the DagBag from /home/airflow/.local/lib/python3.8/site-packages/airflow/example_dags/example_subdag_operator.py
[2024-01-17T15:18:54.362+0000] {processor.py:840} INFO - DAG(s) 'example_subdag_operator.section-1', 'example_subdag_operator.section-2', 'example_subdag_operator' retrieved from /home/airflow/.local/lib/python3.8/site-packages/airflow/example_dags/example_subdag_operator.py
[2024-01-17T15:18:54.381+0000] {logging_mixin.py:188} INFO - [2024-01-17T15:18:54.380+0000] {dag.py:3033} INFO - Sync 3 DAGs
[2024-01-17T15:18:54.410+0000] {logging_mixin.py:188} INFO - [2024-01-17T15:18:54.409+0000] {dag.py:3820} INFO - Setting next_dagrun for example_subdag_operator to 2022-01-01T00:00:00+00:00, run_after=2022-01-01T00:00:00+00:00
[2024-01-17T15:18:54.415+0000] {logging_mixin.py:188} INFO - [2024-01-17T15:18:54.415+0000] {dag.py:3820} INFO - Setting next_dagrun for example_subdag_operator.section-1 to None, run_after=None
[2024-01-17T15:18:54.417+0000] {logging_mixin.py:188} INFO - [2024-01-17T15:18:54.417+0000] {dag.py:3820} INFO - Setting next_dagrun for example_subdag_operator.section-2 to None, run_after=None
[2024-01-17T15:18:54.426+0000] {logging_mixin.py:188} INFO - [2024-01-17T15:18:54.426+0000] {dag.py:3033} INFO - Sync 2 DAGs
[2024-01-17T15:18:54.435+0000] {logging_mixin.py:188} INFO - [2024-01-17T15:18:54.434+0000] {dag.py:3820} INFO - Setting next_dagrun for example_subdag_operator.section-1 to None, run_after=None
[2024-01-17T15:18:54.435+0000] {logging_mixin.py:188} INFO - [2024-01-17T15:18:54.435+0000] {dag.py:3820} INFO - Setting next_dagrun for example_subdag_operator.section-2 to None, run_after=None
[2024-01-17T15:18:54.519+0000] {processor.py:183} INFO - Processing /home/airflow/.local/lib/python3.8/site-packages/airflow/example_dags/example_subdag_operator.py took 0.190 seconds
[2024-01-17T15:19:24.554+0000] {processor.py:161} INFO - Started process (PID=755) to work on /home/airflow/.local/lib/python3.8/site-packages/airflow/example_dags/example_subdag_operator.py
[2024-01-17T15:19:24.555+0000] {processor.py:830} INFO - Processing file /home/airflow/.local/lib/python3.8/site-packages/airflow/example_dags/example_subdag_operator.py for tasks to queue
[2024-01-17T15:19:24.558+0000] {logging_mixin.py:188} INFO - [2024-01-17T15:19:24.557+0000] {dagbag.py:538} INFO - Filling up the DagBag from /home/airflow/.local/lib/python3.8/site-packages/airflow/example_dags/example_subdag_operator.py
[2024-01-17T15:19:24.594+0000] {processor.py:840} INFO - DAG(s) 'example_subdag_operator.section-1', 'example_subdag_operator.section-2', 'example_subdag_operator' retrieved from /home/airflow/.local/lib/python3.8/site-packages/airflow/example_dags/example_subdag_operator.py
[2024-01-17T15:19:24.622+0000] {logging_mixin.py:188} INFO - [2024-01-17T15:19:24.622+0000] {dag.py:3033} INFO - Sync 3 DAGs
[2024-01-17T15:19:24.666+0000] {logging_mixin.py:188} INFO - [2024-01-17T15:19:24.666+0000] {dag.py:3820} INFO - Setting next_dagrun for example_subdag_operator to 2022-01-01T00:00:00+00:00, run_after=2022-01-01T00:00:00+00:00
[2024-01-17T15:19:24.674+0000] {logging_mixin.py:188} INFO - [2024-01-17T15:19:24.673+0000] {dag.py:3820} INFO - Setting next_dagrun for example_subdag_operator.section-1 to None, run_after=None
[2024-01-17T15:19:24.676+0000] {logging_mixin.py:188} INFO - [2024-01-17T15:19:24.676+0000] {dag.py:3820} INFO - Setting next_dagrun for example_subdag_operator.section-2 to None, run_after=None
[2024-01-17T15:19:24.691+0000] {logging_mixin.py:188} INFO - [2024-01-17T15:19:24.691+0000] {dag.py:3033} INFO - Sync 2 DAGs
[2024-01-17T15:19:24.700+0000] {logging_mixin.py:188} INFO - [2024-01-17T15:19:24.700+0000] {dag.py:3820} INFO - Setting next_dagrun for example_subdag_operator.section-1 to None, run_after=None
[2024-01-17T15:19:24.701+0000] {logging_mixin.py:188} INFO - [2024-01-17T15:19:24.700+0000] {dag.py:3820} INFO - Setting next_dagrun for example_subdag_operator.section-2 to None, run_after=None
[2024-01-17T15:19:24.721+0000] {processor.py:183} INFO - Processing /home/airflow/.local/lib/python3.8/site-packages/airflow/example_dags/example_subdag_operator.py took 0.172 seconds
[2024-01-17T15:19:55.240+0000] {processor.py:161} INFO - Started process (PID=810) to work on /home/airflow/.local/lib/python3.8/site-packages/airflow/example_dags/example_subdag_operator.py
[2024-01-17T15:19:55.242+0000] {processor.py:830} INFO - Processing file /home/airflow/.local/lib/python3.8/site-packages/airflow/example_dags/example_subdag_operator.py for tasks to queue
[2024-01-17T15:19:55.244+0000] {logging_mixin.py:188} INFO - [2024-01-17T15:19:55.244+0000] {dagbag.py:538} INFO - Filling up the DagBag from /home/airflow/.local/lib/python3.8/site-packages/airflow/example_dags/example_subdag_operator.py
[2024-01-17T15:19:55.279+0000] {processor.py:840} INFO - DAG(s) 'example_subdag_operator.section-1', 'example_subdag_operator.section-2', 'example_subdag_operator' retrieved from /home/airflow/.local/lib/python3.8/site-packages/airflow/example_dags/example_subdag_operator.py
[2024-01-17T15:19:55.301+0000] {logging_mixin.py:188} INFO - [2024-01-17T15:19:55.301+0000] {dag.py:3033} INFO - Sync 3 DAGs
[2024-01-17T15:19:55.332+0000] {logging_mixin.py:188} INFO - [2024-01-17T15:19:55.331+0000] {dag.py:3820} INFO - Setting next_dagrun for example_subdag_operator to 2022-01-01T00:00:00+00:00, run_after=2022-01-01T00:00:00+00:00
[2024-01-17T15:19:55.337+0000] {logging_mixin.py:188} INFO - [2024-01-17T15:19:55.337+0000] {dag.py:3820} INFO - Setting next_dagrun for example_subdag_operator.section-1 to None, run_after=None
[2024-01-17T15:19:55.339+0000] {logging_mixin.py:188} INFO - [2024-01-17T15:19:55.339+0000] {dag.py:3820} INFO - Setting next_dagrun for example_subdag_operator.section-2 to None, run_after=None
[2024-01-17T15:19:55.347+0000] {logging_mixin.py:188} INFO - [2024-01-17T15:19:55.347+0000] {dag.py:3033} INFO - Sync 2 DAGs
[2024-01-17T15:19:55.354+0000] {logging_mixin.py:188} INFO - [2024-01-17T15:19:55.354+0000] {dag.py:3820} INFO - Setting next_dagrun for example_subdag_operator.section-1 to None, run_after=None
[2024-01-17T15:19:55.355+0000] {logging_mixin.py:188} INFO - [2024-01-17T15:19:55.355+0000] {dag.py:3820} INFO - Setting next_dagrun for example_subdag_operator.section-2 to None, run_after=None
[2024-01-17T15:19:55.368+0000] {processor.py:183} INFO - Processing /home/airflow/.local/lib/python3.8/site-packages/airflow/example_dags/example_subdag_operator.py took 0.131 seconds
[2024-01-17T15:20:25.887+0000] {processor.py:161} INFO - Started process (PID=856) to work on /home/airflow/.local/lib/python3.8/site-packages/airflow/example_dags/example_subdag_operator.py
[2024-01-17T15:20:25.889+0000] {processor.py:830} INFO - Processing file /home/airflow/.local/lib/python3.8/site-packages/airflow/example_dags/example_subdag_operator.py for tasks to queue
[2024-01-17T15:20:25.892+0000] {logging_mixin.py:188} INFO - [2024-01-17T15:20:25.891+0000] {dagbag.py:538} INFO - Filling up the DagBag from /home/airflow/.local/lib/python3.8/site-packages/airflow/example_dags/example_subdag_operator.py
[2024-01-17T15:20:25.951+0000] {processor.py:840} INFO - DAG(s) 'example_subdag_operator.section-1', 'example_subdag_operator.section-2', 'example_subdag_operator' retrieved from /home/airflow/.local/lib/python3.8/site-packages/airflow/example_dags/example_subdag_operator.py
[2024-01-17T15:20:25.983+0000] {logging_mixin.py:188} INFO - [2024-01-17T15:20:25.983+0000] {dag.py:3033} INFO - Sync 3 DAGs
[2024-01-17T15:20:26.023+0000] {logging_mixin.py:188} INFO - [2024-01-17T15:20:26.023+0000] {dag.py:3820} INFO - Setting next_dagrun for example_subdag_operator to 2022-01-01T00:00:00+00:00, run_after=2022-01-01T00:00:00+00:00
[2024-01-17T15:20:26.030+0000] {logging_mixin.py:188} INFO - [2024-01-17T15:20:26.030+0000] {dag.py:3820} INFO - Setting next_dagrun for example_subdag_operator.section-1 to None, run_after=None
[2024-01-17T15:20:26.033+0000] {logging_mixin.py:188} INFO - [2024-01-17T15:20:26.032+0000] {dag.py:3820} INFO - Setting next_dagrun for example_subdag_operator.section-2 to None, run_after=None
[2024-01-17T15:20:26.046+0000] {logging_mixin.py:188} INFO - [2024-01-17T15:20:26.046+0000] {dag.py:3033} INFO - Sync 2 DAGs
[2024-01-17T15:20:26.057+0000] {logging_mixin.py:188} INFO - [2024-01-17T15:20:26.056+0000] {dag.py:3820} INFO - Setting next_dagrun for example_subdag_operator.section-1 to None, run_after=None
[2024-01-17T15:20:26.057+0000] {logging_mixin.py:188} INFO - [2024-01-17T15:20:26.057+0000] {dag.py:3820} INFO - Setting next_dagrun for example_subdag_operator.section-2 to None, run_after=None
[2024-01-17T15:20:26.075+0000] {processor.py:183} INFO - Processing /home/airflow/.local/lib/python3.8/site-packages/airflow/example_dags/example_subdag_operator.py took 0.192 seconds
[2024-01-17T15:20:56.174+0000] {processor.py:161} INFO - Started process (PID=910) to work on /home/airflow/.local/lib/python3.8/site-packages/airflow/example_dags/example_subdag_operator.py
[2024-01-17T15:20:56.178+0000] {processor.py:830} INFO - Processing file /home/airflow/.local/lib/python3.8/site-packages/airflow/example_dags/example_subdag_operator.py for tasks to queue
[2024-01-17T15:20:56.187+0000] {logging_mixin.py:188} INFO - [2024-01-17T15:20:56.186+0000] {dagbag.py:538} INFO - Filling up the DagBag from /home/airflow/.local/lib/python3.8/site-packages/airflow/example_dags/example_subdag_operator.py
[2024-01-17T15:20:56.266+0000] {processor.py:840} INFO - DAG(s) 'example_subdag_operator.section-1', 'example_subdag_operator.section-2', 'example_subdag_operator' retrieved from /home/airflow/.local/lib/python3.8/site-packages/airflow/example_dags/example_subdag_operator.py
[2024-01-17T15:20:56.293+0000] {logging_mixin.py:188} INFO - [2024-01-17T15:20:56.292+0000] {dag.py:3033} INFO - Sync 3 DAGs
[2024-01-17T15:20:56.318+0000] {logging_mixin.py:188} INFO - [2024-01-17T15:20:56.318+0000] {dag.py:3820} INFO - Setting next_dagrun for example_subdag_operator to 2022-01-01T00:00:00+00:00, run_after=2022-01-01T00:00:00+00:00
[2024-01-17T15:20:56.322+0000] {logging_mixin.py:188} INFO - [2024-01-17T15:20:56.322+0000] {dag.py:3820} INFO - Setting next_dagrun for example_subdag_operator.section-1 to None, run_after=None
[2024-01-17T15:20:56.323+0000] {logging_mixin.py:188} INFO - [2024-01-17T15:20:56.323+0000] {dag.py:3820} INFO - Setting next_dagrun for example_subdag_operator.section-2 to None, run_after=None
[2024-01-17T15:20:56.332+0000] {logging_mixin.py:188} INFO - [2024-01-17T15:20:56.332+0000] {dag.py:3033} INFO - Sync 2 DAGs
[2024-01-17T15:20:56.339+0000] {logging_mixin.py:188} INFO - [2024-01-17T15:20:56.339+0000] {dag.py:3820} INFO - Setting next_dagrun for example_subdag_operator.section-1 to None, run_after=None
[2024-01-17T15:20:56.340+0000] {logging_mixin.py:188} INFO - [2024-01-17T15:20:56.339+0000] {dag.py:3820} INFO - Setting next_dagrun for example_subdag_operator.section-2 to None, run_after=None
[2024-01-17T15:20:56.353+0000] {processor.py:183} INFO - Processing /home/airflow/.local/lib/python3.8/site-packages/airflow/example_dags/example_subdag_operator.py took 0.194 seconds
[2024-01-17T15:21:26.747+0000] {processor.py:161} INFO - Started process (PID=965) to work on /home/airflow/.local/lib/python3.8/site-packages/airflow/example_dags/example_subdag_operator.py
[2024-01-17T15:21:26.758+0000] {processor.py:830} INFO - Processing file /home/airflow/.local/lib/python3.8/site-packages/airflow/example_dags/example_subdag_operator.py for tasks to queue
[2024-01-17T15:21:26.772+0000] {logging_mixin.py:188} INFO - [2024-01-17T15:21:26.771+0000] {dagbag.py:538} INFO - Filling up the DagBag from /home/airflow/.local/lib/python3.8/site-packages/airflow/example_dags/example_subdag_operator.py
[2024-01-17T15:21:26.846+0000] {processor.py:840} INFO - DAG(s) 'example_subdag_operator.section-1', 'example_subdag_operator.section-2', 'example_subdag_operator' retrieved from /home/airflow/.local/lib/python3.8/site-packages/airflow/example_dags/example_subdag_operator.py
[2024-01-17T15:21:26.877+0000] {logging_mixin.py:188} INFO - [2024-01-17T15:21:26.876+0000] {dag.py:3033} INFO - Sync 3 DAGs
[2024-01-17T15:21:26.924+0000] {logging_mixin.py:188} INFO - [2024-01-17T15:21:26.923+0000] {dag.py:3820} INFO - Setting next_dagrun for example_subdag_operator to 2022-01-01T00:00:00+00:00, run_after=2022-01-01T00:00:00+00:00
[2024-01-17T15:21:26.930+0000] {logging_mixin.py:188} INFO - [2024-01-17T15:21:26.930+0000] {dag.py:3820} INFO - Setting next_dagrun for example_subdag_operator.section-1 to None, run_after=None
[2024-01-17T15:21:26.932+0000] {logging_mixin.py:188} INFO - [2024-01-17T15:21:26.932+0000] {dag.py:3820} INFO - Setting next_dagrun for example_subdag_operator.section-2 to None, run_after=None
[2024-01-17T15:21:26.940+0000] {logging_mixin.py:188} INFO - [2024-01-17T15:21:26.940+0000] {dag.py:3033} INFO - Sync 2 DAGs
[2024-01-17T15:21:26.946+0000] {logging_mixin.py:188} INFO - [2024-01-17T15:21:26.945+0000] {dag.py:3820} INFO - Setting next_dagrun for example_subdag_operator.section-1 to None, run_after=None
[2024-01-17T15:21:26.946+0000] {logging_mixin.py:188} INFO - [2024-01-17T15:21:26.946+0000] {dag.py:3820} INFO - Setting next_dagrun for example_subdag_operator.section-2 to None, run_after=None
[2024-01-17T15:21:26.963+0000] {processor.py:183} INFO - Processing /home/airflow/.local/lib/python3.8/site-packages/airflow/example_dags/example_subdag_operator.py took 0.237 seconds
[2024-01-17T15:21:57.516+0000] {processor.py:161} INFO - Started process (PID=1019) to work on /home/airflow/.local/lib/python3.8/site-packages/airflow/example_dags/example_subdag_operator.py
[2024-01-17T15:21:57.518+0000] {processor.py:830} INFO - Processing file /home/airflow/.local/lib/python3.8/site-packages/airflow/example_dags/example_subdag_operator.py for tasks to queue
[2024-01-17T15:21:57.521+0000] {logging_mixin.py:188} INFO - [2024-01-17T15:21:57.520+0000] {dagbag.py:538} INFO - Filling up the DagBag from /home/airflow/.local/lib/python3.8/site-packages/airflow/example_dags/example_subdag_operator.py
[2024-01-17T15:21:57.553+0000] {processor.py:840} INFO - DAG(s) 'example_subdag_operator.section-1', 'example_subdag_operator.section-2', 'example_subdag_operator' retrieved from /home/airflow/.local/lib/python3.8/site-packages/airflow/example_dags/example_subdag_operator.py
[2024-01-17T15:21:57.580+0000] {logging_mixin.py:188} INFO - [2024-01-17T15:21:57.579+0000] {dag.py:3033} INFO - Sync 3 DAGs
[2024-01-17T15:21:57.611+0000] {logging_mixin.py:188} INFO - [2024-01-17T15:21:57.610+0000] {dag.py:3820} INFO - Setting next_dagrun for example_subdag_operator to 2022-01-01T00:00:00+00:00, run_after=2022-01-01T00:00:00+00:00
[2024-01-17T15:21:57.615+0000] {logging_mixin.py:188} INFO - [2024-01-17T15:21:57.615+0000] {dag.py:3820} INFO - Setting next_dagrun for example_subdag_operator.section-1 to None, run_after=None
[2024-01-17T15:21:57.617+0000] {logging_mixin.py:188} INFO - [2024-01-17T15:21:57.616+0000] {dag.py:3820} INFO - Setting next_dagrun for example_subdag_operator.section-2 to None, run_after=None
[2024-01-17T15:21:57.625+0000] {logging_mixin.py:188} INFO - [2024-01-17T15:21:57.625+0000] {dag.py:3033} INFO - Sync 2 DAGs
[2024-01-17T15:21:57.632+0000] {logging_mixin.py:188} INFO - [2024-01-17T15:21:57.632+0000] {dag.py:3820} INFO - Setting next_dagrun for example_subdag_operator.section-1 to None, run_after=None
[2024-01-17T15:21:57.632+0000] {logging_mixin.py:188} INFO - [2024-01-17T15:21:57.632+0000] {dag.py:3820} INFO - Setting next_dagrun for example_subdag_operator.section-2 to None, run_after=None
[2024-01-17T15:21:57.691+0000] {processor.py:183} INFO - Processing /home/airflow/.local/lib/python3.8/site-packages/airflow/example_dags/example_subdag_operator.py took 0.181 seconds
[2024-01-17T15:25:02.709+0000] {processor.py:161} INFO - Started process (PID=37) to work on /home/airflow/.local/lib/python3.8/site-packages/airflow/example_dags/example_subdag_operator.py
[2024-01-17T15:25:02.936+0000] {processor.py:830} INFO - Processing file /home/airflow/.local/lib/python3.8/site-packages/airflow/example_dags/example_subdag_operator.py for tasks to queue
[2024-01-17T15:25:02.939+0000] {logging_mixin.py:188} INFO - [2024-01-17T15:25:02.938+0000] {dagbag.py:538} INFO - Filling up the DagBag from /home/airflow/.local/lib/python3.8/site-packages/airflow/example_dags/example_subdag_operator.py
[2024-01-17T15:25:03.092+0000] {processor.py:840} INFO - DAG(s) 'example_subdag_operator.section-1', 'example_subdag_operator.section-2', 'example_subdag_operator' retrieved from /home/airflow/.local/lib/python3.8/site-packages/airflow/example_dags/example_subdag_operator.py
[2024-01-17T15:25:03.193+0000] {logging_mixin.py:188} INFO - [2024-01-17T15:25:03.192+0000] {dag.py:3033} INFO - Sync 3 DAGs
[2024-01-17T15:25:03.287+0000] {logging_mixin.py:188} INFO - [2024-01-17T15:25:03.287+0000] {dag.py:3820} INFO - Setting next_dagrun for example_subdag_operator to 2022-01-01T00:00:00+00:00, run_after=2022-01-01T00:00:00+00:00
[2024-01-17T15:25:03.318+0000] {logging_mixin.py:188} INFO - [2024-01-17T15:25:03.318+0000] {dag.py:3820} INFO - Setting next_dagrun for example_subdag_operator.section-1 to None, run_after=None
[2024-01-17T15:25:03.332+0000] {logging_mixin.py:188} INFO - [2024-01-17T15:25:03.331+0000] {dag.py:3820} INFO - Setting next_dagrun for example_subdag_operator.section-2 to None, run_after=None
[2024-01-17T15:25:03.359+0000] {logging_mixin.py:188} INFO - [2024-01-17T15:25:03.359+0000] {dag.py:3033} INFO - Sync 2 DAGs
[2024-01-17T15:25:03.386+0000] {logging_mixin.py:188} INFO - [2024-01-17T15:25:03.386+0000] {dag.py:3820} INFO - Setting next_dagrun for example_subdag_operator.section-1 to None, run_after=None
[2024-01-17T15:25:03.387+0000] {logging_mixin.py:188} INFO - [2024-01-17T15:25:03.387+0000] {dag.py:3820} INFO - Setting next_dagrun for example_subdag_operator.section-2 to None, run_after=None
[2024-01-17T15:25:03.516+0000] {processor.py:183} INFO - Processing /home/airflow/.local/lib/python3.8/site-packages/airflow/example_dags/example_subdag_operator.py took 0.813 seconds
[2024-01-17T15:25:33.868+0000] {processor.py:161} INFO - Started process (PID=91) to work on /home/airflow/.local/lib/python3.8/site-packages/airflow/example_dags/example_subdag_operator.py
[2024-01-17T15:25:33.902+0000] {processor.py:830} INFO - Processing file /home/airflow/.local/lib/python3.8/site-packages/airflow/example_dags/example_subdag_operator.py for tasks to queue
[2024-01-17T15:25:33.907+0000] {logging_mixin.py:188} INFO - [2024-01-17T15:25:33.906+0000] {dagbag.py:538} INFO - Filling up the DagBag from /home/airflow/.local/lib/python3.8/site-packages/airflow/example_dags/example_subdag_operator.py
[2024-01-17T15:25:33.952+0000] {processor.py:840} INFO - DAG(s) 'example_subdag_operator.section-1', 'example_subdag_operator.section-2', 'example_subdag_operator' retrieved from /home/airflow/.local/lib/python3.8/site-packages/airflow/example_dags/example_subdag_operator.py
[2024-01-17T15:25:33.983+0000] {logging_mixin.py:188} INFO - [2024-01-17T15:25:33.982+0000] {dag.py:3033} INFO - Sync 3 DAGs
[2024-01-17T15:25:34.023+0000] {logging_mixin.py:188} INFO - [2024-01-17T15:25:34.022+0000] {dag.py:3820} INFO - Setting next_dagrun for example_subdag_operator to 2022-01-01T00:00:00+00:00, run_after=2022-01-01T00:00:00+00:00
[2024-01-17T15:25:34.030+0000] {logging_mixin.py:188} INFO - [2024-01-17T15:25:34.030+0000] {dag.py:3820} INFO - Setting next_dagrun for example_subdag_operator.section-1 to None, run_after=None
[2024-01-17T15:25:34.033+0000] {logging_mixin.py:188} INFO - [2024-01-17T15:25:34.033+0000] {dag.py:3820} INFO - Setting next_dagrun for example_subdag_operator.section-2 to None, run_after=None
[2024-01-17T15:25:34.046+0000] {logging_mixin.py:188} INFO - [2024-01-17T15:25:34.045+0000] {dag.py:3033} INFO - Sync 2 DAGs
[2024-01-17T15:25:34.058+0000] {logging_mixin.py:188} INFO - [2024-01-17T15:25:34.058+0000] {dag.py:3820} INFO - Setting next_dagrun for example_subdag_operator.section-1 to None, run_after=None
[2024-01-17T15:25:34.059+0000] {logging_mixin.py:188} INFO - [2024-01-17T15:25:34.058+0000] {dag.py:3820} INFO - Setting next_dagrun for example_subdag_operator.section-2 to None, run_after=None
[2024-01-17T15:25:34.142+0000] {processor.py:183} INFO - Processing /home/airflow/.local/lib/python3.8/site-packages/airflow/example_dags/example_subdag_operator.py took 0.280 seconds
[2024-01-17T15:26:04.333+0000] {processor.py:161} INFO - Started process (PID=147) to work on /home/airflow/.local/lib/python3.8/site-packages/airflow/example_dags/example_subdag_operator.py
[2024-01-17T15:26:04.339+0000] {processor.py:830} INFO - Processing file /home/airflow/.local/lib/python3.8/site-packages/airflow/example_dags/example_subdag_operator.py for tasks to queue
[2024-01-17T15:26:04.343+0000] {logging_mixin.py:188} INFO - [2024-01-17T15:26:04.342+0000] {dagbag.py:538} INFO - Filling up the DagBag from /home/airflow/.local/lib/python3.8/site-packages/airflow/example_dags/example_subdag_operator.py
[2024-01-17T15:26:04.433+0000] {processor.py:840} INFO - DAG(s) 'example_subdag_operator.section-1', 'example_subdag_operator.section-2', 'example_subdag_operator' retrieved from /home/airflow/.local/lib/python3.8/site-packages/airflow/example_dags/example_subdag_operator.py
[2024-01-17T15:26:04.503+0000] {logging_mixin.py:188} INFO - [2024-01-17T15:26:04.503+0000] {dag.py:3033} INFO - Sync 3 DAGs
[2024-01-17T15:26:04.553+0000] {logging_mixin.py:188} INFO - [2024-01-17T15:26:04.553+0000] {dag.py:3820} INFO - Setting next_dagrun for example_subdag_operator to 2022-01-01T00:00:00+00:00, run_after=2022-01-01T00:00:00+00:00
[2024-01-17T15:26:04.560+0000] {logging_mixin.py:188} INFO - [2024-01-17T15:26:04.560+0000] {dag.py:3820} INFO - Setting next_dagrun for example_subdag_operator.section-1 to None, run_after=None
[2024-01-17T15:26:04.566+0000] {logging_mixin.py:188} INFO - [2024-01-17T15:26:04.566+0000] {dag.py:3820} INFO - Setting next_dagrun for example_subdag_operator.section-2 to None, run_after=None
[2024-01-17T15:26:04.580+0000] {logging_mixin.py:188} INFO - [2024-01-17T15:26:04.580+0000] {dag.py:3033} INFO - Sync 2 DAGs
[2024-01-17T15:26:04.595+0000] {logging_mixin.py:188} INFO - [2024-01-17T15:26:04.594+0000] {dag.py:3820} INFO - Setting next_dagrun for example_subdag_operator.section-1 to None, run_after=None
[2024-01-17T15:26:04.596+0000] {logging_mixin.py:188} INFO - [2024-01-17T15:26:04.595+0000] {dag.py:3820} INFO - Setting next_dagrun for example_subdag_operator.section-2 to None, run_after=None
[2024-01-17T15:26:04.631+0000] {processor.py:183} INFO - Processing /home/airflow/.local/lib/python3.8/site-packages/airflow/example_dags/example_subdag_operator.py took 0.308 seconds
[2024-01-17T15:26:34.749+0000] {processor.py:161} INFO - Started process (PID=203) to work on /home/airflow/.local/lib/python3.8/site-packages/airflow/example_dags/example_subdag_operator.py
[2024-01-17T15:26:34.756+0000] {processor.py:830} INFO - Processing file /home/airflow/.local/lib/python3.8/site-packages/airflow/example_dags/example_subdag_operator.py for tasks to queue
[2024-01-17T15:26:34.759+0000] {logging_mixin.py:188} INFO - [2024-01-17T15:26:34.758+0000] {dagbag.py:538} INFO - Filling up the DagBag from /home/airflow/.local/lib/python3.8/site-packages/airflow/example_dags/example_subdag_operator.py
[2024-01-17T15:26:34.855+0000] {processor.py:840} INFO - DAG(s) 'example_subdag_operator.section-1', 'example_subdag_operator.section-2', 'example_subdag_operator' retrieved from /home/airflow/.local/lib/python3.8/site-packages/airflow/example_dags/example_subdag_operator.py
[2024-01-17T15:26:34.917+0000] {logging_mixin.py:188} INFO - [2024-01-17T15:26:34.917+0000] {dag.py:3033} INFO - Sync 3 DAGs
[2024-01-17T15:26:35.057+0000] {logging_mixin.py:188} INFO - [2024-01-17T15:26:35.057+0000] {dag.py:3820} INFO - Setting next_dagrun for example_subdag_operator to 2022-01-01T00:00:00+00:00, run_after=2022-01-01T00:00:00+00:00
[2024-01-17T15:26:35.069+0000] {logging_mixin.py:188} INFO - [2024-01-17T15:26:35.069+0000] {dag.py:3820} INFO - Setting next_dagrun for example_subdag_operator.section-1 to None, run_after=None
[2024-01-17T15:26:35.072+0000] {logging_mixin.py:188} INFO - [2024-01-17T15:26:35.072+0000] {dag.py:3820} INFO - Setting next_dagrun for example_subdag_operator.section-2 to None, run_after=None
[2024-01-17T15:26:35.106+0000] {logging_mixin.py:188} INFO - [2024-01-17T15:26:35.105+0000] {dag.py:3033} INFO - Sync 2 DAGs
[2024-01-17T15:26:35.116+0000] {logging_mixin.py:188} INFO - [2024-01-17T15:26:35.116+0000] {dag.py:3820} INFO - Setting next_dagrun for example_subdag_operator.section-1 to None, run_after=None
[2024-01-17T15:26:35.117+0000] {logging_mixin.py:188} INFO - [2024-01-17T15:26:35.117+0000] {dag.py:3820} INFO - Setting next_dagrun for example_subdag_operator.section-2 to None, run_after=None
[2024-01-17T15:26:35.151+0000] {processor.py:183} INFO - Processing /home/airflow/.local/lib/python3.8/site-packages/airflow/example_dags/example_subdag_operator.py took 0.406 seconds
[2024-01-17T15:27:05.456+0000] {processor.py:161} INFO - Started process (PID=259) to work on /home/airflow/.local/lib/python3.8/site-packages/airflow/example_dags/example_subdag_operator.py
[2024-01-17T15:27:05.463+0000] {processor.py:830} INFO - Processing file /home/airflow/.local/lib/python3.8/site-packages/airflow/example_dags/example_subdag_operator.py for tasks to queue
[2024-01-17T15:27:05.465+0000] {logging_mixin.py:188} INFO - [2024-01-17T15:27:05.465+0000] {dagbag.py:538} INFO - Filling up the DagBag from /home/airflow/.local/lib/python3.8/site-packages/airflow/example_dags/example_subdag_operator.py
[2024-01-17T15:27:05.594+0000] {processor.py:840} INFO - DAG(s) 'example_subdag_operator.section-1', 'example_subdag_operator.section-2', 'example_subdag_operator' retrieved from /home/airflow/.local/lib/python3.8/site-packages/airflow/example_dags/example_subdag_operator.py
[2024-01-17T15:27:05.669+0000] {logging_mixin.py:188} INFO - [2024-01-17T15:27:05.668+0000] {dag.py:3033} INFO - Sync 3 DAGs
[2024-01-17T15:27:05.765+0000] {logging_mixin.py:188} INFO - [2024-01-17T15:27:05.765+0000] {dag.py:3820} INFO - Setting next_dagrun for example_subdag_operator to 2022-01-01T00:00:00+00:00, run_after=2022-01-01T00:00:00+00:00
[2024-01-17T15:27:05.777+0000] {logging_mixin.py:188} INFO - [2024-01-17T15:27:05.777+0000] {dag.py:3820} INFO - Setting next_dagrun for example_subdag_operator.section-1 to None, run_after=None
[2024-01-17T15:27:05.785+0000] {logging_mixin.py:188} INFO - [2024-01-17T15:27:05.785+0000] {dag.py:3820} INFO - Setting next_dagrun for example_subdag_operator.section-2 to None, run_after=None
[2024-01-17T15:27:05.799+0000] {logging_mixin.py:188} INFO - [2024-01-17T15:27:05.798+0000] {dag.py:3033} INFO - Sync 2 DAGs
[2024-01-17T15:27:05.807+0000] {logging_mixin.py:188} INFO - [2024-01-17T15:27:05.807+0000] {dag.py:3820} INFO - Setting next_dagrun for example_subdag_operator.section-1 to None, run_after=None
[2024-01-17T15:27:05.808+0000] {logging_mixin.py:188} INFO - [2024-01-17T15:27:05.808+0000] {dag.py:3820} INFO - Setting next_dagrun for example_subdag_operator.section-2 to None, run_after=None
[2024-01-17T15:27:05.890+0000] {processor.py:183} INFO - Processing /home/airflow/.local/lib/python3.8/site-packages/airflow/example_dags/example_subdag_operator.py took 0.457 seconds
[2024-01-17T15:27:36.426+0000] {processor.py:161} INFO - Started process (PID=314) to work on /home/airflow/.local/lib/python3.8/site-packages/airflow/example_dags/example_subdag_operator.py
[2024-01-17T15:27:36.440+0000] {processor.py:830} INFO - Processing file /home/airflow/.local/lib/python3.8/site-packages/airflow/example_dags/example_subdag_operator.py for tasks to queue
[2024-01-17T15:27:36.450+0000] {logging_mixin.py:188} INFO - [2024-01-17T15:27:36.442+0000] {dagbag.py:538} INFO - Filling up the DagBag from /home/airflow/.local/lib/python3.8/site-packages/airflow/example_dags/example_subdag_operator.py
[2024-01-17T15:27:36.564+0000] {processor.py:840} INFO - DAG(s) 'example_subdag_operator.section-1', 'example_subdag_operator.section-2', 'example_subdag_operator' retrieved from /home/airflow/.local/lib/python3.8/site-packages/airflow/example_dags/example_subdag_operator.py
[2024-01-17T15:27:36.656+0000] {logging_mixin.py:188} INFO - [2024-01-17T15:27:36.656+0000] {dag.py:3033} INFO - Sync 3 DAGs
[2024-01-17T15:27:36.718+0000] {logging_mixin.py:188} INFO - [2024-01-17T15:27:36.717+0000] {dag.py:3820} INFO - Setting next_dagrun for example_subdag_operator to 2022-01-01T00:00:00+00:00, run_after=2022-01-01T00:00:00+00:00
[2024-01-17T15:27:36.742+0000] {logging_mixin.py:188} INFO - [2024-01-17T15:27:36.742+0000] {dag.py:3820} INFO - Setting next_dagrun for example_subdag_operator.section-1 to None, run_after=None
[2024-01-17T15:27:36.745+0000] {logging_mixin.py:188} INFO - [2024-01-17T15:27:36.745+0000] {dag.py:3820} INFO - Setting next_dagrun for example_subdag_operator.section-2 to None, run_after=None
[2024-01-17T15:27:36.784+0000] {logging_mixin.py:188} INFO - [2024-01-17T15:27:36.784+0000] {dag.py:3033} INFO - Sync 2 DAGs
[2024-01-17T15:27:36.803+0000] {logging_mixin.py:188} INFO - [2024-01-17T15:27:36.803+0000] {dag.py:3820} INFO - Setting next_dagrun for example_subdag_operator.section-1 to None, run_after=None
[2024-01-17T15:27:36.804+0000] {logging_mixin.py:188} INFO - [2024-01-17T15:27:36.804+0000] {dag.py:3820} INFO - Setting next_dagrun for example_subdag_operator.section-2 to None, run_after=None
[2024-01-17T15:27:36.902+0000] {processor.py:183} INFO - Processing /home/airflow/.local/lib/python3.8/site-packages/airflow/example_dags/example_subdag_operator.py took 0.485 seconds
[2024-01-17T15:28:07.886+0000] {processor.py:161} INFO - Started process (PID=369) to work on /home/airflow/.local/lib/python3.8/site-packages/airflow/example_dags/example_subdag_operator.py
[2024-01-17T15:28:07.892+0000] {processor.py:830} INFO - Processing file /home/airflow/.local/lib/python3.8/site-packages/airflow/example_dags/example_subdag_operator.py for tasks to queue
[2024-01-17T15:28:07.900+0000] {logging_mixin.py:188} INFO - [2024-01-17T15:28:07.896+0000] {dagbag.py:538} INFO - Filling up the DagBag from /home/airflow/.local/lib/python3.8/site-packages/airflow/example_dags/example_subdag_operator.py
[2024-01-17T15:28:07.994+0000] {processor.py:840} INFO - DAG(s) 'example_subdag_operator.section-1', 'example_subdag_operator.section-2', 'example_subdag_operator' retrieved from /home/airflow/.local/lib/python3.8/site-packages/airflow/example_dags/example_subdag_operator.py
[2024-01-17T15:28:08.097+0000] {logging_mixin.py:188} INFO - [2024-01-17T15:28:08.097+0000] {dag.py:3033} INFO - Sync 3 DAGs
[2024-01-17T15:28:08.191+0000] {logging_mixin.py:188} INFO - [2024-01-17T15:28:08.190+0000] {dag.py:3820} INFO - Setting next_dagrun for example_subdag_operator to 2022-01-01T00:00:00+00:00, run_after=2022-01-01T00:00:00+00:00
[2024-01-17T15:28:08.201+0000] {logging_mixin.py:188} INFO - [2024-01-17T15:28:08.201+0000] {dag.py:3820} INFO - Setting next_dagrun for example_subdag_operator.section-1 to None, run_after=None
[2024-01-17T15:28:08.206+0000] {logging_mixin.py:188} INFO - [2024-01-17T15:28:08.205+0000] {dag.py:3820} INFO - Setting next_dagrun for example_subdag_operator.section-2 to None, run_after=None
[2024-01-17T15:28:08.225+0000] {logging_mixin.py:188} INFO - [2024-01-17T15:28:08.225+0000] {dag.py:3033} INFO - Sync 2 DAGs
[2024-01-17T15:28:08.251+0000] {logging_mixin.py:188} INFO - [2024-01-17T15:28:08.250+0000] {dag.py:3820} INFO - Setting next_dagrun for example_subdag_operator.section-1 to None, run_after=None
[2024-01-17T15:28:08.251+0000] {logging_mixin.py:188} INFO - [2024-01-17T15:28:08.251+0000] {dag.py:3820} INFO - Setting next_dagrun for example_subdag_operator.section-2 to None, run_after=None
[2024-01-17T15:28:08.280+0000] {processor.py:183} INFO - Processing /home/airflow/.local/lib/python3.8/site-packages/airflow/example_dags/example_subdag_operator.py took 0.410 seconds
[2024-01-17T15:28:39.022+0000] {processor.py:161} INFO - Started process (PID=424) to work on /home/airflow/.local/lib/python3.8/site-packages/airflow/example_dags/example_subdag_operator.py
[2024-01-17T15:28:39.024+0000] {processor.py:830} INFO - Processing file /home/airflow/.local/lib/python3.8/site-packages/airflow/example_dags/example_subdag_operator.py for tasks to queue
[2024-01-17T15:28:39.027+0000] {logging_mixin.py:188} INFO - [2024-01-17T15:28:39.027+0000] {dagbag.py:538} INFO - Filling up the DagBag from /home/airflow/.local/lib/python3.8/site-packages/airflow/example_dags/example_subdag_operator.py
[2024-01-17T15:28:39.074+0000] {processor.py:840} INFO - DAG(s) 'example_subdag_operator.section-1', 'example_subdag_operator.section-2', 'example_subdag_operator' retrieved from /home/airflow/.local/lib/python3.8/site-packages/airflow/example_dags/example_subdag_operator.py
[2024-01-17T15:28:39.080+0000] {logging_mixin.py:188} INFO - [2024-01-17T15:28:39.080+0000] {dag.py:3033} INFO - Sync 3 DAGs
[2024-01-17T15:28:39.128+0000] {logging_mixin.py:188} INFO - [2024-01-17T15:28:39.128+0000] {dag.py:3820} INFO - Setting next_dagrun for example_subdag_operator to 2022-01-01T00:00:00+00:00, run_after=2022-01-01T00:00:00+00:00
[2024-01-17T15:28:39.135+0000] {logging_mixin.py:188} INFO - [2024-01-17T15:28:39.135+0000] {dag.py:3820} INFO - Setting next_dagrun for example_subdag_operator.section-1 to None, run_after=None
[2024-01-17T15:28:39.139+0000] {logging_mixin.py:188} INFO - [2024-01-17T15:28:39.138+0000] {dag.py:3820} INFO - Setting next_dagrun for example_subdag_operator.section-2 to None, run_after=None
[2024-01-17T15:28:39.153+0000] {logging_mixin.py:188} INFO - [2024-01-17T15:28:39.152+0000] {dag.py:3033} INFO - Sync 2 DAGs
[2024-01-17T15:28:39.163+0000] {logging_mixin.py:188} INFO - [2024-01-17T15:28:39.162+0000] {dag.py:3820} INFO - Setting next_dagrun for example_subdag_operator.section-1 to None, run_after=None
[2024-01-17T15:28:39.164+0000] {logging_mixin.py:188} INFO - [2024-01-17T15:28:39.163+0000] {dag.py:3820} INFO - Setting next_dagrun for example_subdag_operator.section-2 to None, run_after=None
[2024-01-17T15:28:39.199+0000] {processor.py:183} INFO - Processing /home/airflow/.local/lib/python3.8/site-packages/airflow/example_dags/example_subdag_operator.py took 0.184 seconds
[2024-01-17T15:29:09.844+0000] {processor.py:161} INFO - Started process (PID=480) to work on /home/airflow/.local/lib/python3.8/site-packages/airflow/example_dags/example_subdag_operator.py
[2024-01-17T15:29:09.845+0000] {processor.py:830} INFO - Processing file /home/airflow/.local/lib/python3.8/site-packages/airflow/example_dags/example_subdag_operator.py for tasks to queue
[2024-01-17T15:29:09.847+0000] {logging_mixin.py:188} INFO - [2024-01-17T15:29:09.847+0000] {dagbag.py:538} INFO - Filling up the DagBag from /home/airflow/.local/lib/python3.8/site-packages/airflow/example_dags/example_subdag_operator.py
[2024-01-17T15:29:09.887+0000] {processor.py:840} INFO - DAG(s) 'example_subdag_operator.section-1', 'example_subdag_operator.section-2', 'example_subdag_operator' retrieved from /home/airflow/.local/lib/python3.8/site-packages/airflow/example_dags/example_subdag_operator.py
[2024-01-17T15:29:10.061+0000] {logging_mixin.py:188} INFO - [2024-01-17T15:29:10.060+0000] {dag.py:3033} INFO - Sync 3 DAGs
[2024-01-17T15:29:10.098+0000] {logging_mixin.py:188} INFO - [2024-01-17T15:29:10.097+0000] {dag.py:3820} INFO - Setting next_dagrun for example_subdag_operator to 2022-01-01T00:00:00+00:00, run_after=2022-01-01T00:00:00+00:00
[2024-01-17T15:29:10.103+0000] {logging_mixin.py:188} INFO - [2024-01-17T15:29:10.102+0000] {dag.py:3820} INFO - Setting next_dagrun for example_subdag_operator.section-1 to None, run_after=None
[2024-01-17T15:29:10.105+0000] {logging_mixin.py:188} INFO - [2024-01-17T15:29:10.104+0000] {dag.py:3820} INFO - Setting next_dagrun for example_subdag_operator.section-2 to None, run_after=None
[2024-01-17T15:29:10.119+0000] {logging_mixin.py:188} INFO - [2024-01-17T15:29:10.118+0000] {dag.py:3033} INFO - Sync 2 DAGs
[2024-01-17T15:29:10.128+0000] {logging_mixin.py:188} INFO - [2024-01-17T15:29:10.127+0000] {dag.py:3820} INFO - Setting next_dagrun for example_subdag_operator.section-1 to None, run_after=None
[2024-01-17T15:29:10.128+0000] {logging_mixin.py:188} INFO - [2024-01-17T15:29:10.128+0000] {dag.py:3820} INFO - Setting next_dagrun for example_subdag_operator.section-2 to None, run_after=None
[2024-01-17T15:29:10.146+0000] {processor.py:183} INFO - Processing /home/airflow/.local/lib/python3.8/site-packages/airflow/example_dags/example_subdag_operator.py took 0.308 seconds
[2024-01-17T15:29:57.873+0000] {processor.py:161} INFO - Started process (PID=504) to work on /home/airflow/.local/lib/python3.8/site-packages/airflow/example_dags/example_subdag_operator.py
[2024-01-17T15:29:57.877+0000] {processor.py:830} INFO - Processing file /home/airflow/.local/lib/python3.8/site-packages/airflow/example_dags/example_subdag_operator.py for tasks to queue
[2024-01-17T15:29:57.883+0000] {logging_mixin.py:188} INFO - [2024-01-17T15:29:57.883+0000] {dagbag.py:538} INFO - Filling up the DagBag from /home/airflow/.local/lib/python3.8/site-packages/airflow/example_dags/example_subdag_operator.py
[2024-01-17T15:29:57.919+0000] {processor.py:840} INFO - DAG(s) 'example_subdag_operator.section-1', 'example_subdag_operator.section-2', 'example_subdag_operator' retrieved from /home/airflow/.local/lib/python3.8/site-packages/airflow/example_dags/example_subdag_operator.py
[2024-01-17T15:29:57.964+0000] {logging_mixin.py:188} INFO - [2024-01-17T15:29:57.964+0000] {dag.py:3033} INFO - Sync 3 DAGs
[2024-01-17T15:29:58.054+0000] {logging_mixin.py:188} INFO - [2024-01-17T15:29:58.050+0000] {dag.py:3820} INFO - Setting next_dagrun for example_subdag_operator to 2022-01-01T00:00:00+00:00, run_after=2022-01-01T00:00:00+00:00
[2024-01-17T15:29:58.060+0000] {logging_mixin.py:188} INFO - [2024-01-17T15:29:58.060+0000] {dag.py:3820} INFO - Setting next_dagrun for example_subdag_operator.section-1 to None, run_after=None
[2024-01-17T15:29:58.064+0000] {logging_mixin.py:188} INFO - [2024-01-17T15:29:58.063+0000] {dag.py:3820} INFO - Setting next_dagrun for example_subdag_operator.section-2 to None, run_after=None
[2024-01-17T15:29:58.075+0000] {logging_mixin.py:188} INFO - [2024-01-17T15:29:58.075+0000] {dag.py:3033} INFO - Sync 2 DAGs
[2024-01-17T15:29:58.085+0000] {logging_mixin.py:188} INFO - [2024-01-17T15:29:58.085+0000] {dag.py:3820} INFO - Setting next_dagrun for example_subdag_operator.section-1 to None, run_after=None
[2024-01-17T15:29:58.085+0000] {logging_mixin.py:188} INFO - [2024-01-17T15:29:58.085+0000] {dag.py:3820} INFO - Setting next_dagrun for example_subdag_operator.section-2 to None, run_after=None
[2024-01-17T15:29:58.138+0000] {processor.py:183} INFO - Processing /home/airflow/.local/lib/python3.8/site-packages/airflow/example_dags/example_subdag_operator.py took 0.270 seconds
[2024-01-17T15:30:28.408+0000] {processor.py:161} INFO - Started process (PID=559) to work on /home/airflow/.local/lib/python3.8/site-packages/airflow/example_dags/example_subdag_operator.py
[2024-01-17T15:30:28.408+0000] {processor.py:830} INFO - Processing file /home/airflow/.local/lib/python3.8/site-packages/airflow/example_dags/example_subdag_operator.py for tasks to queue
[2024-01-17T15:30:28.412+0000] {logging_mixin.py:188} INFO - [2024-01-17T15:30:28.411+0000] {dagbag.py:538} INFO - Filling up the DagBag from /home/airflow/.local/lib/python3.8/site-packages/airflow/example_dags/example_subdag_operator.py
[2024-01-17T15:30:28.492+0000] {processor.py:840} INFO - DAG(s) 'example_subdag_operator.section-1', 'example_subdag_operator.section-2', 'example_subdag_operator' retrieved from /home/airflow/.local/lib/python3.8/site-packages/airflow/example_dags/example_subdag_operator.py
[2024-01-17T15:30:28.536+0000] {logging_mixin.py:188} INFO - [2024-01-17T15:30:28.535+0000] {dag.py:3033} INFO - Sync 3 DAGs
[2024-01-17T15:30:28.588+0000] {logging_mixin.py:188} INFO - [2024-01-17T15:30:28.588+0000] {dag.py:3820} INFO - Setting next_dagrun for example_subdag_operator to 2022-01-01T00:00:00+00:00, run_after=2022-01-01T00:00:00+00:00
[2024-01-17T15:30:28.596+0000] {logging_mixin.py:188} INFO - [2024-01-17T15:30:28.596+0000] {dag.py:3820} INFO - Setting next_dagrun for example_subdag_operator.section-1 to None, run_after=None
[2024-01-17T15:30:28.598+0000] {logging_mixin.py:188} INFO - [2024-01-17T15:30:28.598+0000] {dag.py:3820} INFO - Setting next_dagrun for example_subdag_operator.section-2 to None, run_after=None
[2024-01-17T15:30:28.610+0000] {logging_mixin.py:188} INFO - [2024-01-17T15:30:28.610+0000] {dag.py:3033} INFO - Sync 2 DAGs
[2024-01-17T15:30:28.619+0000] {logging_mixin.py:188} INFO - [2024-01-17T15:30:28.618+0000] {dag.py:3820} INFO - Setting next_dagrun for example_subdag_operator.section-1 to None, run_after=None
[2024-01-17T15:30:28.619+0000] {logging_mixin.py:188} INFO - [2024-01-17T15:30:28.619+0000] {dag.py:3820} INFO - Setting next_dagrun for example_subdag_operator.section-2 to None, run_after=None
[2024-01-17T15:30:28.646+0000] {processor.py:183} INFO - Processing /home/airflow/.local/lib/python3.8/site-packages/airflow/example_dags/example_subdag_operator.py took 0.249 seconds
[2024-01-17T15:30:58.685+0000] {processor.py:161} INFO - Started process (PID=614) to work on /home/airflow/.local/lib/python3.8/site-packages/airflow/example_dags/example_subdag_operator.py
[2024-01-17T15:30:58.686+0000] {processor.py:830} INFO - Processing file /home/airflow/.local/lib/python3.8/site-packages/airflow/example_dags/example_subdag_operator.py for tasks to queue
[2024-01-17T15:30:58.688+0000] {logging_mixin.py:188} INFO - [2024-01-17T15:30:58.688+0000] {dagbag.py:538} INFO - Filling up the DagBag from /home/airflow/.local/lib/python3.8/site-packages/airflow/example_dags/example_subdag_operator.py
[2024-01-17T15:30:58.725+0000] {processor.py:840} INFO - DAG(s) 'example_subdag_operator.section-1', 'example_subdag_operator.section-2', 'example_subdag_operator' retrieved from /home/airflow/.local/lib/python3.8/site-packages/airflow/example_dags/example_subdag_operator.py
[2024-01-17T15:30:58.749+0000] {logging_mixin.py:188} INFO - [2024-01-17T15:30:58.749+0000] {dag.py:3033} INFO - Sync 3 DAGs
[2024-01-17T15:30:58.795+0000] {logging_mixin.py:188} INFO - [2024-01-17T15:30:58.795+0000] {dag.py:3820} INFO - Setting next_dagrun for example_subdag_operator to 2022-01-01T00:00:00+00:00, run_after=2022-01-01T00:00:00+00:00
[2024-01-17T15:30:58.802+0000] {logging_mixin.py:188} INFO - [2024-01-17T15:30:58.802+0000] {dag.py:3820} INFO - Setting next_dagrun for example_subdag_operator.section-1 to None, run_after=None
[2024-01-17T15:30:58.804+0000] {logging_mixin.py:188} INFO - [2024-01-17T15:30:58.804+0000] {dag.py:3820} INFO - Setting next_dagrun for example_subdag_operator.section-2 to None, run_after=None
[2024-01-17T15:30:58.813+0000] {logging_mixin.py:188} INFO - [2024-01-17T15:30:58.812+0000] {dag.py:3033} INFO - Sync 2 DAGs
[2024-01-17T15:30:58.821+0000] {logging_mixin.py:188} INFO - [2024-01-17T15:30:58.821+0000] {dag.py:3820} INFO - Setting next_dagrun for example_subdag_operator.section-1 to None, run_after=None
[2024-01-17T15:30:58.821+0000] {logging_mixin.py:188} INFO - [2024-01-17T15:30:58.821+0000] {dag.py:3820} INFO - Setting next_dagrun for example_subdag_operator.section-2 to None, run_after=None
[2024-01-17T15:30:58.836+0000] {processor.py:183} INFO - Processing /home/airflow/.local/lib/python3.8/site-packages/airflow/example_dags/example_subdag_operator.py took 0.154 seconds
[2024-01-17T15:31:29.516+0000] {processor.py:161} INFO - Started process (PID=669) to work on /home/airflow/.local/lib/python3.8/site-packages/airflow/example_dags/example_subdag_operator.py
[2024-01-17T15:31:29.517+0000] {processor.py:830} INFO - Processing file /home/airflow/.local/lib/python3.8/site-packages/airflow/example_dags/example_subdag_operator.py for tasks to queue
[2024-01-17T15:31:29.521+0000] {logging_mixin.py:188} INFO - [2024-01-17T15:31:29.521+0000] {dagbag.py:538} INFO - Filling up the DagBag from /home/airflow/.local/lib/python3.8/site-packages/airflow/example_dags/example_subdag_operator.py
[2024-01-17T15:31:29.563+0000] {processor.py:840} INFO - DAG(s) 'example_subdag_operator.section-1', 'example_subdag_operator.section-2', 'example_subdag_operator' retrieved from /home/airflow/.local/lib/python3.8/site-packages/airflow/example_dags/example_subdag_operator.py
[2024-01-17T15:31:29.584+0000] {logging_mixin.py:188} INFO - [2024-01-17T15:31:29.583+0000] {dag.py:3033} INFO - Sync 3 DAGs
[2024-01-17T15:31:29.607+0000] {logging_mixin.py:188} INFO - [2024-01-17T15:31:29.607+0000] {dag.py:3820} INFO - Setting next_dagrun for example_subdag_operator to 2022-01-01T00:00:00+00:00, run_after=2022-01-01T00:00:00+00:00
[2024-01-17T15:31:29.612+0000] {logging_mixin.py:188} INFO - [2024-01-17T15:31:29.612+0000] {dag.py:3820} INFO - Setting next_dagrun for example_subdag_operator.section-1 to None, run_after=None
[2024-01-17T15:31:29.613+0000] {logging_mixin.py:188} INFO - [2024-01-17T15:31:29.613+0000] {dag.py:3820} INFO - Setting next_dagrun for example_subdag_operator.section-2 to None, run_after=None
[2024-01-17T15:31:29.621+0000] {logging_mixin.py:188} INFO - [2024-01-17T15:31:29.621+0000] {dag.py:3033} INFO - Sync 2 DAGs
[2024-01-17T15:31:29.627+0000] {logging_mixin.py:188} INFO - [2024-01-17T15:31:29.627+0000] {dag.py:3820} INFO - Setting next_dagrun for example_subdag_operator.section-1 to None, run_after=None
[2024-01-17T15:31:29.627+0000] {logging_mixin.py:188} INFO - [2024-01-17T15:31:29.627+0000] {dag.py:3820} INFO - Setting next_dagrun for example_subdag_operator.section-2 to None, run_after=None
[2024-01-17T15:31:29.640+0000] {processor.py:183} INFO - Processing /home/airflow/.local/lib/python3.8/site-packages/airflow/example_dags/example_subdag_operator.py took 0.132 seconds
