[2024-01-17T15:13:04.587+0000] {processor.py:161} INFO - Started process (PID=61) to work on /home/airflow/.local/lib/python3.8/site-packages/airflow/example_dags/example_short_circuit_decorator.py
[2024-01-17T15:13:04.588+0000] {processor.py:830} INFO - Processing file /home/airflow/.local/lib/python3.8/site-packages/airflow/example_dags/example_short_circuit_decorator.py for tasks to queue
[2024-01-17T15:13:04.592+0000] {logging_mixin.py:188} INFO - [2024-01-17T15:13:04.592+0000] {dagbag.py:538} INFO - Filling up the DagBag from /home/airflow/.local/lib/python3.8/site-packages/airflow/example_dags/example_short_circuit_decorator.py
[2024-01-17T15:13:04.634+0000] {processor.py:840} INFO - DAG(s) 'example_short_circuit_decorator' retrieved from /home/airflow/.local/lib/python3.8/site-packages/airflow/example_dags/example_short_circuit_decorator.py
[2024-01-17T15:13:05.050+0000] {logging_mixin.py:188} INFO - [2024-01-17T15:13:05.050+0000] {dag.py:3033} INFO - Sync 1 DAGs
[2024-01-17T15:13:05.108+0000] {logging_mixin.py:188} INFO - [2024-01-17T15:13:05.108+0000] {dag.py:3820} INFO - Setting next_dagrun for example_short_circuit_decorator to 2024-01-16T00:00:00+00:00, run_after=2024-01-17T00:00:00+00:00
[2024-01-17T15:13:05.179+0000] {processor.py:183} INFO - Processing /home/airflow/.local/lib/python3.8/site-packages/airflow/example_dags/example_short_circuit_decorator.py took 0.598 seconds
[2024-01-17T15:13:35.232+0000] {processor.py:161} INFO - Started process (PID=116) to work on /home/airflow/.local/lib/python3.8/site-packages/airflow/example_dags/example_short_circuit_decorator.py
[2024-01-17T15:13:35.236+0000] {processor.py:830} INFO - Processing file /home/airflow/.local/lib/python3.8/site-packages/airflow/example_dags/example_short_circuit_decorator.py for tasks to queue
[2024-01-17T15:13:35.239+0000] {logging_mixin.py:188} INFO - [2024-01-17T15:13:35.238+0000] {dagbag.py:538} INFO - Filling up the DagBag from /home/airflow/.local/lib/python3.8/site-packages/airflow/example_dags/example_short_circuit_decorator.py
[2024-01-17T15:13:35.299+0000] {processor.py:840} INFO - DAG(s) 'example_short_circuit_decorator' retrieved from /home/airflow/.local/lib/python3.8/site-packages/airflow/example_dags/example_short_circuit_decorator.py
[2024-01-17T15:13:35.344+0000] {logging_mixin.py:188} INFO - [2024-01-17T15:13:35.344+0000] {dag.py:3033} INFO - Sync 1 DAGs
[2024-01-17T15:13:35.465+0000] {logging_mixin.py:188} INFO - [2024-01-17T15:13:35.464+0000] {dag.py:3820} INFO - Setting next_dagrun for example_short_circuit_decorator to 2024-01-16T00:00:00+00:00, run_after=2024-01-17T00:00:00+00:00
[2024-01-17T15:13:35.508+0000] {processor.py:183} INFO - Processing /home/airflow/.local/lib/python3.8/site-packages/airflow/example_dags/example_short_circuit_decorator.py took 0.292 seconds
[2024-01-17T15:14:06.220+0000] {processor.py:161} INFO - Started process (PID=171) to work on /home/airflow/.local/lib/python3.8/site-packages/airflow/example_dags/example_short_circuit_decorator.py
[2024-01-17T15:14:06.221+0000] {processor.py:830} INFO - Processing file /home/airflow/.local/lib/python3.8/site-packages/airflow/example_dags/example_short_circuit_decorator.py for tasks to queue
[2024-01-17T15:14:06.224+0000] {logging_mixin.py:188} INFO - [2024-01-17T15:14:06.223+0000] {dagbag.py:538} INFO - Filling up the DagBag from /home/airflow/.local/lib/python3.8/site-packages/airflow/example_dags/example_short_circuit_decorator.py
[2024-01-17T15:14:06.237+0000] {processor.py:840} INFO - DAG(s) 'example_short_circuit_decorator' retrieved from /home/airflow/.local/lib/python3.8/site-packages/airflow/example_dags/example_short_circuit_decorator.py
[2024-01-17T15:14:06.360+0000] {logging_mixin.py:188} INFO - [2024-01-17T15:14:06.359+0000] {dag.py:3033} INFO - Sync 1 DAGs
[2024-01-17T15:14:06.382+0000] {logging_mixin.py:188} INFO - [2024-01-17T15:14:06.382+0000] {dag.py:3820} INFO - Setting next_dagrun for example_short_circuit_decorator to 2024-01-16T00:00:00+00:00, run_after=2024-01-17T00:00:00+00:00
[2024-01-17T15:14:06.407+0000] {processor.py:183} INFO - Processing /home/airflow/.local/lib/python3.8/site-packages/airflow/example_dags/example_short_circuit_decorator.py took 0.191 seconds
[2024-01-17T15:14:36.840+0000] {processor.py:161} INFO - Started process (PID=225) to work on /home/airflow/.local/lib/python3.8/site-packages/airflow/example_dags/example_short_circuit_decorator.py
[2024-01-17T15:14:36.841+0000] {processor.py:830} INFO - Processing file /home/airflow/.local/lib/python3.8/site-packages/airflow/example_dags/example_short_circuit_decorator.py for tasks to queue
[2024-01-17T15:14:36.845+0000] {logging_mixin.py:188} INFO - [2024-01-17T15:14:36.844+0000] {dagbag.py:538} INFO - Filling up the DagBag from /home/airflow/.local/lib/python3.8/site-packages/airflow/example_dags/example_short_circuit_decorator.py
[2024-01-17T15:14:36.874+0000] {processor.py:840} INFO - DAG(s) 'example_short_circuit_decorator' retrieved from /home/airflow/.local/lib/python3.8/site-packages/airflow/example_dags/example_short_circuit_decorator.py
[2024-01-17T15:14:36.936+0000] {logging_mixin.py:188} INFO - [2024-01-17T15:14:36.936+0000] {dag.py:3033} INFO - Sync 1 DAGs
[2024-01-17T15:14:36.990+0000] {logging_mixin.py:188} INFO - [2024-01-17T15:14:36.990+0000] {dag.py:3820} INFO - Setting next_dagrun for example_short_circuit_decorator to 2024-01-16T00:00:00+00:00, run_after=2024-01-17T00:00:00+00:00
[2024-01-17T15:14:37.042+0000] {processor.py:183} INFO - Processing /home/airflow/.local/lib/python3.8/site-packages/airflow/example_dags/example_short_circuit_decorator.py took 0.209 seconds
[2024-01-17T15:15:07.224+0000] {processor.py:161} INFO - Started process (PID=280) to work on /home/airflow/.local/lib/python3.8/site-packages/airflow/example_dags/example_short_circuit_decorator.py
[2024-01-17T15:15:07.225+0000] {processor.py:830} INFO - Processing file /home/airflow/.local/lib/python3.8/site-packages/airflow/example_dags/example_short_circuit_decorator.py for tasks to queue
[2024-01-17T15:15:07.227+0000] {logging_mixin.py:188} INFO - [2024-01-17T15:15:07.227+0000] {dagbag.py:538} INFO - Filling up the DagBag from /home/airflow/.local/lib/python3.8/site-packages/airflow/example_dags/example_short_circuit_decorator.py
[2024-01-17T15:15:07.244+0000] {processor.py:840} INFO - DAG(s) 'example_short_circuit_decorator' retrieved from /home/airflow/.local/lib/python3.8/site-packages/airflow/example_dags/example_short_circuit_decorator.py
[2024-01-17T15:15:07.271+0000] {logging_mixin.py:188} INFO - [2024-01-17T15:15:07.271+0000] {dag.py:3033} INFO - Sync 1 DAGs
[2024-01-17T15:15:07.296+0000] {logging_mixin.py:188} INFO - [2024-01-17T15:15:07.296+0000] {dag.py:3820} INFO - Setting next_dagrun for example_short_circuit_decorator to 2024-01-16T00:00:00+00:00, run_after=2024-01-17T00:00:00+00:00
[2024-01-17T15:15:07.321+0000] {processor.py:183} INFO - Processing /home/airflow/.local/lib/python3.8/site-packages/airflow/example_dags/example_short_circuit_decorator.py took 0.101 seconds
[2024-01-17T15:15:38.235+0000] {processor.py:161} INFO - Started process (PID=334) to work on /home/airflow/.local/lib/python3.8/site-packages/airflow/example_dags/example_short_circuit_decorator.py
[2024-01-17T15:15:38.237+0000] {processor.py:830} INFO - Processing file /home/airflow/.local/lib/python3.8/site-packages/airflow/example_dags/example_short_circuit_decorator.py for tasks to queue
[2024-01-17T15:15:38.240+0000] {logging_mixin.py:188} INFO - [2024-01-17T15:15:38.240+0000] {dagbag.py:538} INFO - Filling up the DagBag from /home/airflow/.local/lib/python3.8/site-packages/airflow/example_dags/example_short_circuit_decorator.py
[2024-01-17T15:15:38.257+0000] {processor.py:840} INFO - DAG(s) 'example_short_circuit_decorator' retrieved from /home/airflow/.local/lib/python3.8/site-packages/airflow/example_dags/example_short_circuit_decorator.py
[2024-01-17T15:15:38.292+0000] {logging_mixin.py:188} INFO - [2024-01-17T15:15:38.292+0000] {dag.py:3033} INFO - Sync 1 DAGs
[2024-01-17T15:15:38.324+0000] {logging_mixin.py:188} INFO - [2024-01-17T15:15:38.324+0000] {dag.py:3820} INFO - Setting next_dagrun for example_short_circuit_decorator to 2024-01-16T00:00:00+00:00, run_after=2024-01-17T00:00:00+00:00
[2024-01-17T15:15:38.387+0000] {processor.py:183} INFO - Processing /home/airflow/.local/lib/python3.8/site-packages/airflow/example_dags/example_short_circuit_decorator.py took 0.157 seconds
[2024-01-17T15:16:08.523+0000] {processor.py:161} INFO - Started process (PID=389) to work on /home/airflow/.local/lib/python3.8/site-packages/airflow/example_dags/example_short_circuit_decorator.py
[2024-01-17T15:16:08.524+0000] {processor.py:830} INFO - Processing file /home/airflow/.local/lib/python3.8/site-packages/airflow/example_dags/example_short_circuit_decorator.py for tasks to queue
[2024-01-17T15:16:08.527+0000] {logging_mixin.py:188} INFO - [2024-01-17T15:16:08.527+0000] {dagbag.py:538} INFO - Filling up the DagBag from /home/airflow/.local/lib/python3.8/site-packages/airflow/example_dags/example_short_circuit_decorator.py
[2024-01-17T15:16:08.549+0000] {processor.py:840} INFO - DAG(s) 'example_short_circuit_decorator' retrieved from /home/airflow/.local/lib/python3.8/site-packages/airflow/example_dags/example_short_circuit_decorator.py
[2024-01-17T15:16:08.616+0000] {logging_mixin.py:188} INFO - [2024-01-17T15:16:08.615+0000] {dag.py:3033} INFO - Sync 1 DAGs
[2024-01-17T15:16:08.644+0000] {logging_mixin.py:188} INFO - [2024-01-17T15:16:08.644+0000] {dag.py:3820} INFO - Setting next_dagrun for example_short_circuit_decorator to 2024-01-16T00:00:00+00:00, run_after=2024-01-17T00:00:00+00:00
[2024-01-17T15:16:08.675+0000] {processor.py:183} INFO - Processing /home/airflow/.local/lib/python3.8/site-packages/airflow/example_dags/example_short_circuit_decorator.py took 0.155 seconds
[2024-01-17T15:16:38.963+0000] {processor.py:161} INFO - Started process (PID=444) to work on /home/airflow/.local/lib/python3.8/site-packages/airflow/example_dags/example_short_circuit_decorator.py
[2024-01-17T15:16:38.964+0000] {processor.py:830} INFO - Processing file /home/airflow/.local/lib/python3.8/site-packages/airflow/example_dags/example_short_circuit_decorator.py for tasks to queue
[2024-01-17T15:16:38.970+0000] {logging_mixin.py:188} INFO - [2024-01-17T15:16:38.969+0000] {dagbag.py:538} INFO - Filling up the DagBag from /home/airflow/.local/lib/python3.8/site-packages/airflow/example_dags/example_short_circuit_decorator.py
[2024-01-17T15:16:38.992+0000] {processor.py:840} INFO - DAG(s) 'example_short_circuit_decorator' retrieved from /home/airflow/.local/lib/python3.8/site-packages/airflow/example_dags/example_short_circuit_decorator.py
[2024-01-17T15:16:39.038+0000] {logging_mixin.py:188} INFO - [2024-01-17T15:16:39.038+0000] {dag.py:3033} INFO - Sync 1 DAGs
[2024-01-17T15:16:39.075+0000] {logging_mixin.py:188} INFO - [2024-01-17T15:16:39.075+0000] {dag.py:3820} INFO - Setting next_dagrun for example_short_circuit_decorator to 2024-01-16T00:00:00+00:00, run_after=2024-01-17T00:00:00+00:00
[2024-01-17T15:16:39.099+0000] {processor.py:183} INFO - Processing /home/airflow/.local/lib/python3.8/site-packages/airflow/example_dags/example_short_circuit_decorator.py took 0.144 seconds
[2024-01-17T15:17:09.366+0000] {processor.py:161} INFO - Started process (PID=498) to work on /home/airflow/.local/lib/python3.8/site-packages/airflow/example_dags/example_short_circuit_decorator.py
[2024-01-17T15:17:09.367+0000] {processor.py:830} INFO - Processing file /home/airflow/.local/lib/python3.8/site-packages/airflow/example_dags/example_short_circuit_decorator.py for tasks to queue
[2024-01-17T15:17:09.369+0000] {logging_mixin.py:188} INFO - [2024-01-17T15:17:09.369+0000] {dagbag.py:538} INFO - Filling up the DagBag from /home/airflow/.local/lib/python3.8/site-packages/airflow/example_dags/example_short_circuit_decorator.py
[2024-01-17T15:17:09.384+0000] {processor.py:840} INFO - DAG(s) 'example_short_circuit_decorator' retrieved from /home/airflow/.local/lib/python3.8/site-packages/airflow/example_dags/example_short_circuit_decorator.py
[2024-01-17T15:17:09.418+0000] {logging_mixin.py:188} INFO - [2024-01-17T15:17:09.417+0000] {dag.py:3033} INFO - Sync 1 DAGs
[2024-01-17T15:17:09.460+0000] {logging_mixin.py:188} INFO - [2024-01-17T15:17:09.459+0000] {dag.py:3820} INFO - Setting next_dagrun for example_short_circuit_decorator to 2024-01-16T00:00:00+00:00, run_after=2024-01-17T00:00:00+00:00
[2024-01-17T15:17:09.494+0000] {processor.py:183} INFO - Processing /home/airflow/.local/lib/python3.8/site-packages/airflow/example_dags/example_short_circuit_decorator.py took 0.131 seconds
[2024-01-17T15:17:39.723+0000] {processor.py:161} INFO - Started process (PID=553) to work on /home/airflow/.local/lib/python3.8/site-packages/airflow/example_dags/example_short_circuit_decorator.py
[2024-01-17T15:17:39.724+0000] {processor.py:830} INFO - Processing file /home/airflow/.local/lib/python3.8/site-packages/airflow/example_dags/example_short_circuit_decorator.py for tasks to queue
[2024-01-17T15:17:39.726+0000] {logging_mixin.py:188} INFO - [2024-01-17T15:17:39.726+0000] {dagbag.py:538} INFO - Filling up the DagBag from /home/airflow/.local/lib/python3.8/site-packages/airflow/example_dags/example_short_circuit_decorator.py
[2024-01-17T15:17:39.742+0000] {processor.py:840} INFO - DAG(s) 'example_short_circuit_decorator' retrieved from /home/airflow/.local/lib/python3.8/site-packages/airflow/example_dags/example_short_circuit_decorator.py
[2024-01-17T15:17:39.769+0000] {logging_mixin.py:188} INFO - [2024-01-17T15:17:39.769+0000] {dag.py:3033} INFO - Sync 1 DAGs
[2024-01-17T15:17:39.794+0000] {logging_mixin.py:188} INFO - [2024-01-17T15:17:39.794+0000] {dag.py:3820} INFO - Setting next_dagrun for example_short_circuit_decorator to 2024-01-16T00:00:00+00:00, run_after=2024-01-17T00:00:00+00:00
[2024-01-17T15:17:39.816+0000] {processor.py:183} INFO - Processing /home/airflow/.local/lib/python3.8/site-packages/airflow/example_dags/example_short_circuit_decorator.py took 0.097 seconds
[2024-01-17T15:18:09.938+0000] {processor.py:161} INFO - Started process (PID=608) to work on /home/airflow/.local/lib/python3.8/site-packages/airflow/example_dags/example_short_circuit_decorator.py
[2024-01-17T15:18:09.939+0000] {processor.py:830} INFO - Processing file /home/airflow/.local/lib/python3.8/site-packages/airflow/example_dags/example_short_circuit_decorator.py for tasks to queue
[2024-01-17T15:18:09.942+0000] {logging_mixin.py:188} INFO - [2024-01-17T15:18:09.941+0000] {dagbag.py:538} INFO - Filling up the DagBag from /home/airflow/.local/lib/python3.8/site-packages/airflow/example_dags/example_short_circuit_decorator.py
[2024-01-17T15:18:09.953+0000] {processor.py:840} INFO - DAG(s) 'example_short_circuit_decorator' retrieved from /home/airflow/.local/lib/python3.8/site-packages/airflow/example_dags/example_short_circuit_decorator.py
[2024-01-17T15:18:09.979+0000] {logging_mixin.py:188} INFO - [2024-01-17T15:18:09.979+0000] {dag.py:3033} INFO - Sync 1 DAGs
[2024-01-17T15:18:10.004+0000] {logging_mixin.py:188} INFO - [2024-01-17T15:18:10.003+0000] {dag.py:3820} INFO - Setting next_dagrun for example_short_circuit_decorator to 2024-01-16T00:00:00+00:00, run_after=2024-01-17T00:00:00+00:00
[2024-01-17T15:18:10.023+0000] {processor.py:183} INFO - Processing /home/airflow/.local/lib/python3.8/site-packages/airflow/example_dags/example_short_circuit_decorator.py took 0.090 seconds
[2024-01-17T15:18:40.127+0000] {processor.py:161} INFO - Started process (PID=663) to work on /home/airflow/.local/lib/python3.8/site-packages/airflow/example_dags/example_short_circuit_decorator.py
[2024-01-17T15:18:40.129+0000] {processor.py:830} INFO - Processing file /home/airflow/.local/lib/python3.8/site-packages/airflow/example_dags/example_short_circuit_decorator.py for tasks to queue
[2024-01-17T15:18:40.131+0000] {logging_mixin.py:188} INFO - [2024-01-17T15:18:40.131+0000] {dagbag.py:538} INFO - Filling up the DagBag from /home/airflow/.local/lib/python3.8/site-packages/airflow/example_dags/example_short_circuit_decorator.py
[2024-01-17T15:18:40.144+0000] {processor.py:840} INFO - DAG(s) 'example_short_circuit_decorator' retrieved from /home/airflow/.local/lib/python3.8/site-packages/airflow/example_dags/example_short_circuit_decorator.py
[2024-01-17T15:18:40.180+0000] {logging_mixin.py:188} INFO - [2024-01-17T15:18:40.179+0000] {dag.py:3033} INFO - Sync 1 DAGs
[2024-01-17T15:18:40.208+0000] {logging_mixin.py:188} INFO - [2024-01-17T15:18:40.208+0000] {dag.py:3820} INFO - Setting next_dagrun for example_short_circuit_decorator to 2024-01-16T00:00:00+00:00, run_after=2024-01-17T00:00:00+00:00
[2024-01-17T15:18:40.275+0000] {processor.py:183} INFO - Processing /home/airflow/.local/lib/python3.8/site-packages/airflow/example_dags/example_short_circuit_decorator.py took 0.151 seconds
[2024-01-17T15:19:11.907+0000] {processor.py:161} INFO - Started process (PID=718) to work on /home/airflow/.local/lib/python3.8/site-packages/airflow/example_dags/example_short_circuit_decorator.py
[2024-01-17T15:19:11.922+0000] {processor.py:830} INFO - Processing file /home/airflow/.local/lib/python3.8/site-packages/airflow/example_dags/example_short_circuit_decorator.py for tasks to queue
[2024-01-17T15:19:11.928+0000] {logging_mixin.py:188} INFO - [2024-01-17T15:19:11.927+0000] {dagbag.py:538} INFO - Filling up the DagBag from /home/airflow/.local/lib/python3.8/site-packages/airflow/example_dags/example_short_circuit_decorator.py
[2024-01-17T15:19:11.959+0000] {processor.py:840} INFO - DAG(s) 'example_short_circuit_decorator' retrieved from /home/airflow/.local/lib/python3.8/site-packages/airflow/example_dags/example_short_circuit_decorator.py
[2024-01-17T15:19:12.509+0000] {logging_mixin.py:188} INFO - [2024-01-17T15:19:12.502+0000] {dag.py:3033} INFO - Sync 1 DAGs
[2024-01-17T15:19:12.659+0000] {logging_mixin.py:188} INFO - [2024-01-17T15:19:12.653+0000] {dag.py:3820} INFO - Setting next_dagrun for example_short_circuit_decorator to 2024-01-16T00:00:00+00:00, run_after=2024-01-17T00:00:00+00:00
[2024-01-17T15:19:12.898+0000] {processor.py:183} INFO - Processing /home/airflow/.local/lib/python3.8/site-packages/airflow/example_dags/example_short_circuit_decorator.py took 1.009 seconds
[2024-01-17T15:19:43.145+0000] {processor.py:161} INFO - Started process (PID=773) to work on /home/airflow/.local/lib/python3.8/site-packages/airflow/example_dags/example_short_circuit_decorator.py
[2024-01-17T15:19:43.146+0000] {processor.py:830} INFO - Processing file /home/airflow/.local/lib/python3.8/site-packages/airflow/example_dags/example_short_circuit_decorator.py for tasks to queue
[2024-01-17T15:19:43.148+0000] {logging_mixin.py:188} INFO - [2024-01-17T15:19:43.148+0000] {dagbag.py:538} INFO - Filling up the DagBag from /home/airflow/.local/lib/python3.8/site-packages/airflow/example_dags/example_short_circuit_decorator.py
[2024-01-17T15:19:43.164+0000] {processor.py:840} INFO - DAG(s) 'example_short_circuit_decorator' retrieved from /home/airflow/.local/lib/python3.8/site-packages/airflow/example_dags/example_short_circuit_decorator.py
[2024-01-17T15:19:43.207+0000] {logging_mixin.py:188} INFO - [2024-01-17T15:19:43.207+0000] {dag.py:3033} INFO - Sync 1 DAGs
[2024-01-17T15:19:43.253+0000] {logging_mixin.py:188} INFO - [2024-01-17T15:19:43.252+0000] {dag.py:3820} INFO - Setting next_dagrun for example_short_circuit_decorator to 2024-01-16T00:00:00+00:00, run_after=2024-01-17T00:00:00+00:00
[2024-01-17T15:19:43.276+0000] {processor.py:183} INFO - Processing /home/airflow/.local/lib/python3.8/site-packages/airflow/example_dags/example_short_circuit_decorator.py took 0.135 seconds
[2024-01-17T15:20:13.584+0000] {processor.py:161} INFO - Started process (PID=828) to work on /home/airflow/.local/lib/python3.8/site-packages/airflow/example_dags/example_short_circuit_decorator.py
[2024-01-17T15:20:13.585+0000] {processor.py:830} INFO - Processing file /home/airflow/.local/lib/python3.8/site-packages/airflow/example_dags/example_short_circuit_decorator.py for tasks to queue
[2024-01-17T15:20:13.587+0000] {logging_mixin.py:188} INFO - [2024-01-17T15:20:13.587+0000] {dagbag.py:538} INFO - Filling up the DagBag from /home/airflow/.local/lib/python3.8/site-packages/airflow/example_dags/example_short_circuit_decorator.py
[2024-01-17T15:20:13.598+0000] {processor.py:840} INFO - DAG(s) 'example_short_circuit_decorator' retrieved from /home/airflow/.local/lib/python3.8/site-packages/airflow/example_dags/example_short_circuit_decorator.py
[2024-01-17T15:20:13.627+0000] {logging_mixin.py:188} INFO - [2024-01-17T15:20:13.626+0000] {dag.py:3033} INFO - Sync 1 DAGs
[2024-01-17T15:20:13.657+0000] {logging_mixin.py:188} INFO - [2024-01-17T15:20:13.656+0000] {dag.py:3820} INFO - Setting next_dagrun for example_short_circuit_decorator to 2024-01-16T00:00:00+00:00, run_after=2024-01-17T00:00:00+00:00
[2024-01-17T15:20:13.683+0000] {processor.py:183} INFO - Processing /home/airflow/.local/lib/python3.8/site-packages/airflow/example_dags/example_short_circuit_decorator.py took 0.105 seconds
[2024-01-17T15:20:43.798+0000] {processor.py:161} INFO - Started process (PID=882) to work on /home/airflow/.local/lib/python3.8/site-packages/airflow/example_dags/example_short_circuit_decorator.py
[2024-01-17T15:20:43.799+0000] {processor.py:830} INFO - Processing file /home/airflow/.local/lib/python3.8/site-packages/airflow/example_dags/example_short_circuit_decorator.py for tasks to queue
[2024-01-17T15:20:43.801+0000] {logging_mixin.py:188} INFO - [2024-01-17T15:20:43.801+0000] {dagbag.py:538} INFO - Filling up the DagBag from /home/airflow/.local/lib/python3.8/site-packages/airflow/example_dags/example_short_circuit_decorator.py
[2024-01-17T15:20:43.811+0000] {processor.py:840} INFO - DAG(s) 'example_short_circuit_decorator' retrieved from /home/airflow/.local/lib/python3.8/site-packages/airflow/example_dags/example_short_circuit_decorator.py
[2024-01-17T15:20:43.841+0000] {logging_mixin.py:188} INFO - [2024-01-17T15:20:43.841+0000] {dag.py:3033} INFO - Sync 1 DAGs
[2024-01-17T15:20:43.869+0000] {logging_mixin.py:188} INFO - [2024-01-17T15:20:43.869+0000] {dag.py:3820} INFO - Setting next_dagrun for example_short_circuit_decorator to 2024-01-16T00:00:00+00:00, run_after=2024-01-17T00:00:00+00:00
[2024-01-17T15:20:43.898+0000] {processor.py:183} INFO - Processing /home/airflow/.local/lib/python3.8/site-packages/airflow/example_dags/example_short_circuit_decorator.py took 0.104 seconds
[2024-01-17T15:21:14.227+0000] {processor.py:161} INFO - Started process (PID=935) to work on /home/airflow/.local/lib/python3.8/site-packages/airflow/example_dags/example_short_circuit_decorator.py
[2024-01-17T15:21:14.229+0000] {processor.py:830} INFO - Processing file /home/airflow/.local/lib/python3.8/site-packages/airflow/example_dags/example_short_circuit_decorator.py for tasks to queue
[2024-01-17T15:21:14.235+0000] {logging_mixin.py:188} INFO - [2024-01-17T15:21:14.235+0000] {dagbag.py:538} INFO - Filling up the DagBag from /home/airflow/.local/lib/python3.8/site-packages/airflow/example_dags/example_short_circuit_decorator.py
[2024-01-17T15:21:14.256+0000] {processor.py:840} INFO - DAG(s) 'example_short_circuit_decorator' retrieved from /home/airflow/.local/lib/python3.8/site-packages/airflow/example_dags/example_short_circuit_decorator.py
[2024-01-17T15:21:14.319+0000] {logging_mixin.py:188} INFO - [2024-01-17T15:21:14.319+0000] {dag.py:3033} INFO - Sync 1 DAGs
[2024-01-17T15:21:14.377+0000] {logging_mixin.py:188} INFO - [2024-01-17T15:21:14.376+0000] {dag.py:3820} INFO - Setting next_dagrun for example_short_circuit_decorator to 2024-01-16T00:00:00+00:00, run_after=2024-01-17T00:00:00+00:00
[2024-01-17T15:21:14.423+0000] {processor.py:183} INFO - Processing /home/airflow/.local/lib/python3.8/site-packages/airflow/example_dags/example_short_circuit_decorator.py took 0.201 seconds
[2024-01-17T15:21:45.072+0000] {processor.py:161} INFO - Started process (PID=989) to work on /home/airflow/.local/lib/python3.8/site-packages/airflow/example_dags/example_short_circuit_decorator.py
[2024-01-17T15:21:45.073+0000] {processor.py:830} INFO - Processing file /home/airflow/.local/lib/python3.8/site-packages/airflow/example_dags/example_short_circuit_decorator.py for tasks to queue
[2024-01-17T15:21:45.075+0000] {logging_mixin.py:188} INFO - [2024-01-17T15:21:45.075+0000] {dagbag.py:538} INFO - Filling up the DagBag from /home/airflow/.local/lib/python3.8/site-packages/airflow/example_dags/example_short_circuit_decorator.py
[2024-01-17T15:21:45.090+0000] {processor.py:840} INFO - DAG(s) 'example_short_circuit_decorator' retrieved from /home/airflow/.local/lib/python3.8/site-packages/airflow/example_dags/example_short_circuit_decorator.py
[2024-01-17T15:21:45.115+0000] {logging_mixin.py:188} INFO - [2024-01-17T15:21:45.115+0000] {dag.py:3033} INFO - Sync 1 DAGs
[2024-01-17T15:21:45.139+0000] {logging_mixin.py:188} INFO - [2024-01-17T15:21:45.138+0000] {dag.py:3820} INFO - Setting next_dagrun for example_short_circuit_decorator to 2024-01-16T00:00:00+00:00, run_after=2024-01-17T00:00:00+00:00
[2024-01-17T15:21:45.160+0000] {processor.py:183} INFO - Processing /home/airflow/.local/lib/python3.8/site-packages/airflow/example_dags/example_short_circuit_decorator.py took 0.092 seconds
[2024-01-17T15:22:16.043+0000] {processor.py:161} INFO - Started process (PID=1043) to work on /home/airflow/.local/lib/python3.8/site-packages/airflow/example_dags/example_short_circuit_decorator.py
[2024-01-17T15:22:16.049+0000] {processor.py:830} INFO - Processing file /home/airflow/.local/lib/python3.8/site-packages/airflow/example_dags/example_short_circuit_decorator.py for tasks to queue
[2024-01-17T15:22:16.096+0000] {logging_mixin.py:188} INFO - [2024-01-17T15:22:16.055+0000] {dagbag.py:538} INFO - Filling up the DagBag from /home/airflow/.local/lib/python3.8/site-packages/airflow/example_dags/example_short_circuit_decorator.py
[2024-01-17T15:22:16.143+0000] {processor.py:840} INFO - DAG(s) 'example_short_circuit_decorator' retrieved from /home/airflow/.local/lib/python3.8/site-packages/airflow/example_dags/example_short_circuit_decorator.py
[2024-01-17T15:22:16.525+0000] {logging_mixin.py:188} INFO - [2024-01-17T15:22:16.523+0000] {dag.py:3033} INFO - Sync 1 DAGs
[2024-01-17T15:22:16.620+0000] {logging_mixin.py:188} INFO - [2024-01-17T15:22:16.620+0000] {dag.py:3820} INFO - Setting next_dagrun for example_short_circuit_decorator to 2024-01-16T00:00:00+00:00, run_after=2024-01-17T00:00:00+00:00
[2024-01-17T15:22:16.738+0000] {processor.py:183} INFO - Processing /home/airflow/.local/lib/python3.8/site-packages/airflow/example_dags/example_short_circuit_decorator.py took 0.707 seconds
[2024-01-17T15:25:13.360+0000] {processor.py:161} INFO - Started process (PID=53) to work on /home/airflow/.local/lib/python3.8/site-packages/airflow/example_dags/example_short_circuit_decorator.py
[2024-01-17T15:25:13.435+0000] {processor.py:830} INFO - Processing file /home/airflow/.local/lib/python3.8/site-packages/airflow/example_dags/example_short_circuit_decorator.py for tasks to queue
[2024-01-17T15:25:13.442+0000] {logging_mixin.py:188} INFO - [2024-01-17T15:25:13.441+0000] {dagbag.py:538} INFO - Filling up the DagBag from /home/airflow/.local/lib/python3.8/site-packages/airflow/example_dags/example_short_circuit_decorator.py
[2024-01-17T15:25:13.473+0000] {processor.py:840} INFO - DAG(s) 'example_short_circuit_decorator' retrieved from /home/airflow/.local/lib/python3.8/site-packages/airflow/example_dags/example_short_circuit_decorator.py
[2024-01-17T15:25:13.513+0000] {logging_mixin.py:188} INFO - [2024-01-17T15:25:13.513+0000] {dag.py:3033} INFO - Sync 1 DAGs
[2024-01-17T15:25:13.556+0000] {logging_mixin.py:188} INFO - [2024-01-17T15:25:13.556+0000] {dag.py:3820} INFO - Setting next_dagrun for example_short_circuit_decorator to 2024-01-16T00:00:00+00:00, run_after=2024-01-17T00:00:00+00:00
[2024-01-17T15:25:13.650+0000] {processor.py:183} INFO - Processing /home/airflow/.local/lib/python3.8/site-packages/airflow/example_dags/example_short_circuit_decorator.py took 0.293 seconds
[2024-01-17T15:25:44.125+0000] {processor.py:161} INFO - Started process (PID=108) to work on /home/airflow/.local/lib/python3.8/site-packages/airflow/example_dags/example_short_circuit_decorator.py
[2024-01-17T15:25:44.132+0000] {processor.py:830} INFO - Processing file /home/airflow/.local/lib/python3.8/site-packages/airflow/example_dags/example_short_circuit_decorator.py for tasks to queue
[2024-01-17T15:25:44.142+0000] {logging_mixin.py:188} INFO - [2024-01-17T15:25:44.142+0000] {dagbag.py:538} INFO - Filling up the DagBag from /home/airflow/.local/lib/python3.8/site-packages/airflow/example_dags/example_short_circuit_decorator.py
[2024-01-17T15:25:44.178+0000] {processor.py:840} INFO - DAG(s) 'example_short_circuit_decorator' retrieved from /home/airflow/.local/lib/python3.8/site-packages/airflow/example_dags/example_short_circuit_decorator.py
[2024-01-17T15:25:44.274+0000] {logging_mixin.py:188} INFO - [2024-01-17T15:25:44.274+0000] {dag.py:3033} INFO - Sync 1 DAGs
[2024-01-17T15:25:44.374+0000] {logging_mixin.py:188} INFO - [2024-01-17T15:25:44.373+0000] {dag.py:3820} INFO - Setting next_dagrun for example_short_circuit_decorator to 2024-01-16T00:00:00+00:00, run_after=2024-01-17T00:00:00+00:00
[2024-01-17T15:25:44.447+0000] {processor.py:183} INFO - Processing /home/airflow/.local/lib/python3.8/site-packages/airflow/example_dags/example_short_circuit_decorator.py took 0.331 seconds
[2024-01-17T15:26:14.771+0000] {processor.py:161} INFO - Started process (PID=163) to work on /home/airflow/.local/lib/python3.8/site-packages/airflow/example_dags/example_short_circuit_decorator.py
[2024-01-17T15:26:14.776+0000] {processor.py:830} INFO - Processing file /home/airflow/.local/lib/python3.8/site-packages/airflow/example_dags/example_short_circuit_decorator.py for tasks to queue
[2024-01-17T15:26:14.783+0000] {logging_mixin.py:188} INFO - [2024-01-17T15:26:14.782+0000] {dagbag.py:538} INFO - Filling up the DagBag from /home/airflow/.local/lib/python3.8/site-packages/airflow/example_dags/example_short_circuit_decorator.py
[2024-01-17T15:26:14.826+0000] {processor.py:840} INFO - DAG(s) 'example_short_circuit_decorator' retrieved from /home/airflow/.local/lib/python3.8/site-packages/airflow/example_dags/example_short_circuit_decorator.py
[2024-01-17T15:26:14.904+0000] {logging_mixin.py:188} INFO - [2024-01-17T15:26:14.904+0000] {dag.py:3033} INFO - Sync 1 DAGs
[2024-01-17T15:26:15.020+0000] {logging_mixin.py:188} INFO - [2024-01-17T15:26:15.020+0000] {dag.py:3820} INFO - Setting next_dagrun for example_short_circuit_decorator to 2024-01-16T00:00:00+00:00, run_after=2024-01-17T00:00:00+00:00
[2024-01-17T15:26:15.191+0000] {processor.py:183} INFO - Processing /home/airflow/.local/lib/python3.8/site-packages/airflow/example_dags/example_short_circuit_decorator.py took 0.430 seconds
[2024-01-17T15:26:46.160+0000] {processor.py:161} INFO - Started process (PID=220) to work on /home/airflow/.local/lib/python3.8/site-packages/airflow/example_dags/example_short_circuit_decorator.py
[2024-01-17T15:26:46.167+0000] {processor.py:830} INFO - Processing file /home/airflow/.local/lib/python3.8/site-packages/airflow/example_dags/example_short_circuit_decorator.py for tasks to queue
[2024-01-17T15:26:46.170+0000] {logging_mixin.py:188} INFO - [2024-01-17T15:26:46.169+0000] {dagbag.py:538} INFO - Filling up the DagBag from /home/airflow/.local/lib/python3.8/site-packages/airflow/example_dags/example_short_circuit_decorator.py
[2024-01-17T15:26:46.212+0000] {processor.py:840} INFO - DAG(s) 'example_short_circuit_decorator' retrieved from /home/airflow/.local/lib/python3.8/site-packages/airflow/example_dags/example_short_circuit_decorator.py
[2024-01-17T15:26:46.300+0000] {logging_mixin.py:188} INFO - [2024-01-17T15:26:46.299+0000] {dag.py:3033} INFO - Sync 1 DAGs
[2024-01-17T15:26:46.383+0000] {logging_mixin.py:188} INFO - [2024-01-17T15:26:46.383+0000] {dag.py:3820} INFO - Setting next_dagrun for example_short_circuit_decorator to 2024-01-16T00:00:00+00:00, run_after=2024-01-17T00:00:00+00:00
[2024-01-17T15:26:46.467+0000] {processor.py:183} INFO - Processing /home/airflow/.local/lib/python3.8/site-packages/airflow/example_dags/example_short_circuit_decorator.py took 0.315 seconds
[2024-01-17T15:27:16.863+0000] {processor.py:161} INFO - Started process (PID=276) to work on /home/airflow/.local/lib/python3.8/site-packages/airflow/example_dags/example_short_circuit_decorator.py
[2024-01-17T15:27:16.874+0000] {processor.py:830} INFO - Processing file /home/airflow/.local/lib/python3.8/site-packages/airflow/example_dags/example_short_circuit_decorator.py for tasks to queue
[2024-01-17T15:27:16.877+0000] {logging_mixin.py:188} INFO - [2024-01-17T15:27:16.877+0000] {dagbag.py:538} INFO - Filling up the DagBag from /home/airflow/.local/lib/python3.8/site-packages/airflow/example_dags/example_short_circuit_decorator.py
[2024-01-17T15:27:16.910+0000] {processor.py:840} INFO - DAG(s) 'example_short_circuit_decorator' retrieved from /home/airflow/.local/lib/python3.8/site-packages/airflow/example_dags/example_short_circuit_decorator.py
[2024-01-17T15:27:16.981+0000] {logging_mixin.py:188} INFO - [2024-01-17T15:27:16.981+0000] {dag.py:3033} INFO - Sync 1 DAGs
[2024-01-17T15:27:17.037+0000] {logging_mixin.py:188} INFO - [2024-01-17T15:27:17.037+0000] {dag.py:3820} INFO - Setting next_dagrun for example_short_circuit_decorator to 2024-01-16T00:00:00+00:00, run_after=2024-01-17T00:00:00+00:00
[2024-01-17T15:27:17.135+0000] {processor.py:183} INFO - Processing /home/airflow/.local/lib/python3.8/site-packages/airflow/example_dags/example_short_circuit_decorator.py took 0.277 seconds
[2024-01-17T15:27:51.990+0000] {processor.py:161} INFO - Started process (PID=331) to work on /home/airflow/.local/lib/python3.8/site-packages/airflow/example_dags/example_short_circuit_decorator.py
[2024-01-17T15:27:51.991+0000] {processor.py:830} INFO - Processing file /home/airflow/.local/lib/python3.8/site-packages/airflow/example_dags/example_short_circuit_decorator.py for tasks to queue
[2024-01-17T15:27:51.994+0000] {logging_mixin.py:188} INFO - [2024-01-17T15:27:51.994+0000] {dagbag.py:538} INFO - Filling up the DagBag from /home/airflow/.local/lib/python3.8/site-packages/airflow/example_dags/example_short_circuit_decorator.py
[2024-01-17T15:27:52.012+0000] {processor.py:840} INFO - DAG(s) 'example_short_circuit_decorator' retrieved from /home/airflow/.local/lib/python3.8/site-packages/airflow/example_dags/example_short_circuit_decorator.py
[2024-01-17T15:27:52.047+0000] {logging_mixin.py:188} INFO - [2024-01-17T15:27:52.047+0000] {dag.py:3033} INFO - Sync 1 DAGs
[2024-01-17T15:27:52.087+0000] {logging_mixin.py:188} INFO - [2024-01-17T15:27:52.087+0000] {dag.py:3820} INFO - Setting next_dagrun for example_short_circuit_decorator to 2024-01-16T00:00:00+00:00, run_after=2024-01-17T00:00:00+00:00
[2024-01-17T15:27:52.167+0000] {processor.py:183} INFO - Processing /home/airflow/.local/lib/python3.8/site-packages/airflow/example_dags/example_short_circuit_decorator.py took 0.184 seconds
[2024-01-17T15:28:33.113+0000] {processor.py:161} INFO - Started process (PID=386) to work on /home/airflow/.local/lib/python3.8/site-packages/airflow/example_dags/example_short_circuit_decorator.py
[2024-01-17T15:28:33.120+0000] {processor.py:830} INFO - Processing file /home/airflow/.local/lib/python3.8/site-packages/airflow/example_dags/example_short_circuit_decorator.py for tasks to queue
[2024-01-17T15:28:33.123+0000] {logging_mixin.py:188} INFO - [2024-01-17T15:28:33.122+0000] {dagbag.py:538} INFO - Filling up the DagBag from /home/airflow/.local/lib/python3.8/site-packages/airflow/example_dags/example_short_circuit_decorator.py
[2024-01-17T15:28:33.182+0000] {processor.py:840} INFO - DAG(s) 'example_short_circuit_decorator' retrieved from /home/airflow/.local/lib/python3.8/site-packages/airflow/example_dags/example_short_circuit_decorator.py
[2024-01-17T15:28:33.258+0000] {logging_mixin.py:188} INFO - [2024-01-17T15:28:33.258+0000] {dag.py:3033} INFO - Sync 1 DAGs
[2024-01-17T15:28:33.408+0000] {logging_mixin.py:188} INFO - [2024-01-17T15:28:33.408+0000] {dag.py:3820} INFO - Setting next_dagrun for example_short_circuit_decorator to 2024-01-16T00:00:00+00:00, run_after=2024-01-17T00:00:00+00:00
[2024-01-17T15:28:33.528+0000] {processor.py:183} INFO - Processing /home/airflow/.local/lib/python3.8/site-packages/airflow/example_dags/example_short_circuit_decorator.py took 0.427 seconds
[2024-01-17T15:29:03.933+0000] {processor.py:161} INFO - Started process (PID=442) to work on /home/airflow/.local/lib/python3.8/site-packages/airflow/example_dags/example_short_circuit_decorator.py
[2024-01-17T15:29:03.934+0000] {processor.py:830} INFO - Processing file /home/airflow/.local/lib/python3.8/site-packages/airflow/example_dags/example_short_circuit_decorator.py for tasks to queue
[2024-01-17T15:29:03.937+0000] {logging_mixin.py:188} INFO - [2024-01-17T15:29:03.937+0000] {dagbag.py:538} INFO - Filling up the DagBag from /home/airflow/.local/lib/python3.8/site-packages/airflow/example_dags/example_short_circuit_decorator.py
[2024-01-17T15:29:03.955+0000] {processor.py:840} INFO - DAG(s) 'example_short_circuit_decorator' retrieved from /home/airflow/.local/lib/python3.8/site-packages/airflow/example_dags/example_short_circuit_decorator.py
[2024-01-17T15:29:04.165+0000] {logging_mixin.py:188} INFO - [2024-01-17T15:29:04.165+0000] {dag.py:3033} INFO - Sync 1 DAGs
[2024-01-17T15:29:04.221+0000] {logging_mixin.py:188} INFO - [2024-01-17T15:29:04.221+0000] {dag.py:3820} INFO - Setting next_dagrun for example_short_circuit_decorator to 2024-01-16T00:00:00+00:00, run_after=2024-01-17T00:00:00+00:00
[2024-01-17T15:29:04.272+0000] {processor.py:183} INFO - Processing /home/airflow/.local/lib/python3.8/site-packages/airflow/example_dags/example_short_circuit_decorator.py took 0.344 seconds
[2024-01-17T15:30:00.461+0000] {processor.py:161} INFO - Started process (PID=516) to work on /home/airflow/.local/lib/python3.8/site-packages/airflow/example_dags/example_short_circuit_decorator.py
[2024-01-17T15:30:00.465+0000] {processor.py:830} INFO - Processing file /home/airflow/.local/lib/python3.8/site-packages/airflow/example_dags/example_short_circuit_decorator.py for tasks to queue
[2024-01-17T15:30:00.469+0000] {logging_mixin.py:188} INFO - [2024-01-17T15:30:00.469+0000] {dagbag.py:538} INFO - Filling up the DagBag from /home/airflow/.local/lib/python3.8/site-packages/airflow/example_dags/example_short_circuit_decorator.py
[2024-01-17T15:30:00.524+0000] {processor.py:840} INFO - DAG(s) 'example_short_circuit_decorator' retrieved from /home/airflow/.local/lib/python3.8/site-packages/airflow/example_dags/example_short_circuit_decorator.py
[2024-01-17T15:30:00.602+0000] {logging_mixin.py:188} INFO - [2024-01-17T15:30:00.602+0000] {dag.py:3033} INFO - Sync 1 DAGs
[2024-01-17T15:30:00.653+0000] {logging_mixin.py:188} INFO - [2024-01-17T15:30:00.653+0000] {dag.py:3820} INFO - Setting next_dagrun for example_short_circuit_decorator to 2024-01-16T00:00:00+00:00, run_after=2024-01-17T00:00:00+00:00
[2024-01-17T15:30:00.705+0000] {processor.py:183} INFO - Processing /home/airflow/.local/lib/python3.8/site-packages/airflow/example_dags/example_short_circuit_decorator.py took 0.249 seconds
[2024-01-17T15:30:31.266+0000] {processor.py:161} INFO - Started process (PID=571) to work on /home/airflow/.local/lib/python3.8/site-packages/airflow/example_dags/example_short_circuit_decorator.py
[2024-01-17T15:30:31.281+0000] {processor.py:830} INFO - Processing file /home/airflow/.local/lib/python3.8/site-packages/airflow/example_dags/example_short_circuit_decorator.py for tasks to queue
[2024-01-17T15:30:31.284+0000] {logging_mixin.py:188} INFO - [2024-01-17T15:30:31.284+0000] {dagbag.py:538} INFO - Filling up the DagBag from /home/airflow/.local/lib/python3.8/site-packages/airflow/example_dags/example_short_circuit_decorator.py
[2024-01-17T15:30:31.326+0000] {processor.py:840} INFO - DAG(s) 'example_short_circuit_decorator' retrieved from /home/airflow/.local/lib/python3.8/site-packages/airflow/example_dags/example_short_circuit_decorator.py
[2024-01-17T15:30:31.399+0000] {logging_mixin.py:188} INFO - [2024-01-17T15:30:31.399+0000] {dag.py:3033} INFO - Sync 1 DAGs
[2024-01-17T15:30:31.460+0000] {logging_mixin.py:188} INFO - [2024-01-17T15:30:31.460+0000] {dag.py:3820} INFO - Setting next_dagrun for example_short_circuit_decorator to 2024-01-16T00:00:00+00:00, run_after=2024-01-17T00:00:00+00:00
[2024-01-17T15:30:31.532+0000] {processor.py:183} INFO - Processing /home/airflow/.local/lib/python3.8/site-packages/airflow/example_dags/example_short_circuit_decorator.py took 0.283 seconds
[2024-01-17T15:31:02.275+0000] {processor.py:161} INFO - Started process (PID=627) to work on /home/airflow/.local/lib/python3.8/site-packages/airflow/example_dags/example_short_circuit_decorator.py
[2024-01-17T15:31:02.276+0000] {processor.py:830} INFO - Processing file /home/airflow/.local/lib/python3.8/site-packages/airflow/example_dags/example_short_circuit_decorator.py for tasks to queue
[2024-01-17T15:31:02.279+0000] {logging_mixin.py:188} INFO - [2024-01-17T15:31:02.278+0000] {dagbag.py:538} INFO - Filling up the DagBag from /home/airflow/.local/lib/python3.8/site-packages/airflow/example_dags/example_short_circuit_decorator.py
[2024-01-17T15:31:02.295+0000] {processor.py:840} INFO - DAG(s) 'example_short_circuit_decorator' retrieved from /home/airflow/.local/lib/python3.8/site-packages/airflow/example_dags/example_short_circuit_decorator.py
[2024-01-17T15:31:02.334+0000] {logging_mixin.py:188} INFO - [2024-01-17T15:31:02.334+0000] {dag.py:3033} INFO - Sync 1 DAGs
[2024-01-17T15:31:02.370+0000] {logging_mixin.py:188} INFO - [2024-01-17T15:31:02.370+0000] {dag.py:3820} INFO - Setting next_dagrun for example_short_circuit_decorator to 2024-01-16T00:00:00+00:00, run_after=2024-01-17T00:00:00+00:00
[2024-01-17T15:31:02.399+0000] {processor.py:183} INFO - Processing /home/airflow/.local/lib/python3.8/site-packages/airflow/example_dags/example_short_circuit_decorator.py took 0.130 seconds
[2024-01-17T15:31:32.643+0000] {processor.py:161} INFO - Started process (PID=682) to work on /home/airflow/.local/lib/python3.8/site-packages/airflow/example_dags/example_short_circuit_decorator.py
[2024-01-17T15:31:32.644+0000] {processor.py:830} INFO - Processing file /home/airflow/.local/lib/python3.8/site-packages/airflow/example_dags/example_short_circuit_decorator.py for tasks to queue
[2024-01-17T15:31:32.646+0000] {logging_mixin.py:188} INFO - [2024-01-17T15:31:32.646+0000] {dagbag.py:538} INFO - Filling up the DagBag from /home/airflow/.local/lib/python3.8/site-packages/airflow/example_dags/example_short_circuit_decorator.py
[2024-01-17T15:31:32.661+0000] {processor.py:840} INFO - DAG(s) 'example_short_circuit_decorator' retrieved from /home/airflow/.local/lib/python3.8/site-packages/airflow/example_dags/example_short_circuit_decorator.py
[2024-01-17T15:31:32.695+0000] {logging_mixin.py:188} INFO - [2024-01-17T15:31:32.695+0000] {dag.py:3033} INFO - Sync 1 DAGs
[2024-01-17T15:31:32.724+0000] {logging_mixin.py:188} INFO - [2024-01-17T15:31:32.724+0000] {dag.py:3820} INFO - Setting next_dagrun for example_short_circuit_decorator to 2024-01-16T00:00:00+00:00, run_after=2024-01-17T00:00:00+00:00
[2024-01-17T15:31:32.748+0000] {processor.py:183} INFO - Processing /home/airflow/.local/lib/python3.8/site-packages/airflow/example_dags/example_short_circuit_decorator.py took 0.109 seconds
