[2024-01-17T15:13:01.789+0000] {processor.py:161} INFO - Started process (PID=56) to work on /home/airflow/.local/lib/python3.8/site-packages/airflow/example_dags/example_kubernetes_executor.py
[2024-01-17T15:13:01.789+0000] {processor.py:830} INFO - Processing file /home/airflow/.local/lib/python3.8/site-packages/airflow/example_dags/example_kubernetes_executor.py for tasks to queue
[2024-01-17T15:13:01.792+0000] {logging_mixin.py:188} INFO - [2024-01-17T15:13:01.792+0000] {dagbag.py:538} INFO - Filling up the DagBag from /home/airflow/.local/lib/python3.8/site-packages/airflow/example_dags/example_kubernetes_executor.py
[2024-01-17T15:13:01.824+0000] {processor.py:840} INFO - DAG(s) 'example_kubernetes_executor' retrieved from /home/airflow/.local/lib/python3.8/site-packages/airflow/example_dags/example_kubernetes_executor.py
[2024-01-17T15:13:02.232+0000] {logging_mixin.py:188} INFO - [2024-01-17T15:13:02.232+0000] {dag.py:3033} INFO - Sync 1 DAGs
[2024-01-17T15:13:02.265+0000] {logging_mixin.py:188} INFO - [2024-01-17T15:13:02.265+0000] {dag.py:3820} INFO - Setting next_dagrun for example_kubernetes_executor to None, run_after=None
[2024-01-17T15:13:02.392+0000] {processor.py:183} INFO - Processing /home/airflow/.local/lib/python3.8/site-packages/airflow/example_dags/example_kubernetes_executor.py took 0.608 seconds
[2024-01-17T15:13:32.518+0000] {processor.py:161} INFO - Started process (PID=111) to work on /home/airflow/.local/lib/python3.8/site-packages/airflow/example_dags/example_kubernetes_executor.py
[2024-01-17T15:13:32.519+0000] {processor.py:830} INFO - Processing file /home/airflow/.local/lib/python3.8/site-packages/airflow/example_dags/example_kubernetes_executor.py for tasks to queue
[2024-01-17T15:13:32.521+0000] {logging_mixin.py:188} INFO - [2024-01-17T15:13:32.521+0000] {dagbag.py:538} INFO - Filling up the DagBag from /home/airflow/.local/lib/python3.8/site-packages/airflow/example_dags/example_kubernetes_executor.py
[2024-01-17T15:13:32.594+0000] {processor.py:840} INFO - DAG(s) 'example_kubernetes_executor' retrieved from /home/airflow/.local/lib/python3.8/site-packages/airflow/example_dags/example_kubernetes_executor.py
[2024-01-17T15:13:32.630+0000] {logging_mixin.py:188} INFO - [2024-01-17T15:13:32.630+0000] {dag.py:3033} INFO - Sync 1 DAGs
[2024-01-17T15:13:32.670+0000] {logging_mixin.py:188} INFO - [2024-01-17T15:13:32.670+0000] {dag.py:3820} INFO - Setting next_dagrun for example_kubernetes_executor to None, run_after=None
[2024-01-17T15:13:32.721+0000] {processor.py:183} INFO - Processing /home/airflow/.local/lib/python3.8/site-packages/airflow/example_dags/example_kubernetes_executor.py took 0.209 seconds
[2024-01-17T15:14:03.545+0000] {processor.py:161} INFO - Started process (PID=166) to work on /home/airflow/.local/lib/python3.8/site-packages/airflow/example_dags/example_kubernetes_executor.py
[2024-01-17T15:14:03.546+0000] {processor.py:830} INFO - Processing file /home/airflow/.local/lib/python3.8/site-packages/airflow/example_dags/example_kubernetes_executor.py for tasks to queue
[2024-01-17T15:14:03.549+0000] {logging_mixin.py:188} INFO - [2024-01-17T15:14:03.549+0000] {dagbag.py:538} INFO - Filling up the DagBag from /home/airflow/.local/lib/python3.8/site-packages/airflow/example_dags/example_kubernetes_executor.py
[2024-01-17T15:14:03.571+0000] {processor.py:840} INFO - DAG(s) 'example_kubernetes_executor' retrieved from /home/airflow/.local/lib/python3.8/site-packages/airflow/example_dags/example_kubernetes_executor.py
[2024-01-17T15:14:03.767+0000] {logging_mixin.py:188} INFO - [2024-01-17T15:14:03.767+0000] {dag.py:3033} INFO - Sync 1 DAGs
[2024-01-17T15:14:03.781+0000] {logging_mixin.py:188} INFO - [2024-01-17T15:14:03.781+0000] {dag.py:3820} INFO - Setting next_dagrun for example_kubernetes_executor to None, run_after=None
[2024-01-17T15:14:03.805+0000] {processor.py:183} INFO - Processing /home/airflow/.local/lib/python3.8/site-packages/airflow/example_dags/example_kubernetes_executor.py took 0.265 seconds
[2024-01-17T15:14:34.337+0000] {processor.py:161} INFO - Started process (PID=220) to work on /home/airflow/.local/lib/python3.8/site-packages/airflow/example_dags/example_kubernetes_executor.py
[2024-01-17T15:14:34.338+0000] {processor.py:830} INFO - Processing file /home/airflow/.local/lib/python3.8/site-packages/airflow/example_dags/example_kubernetes_executor.py for tasks to queue
[2024-01-17T15:14:34.341+0000] {logging_mixin.py:188} INFO - [2024-01-17T15:14:34.341+0000] {dagbag.py:538} INFO - Filling up the DagBag from /home/airflow/.local/lib/python3.8/site-packages/airflow/example_dags/example_kubernetes_executor.py
[2024-01-17T15:14:34.359+0000] {processor.py:840} INFO - DAG(s) 'example_kubernetes_executor' retrieved from /home/airflow/.local/lib/python3.8/site-packages/airflow/example_dags/example_kubernetes_executor.py
[2024-01-17T15:14:34.465+0000] {logging_mixin.py:188} INFO - [2024-01-17T15:14:34.465+0000] {dag.py:3033} INFO - Sync 1 DAGs
[2024-01-17T15:14:34.484+0000] {logging_mixin.py:188} INFO - [2024-01-17T15:14:34.484+0000] {dag.py:3820} INFO - Setting next_dagrun for example_kubernetes_executor to None, run_after=None
[2024-01-17T15:14:34.505+0000] {processor.py:183} INFO - Processing /home/airflow/.local/lib/python3.8/site-packages/airflow/example_dags/example_kubernetes_executor.py took 0.172 seconds
[2024-01-17T15:15:04.857+0000] {processor.py:161} INFO - Started process (PID=275) to work on /home/airflow/.local/lib/python3.8/site-packages/airflow/example_dags/example_kubernetes_executor.py
[2024-01-17T15:15:04.858+0000] {processor.py:830} INFO - Processing file /home/airflow/.local/lib/python3.8/site-packages/airflow/example_dags/example_kubernetes_executor.py for tasks to queue
[2024-01-17T15:15:04.861+0000] {logging_mixin.py:188} INFO - [2024-01-17T15:15:04.861+0000] {dagbag.py:538} INFO - Filling up the DagBag from /home/airflow/.local/lib/python3.8/site-packages/airflow/example_dags/example_kubernetes_executor.py
[2024-01-17T15:15:04.892+0000] {processor.py:840} INFO - DAG(s) 'example_kubernetes_executor' retrieved from /home/airflow/.local/lib/python3.8/site-packages/airflow/example_dags/example_kubernetes_executor.py
[2024-01-17T15:15:04.943+0000] {logging_mixin.py:188} INFO - [2024-01-17T15:15:04.943+0000] {dag.py:3033} INFO - Sync 1 DAGs
[2024-01-17T15:15:04.958+0000] {logging_mixin.py:188} INFO - [2024-01-17T15:15:04.957+0000] {dag.py:3820} INFO - Setting next_dagrun for example_kubernetes_executor to None, run_after=None
[2024-01-17T15:15:04.977+0000] {processor.py:183} INFO - Processing /home/airflow/.local/lib/python3.8/site-packages/airflow/example_dags/example_kubernetes_executor.py took 0.126 seconds
[2024-01-17T15:15:35.640+0000] {processor.py:161} INFO - Started process (PID=329) to work on /home/airflow/.local/lib/python3.8/site-packages/airflow/example_dags/example_kubernetes_executor.py
[2024-01-17T15:15:35.643+0000] {processor.py:830} INFO - Processing file /home/airflow/.local/lib/python3.8/site-packages/airflow/example_dags/example_kubernetes_executor.py for tasks to queue
[2024-01-17T15:15:35.654+0000] {logging_mixin.py:188} INFO - [2024-01-17T15:15:35.652+0000] {dagbag.py:538} INFO - Filling up the DagBag from /home/airflow/.local/lib/python3.8/site-packages/airflow/example_dags/example_kubernetes_executor.py
[2024-01-17T15:15:35.707+0000] {processor.py:840} INFO - DAG(s) 'example_kubernetes_executor' retrieved from /home/airflow/.local/lib/python3.8/site-packages/airflow/example_dags/example_kubernetes_executor.py
[2024-01-17T15:15:35.766+0000] {logging_mixin.py:188} INFO - [2024-01-17T15:15:35.766+0000] {dag.py:3033} INFO - Sync 1 DAGs
[2024-01-17T15:15:35.782+0000] {logging_mixin.py:188} INFO - [2024-01-17T15:15:35.782+0000] {dag.py:3820} INFO - Setting next_dagrun for example_kubernetes_executor to None, run_after=None
[2024-01-17T15:15:35.881+0000] {processor.py:183} INFO - Processing /home/airflow/.local/lib/python3.8/site-packages/airflow/example_dags/example_kubernetes_executor.py took 0.254 seconds
[2024-01-17T15:16:05.961+0000] {processor.py:161} INFO - Started process (PID=384) to work on /home/airflow/.local/lib/python3.8/site-packages/airflow/example_dags/example_kubernetes_executor.py
[2024-01-17T15:16:05.963+0000] {processor.py:830} INFO - Processing file /home/airflow/.local/lib/python3.8/site-packages/airflow/example_dags/example_kubernetes_executor.py for tasks to queue
[2024-01-17T15:16:05.966+0000] {logging_mixin.py:188} INFO - [2024-01-17T15:16:05.965+0000] {dagbag.py:538} INFO - Filling up the DagBag from /home/airflow/.local/lib/python3.8/site-packages/airflow/example_dags/example_kubernetes_executor.py
[2024-01-17T15:16:05.997+0000] {processor.py:840} INFO - DAG(s) 'example_kubernetes_executor' retrieved from /home/airflow/.local/lib/python3.8/site-packages/airflow/example_dags/example_kubernetes_executor.py
[2024-01-17T15:16:06.071+0000] {logging_mixin.py:188} INFO - [2024-01-17T15:16:06.071+0000] {dag.py:3033} INFO - Sync 1 DAGs
[2024-01-17T15:16:06.094+0000] {logging_mixin.py:188} INFO - [2024-01-17T15:16:06.094+0000] {dag.py:3820} INFO - Setting next_dagrun for example_kubernetes_executor to None, run_after=None
[2024-01-17T15:16:06.125+0000] {processor.py:183} INFO - Processing /home/airflow/.local/lib/python3.8/site-packages/airflow/example_dags/example_kubernetes_executor.py took 0.169 seconds
[2024-01-17T15:16:36.700+0000] {processor.py:161} INFO - Started process (PID=439) to work on /home/airflow/.local/lib/python3.8/site-packages/airflow/example_dags/example_kubernetes_executor.py
[2024-01-17T15:16:36.701+0000] {processor.py:830} INFO - Processing file /home/airflow/.local/lib/python3.8/site-packages/airflow/example_dags/example_kubernetes_executor.py for tasks to queue
[2024-01-17T15:16:36.703+0000] {logging_mixin.py:188} INFO - [2024-01-17T15:16:36.703+0000] {dagbag.py:538} INFO - Filling up the DagBag from /home/airflow/.local/lib/python3.8/site-packages/airflow/example_dags/example_kubernetes_executor.py
[2024-01-17T15:16:36.720+0000] {processor.py:840} INFO - DAG(s) 'example_kubernetes_executor' retrieved from /home/airflow/.local/lib/python3.8/site-packages/airflow/example_dags/example_kubernetes_executor.py
[2024-01-17T15:16:36.766+0000] {logging_mixin.py:188} INFO - [2024-01-17T15:16:36.766+0000] {dag.py:3033} INFO - Sync 1 DAGs
[2024-01-17T15:16:36.779+0000] {logging_mixin.py:188} INFO - [2024-01-17T15:16:36.779+0000] {dag.py:3820} INFO - Setting next_dagrun for example_kubernetes_executor to None, run_after=None
[2024-01-17T15:16:36.801+0000] {processor.py:183} INFO - Processing /home/airflow/.local/lib/python3.8/site-packages/airflow/example_dags/example_kubernetes_executor.py took 0.105 seconds
[2024-01-17T15:17:07.055+0000] {processor.py:161} INFO - Started process (PID=493) to work on /home/airflow/.local/lib/python3.8/site-packages/airflow/example_dags/example_kubernetes_executor.py
[2024-01-17T15:17:07.056+0000] {processor.py:830} INFO - Processing file /home/airflow/.local/lib/python3.8/site-packages/airflow/example_dags/example_kubernetes_executor.py for tasks to queue
[2024-01-17T15:17:07.058+0000] {logging_mixin.py:188} INFO - [2024-01-17T15:17:07.058+0000] {dagbag.py:538} INFO - Filling up the DagBag from /home/airflow/.local/lib/python3.8/site-packages/airflow/example_dags/example_kubernetes_executor.py
[2024-01-17T15:17:07.078+0000] {processor.py:840} INFO - DAG(s) 'example_kubernetes_executor' retrieved from /home/airflow/.local/lib/python3.8/site-packages/airflow/example_dags/example_kubernetes_executor.py
[2024-01-17T15:17:07.123+0000] {logging_mixin.py:188} INFO - [2024-01-17T15:17:07.123+0000] {dag.py:3033} INFO - Sync 1 DAGs
[2024-01-17T15:17:07.140+0000] {logging_mixin.py:188} INFO - [2024-01-17T15:17:07.139+0000] {dag.py:3820} INFO - Setting next_dagrun for example_kubernetes_executor to None, run_after=None
[2024-01-17T15:17:07.160+0000] {processor.py:183} INFO - Processing /home/airflow/.local/lib/python3.8/site-packages/airflow/example_dags/example_kubernetes_executor.py took 0.110 seconds
[2024-01-17T15:17:37.372+0000] {processor.py:161} INFO - Started process (PID=548) to work on /home/airflow/.local/lib/python3.8/site-packages/airflow/example_dags/example_kubernetes_executor.py
[2024-01-17T15:17:37.373+0000] {processor.py:830} INFO - Processing file /home/airflow/.local/lib/python3.8/site-packages/airflow/example_dags/example_kubernetes_executor.py for tasks to queue
[2024-01-17T15:17:37.375+0000] {logging_mixin.py:188} INFO - [2024-01-17T15:17:37.375+0000] {dagbag.py:538} INFO - Filling up the DagBag from /home/airflow/.local/lib/python3.8/site-packages/airflow/example_dags/example_kubernetes_executor.py
[2024-01-17T15:17:37.394+0000] {processor.py:840} INFO - DAG(s) 'example_kubernetes_executor' retrieved from /home/airflow/.local/lib/python3.8/site-packages/airflow/example_dags/example_kubernetes_executor.py
[2024-01-17T15:17:37.448+0000] {logging_mixin.py:188} INFO - [2024-01-17T15:17:37.448+0000] {dag.py:3033} INFO - Sync 1 DAGs
[2024-01-17T15:17:37.465+0000] {logging_mixin.py:188} INFO - [2024-01-17T15:17:37.465+0000] {dag.py:3820} INFO - Setting next_dagrun for example_kubernetes_executor to None, run_after=None
[2024-01-17T15:17:37.488+0000] {processor.py:183} INFO - Processing /home/airflow/.local/lib/python3.8/site-packages/airflow/example_dags/example_kubernetes_executor.py took 0.120 seconds
[2024-01-17T15:18:08.405+0000] {processor.py:161} INFO - Started process (PID=603) to work on /home/airflow/.local/lib/python3.8/site-packages/airflow/example_dags/example_kubernetes_executor.py
[2024-01-17T15:18:08.406+0000] {processor.py:830} INFO - Processing file /home/airflow/.local/lib/python3.8/site-packages/airflow/example_dags/example_kubernetes_executor.py for tasks to queue
[2024-01-17T15:18:08.408+0000] {logging_mixin.py:188} INFO - [2024-01-17T15:18:08.408+0000] {dagbag.py:538} INFO - Filling up the DagBag from /home/airflow/.local/lib/python3.8/site-packages/airflow/example_dags/example_kubernetes_executor.py
[2024-01-17T15:18:08.426+0000] {processor.py:840} INFO - DAG(s) 'example_kubernetes_executor' retrieved from /home/airflow/.local/lib/python3.8/site-packages/airflow/example_dags/example_kubernetes_executor.py
[2024-01-17T15:18:08.482+0000] {logging_mixin.py:188} INFO - [2024-01-17T15:18:08.481+0000] {dag.py:3033} INFO - Sync 1 DAGs
[2024-01-17T15:18:08.498+0000] {logging_mixin.py:188} INFO - [2024-01-17T15:18:08.498+0000] {dag.py:3820} INFO - Setting next_dagrun for example_kubernetes_executor to None, run_after=None
[2024-01-17T15:18:08.522+0000] {processor.py:183} INFO - Processing /home/airflow/.local/lib/python3.8/site-packages/airflow/example_dags/example_kubernetes_executor.py took 0.120 seconds
[2024-01-17T15:18:38.769+0000] {processor.py:161} INFO - Started process (PID=658) to work on /home/airflow/.local/lib/python3.8/site-packages/airflow/example_dags/example_kubernetes_executor.py
[2024-01-17T15:18:38.770+0000] {processor.py:830} INFO - Processing file /home/airflow/.local/lib/python3.8/site-packages/airflow/example_dags/example_kubernetes_executor.py for tasks to queue
[2024-01-17T15:18:38.773+0000] {logging_mixin.py:188} INFO - [2024-01-17T15:18:38.773+0000] {dagbag.py:538} INFO - Filling up the DagBag from /home/airflow/.local/lib/python3.8/site-packages/airflow/example_dags/example_kubernetes_executor.py
[2024-01-17T15:18:38.794+0000] {processor.py:840} INFO - DAG(s) 'example_kubernetes_executor' retrieved from /home/airflow/.local/lib/python3.8/site-packages/airflow/example_dags/example_kubernetes_executor.py
[2024-01-17T15:18:38.847+0000] {logging_mixin.py:188} INFO - [2024-01-17T15:18:38.847+0000] {dag.py:3033} INFO - Sync 1 DAGs
[2024-01-17T15:18:38.864+0000] {logging_mixin.py:188} INFO - [2024-01-17T15:18:38.863+0000] {dag.py:3820} INFO - Setting next_dagrun for example_kubernetes_executor to None, run_after=None
[2024-01-17T15:18:38.886+0000] {processor.py:183} INFO - Processing /home/airflow/.local/lib/python3.8/site-packages/airflow/example_dags/example_kubernetes_executor.py took 0.122 seconds
[2024-01-17T15:19:09.959+0000] {processor.py:161} INFO - Started process (PID=713) to work on /home/airflow/.local/lib/python3.8/site-packages/airflow/example_dags/example_kubernetes_executor.py
[2024-01-17T15:19:09.961+0000] {processor.py:830} INFO - Processing file /home/airflow/.local/lib/python3.8/site-packages/airflow/example_dags/example_kubernetes_executor.py for tasks to queue
[2024-01-17T15:19:09.965+0000] {logging_mixin.py:188} INFO - [2024-01-17T15:19:09.965+0000] {dagbag.py:538} INFO - Filling up the DagBag from /home/airflow/.local/lib/python3.8/site-packages/airflow/example_dags/example_kubernetes_executor.py
[2024-01-17T15:19:10.006+0000] {processor.py:840} INFO - DAG(s) 'example_kubernetes_executor' retrieved from /home/airflow/.local/lib/python3.8/site-packages/airflow/example_dags/example_kubernetes_executor.py
[2024-01-17T15:19:10.244+0000] {logging_mixin.py:188} INFO - [2024-01-17T15:19:10.244+0000] {dag.py:3033} INFO - Sync 1 DAGs
[2024-01-17T15:19:10.269+0000] {logging_mixin.py:188} INFO - [2024-01-17T15:19:10.268+0000] {dag.py:3820} INFO - Setting next_dagrun for example_kubernetes_executor to None, run_after=None
[2024-01-17T15:19:10.362+0000] {processor.py:183} INFO - Processing /home/airflow/.local/lib/python3.8/site-packages/airflow/example_dags/example_kubernetes_executor.py took 0.408 seconds
[2024-01-17T15:19:40.602+0000] {processor.py:161} INFO - Started process (PID=768) to work on /home/airflow/.local/lib/python3.8/site-packages/airflow/example_dags/example_kubernetes_executor.py
[2024-01-17T15:19:40.603+0000] {processor.py:830} INFO - Processing file /home/airflow/.local/lib/python3.8/site-packages/airflow/example_dags/example_kubernetes_executor.py for tasks to queue
[2024-01-17T15:19:40.606+0000] {logging_mixin.py:188} INFO - [2024-01-17T15:19:40.606+0000] {dagbag.py:538} INFO - Filling up the DagBag from /home/airflow/.local/lib/python3.8/site-packages/airflow/example_dags/example_kubernetes_executor.py
[2024-01-17T15:19:40.632+0000] {processor.py:840} INFO - DAG(s) 'example_kubernetes_executor' retrieved from /home/airflow/.local/lib/python3.8/site-packages/airflow/example_dags/example_kubernetes_executor.py
[2024-01-17T15:19:40.715+0000] {logging_mixin.py:188} INFO - [2024-01-17T15:19:40.715+0000] {dag.py:3033} INFO - Sync 1 DAGs
[2024-01-17T15:19:40.734+0000] {logging_mixin.py:188} INFO - [2024-01-17T15:19:40.734+0000] {dag.py:3820} INFO - Setting next_dagrun for example_kubernetes_executor to None, run_after=None
[2024-01-17T15:19:40.761+0000] {processor.py:183} INFO - Processing /home/airflow/.local/lib/python3.8/site-packages/airflow/example_dags/example_kubernetes_executor.py took 0.163 seconds
[2024-01-17T15:20:10.868+0000] {processor.py:161} INFO - Started process (PID=821) to work on /home/airflow/.local/lib/python3.8/site-packages/airflow/example_dags/example_kubernetes_executor.py
[2024-01-17T15:20:10.870+0000] {processor.py:830} INFO - Processing file /home/airflow/.local/lib/python3.8/site-packages/airflow/example_dags/example_kubernetes_executor.py for tasks to queue
[2024-01-17T15:20:10.872+0000] {logging_mixin.py:188} INFO - [2024-01-17T15:20:10.871+0000] {dagbag.py:538} INFO - Filling up the DagBag from /home/airflow/.local/lib/python3.8/site-packages/airflow/example_dags/example_kubernetes_executor.py
[2024-01-17T15:20:10.896+0000] {processor.py:840} INFO - DAG(s) 'example_kubernetes_executor' retrieved from /home/airflow/.local/lib/python3.8/site-packages/airflow/example_dags/example_kubernetes_executor.py
[2024-01-17T15:20:10.969+0000] {logging_mixin.py:188} INFO - [2024-01-17T15:20:10.969+0000] {dag.py:3033} INFO - Sync 1 DAGs
[2024-01-17T15:20:10.987+0000] {logging_mixin.py:188} INFO - [2024-01-17T15:20:10.987+0000] {dag.py:3820} INFO - Setting next_dagrun for example_kubernetes_executor to None, run_after=None
[2024-01-17T15:20:11.020+0000] {processor.py:183} INFO - Processing /home/airflow/.local/lib/python3.8/site-packages/airflow/example_dags/example_kubernetes_executor.py took 0.155 seconds
[2024-01-17T15:20:41.437+0000] {processor.py:161} INFO - Started process (PID=875) to work on /home/airflow/.local/lib/python3.8/site-packages/airflow/example_dags/example_kubernetes_executor.py
[2024-01-17T15:20:41.438+0000] {processor.py:830} INFO - Processing file /home/airflow/.local/lib/python3.8/site-packages/airflow/example_dags/example_kubernetes_executor.py for tasks to queue
[2024-01-17T15:20:41.441+0000] {logging_mixin.py:188} INFO - [2024-01-17T15:20:41.441+0000] {dagbag.py:538} INFO - Filling up the DagBag from /home/airflow/.local/lib/python3.8/site-packages/airflow/example_dags/example_kubernetes_executor.py
[2024-01-17T15:20:41.461+0000] {processor.py:840} INFO - DAG(s) 'example_kubernetes_executor' retrieved from /home/airflow/.local/lib/python3.8/site-packages/airflow/example_dags/example_kubernetes_executor.py
[2024-01-17T15:20:41.519+0000] {logging_mixin.py:188} INFO - [2024-01-17T15:20:41.519+0000] {dag.py:3033} INFO - Sync 1 DAGs
[2024-01-17T15:20:41.538+0000] {logging_mixin.py:188} INFO - [2024-01-17T15:20:41.538+0000] {dag.py:3820} INFO - Setting next_dagrun for example_kubernetes_executor to None, run_after=None
[2024-01-17T15:20:41.564+0000] {processor.py:183} INFO - Processing /home/airflow/.local/lib/python3.8/site-packages/airflow/example_dags/example_kubernetes_executor.py took 0.132 seconds
[2024-01-17T15:21:11.809+0000] {processor.py:161} INFO - Started process (PID=930) to work on /home/airflow/.local/lib/python3.8/site-packages/airflow/example_dags/example_kubernetes_executor.py
[2024-01-17T15:21:11.811+0000] {processor.py:830} INFO - Processing file /home/airflow/.local/lib/python3.8/site-packages/airflow/example_dags/example_kubernetes_executor.py for tasks to queue
[2024-01-17T15:21:11.814+0000] {logging_mixin.py:188} INFO - [2024-01-17T15:21:11.813+0000] {dagbag.py:538} INFO - Filling up the DagBag from /home/airflow/.local/lib/python3.8/site-packages/airflow/example_dags/example_kubernetes_executor.py
[2024-01-17T15:21:11.837+0000] {processor.py:840} INFO - DAG(s) 'example_kubernetes_executor' retrieved from /home/airflow/.local/lib/python3.8/site-packages/airflow/example_dags/example_kubernetes_executor.py
[2024-01-17T15:21:11.919+0000] {logging_mixin.py:188} INFO - [2024-01-17T15:21:11.919+0000] {dag.py:3033} INFO - Sync 1 DAGs
[2024-01-17T15:21:11.945+0000] {logging_mixin.py:188} INFO - [2024-01-17T15:21:11.945+0000] {dag.py:3820} INFO - Setting next_dagrun for example_kubernetes_executor to None, run_after=None
[2024-01-17T15:21:11.980+0000] {processor.py:183} INFO - Processing /home/airflow/.local/lib/python3.8/site-packages/airflow/example_dags/example_kubernetes_executor.py took 0.174 seconds
[2024-01-17T15:21:42.667+0000] {processor.py:161} INFO - Started process (PID=984) to work on /home/airflow/.local/lib/python3.8/site-packages/airflow/example_dags/example_kubernetes_executor.py
[2024-01-17T15:21:42.670+0000] {processor.py:830} INFO - Processing file /home/airflow/.local/lib/python3.8/site-packages/airflow/example_dags/example_kubernetes_executor.py for tasks to queue
[2024-01-17T15:21:42.673+0000] {logging_mixin.py:188} INFO - [2024-01-17T15:21:42.672+0000] {dagbag.py:538} INFO - Filling up the DagBag from /home/airflow/.local/lib/python3.8/site-packages/airflow/example_dags/example_kubernetes_executor.py
[2024-01-17T15:21:42.706+0000] {processor.py:840} INFO - DAG(s) 'example_kubernetes_executor' retrieved from /home/airflow/.local/lib/python3.8/site-packages/airflow/example_dags/example_kubernetes_executor.py
[2024-01-17T15:21:42.793+0000] {logging_mixin.py:188} INFO - [2024-01-17T15:21:42.792+0000] {dag.py:3033} INFO - Sync 1 DAGs
[2024-01-17T15:21:42.815+0000] {logging_mixin.py:188} INFO - [2024-01-17T15:21:42.815+0000] {dag.py:3820} INFO - Setting next_dagrun for example_kubernetes_executor to None, run_after=None
[2024-01-17T15:21:42.844+0000] {processor.py:183} INFO - Processing /home/airflow/.local/lib/python3.8/site-packages/airflow/example_dags/example_kubernetes_executor.py took 0.182 seconds
[2024-01-17T15:22:13.674+0000] {processor.py:161} INFO - Started process (PID=1038) to work on /home/airflow/.local/lib/python3.8/site-packages/airflow/example_dags/example_kubernetes_executor.py
[2024-01-17T15:22:13.677+0000] {processor.py:830} INFO - Processing file /home/airflow/.local/lib/python3.8/site-packages/airflow/example_dags/example_kubernetes_executor.py for tasks to queue
[2024-01-17T15:22:13.680+0000] {logging_mixin.py:188} INFO - [2024-01-17T15:22:13.680+0000] {dagbag.py:538} INFO - Filling up the DagBag from /home/airflow/.local/lib/python3.8/site-packages/airflow/example_dags/example_kubernetes_executor.py
[2024-01-17T15:22:13.711+0000] {processor.py:840} INFO - DAG(s) 'example_kubernetes_executor' retrieved from /home/airflow/.local/lib/python3.8/site-packages/airflow/example_dags/example_kubernetes_executor.py
[2024-01-17T15:22:13.889+0000] {logging_mixin.py:188} INFO - [2024-01-17T15:22:13.889+0000] {dag.py:3033} INFO - Sync 1 DAGs
[2024-01-17T15:22:13.926+0000] {logging_mixin.py:188} INFO - [2024-01-17T15:22:13.926+0000] {dag.py:3820} INFO - Setting next_dagrun for example_kubernetes_executor to None, run_after=None
[2024-01-17T15:22:14.084+0000] {processor.py:183} INFO - Processing /home/airflow/.local/lib/python3.8/site-packages/airflow/example_dags/example_kubernetes_executor.py took 0.414 seconds
[2024-01-17T15:25:12.454+0000] {processor.py:161} INFO - Started process (PID=48) to work on /home/airflow/.local/lib/python3.8/site-packages/airflow/example_dags/example_kubernetes_executor.py
[2024-01-17T15:25:12.472+0000] {processor.py:830} INFO - Processing file /home/airflow/.local/lib/python3.8/site-packages/airflow/example_dags/example_kubernetes_executor.py for tasks to queue
[2024-01-17T15:25:12.474+0000] {logging_mixin.py:188} INFO - [2024-01-17T15:25:12.474+0000] {dagbag.py:538} INFO - Filling up the DagBag from /home/airflow/.local/lib/python3.8/site-packages/airflow/example_dags/example_kubernetes_executor.py
[2024-01-17T15:25:12.506+0000] {processor.py:840} INFO - DAG(s) 'example_kubernetes_executor' retrieved from /home/airflow/.local/lib/python3.8/site-packages/airflow/example_dags/example_kubernetes_executor.py
[2024-01-17T15:25:12.843+0000] {logging_mixin.py:188} INFO - [2024-01-17T15:25:12.843+0000] {dag.py:3033} INFO - Sync 1 DAGs
[2024-01-17T15:25:12.885+0000] {logging_mixin.py:188} INFO - [2024-01-17T15:25:12.884+0000] {dag.py:3820} INFO - Setting next_dagrun for example_kubernetes_executor to None, run_after=None
[2024-01-17T15:25:13.023+0000] {processor.py:183} INFO - Processing /home/airflow/.local/lib/python3.8/site-packages/airflow/example_dags/example_kubernetes_executor.py took 0.579 seconds
[2024-01-17T15:25:43.487+0000] {processor.py:161} INFO - Started process (PID=104) to work on /home/airflow/.local/lib/python3.8/site-packages/airflow/example_dags/example_kubernetes_executor.py
[2024-01-17T15:25:43.516+0000] {processor.py:830} INFO - Processing file /home/airflow/.local/lib/python3.8/site-packages/airflow/example_dags/example_kubernetes_executor.py for tasks to queue
[2024-01-17T15:25:43.518+0000] {logging_mixin.py:188} INFO - [2024-01-17T15:25:43.518+0000] {dagbag.py:538} INFO - Filling up the DagBag from /home/airflow/.local/lib/python3.8/site-packages/airflow/example_dags/example_kubernetes_executor.py
[2024-01-17T15:25:43.565+0000] {processor.py:840} INFO - DAG(s) 'example_kubernetes_executor' retrieved from /home/airflow/.local/lib/python3.8/site-packages/airflow/example_dags/example_kubernetes_executor.py
[2024-01-17T15:25:43.635+0000] {logging_mixin.py:188} INFO - [2024-01-17T15:25:43.634+0000] {dag.py:3033} INFO - Sync 1 DAGs
[2024-01-17T15:25:43.667+0000] {logging_mixin.py:188} INFO - [2024-01-17T15:25:43.666+0000] {dag.py:3820} INFO - Setting next_dagrun for example_kubernetes_executor to None, run_after=None
[2024-01-17T15:25:43.764+0000] {processor.py:183} INFO - Processing /home/airflow/.local/lib/python3.8/site-packages/airflow/example_dags/example_kubernetes_executor.py took 0.299 seconds
[2024-01-17T15:26:14.085+0000] {processor.py:161} INFO - Started process (PID=159) to work on /home/airflow/.local/lib/python3.8/site-packages/airflow/example_dags/example_kubernetes_executor.py
[2024-01-17T15:26:14.092+0000] {processor.py:830} INFO - Processing file /home/airflow/.local/lib/python3.8/site-packages/airflow/example_dags/example_kubernetes_executor.py for tasks to queue
[2024-01-17T15:26:14.095+0000] {logging_mixin.py:188} INFO - [2024-01-17T15:26:14.095+0000] {dagbag.py:538} INFO - Filling up the DagBag from /home/airflow/.local/lib/python3.8/site-packages/airflow/example_dags/example_kubernetes_executor.py
[2024-01-17T15:26:14.151+0000] {processor.py:840} INFO - DAG(s) 'example_kubernetes_executor' retrieved from /home/airflow/.local/lib/python3.8/site-packages/airflow/example_dags/example_kubernetes_executor.py
[2024-01-17T15:26:14.314+0000] {logging_mixin.py:188} INFO - [2024-01-17T15:26:14.314+0000] {dag.py:3033} INFO - Sync 1 DAGs
[2024-01-17T15:26:14.359+0000] {logging_mixin.py:188} INFO - [2024-01-17T15:26:14.358+0000] {dag.py:3820} INFO - Setting next_dagrun for example_kubernetes_executor to None, run_after=None
[2024-01-17T15:26:14.442+0000] {processor.py:183} INFO - Processing /home/airflow/.local/lib/python3.8/site-packages/airflow/example_dags/example_kubernetes_executor.py took 0.374 seconds
[2024-01-17T15:26:44.827+0000] {processor.py:161} INFO - Started process (PID=215) to work on /home/airflow/.local/lib/python3.8/site-packages/airflow/example_dags/example_kubernetes_executor.py
[2024-01-17T15:26:44.831+0000] {processor.py:830} INFO - Processing file /home/airflow/.local/lib/python3.8/site-packages/airflow/example_dags/example_kubernetes_executor.py for tasks to queue
[2024-01-17T15:26:44.838+0000] {logging_mixin.py:188} INFO - [2024-01-17T15:26:44.838+0000] {dagbag.py:538} INFO - Filling up the DagBag from /home/airflow/.local/lib/python3.8/site-packages/airflow/example_dags/example_kubernetes_executor.py
[2024-01-17T15:26:44.891+0000] {processor.py:840} INFO - DAG(s) 'example_kubernetes_executor' retrieved from /home/airflow/.local/lib/python3.8/site-packages/airflow/example_dags/example_kubernetes_executor.py
[2024-01-17T15:26:45.017+0000] {logging_mixin.py:188} INFO - [2024-01-17T15:26:45.016+0000] {dag.py:3033} INFO - Sync 1 DAGs
[2024-01-17T15:26:45.042+0000] {logging_mixin.py:188} INFO - [2024-01-17T15:26:45.042+0000] {dag.py:3820} INFO - Setting next_dagrun for example_kubernetes_executor to None, run_after=None
[2024-01-17T15:26:45.142+0000] {processor.py:183} INFO - Processing /home/airflow/.local/lib/python3.8/site-packages/airflow/example_dags/example_kubernetes_executor.py took 0.320 seconds
[2024-01-17T15:27:15.201+0000] {processor.py:161} INFO - Started process (PID=270) to work on /home/airflow/.local/lib/python3.8/site-packages/airflow/example_dags/example_kubernetes_executor.py
[2024-01-17T15:27:15.210+0000] {processor.py:830} INFO - Processing file /home/airflow/.local/lib/python3.8/site-packages/airflow/example_dags/example_kubernetes_executor.py for tasks to queue
[2024-01-17T15:27:15.237+0000] {logging_mixin.py:188} INFO - [2024-01-17T15:27:15.236+0000] {dagbag.py:538} INFO - Filling up the DagBag from /home/airflow/.local/lib/python3.8/site-packages/airflow/example_dags/example_kubernetes_executor.py
[2024-01-17T15:27:15.323+0000] {processor.py:840} INFO - DAG(s) 'example_kubernetes_executor' retrieved from /home/airflow/.local/lib/python3.8/site-packages/airflow/example_dags/example_kubernetes_executor.py
[2024-01-17T15:27:15.493+0000] {logging_mixin.py:188} INFO - [2024-01-17T15:27:15.493+0000] {dag.py:3033} INFO - Sync 1 DAGs
[2024-01-17T15:27:15.609+0000] {logging_mixin.py:188} INFO - [2024-01-17T15:27:15.608+0000] {dag.py:3820} INFO - Setting next_dagrun for example_kubernetes_executor to None, run_after=None
[2024-01-17T15:27:15.747+0000] {processor.py:183} INFO - Processing /home/airflow/.local/lib/python3.8/site-packages/airflow/example_dags/example_kubernetes_executor.py took 0.559 seconds
[2024-01-17T15:27:48.486+0000] {processor.py:161} INFO - Started process (PID=326) to work on /home/airflow/.local/lib/python3.8/site-packages/airflow/example_dags/example_kubernetes_executor.py
[2024-01-17T15:27:48.500+0000] {processor.py:830} INFO - Processing file /home/airflow/.local/lib/python3.8/site-packages/airflow/example_dags/example_kubernetes_executor.py for tasks to queue
[2024-01-17T15:27:48.503+0000] {logging_mixin.py:188} INFO - [2024-01-17T15:27:48.502+0000] {dagbag.py:538} INFO - Filling up the DagBag from /home/airflow/.local/lib/python3.8/site-packages/airflow/example_dags/example_kubernetes_executor.py
[2024-01-17T15:27:48.596+0000] {processor.py:840} INFO - DAG(s) 'example_kubernetes_executor' retrieved from /home/airflow/.local/lib/python3.8/site-packages/airflow/example_dags/example_kubernetes_executor.py
[2024-01-17T15:27:48.770+0000] {logging_mixin.py:188} INFO - [2024-01-17T15:27:48.770+0000] {dag.py:3033} INFO - Sync 1 DAGs
[2024-01-17T15:27:48.823+0000] {logging_mixin.py:188} INFO - [2024-01-17T15:27:48.822+0000] {dag.py:3820} INFO - Setting next_dagrun for example_kubernetes_executor to None, run_after=None
[2024-01-17T15:27:51.537+0000] {processor.py:183} INFO - Processing /home/airflow/.local/lib/python3.8/site-packages/airflow/example_dags/example_kubernetes_executor.py took 3.061 seconds
[2024-01-17T15:28:22.150+0000] {processor.py:161} INFO - Started process (PID=381) to work on /home/airflow/.local/lib/python3.8/site-packages/airflow/example_dags/example_kubernetes_executor.py
[2024-01-17T15:28:22.656+0000] {processor.py:830} INFO - Processing file /home/airflow/.local/lib/python3.8/site-packages/airflow/example_dags/example_kubernetes_executor.py for tasks to queue
[2024-01-17T15:28:22.670+0000] {logging_mixin.py:188} INFO - [2024-01-17T15:28:22.662+0000] {dagbag.py:538} INFO - Filling up the DagBag from /home/airflow/.local/lib/python3.8/site-packages/airflow/example_dags/example_kubernetes_executor.py
[2024-01-17T15:28:32.331+0000] {processor.py:840} INFO - DAG(s) 'example_kubernetes_executor' retrieved from /home/airflow/.local/lib/python3.8/site-packages/airflow/example_dags/example_kubernetes_executor.py
[2024-01-17T15:28:32.406+0000] {logging_mixin.py:188} INFO - [2024-01-17T15:28:32.396+0000] {dag.py:3033} INFO - Sync 1 DAGs
[2024-01-17T15:28:32.503+0000] {logging_mixin.py:188} INFO - [2024-01-17T15:28:32.503+0000] {dag.py:3820} INFO - Setting next_dagrun for example_kubernetes_executor to None, run_after=None
[2024-01-17T15:28:32.580+0000] {processor.py:183} INFO - Processing /home/airflow/.local/lib/python3.8/site-packages/airflow/example_dags/example_kubernetes_executor.py took 10.434 seconds
[2024-01-17T15:29:03.148+0000] {processor.py:161} INFO - Started process (PID=438) to work on /home/airflow/.local/lib/python3.8/site-packages/airflow/example_dags/example_kubernetes_executor.py
[2024-01-17T15:29:03.152+0000] {processor.py:830} INFO - Processing file /home/airflow/.local/lib/python3.8/site-packages/airflow/example_dags/example_kubernetes_executor.py for tasks to queue
[2024-01-17T15:29:03.155+0000] {logging_mixin.py:188} INFO - [2024-01-17T15:29:03.154+0000] {dagbag.py:538} INFO - Filling up the DagBag from /home/airflow/.local/lib/python3.8/site-packages/airflow/example_dags/example_kubernetes_executor.py
[2024-01-17T15:29:03.198+0000] {processor.py:840} INFO - DAG(s) 'example_kubernetes_executor' retrieved from /home/airflow/.local/lib/python3.8/site-packages/airflow/example_dags/example_kubernetes_executor.py
[2024-01-17T15:29:03.538+0000] {logging_mixin.py:188} INFO - [2024-01-17T15:29:03.537+0000] {dag.py:3033} INFO - Sync 1 DAGs
[2024-01-17T15:29:03.611+0000] {logging_mixin.py:188} INFO - [2024-01-17T15:29:03.611+0000] {dag.py:3820} INFO - Setting next_dagrun for example_kubernetes_executor to None, run_after=None
[2024-01-17T15:29:03.643+0000] {processor.py:183} INFO - Processing /home/airflow/.local/lib/python3.8/site-packages/airflow/example_dags/example_kubernetes_executor.py took 0.512 seconds
[2024-01-17T15:29:48.201+0000] {processor.py:161} INFO - Started process (PID=493) to work on /home/airflow/.local/lib/python3.8/site-packages/airflow/example_dags/example_kubernetes_executor.py
[2024-01-17T15:29:48.221+0000] {processor.py:830} INFO - Processing file /home/airflow/.local/lib/python3.8/site-packages/airflow/example_dags/example_kubernetes_executor.py for tasks to queue
[2024-01-17T15:29:48.225+0000] {logging_mixin.py:188} INFO - [2024-01-17T15:29:48.225+0000] {dagbag.py:538} INFO - Filling up the DagBag from /home/airflow/.local/lib/python3.8/site-packages/airflow/example_dags/example_kubernetes_executor.py
[2024-01-17T15:29:48.414+0000] {processor.py:840} INFO - DAG(s) 'example_kubernetes_executor' retrieved from /home/airflow/.local/lib/python3.8/site-packages/airflow/example_dags/example_kubernetes_executor.py
[2024-01-17T15:29:48.881+0000] {logging_mixin.py:188} INFO - [2024-01-17T15:29:48.880+0000] {dag.py:3033} INFO - Sync 1 DAGs
[2024-01-17T15:29:48.972+0000] {logging_mixin.py:188} INFO - [2024-01-17T15:29:48.972+0000] {dag.py:3820} INFO - Setting next_dagrun for example_kubernetes_executor to None, run_after=None
[2024-01-17T15:29:49.170+0000] {processor.py:183} INFO - Processing /home/airflow/.local/lib/python3.8/site-packages/airflow/example_dags/example_kubernetes_executor.py took 0.987 seconds
[2024-01-17T15:30:19.850+0000] {processor.py:161} INFO - Started process (PID=553) to work on /home/airflow/.local/lib/python3.8/site-packages/airflow/example_dags/example_kubernetes_executor.py
[2024-01-17T15:30:19.853+0000] {processor.py:830} INFO - Processing file /home/airflow/.local/lib/python3.8/site-packages/airflow/example_dags/example_kubernetes_executor.py for tasks to queue
[2024-01-17T15:30:19.859+0000] {logging_mixin.py:188} INFO - [2024-01-17T15:30:19.858+0000] {dagbag.py:538} INFO - Filling up the DagBag from /home/airflow/.local/lib/python3.8/site-packages/airflow/example_dags/example_kubernetes_executor.py
[2024-01-17T15:30:19.886+0000] {processor.py:840} INFO - DAG(s) 'example_kubernetes_executor' retrieved from /home/airflow/.local/lib/python3.8/site-packages/airflow/example_dags/example_kubernetes_executor.py
[2024-01-17T15:30:19.933+0000] {logging_mixin.py:188} INFO - [2024-01-17T15:30:19.933+0000] {dag.py:3033} INFO - Sync 1 DAGs
[2024-01-17T15:30:19.947+0000] {logging_mixin.py:188} INFO - [2024-01-17T15:30:19.947+0000] {dag.py:3820} INFO - Setting next_dagrun for example_kubernetes_executor to None, run_after=None
[2024-01-17T15:30:19.970+0000] {processor.py:183} INFO - Processing /home/airflow/.local/lib/python3.8/site-packages/airflow/example_dags/example_kubernetes_executor.py took 0.135 seconds
[2024-01-17T15:30:50.094+0000] {processor.py:161} INFO - Started process (PID=609) to work on /home/airflow/.local/lib/python3.8/site-packages/airflow/example_dags/example_kubernetes_executor.py
[2024-01-17T15:30:50.095+0000] {processor.py:830} INFO - Processing file /home/airflow/.local/lib/python3.8/site-packages/airflow/example_dags/example_kubernetes_executor.py for tasks to queue
[2024-01-17T15:30:50.097+0000] {logging_mixin.py:188} INFO - [2024-01-17T15:30:50.096+0000] {dagbag.py:538} INFO - Filling up the DagBag from /home/airflow/.local/lib/python3.8/site-packages/airflow/example_dags/example_kubernetes_executor.py
[2024-01-17T15:30:50.124+0000] {processor.py:840} INFO - DAG(s) 'example_kubernetes_executor' retrieved from /home/airflow/.local/lib/python3.8/site-packages/airflow/example_dags/example_kubernetes_executor.py
[2024-01-17T15:30:50.210+0000] {logging_mixin.py:188} INFO - [2024-01-17T15:30:50.210+0000] {dag.py:3033} INFO - Sync 1 DAGs
[2024-01-17T15:30:50.227+0000] {logging_mixin.py:188} INFO - [2024-01-17T15:30:50.226+0000] {dag.py:3820} INFO - Setting next_dagrun for example_kubernetes_executor to None, run_after=None
[2024-01-17T15:30:50.434+0000] {processor.py:183} INFO - Processing /home/airflow/.local/lib/python3.8/site-packages/airflow/example_dags/example_kubernetes_executor.py took 0.344 seconds
[2024-01-17T15:31:20.609+0000] {processor.py:161} INFO - Started process (PID=664) to work on /home/airflow/.local/lib/python3.8/site-packages/airflow/example_dags/example_kubernetes_executor.py
[2024-01-17T15:31:20.611+0000] {processor.py:830} INFO - Processing file /home/airflow/.local/lib/python3.8/site-packages/airflow/example_dags/example_kubernetes_executor.py for tasks to queue
[2024-01-17T15:31:20.615+0000] {logging_mixin.py:188} INFO - [2024-01-17T15:31:20.614+0000] {dagbag.py:538} INFO - Filling up the DagBag from /home/airflow/.local/lib/python3.8/site-packages/airflow/example_dags/example_kubernetes_executor.py
[2024-01-17T15:31:20.784+0000] {processor.py:840} INFO - DAG(s) 'example_kubernetes_executor' retrieved from /home/airflow/.local/lib/python3.8/site-packages/airflow/example_dags/example_kubernetes_executor.py
[2024-01-17T15:31:20.882+0000] {logging_mixin.py:188} INFO - [2024-01-17T15:31:20.882+0000] {dag.py:3033} INFO - Sync 1 DAGs
[2024-01-17T15:31:20.909+0000] {logging_mixin.py:188} INFO - [2024-01-17T15:31:20.909+0000] {dag.py:3820} INFO - Setting next_dagrun for example_kubernetes_executor to None, run_after=None
[2024-01-17T15:31:21.030+0000] {processor.py:183} INFO - Processing /home/airflow/.local/lib/python3.8/site-packages/airflow/example_dags/example_kubernetes_executor.py took 0.427 seconds
[2024-01-17T15:31:51.948+0000] {processor.py:161} INFO - Started process (PID=719) to work on /home/airflow/.local/lib/python3.8/site-packages/airflow/example_dags/example_kubernetes_executor.py
[2024-01-17T15:31:51.950+0000] {processor.py:830} INFO - Processing file /home/airflow/.local/lib/python3.8/site-packages/airflow/example_dags/example_kubernetes_executor.py for tasks to queue
[2024-01-17T15:31:51.953+0000] {logging_mixin.py:188} INFO - [2024-01-17T15:31:51.953+0000] {dagbag.py:538} INFO - Filling up the DagBag from /home/airflow/.local/lib/python3.8/site-packages/airflow/example_dags/example_kubernetes_executor.py
[2024-01-17T15:31:51.972+0000] {processor.py:840} INFO - DAG(s) 'example_kubernetes_executor' retrieved from /home/airflow/.local/lib/python3.8/site-packages/airflow/example_dags/example_kubernetes_executor.py
[2024-01-17T15:31:52.019+0000] {logging_mixin.py:188} INFO - [2024-01-17T15:31:52.019+0000] {dag.py:3033} INFO - Sync 1 DAGs
[2024-01-17T15:31:52.036+0000] {logging_mixin.py:188} INFO - [2024-01-17T15:31:52.036+0000] {dag.py:3820} INFO - Setting next_dagrun for example_kubernetes_executor to None, run_after=None
[2024-01-17T15:31:52.065+0000] {processor.py:183} INFO - Processing /home/airflow/.local/lib/python3.8/site-packages/airflow/example_dags/example_kubernetes_executor.py took 0.122 seconds
[2024-01-17T15:32:22.832+0000] {processor.py:161} INFO - Started process (PID=775) to work on /home/airflow/.local/lib/python3.8/site-packages/airflow/example_dags/example_kubernetes_executor.py
[2024-01-17T15:32:22.835+0000] {processor.py:830} INFO - Processing file /home/airflow/.local/lib/python3.8/site-packages/airflow/example_dags/example_kubernetes_executor.py for tasks to queue
[2024-01-17T15:32:22.840+0000] {logging_mixin.py:188} INFO - [2024-01-17T15:32:22.840+0000] {dagbag.py:538} INFO - Filling up the DagBag from /home/airflow/.local/lib/python3.8/site-packages/airflow/example_dags/example_kubernetes_executor.py
[2024-01-17T15:32:22.871+0000] {processor.py:840} INFO - DAG(s) 'example_kubernetes_executor' retrieved from /home/airflow/.local/lib/python3.8/site-packages/airflow/example_dags/example_kubernetes_executor.py
[2024-01-17T15:32:22.943+0000] {logging_mixin.py:188} INFO - [2024-01-17T15:32:22.942+0000] {dag.py:3033} INFO - Sync 1 DAGs
[2024-01-17T15:32:22.963+0000] {logging_mixin.py:188} INFO - [2024-01-17T15:32:22.962+0000] {dag.py:3820} INFO - Setting next_dagrun for example_kubernetes_executor to None, run_after=None
[2024-01-17T15:32:23.068+0000] {processor.py:183} INFO - Processing /home/airflow/.local/lib/python3.8/site-packages/airflow/example_dags/example_kubernetes_executor.py took 0.258 seconds
