[2024-01-17T15:13:06.459+0000] {processor.py:161} INFO - Started process (PID=66) to work on /home/airflow/.local/lib/python3.8/site-packages/airflow/example_dags/example_short_circuit_operator.py
[2024-01-17T15:13:06.461+0000] {processor.py:830} INFO - Processing file /home/airflow/.local/lib/python3.8/site-packages/airflow/example_dags/example_short_circuit_operator.py for tasks to queue
[2024-01-17T15:13:06.464+0000] {logging_mixin.py:188} INFO - [2024-01-17T15:13:06.463+0000] {dagbag.py:538} INFO - Filling up the DagBag from /home/airflow/.local/lib/python3.8/site-packages/airflow/example_dags/example_short_circuit_operator.py
[2024-01-17T15:13:06.484+0000] {processor.py:840} INFO - DAG(s) 'example_short_circuit_operator' retrieved from /home/airflow/.local/lib/python3.8/site-packages/airflow/example_dags/example_short_circuit_operator.py
[2024-01-17T15:13:06.743+0000] {logging_mixin.py:188} INFO - [2024-01-17T15:13:06.743+0000] {dag.py:3033} INFO - Sync 1 DAGs
[2024-01-17T15:13:06.891+0000] {logging_mixin.py:188} INFO - [2024-01-17T15:13:06.889+0000] {dag.py:3820} INFO - Setting next_dagrun for example_short_circuit_operator to 2024-01-16T00:00:00+00:00, run_after=2024-01-17T00:00:00+00:00
[2024-01-17T15:13:06.992+0000] {processor.py:183} INFO - Processing /home/airflow/.local/lib/python3.8/site-packages/airflow/example_dags/example_short_circuit_operator.py took 0.539 seconds
[2024-01-17T15:13:37.081+0000] {processor.py:161} INFO - Started process (PID=121) to work on /home/airflow/.local/lib/python3.8/site-packages/airflow/example_dags/example_short_circuit_operator.py
[2024-01-17T15:13:37.084+0000] {processor.py:830} INFO - Processing file /home/airflow/.local/lib/python3.8/site-packages/airflow/example_dags/example_short_circuit_operator.py for tasks to queue
[2024-01-17T15:13:37.089+0000] {logging_mixin.py:188} INFO - [2024-01-17T15:13:37.087+0000] {dagbag.py:538} INFO - Filling up the DagBag from /home/airflow/.local/lib/python3.8/site-packages/airflow/example_dags/example_short_circuit_operator.py
[2024-01-17T15:13:37.111+0000] {processor.py:840} INFO - DAG(s) 'example_short_circuit_operator' retrieved from /home/airflow/.local/lib/python3.8/site-packages/airflow/example_dags/example_short_circuit_operator.py
[2024-01-17T15:13:37.142+0000] {logging_mixin.py:188} INFO - [2024-01-17T15:13:37.142+0000] {dag.py:3033} INFO - Sync 1 DAGs
[2024-01-17T15:13:37.185+0000] {logging_mixin.py:188} INFO - [2024-01-17T15:13:37.184+0000] {dag.py:3820} INFO - Setting next_dagrun for example_short_circuit_operator to 2024-01-16T00:00:00+00:00, run_after=2024-01-17T00:00:00+00:00
[2024-01-17T15:13:37.437+0000] {processor.py:183} INFO - Processing /home/airflow/.local/lib/python3.8/site-packages/airflow/example_dags/example_short_circuit_operator.py took 0.360 seconds
[2024-01-17T15:14:07.929+0000] {processor.py:161} INFO - Started process (PID=176) to work on /home/airflow/.local/lib/python3.8/site-packages/airflow/example_dags/example_short_circuit_operator.py
[2024-01-17T15:14:07.930+0000] {processor.py:830} INFO - Processing file /home/airflow/.local/lib/python3.8/site-packages/airflow/example_dags/example_short_circuit_operator.py for tasks to queue
[2024-01-17T15:14:07.932+0000] {logging_mixin.py:188} INFO - [2024-01-17T15:14:07.932+0000] {dagbag.py:538} INFO - Filling up the DagBag from /home/airflow/.local/lib/python3.8/site-packages/airflow/example_dags/example_short_circuit_operator.py
[2024-01-17T15:14:07.942+0000] {processor.py:840} INFO - DAG(s) 'example_short_circuit_operator' retrieved from /home/airflow/.local/lib/python3.8/site-packages/airflow/example_dags/example_short_circuit_operator.py
[2024-01-17T15:14:08.091+0000] {logging_mixin.py:188} INFO - [2024-01-17T15:14:08.090+0000] {dag.py:3033} INFO - Sync 1 DAGs
[2024-01-17T15:14:08.133+0000] {logging_mixin.py:188} INFO - [2024-01-17T15:14:08.132+0000] {dag.py:3820} INFO - Setting next_dagrun for example_short_circuit_operator to 2024-01-16T00:00:00+00:00, run_after=2024-01-17T00:00:00+00:00
[2024-01-17T15:14:08.177+0000] {processor.py:183} INFO - Processing /home/airflow/.local/lib/python3.8/site-packages/airflow/example_dags/example_short_circuit_operator.py took 0.249 seconds
[2024-01-17T15:14:38.400+0000] {processor.py:161} INFO - Started process (PID=230) to work on /home/airflow/.local/lib/python3.8/site-packages/airflow/example_dags/example_short_circuit_operator.py
[2024-01-17T15:14:38.401+0000] {processor.py:830} INFO - Processing file /home/airflow/.local/lib/python3.8/site-packages/airflow/example_dags/example_short_circuit_operator.py for tasks to queue
[2024-01-17T15:14:38.404+0000] {logging_mixin.py:188} INFO - [2024-01-17T15:14:38.404+0000] {dagbag.py:538} INFO - Filling up the DagBag from /home/airflow/.local/lib/python3.8/site-packages/airflow/example_dags/example_short_circuit_operator.py
[2024-01-17T15:14:38.414+0000] {processor.py:840} INFO - DAG(s) 'example_short_circuit_operator' retrieved from /home/airflow/.local/lib/python3.8/site-packages/airflow/example_dags/example_short_circuit_operator.py
[2024-01-17T15:14:38.451+0000] {logging_mixin.py:188} INFO - [2024-01-17T15:14:38.451+0000] {dag.py:3033} INFO - Sync 1 DAGs
[2024-01-17T15:14:38.482+0000] {logging_mixin.py:188} INFO - [2024-01-17T15:14:38.482+0000] {dag.py:3820} INFO - Setting next_dagrun for example_short_circuit_operator to 2024-01-16T00:00:00+00:00, run_after=2024-01-17T00:00:00+00:00
[2024-01-17T15:14:38.506+0000] {processor.py:183} INFO - Processing /home/airflow/.local/lib/python3.8/site-packages/airflow/example_dags/example_short_circuit_operator.py took 0.109 seconds
[2024-01-17T15:15:08.677+0000] {processor.py:161} INFO - Started process (PID=285) to work on /home/airflow/.local/lib/python3.8/site-packages/airflow/example_dags/example_short_circuit_operator.py
[2024-01-17T15:15:08.679+0000] {processor.py:830} INFO - Processing file /home/airflow/.local/lib/python3.8/site-packages/airflow/example_dags/example_short_circuit_operator.py for tasks to queue
[2024-01-17T15:15:08.683+0000] {logging_mixin.py:188} INFO - [2024-01-17T15:15:08.683+0000] {dagbag.py:538} INFO - Filling up the DagBag from /home/airflow/.local/lib/python3.8/site-packages/airflow/example_dags/example_short_circuit_operator.py
[2024-01-17T15:15:08.699+0000] {processor.py:840} INFO - DAG(s) 'example_short_circuit_operator' retrieved from /home/airflow/.local/lib/python3.8/site-packages/airflow/example_dags/example_short_circuit_operator.py
[2024-01-17T15:15:08.771+0000] {logging_mixin.py:188} INFO - [2024-01-17T15:15:08.770+0000] {dag.py:3033} INFO - Sync 1 DAGs
[2024-01-17T15:15:08.830+0000] {logging_mixin.py:188} INFO - [2024-01-17T15:15:08.830+0000] {dag.py:3820} INFO - Setting next_dagrun for example_short_circuit_operator to 2024-01-16T00:00:00+00:00, run_after=2024-01-17T00:00:00+00:00
[2024-01-17T15:15:08.929+0000] {processor.py:183} INFO - Processing /home/airflow/.local/lib/python3.8/site-packages/airflow/example_dags/example_short_circuit_operator.py took 0.257 seconds
[2024-01-17T15:15:39.822+0000] {processor.py:161} INFO - Started process (PID=339) to work on /home/airflow/.local/lib/python3.8/site-packages/airflow/example_dags/example_short_circuit_operator.py
[2024-01-17T15:15:39.826+0000] {processor.py:830} INFO - Processing file /home/airflow/.local/lib/python3.8/site-packages/airflow/example_dags/example_short_circuit_operator.py for tasks to queue
[2024-01-17T15:15:39.838+0000] {logging_mixin.py:188} INFO - [2024-01-17T15:15:39.837+0000] {dagbag.py:538} INFO - Filling up the DagBag from /home/airflow/.local/lib/python3.8/site-packages/airflow/example_dags/example_short_circuit_operator.py
[2024-01-17T15:15:39.869+0000] {processor.py:840} INFO - DAG(s) 'example_short_circuit_operator' retrieved from /home/airflow/.local/lib/python3.8/site-packages/airflow/example_dags/example_short_circuit_operator.py
[2024-01-17T15:15:39.908+0000] {logging_mixin.py:188} INFO - [2024-01-17T15:15:39.908+0000] {dag.py:3033} INFO - Sync 1 DAGs
[2024-01-17T15:15:39.940+0000] {logging_mixin.py:188} INFO - [2024-01-17T15:15:39.940+0000] {dag.py:3820} INFO - Setting next_dagrun for example_short_circuit_operator to 2024-01-16T00:00:00+00:00, run_after=2024-01-17T00:00:00+00:00
[2024-01-17T15:15:40.003+0000] {processor.py:183} INFO - Processing /home/airflow/.local/lib/python3.8/site-packages/airflow/example_dags/example_short_circuit_operator.py took 0.196 seconds
[2024-01-17T15:16:10.115+0000] {processor.py:161} INFO - Started process (PID=394) to work on /home/airflow/.local/lib/python3.8/site-packages/airflow/example_dags/example_short_circuit_operator.py
[2024-01-17T15:16:10.116+0000] {processor.py:830} INFO - Processing file /home/airflow/.local/lib/python3.8/site-packages/airflow/example_dags/example_short_circuit_operator.py for tasks to queue
[2024-01-17T15:16:10.119+0000] {logging_mixin.py:188} INFO - [2024-01-17T15:16:10.118+0000] {dagbag.py:538} INFO - Filling up the DagBag from /home/airflow/.local/lib/python3.8/site-packages/airflow/example_dags/example_short_circuit_operator.py
[2024-01-17T15:16:10.132+0000] {processor.py:840} INFO - DAG(s) 'example_short_circuit_operator' retrieved from /home/airflow/.local/lib/python3.8/site-packages/airflow/example_dags/example_short_circuit_operator.py
[2024-01-17T15:16:10.192+0000] {logging_mixin.py:188} INFO - [2024-01-17T15:16:10.192+0000] {dag.py:3033} INFO - Sync 1 DAGs
[2024-01-17T15:16:10.263+0000] {logging_mixin.py:188} INFO - [2024-01-17T15:16:10.263+0000] {dag.py:3820} INFO - Setting next_dagrun for example_short_circuit_operator to 2024-01-16T00:00:00+00:00, run_after=2024-01-17T00:00:00+00:00
[2024-01-17T15:16:10.369+0000] {processor.py:183} INFO - Processing /home/airflow/.local/lib/python3.8/site-packages/airflow/example_dags/example_short_circuit_operator.py took 0.259 seconds
[2024-01-17T15:16:40.533+0000] {processor.py:161} INFO - Started process (PID=449) to work on /home/airflow/.local/lib/python3.8/site-packages/airflow/example_dags/example_short_circuit_operator.py
[2024-01-17T15:16:40.534+0000] {processor.py:830} INFO - Processing file /home/airflow/.local/lib/python3.8/site-packages/airflow/example_dags/example_short_circuit_operator.py for tasks to queue
[2024-01-17T15:16:40.536+0000] {logging_mixin.py:188} INFO - [2024-01-17T15:16:40.536+0000] {dagbag.py:538} INFO - Filling up the DagBag from /home/airflow/.local/lib/python3.8/site-packages/airflow/example_dags/example_short_circuit_operator.py
[2024-01-17T15:16:40.549+0000] {processor.py:840} INFO - DAG(s) 'example_short_circuit_operator' retrieved from /home/airflow/.local/lib/python3.8/site-packages/airflow/example_dags/example_short_circuit_operator.py
[2024-01-17T15:16:40.588+0000] {logging_mixin.py:188} INFO - [2024-01-17T15:16:40.588+0000] {dag.py:3033} INFO - Sync 1 DAGs
[2024-01-17T15:16:40.618+0000] {logging_mixin.py:188} INFO - [2024-01-17T15:16:40.618+0000] {dag.py:3820} INFO - Setting next_dagrun for example_short_circuit_operator to 2024-01-16T00:00:00+00:00, run_after=2024-01-17T00:00:00+00:00
[2024-01-17T15:16:40.644+0000] {processor.py:183} INFO - Processing /home/airflow/.local/lib/python3.8/site-packages/airflow/example_dags/example_short_circuit_operator.py took 0.116 seconds
[2024-01-17T15:17:10.824+0000] {processor.py:161} INFO - Started process (PID=503) to work on /home/airflow/.local/lib/python3.8/site-packages/airflow/example_dags/example_short_circuit_operator.py
[2024-01-17T15:17:10.825+0000] {processor.py:830} INFO - Processing file /home/airflow/.local/lib/python3.8/site-packages/airflow/example_dags/example_short_circuit_operator.py for tasks to queue
[2024-01-17T15:17:10.827+0000] {logging_mixin.py:188} INFO - [2024-01-17T15:17:10.827+0000] {dagbag.py:538} INFO - Filling up the DagBag from /home/airflow/.local/lib/python3.8/site-packages/airflow/example_dags/example_short_circuit_operator.py
[2024-01-17T15:17:10.837+0000] {processor.py:840} INFO - DAG(s) 'example_short_circuit_operator' retrieved from /home/airflow/.local/lib/python3.8/site-packages/airflow/example_dags/example_short_circuit_operator.py
[2024-01-17T15:17:10.871+0000] {logging_mixin.py:188} INFO - [2024-01-17T15:17:10.870+0000] {dag.py:3033} INFO - Sync 1 DAGs
[2024-01-17T15:17:10.963+0000] {logging_mixin.py:188} INFO - [2024-01-17T15:17:10.963+0000] {dag.py:3820} INFO - Setting next_dagrun for example_short_circuit_operator to 2024-01-16T00:00:00+00:00, run_after=2024-01-17T00:00:00+00:00
[2024-01-17T15:17:11.037+0000] {processor.py:183} INFO - Processing /home/airflow/.local/lib/python3.8/site-packages/airflow/example_dags/example_short_circuit_operator.py took 0.216 seconds
[2024-01-17T15:17:41.176+0000] {processor.py:161} INFO - Started process (PID=558) to work on /home/airflow/.local/lib/python3.8/site-packages/airflow/example_dags/example_short_circuit_operator.py
[2024-01-17T15:17:41.177+0000] {processor.py:830} INFO - Processing file /home/airflow/.local/lib/python3.8/site-packages/airflow/example_dags/example_short_circuit_operator.py for tasks to queue
[2024-01-17T15:17:41.181+0000] {logging_mixin.py:188} INFO - [2024-01-17T15:17:41.180+0000] {dagbag.py:538} INFO - Filling up the DagBag from /home/airflow/.local/lib/python3.8/site-packages/airflow/example_dags/example_short_circuit_operator.py
[2024-01-17T15:17:41.196+0000] {processor.py:840} INFO - DAG(s) 'example_short_circuit_operator' retrieved from /home/airflow/.local/lib/python3.8/site-packages/airflow/example_dags/example_short_circuit_operator.py
[2024-01-17T15:17:41.237+0000] {logging_mixin.py:188} INFO - [2024-01-17T15:17:41.237+0000] {dag.py:3033} INFO - Sync 1 DAGs
[2024-01-17T15:17:41.275+0000] {logging_mixin.py:188} INFO - [2024-01-17T15:17:41.275+0000] {dag.py:3820} INFO - Setting next_dagrun for example_short_circuit_operator to 2024-01-16T00:00:00+00:00, run_after=2024-01-17T00:00:00+00:00
[2024-01-17T15:17:41.298+0000] {processor.py:183} INFO - Processing /home/airflow/.local/lib/python3.8/site-packages/airflow/example_dags/example_short_circuit_operator.py took 0.127 seconds
[2024-01-17T15:18:12.241+0000] {processor.py:161} INFO - Started process (PID=613) to work on /home/airflow/.local/lib/python3.8/site-packages/airflow/example_dags/example_short_circuit_operator.py
[2024-01-17T15:18:12.243+0000] {processor.py:830} INFO - Processing file /home/airflow/.local/lib/python3.8/site-packages/airflow/example_dags/example_short_circuit_operator.py for tasks to queue
[2024-01-17T15:18:12.246+0000] {logging_mixin.py:188} INFO - [2024-01-17T15:18:12.245+0000] {dagbag.py:538} INFO - Filling up the DagBag from /home/airflow/.local/lib/python3.8/site-packages/airflow/example_dags/example_short_circuit_operator.py
[2024-01-17T15:18:12.257+0000] {processor.py:840} INFO - DAG(s) 'example_short_circuit_operator' retrieved from /home/airflow/.local/lib/python3.8/site-packages/airflow/example_dags/example_short_circuit_operator.py
[2024-01-17T15:18:12.287+0000] {logging_mixin.py:188} INFO - [2024-01-17T15:18:12.286+0000] {dag.py:3033} INFO - Sync 1 DAGs
[2024-01-17T15:18:12.318+0000] {logging_mixin.py:188} INFO - [2024-01-17T15:18:12.318+0000] {dag.py:3820} INFO - Setting next_dagrun for example_short_circuit_operator to 2024-01-16T00:00:00+00:00, run_after=2024-01-17T00:00:00+00:00
[2024-01-17T15:18:12.347+0000] {processor.py:183} INFO - Processing /home/airflow/.local/lib/python3.8/site-packages/airflow/example_dags/example_short_circuit_operator.py took 0.112 seconds
[2024-01-17T15:18:42.777+0000] {processor.py:161} INFO - Started process (PID=668) to work on /home/airflow/.local/lib/python3.8/site-packages/airflow/example_dags/example_short_circuit_operator.py
[2024-01-17T15:18:42.779+0000] {processor.py:830} INFO - Processing file /home/airflow/.local/lib/python3.8/site-packages/airflow/example_dags/example_short_circuit_operator.py for tasks to queue
[2024-01-17T15:18:42.781+0000] {logging_mixin.py:188} INFO - [2024-01-17T15:18:42.781+0000] {dagbag.py:538} INFO - Filling up the DagBag from /home/airflow/.local/lib/python3.8/site-packages/airflow/example_dags/example_short_circuit_operator.py
[2024-01-17T15:18:42.790+0000] {processor.py:840} INFO - DAG(s) 'example_short_circuit_operator' retrieved from /home/airflow/.local/lib/python3.8/site-packages/airflow/example_dags/example_short_circuit_operator.py
[2024-01-17T15:18:42.823+0000] {logging_mixin.py:188} INFO - [2024-01-17T15:18:42.823+0000] {dag.py:3033} INFO - Sync 1 DAGs
[2024-01-17T15:18:42.856+0000] {logging_mixin.py:188} INFO - [2024-01-17T15:18:42.855+0000] {dag.py:3820} INFO - Setting next_dagrun for example_short_circuit_operator to 2024-01-16T00:00:00+00:00, run_after=2024-01-17T00:00:00+00:00
[2024-01-17T15:18:42.882+0000] {processor.py:183} INFO - Processing /home/airflow/.local/lib/python3.8/site-packages/airflow/example_dags/example_short_circuit_operator.py took 0.110 seconds
[2024-01-17T15:19:15.102+0000] {processor.py:161} INFO - Started process (PID=723) to work on /home/airflow/.local/lib/python3.8/site-packages/airflow/example_dags/example_short_circuit_operator.py
[2024-01-17T15:19:15.116+0000] {processor.py:830} INFO - Processing file /home/airflow/.local/lib/python3.8/site-packages/airflow/example_dags/example_short_circuit_operator.py for tasks to queue
[2024-01-17T15:19:15.131+0000] {logging_mixin.py:188} INFO - [2024-01-17T15:19:15.123+0000] {dagbag.py:538} INFO - Filling up the DagBag from /home/airflow/.local/lib/python3.8/site-packages/airflow/example_dags/example_short_circuit_operator.py
[2024-01-17T15:19:15.241+0000] {processor.py:840} INFO - DAG(s) 'example_short_circuit_operator' retrieved from /home/airflow/.local/lib/python3.8/site-packages/airflow/example_dags/example_short_circuit_operator.py
[2024-01-17T15:19:15.540+0000] {logging_mixin.py:188} INFO - [2024-01-17T15:19:15.539+0000] {dag.py:3033} INFO - Sync 1 DAGs
[2024-01-17T15:19:15.660+0000] {logging_mixin.py:188} INFO - [2024-01-17T15:19:15.660+0000] {dag.py:3820} INFO - Setting next_dagrun for example_short_circuit_operator to 2024-01-16T00:00:00+00:00, run_after=2024-01-17T00:00:00+00:00
[2024-01-17T15:19:15.804+0000] {processor.py:183} INFO - Processing /home/airflow/.local/lib/python3.8/site-packages/airflow/example_dags/example_short_circuit_operator.py took 0.734 seconds
[2024-01-17T15:19:45.937+0000] {processor.py:161} INFO - Started process (PID=778) to work on /home/airflow/.local/lib/python3.8/site-packages/airflow/example_dags/example_short_circuit_operator.py
[2024-01-17T15:19:45.938+0000] {processor.py:830} INFO - Processing file /home/airflow/.local/lib/python3.8/site-packages/airflow/example_dags/example_short_circuit_operator.py for tasks to queue
[2024-01-17T15:19:45.941+0000] {logging_mixin.py:188} INFO - [2024-01-17T15:19:45.940+0000] {dagbag.py:538} INFO - Filling up the DagBag from /home/airflow/.local/lib/python3.8/site-packages/airflow/example_dags/example_short_circuit_operator.py
[2024-01-17T15:19:45.952+0000] {processor.py:840} INFO - DAG(s) 'example_short_circuit_operator' retrieved from /home/airflow/.local/lib/python3.8/site-packages/airflow/example_dags/example_short_circuit_operator.py
[2024-01-17T15:19:45.996+0000] {logging_mixin.py:188} INFO - [2024-01-17T15:19:45.995+0000] {dag.py:3033} INFO - Sync 1 DAGs
[2024-01-17T15:19:46.047+0000] {logging_mixin.py:188} INFO - [2024-01-17T15:19:46.047+0000] {dag.py:3820} INFO - Setting next_dagrun for example_short_circuit_operator to 2024-01-16T00:00:00+00:00, run_after=2024-01-17T00:00:00+00:00
[2024-01-17T15:19:46.079+0000] {processor.py:183} INFO - Processing /home/airflow/.local/lib/python3.8/site-packages/airflow/example_dags/example_short_circuit_operator.py took 0.146 seconds
[2024-01-17T15:20:16.171+0000] {processor.py:161} INFO - Started process (PID=833) to work on /home/airflow/.local/lib/python3.8/site-packages/airflow/example_dags/example_short_circuit_operator.py
[2024-01-17T15:20:16.172+0000] {processor.py:830} INFO - Processing file /home/airflow/.local/lib/python3.8/site-packages/airflow/example_dags/example_short_circuit_operator.py for tasks to queue
[2024-01-17T15:20:16.174+0000] {logging_mixin.py:188} INFO - [2024-01-17T15:20:16.174+0000] {dagbag.py:538} INFO - Filling up the DagBag from /home/airflow/.local/lib/python3.8/site-packages/airflow/example_dags/example_short_circuit_operator.py
[2024-01-17T15:20:16.183+0000] {processor.py:840} INFO - DAG(s) 'example_short_circuit_operator' retrieved from /home/airflow/.local/lib/python3.8/site-packages/airflow/example_dags/example_short_circuit_operator.py
[2024-01-17T15:20:16.209+0000] {logging_mixin.py:188} INFO - [2024-01-17T15:20:16.209+0000] {dag.py:3033} INFO - Sync 1 DAGs
[2024-01-17T15:20:16.236+0000] {logging_mixin.py:188} INFO - [2024-01-17T15:20:16.236+0000] {dag.py:3820} INFO - Setting next_dagrun for example_short_circuit_operator to 2024-01-16T00:00:00+00:00, run_after=2024-01-17T00:00:00+00:00
[2024-01-17T15:20:16.258+0000] {processor.py:183} INFO - Processing /home/airflow/.local/lib/python3.8/site-packages/airflow/example_dags/example_short_circuit_operator.py took 0.090 seconds
[2024-01-17T15:20:46.346+0000] {processor.py:161} INFO - Started process (PID=887) to work on /home/airflow/.local/lib/python3.8/site-packages/airflow/example_dags/example_short_circuit_operator.py
[2024-01-17T15:20:46.347+0000] {processor.py:830} INFO - Processing file /home/airflow/.local/lib/python3.8/site-packages/airflow/example_dags/example_short_circuit_operator.py for tasks to queue
[2024-01-17T15:20:46.349+0000] {logging_mixin.py:188} INFO - [2024-01-17T15:20:46.349+0000] {dagbag.py:538} INFO - Filling up the DagBag from /home/airflow/.local/lib/python3.8/site-packages/airflow/example_dags/example_short_circuit_operator.py
[2024-01-17T15:20:46.359+0000] {processor.py:840} INFO - DAG(s) 'example_short_circuit_operator' retrieved from /home/airflow/.local/lib/python3.8/site-packages/airflow/example_dags/example_short_circuit_operator.py
[2024-01-17T15:20:46.391+0000] {logging_mixin.py:188} INFO - [2024-01-17T15:20:46.391+0000] {dag.py:3033} INFO - Sync 1 DAGs
[2024-01-17T15:20:46.420+0000] {logging_mixin.py:188} INFO - [2024-01-17T15:20:46.420+0000] {dag.py:3820} INFO - Setting next_dagrun for example_short_circuit_operator to 2024-01-16T00:00:00+00:00, run_after=2024-01-17T00:00:00+00:00
[2024-01-17T15:20:46.444+0000] {processor.py:183} INFO - Processing /home/airflow/.local/lib/python3.8/site-packages/airflow/example_dags/example_short_circuit_operator.py took 0.102 seconds
[2024-01-17T15:21:16.806+0000] {processor.py:161} INFO - Started process (PID=942) to work on /home/airflow/.local/lib/python3.8/site-packages/airflow/example_dags/example_short_circuit_operator.py
[2024-01-17T15:21:16.807+0000] {processor.py:830} INFO - Processing file /home/airflow/.local/lib/python3.8/site-packages/airflow/example_dags/example_short_circuit_operator.py for tasks to queue
[2024-01-17T15:21:16.809+0000] {logging_mixin.py:188} INFO - [2024-01-17T15:21:16.809+0000] {dagbag.py:538} INFO - Filling up the DagBag from /home/airflow/.local/lib/python3.8/site-packages/airflow/example_dags/example_short_circuit_operator.py
[2024-01-17T15:21:16.819+0000] {processor.py:840} INFO - DAG(s) 'example_short_circuit_operator' retrieved from /home/airflow/.local/lib/python3.8/site-packages/airflow/example_dags/example_short_circuit_operator.py
[2024-01-17T15:21:16.851+0000] {logging_mixin.py:188} INFO - [2024-01-17T15:21:16.851+0000] {dag.py:3033} INFO - Sync 1 DAGs
[2024-01-17T15:21:16.880+0000] {logging_mixin.py:188} INFO - [2024-01-17T15:21:16.880+0000] {dag.py:3820} INFO - Setting next_dagrun for example_short_circuit_operator to 2024-01-16T00:00:00+00:00, run_after=2024-01-17T00:00:00+00:00
[2024-01-17T15:21:16.905+0000] {processor.py:183} INFO - Processing /home/airflow/.local/lib/python3.8/site-packages/airflow/example_dags/example_short_circuit_operator.py took 0.102 seconds
[2024-01-17T15:21:47.422+0000] {processor.py:161} INFO - Started process (PID=996) to work on /home/airflow/.local/lib/python3.8/site-packages/airflow/example_dags/example_short_circuit_operator.py
[2024-01-17T15:21:47.425+0000] {processor.py:830} INFO - Processing file /home/airflow/.local/lib/python3.8/site-packages/airflow/example_dags/example_short_circuit_operator.py for tasks to queue
[2024-01-17T15:21:47.429+0000] {logging_mixin.py:188} INFO - [2024-01-17T15:21:47.428+0000] {dagbag.py:538} INFO - Filling up the DagBag from /home/airflow/.local/lib/python3.8/site-packages/airflow/example_dags/example_short_circuit_operator.py
[2024-01-17T15:21:47.443+0000] {processor.py:840} INFO - DAG(s) 'example_short_circuit_operator' retrieved from /home/airflow/.local/lib/python3.8/site-packages/airflow/example_dags/example_short_circuit_operator.py
[2024-01-17T15:21:47.489+0000] {logging_mixin.py:188} INFO - [2024-01-17T15:21:47.488+0000] {dag.py:3033} INFO - Sync 1 DAGs
[2024-01-17T15:21:47.530+0000] {logging_mixin.py:188} INFO - [2024-01-17T15:21:47.529+0000] {dag.py:3820} INFO - Setting next_dagrun for example_short_circuit_operator to 2024-01-16T00:00:00+00:00, run_after=2024-01-17T00:00:00+00:00
[2024-01-17T15:21:47.555+0000] {processor.py:183} INFO - Processing /home/airflow/.local/lib/python3.8/site-packages/airflow/example_dags/example_short_circuit_operator.py took 0.138 seconds
[2024-01-17T15:22:19.734+0000] {processor.py:161} INFO - Started process (PID=1048) to work on /home/airflow/.local/lib/python3.8/site-packages/airflow/example_dags/example_short_circuit_operator.py
[2024-01-17T15:22:19.779+0000] {processor.py:830} INFO - Processing file /home/airflow/.local/lib/python3.8/site-packages/airflow/example_dags/example_short_circuit_operator.py for tasks to queue
[2024-01-17T15:22:19.804+0000] {logging_mixin.py:188} INFO - [2024-01-17T15:22:19.794+0000] {dagbag.py:538} INFO - Filling up the DagBag from /home/airflow/.local/lib/python3.8/site-packages/airflow/example_dags/example_short_circuit_operator.py
[2024-01-17T15:22:19.887+0000] {processor.py:840} INFO - DAG(s) 'example_short_circuit_operator' retrieved from /home/airflow/.local/lib/python3.8/site-packages/airflow/example_dags/example_short_circuit_operator.py
[2024-01-17T15:22:20.409+0000] {logging_mixin.py:188} INFO - [2024-01-17T15:22:20.409+0000] {dag.py:3033} INFO - Sync 1 DAGs
[2024-01-17T15:22:20.710+0000] {logging_mixin.py:188} INFO - [2024-01-17T15:22:20.695+0000] {dag.py:3820} INFO - Setting next_dagrun for example_short_circuit_operator to 2024-01-16T00:00:00+00:00, run_after=2024-01-17T00:00:00+00:00
[2024-01-17T15:22:21.050+0000] {processor.py:183} INFO - Processing /home/airflow/.local/lib/python3.8/site-packages/airflow/example_dags/example_short_circuit_operator.py took 1.420 seconds
[2024-01-17T15:25:14.669+0000] {processor.py:161} INFO - Started process (PID=58) to work on /home/airflow/.local/lib/python3.8/site-packages/airflow/example_dags/example_short_circuit_operator.py
[2024-01-17T15:25:14.672+0000] {processor.py:830} INFO - Processing file /home/airflow/.local/lib/python3.8/site-packages/airflow/example_dags/example_short_circuit_operator.py for tasks to queue
[2024-01-17T15:25:14.676+0000] {logging_mixin.py:188} INFO - [2024-01-17T15:25:14.675+0000] {dagbag.py:538} INFO - Filling up the DagBag from /home/airflow/.local/lib/python3.8/site-packages/airflow/example_dags/example_short_circuit_operator.py
[2024-01-17T15:25:14.695+0000] {processor.py:840} INFO - DAG(s) 'example_short_circuit_operator' retrieved from /home/airflow/.local/lib/python3.8/site-packages/airflow/example_dags/example_short_circuit_operator.py
[2024-01-17T15:25:14.775+0000] {logging_mixin.py:188} INFO - [2024-01-17T15:25:14.774+0000] {dag.py:3033} INFO - Sync 1 DAGs
[2024-01-17T15:25:14.829+0000] {logging_mixin.py:188} INFO - [2024-01-17T15:25:14.829+0000] {dag.py:3820} INFO - Setting next_dagrun for example_short_circuit_operator to 2024-01-16T00:00:00+00:00, run_after=2024-01-17T00:00:00+00:00
[2024-01-17T15:25:14.931+0000] {processor.py:183} INFO - Processing /home/airflow/.local/lib/python3.8/site-packages/airflow/example_dags/example_short_circuit_operator.py took 0.271 seconds
[2024-01-17T15:25:45.464+0000] {processor.py:161} INFO - Started process (PID=113) to work on /home/airflow/.local/lib/python3.8/site-packages/airflow/example_dags/example_short_circuit_operator.py
[2024-01-17T15:25:45.467+0000] {processor.py:830} INFO - Processing file /home/airflow/.local/lib/python3.8/site-packages/airflow/example_dags/example_short_circuit_operator.py for tasks to queue
[2024-01-17T15:25:45.470+0000] {logging_mixin.py:188} INFO - [2024-01-17T15:25:45.469+0000] {dagbag.py:538} INFO - Filling up the DagBag from /home/airflow/.local/lib/python3.8/site-packages/airflow/example_dags/example_short_circuit_operator.py
[2024-01-17T15:25:45.500+0000] {processor.py:840} INFO - DAG(s) 'example_short_circuit_operator' retrieved from /home/airflow/.local/lib/python3.8/site-packages/airflow/example_dags/example_short_circuit_operator.py
[2024-01-17T15:25:45.578+0000] {logging_mixin.py:188} INFO - [2024-01-17T15:25:45.578+0000] {dag.py:3033} INFO - Sync 1 DAGs
[2024-01-17T15:25:45.685+0000] {logging_mixin.py:188} INFO - [2024-01-17T15:25:45.685+0000] {dag.py:3820} INFO - Setting next_dagrun for example_short_circuit_operator to 2024-01-16T00:00:00+00:00, run_after=2024-01-17T00:00:00+00:00
[2024-01-17T15:25:45.792+0000] {processor.py:183} INFO - Processing /home/airflow/.local/lib/python3.8/site-packages/airflow/example_dags/example_short_circuit_operator.py took 0.332 seconds
[2024-01-17T15:26:16.514+0000] {processor.py:161} INFO - Started process (PID=169) to work on /home/airflow/.local/lib/python3.8/site-packages/airflow/example_dags/example_short_circuit_operator.py
[2024-01-17T15:26:16.552+0000] {processor.py:830} INFO - Processing file /home/airflow/.local/lib/python3.8/site-packages/airflow/example_dags/example_short_circuit_operator.py for tasks to queue
[2024-01-17T15:26:16.555+0000] {logging_mixin.py:188} INFO - [2024-01-17T15:26:16.555+0000] {dagbag.py:538} INFO - Filling up the DagBag from /home/airflow/.local/lib/python3.8/site-packages/airflow/example_dags/example_short_circuit_operator.py
[2024-01-17T15:26:16.601+0000] {processor.py:840} INFO - DAG(s) 'example_short_circuit_operator' retrieved from /home/airflow/.local/lib/python3.8/site-packages/airflow/example_dags/example_short_circuit_operator.py
[2024-01-17T15:26:16.733+0000] {logging_mixin.py:188} INFO - [2024-01-17T15:26:16.732+0000] {dag.py:3033} INFO - Sync 1 DAGs
[2024-01-17T15:26:16.836+0000] {logging_mixin.py:188} INFO - [2024-01-17T15:26:16.836+0000] {dag.py:3820} INFO - Setting next_dagrun for example_short_circuit_operator to 2024-01-16T00:00:00+00:00, run_after=2024-01-17T00:00:00+00:00
[2024-01-17T15:26:16.889+0000] {processor.py:183} INFO - Processing /home/airflow/.local/lib/python3.8/site-packages/airflow/example_dags/example_short_circuit_operator.py took 0.380 seconds
[2024-01-17T15:26:47.626+0000] {processor.py:161} INFO - Started process (PID=225) to work on /home/airflow/.local/lib/python3.8/site-packages/airflow/example_dags/example_short_circuit_operator.py
[2024-01-17T15:26:47.647+0000] {processor.py:830} INFO - Processing file /home/airflow/.local/lib/python3.8/site-packages/airflow/example_dags/example_short_circuit_operator.py for tasks to queue
[2024-01-17T15:26:47.649+0000] {logging_mixin.py:188} INFO - [2024-01-17T15:26:47.649+0000] {dagbag.py:538} INFO - Filling up the DagBag from /home/airflow/.local/lib/python3.8/site-packages/airflow/example_dags/example_short_circuit_operator.py
[2024-01-17T15:26:47.670+0000] {processor.py:840} INFO - DAG(s) 'example_short_circuit_operator' retrieved from /home/airflow/.local/lib/python3.8/site-packages/airflow/example_dags/example_short_circuit_operator.py
[2024-01-17T15:26:47.743+0000] {logging_mixin.py:188} INFO - [2024-01-17T15:26:47.743+0000] {dag.py:3033} INFO - Sync 1 DAGs
[2024-01-17T15:26:47.874+0000] {logging_mixin.py:188} INFO - [2024-01-17T15:26:47.874+0000] {dag.py:3820} INFO - Setting next_dagrun for example_short_circuit_operator to 2024-01-16T00:00:00+00:00, run_after=2024-01-17T00:00:00+00:00
[2024-01-17T15:26:48.016+0000] {processor.py:183} INFO - Processing /home/airflow/.local/lib/python3.8/site-packages/airflow/example_dags/example_short_circuit_operator.py took 0.408 seconds
[2024-01-17T15:27:18.175+0000] {processor.py:161} INFO - Started process (PID=281) to work on /home/airflow/.local/lib/python3.8/site-packages/airflow/example_dags/example_short_circuit_operator.py
[2024-01-17T15:27:18.183+0000] {processor.py:830} INFO - Processing file /home/airflow/.local/lib/python3.8/site-packages/airflow/example_dags/example_short_circuit_operator.py for tasks to queue
[2024-01-17T15:27:18.185+0000] {logging_mixin.py:188} INFO - [2024-01-17T15:27:18.185+0000] {dagbag.py:538} INFO - Filling up the DagBag from /home/airflow/.local/lib/python3.8/site-packages/airflow/example_dags/example_short_circuit_operator.py
[2024-01-17T15:27:18.216+0000] {processor.py:840} INFO - DAG(s) 'example_short_circuit_operator' retrieved from /home/airflow/.local/lib/python3.8/site-packages/airflow/example_dags/example_short_circuit_operator.py
[2024-01-17T15:27:18.363+0000] {logging_mixin.py:188} INFO - [2024-01-17T15:27:18.362+0000] {dag.py:3033} INFO - Sync 1 DAGs
[2024-01-17T15:27:18.493+0000] {logging_mixin.py:188} INFO - [2024-01-17T15:27:18.493+0000] {dag.py:3820} INFO - Setting next_dagrun for example_short_circuit_operator to 2024-01-16T00:00:00+00:00, run_after=2024-01-17T00:00:00+00:00
[2024-01-17T15:27:18.647+0000] {processor.py:183} INFO - Processing /home/airflow/.local/lib/python3.8/site-packages/airflow/example_dags/example_short_circuit_operator.py took 0.485 seconds
[2024-01-17T15:27:52.710+0000] {processor.py:161} INFO - Started process (PID=336) to work on /home/airflow/.local/lib/python3.8/site-packages/airflow/example_dags/example_short_circuit_operator.py
[2024-01-17T15:27:52.721+0000] {processor.py:830} INFO - Processing file /home/airflow/.local/lib/python3.8/site-packages/airflow/example_dags/example_short_circuit_operator.py for tasks to queue
[2024-01-17T15:27:52.727+0000] {logging_mixin.py:188} INFO - [2024-01-17T15:27:52.726+0000] {dagbag.py:538} INFO - Filling up the DagBag from /home/airflow/.local/lib/python3.8/site-packages/airflow/example_dags/example_short_circuit_operator.py
[2024-01-17T15:27:52.745+0000] {processor.py:840} INFO - DAG(s) 'example_short_circuit_operator' retrieved from /home/airflow/.local/lib/python3.8/site-packages/airflow/example_dags/example_short_circuit_operator.py
[2024-01-17T15:27:52.795+0000] {logging_mixin.py:188} INFO - [2024-01-17T15:27:52.794+0000] {dag.py:3033} INFO - Sync 1 DAGs
[2024-01-17T15:27:52.834+0000] {logging_mixin.py:188} INFO - [2024-01-17T15:27:52.834+0000] {dag.py:3820} INFO - Setting next_dagrun for example_short_circuit_operator to 2024-01-16T00:00:00+00:00, run_after=2024-01-17T00:00:00+00:00
[2024-01-17T15:27:52.927+0000] {processor.py:183} INFO - Processing /home/airflow/.local/lib/python3.8/site-packages/airflow/example_dags/example_short_circuit_operator.py took 0.222 seconds
[2024-01-17T15:28:34.145+0000] {processor.py:161} INFO - Started process (PID=391) to work on /home/airflow/.local/lib/python3.8/site-packages/airflow/example_dags/example_short_circuit_operator.py
[2024-01-17T15:28:34.146+0000] {processor.py:830} INFO - Processing file /home/airflow/.local/lib/python3.8/site-packages/airflow/example_dags/example_short_circuit_operator.py for tasks to queue
[2024-01-17T15:28:34.153+0000] {logging_mixin.py:188} INFO - [2024-01-17T15:28:34.153+0000] {dagbag.py:538} INFO - Filling up the DagBag from /home/airflow/.local/lib/python3.8/site-packages/airflow/example_dags/example_short_circuit_operator.py
[2024-01-17T15:28:34.172+0000] {processor.py:840} INFO - DAG(s) 'example_short_circuit_operator' retrieved from /home/airflow/.local/lib/python3.8/site-packages/airflow/example_dags/example_short_circuit_operator.py
[2024-01-17T15:28:34.192+0000] {logging_mixin.py:188} INFO - [2024-01-17T15:28:34.192+0000] {dag.py:3033} INFO - Sync 1 DAGs
[2024-01-17T15:28:34.278+0000] {logging_mixin.py:188} INFO - [2024-01-17T15:28:34.278+0000] {dag.py:3820} INFO - Setting next_dagrun for example_short_circuit_operator to 2024-01-16T00:00:00+00:00, run_after=2024-01-17T00:00:00+00:00
[2024-01-17T15:28:34.356+0000] {processor.py:183} INFO - Processing /home/airflow/.local/lib/python3.8/site-packages/airflow/example_dags/example_short_circuit_operator.py took 0.216 seconds
[2024-01-17T15:29:05.431+0000] {processor.py:161} INFO - Started process (PID=453) to work on /home/airflow/.local/lib/python3.8/site-packages/airflow/example_dags/example_short_circuit_operator.py
[2024-01-17T15:29:05.440+0000] {processor.py:830} INFO - Processing file /home/airflow/.local/lib/python3.8/site-packages/airflow/example_dags/example_short_circuit_operator.py for tasks to queue
[2024-01-17T15:29:05.447+0000] {logging_mixin.py:188} INFO - [2024-01-17T15:29:05.446+0000] {dagbag.py:538} INFO - Filling up the DagBag from /home/airflow/.local/lib/python3.8/site-packages/airflow/example_dags/example_short_circuit_operator.py
[2024-01-17T15:29:05.459+0000] {processor.py:840} INFO - DAG(s) 'example_short_circuit_operator' retrieved from /home/airflow/.local/lib/python3.8/site-packages/airflow/example_dags/example_short_circuit_operator.py
[2024-01-17T15:29:05.645+0000] {logging_mixin.py:188} INFO - [2024-01-17T15:29:05.645+0000] {dag.py:3033} INFO - Sync 1 DAGs
[2024-01-17T15:29:05.679+0000] {logging_mixin.py:188} INFO - [2024-01-17T15:29:05.679+0000] {dag.py:3820} INFO - Setting next_dagrun for example_short_circuit_operator to 2024-01-16T00:00:00+00:00, run_after=2024-01-17T00:00:00+00:00
[2024-01-17T15:29:05.717+0000] {processor.py:183} INFO - Processing /home/airflow/.local/lib/python3.8/site-packages/airflow/example_dags/example_short_circuit_operator.py took 0.291 seconds
[2024-01-17T15:30:01.105+0000] {processor.py:161} INFO - Started process (PID=521) to work on /home/airflow/.local/lib/python3.8/site-packages/airflow/example_dags/example_short_circuit_operator.py
[2024-01-17T15:30:01.121+0000] {processor.py:830} INFO - Processing file /home/airflow/.local/lib/python3.8/site-packages/airflow/example_dags/example_short_circuit_operator.py for tasks to queue
[2024-01-17T15:30:01.124+0000] {logging_mixin.py:188} INFO - [2024-01-17T15:30:01.123+0000] {dagbag.py:538} INFO - Filling up the DagBag from /home/airflow/.local/lib/python3.8/site-packages/airflow/example_dags/example_short_circuit_operator.py
[2024-01-17T15:30:01.137+0000] {processor.py:840} INFO - DAG(s) 'example_short_circuit_operator' retrieved from /home/airflow/.local/lib/python3.8/site-packages/airflow/example_dags/example_short_circuit_operator.py
[2024-01-17T15:30:01.178+0000] {logging_mixin.py:188} INFO - [2024-01-17T15:30:01.178+0000] {dag.py:3033} INFO - Sync 1 DAGs
[2024-01-17T15:30:01.226+0000] {logging_mixin.py:188} INFO - [2024-01-17T15:30:01.226+0000] {dag.py:3820} INFO - Setting next_dagrun for example_short_circuit_operator to 2024-01-16T00:00:00+00:00, run_after=2024-01-17T00:00:00+00:00
[2024-01-17T15:30:01.255+0000] {processor.py:183} INFO - Processing /home/airflow/.local/lib/python3.8/site-packages/airflow/example_dags/example_short_circuit_operator.py took 0.155 seconds
[2024-01-17T15:30:32.317+0000] {processor.py:161} INFO - Started process (PID=576) to work on /home/airflow/.local/lib/python3.8/site-packages/airflow/example_dags/example_short_circuit_operator.py
[2024-01-17T15:30:32.318+0000] {processor.py:830} INFO - Processing file /home/airflow/.local/lib/python3.8/site-packages/airflow/example_dags/example_short_circuit_operator.py for tasks to queue
[2024-01-17T15:30:32.333+0000] {logging_mixin.py:188} INFO - [2024-01-17T15:30:32.332+0000] {dagbag.py:538} INFO - Filling up the DagBag from /home/airflow/.local/lib/python3.8/site-packages/airflow/example_dags/example_short_circuit_operator.py
[2024-01-17T15:30:32.345+0000] {processor.py:840} INFO - DAG(s) 'example_short_circuit_operator' retrieved from /home/airflow/.local/lib/python3.8/site-packages/airflow/example_dags/example_short_circuit_operator.py
[2024-01-17T15:30:32.449+0000] {logging_mixin.py:188} INFO - [2024-01-17T15:30:32.449+0000] {dag.py:3033} INFO - Sync 1 DAGs
[2024-01-17T15:30:32.525+0000] {logging_mixin.py:188} INFO - [2024-01-17T15:30:32.524+0000] {dag.py:3820} INFO - Setting next_dagrun for example_short_circuit_operator to 2024-01-16T00:00:00+00:00, run_after=2024-01-17T00:00:00+00:00
[2024-01-17T15:30:32.630+0000] {processor.py:183} INFO - Processing /home/airflow/.local/lib/python3.8/site-packages/airflow/example_dags/example_short_circuit_operator.py took 0.318 seconds
[2024-01-17T15:31:02.718+0000] {processor.py:161} INFO - Started process (PID=632) to work on /home/airflow/.local/lib/python3.8/site-packages/airflow/example_dags/example_short_circuit_operator.py
[2024-01-17T15:31:02.719+0000] {processor.py:830} INFO - Processing file /home/airflow/.local/lib/python3.8/site-packages/airflow/example_dags/example_short_circuit_operator.py for tasks to queue
[2024-01-17T15:31:02.722+0000] {logging_mixin.py:188} INFO - [2024-01-17T15:31:02.722+0000] {dagbag.py:538} INFO - Filling up the DagBag from /home/airflow/.local/lib/python3.8/site-packages/airflow/example_dags/example_short_circuit_operator.py
[2024-01-17T15:31:02.737+0000] {processor.py:840} INFO - DAG(s) 'example_short_circuit_operator' retrieved from /home/airflow/.local/lib/python3.8/site-packages/airflow/example_dags/example_short_circuit_operator.py
[2024-01-17T15:31:02.779+0000] {logging_mixin.py:188} INFO - [2024-01-17T15:31:02.779+0000] {dag.py:3033} INFO - Sync 1 DAGs
[2024-01-17T15:31:02.809+0000] {logging_mixin.py:188} INFO - [2024-01-17T15:31:02.808+0000] {dag.py:3820} INFO - Setting next_dagrun for example_short_circuit_operator to 2024-01-16T00:00:00+00:00, run_after=2024-01-17T00:00:00+00:00
[2024-01-17T15:31:02.832+0000] {processor.py:183} INFO - Processing /home/airflow/.local/lib/python3.8/site-packages/airflow/example_dags/example_short_circuit_operator.py took 0.119 seconds
[2024-01-17T15:31:32.955+0000] {processor.py:161} INFO - Started process (PID=687) to work on /home/airflow/.local/lib/python3.8/site-packages/airflow/example_dags/example_short_circuit_operator.py
[2024-01-17T15:31:32.956+0000] {processor.py:830} INFO - Processing file /home/airflow/.local/lib/python3.8/site-packages/airflow/example_dags/example_short_circuit_operator.py for tasks to queue
[2024-01-17T15:31:32.958+0000] {logging_mixin.py:188} INFO - [2024-01-17T15:31:32.957+0000] {dagbag.py:538} INFO - Filling up the DagBag from /home/airflow/.local/lib/python3.8/site-packages/airflow/example_dags/example_short_circuit_operator.py
[2024-01-17T15:31:32.966+0000] {processor.py:840} INFO - DAG(s) 'example_short_circuit_operator' retrieved from /home/airflow/.local/lib/python3.8/site-packages/airflow/example_dags/example_short_circuit_operator.py
[2024-01-17T15:31:33.000+0000] {logging_mixin.py:188} INFO - [2024-01-17T15:31:32.999+0000] {dag.py:3033} INFO - Sync 1 DAGs
[2024-01-17T15:31:33.026+0000] {logging_mixin.py:188} INFO - [2024-01-17T15:31:33.026+0000] {dag.py:3820} INFO - Setting next_dagrun for example_short_circuit_operator to 2024-01-16T00:00:00+00:00, run_after=2024-01-17T00:00:00+00:00
[2024-01-17T15:31:33.047+0000] {processor.py:183} INFO - Processing /home/airflow/.local/lib/python3.8/site-packages/airflow/example_dags/example_short_circuit_operator.py took 0.096 seconds
[2024-01-17T15:32:04.119+0000] {processor.py:161} INFO - Started process (PID=742) to work on /home/airflow/.local/lib/python3.8/site-packages/airflow/example_dags/example_short_circuit_operator.py
[2024-01-17T15:32:04.120+0000] {processor.py:830} INFO - Processing file /home/airflow/.local/lib/python3.8/site-packages/airflow/example_dags/example_short_circuit_operator.py for tasks to queue
[2024-01-17T15:32:04.122+0000] {logging_mixin.py:188} INFO - [2024-01-17T15:32:04.121+0000] {dagbag.py:538} INFO - Filling up the DagBag from /home/airflow/.local/lib/python3.8/site-packages/airflow/example_dags/example_short_circuit_operator.py
[2024-01-17T15:32:04.134+0000] {processor.py:840} INFO - DAG(s) 'example_short_circuit_operator' retrieved from /home/airflow/.local/lib/python3.8/site-packages/airflow/example_dags/example_short_circuit_operator.py
[2024-01-17T15:32:04.164+0000] {logging_mixin.py:188} INFO - [2024-01-17T15:32:04.164+0000] {dag.py:3033} INFO - Sync 1 DAGs
[2024-01-17T15:32:04.206+0000] {logging_mixin.py:188} INFO - [2024-01-17T15:32:04.205+0000] {dag.py:3820} INFO - Setting next_dagrun for example_short_circuit_operator to 2024-01-16T00:00:00+00:00, run_after=2024-01-17T00:00:00+00:00
[2024-01-17T15:32:04.242+0000] {processor.py:183} INFO - Processing /home/airflow/.local/lib/python3.8/site-packages/airflow/example_dags/example_short_circuit_operator.py took 0.127 seconds
[2024-01-17T15:32:34.518+0000] {processor.py:161} INFO - Started process (PID=798) to work on /home/airflow/.local/lib/python3.8/site-packages/airflow/example_dags/example_short_circuit_operator.py
[2024-01-17T15:32:34.519+0000] {processor.py:830} INFO - Processing file /home/airflow/.local/lib/python3.8/site-packages/airflow/example_dags/example_short_circuit_operator.py for tasks to queue
[2024-01-17T15:32:34.522+0000] {logging_mixin.py:188} INFO - [2024-01-17T15:32:34.522+0000] {dagbag.py:538} INFO - Filling up the DagBag from /home/airflow/.local/lib/python3.8/site-packages/airflow/example_dags/example_short_circuit_operator.py
[2024-01-17T15:32:34.530+0000] {processor.py:840} INFO - DAG(s) 'example_short_circuit_operator' retrieved from /home/airflow/.local/lib/python3.8/site-packages/airflow/example_dags/example_short_circuit_operator.py
[2024-01-17T15:32:34.564+0000] {logging_mixin.py:188} INFO - [2024-01-17T15:32:34.563+0000] {dag.py:3033} INFO - Sync 1 DAGs
[2024-01-17T15:32:34.588+0000] {logging_mixin.py:188} INFO - [2024-01-17T15:32:34.588+0000] {dag.py:3820} INFO - Setting next_dagrun for example_short_circuit_operator to 2024-01-16T00:00:00+00:00, run_after=2024-01-17T00:00:00+00:00
[2024-01-17T15:32:34.648+0000] {processor.py:183} INFO - Processing /home/airflow/.local/lib/python3.8/site-packages/airflow/example_dags/example_short_circuit_operator.py took 0.134 seconds
