[2024-01-17T15:12:56.703+0000] {processor.py:161} INFO - Started process (PID=54) to work on /home/airflow/.local/lib/python3.8/site-packages/airflow/example_dags/tutorial_dag.py
[2024-01-17T15:12:56.706+0000] {processor.py:830} INFO - Processing file /home/airflow/.local/lib/python3.8/site-packages/airflow/example_dags/tutorial_dag.py for tasks to queue
[2024-01-17T15:12:56.730+0000] {logging_mixin.py:188} INFO - [2024-01-17T15:12:56.728+0000] {dagbag.py:538} INFO - Filling up the DagBag from /home/airflow/.local/lib/python3.8/site-packages/airflow/example_dags/tutorial_dag.py
[2024-01-17T15:12:56.790+0000] {processor.py:840} INFO - DAG(s) 'tutorial_dag' retrieved from /home/airflow/.local/lib/python3.8/site-packages/airflow/example_dags/tutorial_dag.py
[2024-01-17T15:13:01.441+0000] {logging_mixin.py:188} INFO - [2024-01-17T15:13:01.441+0000] {dag.py:3033} INFO - Sync 1 DAGs
[2024-01-17T15:13:01.548+0000] {logging_mixin.py:188} INFO - [2024-01-17T15:13:01.547+0000] {dag.py:3820} INFO - Setting next_dagrun for tutorial_dag to None, run_after=None
[2024-01-17T15:13:01.770+0000] {processor.py:183} INFO - Processing /home/airflow/.local/lib/python3.8/site-packages/airflow/example_dags/tutorial_dag.py took 5.085 seconds
[2024-01-17T15:13:32.033+0000] {processor.py:161} INFO - Started process (PID=109) to work on /home/airflow/.local/lib/python3.8/site-packages/airflow/example_dags/tutorial_dag.py
[2024-01-17T15:13:32.034+0000] {processor.py:830} INFO - Processing file /home/airflow/.local/lib/python3.8/site-packages/airflow/example_dags/tutorial_dag.py for tasks to queue
[2024-01-17T15:13:32.054+0000] {logging_mixin.py:188} INFO - [2024-01-17T15:13:32.054+0000] {dagbag.py:538} INFO - Filling up the DagBag from /home/airflow/.local/lib/python3.8/site-packages/airflow/example_dags/tutorial_dag.py
[2024-01-17T15:13:32.112+0000] {processor.py:840} INFO - DAG(s) 'tutorial_dag' retrieved from /home/airflow/.local/lib/python3.8/site-packages/airflow/example_dags/tutorial_dag.py
[2024-01-17T15:13:32.186+0000] {logging_mixin.py:188} INFO - [2024-01-17T15:13:32.185+0000] {dag.py:3033} INFO - Sync 1 DAGs
[2024-01-17T15:13:32.335+0000] {logging_mixin.py:188} INFO - [2024-01-17T15:13:32.319+0000] {dag.py:3820} INFO - Setting next_dagrun for tutorial_dag to None, run_after=None
[2024-01-17T15:13:32.426+0000] {processor.py:183} INFO - Processing /home/airflow/.local/lib/python3.8/site-packages/airflow/example_dags/tutorial_dag.py took 0.408 seconds
[2024-01-17T15:14:03.285+0000] {processor.py:161} INFO - Started process (PID=164) to work on /home/airflow/.local/lib/python3.8/site-packages/airflow/example_dags/tutorial_dag.py
[2024-01-17T15:14:03.289+0000] {processor.py:830} INFO - Processing file /home/airflow/.local/lib/python3.8/site-packages/airflow/example_dags/tutorial_dag.py for tasks to queue
[2024-01-17T15:14:03.300+0000] {logging_mixin.py:188} INFO - [2024-01-17T15:14:03.299+0000] {dagbag.py:538} INFO - Filling up the DagBag from /home/airflow/.local/lib/python3.8/site-packages/airflow/example_dags/tutorial_dag.py
[2024-01-17T15:14:03.314+0000] {processor.py:840} INFO - DAG(s) 'tutorial_dag' retrieved from /home/airflow/.local/lib/python3.8/site-packages/airflow/example_dags/tutorial_dag.py
[2024-01-17T15:14:03.455+0000] {logging_mixin.py:188} INFO - [2024-01-17T15:14:03.454+0000] {dag.py:3033} INFO - Sync 1 DAGs
[2024-01-17T15:14:03.473+0000] {logging_mixin.py:188} INFO - [2024-01-17T15:14:03.473+0000] {dag.py:3820} INFO - Setting next_dagrun for tutorial_dag to None, run_after=None
[2024-01-17T15:14:03.510+0000] {processor.py:183} INFO - Processing /home/airflow/.local/lib/python3.8/site-packages/airflow/example_dags/tutorial_dag.py took 0.245 seconds
[2024-01-17T15:14:34.214+0000] {processor.py:161} INFO - Started process (PID=218) to work on /home/airflow/.local/lib/python3.8/site-packages/airflow/example_dags/tutorial_dag.py
[2024-01-17T15:14:34.216+0000] {processor.py:830} INFO - Processing file /home/airflow/.local/lib/python3.8/site-packages/airflow/example_dags/tutorial_dag.py for tasks to queue
[2024-01-17T15:14:34.220+0000] {logging_mixin.py:188} INFO - [2024-01-17T15:14:34.218+0000] {dagbag.py:538} INFO - Filling up the DagBag from /home/airflow/.local/lib/python3.8/site-packages/airflow/example_dags/tutorial_dag.py
[2024-01-17T15:14:34.229+0000] {processor.py:840} INFO - DAG(s) 'tutorial_dag' retrieved from /home/airflow/.local/lib/python3.8/site-packages/airflow/example_dags/tutorial_dag.py
[2024-01-17T15:14:34.262+0000] {logging_mixin.py:188} INFO - [2024-01-17T15:14:34.261+0000] {dag.py:3033} INFO - Sync 1 DAGs
[2024-01-17T15:14:34.279+0000] {logging_mixin.py:188} INFO - [2024-01-17T15:14:34.279+0000] {dag.py:3820} INFO - Setting next_dagrun for tutorial_dag to None, run_after=None
[2024-01-17T15:14:34.308+0000] {processor.py:183} INFO - Processing /home/airflow/.local/lib/python3.8/site-packages/airflow/example_dags/tutorial_dag.py took 0.098 seconds
[2024-01-17T15:15:04.690+0000] {processor.py:161} INFO - Started process (PID=273) to work on /home/airflow/.local/lib/python3.8/site-packages/airflow/example_dags/tutorial_dag.py
[2024-01-17T15:15:04.691+0000] {processor.py:830} INFO - Processing file /home/airflow/.local/lib/python3.8/site-packages/airflow/example_dags/tutorial_dag.py for tasks to queue
[2024-01-17T15:15:04.694+0000] {logging_mixin.py:188} INFO - [2024-01-17T15:15:04.693+0000] {dagbag.py:538} INFO - Filling up the DagBag from /home/airflow/.local/lib/python3.8/site-packages/airflow/example_dags/tutorial_dag.py
[2024-01-17T15:15:04.703+0000] {processor.py:840} INFO - DAG(s) 'tutorial_dag' retrieved from /home/airflow/.local/lib/python3.8/site-packages/airflow/example_dags/tutorial_dag.py
[2024-01-17T15:15:04.737+0000] {logging_mixin.py:188} INFO - [2024-01-17T15:15:04.737+0000] {dag.py:3033} INFO - Sync 1 DAGs
[2024-01-17T15:15:04.770+0000] {logging_mixin.py:188} INFO - [2024-01-17T15:15:04.770+0000] {dag.py:3820} INFO - Setting next_dagrun for tutorial_dag to None, run_after=None
[2024-01-17T15:15:04.815+0000] {processor.py:183} INFO - Processing /home/airflow/.local/lib/python3.8/site-packages/airflow/example_dags/tutorial_dag.py took 0.129 seconds
[2024-01-17T15:15:35.408+0000] {processor.py:161} INFO - Started process (PID=327) to work on /home/airflow/.local/lib/python3.8/site-packages/airflow/example_dags/tutorial_dag.py
[2024-01-17T15:15:35.424+0000] {processor.py:830} INFO - Processing file /home/airflow/.local/lib/python3.8/site-packages/airflow/example_dags/tutorial_dag.py for tasks to queue
[2024-01-17T15:15:35.433+0000] {logging_mixin.py:188} INFO - [2024-01-17T15:15:35.432+0000] {dagbag.py:538} INFO - Filling up the DagBag from /home/airflow/.local/lib/python3.8/site-packages/airflow/example_dags/tutorial_dag.py
[2024-01-17T15:15:35.444+0000] {processor.py:840} INFO - DAG(s) 'tutorial_dag' retrieved from /home/airflow/.local/lib/python3.8/site-packages/airflow/example_dags/tutorial_dag.py
[2024-01-17T15:15:35.481+0000] {logging_mixin.py:188} INFO - [2024-01-17T15:15:35.481+0000] {dag.py:3033} INFO - Sync 1 DAGs
[2024-01-17T15:15:35.504+0000] {logging_mixin.py:188} INFO - [2024-01-17T15:15:35.504+0000] {dag.py:3820} INFO - Setting next_dagrun for tutorial_dag to None, run_after=None
[2024-01-17T15:15:35.566+0000] {processor.py:183} INFO - Processing /home/airflow/.local/lib/python3.8/site-packages/airflow/example_dags/tutorial_dag.py took 0.164 seconds
[2024-01-17T15:16:05.829+0000] {processor.py:161} INFO - Started process (PID=382) to work on /home/airflow/.local/lib/python3.8/site-packages/airflow/example_dags/tutorial_dag.py
[2024-01-17T15:16:05.831+0000] {processor.py:830} INFO - Processing file /home/airflow/.local/lib/python3.8/site-packages/airflow/example_dags/tutorial_dag.py for tasks to queue
[2024-01-17T15:16:05.834+0000] {logging_mixin.py:188} INFO - [2024-01-17T15:16:05.833+0000] {dagbag.py:538} INFO - Filling up the DagBag from /home/airflow/.local/lib/python3.8/site-packages/airflow/example_dags/tutorial_dag.py
[2024-01-17T15:16:05.843+0000] {processor.py:840} INFO - DAG(s) 'tutorial_dag' retrieved from /home/airflow/.local/lib/python3.8/site-packages/airflow/example_dags/tutorial_dag.py
[2024-01-17T15:16:05.874+0000] {logging_mixin.py:188} INFO - [2024-01-17T15:16:05.874+0000] {dag.py:3033} INFO - Sync 1 DAGs
[2024-01-17T15:16:05.898+0000] {logging_mixin.py:188} INFO - [2024-01-17T15:16:05.897+0000] {dag.py:3820} INFO - Setting next_dagrun for tutorial_dag to None, run_after=None
[2024-01-17T15:16:05.928+0000] {processor.py:183} INFO - Processing /home/airflow/.local/lib/python3.8/site-packages/airflow/example_dags/tutorial_dag.py took 0.108 seconds
[2024-01-17T15:16:36.570+0000] {processor.py:161} INFO - Started process (PID=437) to work on /home/airflow/.local/lib/python3.8/site-packages/airflow/example_dags/tutorial_dag.py
[2024-01-17T15:16:36.575+0000] {processor.py:830} INFO - Processing file /home/airflow/.local/lib/python3.8/site-packages/airflow/example_dags/tutorial_dag.py for tasks to queue
[2024-01-17T15:16:36.578+0000] {logging_mixin.py:188} INFO - [2024-01-17T15:16:36.578+0000] {dagbag.py:538} INFO - Filling up the DagBag from /home/airflow/.local/lib/python3.8/site-packages/airflow/example_dags/tutorial_dag.py
[2024-01-17T15:16:36.585+0000] {processor.py:840} INFO - DAG(s) 'tutorial_dag' retrieved from /home/airflow/.local/lib/python3.8/site-packages/airflow/example_dags/tutorial_dag.py
[2024-01-17T15:16:36.611+0000] {logging_mixin.py:188} INFO - [2024-01-17T15:16:36.611+0000] {dag.py:3033} INFO - Sync 1 DAGs
[2024-01-17T15:16:36.631+0000] {logging_mixin.py:188} INFO - [2024-01-17T15:16:36.630+0000] {dag.py:3820} INFO - Setting next_dagrun for tutorial_dag to None, run_after=None
[2024-01-17T15:16:36.660+0000] {processor.py:183} INFO - Processing /home/airflow/.local/lib/python3.8/site-packages/airflow/example_dags/tutorial_dag.py took 0.096 seconds
[2024-01-17T15:17:06.935+0000] {processor.py:161} INFO - Started process (PID=491) to work on /home/airflow/.local/lib/python3.8/site-packages/airflow/example_dags/tutorial_dag.py
[2024-01-17T15:17:06.937+0000] {processor.py:830} INFO - Processing file /home/airflow/.local/lib/python3.8/site-packages/airflow/example_dags/tutorial_dag.py for tasks to queue
[2024-01-17T15:17:06.940+0000] {logging_mixin.py:188} INFO - [2024-01-17T15:17:06.940+0000] {dagbag.py:538} INFO - Filling up the DagBag from /home/airflow/.local/lib/python3.8/site-packages/airflow/example_dags/tutorial_dag.py
[2024-01-17T15:17:06.947+0000] {processor.py:840} INFO - DAG(s) 'tutorial_dag' retrieved from /home/airflow/.local/lib/python3.8/site-packages/airflow/example_dags/tutorial_dag.py
[2024-01-17T15:17:06.975+0000] {logging_mixin.py:188} INFO - [2024-01-17T15:17:06.974+0000] {dag.py:3033} INFO - Sync 1 DAGs
[2024-01-17T15:17:06.994+0000] {logging_mixin.py:188} INFO - [2024-01-17T15:17:06.994+0000] {dag.py:3820} INFO - Setting next_dagrun for tutorial_dag to None, run_after=None
[2024-01-17T15:17:07.025+0000] {processor.py:183} INFO - Processing /home/airflow/.local/lib/python3.8/site-packages/airflow/example_dags/tutorial_dag.py took 0.099 seconds
[2024-01-17T15:17:37.256+0000] {processor.py:161} INFO - Started process (PID=546) to work on /home/airflow/.local/lib/python3.8/site-packages/airflow/example_dags/tutorial_dag.py
[2024-01-17T15:17:37.257+0000] {processor.py:830} INFO - Processing file /home/airflow/.local/lib/python3.8/site-packages/airflow/example_dags/tutorial_dag.py for tasks to queue
[2024-01-17T15:17:37.261+0000] {logging_mixin.py:188} INFO - [2024-01-17T15:17:37.261+0000] {dagbag.py:538} INFO - Filling up the DagBag from /home/airflow/.local/lib/python3.8/site-packages/airflow/example_dags/tutorial_dag.py
[2024-01-17T15:17:37.269+0000] {processor.py:840} INFO - DAG(s) 'tutorial_dag' retrieved from /home/airflow/.local/lib/python3.8/site-packages/airflow/example_dags/tutorial_dag.py
[2024-01-17T15:17:37.301+0000] {logging_mixin.py:188} INFO - [2024-01-17T15:17:37.301+0000] {dag.py:3033} INFO - Sync 1 DAGs
[2024-01-17T15:17:37.317+0000] {logging_mixin.py:188} INFO - [2024-01-17T15:17:37.317+0000] {dag.py:3820} INFO - Setting next_dagrun for tutorial_dag to None, run_after=None
[2024-01-17T15:17:37.342+0000] {processor.py:183} INFO - Processing /home/airflow/.local/lib/python3.8/site-packages/airflow/example_dags/tutorial_dag.py took 0.092 seconds
[2024-01-17T15:18:08.278+0000] {processor.py:161} INFO - Started process (PID=601) to work on /home/airflow/.local/lib/python3.8/site-packages/airflow/example_dags/tutorial_dag.py
[2024-01-17T15:18:08.279+0000] {processor.py:830} INFO - Processing file /home/airflow/.local/lib/python3.8/site-packages/airflow/example_dags/tutorial_dag.py for tasks to queue
[2024-01-17T15:18:08.284+0000] {logging_mixin.py:188} INFO - [2024-01-17T15:18:08.283+0000] {dagbag.py:538} INFO - Filling up the DagBag from /home/airflow/.local/lib/python3.8/site-packages/airflow/example_dags/tutorial_dag.py
[2024-01-17T15:18:08.293+0000] {processor.py:840} INFO - DAG(s) 'tutorial_dag' retrieved from /home/airflow/.local/lib/python3.8/site-packages/airflow/example_dags/tutorial_dag.py
[2024-01-17T15:18:08.330+0000] {logging_mixin.py:188} INFO - [2024-01-17T15:18:08.330+0000] {dag.py:3033} INFO - Sync 1 DAGs
[2024-01-17T15:18:08.352+0000] {logging_mixin.py:188} INFO - [2024-01-17T15:18:08.352+0000] {dag.py:3820} INFO - Setting next_dagrun for tutorial_dag to None, run_after=None
[2024-01-17T15:18:08.376+0000] {processor.py:183} INFO - Processing /home/airflow/.local/lib/python3.8/site-packages/airflow/example_dags/tutorial_dag.py took 0.105 seconds
[2024-01-17T15:18:38.637+0000] {processor.py:161} INFO - Started process (PID=656) to work on /home/airflow/.local/lib/python3.8/site-packages/airflow/example_dags/tutorial_dag.py
[2024-01-17T15:18:38.638+0000] {processor.py:830} INFO - Processing file /home/airflow/.local/lib/python3.8/site-packages/airflow/example_dags/tutorial_dag.py for tasks to queue
[2024-01-17T15:18:38.641+0000] {logging_mixin.py:188} INFO - [2024-01-17T15:18:38.641+0000] {dagbag.py:538} INFO - Filling up the DagBag from /home/airflow/.local/lib/python3.8/site-packages/airflow/example_dags/tutorial_dag.py
[2024-01-17T15:18:38.649+0000] {processor.py:840} INFO - DAG(s) 'tutorial_dag' retrieved from /home/airflow/.local/lib/python3.8/site-packages/airflow/example_dags/tutorial_dag.py
[2024-01-17T15:18:38.678+0000] {logging_mixin.py:188} INFO - [2024-01-17T15:18:38.678+0000] {dag.py:3033} INFO - Sync 1 DAGs
[2024-01-17T15:18:38.700+0000] {logging_mixin.py:188} INFO - [2024-01-17T15:18:38.700+0000] {dag.py:3820} INFO - Setting next_dagrun for tutorial_dag to None, run_after=None
[2024-01-17T15:18:38.732+0000] {processor.py:183} INFO - Processing /home/airflow/.local/lib/python3.8/site-packages/airflow/example_dags/tutorial_dag.py took 0.100 seconds
[2024-01-17T15:19:09.084+0000] {processor.py:161} INFO - Started process (PID=711) to work on /home/airflow/.local/lib/python3.8/site-packages/airflow/example_dags/tutorial_dag.py
[2024-01-17T15:19:09.089+0000] {processor.py:830} INFO - Processing file /home/airflow/.local/lib/python3.8/site-packages/airflow/example_dags/tutorial_dag.py for tasks to queue
[2024-01-17T15:19:09.099+0000] {logging_mixin.py:188} INFO - [2024-01-17T15:19:09.092+0000] {dagbag.py:538} INFO - Filling up the DagBag from /home/airflow/.local/lib/python3.8/site-packages/airflow/example_dags/tutorial_dag.py
[2024-01-17T15:19:09.149+0000] {processor.py:840} INFO - DAG(s) 'tutorial_dag' retrieved from /home/airflow/.local/lib/python3.8/site-packages/airflow/example_dags/tutorial_dag.py
[2024-01-17T15:19:09.650+0000] {logging_mixin.py:188} INFO - [2024-01-17T15:19:09.595+0000] {dag.py:3033} INFO - Sync 1 DAGs
[2024-01-17T15:19:09.746+0000] {logging_mixin.py:188} INFO - [2024-01-17T15:19:09.746+0000] {dag.py:3820} INFO - Setting next_dagrun for tutorial_dag to None, run_after=None
[2024-01-17T15:19:09.900+0000] {processor.py:183} INFO - Processing /home/airflow/.local/lib/python3.8/site-packages/airflow/example_dags/tutorial_dag.py took 0.890 seconds
[2024-01-17T15:19:40.271+0000] {processor.py:161} INFO - Started process (PID=766) to work on /home/airflow/.local/lib/python3.8/site-packages/airflow/example_dags/tutorial_dag.py
[2024-01-17T15:19:40.272+0000] {processor.py:830} INFO - Processing file /home/airflow/.local/lib/python3.8/site-packages/airflow/example_dags/tutorial_dag.py for tasks to queue
[2024-01-17T15:19:40.274+0000] {logging_mixin.py:188} INFO - [2024-01-17T15:19:40.274+0000] {dagbag.py:538} INFO - Filling up the DagBag from /home/airflow/.local/lib/python3.8/site-packages/airflow/example_dags/tutorial_dag.py
[2024-01-17T15:19:40.282+0000] {processor.py:840} INFO - DAG(s) 'tutorial_dag' retrieved from /home/airflow/.local/lib/python3.8/site-packages/airflow/example_dags/tutorial_dag.py
[2024-01-17T15:19:40.354+0000] {logging_mixin.py:188} INFO - [2024-01-17T15:19:40.353+0000] {dag.py:3033} INFO - Sync 1 DAGs
[2024-01-17T15:19:40.374+0000] {logging_mixin.py:188} INFO - [2024-01-17T15:19:40.374+0000] {dag.py:3820} INFO - Setting next_dagrun for tutorial_dag to None, run_after=None
[2024-01-17T15:19:40.415+0000] {processor.py:183} INFO - Processing /home/airflow/.local/lib/python3.8/site-packages/airflow/example_dags/tutorial_dag.py took 0.147 seconds
[2024-01-17T15:20:10.631+0000] {processor.py:161} INFO - Started process (PID=819) to work on /home/airflow/.local/lib/python3.8/site-packages/airflow/example_dags/tutorial_dag.py
[2024-01-17T15:20:10.634+0000] {processor.py:830} INFO - Processing file /home/airflow/.local/lib/python3.8/site-packages/airflow/example_dags/tutorial_dag.py for tasks to queue
[2024-01-17T15:20:10.646+0000] {logging_mixin.py:188} INFO - [2024-01-17T15:20:10.645+0000] {dagbag.py:538} INFO - Filling up the DagBag from /home/airflow/.local/lib/python3.8/site-packages/airflow/example_dags/tutorial_dag.py
[2024-01-17T15:20:10.671+0000] {processor.py:840} INFO - DAG(s) 'tutorial_dag' retrieved from /home/airflow/.local/lib/python3.8/site-packages/airflow/example_dags/tutorial_dag.py
[2024-01-17T15:20:10.760+0000] {logging_mixin.py:188} INFO - [2024-01-17T15:20:10.759+0000] {dag.py:3033} INFO - Sync 1 DAGs
[2024-01-17T15:20:10.806+0000] {logging_mixin.py:188} INFO - [2024-01-17T15:20:10.805+0000] {dag.py:3820} INFO - Setting next_dagrun for tutorial_dag to None, run_after=None
[2024-01-17T15:20:10.834+0000] {processor.py:183} INFO - Processing /home/airflow/.local/lib/python3.8/site-packages/airflow/example_dags/tutorial_dag.py took 0.218 seconds
[2024-01-17T15:20:41.265+0000] {processor.py:161} INFO - Started process (PID=873) to work on /home/airflow/.local/lib/python3.8/site-packages/airflow/example_dags/tutorial_dag.py
[2024-01-17T15:20:41.270+0000] {processor.py:830} INFO - Processing file /home/airflow/.local/lib/python3.8/site-packages/airflow/example_dags/tutorial_dag.py for tasks to queue
[2024-01-17T15:20:41.285+0000] {logging_mixin.py:188} INFO - [2024-01-17T15:20:41.283+0000] {dagbag.py:538} INFO - Filling up the DagBag from /home/airflow/.local/lib/python3.8/site-packages/airflow/example_dags/tutorial_dag.py
[2024-01-17T15:20:41.310+0000] {processor.py:840} INFO - DAG(s) 'tutorial_dag' retrieved from /home/airflow/.local/lib/python3.8/site-packages/airflow/example_dags/tutorial_dag.py
[2024-01-17T15:20:41.356+0000] {logging_mixin.py:188} INFO - [2024-01-17T15:20:41.356+0000] {dag.py:3033} INFO - Sync 1 DAGs
[2024-01-17T15:20:41.374+0000] {logging_mixin.py:188} INFO - [2024-01-17T15:20:41.374+0000] {dag.py:3820} INFO - Setting next_dagrun for tutorial_dag to None, run_after=None
[2024-01-17T15:20:41.403+0000] {processor.py:183} INFO - Processing /home/airflow/.local/lib/python3.8/site-packages/airflow/example_dags/tutorial_dag.py took 0.156 seconds
[2024-01-17T15:21:11.637+0000] {processor.py:161} INFO - Started process (PID=928) to work on /home/airflow/.local/lib/python3.8/site-packages/airflow/example_dags/tutorial_dag.py
[2024-01-17T15:21:11.638+0000] {processor.py:830} INFO - Processing file /home/airflow/.local/lib/python3.8/site-packages/airflow/example_dags/tutorial_dag.py for tasks to queue
[2024-01-17T15:21:11.641+0000] {logging_mixin.py:188} INFO - [2024-01-17T15:21:11.640+0000] {dagbag.py:538} INFO - Filling up the DagBag from /home/airflow/.local/lib/python3.8/site-packages/airflow/example_dags/tutorial_dag.py
[2024-01-17T15:21:11.651+0000] {processor.py:840} INFO - DAG(s) 'tutorial_dag' retrieved from /home/airflow/.local/lib/python3.8/site-packages/airflow/example_dags/tutorial_dag.py
[2024-01-17T15:21:11.688+0000] {logging_mixin.py:188} INFO - [2024-01-17T15:21:11.688+0000] {dag.py:3033} INFO - Sync 1 DAGs
[2024-01-17T15:21:11.718+0000] {logging_mixin.py:188} INFO - [2024-01-17T15:21:11.717+0000] {dag.py:3820} INFO - Setting next_dagrun for tutorial_dag to None, run_after=None
[2024-01-17T15:21:11.767+0000] {processor.py:183} INFO - Processing /home/airflow/.local/lib/python3.8/site-packages/airflow/example_dags/tutorial_dag.py took 0.135 seconds
[2024-01-17T15:21:42.367+0000] {processor.py:161} INFO - Started process (PID=982) to work on /home/airflow/.local/lib/python3.8/site-packages/airflow/example_dags/tutorial_dag.py
[2024-01-17T15:21:42.369+0000] {processor.py:830} INFO - Processing file /home/airflow/.local/lib/python3.8/site-packages/airflow/example_dags/tutorial_dag.py for tasks to queue
[2024-01-17T15:21:42.403+0000] {logging_mixin.py:188} INFO - [2024-01-17T15:21:42.381+0000] {dagbag.py:538} INFO - Filling up the DagBag from /home/airflow/.local/lib/python3.8/site-packages/airflow/example_dags/tutorial_dag.py
[2024-01-17T15:21:42.441+0000] {processor.py:840} INFO - DAG(s) 'tutorial_dag' retrieved from /home/airflow/.local/lib/python3.8/site-packages/airflow/example_dags/tutorial_dag.py
[2024-01-17T15:21:42.549+0000] {logging_mixin.py:188} INFO - [2024-01-17T15:21:42.549+0000] {dag.py:3033} INFO - Sync 1 DAGs
[2024-01-17T15:21:42.583+0000] {logging_mixin.py:188} INFO - [2024-01-17T15:21:42.582+0000] {dag.py:3820} INFO - Setting next_dagrun for tutorial_dag to None, run_after=None
[2024-01-17T15:21:42.630+0000] {processor.py:183} INFO - Processing /home/airflow/.local/lib/python3.8/site-packages/airflow/example_dags/tutorial_dag.py took 0.286 seconds
[2024-01-17T15:22:13.055+0000] {processor.py:161} INFO - Started process (PID=1036) to work on /home/airflow/.local/lib/python3.8/site-packages/airflow/example_dags/tutorial_dag.py
[2024-01-17T15:22:13.057+0000] {processor.py:830} INFO - Processing file /home/airflow/.local/lib/python3.8/site-packages/airflow/example_dags/tutorial_dag.py for tasks to queue
[2024-01-17T15:22:13.062+0000] {logging_mixin.py:188} INFO - [2024-01-17T15:22:13.061+0000] {dagbag.py:538} INFO - Filling up the DagBag from /home/airflow/.local/lib/python3.8/site-packages/airflow/example_dags/tutorial_dag.py
[2024-01-17T15:22:13.126+0000] {processor.py:840} INFO - DAG(s) 'tutorial_dag' retrieved from /home/airflow/.local/lib/python3.8/site-packages/airflow/example_dags/tutorial_dag.py
[2024-01-17T15:22:13.348+0000] {logging_mixin.py:188} INFO - [2024-01-17T15:22:13.348+0000] {dag.py:3033} INFO - Sync 1 DAGs
[2024-01-17T15:22:13.460+0000] {logging_mixin.py:188} INFO - [2024-01-17T15:22:13.460+0000] {dag.py:3820} INFO - Setting next_dagrun for tutorial_dag to None, run_after=None
[2024-01-17T15:22:13.595+0000] {processor.py:183} INFO - Processing /home/airflow/.local/lib/python3.8/site-packages/airflow/example_dags/tutorial_dag.py took 0.546 seconds
[2024-01-17T15:25:11.567+0000] {processor.py:161} INFO - Started process (PID=46) to work on /home/airflow/.local/lib/python3.8/site-packages/airflow/example_dags/tutorial_dag.py
[2024-01-17T15:25:11.633+0000] {processor.py:830} INFO - Processing file /home/airflow/.local/lib/python3.8/site-packages/airflow/example_dags/tutorial_dag.py for tasks to queue
[2024-01-17T15:25:11.635+0000] {logging_mixin.py:188} INFO - [2024-01-17T15:25:11.635+0000] {dagbag.py:538} INFO - Filling up the DagBag from /home/airflow/.local/lib/python3.8/site-packages/airflow/example_dags/tutorial_dag.py
[2024-01-17T15:25:11.644+0000] {processor.py:840} INFO - DAG(s) 'tutorial_dag' retrieved from /home/airflow/.local/lib/python3.8/site-packages/airflow/example_dags/tutorial_dag.py
[2024-01-17T15:25:11.694+0000] {logging_mixin.py:188} INFO - [2024-01-17T15:25:11.694+0000] {dag.py:3033} INFO - Sync 1 DAGs
[2024-01-17T15:25:11.943+0000] {logging_mixin.py:188} INFO - [2024-01-17T15:25:11.943+0000] {dag.py:3820} INFO - Setting next_dagrun for tutorial_dag to None, run_after=None
[2024-01-17T15:25:12.403+0000] {processor.py:183} INFO - Processing /home/airflow/.local/lib/python3.8/site-packages/airflow/example_dags/tutorial_dag.py took 0.841 seconds
[2024-01-17T15:25:42.920+0000] {processor.py:161} INFO - Started process (PID=101) to work on /home/airflow/.local/lib/python3.8/site-packages/airflow/example_dags/tutorial_dag.py
[2024-01-17T15:25:42.922+0000] {processor.py:830} INFO - Processing file /home/airflow/.local/lib/python3.8/site-packages/airflow/example_dags/tutorial_dag.py for tasks to queue
[2024-01-17T15:25:42.925+0000] {logging_mixin.py:188} INFO - [2024-01-17T15:25:42.925+0000] {dagbag.py:538} INFO - Filling up the DagBag from /home/airflow/.local/lib/python3.8/site-packages/airflow/example_dags/tutorial_dag.py
[2024-01-17T15:25:42.936+0000] {processor.py:840} INFO - DAG(s) 'tutorial_dag' retrieved from /home/airflow/.local/lib/python3.8/site-packages/airflow/example_dags/tutorial_dag.py
[2024-01-17T15:25:42.968+0000] {logging_mixin.py:188} INFO - [2024-01-17T15:25:42.968+0000] {dag.py:3033} INFO - Sync 1 DAGs
[2024-01-17T15:25:43.014+0000] {logging_mixin.py:188} INFO - [2024-01-17T15:25:43.013+0000] {dag.py:3820} INFO - Setting next_dagrun for tutorial_dag to None, run_after=None
[2024-01-17T15:25:43.133+0000] {processor.py:183} INFO - Processing /home/airflow/.local/lib/python3.8/site-packages/airflow/example_dags/tutorial_dag.py took 0.217 seconds
[2024-01-17T15:26:13.744+0000] {processor.py:161} INFO - Started process (PID=157) to work on /home/airflow/.local/lib/python3.8/site-packages/airflow/example_dags/tutorial_dag.py
[2024-01-17T15:26:13.747+0000] {processor.py:830} INFO - Processing file /home/airflow/.local/lib/python3.8/site-packages/airflow/example_dags/tutorial_dag.py for tasks to queue
[2024-01-17T15:26:13.750+0000] {logging_mixin.py:188} INFO - [2024-01-17T15:26:13.749+0000] {dagbag.py:538} INFO - Filling up the DagBag from /home/airflow/.local/lib/python3.8/site-packages/airflow/example_dags/tutorial_dag.py
[2024-01-17T15:26:13.758+0000] {processor.py:840} INFO - DAG(s) 'tutorial_dag' retrieved from /home/airflow/.local/lib/python3.8/site-packages/airflow/example_dags/tutorial_dag.py
[2024-01-17T15:26:13.854+0000] {logging_mixin.py:188} INFO - [2024-01-17T15:26:13.854+0000] {dag.py:3033} INFO - Sync 1 DAGs
[2024-01-17T15:26:13.907+0000] {logging_mixin.py:188} INFO - [2024-01-17T15:26:13.907+0000] {dag.py:3820} INFO - Setting next_dagrun for tutorial_dag to None, run_after=None
[2024-01-17T15:26:13.992+0000] {processor.py:183} INFO - Processing /home/airflow/.local/lib/python3.8/site-packages/airflow/example_dags/tutorial_dag.py took 0.253 seconds
[2024-01-17T15:26:44.140+0000] {processor.py:161} INFO - Started process (PID=213) to work on /home/airflow/.local/lib/python3.8/site-packages/airflow/example_dags/tutorial_dag.py
[2024-01-17T15:26:44.148+0000] {processor.py:830} INFO - Processing file /home/airflow/.local/lib/python3.8/site-packages/airflow/example_dags/tutorial_dag.py for tasks to queue
[2024-01-17T15:26:44.151+0000] {logging_mixin.py:188} INFO - [2024-01-17T15:26:44.151+0000] {dagbag.py:538} INFO - Filling up the DagBag from /home/airflow/.local/lib/python3.8/site-packages/airflow/example_dags/tutorial_dag.py
[2024-01-17T15:26:44.168+0000] {processor.py:840} INFO - DAG(s) 'tutorial_dag' retrieved from /home/airflow/.local/lib/python3.8/site-packages/airflow/example_dags/tutorial_dag.py
[2024-01-17T15:26:44.241+0000] {logging_mixin.py:188} INFO - [2024-01-17T15:26:44.240+0000] {dag.py:3033} INFO - Sync 1 DAGs
[2024-01-17T15:26:44.288+0000] {logging_mixin.py:188} INFO - [2024-01-17T15:26:44.287+0000] {dag.py:3820} INFO - Setting next_dagrun for tutorial_dag to None, run_after=None
[2024-01-17T15:26:44.368+0000] {processor.py:183} INFO - Processing /home/airflow/.local/lib/python3.8/site-packages/airflow/example_dags/tutorial_dag.py took 0.233 seconds
[2024-01-17T15:27:14.843+0000] {processor.py:161} INFO - Started process (PID=268) to work on /home/airflow/.local/lib/python3.8/site-packages/airflow/example_dags/tutorial_dag.py
[2024-01-17T15:27:14.846+0000] {processor.py:830} INFO - Processing file /home/airflow/.local/lib/python3.8/site-packages/airflow/example_dags/tutorial_dag.py for tasks to queue
[2024-01-17T15:27:14.850+0000] {logging_mixin.py:188} INFO - [2024-01-17T15:27:14.849+0000] {dagbag.py:538} INFO - Filling up the DagBag from /home/airflow/.local/lib/python3.8/site-packages/airflow/example_dags/tutorial_dag.py
[2024-01-17T15:27:14.863+0000] {processor.py:840} INFO - DAG(s) 'tutorial_dag' retrieved from /home/airflow/.local/lib/python3.8/site-packages/airflow/example_dags/tutorial_dag.py
[2024-01-17T15:27:14.933+0000] {logging_mixin.py:188} INFO - [2024-01-17T15:27:14.932+0000] {dag.py:3033} INFO - Sync 1 DAGs
[2024-01-17T15:27:14.983+0000] {logging_mixin.py:188} INFO - [2024-01-17T15:27:14.983+0000] {dag.py:3820} INFO - Setting next_dagrun for tutorial_dag to None, run_after=None
[2024-01-17T15:27:15.124+0000] {processor.py:183} INFO - Processing /home/airflow/.local/lib/python3.8/site-packages/airflow/example_dags/tutorial_dag.py took 0.290 seconds
[2024-01-17T15:27:47.679+0000] {processor.py:161} INFO - Started process (PID=323) to work on /home/airflow/.local/lib/python3.8/site-packages/airflow/example_dags/tutorial_dag.py
[2024-01-17T15:27:47.719+0000] {processor.py:830} INFO - Processing file /home/airflow/.local/lib/python3.8/site-packages/airflow/example_dags/tutorial_dag.py for tasks to queue
[2024-01-17T15:27:47.726+0000] {logging_mixin.py:188} INFO - [2024-01-17T15:27:47.725+0000] {dagbag.py:538} INFO - Filling up the DagBag from /home/airflow/.local/lib/python3.8/site-packages/airflow/example_dags/tutorial_dag.py
[2024-01-17T15:27:47.733+0000] {processor.py:840} INFO - DAG(s) 'tutorial_dag' retrieved from /home/airflow/.local/lib/python3.8/site-packages/airflow/example_dags/tutorial_dag.py
[2024-01-17T15:27:47.797+0000] {logging_mixin.py:188} INFO - [2024-01-17T15:27:47.797+0000] {dag.py:3033} INFO - Sync 1 DAGs
[2024-01-17T15:27:47.854+0000] {logging_mixin.py:188} INFO - [2024-01-17T15:27:47.854+0000] {dag.py:3820} INFO - Setting next_dagrun for tutorial_dag to None, run_after=None
[2024-01-17T15:27:48.021+0000] {processor.py:183} INFO - Processing /home/airflow/.local/lib/python3.8/site-packages/airflow/example_dags/tutorial_dag.py took 0.346 seconds
[2024-01-17T15:28:18.834+0000] {processor.py:161} INFO - Started process (PID=378) to work on /home/airflow/.local/lib/python3.8/site-packages/airflow/example_dags/tutorial_dag.py
[2024-01-17T15:28:18.883+0000] {processor.py:830} INFO - Processing file /home/airflow/.local/lib/python3.8/site-packages/airflow/example_dags/tutorial_dag.py for tasks to queue
[2024-01-17T15:28:18.889+0000] {logging_mixin.py:188} INFO - [2024-01-17T15:28:18.888+0000] {dagbag.py:538} INFO - Filling up the DagBag from /home/airflow/.local/lib/python3.8/site-packages/airflow/example_dags/tutorial_dag.py
[2024-01-17T15:28:18.905+0000] {processor.py:840} INFO - DAG(s) 'tutorial_dag' retrieved from /home/airflow/.local/lib/python3.8/site-packages/airflow/example_dags/tutorial_dag.py
[2024-01-17T15:28:18.935+0000] {logging_mixin.py:188} INFO - [2024-01-17T15:28:18.923+0000] {dag.py:3033} INFO - Sync 1 DAGs
[2024-01-17T15:28:18.994+0000] {logging_mixin.py:188} INFO - [2024-01-17T15:28:18.994+0000] {dag.py:3820} INFO - Setting next_dagrun for tutorial_dag to None, run_after=None
[2024-01-17T15:28:19.077+0000] {processor.py:183} INFO - Processing /home/airflow/.local/lib/python3.8/site-packages/airflow/example_dags/tutorial_dag.py took 0.249 seconds
[2024-01-17T15:28:49.159+0000] {processor.py:161} INFO - Started process (PID=434) to work on /home/airflow/.local/lib/python3.8/site-packages/airflow/example_dags/tutorial_dag.py
[2024-01-17T15:28:49.160+0000] {processor.py:830} INFO - Processing file /home/airflow/.local/lib/python3.8/site-packages/airflow/example_dags/tutorial_dag.py for tasks to queue
[2024-01-17T15:28:49.164+0000] {logging_mixin.py:188} INFO - [2024-01-17T15:28:49.163+0000] {dagbag.py:538} INFO - Filling up the DagBag from /home/airflow/.local/lib/python3.8/site-packages/airflow/example_dags/tutorial_dag.py
[2024-01-17T15:28:49.169+0000] {processor.py:840} INFO - DAG(s) 'tutorial_dag' retrieved from /home/airflow/.local/lib/python3.8/site-packages/airflow/example_dags/tutorial_dag.py
[2024-01-17T15:28:49.339+0000] {logging_mixin.py:188} INFO - [2024-01-17T15:28:49.338+0000] {dag.py:3033} INFO - Sync 1 DAGs
[2024-01-17T15:28:49.356+0000] {logging_mixin.py:188} INFO - [2024-01-17T15:28:49.356+0000] {dag.py:3820} INFO - Setting next_dagrun for tutorial_dag to None, run_after=None
[2024-01-17T15:28:49.390+0000] {processor.py:183} INFO - Processing /home/airflow/.local/lib/python3.8/site-packages/airflow/example_dags/tutorial_dag.py took 0.235 seconds
[2024-01-17T15:29:19.485+0000] {processor.py:161} INFO - Started process (PID=490) to work on /home/airflow/.local/lib/python3.8/site-packages/airflow/example_dags/tutorial_dag.py
[2024-01-17T15:29:19.485+0000] {processor.py:830} INFO - Processing file /home/airflow/.local/lib/python3.8/site-packages/airflow/example_dags/tutorial_dag.py for tasks to queue
[2024-01-17T15:29:19.488+0000] {logging_mixin.py:188} INFO - [2024-01-17T15:29:19.487+0000] {dagbag.py:538} INFO - Filling up the DagBag from /home/airflow/.local/lib/python3.8/site-packages/airflow/example_dags/tutorial_dag.py
[2024-01-17T15:29:19.494+0000] {processor.py:840} INFO - DAG(s) 'tutorial_dag' retrieved from /home/airflow/.local/lib/python3.8/site-packages/airflow/example_dags/tutorial_dag.py
[2024-01-17T15:29:19.522+0000] {logging_mixin.py:188} INFO - [2024-01-17T15:29:19.522+0000] {dag.py:3033} INFO - Sync 1 DAGs
[2024-01-17T15:29:19.542+0000] {logging_mixin.py:188} INFO - [2024-01-17T15:29:19.541+0000] {dag.py:3820} INFO - Setting next_dagrun for tutorial_dag to None, run_after=None
[2024-01-17T15:29:19.575+0000] {processor.py:183} INFO - Processing /home/airflow/.local/lib/python3.8/site-packages/airflow/example_dags/tutorial_dag.py took 0.094 seconds
[2024-01-17T15:29:59.815+0000] {processor.py:161} INFO - Started process (PID=512) to work on /home/airflow/.local/lib/python3.8/site-packages/airflow/example_dags/tutorial_dag.py
[2024-01-17T15:29:59.870+0000] {processor.py:830} INFO - Processing file /home/airflow/.local/lib/python3.8/site-packages/airflow/example_dags/tutorial_dag.py for tasks to queue
[2024-01-17T15:29:59.878+0000] {logging_mixin.py:188} INFO - [2024-01-17T15:29:59.877+0000] {dagbag.py:538} INFO - Filling up the DagBag from /home/airflow/.local/lib/python3.8/site-packages/airflow/example_dags/tutorial_dag.py
[2024-01-17T15:29:59.902+0000] {processor.py:840} INFO - DAG(s) 'tutorial_dag' retrieved from /home/airflow/.local/lib/python3.8/site-packages/airflow/example_dags/tutorial_dag.py
[2024-01-17T15:29:59.984+0000] {logging_mixin.py:188} INFO - [2024-01-17T15:29:59.983+0000] {dag.py:3033} INFO - Sync 1 DAGs
[2024-01-17T15:30:00.008+0000] {logging_mixin.py:188} INFO - [2024-01-17T15:30:00.008+0000] {dag.py:3820} INFO - Setting next_dagrun for tutorial_dag to None, run_after=None
[2024-01-17T15:30:00.059+0000] {processor.py:183} INFO - Processing /home/airflow/.local/lib/python3.8/site-packages/airflow/example_dags/tutorial_dag.py took 0.249 seconds
[2024-01-17T15:30:30.617+0000] {processor.py:161} INFO - Started process (PID=567) to work on /home/airflow/.local/lib/python3.8/site-packages/airflow/example_dags/tutorial_dag.py
[2024-01-17T15:30:30.618+0000] {processor.py:830} INFO - Processing file /home/airflow/.local/lib/python3.8/site-packages/airflow/example_dags/tutorial_dag.py for tasks to queue
[2024-01-17T15:30:30.629+0000] {logging_mixin.py:188} INFO - [2024-01-17T15:30:30.628+0000] {dagbag.py:538} INFO - Filling up the DagBag from /home/airflow/.local/lib/python3.8/site-packages/airflow/example_dags/tutorial_dag.py
[2024-01-17T15:30:30.644+0000] {processor.py:840} INFO - DAG(s) 'tutorial_dag' retrieved from /home/airflow/.local/lib/python3.8/site-packages/airflow/example_dags/tutorial_dag.py
[2024-01-17T15:30:30.749+0000] {logging_mixin.py:188} INFO - [2024-01-17T15:30:30.748+0000] {dag.py:3033} INFO - Sync 1 DAGs
[2024-01-17T15:30:30.815+0000] {logging_mixin.py:188} INFO - [2024-01-17T15:30:30.815+0000] {dag.py:3820} INFO - Setting next_dagrun for tutorial_dag to None, run_after=None
[2024-01-17T15:30:30.894+0000] {processor.py:183} INFO - Processing /home/airflow/.local/lib/python3.8/site-packages/airflow/example_dags/tutorial_dag.py took 0.286 seconds
[2024-01-17T15:31:01.024+0000] {processor.py:161} INFO - Started process (PID=623) to work on /home/airflow/.local/lib/python3.8/site-packages/airflow/example_dags/tutorial_dag.py
[2024-01-17T15:31:01.025+0000] {processor.py:830} INFO - Processing file /home/airflow/.local/lib/python3.8/site-packages/airflow/example_dags/tutorial_dag.py for tasks to queue
[2024-01-17T15:31:01.027+0000] {logging_mixin.py:188} INFO - [2024-01-17T15:31:01.026+0000] {dagbag.py:538} INFO - Filling up the DagBag from /home/airflow/.local/lib/python3.8/site-packages/airflow/example_dags/tutorial_dag.py
[2024-01-17T15:31:01.032+0000] {processor.py:840} INFO - DAG(s) 'tutorial_dag' retrieved from /home/airflow/.local/lib/python3.8/site-packages/airflow/example_dags/tutorial_dag.py
[2024-01-17T15:31:01.056+0000] {logging_mixin.py:188} INFO - [2024-01-17T15:31:01.056+0000] {dag.py:3033} INFO - Sync 1 DAGs
[2024-01-17T15:31:01.074+0000] {logging_mixin.py:188} INFO - [2024-01-17T15:31:01.073+0000] {dag.py:3820} INFO - Setting next_dagrun for tutorial_dag to None, run_after=None
[2024-01-17T15:31:01.097+0000] {processor.py:183} INFO - Processing /home/airflow/.local/lib/python3.8/site-packages/airflow/example_dags/tutorial_dag.py took 0.077 seconds
[2024-01-17T15:31:31.375+0000] {processor.py:161} INFO - Started process (PID=678) to work on /home/airflow/.local/lib/python3.8/site-packages/airflow/example_dags/tutorial_dag.py
[2024-01-17T15:31:31.376+0000] {processor.py:830} INFO - Processing file /home/airflow/.local/lib/python3.8/site-packages/airflow/example_dags/tutorial_dag.py for tasks to queue
[2024-01-17T15:31:31.379+0000] {logging_mixin.py:188} INFO - [2024-01-17T15:31:31.378+0000] {dagbag.py:538} INFO - Filling up the DagBag from /home/airflow/.local/lib/python3.8/site-packages/airflow/example_dags/tutorial_dag.py
[2024-01-17T15:31:31.385+0000] {processor.py:840} INFO - DAG(s) 'tutorial_dag' retrieved from /home/airflow/.local/lib/python3.8/site-packages/airflow/example_dags/tutorial_dag.py
[2024-01-17T15:31:31.407+0000] {logging_mixin.py:188} INFO - [2024-01-17T15:31:31.407+0000] {dag.py:3033} INFO - Sync 1 DAGs
[2024-01-17T15:31:31.428+0000] {logging_mixin.py:188} INFO - [2024-01-17T15:31:31.427+0000] {dag.py:3820} INFO - Setting next_dagrun for tutorial_dag to None, run_after=None
[2024-01-17T15:31:31.461+0000] {processor.py:183} INFO - Processing /home/airflow/.local/lib/python3.8/site-packages/airflow/example_dags/tutorial_dag.py took 0.092 seconds
