[2024-01-17T15:13:08.490+0000] {processor.py:161} INFO - Started process (PID=72) to work on /home/airflow/.local/lib/python3.8/site-packages/airflow/example_dags/tutorial.py
[2024-01-17T15:13:08.491+0000] {processor.py:830} INFO - Processing file /home/airflow/.local/lib/python3.8/site-packages/airflow/example_dags/tutorial.py for tasks to queue
[2024-01-17T15:13:08.494+0000] {logging_mixin.py:188} INFO - [2024-01-17T15:13:08.493+0000] {dagbag.py:538} INFO - Filling up the DagBag from /home/airflow/.local/lib/python3.8/site-packages/airflow/example_dags/tutorial.py
[2024-01-17T15:13:08.535+0000] {processor.py:840} INFO - DAG(s) 'tutorial' retrieved from /home/airflow/.local/lib/python3.8/site-packages/airflow/example_dags/tutorial.py
[2024-01-17T15:13:09.064+0000] {logging_mixin.py:188} INFO - [2024-01-17T15:13:09.063+0000] {dag.py:3033} INFO - Sync 1 DAGs
[2024-01-17T15:13:09.106+0000] {logging_mixin.py:188} INFO - [2024-01-17T15:13:09.106+0000] {dag.py:3820} INFO - Setting next_dagrun for tutorial to 2024-01-16T00:00:00+00:00, run_after=2024-01-17T00:00:00+00:00
[2024-01-17T15:13:09.415+0000] {processor.py:183} INFO - Processing /home/airflow/.local/lib/python3.8/site-packages/airflow/example_dags/tutorial.py took 0.930 seconds
[2024-01-17T15:13:40.340+0000] {processor.py:161} INFO - Started process (PID=127) to work on /home/airflow/.local/lib/python3.8/site-packages/airflow/example_dags/tutorial.py
[2024-01-17T15:13:40.342+0000] {processor.py:830} INFO - Processing file /home/airflow/.local/lib/python3.8/site-packages/airflow/example_dags/tutorial.py for tasks to queue
[2024-01-17T15:13:40.347+0000] {logging_mixin.py:188} INFO - [2024-01-17T15:13:40.347+0000] {dagbag.py:538} INFO - Filling up the DagBag from /home/airflow/.local/lib/python3.8/site-packages/airflow/example_dags/tutorial.py
[2024-01-17T15:13:40.364+0000] {processor.py:840} INFO - DAG(s) 'tutorial' retrieved from /home/airflow/.local/lib/python3.8/site-packages/airflow/example_dags/tutorial.py
[2024-01-17T15:13:40.441+0000] {logging_mixin.py:188} INFO - [2024-01-17T15:13:40.441+0000] {dag.py:3033} INFO - Sync 1 DAGs
[2024-01-17T15:13:40.547+0000] {logging_mixin.py:188} INFO - [2024-01-17T15:13:40.546+0000] {dag.py:3820} INFO - Setting next_dagrun for tutorial to 2024-01-16T00:00:00+00:00, run_after=2024-01-17T00:00:00+00:00
[2024-01-17T15:13:40.616+0000] {processor.py:183} INFO - Processing /home/airflow/.local/lib/python3.8/site-packages/airflow/example_dags/tutorial.py took 0.285 seconds
[2024-01-17T15:14:10.740+0000] {processor.py:161} INFO - Started process (PID=182) to work on /home/airflow/.local/lib/python3.8/site-packages/airflow/example_dags/tutorial.py
[2024-01-17T15:14:10.745+0000] {processor.py:830} INFO - Processing file /home/airflow/.local/lib/python3.8/site-packages/airflow/example_dags/tutorial.py for tasks to queue
[2024-01-17T15:14:10.752+0000] {logging_mixin.py:188} INFO - [2024-01-17T15:14:10.751+0000] {dagbag.py:538} INFO - Filling up the DagBag from /home/airflow/.local/lib/python3.8/site-packages/airflow/example_dags/tutorial.py
[2024-01-17T15:14:10.767+0000] {processor.py:840} INFO - DAG(s) 'tutorial' retrieved from /home/airflow/.local/lib/python3.8/site-packages/airflow/example_dags/tutorial.py
[2024-01-17T15:14:10.959+0000] {logging_mixin.py:188} INFO - [2024-01-17T15:14:10.958+0000] {dag.py:3033} INFO - Sync 1 DAGs
[2024-01-17T15:14:10.992+0000] {logging_mixin.py:188} INFO - [2024-01-17T15:14:10.991+0000] {dag.py:3820} INFO - Setting next_dagrun for tutorial to 2024-01-16T00:00:00+00:00, run_after=2024-01-17T00:00:00+00:00
[2024-01-17T15:14:11.024+0000] {processor.py:183} INFO - Processing /home/airflow/.local/lib/python3.8/site-packages/airflow/example_dags/tutorial.py took 0.306 seconds
[2024-01-17T15:14:41.954+0000] {processor.py:161} INFO - Started process (PID=236) to work on /home/airflow/.local/lib/python3.8/site-packages/airflow/example_dags/tutorial.py
[2024-01-17T15:14:41.956+0000] {processor.py:830} INFO - Processing file /home/airflow/.local/lib/python3.8/site-packages/airflow/example_dags/tutorial.py for tasks to queue
[2024-01-17T15:14:41.962+0000] {logging_mixin.py:188} INFO - [2024-01-17T15:14:41.960+0000] {dagbag.py:538} INFO - Filling up the DagBag from /home/airflow/.local/lib/python3.8/site-packages/airflow/example_dags/tutorial.py
[2024-01-17T15:14:41.982+0000] {processor.py:840} INFO - DAG(s) 'tutorial' retrieved from /home/airflow/.local/lib/python3.8/site-packages/airflow/example_dags/tutorial.py
[2024-01-17T15:14:42.042+0000] {logging_mixin.py:188} INFO - [2024-01-17T15:14:42.041+0000] {dag.py:3033} INFO - Sync 1 DAGs
[2024-01-17T15:14:42.090+0000] {logging_mixin.py:188} INFO - [2024-01-17T15:14:42.090+0000] {dag.py:3820} INFO - Setting next_dagrun for tutorial to 2024-01-16T00:00:00+00:00, run_after=2024-01-17T00:00:00+00:00
[2024-01-17T15:14:42.126+0000] {processor.py:183} INFO - Processing /home/airflow/.local/lib/python3.8/site-packages/airflow/example_dags/tutorial.py took 0.178 seconds
[2024-01-17T15:15:12.628+0000] {processor.py:161} INFO - Started process (PID=291) to work on /home/airflow/.local/lib/python3.8/site-packages/airflow/example_dags/tutorial.py
[2024-01-17T15:15:12.629+0000] {processor.py:830} INFO - Processing file /home/airflow/.local/lib/python3.8/site-packages/airflow/example_dags/tutorial.py for tasks to queue
[2024-01-17T15:15:12.634+0000] {logging_mixin.py:188} INFO - [2024-01-17T15:15:12.633+0000] {dagbag.py:538} INFO - Filling up the DagBag from /home/airflow/.local/lib/python3.8/site-packages/airflow/example_dags/tutorial.py
[2024-01-17T15:15:12.647+0000] {processor.py:840} INFO - DAG(s) 'tutorial' retrieved from /home/airflow/.local/lib/python3.8/site-packages/airflow/example_dags/tutorial.py
[2024-01-17T15:15:12.689+0000] {logging_mixin.py:188} INFO - [2024-01-17T15:15:12.689+0000] {dag.py:3033} INFO - Sync 1 DAGs
[2024-01-17T15:15:12.731+0000] {logging_mixin.py:188} INFO - [2024-01-17T15:15:12.731+0000] {dag.py:3820} INFO - Setting next_dagrun for tutorial to 2024-01-16T00:00:00+00:00, run_after=2024-01-17T00:00:00+00:00
[2024-01-17T15:15:12.800+0000] {processor.py:183} INFO - Processing /home/airflow/.local/lib/python3.8/site-packages/airflow/example_dags/tutorial.py took 0.178 seconds
[2024-01-17T15:15:43.574+0000] {processor.py:161} INFO - Started process (PID=345) to work on /home/airflow/.local/lib/python3.8/site-packages/airflow/example_dags/tutorial.py
[2024-01-17T15:15:43.579+0000] {processor.py:830} INFO - Processing file /home/airflow/.local/lib/python3.8/site-packages/airflow/example_dags/tutorial.py for tasks to queue
[2024-01-17T15:15:43.584+0000] {logging_mixin.py:188} INFO - [2024-01-17T15:15:43.583+0000] {dagbag.py:538} INFO - Filling up the DagBag from /home/airflow/.local/lib/python3.8/site-packages/airflow/example_dags/tutorial.py
[2024-01-17T15:15:43.594+0000] {processor.py:840} INFO - DAG(s) 'tutorial' retrieved from /home/airflow/.local/lib/python3.8/site-packages/airflow/example_dags/tutorial.py
[2024-01-17T15:15:43.634+0000] {logging_mixin.py:188} INFO - [2024-01-17T15:15:43.634+0000] {dag.py:3033} INFO - Sync 1 DAGs
[2024-01-17T15:15:43.681+0000] {logging_mixin.py:188} INFO - [2024-01-17T15:15:43.680+0000] {dag.py:3820} INFO - Setting next_dagrun for tutorial to 2024-01-16T00:00:00+00:00, run_after=2024-01-17T00:00:00+00:00
[2024-01-17T15:15:43.754+0000] {processor.py:183} INFO - Processing /home/airflow/.local/lib/python3.8/site-packages/airflow/example_dags/tutorial.py took 0.187 seconds
[2024-01-17T15:16:13.877+0000] {processor.py:161} INFO - Started process (PID=400) to work on /home/airflow/.local/lib/python3.8/site-packages/airflow/example_dags/tutorial.py
[2024-01-17T15:16:13.888+0000] {processor.py:830} INFO - Processing file /home/airflow/.local/lib/python3.8/site-packages/airflow/example_dags/tutorial.py for tasks to queue
[2024-01-17T15:16:13.892+0000] {logging_mixin.py:188} INFO - [2024-01-17T15:16:13.891+0000] {dagbag.py:538} INFO - Filling up the DagBag from /home/airflow/.local/lib/python3.8/site-packages/airflow/example_dags/tutorial.py
[2024-01-17T15:16:13.904+0000] {processor.py:840} INFO - DAG(s) 'tutorial' retrieved from /home/airflow/.local/lib/python3.8/site-packages/airflow/example_dags/tutorial.py
[2024-01-17T15:16:13.939+0000] {logging_mixin.py:188} INFO - [2024-01-17T15:16:13.938+0000] {dag.py:3033} INFO - Sync 1 DAGs
[2024-01-17T15:16:13.971+0000] {logging_mixin.py:188} INFO - [2024-01-17T15:16:13.970+0000] {dag.py:3820} INFO - Setting next_dagrun for tutorial to 2024-01-16T00:00:00+00:00, run_after=2024-01-17T00:00:00+00:00
[2024-01-17T15:16:14.012+0000] {processor.py:183} INFO - Processing /home/airflow/.local/lib/python3.8/site-packages/airflow/example_dags/tutorial.py took 0.143 seconds
[2024-01-17T15:16:44.193+0000] {processor.py:161} INFO - Started process (PID=455) to work on /home/airflow/.local/lib/python3.8/site-packages/airflow/example_dags/tutorial.py
[2024-01-17T15:16:44.194+0000] {processor.py:830} INFO - Processing file /home/airflow/.local/lib/python3.8/site-packages/airflow/example_dags/tutorial.py for tasks to queue
[2024-01-17T15:16:44.198+0000] {logging_mixin.py:188} INFO - [2024-01-17T15:16:44.197+0000] {dagbag.py:538} INFO - Filling up the DagBag from /home/airflow/.local/lib/python3.8/site-packages/airflow/example_dags/tutorial.py
[2024-01-17T15:16:44.207+0000] {processor.py:840} INFO - DAG(s) 'tutorial' retrieved from /home/airflow/.local/lib/python3.8/site-packages/airflow/example_dags/tutorial.py
[2024-01-17T15:16:44.252+0000] {logging_mixin.py:188} INFO - [2024-01-17T15:16:44.251+0000] {dag.py:3033} INFO - Sync 1 DAGs
[2024-01-17T15:16:44.330+0000] {logging_mixin.py:188} INFO - [2024-01-17T15:16:44.329+0000] {dag.py:3820} INFO - Setting next_dagrun for tutorial to 2024-01-16T00:00:00+00:00, run_after=2024-01-17T00:00:00+00:00
[2024-01-17T15:16:44.395+0000] {processor.py:183} INFO - Processing /home/airflow/.local/lib/python3.8/site-packages/airflow/example_dags/tutorial.py took 0.207 seconds
[2024-01-17T15:17:14.463+0000] {processor.py:161} INFO - Started process (PID=509) to work on /home/airflow/.local/lib/python3.8/site-packages/airflow/example_dags/tutorial.py
[2024-01-17T15:17:14.464+0000] {processor.py:830} INFO - Processing file /home/airflow/.local/lib/python3.8/site-packages/airflow/example_dags/tutorial.py for tasks to queue
[2024-01-17T15:17:14.467+0000] {logging_mixin.py:188} INFO - [2024-01-17T15:17:14.467+0000] {dagbag.py:538} INFO - Filling up the DagBag from /home/airflow/.local/lib/python3.8/site-packages/airflow/example_dags/tutorial.py
[2024-01-17T15:17:14.477+0000] {processor.py:840} INFO - DAG(s) 'tutorial' retrieved from /home/airflow/.local/lib/python3.8/site-packages/airflow/example_dags/tutorial.py
[2024-01-17T15:17:14.516+0000] {logging_mixin.py:188} INFO - [2024-01-17T15:17:14.515+0000] {dag.py:3033} INFO - Sync 1 DAGs
[2024-01-17T15:17:14.541+0000] {logging_mixin.py:188} INFO - [2024-01-17T15:17:14.541+0000] {dag.py:3820} INFO - Setting next_dagrun for tutorial to 2024-01-16T00:00:00+00:00, run_after=2024-01-17T00:00:00+00:00
[2024-01-17T15:17:14.562+0000] {processor.py:183} INFO - Processing /home/airflow/.local/lib/python3.8/site-packages/airflow/example_dags/tutorial.py took 0.105 seconds
[2024-01-17T15:17:44.674+0000] {processor.py:161} INFO - Started process (PID=564) to work on /home/airflow/.local/lib/python3.8/site-packages/airflow/example_dags/tutorial.py
[2024-01-17T15:17:44.675+0000] {processor.py:830} INFO - Processing file /home/airflow/.local/lib/python3.8/site-packages/airflow/example_dags/tutorial.py for tasks to queue
[2024-01-17T15:17:44.678+0000] {logging_mixin.py:188} INFO - [2024-01-17T15:17:44.678+0000] {dagbag.py:538} INFO - Filling up the DagBag from /home/airflow/.local/lib/python3.8/site-packages/airflow/example_dags/tutorial.py
[2024-01-17T15:17:44.686+0000] {processor.py:840} INFO - DAG(s) 'tutorial' retrieved from /home/airflow/.local/lib/python3.8/site-packages/airflow/example_dags/tutorial.py
[2024-01-17T15:17:44.708+0000] {logging_mixin.py:188} INFO - [2024-01-17T15:17:44.708+0000] {dag.py:3033} INFO - Sync 1 DAGs
[2024-01-17T15:17:44.735+0000] {logging_mixin.py:188} INFO - [2024-01-17T15:17:44.735+0000] {dag.py:3820} INFO - Setting next_dagrun for tutorial to 2024-01-16T00:00:00+00:00, run_after=2024-01-17T00:00:00+00:00
[2024-01-17T15:17:44.758+0000] {processor.py:183} INFO - Processing /home/airflow/.local/lib/python3.8/site-packages/airflow/example_dags/tutorial.py took 0.089 seconds
[2024-01-17T15:18:15.640+0000] {processor.py:161} INFO - Started process (PID=625) to work on /home/airflow/.local/lib/python3.8/site-packages/airflow/example_dags/tutorial.py
[2024-01-17T15:18:15.643+0000] {processor.py:830} INFO - Processing file /home/airflow/.local/lib/python3.8/site-packages/airflow/example_dags/tutorial.py for tasks to queue
[2024-01-17T15:18:15.651+0000] {logging_mixin.py:188} INFO - [2024-01-17T15:18:15.649+0000] {dagbag.py:538} INFO - Filling up the DagBag from /home/airflow/.local/lib/python3.8/site-packages/airflow/example_dags/tutorial.py
[2024-01-17T15:18:15.683+0000] {processor.py:840} INFO - DAG(s) 'tutorial' retrieved from /home/airflow/.local/lib/python3.8/site-packages/airflow/example_dags/tutorial.py
[2024-01-17T15:18:15.724+0000] {logging_mixin.py:188} INFO - [2024-01-17T15:18:15.723+0000] {dag.py:3033} INFO - Sync 1 DAGs
[2024-01-17T15:18:15.767+0000] {logging_mixin.py:188} INFO - [2024-01-17T15:18:15.767+0000] {dag.py:3820} INFO - Setting next_dagrun for tutorial to 2024-01-16T00:00:00+00:00, run_after=2024-01-17T00:00:00+00:00
[2024-01-17T15:18:15.792+0000] {processor.py:183} INFO - Processing /home/airflow/.local/lib/python3.8/site-packages/airflow/example_dags/tutorial.py took 0.164 seconds
[2024-01-17T15:18:46.186+0000] {processor.py:161} INFO - Started process (PID=680) to work on /home/airflow/.local/lib/python3.8/site-packages/airflow/example_dags/tutorial.py
[2024-01-17T15:18:46.187+0000] {processor.py:830} INFO - Processing file /home/airflow/.local/lib/python3.8/site-packages/airflow/example_dags/tutorial.py for tasks to queue
[2024-01-17T15:18:46.190+0000] {logging_mixin.py:188} INFO - [2024-01-17T15:18:46.189+0000] {dagbag.py:538} INFO - Filling up the DagBag from /home/airflow/.local/lib/python3.8/site-packages/airflow/example_dags/tutorial.py
[2024-01-17T15:18:46.198+0000] {processor.py:840} INFO - DAG(s) 'tutorial' retrieved from /home/airflow/.local/lib/python3.8/site-packages/airflow/example_dags/tutorial.py
[2024-01-17T15:18:46.227+0000] {logging_mixin.py:188} INFO - [2024-01-17T15:18:46.226+0000] {dag.py:3033} INFO - Sync 1 DAGs
[2024-01-17T15:18:46.262+0000] {logging_mixin.py:188} INFO - [2024-01-17T15:18:46.262+0000] {dag.py:3820} INFO - Setting next_dagrun for tutorial to 2024-01-16T00:00:00+00:00, run_after=2024-01-17T00:00:00+00:00
[2024-01-17T15:18:46.343+0000] {processor.py:183} INFO - Processing /home/airflow/.local/lib/python3.8/site-packages/airflow/example_dags/tutorial.py took 0.161 seconds
[2024-01-17T15:19:19.106+0000] {processor.py:161} INFO - Started process (PID=735) to work on /home/airflow/.local/lib/python3.8/site-packages/airflow/example_dags/tutorial.py
[2024-01-17T15:19:19.108+0000] {processor.py:830} INFO - Processing file /home/airflow/.local/lib/python3.8/site-packages/airflow/example_dags/tutorial.py for tasks to queue
[2024-01-17T15:19:19.110+0000] {logging_mixin.py:188} INFO - [2024-01-17T15:19:19.110+0000] {dagbag.py:538} INFO - Filling up the DagBag from /home/airflow/.local/lib/python3.8/site-packages/airflow/example_dags/tutorial.py
[2024-01-17T15:19:19.123+0000] {processor.py:840} INFO - DAG(s) 'tutorial' retrieved from /home/airflow/.local/lib/python3.8/site-packages/airflow/example_dags/tutorial.py
[2024-01-17T15:19:19.163+0000] {logging_mixin.py:188} INFO - [2024-01-17T15:19:19.163+0000] {dag.py:3033} INFO - Sync 1 DAGs
[2024-01-17T15:19:19.214+0000] {logging_mixin.py:188} INFO - [2024-01-17T15:19:19.214+0000] {dag.py:3820} INFO - Setting next_dagrun for tutorial to 2024-01-16T00:00:00+00:00, run_after=2024-01-17T00:00:00+00:00
[2024-01-17T15:19:19.310+0000] {processor.py:183} INFO - Processing /home/airflow/.local/lib/python3.8/site-packages/airflow/example_dags/tutorial.py took 0.210 seconds
[2024-01-17T15:19:49.618+0000] {processor.py:161} INFO - Started process (PID=790) to work on /home/airflow/.local/lib/python3.8/site-packages/airflow/example_dags/tutorial.py
[2024-01-17T15:19:49.620+0000] {processor.py:830} INFO - Processing file /home/airflow/.local/lib/python3.8/site-packages/airflow/example_dags/tutorial.py for tasks to queue
[2024-01-17T15:19:49.624+0000] {logging_mixin.py:188} INFO - [2024-01-17T15:19:49.623+0000] {dagbag.py:538} INFO - Filling up the DagBag from /home/airflow/.local/lib/python3.8/site-packages/airflow/example_dags/tutorial.py
[2024-01-17T15:19:49.642+0000] {processor.py:840} INFO - DAG(s) 'tutorial' retrieved from /home/airflow/.local/lib/python3.8/site-packages/airflow/example_dags/tutorial.py
[2024-01-17T15:19:49.708+0000] {logging_mixin.py:188} INFO - [2024-01-17T15:19:49.708+0000] {dag.py:3033} INFO - Sync 1 DAGs
[2024-01-17T15:19:49.777+0000] {logging_mixin.py:188} INFO - [2024-01-17T15:19:49.777+0000] {dag.py:3820} INFO - Setting next_dagrun for tutorial to 2024-01-16T00:00:00+00:00, run_after=2024-01-17T00:00:00+00:00
[2024-01-17T15:19:49.817+0000] {processor.py:183} INFO - Processing /home/airflow/.local/lib/python3.8/site-packages/airflow/example_dags/tutorial.py took 0.204 seconds
[2024-01-17T15:20:20.128+0000] {processor.py:161} INFO - Started process (PID=844) to work on /home/airflow/.local/lib/python3.8/site-packages/airflow/example_dags/tutorial.py
[2024-01-17T15:20:20.129+0000] {processor.py:830} INFO - Processing file /home/airflow/.local/lib/python3.8/site-packages/airflow/example_dags/tutorial.py for tasks to queue
[2024-01-17T15:20:20.132+0000] {logging_mixin.py:188} INFO - [2024-01-17T15:20:20.131+0000] {dagbag.py:538} INFO - Filling up the DagBag from /home/airflow/.local/lib/python3.8/site-packages/airflow/example_dags/tutorial.py
[2024-01-17T15:20:20.140+0000] {processor.py:840} INFO - DAG(s) 'tutorial' retrieved from /home/airflow/.local/lib/python3.8/site-packages/airflow/example_dags/tutorial.py
[2024-01-17T15:20:20.166+0000] {logging_mixin.py:188} INFO - [2024-01-17T15:20:20.166+0000] {dag.py:3033} INFO - Sync 1 DAGs
[2024-01-17T15:20:20.199+0000] {logging_mixin.py:188} INFO - [2024-01-17T15:20:20.198+0000] {dag.py:3820} INFO - Setting next_dagrun for tutorial to 2024-01-16T00:00:00+00:00, run_after=2024-01-17T00:00:00+00:00
[2024-01-17T15:20:20.226+0000] {processor.py:183} INFO - Processing /home/airflow/.local/lib/python3.8/site-packages/airflow/example_dags/tutorial.py took 0.103 seconds
[2024-01-17T15:20:50.934+0000] {processor.py:161} INFO - Started process (PID=899) to work on /home/airflow/.local/lib/python3.8/site-packages/airflow/example_dags/tutorial.py
[2024-01-17T15:20:50.936+0000] {processor.py:830} INFO - Processing file /home/airflow/.local/lib/python3.8/site-packages/airflow/example_dags/tutorial.py for tasks to queue
[2024-01-17T15:20:50.939+0000] {logging_mixin.py:188} INFO - [2024-01-17T15:20:50.938+0000] {dagbag.py:538} INFO - Filling up the DagBag from /home/airflow/.local/lib/python3.8/site-packages/airflow/example_dags/tutorial.py
[2024-01-17T15:20:50.948+0000] {processor.py:840} INFO - DAG(s) 'tutorial' retrieved from /home/airflow/.local/lib/python3.8/site-packages/airflow/example_dags/tutorial.py
[2024-01-17T15:20:50.977+0000] {logging_mixin.py:188} INFO - [2024-01-17T15:20:50.976+0000] {dag.py:3033} INFO - Sync 1 DAGs
[2024-01-17T15:20:51.010+0000] {logging_mixin.py:188} INFO - [2024-01-17T15:20:51.010+0000] {dag.py:3820} INFO - Setting next_dagrun for tutorial to 2024-01-16T00:00:00+00:00, run_after=2024-01-17T00:00:00+00:00
[2024-01-17T15:20:51.046+0000] {processor.py:183} INFO - Processing /home/airflow/.local/lib/python3.8/site-packages/airflow/example_dags/tutorial.py took 0.116 seconds
[2024-01-17T15:21:21.387+0000] {processor.py:161} INFO - Started process (PID=953) to work on /home/airflow/.local/lib/python3.8/site-packages/airflow/example_dags/tutorial.py
[2024-01-17T15:21:21.389+0000] {processor.py:830} INFO - Processing file /home/airflow/.local/lib/python3.8/site-packages/airflow/example_dags/tutorial.py for tasks to queue
[2024-01-17T15:21:21.391+0000] {logging_mixin.py:188} INFO - [2024-01-17T15:21:21.391+0000] {dagbag.py:538} INFO - Filling up the DagBag from /home/airflow/.local/lib/python3.8/site-packages/airflow/example_dags/tutorial.py
[2024-01-17T15:21:21.398+0000] {processor.py:840} INFO - DAG(s) 'tutorial' retrieved from /home/airflow/.local/lib/python3.8/site-packages/airflow/example_dags/tutorial.py
[2024-01-17T15:21:21.422+0000] {logging_mixin.py:188} INFO - [2024-01-17T15:21:21.422+0000] {dag.py:3033} INFO - Sync 1 DAGs
[2024-01-17T15:21:21.451+0000] {logging_mixin.py:188} INFO - [2024-01-17T15:21:21.450+0000] {dag.py:3820} INFO - Setting next_dagrun for tutorial to 2024-01-16T00:00:00+00:00, run_after=2024-01-17T00:00:00+00:00
[2024-01-17T15:21:21.478+0000] {processor.py:183} INFO - Processing /home/airflow/.local/lib/python3.8/site-packages/airflow/example_dags/tutorial.py took 0.094 seconds
[2024-01-17T15:21:52.202+0000] {processor.py:161} INFO - Started process (PID=1007) to work on /home/airflow/.local/lib/python3.8/site-packages/airflow/example_dags/tutorial.py
[2024-01-17T15:21:52.204+0000] {processor.py:830} INFO - Processing file /home/airflow/.local/lib/python3.8/site-packages/airflow/example_dags/tutorial.py for tasks to queue
[2024-01-17T15:21:52.207+0000] {logging_mixin.py:188} INFO - [2024-01-17T15:21:52.207+0000] {dagbag.py:538} INFO - Filling up the DagBag from /home/airflow/.local/lib/python3.8/site-packages/airflow/example_dags/tutorial.py
[2024-01-17T15:21:52.217+0000] {processor.py:840} INFO - DAG(s) 'tutorial' retrieved from /home/airflow/.local/lib/python3.8/site-packages/airflow/example_dags/tutorial.py
[2024-01-17T15:21:52.247+0000] {logging_mixin.py:188} INFO - [2024-01-17T15:21:52.246+0000] {dag.py:3033} INFO - Sync 1 DAGs
[2024-01-17T15:21:52.287+0000] {logging_mixin.py:188} INFO - [2024-01-17T15:21:52.287+0000] {dag.py:3820} INFO - Setting next_dagrun for tutorial to 2024-01-16T00:00:00+00:00, run_after=2024-01-17T00:00:00+00:00
[2024-01-17T15:21:52.321+0000] {processor.py:183} INFO - Processing /home/airflow/.local/lib/python3.8/site-packages/airflow/example_dags/tutorial.py took 0.123 seconds
[2024-01-17T15:25:16.316+0000] {processor.py:161} INFO - Started process (PID=64) to work on /home/airflow/.local/lib/python3.8/site-packages/airflow/example_dags/tutorial.py
[2024-01-17T15:25:16.375+0000] {processor.py:830} INFO - Processing file /home/airflow/.local/lib/python3.8/site-packages/airflow/example_dags/tutorial.py for tasks to queue
[2024-01-17T15:25:16.377+0000] {logging_mixin.py:188} INFO - [2024-01-17T15:25:16.377+0000] {dagbag.py:538} INFO - Filling up the DagBag from /home/airflow/.local/lib/python3.8/site-packages/airflow/example_dags/tutorial.py
[2024-01-17T15:25:16.387+0000] {processor.py:840} INFO - DAG(s) 'tutorial' retrieved from /home/airflow/.local/lib/python3.8/site-packages/airflow/example_dags/tutorial.py
[2024-01-17T15:25:16.432+0000] {logging_mixin.py:188} INFO - [2024-01-17T15:25:16.431+0000] {dag.py:3033} INFO - Sync 1 DAGs
[2024-01-17T15:25:16.551+0000] {logging_mixin.py:188} INFO - [2024-01-17T15:25:16.551+0000] {dag.py:3820} INFO - Setting next_dagrun for tutorial to 2024-01-16T00:00:00+00:00, run_after=2024-01-17T00:00:00+00:00
[2024-01-17T15:25:16.670+0000] {processor.py:183} INFO - Processing /home/airflow/.local/lib/python3.8/site-packages/airflow/example_dags/tutorial.py took 0.369 seconds
[2024-01-17T15:25:47.445+0000] {processor.py:161} INFO - Started process (PID=119) to work on /home/airflow/.local/lib/python3.8/site-packages/airflow/example_dags/tutorial.py
[2024-01-17T15:25:47.448+0000] {processor.py:830} INFO - Processing file /home/airflow/.local/lib/python3.8/site-packages/airflow/example_dags/tutorial.py for tasks to queue
[2024-01-17T15:25:47.455+0000] {logging_mixin.py:188} INFO - [2024-01-17T15:25:47.454+0000] {dagbag.py:538} INFO - Filling up the DagBag from /home/airflow/.local/lib/python3.8/site-packages/airflow/example_dags/tutorial.py
[2024-01-17T15:25:47.467+0000] {processor.py:840} INFO - DAG(s) 'tutorial' retrieved from /home/airflow/.local/lib/python3.8/site-packages/airflow/example_dags/tutorial.py
[2024-01-17T15:25:47.524+0000] {logging_mixin.py:188} INFO - [2024-01-17T15:25:47.524+0000] {dag.py:3033} INFO - Sync 1 DAGs
[2024-01-17T15:25:47.641+0000] {logging_mixin.py:188} INFO - [2024-01-17T15:25:47.641+0000] {dag.py:3820} INFO - Setting next_dagrun for tutorial to 2024-01-16T00:00:00+00:00, run_after=2024-01-17T00:00:00+00:00
[2024-01-17T15:25:47.803+0000] {processor.py:183} INFO - Processing /home/airflow/.local/lib/python3.8/site-packages/airflow/example_dags/tutorial.py took 0.363 seconds
[2024-01-17T15:26:18.348+0000] {processor.py:161} INFO - Started process (PID=175) to work on /home/airflow/.local/lib/python3.8/site-packages/airflow/example_dags/tutorial.py
[2024-01-17T15:26:18.352+0000] {processor.py:830} INFO - Processing file /home/airflow/.local/lib/python3.8/site-packages/airflow/example_dags/tutorial.py for tasks to queue
[2024-01-17T15:26:18.355+0000] {logging_mixin.py:188} INFO - [2024-01-17T15:26:18.354+0000] {dagbag.py:538} INFO - Filling up the DagBag from /home/airflow/.local/lib/python3.8/site-packages/airflow/example_dags/tutorial.py
[2024-01-17T15:26:18.367+0000] {processor.py:840} INFO - DAG(s) 'tutorial' retrieved from /home/airflow/.local/lib/python3.8/site-packages/airflow/example_dags/tutorial.py
[2024-01-17T15:26:18.477+0000] {logging_mixin.py:188} INFO - [2024-01-17T15:26:18.472+0000] {dag.py:3033} INFO - Sync 1 DAGs
[2024-01-17T15:26:18.573+0000] {logging_mixin.py:188} INFO - [2024-01-17T15:26:18.572+0000] {dag.py:3820} INFO - Setting next_dagrun for tutorial to 2024-01-16T00:00:00+00:00, run_after=2024-01-17T00:00:00+00:00
[2024-01-17T15:26:18.659+0000] {processor.py:183} INFO - Processing /home/airflow/.local/lib/python3.8/site-packages/airflow/example_dags/tutorial.py took 0.333 seconds
[2024-01-17T15:26:48.960+0000] {processor.py:161} INFO - Started process (PID=231) to work on /home/airflow/.local/lib/python3.8/site-packages/airflow/example_dags/tutorial.py
[2024-01-17T15:26:48.978+0000] {processor.py:830} INFO - Processing file /home/airflow/.local/lib/python3.8/site-packages/airflow/example_dags/tutorial.py for tasks to queue
[2024-01-17T15:26:48.987+0000] {logging_mixin.py:188} INFO - [2024-01-17T15:26:48.986+0000] {dagbag.py:538} INFO - Filling up the DagBag from /home/airflow/.local/lib/python3.8/site-packages/airflow/example_dags/tutorial.py
[2024-01-17T15:26:49.019+0000] {processor.py:840} INFO - DAG(s) 'tutorial' retrieved from /home/airflow/.local/lib/python3.8/site-packages/airflow/example_dags/tutorial.py
[2024-01-17T15:26:49.081+0000] {logging_mixin.py:188} INFO - [2024-01-17T15:26:49.080+0000] {dag.py:3033} INFO - Sync 1 DAGs
[2024-01-17T15:26:49.204+0000] {logging_mixin.py:188} INFO - [2024-01-17T15:26:49.204+0000] {dag.py:3820} INFO - Setting next_dagrun for tutorial to 2024-01-16T00:00:00+00:00, run_after=2024-01-17T00:00:00+00:00
[2024-01-17T15:26:49.312+0000] {processor.py:183} INFO - Processing /home/airflow/.local/lib/python3.8/site-packages/airflow/example_dags/tutorial.py took 0.357 seconds
[2024-01-17T15:27:19.790+0000] {processor.py:161} INFO - Started process (PID=287) to work on /home/airflow/.local/lib/python3.8/site-packages/airflow/example_dags/tutorial.py
[2024-01-17T15:27:19.798+0000] {processor.py:830} INFO - Processing file /home/airflow/.local/lib/python3.8/site-packages/airflow/example_dags/tutorial.py for tasks to queue
[2024-01-17T15:27:19.801+0000] {logging_mixin.py:188} INFO - [2024-01-17T15:27:19.801+0000] {dagbag.py:538} INFO - Filling up the DagBag from /home/airflow/.local/lib/python3.8/site-packages/airflow/example_dags/tutorial.py
[2024-01-17T15:27:19.829+0000] {processor.py:840} INFO - DAG(s) 'tutorial' retrieved from /home/airflow/.local/lib/python3.8/site-packages/airflow/example_dags/tutorial.py
[2024-01-17T15:27:19.915+0000] {logging_mixin.py:188} INFO - [2024-01-17T15:27:19.915+0000] {dag.py:3033} INFO - Sync 1 DAGs
[2024-01-17T15:27:20.189+0000] {logging_mixin.py:188} INFO - [2024-01-17T15:27:20.189+0000] {dag.py:3820} INFO - Setting next_dagrun for tutorial to 2024-01-16T00:00:00+00:00, run_after=2024-01-17T00:00:00+00:00
[2024-01-17T15:27:20.332+0000] {processor.py:183} INFO - Processing /home/airflow/.local/lib/python3.8/site-packages/airflow/example_dags/tutorial.py took 0.565 seconds
[2024-01-17T15:27:53.597+0000] {processor.py:161} INFO - Started process (PID=342) to work on /home/airflow/.local/lib/python3.8/site-packages/airflow/example_dags/tutorial.py
[2024-01-17T15:27:53.600+0000] {processor.py:830} INFO - Processing file /home/airflow/.local/lib/python3.8/site-packages/airflow/example_dags/tutorial.py for tasks to queue
[2024-01-17T15:27:53.603+0000] {logging_mixin.py:188} INFO - [2024-01-17T15:27:53.602+0000] {dagbag.py:538} INFO - Filling up the DagBag from /home/airflow/.local/lib/python3.8/site-packages/airflow/example_dags/tutorial.py
[2024-01-17T15:27:53.632+0000] {processor.py:840} INFO - DAG(s) 'tutorial' retrieved from /home/airflow/.local/lib/python3.8/site-packages/airflow/example_dags/tutorial.py
[2024-01-17T15:27:53.675+0000] {logging_mixin.py:188} INFO - [2024-01-17T15:27:53.674+0000] {dag.py:3033} INFO - Sync 1 DAGs
[2024-01-17T15:27:53.728+0000] {logging_mixin.py:188} INFO - [2024-01-17T15:27:53.728+0000] {dag.py:3820} INFO - Setting next_dagrun for tutorial to 2024-01-16T00:00:00+00:00, run_after=2024-01-17T00:00:00+00:00
[2024-01-17T15:27:53.811+0000] {processor.py:183} INFO - Processing /home/airflow/.local/lib/python3.8/site-packages/airflow/example_dags/tutorial.py took 0.219 seconds
[2024-01-17T15:28:35.189+0000] {processor.py:161} INFO - Started process (PID=403) to work on /home/airflow/.local/lib/python3.8/site-packages/airflow/example_dags/tutorial.py
[2024-01-17T15:28:35.192+0000] {processor.py:830} INFO - Processing file /home/airflow/.local/lib/python3.8/site-packages/airflow/example_dags/tutorial.py for tasks to queue
[2024-01-17T15:28:35.195+0000] {logging_mixin.py:188} INFO - [2024-01-17T15:28:35.194+0000] {dagbag.py:538} INFO - Filling up the DagBag from /home/airflow/.local/lib/python3.8/site-packages/airflow/example_dags/tutorial.py
[2024-01-17T15:28:35.204+0000] {processor.py:840} INFO - DAG(s) 'tutorial' retrieved from /home/airflow/.local/lib/python3.8/site-packages/airflow/example_dags/tutorial.py
[2024-01-17T15:28:35.223+0000] {logging_mixin.py:188} INFO - [2024-01-17T15:28:35.223+0000] {dag.py:3033} INFO - Sync 1 DAGs
[2024-01-17T15:28:35.292+0000] {logging_mixin.py:188} INFO - [2024-01-17T15:28:35.292+0000] {dag.py:3820} INFO - Setting next_dagrun for tutorial to 2024-01-16T00:00:00+00:00, run_after=2024-01-17T00:00:00+00:00
[2024-01-17T15:28:35.340+0000] {processor.py:183} INFO - Processing /home/airflow/.local/lib/python3.8/site-packages/airflow/example_dags/tutorial.py took 0.156 seconds
[2024-01-17T15:29:06.443+0000] {processor.py:161} INFO - Started process (PID=459) to work on /home/airflow/.local/lib/python3.8/site-packages/airflow/example_dags/tutorial.py
[2024-01-17T15:29:06.444+0000] {processor.py:830} INFO - Processing file /home/airflow/.local/lib/python3.8/site-packages/airflow/example_dags/tutorial.py for tasks to queue
[2024-01-17T15:29:06.447+0000] {logging_mixin.py:188} INFO - [2024-01-17T15:29:06.447+0000] {dagbag.py:538} INFO - Filling up the DagBag from /home/airflow/.local/lib/python3.8/site-packages/airflow/example_dags/tutorial.py
[2024-01-17T15:29:06.455+0000] {processor.py:840} INFO - DAG(s) 'tutorial' retrieved from /home/airflow/.local/lib/python3.8/site-packages/airflow/example_dags/tutorial.py
[2024-01-17T15:29:06.701+0000] {logging_mixin.py:188} INFO - [2024-01-17T15:29:06.700+0000] {dag.py:3033} INFO - Sync 1 DAGs
[2024-01-17T15:29:06.740+0000] {logging_mixin.py:188} INFO - [2024-01-17T15:29:06.740+0000] {dag.py:3820} INFO - Setting next_dagrun for tutorial to 2024-01-16T00:00:00+00:00, run_after=2024-01-17T00:00:00+00:00
[2024-01-17T15:29:06.776+0000] {processor.py:183} INFO - Processing /home/airflow/.local/lib/python3.8/site-packages/airflow/example_dags/tutorial.py took 0.337 seconds
[2024-01-17T15:30:01.649+0000] {processor.py:161} INFO - Started process (PID=527) to work on /home/airflow/.local/lib/python3.8/site-packages/airflow/example_dags/tutorial.py
[2024-01-17T15:30:01.650+0000] {processor.py:830} INFO - Processing file /home/airflow/.local/lib/python3.8/site-packages/airflow/example_dags/tutorial.py for tasks to queue
[2024-01-17T15:30:01.653+0000] {logging_mixin.py:188} INFO - [2024-01-17T15:30:01.652+0000] {dagbag.py:538} INFO - Filling up the DagBag from /home/airflow/.local/lib/python3.8/site-packages/airflow/example_dags/tutorial.py
[2024-01-17T15:30:01.660+0000] {processor.py:840} INFO - DAG(s) 'tutorial' retrieved from /home/airflow/.local/lib/python3.8/site-packages/airflow/example_dags/tutorial.py
[2024-01-17T15:30:01.693+0000] {logging_mixin.py:188} INFO - [2024-01-17T15:30:01.692+0000] {dag.py:3033} INFO - Sync 1 DAGs
[2024-01-17T15:30:01.729+0000] {logging_mixin.py:188} INFO - [2024-01-17T15:30:01.729+0000] {dag.py:3820} INFO - Setting next_dagrun for tutorial to 2024-01-16T00:00:00+00:00, run_after=2024-01-17T00:00:00+00:00
[2024-01-17T15:30:01.760+0000] {processor.py:183} INFO - Processing /home/airflow/.local/lib/python3.8/site-packages/airflow/example_dags/tutorial.py took 0.115 seconds
[2024-01-17T15:30:33.526+0000] {processor.py:161} INFO - Started process (PID=582) to work on /home/airflow/.local/lib/python3.8/site-packages/airflow/example_dags/tutorial.py
[2024-01-17T15:30:33.527+0000] {processor.py:830} INFO - Processing file /home/airflow/.local/lib/python3.8/site-packages/airflow/example_dags/tutorial.py for tasks to queue
[2024-01-17T15:30:33.537+0000] {logging_mixin.py:188} INFO - [2024-01-17T15:30:33.537+0000] {dagbag.py:538} INFO - Filling up the DagBag from /home/airflow/.local/lib/python3.8/site-packages/airflow/example_dags/tutorial.py
[2024-01-17T15:30:33.555+0000] {processor.py:840} INFO - DAG(s) 'tutorial' retrieved from /home/airflow/.local/lib/python3.8/site-packages/airflow/example_dags/tutorial.py
[2024-01-17T15:30:33.603+0000] {logging_mixin.py:188} INFO - [2024-01-17T15:30:33.603+0000] {dag.py:3033} INFO - Sync 1 DAGs
[2024-01-17T15:30:33.666+0000] {logging_mixin.py:188} INFO - [2024-01-17T15:30:33.665+0000] {dag.py:3820} INFO - Setting next_dagrun for tutorial to 2024-01-16T00:00:00+00:00, run_after=2024-01-17T00:00:00+00:00
[2024-01-17T15:30:33.761+0000] {processor.py:183} INFO - Processing /home/airflow/.local/lib/python3.8/site-packages/airflow/example_dags/tutorial.py took 0.250 seconds
[2024-01-17T15:31:03.996+0000] {processor.py:161} INFO - Started process (PID=638) to work on /home/airflow/.local/lib/python3.8/site-packages/airflow/example_dags/tutorial.py
[2024-01-17T15:31:03.997+0000] {processor.py:830} INFO - Processing file /home/airflow/.local/lib/python3.8/site-packages/airflow/example_dags/tutorial.py for tasks to queue
[2024-01-17T15:31:03.999+0000] {logging_mixin.py:188} INFO - [2024-01-17T15:31:03.999+0000] {dagbag.py:538} INFO - Filling up the DagBag from /home/airflow/.local/lib/python3.8/site-packages/airflow/example_dags/tutorial.py
[2024-01-17T15:31:04.006+0000] {processor.py:840} INFO - DAG(s) 'tutorial' retrieved from /home/airflow/.local/lib/python3.8/site-packages/airflow/example_dags/tutorial.py
[2024-01-17T15:31:04.028+0000] {logging_mixin.py:188} INFO - [2024-01-17T15:31:04.028+0000] {dag.py:3033} INFO - Sync 1 DAGs
[2024-01-17T15:31:04.058+0000] {logging_mixin.py:188} INFO - [2024-01-17T15:31:04.057+0000] {dag.py:3820} INFO - Setting next_dagrun for tutorial to 2024-01-16T00:00:00+00:00, run_after=2024-01-17T00:00:00+00:00
[2024-01-17T15:31:04.081+0000] {processor.py:183} INFO - Processing /home/airflow/.local/lib/python3.8/site-packages/airflow/example_dags/tutorial.py took 0.090 seconds
[2024-01-17T15:31:34.588+0000] {processor.py:161} INFO - Started process (PID=693) to work on /home/airflow/.local/lib/python3.8/site-packages/airflow/example_dags/tutorial.py
[2024-01-17T15:31:34.589+0000] {processor.py:830} INFO - Processing file /home/airflow/.local/lib/python3.8/site-packages/airflow/example_dags/tutorial.py for tasks to queue
[2024-01-17T15:31:34.592+0000] {logging_mixin.py:188} INFO - [2024-01-17T15:31:34.592+0000] {dagbag.py:538} INFO - Filling up the DagBag from /home/airflow/.local/lib/python3.8/site-packages/airflow/example_dags/tutorial.py
[2024-01-17T15:31:34.601+0000] {processor.py:840} INFO - DAG(s) 'tutorial' retrieved from /home/airflow/.local/lib/python3.8/site-packages/airflow/example_dags/tutorial.py
[2024-01-17T15:31:34.629+0000] {logging_mixin.py:188} INFO - [2024-01-17T15:31:34.629+0000] {dag.py:3033} INFO - Sync 1 DAGs
[2024-01-17T15:31:34.659+0000] {logging_mixin.py:188} INFO - [2024-01-17T15:31:34.659+0000] {dag.py:3820} INFO - Setting next_dagrun for tutorial to 2024-01-16T00:00:00+00:00, run_after=2024-01-17T00:00:00+00:00
[2024-01-17T15:31:34.685+0000] {processor.py:183} INFO - Processing /home/airflow/.local/lib/python3.8/site-packages/airflow/example_dags/tutorial.py took 0.102 seconds
