[2024-01-17T15:22:31.122+0000] {processor.py:161} INFO - Started process (PID=1057) to work on /opt/airflow/dags/my_first_dags.py
[2024-01-17T15:22:31.128+0000] {processor.py:830} INFO - Processing file /opt/airflow/dags/my_first_dags.py for tasks to queue
[2024-01-17T15:22:31.138+0000] {logging_mixin.py:188} INFO - [2024-01-17T15:22:31.129+0000] {dagbag.py:538} INFO - Filling up the DagBag from /opt/airflow/dags/my_first_dags.py
[2024-01-17T15:22:31.265+0000] {processor.py:840} INFO - DAG(s) 'my_first_dag' retrieved from /opt/airflow/dags/my_first_dags.py
[2024-01-17T15:25:01.042+0000] {processor.py:161} INFO - Started process (PID=29) to work on /opt/airflow/dags/my_first_dags.py
[2024-01-17T15:25:01.044+0000] {processor.py:830} INFO - Processing file /opt/airflow/dags/my_first_dags.py for tasks to queue
[2024-01-17T15:25:01.046+0000] {logging_mixin.py:188} INFO - [2024-01-17T15:25:01.046+0000] {dagbag.py:538} INFO - Filling up the DagBag from /opt/airflow/dags/my_first_dags.py
[2024-01-17T15:25:01.257+0000] {processor.py:840} INFO - DAG(s) 'my_first_dag' retrieved from /opt/airflow/dags/my_first_dags.py
[2024-01-17T15:25:04.289+0000] {logging_mixin.py:188} INFO - [2024-01-17T15:25:04.287+0000] {override.py:1769} INFO - Created Permission View: can delete on DAG:my_first_dag
[2024-01-17T15:25:04.444+0000] {logging_mixin.py:188} INFO - [2024-01-17T15:25:04.444+0000] {override.py:1769} INFO - Created Permission View: can edit on DAG:my_first_dag
[2024-01-17T15:25:04.589+0000] {logging_mixin.py:188} INFO - [2024-01-17T15:25:04.588+0000] {override.py:1769} INFO - Created Permission View: can read on DAG:my_first_dag
[2024-01-17T15:25:04.590+0000] {logging_mixin.py:188} INFO - [2024-01-17T15:25:04.589+0000] {dag.py:3033} INFO - Sync 1 DAGs
[2024-01-17T15:25:04.718+0000] {logging_mixin.py:188} INFO - [2024-01-17T15:25:04.718+0000] {dag.py:3055} INFO - Creating ORM DAG for my_first_dag
[2024-01-17T15:25:04.849+0000] {logging_mixin.py:188} INFO - [2024-01-17T15:25:04.848+0000] {dag.py:3820} INFO - Setting next_dagrun for my_first_dag to 2024-01-01T00:00:00+00:00, run_after=2024-01-02T00:00:00+00:00
[2024-01-17T15:25:05.017+0000] {processor.py:183} INFO - Processing /opt/airflow/dags/my_first_dags.py took 3.980 seconds
[2024-01-17T15:25:35.165+0000] {processor.py:161} INFO - Started process (PID=92) to work on /opt/airflow/dags/my_first_dags.py
[2024-01-17T15:25:35.172+0000] {processor.py:830} INFO - Processing file /opt/airflow/dags/my_first_dags.py for tasks to queue
[2024-01-17T15:25:35.175+0000] {logging_mixin.py:188} INFO - [2024-01-17T15:25:35.174+0000] {dagbag.py:538} INFO - Filling up the DagBag from /opt/airflow/dags/my_first_dags.py
[2024-01-17T15:25:35.183+0000] {processor.py:840} INFO - DAG(s) 'my_first_dag' retrieved from /opt/airflow/dags/my_first_dags.py
[2024-01-17T15:25:35.233+0000] {logging_mixin.py:188} INFO - [2024-01-17T15:25:35.233+0000] {dag.py:3033} INFO - Sync 1 DAGs
[2024-01-17T15:25:35.278+0000] {logging_mixin.py:188} INFO - [2024-01-17T15:25:35.277+0000] {dag.py:3820} INFO - Setting next_dagrun for my_first_dag to 2024-01-01T00:00:00+00:00, run_after=2024-01-02T00:00:00+00:00
[2024-01-17T15:25:35.362+0000] {processor.py:183} INFO - Processing /opt/airflow/dags/my_first_dags.py took 0.201 seconds
[2024-01-17T15:26:05.691+0000] {processor.py:161} INFO - Started process (PID=148) to work on /opt/airflow/dags/my_first_dags.py
[2024-01-17T15:26:05.697+0000] {processor.py:830} INFO - Processing file /opt/airflow/dags/my_first_dags.py for tasks to queue
[2024-01-17T15:26:05.703+0000] {logging_mixin.py:188} INFO - [2024-01-17T15:26:05.700+0000] {dagbag.py:538} INFO - Filling up the DagBag from /opt/airflow/dags/my_first_dags.py
[2024-01-17T15:26:05.721+0000] {processor.py:840} INFO - DAG(s) 'my_first_dag' retrieved from /opt/airflow/dags/my_first_dags.py
[2024-01-17T15:26:05.762+0000] {logging_mixin.py:188} INFO - [2024-01-17T15:26:05.762+0000] {dag.py:3033} INFO - Sync 1 DAGs
[2024-01-17T15:26:05.824+0000] {logging_mixin.py:188} INFO - [2024-01-17T15:26:05.823+0000] {dag.py:3820} INFO - Setting next_dagrun for my_first_dag to 2024-01-01T00:00:00+00:00, run_after=2024-01-02T00:00:00+00:00
[2024-01-17T15:26:05.885+0000] {processor.py:183} INFO - Processing /opt/airflow/dags/my_first_dags.py took 0.211 seconds
[2024-01-17T15:26:36.210+0000] {processor.py:161} INFO - Started process (PID=204) to work on /opt/airflow/dags/my_first_dags.py
[2024-01-17T15:26:36.227+0000] {processor.py:830} INFO - Processing file /opt/airflow/dags/my_first_dags.py for tasks to queue
[2024-01-17T15:26:36.230+0000] {logging_mixin.py:188} INFO - [2024-01-17T15:26:36.229+0000] {dagbag.py:538} INFO - Filling up the DagBag from /opt/airflow/dags/my_first_dags.py
[2024-01-17T15:26:36.252+0000] {processor.py:840} INFO - DAG(s) 'my_first_dag' retrieved from /opt/airflow/dags/my_first_dags.py
[2024-01-17T15:26:36.348+0000] {logging_mixin.py:188} INFO - [2024-01-17T15:26:36.337+0000] {dag.py:3033} INFO - Sync 1 DAGs
[2024-01-17T15:26:36.454+0000] {logging_mixin.py:188} INFO - [2024-01-17T15:26:36.453+0000] {dag.py:3820} INFO - Setting next_dagrun for my_first_dag to 2024-01-01T00:00:00+00:00, run_after=2024-01-02T00:00:00+00:00
[2024-01-17T15:26:36.534+0000] {processor.py:183} INFO - Processing /opt/airflow/dags/my_first_dags.py took 0.332 seconds
[2024-01-17T15:27:06.988+0000] {processor.py:161} INFO - Started process (PID=260) to work on /opt/airflow/dags/my_first_dags.py
[2024-01-17T15:27:06.996+0000] {processor.py:830} INFO - Processing file /opt/airflow/dags/my_first_dags.py for tasks to queue
[2024-01-17T15:27:06.999+0000] {logging_mixin.py:188} INFO - [2024-01-17T15:27:06.998+0000] {dagbag.py:538} INFO - Filling up the DagBag from /opt/airflow/dags/my_first_dags.py
[2024-01-17T15:27:07.034+0000] {processor.py:840} INFO - DAG(s) 'my_first_dag' retrieved from /opt/airflow/dags/my_first_dags.py
[2024-01-17T15:27:07.107+0000] {logging_mixin.py:188} INFO - [2024-01-17T15:27:07.107+0000] {dag.py:3033} INFO - Sync 1 DAGs
[2024-01-17T15:27:07.228+0000] {logging_mixin.py:188} INFO - [2024-01-17T15:27:07.227+0000] {dag.py:3820} INFO - Setting next_dagrun for my_first_dag to 2024-01-01T00:00:00+00:00, run_after=2024-01-02T00:00:00+00:00
[2024-01-17T15:27:07.364+0000] {processor.py:183} INFO - Processing /opt/airflow/dags/my_first_dags.py took 0.389 seconds
[2024-01-17T15:27:37.939+0000] {processor.py:161} INFO - Started process (PID=315) to work on /opt/airflow/dags/my_first_dags.py
[2024-01-17T15:27:37.947+0000] {processor.py:830} INFO - Processing file /opt/airflow/dags/my_first_dags.py for tasks to queue
[2024-01-17T15:27:37.950+0000] {logging_mixin.py:188} INFO - [2024-01-17T15:27:37.950+0000] {dagbag.py:538} INFO - Filling up the DagBag from /opt/airflow/dags/my_first_dags.py
[2024-01-17T15:27:37.968+0000] {processor.py:840} INFO - DAG(s) 'my_first_dag' retrieved from /opt/airflow/dags/my_first_dags.py
[2024-01-17T15:27:38.017+0000] {logging_mixin.py:188} INFO - [2024-01-17T15:27:38.017+0000] {dag.py:3033} INFO - Sync 1 DAGs
[2024-01-17T15:27:38.082+0000] {logging_mixin.py:188} INFO - [2024-01-17T15:27:38.081+0000] {dag.py:3820} INFO - Setting next_dagrun for my_first_dag to 2024-01-01T00:00:00+00:00, run_after=2024-01-02T00:00:00+00:00
[2024-01-17T15:27:38.216+0000] {processor.py:183} INFO - Processing /opt/airflow/dags/my_first_dags.py took 0.281 seconds
[2024-01-17T15:28:08.329+0000] {processor.py:161} INFO - Started process (PID=370) to work on /opt/airflow/dags/my_first_dags.py
[2024-01-17T15:28:08.331+0000] {processor.py:830} INFO - Processing file /opt/airflow/dags/my_first_dags.py for tasks to queue
[2024-01-17T15:28:08.334+0000] {logging_mixin.py:188} INFO - [2024-01-17T15:28:08.334+0000] {dagbag.py:538} INFO - Filling up the DagBag from /opt/airflow/dags/my_first_dags.py
[2024-01-17T15:28:08.344+0000] {processor.py:840} INFO - DAG(s) 'my_first_dag' retrieved from /opt/airflow/dags/my_first_dags.py
[2024-01-17T15:28:08.380+0000] {logging_mixin.py:188} INFO - [2024-01-17T15:28:08.380+0000] {dag.py:3033} INFO - Sync 1 DAGs
[2024-01-17T15:28:08.433+0000] {logging_mixin.py:188} INFO - [2024-01-17T15:28:08.433+0000] {dag.py:3820} INFO - Setting next_dagrun for my_first_dag to 2024-01-01T00:00:00+00:00, run_after=2024-01-02T00:00:00+00:00
[2024-01-17T15:28:08.481+0000] {processor.py:183} INFO - Processing /opt/airflow/dags/my_first_dags.py took 0.159 seconds
[2024-01-17T15:28:38.731+0000] {processor.py:161} INFO - Started process (PID=422) to work on /opt/airflow/dags/my_first_dags.py
[2024-01-17T15:28:38.752+0000] {processor.py:830} INFO - Processing file /opt/airflow/dags/my_first_dags.py for tasks to queue
[2024-01-17T15:28:38.762+0000] {logging_mixin.py:188} INFO - [2024-01-17T15:28:38.762+0000] {dagbag.py:538} INFO - Filling up the DagBag from /opt/airflow/dags/my_first_dags.py
[2024-01-17T15:28:38.822+0000] {processor.py:840} INFO - DAG(s) 'my_first_dag' retrieved from /opt/airflow/dags/my_first_dags.py
[2024-01-17T15:28:39.258+0000] {logging_mixin.py:188} INFO - [2024-01-17T15:28:39.258+0000] {dag.py:3033} INFO - Sync 1 DAGs
[2024-01-17T15:28:39.309+0000] {logging_mixin.py:188} INFO - [2024-01-17T15:28:39.309+0000] {dag.py:3820} INFO - Setting next_dagrun for my_first_dag to 2024-01-01T00:00:00+00:00, run_after=2024-01-02T00:00:00+00:00
[2024-01-17T15:28:39.354+0000] {processor.py:183} INFO - Processing /opt/airflow/dags/my_first_dags.py took 0.628 seconds
[2024-01-17T15:29:09.704+0000] {processor.py:161} INFO - Started process (PID=478) to work on /opt/airflow/dags/my_first_dags.py
[2024-01-17T15:29:09.705+0000] {processor.py:830} INFO - Processing file /opt/airflow/dags/my_first_dags.py for tasks to queue
[2024-01-17T15:29:09.707+0000] {logging_mixin.py:188} INFO - [2024-01-17T15:29:09.707+0000] {dagbag.py:538} INFO - Filling up the DagBag from /opt/airflow/dags/my_first_dags.py
[2024-01-17T15:29:09.712+0000] {processor.py:840} INFO - DAG(s) 'my_first_dag' retrieved from /opt/airflow/dags/my_first_dags.py
[2024-01-17T15:29:09.732+0000] {logging_mixin.py:188} INFO - [2024-01-17T15:29:09.732+0000] {dag.py:3033} INFO - Sync 1 DAGs
[2024-01-17T15:29:09.770+0000] {logging_mixin.py:188} INFO - [2024-01-17T15:29:09.770+0000] {dag.py:3820} INFO - Setting next_dagrun for my_first_dag to 2024-01-17T00:00:00+00:00, run_after=2024-01-18T00:00:00+00:00
[2024-01-17T15:29:09.801+0000] {processor.py:183} INFO - Processing /opt/airflow/dags/my_first_dags.py took 0.101 seconds
[2024-01-17T15:29:57.208+0000] {processor.py:161} INFO - Started process (PID=502) to work on /opt/airflow/dags/my_first_dags.py
[2024-01-17T15:29:57.213+0000] {processor.py:830} INFO - Processing file /opt/airflow/dags/my_first_dags.py for tasks to queue
[2024-01-17T15:29:57.232+0000] {logging_mixin.py:188} INFO - [2024-01-17T15:29:57.232+0000] {dagbag.py:538} INFO - Filling up the DagBag from /opt/airflow/dags/my_first_dags.py
[2024-01-17T15:29:57.266+0000] {processor.py:840} INFO - DAG(s) 'my_first_dag' retrieved from /opt/airflow/dags/my_first_dags.py
[2024-01-17T15:29:57.341+0000] {logging_mixin.py:188} INFO - [2024-01-17T15:29:57.339+0000] {dag.py:3033} INFO - Sync 1 DAGs
[2024-01-17T15:29:57.428+0000] {logging_mixin.py:188} INFO - [2024-01-17T15:29:57.428+0000] {dag.py:3820} INFO - Setting next_dagrun for my_first_dag to 2024-01-17T00:00:00+00:00, run_after=2024-01-18T00:00:00+00:00
[2024-01-17T15:29:57.576+0000] {processor.py:183} INFO - Processing /opt/airflow/dags/my_first_dags.py took 0.524 seconds
[2024-01-17T15:30:28.153+0000] {processor.py:161} INFO - Started process (PID=556) to work on /opt/airflow/dags/my_first_dags.py
[2024-01-17T15:30:28.158+0000] {processor.py:830} INFO - Processing file /opt/airflow/dags/my_first_dags.py for tasks to queue
[2024-01-17T15:30:28.183+0000] {logging_mixin.py:188} INFO - [2024-01-17T15:30:28.182+0000] {dagbag.py:538} INFO - Filling up the DagBag from /opt/airflow/dags/my_first_dags.py
[2024-01-17T15:30:28.194+0000] {processor.py:840} INFO - DAG(s) 'my_first_dag' retrieved from /opt/airflow/dags/my_first_dags.py
[2024-01-17T15:30:28.233+0000] {logging_mixin.py:188} INFO - [2024-01-17T15:30:28.232+0000] {dag.py:3033} INFO - Sync 1 DAGs
[2024-01-17T15:30:28.260+0000] {logging_mixin.py:188} INFO - [2024-01-17T15:30:28.259+0000] {dag.py:3820} INFO - Setting next_dagrun for my_first_dag to 2024-01-17T00:00:00+00:00, run_after=2024-01-18T00:00:00+00:00
[2024-01-17T15:30:28.280+0000] {processor.py:183} INFO - Processing /opt/airflow/dags/my_first_dags.py took 0.146 seconds
[2024-01-17T15:30:58.537+0000] {processor.py:161} INFO - Started process (PID=612) to work on /opt/airflow/dags/my_first_dags.py
[2024-01-17T15:30:58.551+0000] {processor.py:830} INFO - Processing file /opt/airflow/dags/my_first_dags.py for tasks to queue
[2024-01-17T15:30:58.555+0000] {logging_mixin.py:188} INFO - [2024-01-17T15:30:58.554+0000] {dagbag.py:538} INFO - Filling up the DagBag from /opt/airflow/dags/my_first_dags.py
[2024-01-17T15:30:58.572+0000] {processor.py:840} INFO - DAG(s) 'my_first_dag' retrieved from /opt/airflow/dags/my_first_dags.py
[2024-01-17T15:30:58.603+0000] {logging_mixin.py:188} INFO - [2024-01-17T15:30:58.602+0000] {dag.py:3033} INFO - Sync 1 DAGs
[2024-01-17T15:30:58.631+0000] {logging_mixin.py:188} INFO - [2024-01-17T15:30:58.631+0000] {dag.py:3820} INFO - Setting next_dagrun for my_first_dag to 2024-01-17T00:00:00+00:00, run_after=2024-01-18T00:00:00+00:00
[2024-01-17T15:30:58.652+0000] {processor.py:183} INFO - Processing /opt/airflow/dags/my_first_dags.py took 0.119 seconds
[2024-01-17T15:31:29.181+0000] {processor.py:161} INFO - Started process (PID=667) to work on /opt/airflow/dags/my_first_dags.py
[2024-01-17T15:31:29.183+0000] {processor.py:830} INFO - Processing file /opt/airflow/dags/my_first_dags.py for tasks to queue
[2024-01-17T15:31:29.187+0000] {logging_mixin.py:188} INFO - [2024-01-17T15:31:29.186+0000] {dagbag.py:538} INFO - Filling up the DagBag from /opt/airflow/dags/my_first_dags.py
[2024-01-17T15:31:29.193+0000] {processor.py:840} INFO - DAG(s) 'my_first_dag' retrieved from /opt/airflow/dags/my_first_dags.py
[2024-01-17T15:31:29.217+0000] {logging_mixin.py:188} INFO - [2024-01-17T15:31:29.216+0000] {dag.py:3033} INFO - Sync 1 DAGs
[2024-01-17T15:31:29.261+0000] {logging_mixin.py:188} INFO - [2024-01-17T15:31:29.261+0000] {dag.py:3820} INFO - Setting next_dagrun for my_first_dag to 2024-01-17T00:00:00+00:00, run_after=2024-01-18T00:00:00+00:00
[2024-01-17T15:31:29.436+0000] {processor.py:183} INFO - Processing /opt/airflow/dags/my_first_dags.py took 0.262 seconds
[2024-01-17T15:32:00.159+0000] {processor.py:161} INFO - Started process (PID=722) to work on /opt/airflow/dags/my_first_dags.py
[2024-01-17T15:32:00.160+0000] {processor.py:830} INFO - Processing file /opt/airflow/dags/my_first_dags.py for tasks to queue
[2024-01-17T15:32:00.163+0000] {logging_mixin.py:188} INFO - [2024-01-17T15:32:00.163+0000] {dagbag.py:538} INFO - Filling up the DagBag from /opt/airflow/dags/my_first_dags.py
[2024-01-17T15:32:00.168+0000] {processor.py:840} INFO - DAG(s) 'my_first_dag' retrieved from /opt/airflow/dags/my_first_dags.py
[2024-01-17T15:32:00.193+0000] {logging_mixin.py:188} INFO - [2024-01-17T15:32:00.193+0000] {dag.py:3033} INFO - Sync 1 DAGs
[2024-01-17T15:32:00.228+0000] {logging_mixin.py:188} INFO - [2024-01-17T15:32:00.227+0000] {dag.py:3820} INFO - Setting next_dagrun for my_first_dag to 2024-01-17T00:00:00+00:00, run_after=2024-01-18T00:00:00+00:00
[2024-01-17T15:32:00.261+0000] {processor.py:183} INFO - Processing /opt/airflow/dags/my_first_dags.py took 0.105 seconds
[2024-01-17T15:32:31.060+0000] {processor.py:161} INFO - Started process (PID=778) to work on /opt/airflow/dags/my_first_dags.py
[2024-01-17T15:32:31.064+0000] {processor.py:830} INFO - Processing file /opt/airflow/dags/my_first_dags.py for tasks to queue
[2024-01-17T15:32:31.077+0000] {logging_mixin.py:188} INFO - [2024-01-17T15:32:31.075+0000] {dagbag.py:538} INFO - Filling up the DagBag from /opt/airflow/dags/my_first_dags.py
[2024-01-17T15:32:31.099+0000] {processor.py:840} INFO - DAG(s) 'my_first_dag' retrieved from /opt/airflow/dags/my_first_dags.py
[2024-01-17T15:32:31.134+0000] {logging_mixin.py:188} INFO - [2024-01-17T15:32:31.134+0000] {dag.py:3033} INFO - Sync 1 DAGs
[2024-01-17T15:32:31.163+0000] {logging_mixin.py:188} INFO - [2024-01-17T15:32:31.163+0000] {dag.py:3820} INFO - Setting next_dagrun for my_first_dag to 2024-01-17T00:00:00+00:00, run_after=2024-01-18T00:00:00+00:00
[2024-01-17T15:32:31.227+0000] {processor.py:183} INFO - Processing /opt/airflow/dags/my_first_dags.py took 0.186 seconds
